#                                                                                  --- full sequence --- -------------- this domain -------------   hmm coord   ali coord   env coord
# target name              accession   tlen query name           accession   qlen   E-value  score  bias   #  of  c-Evalue  i-Evalue  score  bias  from    to  from    to  from    to  acc description of target
#      ------------------- ---------- ----- -------------------- ---------- ----- --------- ------ ----- --- --- --------- --------- ------ ----- ----- ----- ----- ----- ----- ----- ---- ---------------------
scaffold_28:282754-284250  -            417 858842at2759         -            236     1e-50  169.7  31.0   1   2   1.5e-42   1.2e-40  136.8  19.0     2   202    13   213    12   245 0.79 -
scaffold_28:282754-284250  -            417 858842at2759         -            236     1e-50  169.7  31.0   2   2   1.8e-11   1.4e-09   35.1   4.0   186   234   350   399   323   401 0.86 -
scaffold_917:50063-50284   -             74 858842at2759         -            236   6.4e-23   78.7   2.0   1   1   8.7e-25   6.7e-23   78.7   2.0     2    68     1    70     1    74 0.91 -
scaffold_773:2680-2943     -             88 858842at2759         -            236   1.5e-22   77.5   0.1   1   1   2.2e-24   1.7e-22   77.4   0.1     3    69    10    77     8    83 0.92 -
scaffold_43:69616-70818    -            366 858842at2759         -            236   4.6e-22   75.9   1.6   1   1   9.3e-24   7.1e-22   75.3   1.6     3    71    19    85    17    94 0.93 -
scaffold_169:230081-230974 -            298 858842at2759         -            236   5.2e-22   75.7   0.1   1   2   6.8e-24   5.2e-22   75.7   0.1     5    71     1    62     1    92 0.94 -
scaffold_169:230081-230974 -            298 858842at2759         -            236   5.2e-22   75.7   0.1   2   2       5.5   4.3e+02   -2.5   0.2   176   202   134   160   129   177 0.70 -
scaffold_109:206461-206805 -            115 858842at2759         -            236   9.6e-22   74.9   0.2   1   1   1.5e-23   1.1e-21   74.6   0.2     3    72    11    78     9    82 0.93 -
scaffold_211:93741-94955   -            405 858842at2759         -            236   3.4e-21   73.1   0.3   1   1   1.3e-22   9.7e-21   71.6   0.3     2    75     5    77     4    95 0.91 -
scaffold_145:123995-124330 -            112 858842at2759         -            236   3.4e-20   69.8   0.6   1   1     5e-22   3.9e-20   69.6   0.6     2    71    11    78    10    94 0.93 -
scaffold_219:143465-143650 -             62 858842at2759         -            236   4.6e-20   69.4   2.0   1   1   6.5e-22     5e-20   69.3   2.0     5    66     2    62     1    62 0.95 -
scaffold_150:261394-261720 -            109 858842at2759         -            236   2.5e-19   67.0   0.7   1   1   3.9e-21     3e-19   66.7   0.7     4    69    34   105    32   109 0.89 -
scaffold_30:354461-354658  -             66 858842at2759         -            236   5.8e-19   65.8   0.4   1   1   8.2e-21   6.3e-19   65.6   0.4     5    66     1    66     1    66 0.90 -
scaffold_19:317714-318460  -            249 858842at2759         -            236   6.5e-19   65.6   7.5   1   2   9.2e-15   7.1e-13   45.8   0.1     4    98     1    92     1    97 0.85 -
scaffold_19:317714-318460  -            249 858842at2759         -            236   6.5e-19   65.6   7.5   2   2   2.6e-07     2e-05   21.4   3.9   103   195   148   247   128   249 0.84 -
scaffold_1625:8184-9857    -            558 858842at2759         -            236   1.8e-18   64.1   0.6   1   1   2.4e-20   1.8e-18   64.1   0.6     3    72   174   242   172   266 0.86 -
scaffold_466:43980-45116   -            379 858842at2759         -            236   2.2e-18   63.9   2.8   1   2   4.6e-20   3.5e-18   63.2   0.1     2    69     4    70     3    97 0.86 -
scaffold_466:43980-45116   -            379 858842at2759         -            236   2.2e-18   63.9   2.8   2   2      0.93        71    0.0   0.6   138   173   152   186   110   219 0.64 -
scaffold_108:126088-127062 -            325 858842at2759         -            236   3.9e-18   63.1   0.2   1   2   1.7e-19   1.3e-17   61.4   0.0     3    67     5    65     3    77 0.93 -
scaffold_108:126088-127062 -            325 858842at2759         -            236   3.9e-18   63.1   0.2   2   2       2.3   1.8e+02   -1.3   0.0   205   232    90   117    80   123 0.73 -
scaffold_91:71243-72863    -            385 858842at2759         -            236   5.3e-18   62.6   1.5   1   1   1.1e-19   8.7e-18   61.9   1.5     3    67     5    62     3    66 0.94 -
scaffold_192:184691-185963 -            303 858842at2759         -            236   2.4e-17   60.5   0.3   1   1   4.3e-19   3.3e-17   60.0   0.3     2    75     6    74     5    89 0.89 -
scaffold_917:33529-33681   -             51 858842at2759         -            236   3.2e-16   56.8   0.2   1   1   4.2e-18   3.2e-16   56.8   0.2     2    51     1    50     1    51 0.92 -
scaffold_371:79842-80705   -            288 858842at2759         -            236   4.6e-16   56.3   0.1   1   1   7.9e-18   6.1e-16   55.9   0.1     5    60     1    60     1    98 0.88 -
scaffold_1098:46632-48220  -            357 858842at2759         -            236   7.2e-16   55.7   0.0   1   1   1.5e-17   1.1e-15   55.0   0.0     4    67     2    63     1    69 0.88 -
scaffold_770:41925-42125   -             67 858842at2759         -            236   1.2e-15   55.0   1.4   1   1   1.6e-17   1.2e-15   54.9   1.4     4    66     2    67     1    67 0.90 -
scaffold_355:71987-72457   -            157 858842at2759         -            236   1.7e-14   51.2   4.0   1   2   6.8e-10   5.2e-08   29.9   0.1     3    35     2    34     1    40 0.95 -
scaffold_355:71987-72457   -            157 858842at2759         -            236   1.7e-14   51.2   4.0   2   2   1.7e-07   1.3e-05   22.1   0.7    37    72    58    93    52   102 0.83 -
scaffold_18:42677-42820    -             48 858842at2759         -            236   2.8e-14   50.4   0.4   1   1   3.9e-16     3e-14   50.3   0.4     6    55     1    48     1    48 0.96 -
scaffold_354:33958-34359   -            134 858842at2759         -            236   1.6e-12   44.7   4.2   1   2   2.4e-08   1.8e-06   24.8   0.5    15    42     3    30     1    36 0.88 -
scaffold_354:33958-34359   -            134 858842at2759         -            236   1.6e-12   44.7   4.2   2   2   2.1e-07   1.6e-05   21.8   0.2    39    99    51   111    38   126 0.88 -
scaffold_394:64696-64812   -             39 858842at2759         -            236   2.8e-11   40.6   0.2   1   1   3.8e-13   2.9e-11   40.6   0.2    27    63     1    39     1    39 0.89 -
scaffold_68:154024-154179  -             52 858842at2759         -            236     3e-11   40.5   0.0   1   1     4e-13   3.1e-11   40.5   0.0     5    54     2    50     1    52 0.93 -
scaffold_64:34713-34925    -             71 858842at2759         -            236   3.1e-11   40.5   0.5   1   1   4.4e-13   3.4e-11   40.3   0.5    30    70     1    40     1    53 0.85 -
scaffold_27:381981-382112  -             44 858842at2759         -            236   2.8e-10   37.3   0.0   1   1   3.9e-12     3e-10   37.3   0.0    18    57     1    43     1    44 0.90 -
scaffold_394:36080-36262   -             61 858842at2759         -            236   1.9e-09   34.6   0.0   1   1   2.6e-11     2e-09   34.6   0.0     5    58     1    57     1    61 0.80 -
scaffold_353:10557-10712   -             52 858842at2759         -            236   4.1e-08   30.3   0.2   1   1   5.6e-10   4.3e-08   30.2   0.2    12    56     9    52     2    52 0.90 -
scaffold_135:111036-111704 -            223 858842at2759         -            236   1.1e-05   22.3   0.0   1   1   5.6e-07   4.3e-05   20.4   0.0     3    64     3    77     1    83 0.69 -
scaffold_618:27139-28161   -            341 858842at2759         -            236   0.00031   17.5   0.0   1   1   6.3e-06   0.00048   16.9   0.0    40    67    13    40     6    48 0.88 -
#
# Program:         hmmsearch
# Version:         3.1b2 (February 2015)
# Pipeline mode:   SEARCH
# Query file:      /Users/aholzer/ownCloud/PhD/Publications/2021 Liavero-Pasquina et al./analysis/TPP_aptamer_search/busco_downloads/lineages/eukaryota_odb10/hmms/858842at2759.hmm
# Target file:     /Users/aholzer/ownCloud/PhD/Publications/2021 Liavero-Pasquina et al./analysis/TPP_aptamer_search/genomes/BUSCO_eukaryota_obd10/Pseudo-nitzschia_multiseries_Psemu1/run_eukaryota_odb10/metaeuk_output/initial_results/Psemu1_AssemblyScaffolds_Repeatmasked.fna.modified.fas
# Option settings: hmmsearch --domtblout /Users/aholzer/ownCloud/PhD/Publications/2021 Liavero-Pasquina et al./analysis/TPP_aptamer_search/genomes/BUSCO_eukaryota_obd10/Pseudo-nitzschia_multiseries_Psemu1/run_eukaryota_odb10/hmmer_output/initial_run_results/858842at2759.out --cpu 1 /Users/aholzer/ownCloud/PhD/Publications/2021 Liavero-Pasquina et al./analysis/TPP_aptamer_search/busco_downloads/lineages/eukaryota_odb10/hmms/858842at2759.hmm /Users/aholzer/ownCloud/PhD/Publications/2021 Liavero-Pasquina et al./analysis/TPP_aptamer_search/genomes/BUSCO_eukaryota_obd10/Pseudo-nitzschia_multiseries_Psemu1/run_eukaryota_odb10/metaeuk_output/initial_results/Psemu1_AssemblyScaffolds_Repeatmasked.fna.modified.fas 
# Current dir:     /Users/aholzer/ownCloud/PhD/Publications/2021 Liavero-Pasquina et al./analysis/TPP_aptamer_search
# Date:            Sun Apr 18 00:11:11 2021
# [ok]
