#                                                                                  --- full sequence --- -------------- this domain -------------   hmm coord   ali coord   env coord
# target name              accession   tlen query name           accession   qlen   E-value  score  bias   #  of  c-Evalue  i-Evalue  score  bias  from    to  from    to  from    to  acc description of target
#      ------------------- ---------- ----- -------------------- ---------- ----- --------- ------ ----- --- --- --------- --------- ------ ----- ----- ----- ----- ----- ----- ----- ---- ---------------------
WKLE02003353_1:5450-7583   -            645 3834at33634          -            493  1.3e-161  532.6  15.8   1   4   3.4e-13   3.7e-12   39.7   0.1    14    55     3    48     1    52 0.87 -
WKLE02003353_1:5450-7583   -            645 3834at33634          -            493  1.3e-161  532.6  15.8   2   4   4.3e-34   4.6e-33  108.6   1.4    56   242    70   317    66   332 0.78 -
WKLE02003353_1:5450-7583   -            645 3834at33634          -            493  1.3e-161  532.6  15.8   3   4   4.8e-25   5.2e-24   78.8   0.1   235   347   337   464   322   469 0.89 -
WKLE02003353_1:5450-7583   -            645 3834at33634          -            493  1.3e-161  532.6  15.8   4   4     9e-96   9.8e-95  312.1   1.0   325   493   473   645   463   645 0.91 -
WKLE02000738_1:4555-5964   -            470 3834at33634          -            493   4.6e-53  174.6   0.1   1   1   5.7e-54   6.2e-53  174.2   0.1   322   493   266   445   248   445 0.87 -
WKLE02000682_1:141-1343    -            401 3834at33634          -            493   1.3e-16   54.4   0.3   1   8     0.001     0.011    8.4   0.0    46   101     2    60     1    73 0.84 -
WKLE02000682_1:141-1343    -            401 3834at33634          -            493   1.3e-16   54.4   0.3   2   8    0.0011     0.012    8.3   0.0    38    99    78   142    63   159 0.83 -
WKLE02000682_1:141-1343    -            401 3834at33634          -            493   1.3e-16   54.4   0.3   3   8   0.00026    0.0028   10.4   0.0    38   101   120   186   105   202 0.84 -
WKLE02000682_1:141-1343    -            401 3834at33634          -            493   1.3e-16   54.4   0.3   4   8   7.9e-05   0.00086   12.1   0.0    39   101   163   228   157   243 0.85 -
WKLE02000682_1:141-1343    -            401 3834at33634          -            493   1.3e-16   54.4   0.3   5   8   9.4e-05     0.001   11.9   0.0    37    95   203   264   188   277 0.85 -
WKLE02000682_1:141-1343    -            401 3834at33634          -            493   1.3e-16   54.4   0.3   6   8   7.9e-05   0.00086   12.1   0.0    37   102   245   313   226   330 0.84 -
WKLE02000682_1:141-1343    -            401 3834at33634          -            493   1.3e-16   54.4   0.3   7   8   4.1e-05   0.00044   13.0   0.1    38    96   288   349   273   367 0.84 -
WKLE02000682_1:141-1343    -            401 3834at33634          -            493   1.3e-16   54.4   0.3   8   8      0.01      0.11    5.2   0.0    39    94   331   389   329   396 0.84 -
WKLE02002901_1:9815-10663  -            283 3834at33634          -            493   6.9e-12   38.8   0.4   1   4    0.0014     0.015    8.0   0.0    33    70    12    49     2    56 0.82 -
WKLE02002901_1:9815-10663  -            283 3834at33634          -            493   6.9e-12   38.8   0.4   2   4     1e-06   1.1e-05   18.3   0.0    34   104    55   128    49   147 0.81 -
WKLE02002901_1:9815-10663  -            283 3834at33634          -            493   6.9e-12   38.8   0.4   3   4   0.00072    0.0078    8.9   0.0    30    85   183   239   156   261 0.82 -
WKLE02002901_1:9815-10663  -            283 3834at33634          -            493   6.9e-12   38.8   0.4   4   4    0.0039     0.042    6.5   0.0    23    84   219   280   215   282 0.78 -
WKLE02000872_1:9601-10431  -            277 3834at33634          -            493   3.3e-11   36.6   4.1   1   4   0.00061    0.0067    9.2   0.0    37    80    21    65     7    69 0.88 -
WKLE02000872_1:9601-10431  -            277 3834at33634          -            493   3.3e-11   36.6   4.1   2   4    0.0043     0.047    6.4   0.0    37    77    63   104    62   105 0.91 -
WKLE02000872_1:9601-10431  -            277 3834at33634          -            493   3.3e-11   36.6   4.1   3   4   2.2e-05   0.00024   14.0   0.1    36    95   104   166    91   173 0.81 -
WKLE02000872_1:9601-10431  -            277 3834at33634          -            493   3.3e-11   36.6   4.1   4   4    0.0005    0.0054    9.5   0.1    36    94   195   256   186   273 0.83 -
WKLE02002997_1:24789-25574 -            262 3834at33634          -            493   6.8e-11   35.5   6.9   1   4     0.021      0.23    4.1   0.0    45   102     8    67     1    78 0.63 -
WKLE02002997_1:24789-25574 -            262 3834at33634          -            493   6.8e-11   35.5   6.9   2   4   4.2e-07   4.5e-06   19.6   0.1    39    90    84   137    75   146 0.85 -
WKLE02002997_1:24789-25574 -            262 3834at33634          -            493   6.8e-11   35.5   6.9   3   4     0.049      0.53    2.9   0.1    27    73   154   200   149   206 0.84 -
WKLE02002997_1:24789-25574 -            262 3834at33634          -            493   6.8e-11   35.5   6.9   4   4   8.9e-05   0.00097   11.9   0.4    27    90   192   261   190   262 0.75 -
WKLE02001713_1:75-671      -            199 3834at33634          -            493   1.1e-10   34.8   1.0   1   4   0.00075    0.0082    8.9   0.0    37    84    18    65     2    77 0.85 -
WKLE02001713_1:75-671      -            199 3834at33634          -            493   1.1e-10   34.8   1.0   2   4   0.00019    0.0021   10.8   0.1    36    94    58   119    43   127 0.80 -
WKLE02001713_1:75-671      -            199 3834at33634          -            493   1.1e-10   34.8   1.0   3   4   0.00029    0.0031   10.3   0.1    27    77    87   142    78   143 0.81 -
WKLE02001713_1:75-671      -            199 3834at33634          -            493   1.1e-10   34.8   1.0   4   4   5.5e-06     6e-05   15.9   0.2    25    82   130   189   123   195 0.77 -
WKLE02006381_1:628-1416    -            263 3834at33634          -            493     2e-10   34.0   0.0   1   5     0.055      0.59    2.7   0.0    67   107     5    47     2    55 0.78 -
WKLE02006381_1:628-1416    -            263 3834at33634          -            493     2e-10   34.0   0.0   2   5   6.4e-05   0.00069   12.4   0.0    37   103    58   127    42   139 0.83 -
WKLE02006381_1:628-1416    -            263 3834at33634          -            493     2e-10   34.0   0.0   3   5   0.00056    0.0061    9.3   0.0    39    93   102   159    85   165 0.84 -
WKLE02006381_1:628-1416    -            263 3834at33634          -            493     2e-10   34.0   0.0   4   5   0.00051    0.0056    9.4   0.0    37   101   142   209   127   215 0.82 -
WKLE02006381_1:628-1416    -            263 3834at33634          -            493     2e-10   34.0   0.0   5   5    0.0002    0.0021   10.8   0.0    37   102   184   252   170   261 0.86 -
WKLE02000365_1:2323-3054   -            244 3834at33634          -            493   1.4e-09   31.2   1.2   1   3   8.2e-06   8.9e-05   15.3   0.0    32   101    18    89     5   103 0.79 -
WKLE02000365_1:2323-3054   -            244 3834at33634          -            493   1.4e-09   31.2   1.2   2   3   0.00099     0.011    8.5   0.1    30    89    98   159    88   164 0.76 -
WKLE02000365_1:2323-3054   -            244 3834at33634          -            493   1.4e-09   31.2   1.2   3   3     0.014      0.15    4.7   0.0    27    89   175   243   165   244 0.74 -
WKLE02004041_1:6732-7535   -            268 3834at33634          -            493   1.4e-09   31.2   4.6   1   4     0.023      0.25    4.0   0.2    65    94    25    56    12    74 0.68 -
WKLE02004041_1:6732-7535   -            268 3834at33634          -            493   1.4e-09   31.2   4.6   2   4      0.01      0.11    5.2   0.1    23    77    73   129    67   130 0.80 -
WKLE02004041_1:6732-7535   -            268 3834at33634          -            493   1.4e-09   31.2   4.6   3   4   4.2e-06   4.6e-05   16.3   0.0    36    93   129   189   116   195 0.83 -
WKLE02004041_1:6732-7535   -            268 3834at33634          -            493   1.4e-09   31.2   4.6   4   4    0.0043     0.047    6.4   0.0    33    79   219   266   208   268 0.80 -
WKLE02004956_1:184-1104    -            307 3834at33634          -            493   1.6e-09   31.0   0.2   1   4     0.004     0.043    6.5   0.0    58   112    28    82    22    88 0.86 -
WKLE02004956_1:184-1104    -            307 3834at33634          -            493   1.6e-09   31.0   0.2   2   4    0.0067     0.073    5.7   0.0    33    99    83   151    72   163 0.79 -
WKLE02004956_1:184-1104    -            307 3834at33634          -            493   1.6e-09   31.0   0.2   3   4    0.0003    0.0032   10.2   0.0    32   100   123   193   106   206 0.80 -
WKLE02004956_1:184-1104    -            307 3834at33634          -            493   1.6e-09   31.0   0.2   4   4   0.00033    0.0036   10.0   0.0    30    91   244   307   232   307 0.87 -
WKLE02002159_1:7917-8546   -            210 3834at33634          -            493     2e-09   30.7   0.3   1   3     2e-05   0.00021   14.1   0.1    29    97     8    79     2    93 0.81 -
WKLE02002159_1:7917-8546   -            210 3834at33634          -            493     2e-09   30.7   0.3   2   3   0.00023    0.0025   10.6   0.0    36    98    57   122    49   138 0.80 -
WKLE02002159_1:7917-8546   -            210 3834at33634          -            493     2e-09   30.7   0.3   3   3   0.00062    0.0067    9.2   0.0    37    85   143   192   135   203 0.87 -
WKLE02000786_1:23957-24736 -            260 3834at33634          -            493   2.2e-09   30.6   0.3   1   3     0.067      0.73    2.4   0.0    67   102     7    44     1    64 0.76 -
WKLE02000786_1:23957-24736 -            260 3834at33634          -            493   2.2e-09   30.6   0.3   2   3    0.0017     0.018    7.7   0.1    36   106    91   164    81   175 0.80 -
WKLE02000786_1:23957-24736 -            260 3834at33634          -            493   2.2e-09   30.6   0.3   3   3     2e-06   2.2e-05   17.4   0.0    33    94   188   252   179   260 0.88 -
WKLE02003470_1:18993-19601 -            203 3834at33634          -            493   5.9e-09   29.1   0.1   1   4     0.038      0.42    3.2   0.0    66    94     6    36     2    44 0.71 -
WKLE02003470_1:18993-19601 -            203 3834at33634          -            493   5.9e-09   29.1   0.1   2   4    0.0003    0.0033   10.2   0.0    30    84    53   108    40   126 0.81 -
WKLE02003470_1:18993-19601 -            203 3834at33634          -            493   5.9e-09   29.1   0.1   3   4      0.02      0.22    4.2   0.0    37    76   102   142    98   145 0.85 -
WKLE02003470_1:18993-19601 -            203 3834at33634          -            493   5.9e-09   29.1   0.1   4   4   9.9e-05    0.0011   11.8   0.0    32    86   140   195   130   203 0.80 -
WKLE02001454_1:14859-15737 -            293 3834at33634          -            493   6.4e-09   29.0   3.8   1   3   8.9e-07   9.7e-06   18.5   0.4    33    98    19    86     5   103 0.78 -
WKLE02001454_1:14859-15737 -            293 3834at33634          -            493   6.4e-09   29.0   3.8   2   3     0.022      0.24    4.1   0.0     9    92    74   162    69   188 0.70 -
WKLE02001454_1:14859-15737 -            293 3834at33634          -            493   6.4e-09   29.0   3.8   3   3   0.00056    0.0061    9.3   0.2    26    92   173   244   152   263 0.75 -
WKLE02001443_1:40912-41751 -            280 3834at33634          -            493   4.1e-08   26.3   0.7   1   4    0.0003    0.0032   10.2   0.1    37    85    17    66     8    81 0.83 -
WKLE02001443_1:40912-41751 -            280 3834at33634          -            493   4.1e-08   26.3   0.7   2   4     0.018      0.19    4.3   0.0    31    92    96   159    78   172 0.80 -
WKLE02001443_1:40912-41751 -            280 3834at33634          -            493   4.1e-08   26.3   0.7   3   4     0.006     0.066    5.9   0.0    30    90   177   239   171   243 0.74 -
WKLE02001443_1:40912-41751 -            280 3834at33634          -            493   4.1e-08   26.3   0.7   4   4     0.015      0.16    4.6   0.0    39    89   227   279   216   280 0.76 -
WKLE02000285_1:30320-31120 -            267 3834at33634          -            493   4.2e-08   26.3   4.1   1   4      0.31       3.4    0.2   0.0    39    68     1    30     1    50 0.82 -
WKLE02000285_1:30320-31120 -            267 3834at33634          -            493   4.2e-08   26.3   4.1   2   4     9e-05   0.00098   11.9   0.1    32   102    51   122    40   137 0.71 -
WKLE02000285_1:30320-31120 -            267 3834at33634          -            493   4.2e-08   26.3   4.1   3   4      0.17       1.9    1.1   0.2   325   376   152   203   142   209 0.81 -
WKLE02000285_1:30320-31120 -            267 3834at33634          -            493   4.2e-08   26.3   4.1   4   4    0.0002    0.0022   10.8   0.0    36    81   213   258   206   267 0.78 -
WKLE02000079_1:48762-49616 -            285 3834at33634          -            493     8e-08   25.4   0.2   1   2    0.0012     0.013    8.2   0.0    37   112    20    97    11   106 0.78 -
WKLE02000079_1:48762-49616 -            285 3834at33634          -            493     8e-08   25.4   0.2   2   2   1.4e-05   0.00016   14.5   0.0    27    85   172   235   161   285 0.86 -
WKLE02000159_1:22732-23502 -            257 3834at33634          -            493   2.1e-07   24.0   0.0   1   2   0.00038    0.0042    9.8   0.0   127   206    79   162    73   167 0.85 -
WKLE02000159_1:22732-23502 -            257 3834at33634          -            493   2.1e-07   24.0   0.0   2   2   0.00014    0.0015   11.3   0.0    38    93   182   240   175   249 0.80 -
WKLE02003975_1:2097-2645   -            183 3834at33634          -            493   1.8e-06   20.9   0.0   1   2   0.00012    0.0013   11.5   0.0    37   110    22    99    17   107 0.76 -
WKLE02003975_1:2097-2645   -            183 3834at33634          -            493   1.8e-06   20.9   0.0   2   2    0.0011     0.012    8.3   0.0    38    77   108   149    92   164 0.74 -
WKLE02005232_1:16244-16918 -            225 3834at33634          -            493   2.6e-06   20.4   1.5   1   3    0.0091     0.099    5.3   0.1    36    67    16    47     3   102 0.64 -
WKLE02005232_1:16244-16918 -            225 3834at33634          -            493   2.6e-06   20.4   1.5   2   3   6.4e-05   0.00069   12.4   0.2    31    97   101   169    87   186 0.84 -
WKLE02005232_1:16244-16918 -            225 3834at33634          -            493   2.6e-06   20.4   1.5   3   3         2        22   -2.4   0.0    39    52   202   215   197   222 0.66 -
WKLE02003969_1:476-1234    -            253 3834at33634          -            493   3.3e-06   20.0   0.0   1   3   1.6e-05   0.00017   14.4   0.0    24    92    53   124    47   134 0.86 -
WKLE02003969_1:476-1234    -            253 3834at33634          -            493   3.3e-06   20.0   0.0   2   3     0.064       0.7    2.5   0.0    39    85   158   205   140   216 0.85 -
WKLE02003969_1:476-1234    -            253 3834at33634          -            493   3.3e-06   20.0   0.0   3   3       0.3       3.3    0.3   0.0    42    91   203   253   191   253 0.79 -
WKLE02000881_1:1589-2260   -            224 3834at33634          -            493   7.4e-06   18.9   0.1   1   2   0.00044    0.0048    9.6   0.1    39    94    17    74     2   102 0.80 -
WKLE02000881_1:1589-2260   -            224 3834at33634          -            493   7.4e-06   18.9   0.1   2   2    0.0016     0.017    7.8   0.0    28    92   126   192    95   215 0.79 -
WKLE02000178_1:15846-16418 -            191 3834at33634          -            493   2.6e-05   17.1   0.1   1   3       1.9        21   -2.4   0.0   178   200    10    32     7    35 0.74 -
WKLE02000178_1:15846-16418 -            191 3834at33634          -            493   2.6e-05   17.1   0.1   2   3    0.0014     0.016    7.9   0.0    34    98    52   118    47   133 0.75 -
WKLE02000178_1:15846-16418 -            191 3834at33634          -            493   2.6e-05   17.1   0.1   3   3    0.0029     0.032    6.9   0.0    35    83   134   185   123   191 0.68 -
WKLE02001794_1:13306-13821 -            172 3834at33634          -            493   3.9e-05   16.5   0.7   1   3    0.0053     0.057    6.1   0.1    30    94    28    94     2   117 0.63 -
WKLE02001794_1:13306-13821 -            172 3834at33634          -            493   3.9e-05   16.5   0.7   2   3   0.00044    0.0048    9.6   0.1    37   107    76   146    58   154 0.55 -
WKLE02001794_1:13306-13821 -            172 3834at33634          -            493   3.9e-05   16.5   0.7   3   3    0.0011     0.012    8.3   0.1    36    70   117   151   100   172 0.78 -
WKLE02005497_1:7132-8391   -            420 3834at33634          -            493   0.00021   14.1   0.3   1   3     0.004     0.044    6.5   0.0    27    90   133   201   109   210 0.79 -
WKLE02005497_1:7132-8391   -            420 3834at33634          -            493   0.00021   14.1   0.3   2   3      0.34       3.7    0.1   0.0   183   210   229   256   212   265 0.87 -
WKLE02005497_1:7132-8391   -            420 3834at33634          -            493   0.00021   14.1   0.3   3   3     0.054      0.58    2.8   0.0    30    90   308   374   295   389 0.77 -
WKLE02000293_1:20505-21182 -            226 3834at33634          -            493    0.0012   11.6   0.0   1   3       0.1       1.1    1.8   0.0    38    92    14    70     9    76 0.77 -
WKLE02000293_1:20505-21182 -            226 3834at33634          -            493    0.0012   11.6   0.0   2   3     0.083       0.9    2.1   0.0    42    94   102   157    96   163 0.79 -
WKLE02000293_1:20505-21182 -            226 3834at33634          -            493    0.0012   11.6   0.0   3   3     0.028       0.3    3.7   0.0    39    65   194   220   188   224 0.82 -
WKLE02006493_1:1429-1953   -            175 3834at33634          -            493    0.0021   10.8   0.1   1   2     0.009     0.098    5.3   0.0    39    93    70   127    63   144 0.78 -
WKLE02006493_1:1429-1953   -            175 3834at33634          -            493    0.0021   10.8   0.1   2   2     0.029      0.31    3.7   0.0    37    52   153   168   125   173 0.83 -
#
# Program:         hmmsearch
# Version:         3.1b2 (February 2015)
# Pipeline mode:   SEARCH
# Query file:      /Users/aholzer/ownCloud/PhD/Publications/2021 Liavero-Pasquina et al./analysis/TPP_aptamer_search/busco_downloads/lineages/stramenopiles_odb10/hmms/3834at33634.hmm
# Target file:     /Users/aholzer/ownCloud/PhD/Publications/2021 Liavero-Pasquina et al./analysis/TPP_aptamer_search/genomes/BUSCO/Asterionellopsis_glacialis_ASM1488511v2/run_stramenopiles_odb10/metaeuk_output/initial_results/GCA_014885115.2_ASM1488511v2_genomic.fna.modified.fas
# Option settings: hmmsearch --domtblout /Users/aholzer/ownCloud/PhD/Publications/2021 Liavero-Pasquina et al./analysis/TPP_aptamer_search/genomes/BUSCO/Asterionellopsis_glacialis_ASM1488511v2/run_stramenopiles_odb10/hmmer_output/initial_run_results/3834at33634.out --cpu 1 /Users/aholzer/ownCloud/PhD/Publications/2021 Liavero-Pasquina et al./analysis/TPP_aptamer_search/busco_downloads/lineages/stramenopiles_odb10/hmms/3834at33634.hmm /Users/aholzer/ownCloud/PhD/Publications/2021 Liavero-Pasquina et al./analysis/TPP_aptamer_search/genomes/BUSCO/Asterionellopsis_glacialis_ASM1488511v2/run_stramenopiles_odb10/metaeuk_output/initial_results/GCA_014885115.2_ASM1488511v2_genomic.fna.modified.fas 
# Current dir:     /Users/aholzer/ownCloud/PhD/Publications/2021 Liavero-Pasquina et al./analysis/TPP_aptamer_search
# Date:            Fri Apr 16 14:41:46 2021
# [ok]
