#                                                                                  --- full sequence --- -------------- this domain -------------   hmm coord   ali coord   env coord
# target name              accession   tlen query name           accession   qlen   E-value  score  bias   #  of  c-Evalue  i-Evalue  score  bias  from    to  from    to  from    to  acc description of target
#      ------------------- ---------- ----- -------------------- ---------- ----- --------- ------ ----- --- --- --------- --------- ------ ----- ----- ----- ----- ----- ----- ----- ---- ---------------------
WKLE02000105_1:61065-63296 -            744 6436at33634          -            420  9.5e-108  354.6   0.0   1   1  1.7e-108  1.4e-107  354.0   0.0     8   408    62   496    57   508 0.91 -
WKLE02004667_1:8921-10138  -            406 6436at33634          -            420   1.3e-79  262.0   0.1   1   1     2e-80   1.7e-79  261.6   0.1    13   339    32   384    24   399 0.86 -
WKLE02000708_1:19831-21228 -            466 6436at33634          -            420   6.3e-74  243.2   0.3   1   1     1e-74   8.5e-74  242.8   0.3    11   405    28   460    19   465 0.85 -
WKLE02004111_1:11404-13035 -            544 6436at33634          -            420   7.2e-71  233.1   0.2   1   3   1.1e-32     9e-32  104.3   0.1    10   164    60   231    53   269 0.82 -
WKLE02004111_1:11404-13035 -            544 6436at33634          -            420   7.2e-71  233.1   0.2   2   3   1.3e-38   1.1e-37  123.8   0.0   172   331   284   453   261   462 0.87 -
WKLE02004111_1:11404-13035 -            544 6436at33634          -            420   7.2e-71  233.1   0.2   3   3       0.2       1.7    1.3   0.0   335   381   497   543   488   544 0.80 -
WKLE02000433_1:4438-5727   -            396 6436at33634          -            420   2.8e-66  218.0   2.1   1   1   4.9e-67     4e-66  217.5   2.1    11   309    64   392    57   396 0.85 -
WKLE02001779_1:599-2173    -            525 6436at33634          -            420   3.2e-66  217.8   0.0   1   1   4.1e-66   3.3e-65  214.5   0.0    10   404    48   506    40   515 0.78 -
WKLE02004437_1:3423-5519   -            563 6436at33634          -            420   3.8e-66  217.6   2.0   1   4   3.3e-32   2.7e-31  102.7   0.2    13   174     3   195     1   199 0.77 -
WKLE02004437_1:3423-5519   -            563 6436at33634          -            420   3.8e-66  217.6   2.0   2   4   8.4e-06   6.9e-05   15.8   0.0   153   234   211   298   205   308 0.78 -
WKLE02004437_1:3423-5519   -            563 6436at33634          -            420   3.8e-66  217.6   2.0   3   4   2.4e-26     2e-25   83.4   0.0   236   327   320   423   314   445 0.80 -
WKLE02004437_1:3423-5519   -            563 6436at33634          -            420   3.8e-66  217.6   2.0   4   4   0.00011   0.00087   12.1   0.0   358   402   517   563   484   563 0.82 -
WKLE02004566_1:4764-5846   -            361 6436at33634          -            420   3.9e-61  201.0   4.4   1   1   2.7e-60   2.2e-59  195.3   4.4    10   300    16   361     8   361 0.80 -
WKLE02003759_1:18549-19877 -            358 6436at33634          -            420   1.5e-58  192.6   0.0   1   1   2.3e-59   1.9e-58  192.2   0.0    14   313    25   354    12   358 0.84 -
WKLE02003776_1:33185-34246 -            354 6436at33634          -            420   3.7e-56  184.7   0.0   1   1   5.9e-57   4.9e-56  184.3   0.0    13   322     6   348     2   352 0.80 -
WKLE02005439_1:27158-28222 -            355 6436at33634          -            420   4.9e-54  177.7   0.4   1   2   1.8e-13   1.5e-12   41.0   0.0     9    82     8    86     1    96 0.82 -
WKLE02005439_1:27158-28222 -            355 6436at33634          -            420   4.9e-54  177.7   0.4   2   2   5.1e-42   4.2e-41  135.1   0.3    88   312   112   352   103   355 0.81 -
WKLE02006683_1:14997-16374 -            369 6436at33634          -            420   1.2e-51  169.7   1.4   1   1     2e-52   1.6e-51  169.4   1.4    13   323    25   354    20   365 0.83 -
WKLE02002346_1:7401-8579   -            393 6436at33634          -            420   1.4e-51  169.6   0.0   1   1   1.4e-50   1.2e-49  163.2   0.0    10   304    43   390    39   393 0.73 -
WKLE02003127_1:3349-4500   -            384 6436at33634          -            420   1.7e-50  166.0   0.1   1   2     2e-34   1.6e-33  110.1   0.0    23   187     5   189     1   216 0.77 -
WKLE02003127_1:3349-4500   -            384 6436at33634          -            420   1.7e-50  166.0   0.1   2   2   1.9e-17   1.6e-16   54.1   0.1   208   315   245   356   243   372 0.88 -
WKLE02005378_1:5340-6437   -            366 6436at33634          -            420   2.7e-50  165.3   0.1   1   1   4.6e-51   3.8e-50  164.9   0.1     4   302    26   362    23   365 0.78 -
WKLE02000455_1:35247-36392 -            382 6436at33634          -            420   5.8e-49  161.0   0.0   1   2   2.1e-26   1.7e-25   83.6   0.0    13   150    19   175    11   182 0.80 -
WKLE02000455_1:35247-36392 -            382 6436at33634          -            420   5.8e-49  161.0   0.0   2   2   6.6e-24   5.4e-23   75.4   0.0   140   316   192   381   177   382 0.83 -
WKLE02003215_1:398-1564    -            389 6436at33634          -            420   7.9e-49  160.5   0.0   1   1   1.6e-49   1.3e-48  159.8   0.0    13   321    23   378    17   383 0.79 -
WKLE02001417_1:20112-21464 -            333 6436at33634          -            420   6.2e-47  154.3   0.3   1   2   2.6e-28   2.1e-27   89.9   0.0     9   170    33   222    26   238 0.77 -
WKLE02001417_1:20112-21464 -            333 6436at33634          -            420   6.2e-47  154.3   0.3   2   2   5.1e-20   4.2e-19   62.6   0.1   238   313   255   331   245   333 0.91 -
WKLE02000162_1:5256-6353   -            366 6436at33634          -            420   9.3e-47  153.7   0.1   1   1   1.5e-47   1.2e-46  153.3   0.1    13   313    26   353    21   364 0.82 -
WKLE02003149_1:16567-17703 -            379 6436at33634          -            420   1.7e-45  149.5   0.3   1   1   2.7e-46   2.2e-45  149.2   0.3    13   323    36   366    31   376 0.84 -
WKLE02001163_1:26068-27546 -            493 6436at33634          -            420   6.8e-43  141.0   0.0   1   2     3e-21   2.4e-20   66.7   0.0    10   171    20   212    14   216 0.76 -
WKLE02001163_1:26068-27546 -            493 6436at33634          -            420   6.8e-43  141.0   0.0   2   2   2.9e-22   2.4e-21   70.0   0.0   209   321   344   457   342   464 0.93 -
WKLE02003402_1:45243-46646 -            468 6436at33634          -            420   1.2e-41  136.9   0.0   1   2   4.6e-25   3.8e-24   79.2   0.0    12   162    36   210    30   232 0.77 -
WKLE02003402_1:45243-46646 -            468 6436at33634          -            420   1.2e-41  136.9   0.0   2   2   6.8e-18   5.6e-17   55.6   0.0   212   309   324   427   316   446 0.83 -
WKLE02000552_1:55290-56156 -            289 6436at33634          -            420   2.4e-40  132.6   0.3   1   1   3.5e-41   2.9e-40  132.3   0.3    65   322     2   279     1   284 0.86 -
WKLE02001507_1:5473-7011   -            513 6436at33634          -            420   2.6e-36  119.3   0.1   1   3   1.3e-10     1e-09   31.6   0.0    13   122    30   172    25   185 0.69 -
WKLE02001507_1:5473-7011   -            513 6436at33634          -            420   2.6e-36  119.3   0.1   2   3   4.9e-07   4.1e-06   19.8   0.0   124   168   231   284   218   292 0.79 -
WKLE02001507_1:5473-7011   -            513 6436at33634          -            420   2.6e-36  119.3   0.1   3   3   9.5e-20   7.8e-19   61.7   0.0   178   321   338   484   318   493 0.87 -
WKLE02000683_1:4300-5547   -            386 6436at33634          -            420   2.3e-35  116.2   0.1   1   2   9.7e-26     8e-25   81.4   0.1    13   214     6   236     2   256 0.64 -
WKLE02000683_1:4300-5547   -            386 6436at33634          -            420   2.3e-35  116.2   0.1   2   2   6.8e-11   5.6e-10   32.5   0.0   270   312   343   385   339   386 0.95 -
WKLE02001395_1:18692-20377 -            447 6436at33634          -            420   1.2e-33  110.5   0.0   1   3   4.7e-20   3.9e-19   62.7   0.0    22   143    27   153    10   164 0.82 -
WKLE02001395_1:18692-20377 -            447 6436at33634          -            420   1.2e-33  110.5   0.0   2   3       3.3        27   -2.7   0.0   149   174   235   260   226   263 0.82 -
WKLE02001395_1:18692-20377 -            447 6436at33634          -            420   1.2e-33  110.5   0.0   3   3   1.1e-14     9e-14   45.0   0.0   246   312   377   446   334   447 0.81 -
WKLE02001364_1:29494-30981 -            496 6436at33634          -            420   1.5e-32  106.9   0.0   1   3   1.5e-08   1.2e-07   24.9   0.0     9    49    31    71    24    78 0.88 -
WKLE02001364_1:29494-30981 -            496 6436at33634          -            420   1.5e-32  106.9   0.0   2   3   1.8e-05   0.00015   14.7   0.0    61   136   117   207   104   221 0.69 -
WKLE02001364_1:29494-30981 -            496 6436at33634          -            420   1.5e-32  106.9   0.0   3   3   3.1e-20   2.5e-19   63.3   0.0   138   322   276   474   271   489 0.77 -
WKLE02004069_1:15512-17672 -            249 6436at33634          -            420   1.8e-32  106.6   0.3   1   3   3.1e-09   2.6e-08   27.1   0.0    13    54    18    60     7    72 0.82 -
WKLE02004069_1:15512-17672 -            249 6436at33634          -            420   1.8e-32  106.6   0.3   2   3     1e-13   8.6e-13   41.8   0.0    62   150    90   184    82   191 0.82 -
WKLE02004069_1:15512-17672 -            249 6436at33634          -            420   1.8e-32  106.6   0.3   3   3   1.5e-11   1.3e-10   34.7   0.0   260   301   208   249   192   249 0.94 -
WKLE02000865_1:8477-9646   -            390 6436at33634          -            420   4.6e-29   95.4   0.1   1   2   6.2e-19   5.1e-18   59.0   0.1    14   169    11   193     8   220 0.74 -
WKLE02000865_1:8477-9646   -            390 6436at33634          -            420   4.6e-29   95.4   0.1   2   2   3.3e-11   2.7e-10   33.6   0.0   213   309   275   374   264   383 0.78 -
WKLE02002075_1:961-2289    -            443 6436at33634          -            420   1.3e-27   90.6   0.0   1   3   3.1e-06   2.6e-05   17.2   0.0    11    61    32    80    24    84 0.86 -
WKLE02002075_1:961-2289    -            443 6436at33634          -            420   1.3e-27   90.6   0.0   2   3   7.7e-12   6.3e-11   35.7   0.0    62   181   104   236    89   257 0.79 -
WKLE02002075_1:961-2289    -            443 6436at33634          -            420   1.3e-27   90.6   0.0   3   3   2.1e-11   1.8e-10   34.2   0.0   234   312   333   427   298   438 0.69 -
WKLE02000418_1:16710-17849 -            380 6436at33634          -            420   1.3e-27   90.6   2.7   1   3     3e-15   2.5e-14   46.9   0.1    12   162     3   184     1   197 0.64 -
WKLE02000418_1:16710-17849 -            380 6436at33634          -            420   1.3e-27   90.6   2.7   2   3       1.1         9   -1.1   0.0   133   172   230   273   217   275 0.74 -
WKLE02000418_1:16710-17849 -            380 6436at33634          -            420   1.3e-27   90.6   2.7   3   3   4.7e-14   3.9e-13   43.0   0.1   260   309   326   377   311   380 0.86 -
WKLE02000208_1:28584-29808 -            338 6436at33634          -            420   1.7e-27   90.3   0.1   1   2   3.3e-18   2.7e-17   56.6   0.0    13   167    26   192    21   201 0.74 -
WKLE02000208_1:28584-29808 -            338 6436at33634          -            420   1.7e-27   90.3   0.1   2   2   1.2e-10   9.7e-10   31.7   0.0   240   313   245   325   220   335 0.82 -
WKLE02000021_1:3987-5408   -            474 6436at33634          -            420   3.8e-27   89.1   0.1   1   2     2e-16   1.6e-15   50.8   0.0    10    85    36   108    30   177 0.91 -
WKLE02000021_1:3987-5408   -            474 6436at33634          -            420   3.8e-27   89.1   0.1   2   2   5.5e-12   4.6e-11   36.1   0.0   261   320   407   466   401   473 0.87 -
WKLE02002297_1:18799-20109 -            437 6436at33634          -            420   4.9e-19   62.4   0.6   1   3   3.7e-10     3e-09   30.1   0.0    23   121    29   148    16   157 0.67 -
WKLE02002297_1:18799-20109 -            437 6436at33634          -            420   4.9e-19   62.4   0.6   2   3       5.9        49   -3.5   0.0   124   137   174   187   166   202 0.68 -
WKLE02002297_1:18799-20109 -            437 6436at33634          -            420   4.9e-19   62.4   0.6   3   3   3.7e-10     3e-09   30.1   0.1   213   281   368   437   361   437 0.91 -
WKLE02000216_1:14359-15768 -            470 6436at33634          -            420   5.9e-19   62.1   0.2   1   3   1.9e-13   1.6e-12   40.9   0.0    13    83    19    90    10    99 0.86 -
WKLE02000216_1:14359-15768 -            470 6436at33634          -            420   5.9e-19   62.1   0.2   2   3      0.04      0.33    3.6   0.0   119   137   164   182   160   204 0.90 -
WKLE02000216_1:14359-15768 -            470 6436at33634          -            420   5.9e-19   62.1   0.2   3   3   3.3e-05   0.00027   13.8   0.0   262   322   389   449   385   461 0.85 -
WKLE02001855_1:5439-6167   -            243 6436at33634          -            420     2e-09   30.7   0.0   1   2   8.1e-09   6.7e-08   25.7   0.0    12    79    43   117    32   134 0.78 -
WKLE02001855_1:5439-6167   -            243 6436at33634          -            420     2e-09   30.7   0.0   2   2     0.058      0.48    3.1   0.0   115   146   203   234   181   240 0.71 -
WKLE02006711_1:1678-2817   -            380 6436at33634          -            420   2.5e-08   27.1   0.0   1   3      0.33       2.7    0.6   0.0    63    83    16    36    10    65 0.80 -
WKLE02006711_1:1678-2817   -            380 6436at33634          -            420   2.5e-08   27.1   0.0   2   3       0.5       4.1    0.0   0.0   126   171   109   158    60   172 0.72 -
WKLE02006711_1:1678-2817   -            380 6436at33634          -            420   2.5e-08   27.1   0.0   3   3   9.8e-08     8e-07   22.1   0.0   259   307   328   377   313   380 0.82 -
#
# Program:         hmmsearch
# Version:         3.1b2 (February 2015)
# Pipeline mode:   SEARCH
# Query file:      /Users/aholzer/ownCloud/PhD/Publications/2021 Liavero-Pasquina et al./analysis/TPP_aptamer_search/busco_downloads/lineages/stramenopiles_odb10/hmms/6436at33634.hmm
# Target file:     /Users/aholzer/ownCloud/PhD/Publications/2021 Liavero-Pasquina et al./analysis/TPP_aptamer_search/genomes/BUSCO/Asterionellopsis_glacialis_ASM1488511v2/run_stramenopiles_odb10/metaeuk_output/initial_results/GCA_014885115.2_ASM1488511v2_genomic.fna.modified.fas
# Option settings: hmmsearch --domtblout /Users/aholzer/ownCloud/PhD/Publications/2021 Liavero-Pasquina et al./analysis/TPP_aptamer_search/genomes/BUSCO/Asterionellopsis_glacialis_ASM1488511v2/run_stramenopiles_odb10/hmmer_output/initial_run_results/6436at33634.out --cpu 1 /Users/aholzer/ownCloud/PhD/Publications/2021 Liavero-Pasquina et al./analysis/TPP_aptamer_search/busco_downloads/lineages/stramenopiles_odb10/hmms/6436at33634.hmm /Users/aholzer/ownCloud/PhD/Publications/2021 Liavero-Pasquina et al./analysis/TPP_aptamer_search/genomes/BUSCO/Asterionellopsis_glacialis_ASM1488511v2/run_stramenopiles_odb10/metaeuk_output/initial_results/GCA_014885115.2_ASM1488511v2_genomic.fna.modified.fas 
# Current dir:     /Users/aholzer/ownCloud/PhD/Publications/2021 Liavero-Pasquina et al./analysis/TPP_aptamer_search
# Date:            Fri Apr 16 14:41:50 2021
# [ok]
