#                                                                                  --- full sequence --- -------------- this domain -------------   hmm coord   ali coord   env coord
# target name              accession   tlen query name           accession   qlen   E-value  score  bias   #  of  c-Evalue  i-Evalue  score  bias  from    to  from    to  from    to  acc description of target
#      ------------------- ---------- ----- -------------------- ---------- ----- --------- ------ ----- --- --- --------- --------- ------ ----- ----- ----- ----- ----- ----- ----- ---- ---------------------
scaffold_85:291882-297485  -           1868 1312453at2759        -            678   9.3e-91  301.3  24.5   1  10   2.6e-11   2.8e-10   35.4   0.0    56   100    99   145    93   150 0.87 -
scaffold_85:291882-297485  -           1868 1312453at2759        -            678   9.3e-91  301.3  24.5   2  10   7.6e-12     8e-11   37.1   0.0    95   146   218   271   212   278 0.89 -
scaffold_85:291882-297485  -           1868 1312453at2759        -            678   9.3e-91  301.3  24.5   3  10    0.0087     0.092    7.2   0.1   135   162   328   352   319   354 0.82 -
scaffold_85:291882-297485  -           1868 1312453at2759        -            678   9.3e-91  301.3  24.5   4  10   4.1e-19   4.4e-18   61.1   0.0   158   238   379   471   365   494 0.77 -
scaffold_85:291882-297485  -           1868 1312453at2759        -            678   9.3e-91  301.3  24.5   5  10   3.3e-15   3.5e-14   48.2   0.8   269   362   703   812   681   820 0.84 -
scaffold_85:291882-297485  -           1868 1312453at2759        -            678   9.3e-91  301.3  24.5   6  10     3e-24   3.2e-23   78.1   0.1   362   478   900  1021   889  1063 0.91 -
scaffold_85:291882-297485  -           1868 1312453at2759        -            678   9.3e-91  301.3  24.5   7  10       7.2        76   -2.5   0.1   370   516  1082  1119  1070  1137 0.56 -
scaffold_85:291882-297485  -           1868 1312453at2759        -            678   9.3e-91  301.3  24.5   8  10   1.1e-09   1.2e-08   30.0   0.1   555   637  1430  1532  1424  1537 0.74 -
scaffold_85:291882-297485  -           1868 1312453at2759        -            678   9.3e-91  301.3  24.5   9  10     0.001     0.011   10.3   0.1   614   673  1573  1642  1555  1647 0.72 -
scaffold_85:291882-297485  -           1868 1312453at2759        -            678   9.3e-91  301.3  24.5  10  10      0.42       4.4    1.6   0.0   569   588  1848  1867  1835  1868 0.77 -
scaffold_210:114641-115108 -            156 1312453at2759        -            678   6.5e-12   40.7   0.0   1   1   7.2e-13   7.6e-12   40.5   0.0    90   227     3   149     1   154 0.76 -
scaffold_192:21429-22395   -            266 1312453at2759        -            678   2.7e-11   38.7   0.3   1   3   0.00025    0.0027   12.3   0.0   537   631    13   115     7   123 0.76 -
scaffold_192:21429-22395   -            266 1312453at2759        -            678   2.7e-11   38.7   0.3   2   3    0.0027     0.028    8.9   0.1   563   592   125   157   116   168 0.75 -
scaffold_192:21429-22395   -            266 1312453at2759        -            678   2.7e-11   38.7   0.3   3   3     7e-05   0.00074   14.1   0.0   562   627   168   236   164   258 0.75 -
scaffold_5:103393-103944   -            184 1312453at2759        -            678   5.6e-10   34.3   0.0   1   1   6.8e-11   7.1e-10   34.0   0.0    80   228    21   183    13   184 0.80 -
scaffold_34:380173-380730  -            186 1312453at2759        -            678   6.6e-10   34.1   0.0   1   1   7.7e-11   8.1e-10   33.8   0.0    51   187    39   175    21   183 0.85 -
scaffold_101:217587-218423 -            279 1312453at2759        -            678     2e-09   32.5   0.8   1   3   0.00027    0.0029   12.2   0.0   563   621     3    66     2    76 0.75 -
scaffold_101:217587-218423 -            279 1312453at2759        -            678     2e-09   32.5   0.8   2   3     0.028       0.3    5.5   0.0   572   591    78    97    73   152 0.84 -
scaffold_101:217587-218423 -            279 1312453at2759        -            678     2e-09   32.5   0.8   3   3   0.00027    0.0029   12.2   0.1   571   640   182   254   134   266 0.79 -
scaffold_22:151789-152700  -            304 1312453at2759        -            678     4e-09   31.5   0.0   1   2   1.7e-09   1.7e-08   29.4   0.0    60   184    94   216    63   238 0.86 -
scaffold_22:151789-152700  -            304 1312453at2759        -            678     4e-09   31.5   0.0   2   2       1.7        18   -0.4   0.0   205   233   274   302   265   304 0.88 -
scaffold_26:256899-257426  -            176 1312453at2759        -            678   4.1e-09   31.5   0.9   1   4   0.00025    0.0026   12.3   0.0   573   598    11    36     3    48 0.86 -
scaffold_26:256899-257426  -            176 1312453at2759        -            678   4.1e-09   31.5   0.9   2   4     0.027      0.29    5.6   0.0   572   594    58    80    36    97 0.79 -
scaffold_26:256899-257426  -            176 1312453at2759        -            678   4.1e-09   31.5   0.9   3   4      0.43       4.6    1.6   0.0   573   592   101   120    86   128 0.82 -
scaffold_26:256899-257426  -            176 1312453at2759        -            678   4.1e-09   31.5   0.9   4   4    0.0039     0.041    8.3   0.1   565   591   135   161   119   175 0.74 -
scaffold_90:125033-125632  -            200 1312453at2759        -            678   7.4e-09   30.6   0.0   1   2   3.1e-07   3.3e-06   21.9   0.0    84   179    16   110    10   117 0.82 -
scaffold_90:125033-125632  -            200 1312453at2759        -            678   7.4e-09   30.6   0.0   2   2     0.022      0.23    5.9   0.0   208   230   176   198   171   200 0.90 -
scaffold_231:162416-163234 -            273 1312453at2759        -            678   9.9e-09   30.2   1.6   1   3   1.1e-08   1.2e-07   26.7   0.1    55   115    57   118    32   134 0.84 -
scaffold_231:162416-163234 -            273 1312453at2759        -            678   9.9e-09   30.2   1.6   2   3      0.35       3.7    1.9   0.0   163   185   164   186   159   207 0.82 -
scaffold_231:162416-163234 -            273 1312453at2759        -            678   9.9e-09   30.2   1.6   3   3       3.9        41   -1.6   0.0   208   228   251   271   241   273 0.86 -
scaffold_711:6989-7582     -            198 1312453at2759        -            678   1.4e-08   29.7   0.1   1   1     2e-09   2.1e-08   29.1   0.0    41   125    57   146     2   154 0.88 -
scaffold_1234:6988-8235    -            416 1312453at2759        -            678   1.5e-08   29.6   8.0   1   5       1.5        16   -0.2   0.0   576   594    25    43     8    84 0.61 -
scaffold_1234:6988-8235    -            416 1312453at2759        -            678   1.5e-08   29.6   8.0   2   5       3.9        42   -1.6   0.0   574   595    65    86    46   117 0.73 -
scaffold_1234:6988-8235    -            416 1312453at2759        -            678   1.5e-08   29.6   8.0   3   5    0.0012     0.013   10.0   0.5   576   630   131   187    98   208 0.77 -
scaffold_1234:6988-8235    -            416 1312453at2759        -            678   1.5e-08   29.6   8.0   4   5    0.0019      0.02    9.4   0.0   562   589   302   332   283   340 0.84 -
scaffold_1234:6988-8235    -            416 1312453at2759        -            678   1.5e-08   29.6   8.0   5   5    0.0011     0.011   10.2   0.2   563   625   345   414   334   416 0.63 -
scaffold_271:133966-134937 -            324 1312453at2759        -            678   1.8e-08   29.4   0.7   1   3     0.053      0.57    4.6   0.0   574   617    21    66     4    81 0.65 -
scaffold_271:133966-134937 -            324 1312453at2759        -            678   1.8e-08   29.4   0.7   2   3    0.0016     0.017    9.6   0.0   573   602   160   188   122   197 0.65 -
scaffold_271:133966-134937 -            324 1312453at2759        -            678   1.8e-08   29.4   0.7   3   3   0.00032    0.0033   11.9   0.1   571   592   207   228   191   237 0.87 -
scaffold_65:261893-263107  -            405 1312453at2759        -            678   1.8e-08   29.3   4.0   1   5      0.15       1.6    3.1   0.0   571   591    31    51     6    55 0.73 -
scaffold_65:261893-263107  -            405 1312453at2759        -            678   1.8e-08   29.3   4.0   2   5      0.07      0.74    4.2   0.0   572   592    77    97    51   103 0.83 -
scaffold_65:261893-263107  -            405 1312453at2759        -            678   1.8e-08   29.3   4.0   3   5     0.003     0.032    8.7   0.1   574   597   121   144   102   185 0.85 -
scaffold_65:261893-263107  -            405 1312453at2759        -            678   1.8e-08   29.3   4.0   4   5   0.00046    0.0049   11.4   0.3   573   638   200   270   183   276 0.73 -
scaffold_65:261893-263107  -            405 1312453at2759        -            678   1.8e-08   29.3   4.0   5   5     0.011      0.12    6.8   0.1   573   630   244   303   221   305 0.74 -
scaffold_492:44750-45262   -            171 1312453at2759        -            678   1.9e-08   29.3   0.0   1   1   1.9e-09     2e-08   29.2   0.0    57   170    51   171    25   171 0.75 -
scaffold_270:29596-30003   -            136 1312453at2759        -            678   2.3e-08   29.0   0.0   1   1     3e-09   3.1e-08   28.6   0.0    84   184    30   128    13   131 0.79 -
scaffold_82:221320-221934  -            205 1312453at2759        -            678   2.4e-08   28.9   0.0   1   1   3.5e-09   3.7e-08   28.3   0.0    75   178   104   204    84   205 0.83 -
scaffold_245:150818-151342 -            175 1312453at2759        -            678   2.8e-08   28.7   0.0   1   1     4e-09   4.3e-08   28.1   0.0    89   179     7    97     2   108 0.83 -
scaffold_71:23202-24151    -            136 1312453at2759        -            678   2.9e-08   28.7   0.1   1   1     3e-09   3.2e-08   28.5   0.1    39   121    25   112     4   118 0.80 -
scaffold_37:44342-45199    -            286 1312453at2759        -            678   3.1e-08   28.6   3.9   1   4    0.0013     0.014    9.9   0.0   562   594    13    49     4    55 0.80 -
scaffold_37:44342-45199    -            286 1312453at2759        -            678   3.1e-08   28.6   3.9   2   4   9.5e-06    0.0001   17.0   0.1   573   640    70   140    64   162 0.83 -
scaffold_37:44342-45199    -            286 1312453at2759        -            678   3.1e-08   28.6   3.9   3   4       3.3        35   -1.3   0.0   574   608   156   190   141   227 0.80 -
scaffold_37:44342-45199    -            286 1312453at2759        -            678   3.1e-08   28.6   3.9   4   4         1        11    0.3   0.1   574   599   252   280   222   285 0.71 -
scaffold_182:192630-193112 -            161 1312453at2759        -            678   3.1e-08   28.6   0.0   1   1   1.2e-08   1.2e-07   26.6   0.0    67   173    25   137    20   152 0.71 -
scaffold_52:40705-41325    -            207 1312453at2759        -            678   3.9e-08   28.3   0.0   1   1   5.6e-09     6e-08   27.6   0.0    71   176    94   201    80   205 0.81 -
scaffold_397:16209-16853   -            215 1312453at2759        -            678     4e-08   28.2   0.1   1   2   0.00058    0.0061   11.1   0.1    88   127     8    48     4    57 0.85 -
scaffold_397:16209-16853   -            215 1312453at2759        -            678     4e-08   28.2   0.1   2   2   2.9e-05   0.00031   15.3   0.0   151   228   130   214   123   215 0.70 -
scaffold_56:354099-354716  -            206 1312453at2759        -            678   4.1e-08   28.2   0.3   1   3   0.00024    0.0025   12.4   0.1    86   124     9    48     1    57 0.84 -
scaffold_56:354099-354716  -            206 1312453at2759        -            678   4.1e-08   28.2   0.3   2   3    0.0019      0.02    9.4   0.0   162   179    84   101    81   109 0.87 -
scaffold_56:354099-354716  -            206 1312453at2759        -            678   4.1e-08   28.2   0.3   3   3      0.15       1.6    3.1   0.0   206   233   173   200   152   203 0.86 -
scaffold_237:47046-47606   -            187 1312453at2759        -            678   5.1e-08   27.9   0.0   1   1     1e-08   1.1e-07   26.8   0.0    68   230    11   180     9   184 0.76 -
scaffold_260:44222-44818   -            199 1312453at2759        -            678   1.4e-07   26.4   0.0   1   1   1.7e-08   1.8e-07   26.0   0.0    85   184    97   194    78   198 0.75 -
scaffold_1051:34885-35583  -            233 1312453at2759        -            678   2.7e-07   25.5   0.0   1   1     4e-08   4.2e-07   24.8   0.0    78   176   133   232    82   233 0.78 -
scaffold_529:18916-19542   -            209 1312453at2759        -            678   2.9e-07   25.4   3.0   1   4      0.28       2.9    2.2   0.0   575   600    17    42    11    55 0.83 -
scaffold_529:18916-19542   -            209 1312453at2759        -            678   2.9e-07   25.4   3.0   2   4    0.0018     0.019    9.5   0.1   574   597    67    90    46    98 0.79 -
scaffold_529:18916-19542   -            209 1312453at2759        -            678   2.9e-07   25.4   3.0   3   4   0.00063    0.0066   11.0   0.1   556   596    89   133    83   151 0.79 -
scaffold_529:18916-19542   -            209 1312453at2759        -            678   2.9e-07   25.4   3.0   4   4      0.35       3.7    1.9   0.0   575   598   157   180   140   187 0.85 -
scaffold_174:160337-161335 -            333 1312453at2759        -            678   3.9e-07   24.9   0.0   1   3     0.044      0.47    4.9   0.0   562   589   102   131    92   136 0.82 -
scaffold_174:160337-161335 -            333 1312453at2759        -            678   3.9e-07   24.9   0.0   2   3    0.0012     0.012   10.1   0.0   560   592   150   183   136   187 0.77 -
scaffold_174:160337-161335 -            333 1312453at2759        -            678   3.9e-07   24.9   0.0   3   3     0.019       0.2    6.1   0.0   573   596   224   247   209   298 0.73 -
scaffold_10:12679-13251    -            191 1312453at2759        -            678   4.3e-07   24.8   0.2   1   2      0.52       5.5    1.3   0.0   578   590     1    13     1    22 0.91 -
scaffold_10:12679-13251    -            191 1312453at2759        -            678   4.3e-07   24.8   0.2   2   2   3.1e-06   3.3e-05   18.6   0.0   572   666    45   147    31   151 0.73 -
scaffold_129:277818-278444 -            209 1312453at2759        -            678     7e-07   24.1   0.1   1   1   1.1e-07   1.2e-06   23.3   0.0    82   176   108   208    92   209 0.82 -
scaffold_1969:9103-9546    -            148 1312453at2759        -            678   7.9e-07   23.9   0.0   1   1   8.6e-08   9.1e-07   23.7   0.0    93   184    11   104     2   121 0.81 -
scaffold_101:192855-290957 -            155 1312453at2759        -            678   8.1e-07   23.9   0.0   1   1   9.5e-08     1e-06   23.6   0.0    87   177    58   150    54   155 0.78 -
scaffold_145:216706-217263 -            186 1312453at2759        -            678   1.1e-06   23.4   0.0   1   1   1.3e-07   1.4e-06   23.2   0.0    59   157    46   143     8   178 0.68 -
scaffold_27:5803-6465      -            221 1312453at2759        -            678   1.1e-06   23.4   0.0   1   2   3.3e-06   3.5e-05   18.5   0.0    86   177    43   142    28   148 0.78 -
scaffold_27:5803-6465      -            221 1312453at2759        -            678   1.1e-06   23.4   0.0   2   2      0.21       2.2    2.6   0.0   198   229   188   219   183   221 0.85 -
scaffold_319:81632-82072   -            147 1312453at2759        -            678   1.2e-06   23.4   0.1   1   1   1.6e-07   1.7e-06   22.8   0.1    83   128    87   132    82   141 0.87 -
scaffold_1064:46257-47003  -            249 1312453at2759        -            678   1.3e-06   23.2   1.4   1   2   0.00032    0.0034   11.9   0.2   575   607    86   118    70   144 0.82 -
scaffold_1064:46257-47003  -            249 1312453at2759        -            678   1.3e-06   23.2   1.4   2   2     0.001     0.011   10.2   0.1   573   649   161   248   137   249 0.69 -
scaffold_270:154151-155173 -            191 1312453at2759        -            678   1.5e-06   23.0   0.3   1   3    0.0017     0.018    9.6   0.0    78   115     2    40     1    49 0.84 -
scaffold_270:154151-155173 -            191 1312453at2759        -            678   1.5e-06   23.0   0.3   2   3    0.0064     0.068    7.6   0.0   155   178    54    81    41    89 0.76 -
scaffold_270:154151-155173 -            191 1312453at2759        -            678   1.5e-06   23.0   0.3   3   3      0.18       1.9    2.9   0.0   208   230   167   189   154   191 0.87 -
scaffold_49:330389-331165  -            259 1312453at2759        -            678   3.4e-06   21.8   0.0   1   1   5.1e-07   5.4e-06   21.2   0.0    67   229    84   255    72   258 0.78 -
scaffold_58:23985-24572    -            196 1312453at2759        -            678   3.5e-06   21.8   0.0   1   1   4.3e-07   4.5e-06   21.4   0.0    44   117    53   133    44   148 0.77 -
scaffold_15:72356-73444    -            363 1312453at2759        -            678   4.3e-06   21.5   3.1   1   2   4.9e-06   5.2e-05   17.9   1.7   574   664   195   295   165   296 0.75 -
scaffold_15:72356-73444    -            363 1312453at2759        -            678   4.3e-06   21.5   3.1   2   2    0.0067     0.071    7.6   0.1   557   618   258   325   250   341 0.63 -
scaffold_122:108765-109280 -            172 1312453at2759        -            678   4.3e-06   21.5   0.1   1   1   7.2e-07   7.6e-06   20.7   0.1    41   115    27   106    21   170 0.79 -
scaffold_124:49874-50479   -            202 1312453at2759        -            678   5.2e-06   21.2   0.0   1   2   2.8e-05   0.00029   15.4   0.0   563   620     8    69     4    81 0.71 -
scaffold_124:49874-50479   -            202 1312453at2759        -            678   5.2e-06   21.2   0.0   2   2      0.09      0.96    3.8   0.0   570   590   129   149   119   169 0.82 -
scaffold_16:628785-629306  -            174 1312453at2759        -            678   5.3e-06   21.2   0.0   1   1   6.3e-07   6.7e-06   20.9   0.0    44   116    31   110    21   127 0.78 -
scaffold_975:34183-35155   -            256 1312453at2759        -            678   6.1e-06   21.0   0.0   1   2   0.00016    0.0017   12.9   0.0    74   124    88   139    65   150 0.89 -
scaffold_975:34183-35155   -            256 1312453at2759        -            678   6.1e-06   21.0   0.0   2   2      0.03      0.32    5.4   0.1   162   187   154   179   139   241 0.67 -
scaffold_57:154493-155362  -            290 1312453at2759        -            678   7.1e-06   20.8   4.9   1   4      0.83       8.8    0.6   0.0   584   648     2    74     1    78 0.72 -
scaffold_57:154493-155362  -            290 1312453at2759        -            678   7.1e-06   20.8   4.9   2   4    0.0095       0.1    7.1   0.1   575   613    87   125    80   158 0.79 -
scaffold_57:154493-155362  -            290 1312453at2759        -            678   7.1e-06   20.8   4.9   3   4    0.0019      0.02    9.4   0.2   575   628   182   238   171   242 0.74 -
scaffold_57:154493-155362  -            290 1312453at2759        -            678   7.1e-06   20.8   4.9   4   4      0.77       8.1    0.8   0.0   571   592   262   283   245   286 0.75 -
scaffold_104:284380-285045 -            222 1312453at2759        -            678   9.7e-06   20.3   0.0   1   1   4.6e-06   4.9e-05   18.0   0.0    56   125    78   154    59   211 0.70 -
scaffold_79:235198-235665  -            156 1312453at2759        -            678   1.1e-05   20.1   0.0   1   1   1.6e-06   1.7e-05   19.5   0.0    78   174    55   150    14   155 0.75 -
scaffold_27:246352-246684  -            111 1312453at2759        -            678   1.1e-05   20.1   0.0   1   1   1.2e-06   1.3e-05   19.9   0.0    70   124    52   107    45   110 0.93 -
scaffold_30:347365-348258  -            298 1312453at2759        -            678   1.3e-05   20.0   0.2   1   3     0.017      0.18    6.2   0.0   564   589    12    42     8    48 0.75 -
scaffold_30:347365-348258  -            298 1312453at2759        -            678   1.3e-05   20.0   0.2   2   3     0.079      0.83    4.0   0.0   551   591    74   118    47   143 0.70 -
scaffold_30:347365-348258  -            298 1312453at2759        -            678   1.3e-05   20.0   0.2   3   3     0.014      0.15    6.5   0.0   573   592   238   257   223   267 0.86 -
scaffold_354:39373-40092   -            240 1312453at2759        -            678   1.3e-05   19.9   0.0   1   2     0.003     0.032    8.7   0.0   542   638    30   132     4   146 0.75 -
scaffold_354:39373-40092   -            240 1312453at2759        -            678   1.3e-05   19.9   0.0   2   2    0.0018     0.019    9.4   0.0   563   607   179   226   151   239 0.73 -
scaffold_67:225687-226208  -            174 1312453at2759        -            678   1.4e-05   19.8   0.0   1   1     1e-05   0.00011   16.8   0.0    78   227     1   158     1   172 0.76 -
scaffold_49:331634-332095  -            154 1312453at2759        -            678   1.5e-05   19.7   0.0   1   1   4.3e-06   4.5e-05   18.1   0.0    90   229     1   153     1   154 0.69 -
scaffold_15:434919-435458  -            180 1312453at2759        -            678   1.5e-05   19.7   0.3   1   2      0.02      0.21    6.0   0.0   573   599    16    42     2    52 0.78 -
scaffold_15:434919-435458  -            180 1312453at2759        -            678   1.5e-05   19.7   0.3   2   2   0.00024    0.0025   12.3   0.0   574   594    91   111    75   153 0.87 -
scaffold_492:43577-44227   -            217 1312453at2759        -            678   1.5e-05   19.7   0.0   1   1     2e-06   2.1e-05   19.2   0.0    41   177    58   198    41   209 0.74 -
scaffold_56:336080-340958  -            293 1312453at2759        -            678   1.6e-05   19.6   1.5   1   3         2        21   -0.6   0.0   574   589    65    80    48    88 0.77 -
scaffold_56:336080-340958  -            293 1312453at2759        -            678   1.6e-05   19.6   1.5   2   3   0.00033    0.0035   11.9   0.5   564   648   162   249   151   260 0.62 -
scaffold_56:336080-340958  -            293 1312453at2759        -            678   1.6e-05   19.6   1.5   3   3    0.0038      0.04    8.4   0.1   574   630   217   276   196   280 0.78 -
scaffold_3317:5783-6307    -            175 1312453at2759        -            678   2.2e-05   19.2   0.0   1   1   2.4e-06   2.5e-05   19.0   0.0    83   172    74   169    61   175 0.76 -
scaffold_133:74611-76062   -            484 1312453at2759        -            678   3.8e-05   18.4   0.0   1   2   6.6e-05    0.0007   14.2   0.0    75   115   210   251   205   270 0.90 -
scaffold_133:74611-76062   -            484 1312453at2759        -            678   3.8e-05   18.4   0.0   2   2       0.4       4.2    1.7   0.0   162   185   315   338   299   346 0.89 -
scaffold_1086:45959-46555  -            199 1312453at2759        -            678   4.5e-05   18.1   0.0   1   2   2.1e-05   0.00022   15.8   0.0    78   125    12    60     5   120 0.84 -
scaffold_1086:45959-46555  -            199 1312453at2759        -            678   4.5e-05   18.1   0.0   2   2       2.2        23   -0.7   0.0   208   229   175   196   159   198 0.84 -
scaffold_197:4920-5615     -            232 1312453at2759        -            678   4.7e-05   18.1   0.0   1   1   5.6e-06     6e-05   17.7   0.0    97   181   133   221   103   227 0.82 -
scaffold_1019:38818-39219  -            134 1312453at2759        -            678   4.9e-05   18.0   2.1   1   2   0.00036    0.0038   11.8   0.5   572   601    15    45     1   102 0.62 -
scaffold_1019:38818-39219  -            134 1312453at2759        -            678   4.9e-05   18.0   2.1   2   2     0.019       0.2    6.1   0.0   574   596   107   129   102   132 0.87 -
scaffold_34:240669-241583  -            305 1312453at2759        -            678   5.2e-05   17.9   5.1   1   4     0.083      0.88    4.0   0.2   574   597     4    27     1    76 0.63 -
scaffold_34:240669-241583  -            305 1312453at2759        -            678   5.2e-05   17.9   5.1   2   4       1.6        17   -0.3   0.0   557   591    96   134    87   153 0.81 -
scaffold_34:240669-241583  -            305 1312453at2759        -            678   5.2e-05   17.9   5.1   3   4    0.0047      0.05    8.1   0.0   576   595   203   222   171   236 0.83 -
scaffold_34:240669-241583  -            305 1312453at2759        -            678   5.2e-05   17.9   5.1   4   4     0.037      0.39    5.1   0.1   570   593   246   269   222   303 0.82 -
scaffold_814:56320-56652   -            111 1312453at2759        -            678   5.8e-05   17.8   0.1   1   1   5.4e-05   0.00057   14.5   0.1    94   188    12   101     2   109 0.66 -
scaffold_134:123210-123749 -            180 1312453at2759        -            678   7.1e-05   17.5   0.0   1   2   7.7e-05   0.00082   14.0   0.0    67   116    18    68     3    83 0.86 -
scaffold_134:123210-123749 -            180 1312453at2759        -            678   7.1e-05   17.5   0.0   2   2      0.46       4.9    1.5   0.0   151   185   125   162   121   165 0.73 -
scaffold_657:8512-8991     -            160 1312453at2759        -            678   8.1e-05   17.3   0.0   1   2      0.37       3.9    1.8   0.2    91   113    13    36     3    51 0.77 -
scaffold_657:8512-8991     -            160 1312453at2759        -            678   8.1e-05   17.3   0.0   2   2   0.00011    0.0012   13.4   0.0   163   231    84   156    71   158 0.80 -
scaffold_4155:2-1060       -            353 1312453at2759        -            678     9e-05   17.1   0.2   1   2      0.15       1.5    3.1   0.0   577   598   209   230   200   256 0.86 -
scaffold_4155:2-1060       -            353 1312453at2759        -            678     9e-05   17.1   0.2   2   2   0.00028    0.0029   12.1   0.1   568   627   267   331   232   345 0.74 -
scaffold_348:88466-88972   -            169 1312453at2759        -            678   0.00011   16.9   0.0   1   1   2.5e-05   0.00027   15.6   0.0    99   228     8   164     3   167 0.71 -
scaffold_1021:32947-33495  -            183 1312453at2759        -            678   0.00013   16.6   0.0   1   2   0.00014    0.0015   13.1   0.0    80   115    21    58    14    63 0.88 -
scaffold_1021:32947-33495  -            183 1312453at2759        -            678   0.00013   16.6   0.0   2   2      0.54       5.7    1.3   0.0   162   181   101   120    92   139 0.86 -
scaffold_203:148094-148666 -            191 1312453at2759        -            678   0.00015   16.4   0.0   1   2    0.0056     0.059    7.8   0.0    89   125     2    39     1    51 0.79 -
scaffold_203:148094-148666 -            191 1312453at2759        -            678   0.00015   16.4   0.0   2   2      0.01      0.11    7.0   0.0   203   231   158   186    91   188 0.76 -
scaffold_6:252169-252642   -            158 1312453at2759        -            678   0.00017   16.2   2.5   1   2      0.12       1.3    3.4   0.1   578   592    17    31    11    71 0.48 -
scaffold_6:252169-252642   -            158 1312453at2759        -            678   0.00017   16.2   2.5   2   2   0.00023    0.0024   12.4   2.0   551   665    28   156    24   157 0.63 -
scaffold_65:140769-167939  -            196 1312453at2759        -            678   0.00018   16.1   0.1   1   2     0.039      0.41    5.0   0.0    91   115    10    35     3    42 0.80 -
scaffold_65:140769-167939  -            196 1312453at2759        -            678   0.00018   16.1   0.1   2   2    0.0046     0.049    8.1   0.0   161   239    98   192    79   195 0.62 -
scaffold_614:16188-16784   -            199 1312453at2759        -            678    0.0002   16.0   0.4   1   2      0.03      0.31    5.4   0.2   572   627    16    75     3    81 0.66 -
scaffold_614:16188-16784   -            199 1312453at2759        -            678    0.0002   16.0   0.4   2   2    0.0041     0.044    8.3   0.0   563   597    90   128    81   199 0.80 -
scaffold_282:112375-113061 -            229 1312453at2759        -            678   0.00022   15.8   0.1   1   2     6e-05   0.00064   14.3   0.0    84   115   113   145    99   163 0.84 -
scaffold_282:112375-113061 -            229 1312453at2759        -            678   0.00022   15.8   0.1   2   2       2.8        30   -1.1   0.0   161   178   206   223   197   229 0.79 -
scaffold_7:152747-153205   -            153 1312453at2759        -            678   0.00024   15.7   1.0   1   1   2.9e-05    0.0003   15.4   1.0    38   115    25   105    13   112 0.83 -
scaffold_19:217457-218227  -            257 1312453at2759        -            678    0.0003   15.4   0.2   1   3    0.0022     0.023    9.2   0.0   575   640    80   150    56   158 0.75 -
scaffold_19:217457-218227  -            257 1312453at2759        -            678    0.0003   15.4   0.2   2   3      0.28         3    2.2   0.0   576   597   187   208   180   220 0.79 -
scaffold_19:217457-218227  -            257 1312453at2759        -            678    0.0003   15.4   0.2   3   3       1.1        11    0.3   0.1   574   591   232   249   209   253 0.71 -
scaffold_2515:1375-3228    -            618 1312453at2759        -            678   0.00032   15.3   0.2   1   2      0.38         4    1.8   0.0   578   598   210   230   202   235 0.86 -
scaffold_2515:1375-3228    -            618 1312453at2759        -            678   0.00032   15.3   0.2   2   2   0.00061    0.0064   11.0   0.0   568   627   267   331   233   350 0.75 -
scaffold_3309:3408-4603    -            334 1312453at2759        -            678   0.00038   15.1   0.1   1   2     0.012      0.13    6.7   0.0   571   594    60    83    23   119 0.75 -
scaffold_3309:3408-4603    -            334 1312453at2759        -            678   0.00038   15.1   0.1   2   2     0.014      0.15    6.5   0.0   526   614   151   242   130   259 0.74 -
scaffold_93:137616-138315  -            145 1312453at2759        -            678   0.00062   14.4   0.0   1   2       0.1       1.1    3.6   0.0    89   124     2    38     1    46 0.88 -
scaffold_93:137616-138315  -            145 1312453at2759        -            678   0.00062   14.4   0.0   2   2    0.0028     0.029    8.8   0.0   164   228    72   145    69   145 0.78 -
scaffold_191:78529-79206   -            226 1312453at2759        -            678   0.00063   14.3   0.0   1   1   7.2e-05   0.00076   14.1   0.0    67   115    97   151    48   159 0.75 -
scaffold_31:449498-449866  -            123 1312453at2759        -            678   0.00065   14.3   0.1   1   2   0.00048     0.005   11.4   0.0    84   125     3    46     1    62 0.82 -
scaffold_31:449498-449866  -            123 1312453at2759        -            678   0.00065   14.3   0.1   2   2      0.61       6.5    1.1   0.0   164   177   108   121   105   123 0.89 -
scaffold_49:329347-329952  -            202 1312453at2759        -            678   0.00072   14.2   0.0   1   1   7.5e-05    0.0008   14.0   0.0    67   134    79   149    45   196 0.80 -
scaffold_94:129071-142726  -            186 1312453at2759        -            678   0.00081   14.0   0.0   1   2   0.00014    0.0015   13.1   0.0    49   114    51   116    37   138 0.80 -
scaffold_94:129071-142726  -            186 1312453at2759        -            678   0.00081   14.0   0.0   2   2       8.5        90   -2.7   0.0   160   184   162   185   143   185 0.70 -
scaffold_237:49628-50275   -            216 1312453at2759        -            678   0.00092   13.8   0.1   1   1   0.00019     0.002   12.7   0.1    48   126    67   156    59   213 0.73 -
scaffold_608:14703-15152   -            150 1312453at2759        -            678   0.00095   13.8   0.2   1   2       2.1        22   -0.7   0.1    10    42     4    37     1    69 0.68 -
scaffold_608:14703-15152   -            150 1312453at2759        -            678   0.00095   13.8   0.2   2   2   0.00023    0.0025   12.4   0.0    80   125    99   145    54   149 0.77 -
scaffold_509:91960-92400   -            147 1312453at2759        -            678   0.00096   13.7   0.0   1   1   9.3e-05   0.00099   13.7   0.0   159   229    64   144     2   147 0.69 -
scaffold_252:77950-78555   -            202 1312453at2759        -            678   0.00097   13.7   0.2   1   3       4.5        48   -1.8   0.0   614   645     5    36     2    44 0.62 -
scaffold_252:77950-78555   -            202 1312453at2759        -            678   0.00097   13.7   0.2   2   3     0.089      0.95    3.8   0.0   565   605   126   165   105   171 0.70 -
scaffold_252:77950-78555   -            202 1312453at2759        -            678   0.00097   13.7   0.2   3   3    0.0071     0.075    7.5   0.1   565   595   171   201   163   202 0.84 -
scaffold_1783:2206-2760    -            185 1312453at2759        -            678   0.00099   13.7   2.2   1   2      0.45       4.8    1.5   0.2   577   590     2    15     1    19 0.89 -
scaffold_1783:2206-2760    -            185 1312453at2759        -            678   0.00099   13.7   2.2   2   2   0.00029    0.0031   12.1   0.2   562   628    45   117    33   142 0.75 -
scaffold_299:145528-146049 -            174 1312453at2759        -            678   0.00099   13.7   0.0   1   1   0.00018    0.0019   12.7   0.0    82   221    32   173    26   174 0.74 -
scaffold_15:550727-551080  -            118 1312453at2759        -            678    0.0011   13.5   0.0   1   1   0.00017    0.0018   12.9   0.0    84   125    73   115    61   118 0.88 -
scaffold_211:106547-106960 -            138 1312453at2759        -            678    0.0013   13.3   0.2   1   1   0.00043    0.0045   11.5   0.2   160   229    51   134    38   137 0.67 -
scaffold_139:107365-107724 -            120 1312453at2759        -            678    0.0015   13.1   5.3   1   3     0.054      0.58    4.6   0.4   577   603     2    28     1    60 0.53 -
scaffold_139:107365-107724 -            120 1312453at2759        -            678    0.0015   13.1   5.3   2   3      0.21       2.3    2.6   0.1   575   599    42    66    24    86 0.75 -
scaffold_139:107365-107724 -            120 1312453at2759        -            678    0.0015   13.1   5.3   3   3    0.0019      0.02    9.4   0.2   574   592    93   111    75   119 0.73 -
scaffold_198:193385-193972 -            196 1312453at2759        -            678     0.002   12.7   0.0   1   1   0.00024    0.0025   12.4   0.0    59   127    56   128    35   132 0.77 -
scaffold_1539:12356-12880  -            175 1312453at2759        -            678    0.0023   12.5   3.3   1   3    0.0093     0.099    7.1   0.1   577   626     2    55     1    71 0.79 -
scaffold_1539:12356-12880  -            175 1312453at2759        -            678    0.0023   12.5   3.3   2   3      0.47         5    1.5   0.1   575   618    53    98    50   139 0.65 -
scaffold_1539:12356-12880  -            175 1312453at2759        -            678    0.0023   12.5   3.3   3   3     0.032      0.34    5.3   0.2   573   589   152   168   136   173 0.81 -
scaffold_63:376352-376942  -            197 1312453at2759        -            678    0.0029   12.1   0.1   1   2     0.099         1    3.7   0.0   577   610    28    61    22   104 0.81 -
scaffold_63:376352-376942  -            197 1312453at2759        -            678    0.0029   12.1   0.1   2   2     0.012      0.12    6.8   0.1   570   592   132   154   118   190 0.85 -
scaffold_57:156339-156710  -            124 1312453at2759        -            678     0.003   12.1   0.3   1   2      0.32       3.4    2.0   0.1   576   590    37    51    32    57 0.88 -
scaffold_57:156339-156710  -            124 1312453at2759        -            678     0.003   12.1   0.3   2   2    0.0035     0.037    8.5   0.0   573   591    80    98    52   109 0.77 -
scaffold_237:48809-49135   -            109 1312453at2759        -            678    0.0031   12.0   0.0   1   1   0.00032    0.0034   11.9   0.0    68   112    63   108    41   109 0.88 -
scaffold_329:102443-102835 -            131 1312453at2759        -            678    0.0033   12.0   0.0   1   1   0.00036    0.0038   11.8   0.0   161   226    68   130    48   131 0.74 -
scaffold_203:117722-118216 -            165 1312453at2759        -            678    0.0033   11.9   0.0   1   2     0.012      0.12    6.8   0.0   162   180    43    61    40    74 0.85 -
scaffold_203:117722-118216 -            165 1312453at2759        -            678    0.0033   11.9   0.0   2   2      0.14       1.5    3.2   0.0   208   233   125   150   118   153 0.88 -
scaffold_3:100288-101051   -            143 1312453at2759        -            678    0.0034   11.9   0.0   1   2    0.0013     0.014    9.9   0.0    98   140    10    52     2    68 0.88 -
scaffold_3:100288-101051   -            143 1312453at2759        -            678    0.0034   11.9   0.0   2   2       1.6        17   -0.3   0.0   204   228   118   142   109   143 0.83 -
scaffold_23:446785-447642  -            286 1312453at2759        -            678    0.0036   11.8   0.1   1   1   0.00049    0.0052   11.3   0.1    88   125   129   167   118   172 0.84 -
scaffold_14:577681-578028  -            116 1312453at2759        -            678    0.0037   11.8   0.5   1   2      0.08      0.85    4.0   0.0   569   597    50    78    20    90 0.63 -
scaffold_14:577681-578028  -            116 1312453at2759        -            678    0.0037   11.8   0.5   2   2     0.018      0.19    6.2   0.1   573   592    96   115    79   116 0.78 -
scaffold_192:190954-191973 -            340 1312453at2759        -            678    0.0039   11.7   1.3   1   3      0.75       7.9    0.8   0.0   576   591    69    84    65    87 0.88 -
scaffold_192:190954-191973 -            340 1312453at2759        -            678    0.0039   11.7   1.3   2   3     0.021      0.22    6.0   0.1   573   590   225   242   171   244 0.61 -
scaffold_192:190954-191973 -            340 1312453at2759        -            678    0.0039   11.7   1.3   3   3     0.018       0.2    6.1   0.0   573   592   225   244   211   285 0.87 -
scaffold_39:152174-152596  -            141 1312453at2759        -            678    0.0041   11.6   0.0   1   1    0.0014     0.014    9.8   0.0    94   227     5   140     2   141 0.62 -
scaffold_14:578423-579124  -            234 1312453at2759        -            678    0.0048   11.4   0.0   1   1   0.00057     0.006   11.1   0.0   573   596    18    41     4    76 0.72 -
scaffold_258:123537-124367 -            277 1312453at2759        -            678    0.0058   11.2   0.5   1   4       1.2        13    0.1   0.1   577   593    24    40    21    80 0.84 -
scaffold_258:123537-124367 -            277 1312453at2759        -            678    0.0058   11.2   0.5   2   4      0.44       4.6    1.6   0.0   581   642    85   152    68   162 0.67 -
scaffold_258:123537-124367 -            277 1312453at2759        -            678    0.0058   11.2   0.5   3   4       2.1        22   -0.7   0.0   568   592   200   224   184   238 0.84 -
scaffold_258:123537-124367 -            277 1312453at2759        -            678    0.0058   11.2   0.5   4   4     0.067      0.71    4.3   0.0   565   591   246   272   231   276 0.87 -
scaffold_11:618106-618663  -            186 1312453at2759        -            678     0.006   11.1   0.0   1   1   0.00068    0.0072   10.9   0.0    83   128    74   120    58   179 0.80 -
scaffold_301:22424-22846   -            141 1312453at2759        -            678    0.0074   10.8   0.1   1   2       6.9        73   -2.4   0.0   574   591    46    63    26    66 0.61 -
scaffold_301:22424-22846   -            141 1312453at2759        -            678    0.0074   10.8   0.1   2   2    0.0014     0.015    9.8   0.1   574   592   108   126   102   136 0.85 -
scaffold_18:165953-166792  -            280 1312453at2759        -            678    0.0075   10.8   0.0   1   1    0.0011     0.012   10.1   0.0   550   598   220   274   201   278 0.72 -
scaffold_579:51112-51705   -            198 1312453at2759        -            678    0.0082   10.7   0.0   1   1    0.0046     0.048    8.1   0.0    89   124   103   143    93   198 0.60 -
scaffold_130:91942-92202   -             87 1312453at2759        -            678    0.0099   10.4   0.2   1   2      0.16       1.7    3.0   0.1   574   592    16    34    14    46 0.86 -
scaffold_130:91942-92202   -             87 1312453at2759        -            678    0.0099   10.4   0.2   2   2     0.043      0.45    4.9   0.0   570   588    69    87    61    87 0.89 -
scaffold_166:150479-150940 -            154 1312453at2759        -            678     0.011   10.3   0.0   1   1    0.0011     0.012   10.1   0.0    58   125    71   144    45   150 0.77 -
scaffold_55:233239-233724  -            162 1312453at2759        -            678     0.012   10.1   0.0   1   1    0.0015     0.016    9.7   0.0   188   233   106   153    65   157 0.74 -
scaffold_23:559745-560719  -            325 1312453at2759        -            678     0.012   10.1   0.0   1   3      0.27       2.9    2.2   0.0   574   635    78   141    55   152 0.65 -
scaffold_23:559745-560719  -            325 1312453at2759        -            678     0.012   10.1   0.0   2   3       1.2        12    0.2   0.0   600   643   159   202    90   211 0.54 -
scaffold_23:559745-560719  -            325 1312453at2759        -            678     0.012   10.1   0.0   3   3      0.05      0.53    4.7   0.0   574   589   309   324   265   325 0.69 -
scaffold_145:140779-141765 -            329 1312453at2759        -            678     0.013   10.0   0.1   1   3      0.49       5.1    1.4   0.0   574   630    18    78    12   100 0.78 -
scaffold_145:140779-141765 -            329 1312453at2759        -            678     0.013   10.0   0.1   2   3         2        21   -0.6   0.1   570   600   123   153   101   169 0.81 -
scaffold_145:140779-141765 -            329 1312453at2759        -            678     0.013   10.0   0.1   3   3     0.043      0.45    4.9   0.0   574   605   282   313   271   328 0.77 -
scaffold_21:30278-30955    -            226 1312453at2759        -            678     0.014    9.9   0.2   1   3         6        64   -2.2   0.0   577   611     1    37     1    48 0.57 -
scaffold_21:30278-30955    -            226 1312453at2759        -            678     0.014    9.9   0.2   2   3    0.0074     0.079    7.4   0.1   573   592    50    69    44    93 0.85 -
scaffold_21:30278-30955    -            226 1312453at2759        -            678     0.014    9.9   0.2   3   3       2.5        27   -1.0   0.0   575   587   159   171   141   179 0.87 -
scaffold_264:70693-71334   -            214 1312453at2759        -            678     0.015    9.8   0.0   1   1    0.0028     0.029    8.8   0.0    82   128   107   154    91   208 0.82 -
#
# Program:         hmmsearch
# Version:         3.1b2 (February 2015)
# Pipeline mode:   SEARCH
# Query file:      /Users/aholzer/ownCloud/PhD/Publications/2021 Liavero-Pasquina et al./analysis/TPP_aptamer_search/busco_downloads/lineages/eukaryota_odb10/hmms/1312453at2759.hmm
# Target file:     /Users/aholzer/ownCloud/PhD/Publications/2021 Liavero-Pasquina et al./analysis/TPP_aptamer_search/genomes/BUSCO_eukaryota_obd10/Pseudo-nitzschia_multiseries_Psemu1/run_eukaryota_odb10/metaeuk_output/rerun_results/Psemu1_AssemblyScaffolds_Repeatmasked.fna.modified.fas
# Option settings: hmmsearch --domtblout /Users/aholzer/ownCloud/PhD/Publications/2021 Liavero-Pasquina et al./analysis/TPP_aptamer_search/genomes/BUSCO_eukaryota_obd10/Pseudo-nitzschia_multiseries_Psemu1/run_eukaryota_odb10/hmmer_output/rerun_results/1312453at2759.out --cpu 1 /Users/aholzer/ownCloud/PhD/Publications/2021 Liavero-Pasquina et al./analysis/TPP_aptamer_search/busco_downloads/lineages/eukaryota_odb10/hmms/1312453at2759.hmm /Users/aholzer/ownCloud/PhD/Publications/2021 Liavero-Pasquina et al./analysis/TPP_aptamer_search/genomes/BUSCO_eukaryota_obd10/Pseudo-nitzschia_multiseries_Psemu1/run_eukaryota_odb10/metaeuk_output/rerun_results/Psemu1_AssemblyScaffolds_Repeatmasked.fna.modified.fas 
# Current dir:     /Users/aholzer/ownCloud/PhD/Publications/2021 Liavero-Pasquina et al./analysis/TPP_aptamer_search
# Date:            Sun Apr 18 03:45:52 2021
# [ok]
