#                                                                                  --- full sequence --- -------------- this domain -------------   hmm coord   ali coord   env coord
# target name              accession   tlen query name           accession   qlen   E-value  score  bias   #  of  c-Evalue  i-Evalue  score  bias  from    to  from    to  from    to  acc description of target
#      ------------------- ---------- ----- -------------------- ---------- ----- --------- ------ ----- --- --- --------- --------- ------ ----- ----- ----- ----- ----- ----- ----- ---- ---------------------
CM000653_1:744410-746631   -            575 1479417at2759        -            177   6.2e-78  256.0   1.8   1   3   8.8e-50   2.5e-48  159.6   0.0     1   165    14   186    14   190 0.93 -
CM000653_1:744410-746631   -            575 1479417at2759        -            177   6.2e-78  256.0   1.8   2   3   1.3e-10   3.6e-09   32.0   0.4    84   148   192   248   184   279 0.86 -
CM000653_1:744410-746631   -            575 1479417at2759        -            177   6.2e-78  256.0   1.8   3   3   4.6e-20   1.3e-18   62.8   0.1    74   171   284   383   247   386 0.85 -
CM000639_1:1478574-1479562 -            293 1479417at2759        -            177   4.6e-72  236.8   0.0   1   1   3.8e-73   1.1e-71  235.6   0.0     1   166     4   182     4   192 0.91 -
CM000641_1:1080330-1083100 -            886 1479417at2759        -            177   5.6e-46  151.9   0.0   1   6   2.2e-06     6e-05   18.2   0.0    82   163    12    97     5   100 0.84 -
CM000641_1:1080330-1083100 -            886 1479417at2759        -            177   5.6e-46  151.9   0.0   2   6   8.1e-16   2.3e-14   48.9   0.0     5    75   334   403   320   414 0.59 -
CM000641_1:1080330-1083100 -            886 1479417at2759        -            177   5.6e-46  151.9   0.0   3   6     0.015      0.43    5.7   0.0    78   167   525   612   523   620 0.85 -
CM000641_1:1080330-1083100 -            886 1479417at2759        -            177   5.6e-46  151.9   0.0   4   6     0.004      0.11    7.6   0.1    78   118   647   687   644   694 0.87 -
CM000641_1:1080330-1083100 -            886 1479417at2759        -            177   5.6e-46  151.9   0.0   5   6   5.7e-08   1.6e-06   23.4   0.0    42    80   707   745   686   752 0.78 -
CM000641_1:1080330-1083100 -            886 1479417at2759        -            177   5.6e-46  151.9   0.0   6   6   7.6e-13   2.1e-11   39.3   0.0     4    82   766   843   763   859 0.90 -
CM000639_1:2058616-2060189 -            195 1479417at2759        -            177   1.8e-25   85.1   0.0   1   2   1.9e-09   5.2e-08   28.2   0.0     4   144     5    65     3    67 0.61 -
CM000639_1:2058616-2060189 -            195 1479417at2759        -            177   1.8e-25   85.1   0.0   2   2   1.6e-18   4.6e-17   57.7   0.1    73   158    58   145    57   155 0.91 -
CM000640_1:979492-980094   -            201 1479417at2759        -            177   1.9e-21   72.0   0.0   1   2     2e-11   5.6e-10   34.6   0.0     4    83     6    83     3    85 0.86 -
CM000640_1:979492-980094   -            201 1479417at2759        -            177   1.9e-21   72.0   0.0   2   2   1.3e-11   3.5e-10   35.3   0.0    70   158   111   201   106   201 0.87 -
CM000638_1:2142847-2143092 -             82 1479417at2759        -            177   1.5e-19   65.8   0.0   1   1   6.3e-21   1.7e-19   65.6   0.0     4    81     1    78     1    81 0.97 -
CP001159_1:616406-616846   -            147 1479417at2759        -            177     1e-16   56.6   0.1   1   1   2.4e-17   6.6e-16   53.9   0.1    42   166     6   147     1   147 0.73 -
CM000639_1:2308176-2308397 -             74 1479417at2759        -            177   1.1e-16   56.4   0.0   1   1   4.5e-18   1.2e-16   56.3   0.0     4    76     1    73     1    74 0.84 -
CM000640_1:404888-405202   -            105 1479417at2759        -            177   4.1e-15   51.3   0.0   1   1   1.7e-16   4.7e-15   51.2   0.0     2    65     4    67     3    84 0.92 -
CP001160_1:648440-648781   -            114 1479417at2759        -            177   8.7e-15   50.3   0.0   1   1   3.6e-16   9.9e-15   50.1   0.0     2    76    19    93    18   102 0.95 -
CM000642_1:1738096-1738470 -            125 1479417at2759        -            177   9.3e-15   50.2   0.0   1   1   4.1e-16   1.1e-14   49.9   0.0     2    77    28   103    27   111 0.96 -
CM000647_1:495132-495476   -            115 1479417at2759        -            177   4.1e-14   48.1   0.0   1   1   1.8e-15     5e-14   47.8   0.0     4    80     2    77     1    81 0.94 -
CM000641_1:1605711-1605941 -             77 1479417at2759        -            177     1e-13   46.8   0.0   1   1   3.9e-15   1.1e-13   46.7   0.0     2    78     2    77     1    77 0.96 -
CM000641_1:1872213-1872614 -            134 1479417at2759        -            177   1.1e-13   46.7   0.0   1   2   2.6e-05   0.00072   14.7   0.0    26    64     1    39     1    59 0.83 -
CM000641_1:1872213-1872614 -            134 1479417at2759        -            177   1.1e-13   46.7   0.0   2   2     4e-10   1.1e-08   30.4   0.0     2    49    86   133    85   134 0.95 -
CM000639_1:433987-434403   -            139 1479417at2759        -            177   3.3e-13   45.1   0.0   1   2   2.2e-05   0.00062   14.9   0.0    86   121     2    37     1    42 0.81 -
CM000639_1:433987-434403   -            139 1479417at2759        -            177   3.3e-13   45.1   0.0   2   2   1.6e-09   4.4e-08   28.4   0.0   120   157    67   104    52   116 0.76 -
CM000643_1:1327914-1328204 -             97 1479417at2759        -            177   7.8e-13   43.9   0.0   1   1   3.1e-14   8.7e-13   43.8   0.0     4    75    26    97    23    97 0.95 -
CM000639_1:1760750-1761034 -             95 1479417at2759        -            177   2.2e-12   42.4   0.1   1   1   9.1e-14   2.5e-12   42.2   0.1    86   167     1    84     1    90 0.86 -
CM000648_1:770566-770838   -             91 1479417at2759        -            177   5.1e-12   41.3   0.0   1   1   2.2e-13     6e-12   41.0   0.0    80   155    12    88     6    91 0.88 -
CM000638_1:1179337-1179606 -             90 1479417at2759        -            177   2.7e-11   38.9   0.0   1   1   1.1e-12     3e-11   38.8   0.0     5    82     2    78     1    82 0.92 -
CM000649_1:774140-774421   -             94 1479417at2759        -            177   1.3e-10   36.7   0.1   1   1   5.4e-12   1.5e-10   36.5   0.1    82   142    15    78    10    94 0.75 -
DS999416_1:36930-37295     -            122 1479417at2759        -            177   9.9e-10   33.8   0.0   1   1   1.1e-10     3e-09   32.2   0.0     3    77    25   111    23   118 0.80 -
CM000639_1:1904788-1905522 -            245 1479417at2759        -            177   1.1e-09   33.7   2.0   1   4     0.045       1.2    4.2   0.0    92   119    13    40     3    49 0.76 -
CM000639_1:1904788-1905522 -            245 1479417at2759        -            177   1.1e-09   33.7   2.0   2   4   3.2e-06     9e-05   17.7   0.2   115   146    57    88    46   118 0.72 -
CM000639_1:1904788-1905522 -            245 1479417at2759        -            177   1.1e-09   33.7   2.0   3   4      0.91        25   -0.1   0.0    84   110   168   195   122   202 0.63 -
CM000639_1:1904788-1905522 -            245 1479417at2759        -            177   1.1e-09   33.7   2.0   4   4    0.0026     0.073    8.2   0.1    41    60   225   244   221   245 0.70 -
CM000638_1:1356942-1357202 -             87 1479417at2759        -            177   1.4e-09   33.3   0.0   1   1   5.8e-11   1.6e-09   33.1   0.0     3    75     1    78     1    85 0.74 -
CM000649_1:774714-774929   -             72 1479417at2759        -            177     3e-09   32.3   0.0   1   1   1.1e-10     3e-09   32.2   0.0     4    56     1    53     1    69 0.92 -
CM000643_1:1663976-1664584 -            203 1479417at2759        -            177   8.6e-09   30.7   0.0   1   3      0.32         9    1.4   0.0    82   107     8    32     2    57 0.63 -
CM000643_1:1663976-1664584 -            203 1479417at2759        -            177   8.6e-09   30.7   0.0   2   3     0.046       1.3    4.1   0.0   120   144    65    88    49   101 0.63 -
CM000643_1:1663976-1664584 -            203 1479417at2759        -            177   8.6e-09   30.7   0.0   3   3   2.2e-07     6e-06   21.5   0.0     3    61   140   199   138   203 0.86 -
CM000638_1:2445096-2445299 -             68 1479417at2759        -            177   1.5e-08   29.9   0.0   1   1   5.5e-10   1.5e-08   29.9   0.0     4    66     1    63     1    68 0.87 -
CM000649_1:404696-404923   -             76 1479417at2759        -            177   9.5e-08   27.4   0.0   1   1     4e-09   1.1e-07   27.1   0.0     4    74     6    76     3    76 0.88 -
CM000639_1:845546-845857   -            104 1479417at2759        -            177   2.7e-07   25.9   0.0   1   1   1.3e-08   3.6e-07   25.5   0.0     4    81     2    81     1    85 0.88 -
CM000648_1:280165-282310   -            684 1479417at2759        -            177   0.00012   17.2   0.0   1   1   8.5e-06   0.00024   16.3   0.0    32    70    52    90    46   105 0.83 -
DS999415_1:632858-633094   -             79 1479417at2759        -            177   0.00013   17.2   0.0   1   1   5.2e-06   0.00014   17.0   0.0     3    73     8    77     6    79 0.84 -
#
# Program:         hmmsearch
# Version:         3.1b2 (February 2015)
# Pipeline mode:   SEARCH
# Query file:      /Users/aholzer/ownCloud/PhD/Publications/2021 Liavero-Pasquina et al./analysis/TPP_aptamer_search/busco_downloads/lineages/eukaryota_odb10/hmms/1479417at2759.hmm
# Target file:     /Users/aholzer/ownCloud/PhD/Publications/2021 Liavero-Pasquina et al./analysis/TPP_aptamer_search/genomes/BUSCO_eukaryota_obd10/Thalassiosira_pseudonana_ASM14940v2/run_eukaryota_odb10/metaeuk_output/initial_results/GCA_000149405.2_ASM14940v2_genomic.fna.modified.fas
# Option settings: hmmsearch --domtblout /Users/aholzer/ownCloud/PhD/Publications/2021 Liavero-Pasquina et al./analysis/TPP_aptamer_search/genomes/BUSCO_eukaryota_obd10/Thalassiosira_pseudonana_ASM14940v2/run_eukaryota_odb10/hmmer_output/initial_run_results/1479417at2759.out --cpu 1 /Users/aholzer/ownCloud/PhD/Publications/2021 Liavero-Pasquina et al./analysis/TPP_aptamer_search/busco_downloads/lineages/eukaryota_odb10/hmms/1479417at2759.hmm /Users/aholzer/ownCloud/PhD/Publications/2021 Liavero-Pasquina et al./analysis/TPP_aptamer_search/genomes/BUSCO_eukaryota_obd10/Thalassiosira_pseudonana_ASM14940v2/run_eukaryota_odb10/metaeuk_output/initial_results/GCA_000149405.2_ASM14940v2_genomic.fna.modified.fas 
# Current dir:     /Users/aholzer/ownCloud/PhD/Publications/2021 Liavero-Pasquina et al./analysis/TPP_aptamer_search
# Date:            Mon Apr 19 03:19:49 2021
# [ok]
