#                                                                                  --- full sequence --- -------------- this domain -------------   hmm coord   ali coord   env coord
# target name              accession   tlen query name           accession   qlen   E-value  score  bias   #  of  c-Evalue  i-Evalue  score  bias  from    to  from    to  from    to  acc description of target
#      ------------------- ---------- ----- -------------------- ---------- ----- --------- ------ ----- --- --- --------- --------- ------ ----- ----- ----- ----- ----- ----- ----- ---- ---------------------
CM000652_1:184864-186315   -            484 604979at2759         -            307  1.4e-113  374.9   5.9   1   1    3e-113  3.6e-112  370.3   5.9    43   302    99   387    75   390 0.88 -
CM000647_1:1061701-1062732 -            344 604979at2759         -            307   2.3e-32  108.2   9.1   1   3   4.1e-16   4.9e-15   51.3   0.6   120   246     2   142     1   146 0.85 -
CM000647_1:1061701-1062732 -            344 604979at2759         -            307   2.3e-32  108.2   9.1   2   3   1.4e-09   1.7e-08   29.8   0.5    88   192    51   169    48   200 0.54 -
CM000647_1:1061701-1062732 -            344 604979at2759         -            307   2.3e-32  108.2   9.1   3   3   1.4e-14   1.6e-13   46.2   0.1   132   225   241   343   224   344 0.86 -
CM000643_1:1053239-1054150 -            304 604979at2759         -            307   5.1e-30  100.4   2.2   1   2   5.5e-18   6.5e-17   57.4   0.1   159   262     5   114     2   117 0.89 -
CM000643_1:1053239-1054150 -            304 604979at2759         -            307   5.1e-30  100.4   2.2   2   2   4.2e-13     5e-12   41.4   0.2   152   264   174   292   165   298 0.85 -
CM000641_1:234426-235295   -            290 604979at2759         -            307   8.8e-29   96.4   2.2   1   2   3.4e-19   4.1e-18   61.4   0.2    86   250     4   182     1   190 0.81 -
CM000641_1:234426-235295   -            290 604979at2759         -            307   8.8e-29   96.4   2.2   2   2     8e-11   9.5e-10   33.9   0.1   135   195   187   253   181   270 0.86 -
CM000646_1:828450-829178   -            243 604979at2759         -            307   4.9e-27   90.7   0.2   1   3   2.9e-23   3.5e-22   74.7   0.1   126   226    11   119     3   130 0.88 -
CM000646_1:828450-829178   -            243 604979at2759         -            307   4.9e-27   90.7   0.2   2   3     0.014      0.16    6.8   0.0    46    69   138   161   123   166 0.90 -
CM000646_1:828450-829178   -            243 604979at2759         -            307   4.9e-27   90.7   0.2   3   3     0.045      0.54    5.1   0.0   130   160   208   241   185   243 0.62 -
CM000638_1:2531041-2532102 -            354 604979at2759         -            307   8.3e-26   86.6   8.6   1   5    0.0011     0.013   10.5   0.0   266   301     3    39     1    44 0.84 -
CM000638_1:2531041-2532102 -            354 604979at2759         -            307   8.3e-26   86.6   8.6   2   5   0.00011    0.0014   13.7   0.0   268   299    61    92    53    99 0.89 -
CM000638_1:2531041-2532102 -            354 604979at2759         -            307   8.3e-26   86.6   8.6   3   5   0.00083    0.0099   10.8   0.0   265   296    99   130    92   139 0.72 -
CM000638_1:2531041-2532102 -            354 604979at2759         -            307   8.3e-26   86.6   8.6   4   5   7.7e-09   9.2e-08   27.4   0.6   164   249   152   242   135   248 0.76 -
CM000638_1:2531041-2532102 -            354 604979at2759         -            307   8.3e-26   86.6   8.6   5   5   6.4e-08   7.6e-07   24.3   0.0    55   150   255   353   249   354 0.87 -
CM000641_1:1595741-1599574 -           1192 604979at2759         -            307   3.8e-25   84.4   5.3   1   3     0.012      0.14    7.0   0.0   200   268   306   383   298   396 0.69 -
CM000641_1:1595741-1599574 -           1192 604979at2759         -            307   3.8e-25   84.4   5.3   2   3    0.0016     0.019    9.9   0.0   263   296   687   720   679   743 0.70 -
CM000641_1:1595741-1599574 -           1192 604979at2759         -            307   3.8e-25   84.4   5.3   3   3   2.6e-18   3.1e-17   58.5   3.7   157   303   804   967   762   971 0.78 -
CM000641_1:589394-590603   -            326 604979at2759         -            307   5.2e-25   84.0   0.5   1   3   4.7e-14   5.7e-13   44.5   0.0    56   194    13   162     9   171 0.86 -
CM000641_1:589394-590603   -            326 604979at2759         -            307   5.2e-25   84.0   0.5   2   3       1.8        21   -0.1   0.0    40    69   176   205   161   214 0.81 -
CM000641_1:589394-590603   -            326 604979at2759         -            307   5.2e-25   84.0   0.5   3   3   4.2e-11     5e-10   34.8   0.7   174   245   247   320   237   324 0.89 -
CM000648_1:874998-876014   -            339 604979at2759         -            307   6.6e-24   80.4   1.5   1   3   2.3e-06   2.8e-05   19.2   0.1   152   228    42   124    35   137 0.81 -
CM000648_1:874998-876014   -            339 604979at2759         -            307   6.6e-24   80.4   1.5   2   3     1e-07   1.2e-06   23.7   0.0   199   261   142   203   125   206 0.85 -
CM000648_1:874998-876014   -            339 604979at2759         -            307   6.6e-24   80.4   1.5   3   3   5.4e-16   6.4e-15   50.9   0.2   135   295   153   339   150   339 0.70 -
CM000645_1:187269-187841   -            191 604979at2759         -            307   4.2e-22   74.5   0.0   1   2   1.2e-19   1.4e-18   62.9   0.0   153   254    16   122    13   137 0.88 -
CM000645_1:187269-187841   -            191 604979at2759         -            307   4.2e-22   74.5   0.0   2   2    0.0016     0.019    9.9   0.0   208   243   151   186   142   191 0.57 -
CM000639_1:1785966-1788918 -            929 604979at2759         -            307   1.8e-21   72.4   0.0   1   4   0.00057    0.0068   11.4   0.0   125   246    75   211    33   236 0.64 -
CM000639_1:1785966-1788918 -            929 604979at2759         -            307   1.8e-21   72.4   0.0   2   4   4.2e-11     5e-10   34.8   0.0    82   235   334   500   320   512 0.81 -
CM000639_1:1785966-1788918 -            929 604979at2759         -            307   1.8e-21   72.4   0.0   3   4     0.011      0.14    7.1   0.0   207   263   515   571   505   572 0.68 -
CM000639_1:1785966-1788918 -            929 604979at2759         -            307   1.8e-21   72.4   0.0   4   4   6.1e-07   7.3e-06   21.1   0.0   126   199   553   634   532   647 0.85 -
CM000643_1:996261-999479   -           1073 604979at2759         -            307   1.8e-21   72.4   9.7   1   7       3.3        40   -1.0   0.1   132   173   112   153   108   160 0.78 -
CM000643_1:996261-999479   -           1073 604979at2759         -            307   1.8e-21   72.4   9.7   2   7   0.00013    0.0016   13.4   0.0   153   246   178   285   170   303 0.68 -
CM000643_1:996261-999479   -           1073 604979at2759         -            307   1.8e-21   72.4   9.7   3   7       2.8        33   -0.7   0.0   134   149   305   320   299   326 0.66 -
CM000643_1:996261-999479   -           1073 604979at2759         -            307   1.8e-21   72.4   9.7   4   7         1        12    0.7   0.0   264   296   367   400   358   411 0.80 -
CM000643_1:996261-999479   -           1073 604979at2759         -            307   1.8e-21   72.4   9.7   5   7     0.027      0.32    5.9   0.0   112   157   534   579   527   611 0.75 -
CM000643_1:996261-999479   -           1073 604979at2759         -            307   1.8e-21   72.4   9.7   6   7   0.00046    0.0055   11.7   0.2   264   298   630   669   617   678 0.73 -
CM000643_1:996261-999479   -           1073 604979at2759         -            307   1.8e-21   72.4   9.7   7   7   2.7e-12   3.2e-11   38.7   0.6   115   258   687   839   682   853 0.80 -
CM000644_1:584497-586020   -            508 604979at2759         -            307   7.7e-21   70.3   0.5   1   3   0.00069    0.0082   11.1   0.0   211   263    83   135    64   138 0.87 -
CM000644_1:584497-586020   -            508 604979at2759         -            307   7.7e-21   70.3   0.5   2   3   1.2e-14   1.4e-13   46.5   0.1   131   262   212   355   200   358 0.82 -
CM000644_1:584497-586020   -            508 604979at2759         -            307   7.7e-21   70.3   0.5   3   3     1e-05   0.00012   17.1   0.1   126   205   338   437   337   445 0.69 -
CM000638_1:723210-724601   -            464 604979at2759         -            307   2.5e-20   68.6   0.2   1   2    0.0025      0.03    9.2   0.0    93   221   101   240    89   243 0.75 -
CM000638_1:723210-724601   -            464 604979at2759         -            307   2.5e-20   68.6   0.2   2   2   2.9e-18   3.4e-17   58.3   0.5    46   263   221   457   215   461 0.77 -
CM000649_1:675187-676367   -            333 604979at2759         -            307   3.6e-19   64.8   5.7   1   3      0.17         2    3.2   0.0   162   203    23    66    15    77 0.82 -
CM000649_1:675187-676367   -            333 604979at2759         -            307   3.6e-19   64.8   5.7   2   3   2.3e-11   2.8e-10   35.7   0.1   178   260    88   170    76   180 0.87 -
CM000649_1:675187-676367   -            333 604979at2759         -            307   3.6e-19   64.8   5.7   3   3    0.0023     0.028    9.4   0.0   233   258   206   231   195   234 0.85 -
CM000638_1:2527576-2528523 -            316 604979at2759         -            307     8e-19   63.7   4.6   1   3   5.3e-11   6.4e-10   34.5   0.3   180   263    88   171    57   177 0.84 -
CM000638_1:2527576-2528523 -            316 604979at2759         -            307     8e-19   63.7   4.6   2   3   1.2e-07   1.4e-06   23.5   0.1    47   195   154   234   153   263 0.49 -
CM000638_1:2527576-2528523 -            316 604979at2759         -            307     8e-19   63.7   4.6   3   3   0.00057    0.0067   11.4   0.0    85   149   239   309   235   312 0.62 -
CM000653_1:499387-500498   -            312 604979at2759         -            307   8.2e-19   63.7   0.1   1   2   1.1e-10   1.3e-09   33.4   0.1   160   264    63   172    33   178 0.81 -
CM000653_1:499387-500498   -            312 604979at2759         -            307   8.2e-19   63.7   0.1   2   2     7e-10   8.4e-09   30.8   0.0   132   263   160   305   153   311 0.62 -
CM000646_1:654381-655211   -            277 604979at2759         -            307   1.2e-17   59.9   1.2   1   3       0.1       1.2    4.0   0.0   130   151    25    46    17    55 0.72 -
CM000646_1:654381-655211   -            277 604979at2759         -            307   1.2e-17   59.9   1.2   2   3   1.3e-07   1.5e-06   23.3   0.1   202   301    80   196    66   200 0.66 -
CM000646_1:654381-655211   -            277 604979at2759         -            307   1.2e-17   59.9   1.2   3   3   5.8e-13   6.9e-12   40.9   0.1   127   225   170   277   169   277 0.85 -
CM000641_1:177582-178472   -            297 604979at2759         -            307   1.2e-17   59.8   1.0   1   2   8.6e-13     1e-11   40.3   0.3    90   258    17   199     4   234 0.78 -
CM000641_1:177582-178472   -            297 604979at2759         -            307   1.2e-17   59.8   1.0   2   2     1e-08   1.2e-07   26.9   0.3   126   264   141   295   126   296 0.76 -
CM000638_1:882113-883012   -            300 604979at2759         -            307   2.5e-17   58.8   0.7   1   3     0.097       1.2    4.0   0.0   193   225     1    36     1    43 0.72 -
CM000638_1:882113-883012   -            300 604979at2759         -            307   2.5e-17   58.8   0.7   2   3   4.7e-07   5.6e-06   21.5   0.2    88   185    64   129    52   149 0.48 -
CM000638_1:882113-883012   -            300 604979at2759         -            307   2.5e-17   58.8   0.7   3   3   1.2e-09   1.4e-08   30.1   0.0   123   238   150   271   139   276 0.78 -
CM000638_1:1470475-1471461 -            329 604979at2759         -            307   8.6e-17   57.0   0.1   1   4   3.6e-08   4.3e-07   25.2   0.1   155   236     5    91     3    93 0.82 -
CM000638_1:1470475-1471461 -            329 604979at2759         -            307   8.6e-17   57.0   0.1   2   4   0.00042     0.005   11.8   0.0   172   226    67   127    59   141 0.69 -
CM000638_1:1470475-1471461 -            329 604979at2759         -            307   8.6e-17   57.0   0.1   3   4   1.1e-07   1.3e-06   23.6   0.0   178   238   175   237   150   272 0.76 -
CM000638_1:1470475-1471461 -            329 604979at2759         -            307   8.6e-17   57.0   0.1   4   4      0.67         8    1.3   0.0   231   263   285   316   258   323 0.59 -
CM000639_1:1282163-1282618 -            152 604979at2759         -            307   1.9e-15   52.6   0.0   1   1   4.4e-16   5.3e-15   51.1   0.0   126   244    15   147     3   150 0.83 -
CM000639_1:360756-362630   -            625 604979at2759         -            307   2.2e-14   49.1   1.5   1   4      0.23       2.7    2.8   0.0   175   264    94   143    65   163 0.58 -
CM000639_1:360756-362630   -            625 604979at2759         -            307   2.2e-14   49.1   1.5   2   4   6.2e-08   7.4e-07   24.4   0.0    68   187   189   322   182   336 0.75 -
CM000639_1:360756-362630   -            625 604979at2759         -            307   2.2e-14   49.1   1.5   3   4   0.00037    0.0044   12.0   0.2   122   225   342   463   334   465 0.60 -
CM000639_1:360756-362630   -            625 604979at2759         -            307   2.2e-14   49.1   1.5   4   4         1        12    0.7   0.0   112   171   475   535   470   558 0.83 -
CM000648_1:841295-843057   -            500 604979at2759         -            307   2.9e-14   48.7   0.1   1   3       1.1        13    0.6   0.2   262   289    79   110    64   118 0.76 -
CM000648_1:841295-843057   -            500 604979at2759         -            307   2.9e-14   48.7   0.1   2   3   1.3e-07   1.6e-06   23.3   0.0   133   229   166   271   139   311 0.82 -
CM000648_1:841295-843057   -            500 604979at2759         -            307   2.9e-14   48.7   0.1   3   3   1.1e-06   1.3e-05   20.3   0.0   135   224   386   495   369   498 0.72 -
CM000648_1:1044377-1045776 -            330 604979at2759         -            307   6.7e-14   47.5   0.3   1   3      0.26       3.1    2.6   0.2   164   211    58   109    55   119 0.57 -
CM000648_1:1044377-1045776 -            330 604979at2759         -            307   6.7e-14   47.5   0.3   2   3   2.8e-09   3.3e-08   28.8   0.0   177   259   142   237   134   243 0.79 -
CM000648_1:1044377-1045776 -            330 604979at2759         -            307   6.7e-14   47.5   0.3   3   3   0.00031    0.0037   12.2   0.0    83   148   256   327   242   329 0.70 -
CM000651_1:595333-596732   -            330 604979at2759         -            307   6.7e-14   47.5   0.3   1   3      0.26       3.1    2.6   0.2   164   211    58   109    55   119 0.57 -
CM000651_1:595333-596732   -            330 604979at2759         -            307   6.7e-14   47.5   0.3   2   3   2.8e-09   3.3e-08   28.8   0.0   177   259   142   237   134   243 0.79 -
CM000651_1:595333-596732   -            330 604979at2759         -            307   6.7e-14   47.5   0.3   3   3   0.00031    0.0037   12.2   0.0    83   148   256   327   242   329 0.70 -
CM000638_1:713343-713882   -            180 604979at2759         -            307   1.8e-13   46.1   0.3   1   2   1.2e-06   1.5e-05   20.1   0.1   267   300     2    38     1    44 0.87 -
CM000638_1:713343-713882   -            180 604979at2759         -            307   1.8e-13   46.1   0.3   2   2   6.2e-08   7.4e-07   24.4   0.0   189   259    92   165    76   174 0.83 -
CM000641_1:438845-439489   -            215 604979at2759         -            307     3e-13   45.4   0.2   1   2   1.7e-12     2e-11   39.4   0.2   126   235    15   135     1   143 0.81 -
CM000641_1:438845-439489   -            215 604979at2759         -            307     3e-13   45.4   0.2   2   2     0.081      0.96    4.3   0.0   203   261   149   210   130   214 0.60 -
DS999420_1:12323-12901     -            193 604979at2759         -            307     1e-12   43.6   0.4   1   2   2.7e-12   3.2e-11   38.7   0.1   164   265    14   118     1   125 0.86 -
DS999420_1:12323-12901     -            193 604979at2759         -            307     1e-12   43.6   0.4   2   2      0.15       1.8    3.4   0.0   122   149   161   190   137   192 0.69 -
CM000650_1:414794-415234   -            147 604979at2759         -            307   1.7e-12   42.9   0.3   1   2   6.4e-12   7.6e-11   37.5   0.1   182   262     1    89     1    95 0.71 -
CM000650_1:414794-415234   -            147 604979at2759         -            307   1.7e-12   42.9   0.3   2   2       2.7        32   -0.7   0.0   195   217   121   144   114   147 0.47 -
CM000641_1:1263635-1264291 -            219 604979at2759         -            307   3.7e-12   41.8   0.7   1   5    0.0065     0.077    7.9   0.0   205   229    17    41     5    45 0.81 -
CM000641_1:1263635-1264291 -            219 604979at2759         -            307   3.7e-12   41.8   0.7   2   5   5.8e-07   6.9e-06   21.2   0.0   187   242    44   101    41   105 0.86 -
CM000641_1:1263635-1264291 -            219 604979at2759         -            307   3.7e-12   41.8   0.7   3   5     0.032      0.38    5.6   0.1   130   165   106   143   101   166 0.69 -
CM000641_1:1263635-1264291 -            219 604979at2759         -            307   3.7e-12   41.8   0.7   4   5       0.8       9.5    1.0   0.0   131   151   149   169   141   181 0.74 -
CM000641_1:1263635-1264291 -            219 604979at2759         -            307   3.7e-12   41.8   0.7   5   5      0.65       7.8    1.3   0.0   278   295   202   219   170   219 0.73 -
CM000651_1:81642-82790     -            383 604979at2759         -            307   9.5e-12   40.5   1.7   1   5      0.52       6.2    1.7   0.0   120   148    20    54     7    66 0.49 -
CM000651_1:81642-82790     -            383 604979at2759         -            307   9.5e-12   40.5   1.7   2   5   0.00033     0.004   12.1   0.0   264   296    90   122    81   128 0.77 -
CM000651_1:81642-82790     -            383 604979at2759         -            307   9.5e-12   40.5   1.7   3   5      0.21       2.5    2.9   0.0   279   296   172   189   142   204 0.46 -
CM000651_1:81642-82790     -            383 604979at2759         -            307   9.5e-12   40.5   1.7   4   5     0.014      0.17    6.8   0.0   266   297   230   261   218   270 0.83 -
CM000651_1:81642-82790     -            383 604979at2759         -            307   9.5e-12   40.5   1.7   5   5   0.00075     0.009   11.0   0.0   230   263   347   380   340   383 0.78 -
CM000651_1:91102-92436     -            445 604979at2759         -            307   3.1e-11   38.8   3.0   1   5      0.54       6.4    1.6   0.0   120   148    82   116    59   128 0.56 -
CM000651_1:91102-92436     -            445 604979at2759         -            307   3.1e-11   38.8   3.0   2   5   0.00041    0.0049   11.9   0.0   264   296   152   184   143   190 0.77 -
CM000651_1:91102-92436     -            445 604979at2759         -            307   3.1e-11   38.8   3.0   3   5      0.44       5.2    1.9   0.1   279   296   234   251   208   259 0.54 -
CM000651_1:91102-92436     -            445 604979at2759         -            307   3.1e-11   38.8   3.0   4   5     0.018      0.21    6.5   0.0   266   297   292   323   280   332 0.83 -
CM000651_1:91102-92436     -            445 604979at2759         -            307   3.1e-11   38.8   3.0   5   5   0.00085      0.01   10.8   0.0   231   263   410   442   403   445 0.60 -
CM000654_1:123615-126370   -            844 604979at2759         -            307   4.4e-11   38.3   0.3   1   4     0.001     0.012   10.5   0.0   204   251   496   543   488   560 0.65 -
CM000654_1:123615-126370   -            844 604979at2759         -            307   4.4e-11   38.3   0.3   2   4       3.3        39   -1.0   0.0   237   261   629   653   621   674 0.67 -
CM000654_1:123615-126370   -            844 604979at2759         -            307   4.4e-11   38.3   0.3   3   4   2.1e-07   2.5e-06   22.7   0.1   158   279   675   799   668   801 0.81 -
CM000654_1:123615-126370   -            844 604979at2759         -            307   4.4e-11   38.3   0.3   4   4         5        60   -1.6   0.0   241   263   817   838   800   842 0.62 -
CM000638_1:1162119-1162481 -            121 604979at2759         -            307   2.5e-10   35.8   0.1   1   1     3e-11   3.6e-10   35.3   0.1   123   223     7   121     1   121 0.73 -
CM000650_1:40385-41176     -            264 604979at2759         -            307   3.5e-10   35.3   2.6   1   5   0.00014    0.0017   13.4   0.0   219   266     1    51     1    56 0.86 -
CM000650_1:40385-41176     -            264 604979at2759         -            307   3.5e-10   35.3   2.6   2   5      0.64       7.6    1.4   0.0   237   263    69    96    61   113 0.56 -
CM000650_1:40385-41176     -            264 604979at2759         -            307   3.5e-10   35.3   2.6   3   5       1.6        19    0.0   0.0   134   298   144   160   137   167 0.61 -
CM000650_1:40385-41176     -            264 604979at2759         -            307   3.5e-10   35.3   2.6   4   5     0.037      0.44    5.4   0.0   109   150   168   215   163   229 0.71 -
CM000650_1:40385-41176     -            264 604979at2759         -            307   3.5e-10   35.3   2.6   5   5   0.00099     0.012   10.6   0.5   257   295   221   263   218   264 0.82 -
CM000643_1:199083-199538   -            152 604979at2759         -            307   3.9e-10   35.2   0.0   1   1   3.8e-11   4.5e-10   34.9   0.0   136   234     2   114     1   132 0.75 -
CM000642_1:1162217-1162963 -            249 604979at2759         -            307   4.6e-10   34.9   0.1   1   4    0.0076     0.091    7.7   0.0    44    67    38    61     7    66 0.79 -
CM000642_1:1162217-1162963 -            249 604979at2759         -            307   4.6e-10   34.9   0.1   2   4     0.055      0.66    4.8   0.0    80   109   110   140    98   153 0.67 -
CM000642_1:1162217-1162963 -            249 604979at2759         -            307   4.6e-10   34.9   0.1   3   4   2.8e-05   0.00033   15.7   0.0   199   261   166   228   162   234 0.91 -
CM000642_1:1162217-1162963 -            249 604979at2759         -            307   4.6e-10   34.9   0.1   4   4      0.42       5.1    1.9   0.0   133   148   234   249   227   249 0.78 -
CM000644_1:425166-427322   -            719 604979at2759         -            307     8e-10   34.1   2.8   1   6    0.0031     0.037    9.0   0.0   240   298    80   138    58   146 0.75 -
CM000644_1:425166-427322   -            719 604979at2759         -            307     8e-10   34.1   2.8   2   6     0.004     0.048    8.6   0.0    83   149   250   321   241   334 0.74 -
CM000644_1:425166-427322   -            719 604979at2759         -            307     8e-10   34.1   2.8   3   6         4        48   -1.3   0.0   233   264   404   435   396   442 0.51 -
CM000644_1:425166-427322   -            719 604979at2759         -            307     8e-10   34.1   2.8   4   6       7.3        87   -2.1   0.0   125   149   544   568   534   598 0.78 -
CM000644_1:425166-427322   -            719 604979at2759         -            307     8e-10   34.1   2.8   5   6    0.0025      0.03    9.3   0.0   267   300   630   663   625   669 0.89 -
CM000644_1:425166-427322   -            719 604979at2759         -            307     8e-10   34.1   2.8   6   6       3.1        37   -0.9   0.1   282   300   695   713   690   719 0.57 -
CP001159_1:750675-751154   -            160 604979at2759         -            307     1e-09   33.8   1.1   1   1   1.1e-07   1.4e-06   23.5   0.3   203   263     9    79     1    92 0.76 -
CP001160_1:910305-911024   -            240 604979at2759         -            307   3.8e-09   31.9   0.0   1   2   1.2e-07   1.5e-06   23.4   0.0   127   220     5   106     2   139 0.77 -
CP001160_1:910305-911024   -            240 604979at2759         -            307   3.8e-09   31.9   0.0   2   2     0.016      0.19    6.6   0.0   126   174   181   233   164   239 0.67 -
CM000646_1:109616-109957   -            114 604979at2759         -            307   1.1e-08   30.4   0.0   1   1   9.9e-10   1.2e-08   30.3   0.0   153   262     4   110     1   113 0.86 -
CM000646_1:464799-465470   -            224 604979at2759         -            307   2.1e-08   29.5   1.5   1   2   1.8e-08   2.1e-07   26.2   1.5   155   244    32   127    24   158 0.77 -
CM000646_1:464799-465470   -            224 604979at2759         -            307   2.1e-08   29.5   1.5   2   2       1.6        19    0.0   0.0   176   185   147   156   118   197 0.65 -
CM000639_1:1406367-1407308 -            314 604979at2759         -            307     8e-08   27.6   0.0   1   2   7.3e-06   8.8e-05   17.6   0.0    48   108     4    68     1    75 0.82 -
CM000639_1:1406367-1407308 -            314 604979at2759         -            307     8e-08   27.6   0.0   2   2    0.0066     0.078    7.9   0.0   135   154   279   298   233   304 0.63 -
CM000642_1:1874055-1874759 -            235 604979at2759         -            307   3.8e-07   25.3   0.8   1   2   0.00069    0.0083   11.1   0.5   133   226    14   130     3   135 0.52 -
CM000642_1:1874055-1874759 -            235 604979at2759         -            307   3.8e-07   25.3   0.8   2   2    0.0021     0.025    9.5   0.0   202   237   155   192   137   210 0.73 -
CM000639_1:1282727-1282936 -             70 604979at2759         -            307     6e-07   24.7   0.1   1   1   5.5e-08   6.5e-07   24.6   0.1   173   221     1    53     1    70 0.71 -
CM000643_1:1349075-1349548 -            158 604979at2759         -            307   8.3e-07   24.2   0.2   1   2    0.0041     0.049    8.5   0.0   268   296     2    30     1    41 0.86 -
CM000643_1:1349075-1349548 -            158 604979at2759         -            307   8.3e-07   24.2   0.2   2   2   9.2e-05    0.0011   14.0   0.1   132   186    92   153    71   157 0.86 -
CM000638_1:1172736-1173323 -            196 604979at2759         -            307     1e-06   23.9   0.2   1   2      0.41       4.9    2.0   0.0    48    68     6    26     3    35 0.76 -
CM000638_1:1172736-1173323 -            196 604979at2759         -            307     1e-06   23.9   0.2   2   2   1.4e-06   1.7e-05   19.9   0.1   194   261   122   189   113   196 0.60 -
CM000642_1:765084-765293   -             70 604979at2759         -            307   1.1e-06   23.9   0.1   1   1   1.4e-07   1.6e-06   23.2   0.0   209   259     3    53     1    61 0.92 -
CM000654_1:342502-344370   -            591 604979at2759         -            307   1.1e-06   23.9   0.0   1   2     0.063      0.75    4.7   0.0   182   251   299   373   278   400 0.66 -
CM000654_1:342502-344370   -            591 604979at2759         -            307   1.1e-06   23.9   0.0   2   2   1.3e-05   0.00015   16.8   0.0   166   259   419   521   400   539 0.76 -
CM000638_1:1161773-1162006 -             78 604979at2759         -            307   1.2e-06   23.7   0.1   1   1   2.1e-07   2.5e-06   22.6   0.1   197   257     5    69     1    78 0.75 -
CP001160_1:600454-601113   -            220 604979at2759         -            307   1.6e-06   23.3   0.1   1   2   0.00056    0.0067   11.4   0.0   230   264    78   112    70   117 0.91 -
CP001160_1:600454-601113   -            220 604979at2759         -            307   1.6e-06   23.3   0.1   2   2    0.0017      0.02    9.8   0.0    45    71   149   175   128   214 0.78 -
CM000643_1:482388-484586   -            706 604979at2759         -            307   1.8e-06   23.1   1.5   1   2   0.00047    0.0057   11.6   0.4    41    89   235   288   233   369 0.52 -
CM000643_1:482388-484586   -            706 604979at2759         -            307   1.8e-06   23.1   1.5   2   2     0.047      0.57    5.1   0.0   171   202   390   422   376   425 0.74 -
CM000643_1:1461386-1461910 -            175 604979at2759         -            307   1.9e-06   23.1   0.1   1   3    0.0013     0.015   10.2   0.0   241   263     4    26     1    33 0.91 -
CM000643_1:1461386-1461910 -            175 604979at2759         -            307   1.9e-06   23.1   0.1   2   3      0.46       5.5    1.8   0.0    82   104    53    75    39   116 0.64 -
CM000643_1:1461386-1461910 -            175 604979at2759         -            307   1.9e-06   23.1   0.1   3   3    0.0055     0.065    8.1   0.0   118   149   118   150    78   162 0.65 -
CM000638_1:1787653-1788360 -            236 604979at2759         -            307   2.3e-06   22.8   0.3   1   2    0.0017      0.02    9.8   0.0   173   226    29    94    23    97 0.68 -
CM000638_1:1787653-1788360 -            236 604979at2759         -            307   2.3e-06   22.8   0.3   2   2   0.00019    0.0022   13.0   0.1   178   263    86   180    70   188 0.74 -
CM000653_1:187723-188520   -            266 604979at2759         -            307   3.4e-06   22.2   0.7   1   3   1.4e-05   0.00017   16.7   0.1   208   260     4    58     1    62 0.80 -
CM000653_1:187723-188520   -            266 604979at2759         -            307   3.4e-06   22.2   0.7   2   3    0.0006    0.0071   11.3   0.1   267   298    36    67    33    76 0.84 -
CM000653_1:187723-188520   -            266 604979at2759         -            307   3.4e-06   22.2   0.7   3   3       1.5        18    0.1   0.2   126   147   245   266   234   266 0.63 -
CM000644_1:764850-765062   -             71 604979at2759         -            307     4e-06   22.0   0.0   1   1   3.5e-07   4.2e-06   21.9   0.0   170   229     7    69     1    71 0.85 -
CP001160_1:1085995-1086285 -             97 604979at2759         -            307   5.5e-06   21.5   0.0   1   2   2.2e-06   2.7e-05   19.3   0.0   120   156    12    49     1    70 0.67 -
CP001160_1:1085995-1086285 -             97 604979at2759         -            307   5.5e-06   21.5   0.0   2   2       1.3        15    0.4   0.0   281   296    82    97    78    97 0.73 -
DS999417_1:373013-373831   -            273 604979at2759         -            307   6.3e-06   21.3   0.7   1   3       3.8        46   -1.2   0.0   203   229    23    48     9    72 0.51 -
DS999417_1:373013-373831   -            273 604979at2759         -            307   6.3e-06   21.3   0.7   2   3   1.2e-05   0.00014   16.9   0.0   178   263    96   183    86   185 0.70 -
DS999417_1:373013-373831   -            273 604979at2759         -            307   6.3e-06   21.3   0.7   3   3       0.2       2.4    3.0   0.1    84   149   161   239   153   262 0.58 -
CM000641_1:1391192-1393678 -            829 604979at2759         -            307   7.1e-06   21.2   2.8   1   4   0.00023    0.0027   12.7   0.1    56   109   104   163   101   175 0.83 -
CM000641_1:1391192-1393678 -            829 604979at2759         -            307   7.1e-06   21.2   2.8   2   4      0.73       8.8    1.2   0.1   135   152   150   167   147   230 0.54 -
CM000641_1:1391192-1393678 -            829 604979at2759         -            307   7.1e-06   21.2   2.8   3   4     0.052      0.62    4.9   0.2   123   233   253   334   238   371 0.39 -
CM000641_1:1391192-1393678 -            829 604979at2759         -            307   7.1e-06   21.2   2.8   4   4      0.25         3    2.7   0.1    53   111   310   372   301   398 0.67 -
CM000649_1:727000-727551   -            184 604979at2759         -            307   1.4e-05   20.2   0.3   1   2   5.6e-06   6.7e-05   18.0   0.0    85   212     5   135     1   151 0.57 -
CM000649_1:727000-727551   -            184 604979at2759         -            307   1.4e-05   20.2   0.3   2   2       1.2        14    0.4   0.0    47    68   159   180   146   182 0.84 -
CM000640_1:605096-605950   -            285 604979at2759         -            307   1.8e-05   19.8   0.0   1   3   0.00069    0.0082   11.1   0.0   211   265     2    54     1    70 0.86 -
CM000640_1:605096-605950   -            285 604979at2759         -            307   1.8e-05   19.8   0.0   2   3      0.06      0.71    4.7   0.0   199   225    97   123    77   138 0.83 -
CM000640_1:605096-605950   -            285 604979at2759         -            307   1.8e-05   19.8   0.0   3   3       1.6        19    0.0   0.0   119   148   253   284   220   285 0.70 -
CM000649_1:780776-781468   -            231 604979at2759         -            307   5.5e-05   18.2   0.2   1   2   1.2e-05   0.00014   16.9   0.1    41   184    18   166     7   181 0.70 -
CM000649_1:780776-781468   -            231 604979at2759         -            307   5.5e-05   18.2   0.2   2   2       7.7        92   -2.2   0.0   270   289   205   223   198   228 0.71 -
CM000648_1:37663-38475     -            271 604979at2759         -            307   0.00016   16.7   1.1   1   3     0.085         1    4.2   0.1   244   297    11    59     8    70 0.63 -
CM000648_1:37663-38475     -            271 604979at2759         -            307   0.00016   16.7   1.1   2   3    0.0099      0.12    7.3   0.0   153   197    89   136    83   155 0.79 -
CM000648_1:37663-38475     -            271 604979at2759         -            307   0.00016   16.7   1.1   3   3      0.27       3.2    2.6   0.0    37    93   186   243   152   263 0.70 -
CM000643_1:1970753-1972552 -            526 604979at2759         -            307   0.00046   15.2   0.0   1   4         5        59   -1.6   0.0   243   263    16    35     3    38 0.72 -
CM000643_1:1970753-1972552 -            526 604979at2759         -            307   0.00046   15.2   0.0   2   4       2.9        34   -0.8   0.1   281   295   187   201   144   207 0.49 -
CM000643_1:1970753-1972552 -            526 604979at2759         -            307   0.00046   15.2   0.0   3   4     0.086         1    4.2   0.0   201   228   246   275   231   283 0.78 -
CM000643_1:1970753-1972552 -            526 604979at2759         -            307   0.00046   15.2   0.0   4   4     0.032      0.38    5.6   0.0    94   185   332   433   314   437 0.75 -
CM000639_1:910030-913354   -           1079 604979at2759         -            307   0.00089   14.3   0.0   1   3       3.9        47   -1.2   0.0   135   150   219   234   194   243 0.73 -
CM000639_1:910030-913354   -           1079 604979at2759         -            307   0.00089   14.3   0.0   2   3      0.32       3.8    2.3   0.0   114   152   553   592   536   597 0.78 -
CM000639_1:910030-913354   -           1079 604979at2759         -            307   0.00089   14.3   0.0   3   3     0.006     0.071    8.0   0.0   117   149   653   686   635   694 0.79 -
CM000654_1:118201-118566   -            122 604979at2759         -            307     0.001   14.1   0.4   1   2      0.79       9.4    1.0   0.1    49    81     2    34     1    47 0.60 -
CM000654_1:118201-118566   -            122 604979at2759         -            307     0.001   14.1   0.4   2   2   0.00034     0.004   12.1   0.1   262   297    47    82    28    91 0.76 -
CM000644_1:765347-765493   -             49 604979at2759         -            307    0.0033   12.4   0.0   1   1   0.00029    0.0035   12.3   0.0   202   244     5    47     3    49 0.84 -
CM000643_1:494360-494974   -            205 604979at2759         -            307    0.0048   11.9   0.0   1   1    0.0049     0.059    8.3   0.0   126   257    73   198    70   203 0.68 -
CM000645_1:434884-435501   -            206 604979at2759         -            307    0.0061   11.5   0.0   1   1   0.00083    0.0099   10.8   0.0    44    68   118   142   110   162 0.69 -
#
# Program:         hmmsearch
# Version:         3.1b2 (February 2015)
# Pipeline mode:   SEARCH
# Query file:      /Users/aholzer/ownCloud/PhD/Publications/2021 Liavero-Pasquina et al./analysis/TPP_aptamer_search/busco_downloads/lineages/eukaryota_odb10/hmms/604979at2759.hmm
# Target file:     /Users/aholzer/ownCloud/PhD/Publications/2021 Liavero-Pasquina et al./analysis/TPP_aptamer_search/genomes/BUSCO_eukaryota_obd10/Thalassiosira_pseudonana_ASM14940v2/run_eukaryota_odb10/metaeuk_output/initial_results/GCA_000149405.2_ASM14940v2_genomic.fna.modified.fas
# Option settings: hmmsearch --domtblout /Users/aholzer/ownCloud/PhD/Publications/2021 Liavero-Pasquina et al./analysis/TPP_aptamer_search/genomes/BUSCO_eukaryota_obd10/Thalassiosira_pseudonana_ASM14940v2/run_eukaryota_odb10/hmmer_output/initial_run_results/604979at2759.out --cpu 1 /Users/aholzer/ownCloud/PhD/Publications/2021 Liavero-Pasquina et al./analysis/TPP_aptamer_search/busco_downloads/lineages/eukaryota_odb10/hmms/604979at2759.hmm /Users/aholzer/ownCloud/PhD/Publications/2021 Liavero-Pasquina et al./analysis/TPP_aptamer_search/genomes/BUSCO_eukaryota_obd10/Thalassiosira_pseudonana_ASM14940v2/run_eukaryota_odb10/metaeuk_output/initial_results/GCA_000149405.2_ASM14940v2_genomic.fna.modified.fas 
# Current dir:     /Users/aholzer/ownCloud/PhD/Publications/2021 Liavero-Pasquina et al./analysis/TPP_aptamer_search
# Date:            Mon Apr 19 03:20:13 2021
# [ok]
