#                                                                                  --- full sequence --- -------------- this domain -------------   hmm coord   ali coord   env coord
# target name              accession   tlen query name           accession   qlen   E-value  score  bias   #  of  c-Evalue  i-Evalue  score  bias  from    to  from    to  from    to  acc description of target
#      ------------------- ---------- ----- -------------------- ---------- ----- --------- ------ ----- --- --- --------- --------- ------ ----- ----- ----- ----- ----- ----- ----- ---- ---------------------
CM000643_1:482388-484586   -            706 621827at2759         -            349   1.6e-38  128.2  12.5   1   4   2.7e-05   0.00032   15.5   0.0    35    80   176   224   170   231 0.80 -
CM000643_1:482388-484586   -            706 621827at2759         -            349   1.6e-38  128.2  12.5   2   4   3.7e-14   4.3e-13   44.6   5.4    44   198   234   426   230   429 0.81 -
CM000643_1:482388-484586   -            706 621827at2759         -            349   1.6e-38  128.2  12.5   3   4   6.9e-06   8.1e-05   17.4   0.1   202   267   459   524   440   531 0.80 -
CM000643_1:482388-484586   -            706 621827at2759         -            349   1.6e-38  128.2  12.5   4   4   1.2e-15   1.4e-14   49.6   0.0   249   329   561   653   558   663 0.88 -
CM000643_1:1053239-1054150 -            304 621827at2759         -            349   5.3e-32  106.8   4.0   1   3   5.8e-07   6.7e-06   21.0   0.0    82   129     3    57     1    60 0.78 -
CM000643_1:1053239-1054150 -            304 621827at2759         -            349   5.3e-32  106.8   4.0   2   3   4.3e-16     5e-15   51.0   0.5    90   146    62   121    57   128 0.88 -
CM000643_1:1053239-1054150 -            304 621827at2759         -            349   5.3e-32  106.8   4.0   3   3   4.2e-11   4.9e-10   34.6   0.1    74   147   172   256   160   267 0.80 -
CM000646_1:828450-829178   -            243 621827at2759         -            349   1.8e-27   91.9   0.4   1   3   2.3e-17   2.7e-16   55.2   0.1    89   147    17    78     3    86 0.85 -
CM000646_1:828450-829178   -            243 621827at2759         -            349   1.8e-27   91.9   0.4   2   3   1.4e-07   1.6e-06   23.0   0.0    42   106    87   161    81   166 0.41 -
CM000646_1:828450-829178   -            243 621827at2759         -            349   1.8e-27   91.9   0.4   3   3    0.0013     0.016    9.9   0.0    90   121   211   243   198   243 0.82 -
CM000641_1:234426-235295   -            290 621827at2759         -            349   1.1e-25   86.1   7.0   1   3     4e-12   4.6e-11   37.9   0.6    63   144    19   112    13   112 0.85 -
CM000641_1:234426-235295   -            290 621827at2759         -            349   1.1e-25   86.1   7.0   2   3   1.4e-08   1.7e-07   26.3   0.5    91   144    98   156    95   183 0.88 -
CM000641_1:234426-235295   -            290 621827at2759         -            349   1.1e-25   86.1   7.0   3   3   8.9e-12     1e-10   36.8   0.1    90   147   185   245   164   259 0.86 -
CM000647_1:1061701-1062732 -            344 621827at2759         -            349   4.8e-25   83.9   3.3   1   3   5.1e-07   5.9e-06   21.1   0.1    90   135    16    62     9    80 0.85 -
CM000647_1:1061701-1062732 -            344 621827at2759         -            349   4.8e-25   83.9   3.3   2   3   2.1e-08   2.4e-07   25.7   0.1    89   147   104   164    94   182 0.84 -
CM000647_1:1061701-1062732 -            344 621827at2759         -            349   4.8e-25   83.9   3.3   3   3   1.4e-10   1.6e-09   32.9   0.1    92   180   244   342   241   343 0.82 -
CM000638_1:882113-883012   -            300 621827at2759         -            349   3.9e-24   80.9   5.5   1   3     0.036      0.41    5.2   0.0   114   144     2    35     1    43 0.71 -
CM000638_1:882113-883012   -            300 621827at2759         -            349   3.9e-24   80.9   5.5   2   3   4.9e-10   5.7e-09   31.1   0.3    90   145    71   129    49   137 0.81 -
CM000638_1:882113-883012   -            300 621827at2759         -            349   3.9e-24   80.9   5.5   3   3   1.3e-14   1.5e-13   46.2   0.1    85   184   155   261   144   266 0.87 -
CM000641_1:1595741-1599574 -           1192 621827at2759         -            349   2.3e-23   78.4   7.4   1   6      0.24       2.8    2.5   0.0   130   147   316   333   296   339 0.76 -
CM000641_1:1595741-1599574 -           1192 621827at2759         -            349   2.3e-23   78.4   7.4   2   6       4.8        56   -1.8   0.0   235   267   364   396   349   411 0.67 -
CM000641_1:1595741-1599574 -           1192 621827at2759         -            349   2.3e-23   78.4   7.4   3   6   2.2e-05   0.00025   15.8   0.0    90   130   705   746   700   754 0.91 -
CM000641_1:1595741-1599574 -           1192 621827at2759         -            349   2.3e-23   78.4   7.4   4   6     0.018      0.21    6.2   0.0    90   112   762   784   749   793 0.83 -
CM000641_1:1595741-1599574 -           1192 621827at2759         -            349   2.3e-23   78.4   7.4   5   6   3.2e-07   3.7e-06   21.8   0.2    91   144   820   876   810   879 0.86 -
CM000641_1:1595741-1599574 -           1192 621827at2759         -            349   2.3e-23   78.4   7.4   6   6   6.8e-10   7.9e-09   30.6   0.0    72   143   879   959   876   965 0.85 -
CM000641_1:589394-590603   -            326 621827at2759         -            349   1.2e-22   76.1   0.3   1   3     0.036      0.41    5.2   0.0    87   129     7    50     2    72 0.65 -
CM000641_1:589394-590603   -            326 621827at2759         -            349   1.2e-22   76.1   0.3   2   3   2.4e-11   2.8e-10   35.4   0.0   100   185    61   157    50   161 0.76 -
CM000641_1:589394-590603   -            326 621827at2759         -            349   1.2e-22   76.1   0.3   3   3   3.1e-10   3.6e-09   31.7   0.9    92   149   244   304   221   323 0.87 -
CM000643_1:996261-999479   -           1073 621827at2759         -            349   1.3e-19   66.1  12.5   1   8       1.9        22   -0.5   0.0    49    82   104   140    89   148 0.70 -
CM000643_1:996261-999479   -           1073 621827at2759         -            349   1.3e-19   66.1  12.5   2   8   6.3e-05   0.00073   14.3   0.1   132   222   204   309   203   330 0.52 -
CM000643_1:996261-999479   -           1073 621827at2759         -            349   1.3e-19   66.1  12.5   3   8      0.24       2.8    2.5   0.0   156   185   546   575   539   597 0.84 -
CM000643_1:996261-999479   -           1073 621827at2759         -            349   1.3e-19   66.1  12.5   4   8   0.00071    0.0082   10.8   0.1    82   147   644   670   605   673 0.56 -
CM000643_1:996261-999479   -           1073 621827at2759         -            349   1.3e-19   66.1  12.5   5   8   0.00059    0.0068   11.1   0.6    82   113   644   675   633   721 0.69 -
CM000643_1:996261-999479   -           1073 621827at2759         -            349   1.3e-19   66.1  12.5   6   8    0.0092      0.11    7.2   0.2    69   144   688   764   674   767 0.82 -
CM000643_1:996261-999479   -           1073 621827at2759         -            349   1.3e-19   66.1  12.5   7   8    0.0036     0.042    8.5   0.2    58   122   708   782   705   790 0.70 -
CM000643_1:996261-999479   -           1073 621827at2759         -            349   1.3e-19   66.1  12.5   8   8   3.1e-09   3.6e-08   28.4   0.1    85   145   786   849   770   860 0.82 -
CM000638_1:2531041-2532102 -            354 621827at2759         -            349   1.8e-19   65.6   1.5   1   4      0.36       4.1    1.9   0.0   126   144    16    34     2    38 0.82 -
CM000638_1:2531041-2532102 -            354 621827at2759         -            349   1.8e-19   65.6   1.5   2   4   1.1e-06   1.2e-05   20.1   0.0    91   145    75   131    70   139 0.88 -
CM000638_1:2531041-2532102 -            354 621827at2759         -            349   1.8e-19   65.6   1.5   3   4   2.5e-06   2.9e-05   18.9   0.0    73   128   177   241   152   247 0.72 -
CM000638_1:2531041-2532102 -            354 621827at2759         -            349   1.8e-19   65.6   1.5   4   4   1.5e-06   1.7e-05   19.6   0.1    92   149   255   315   244   353 0.82 -
CM000652_1:184864-186315   -            484 621827at2759         -            349   2.5e-19   65.1   0.4   1   3      0.37       4.3    1.9   0.0    42    74    94   126    82   179 0.66 -
CM000652_1:184864-186315   -            484 621827at2759         -            349   2.5e-19   65.1   0.4   2   3   1.4e-16   1.6e-15   52.6   0.9    45   197   139   313   127   315 0.77 -
CM000652_1:184864-186315   -            484 621827at2759         -            349   2.5e-19   65.1   0.4   3   3   3.1e-06   3.6e-05   18.6   0.1    56   145   276   336   259   388 0.63 -
CM000648_1:874998-876014   -            339 621827at2759         -            349   2.7e-19   65.0   6.5   1   3    0.0098      0.11    7.1   0.0   113   181    44   121    35   130 0.43 -
CM000648_1:874998-876014   -            339 621827at2759         -            349   2.7e-19   65.0   6.5   2   3   1.2e-16   1.4e-15   52.8   2.3    52   210   100   287    83   288 0.74 -
CM000648_1:874998-876014   -            339 621827at2759         -            349   2.7e-19   65.0   6.5   3   3     0.015      0.17    6.5   0.0    96   143   286   339   280   339 0.74 -
CM000653_1:499387-500498   -            312 621827at2759         -            349   4.7e-18   60.9   0.7   1   4   1.1e-05   0.00013   16.7   0.0    90   146    32    91    29   104 0.87 -
CM000653_1:499387-500498   -            312 621827at2759         -            349   4.7e-18   60.9   0.7   2   4   5.2e-05    0.0006   14.5   0.0    44   122   102   196    92   202 0.69 -
CM000653_1:499387-500498   -            312 621827at2759         -            349   4.7e-18   60.9   0.7   3   4      0.03      0.35    5.5   0.2   123   191   154   234   150   247 0.62 -
CM000653_1:499387-500498   -            312 621827at2759         -            349   4.7e-18   60.9   0.7   4   4   2.2e-07   2.6e-06   22.3   0.0    90   144   253   309   245   311 0.85 -
CM000645_1:187269-187841   -            191 621827at2759         -            349   6.3e-18   60.5   5.6   1   3   5.8e-12   6.8e-11   37.4   0.3    90   150    35    98    14   102 0.79 -
CM000645_1:187269-187841   -            191 621827at2759         -            349   6.3e-18   60.5   5.6   2   3       1.2        14    0.2   0.0    74    92    97   115    93   120 0.86 -
CM000645_1:187269-187841   -            191 621827at2759         -            349   6.3e-18   60.5   5.6   3   3   5.1e-08   5.9e-07   24.4   0.3    89   127   151   190   145   191 0.88 -
CM000639_1:1785966-1788918 -            929 621827at2759         -            349   3.4e-17   58.1   2.5   1   8     0.044      0.51    4.9   0.0   159   243    35   128    33   136 0.78 -
CM000639_1:1785966-1788918 -            929 621827at2759         -            349   3.4e-17   58.1   2.5   2   8       5.7        66   -2.0   0.0    48    80   163   195   153   211 0.71 -
CM000639_1:1785966-1788918 -            929 621827at2759         -            349   3.4e-17   58.1   2.5   3   8      0.15       1.7    3.2   0.0   215   250   323   358   319   375 0.89 -
CM000639_1:1785966-1788918 -            929 621827at2759         -            349   3.4e-17   58.1   2.5   4   8   0.00027    0.0032   12.2   0.0   103   146   403   449   390   456 0.81 -
CM000639_1:1785966-1788918 -            929 621827at2759         -            349   3.4e-17   58.1   2.5   5   8   0.00034     0.004   11.8   0.0   187   246   459   524   453   528 0.79 -
CM000639_1:1785966-1788918 -            929 621827at2759         -            349   3.4e-17   58.1   2.5   6   8   0.00015    0.0017   13.1   0.0   101   145   529   576   526   580 0.88 -
CM000639_1:1785966-1788918 -            929 621827at2759         -            349   3.4e-17   58.1   2.5   7   8       1.7        20   -0.3   0.0    47    74   594   621   584   624 0.84 -
CM000639_1:1785966-1788918 -            929 621827at2759         -            349   3.4e-17   58.1   2.5   8   8      0.13       1.5    3.4   0.0    46    79   655   688   640   697 0.77 -
CM000639_1:1282163-1282618 -            152 621827at2759         -            349   5.6e-17   57.4   0.1   1   2    0.0004    0.0046   11.6   0.0   114   147     5    40     2    49 0.81 -
CM000639_1:1282163-1282618 -            152 621827at2759         -            349   5.6e-17   57.4   0.1   2   2   5.7e-14   6.7e-13   44.0   0.1    79   152    53   135    47   138 0.80 -
CM000641_1:177582-178472   -            297 621827at2759         -            349   7.3e-16   53.7   7.3   1   3   1.2e-11   1.4e-10   36.3   0.6    79   187     4   128     1   129 0.77 -
CM000641_1:177582-178472   -            297 621827at2759         -            349   7.3e-16   53.7   7.3   2   3   1.9e-05   0.00022   16.0   0.3    53   145   102   208    90   219 0.84 -
CM000641_1:177582-178472   -            297 621827at2759         -            349   7.3e-16   53.7   7.3   3   3    0.0024     0.028    9.1   0.1    51    84   233   269   211   297 0.72 -
CM000638_1:1470475-1471461 -            329 621827at2759         -            349   1.9e-15   52.4   0.1   1   3   2.4e-10   2.8e-09   32.1   0.1    79   176     5   115     3   128 0.77 -
CM000638_1:1470475-1471461 -            329 621827at2759         -            349   1.9e-15   52.4   0.1   2   3   1.8e-05    0.0002   16.1   0.0    96   192   172   275   163   291 0.77 -
CM000638_1:1470475-1471461 -            329 621827at2759         -            349   1.9e-15   52.4   0.1   3   3       1.1        13    0.3   0.0   228   253   294   319   287   328 0.79 -
CM000638_1:723210-724601   -            464 621827at2759         -            349   3.6e-15   51.5   1.4   1   4       7.2        83   -2.4   0.0    46   116    31    58    10    67 0.56 -
CM000638_1:723210-724601   -            464 621827at2759         -            349   3.6e-15   51.5   1.4   2   4       1.1        13    0.3   0.0    33    87    77   131    72   145 0.66 -
CM000638_1:723210-724601   -            464 621827at2759         -            349   3.6e-15   51.5   1.4   3   4     0.029      0.33    5.5   0.0   149   185   169   206   146   244 0.69 -
CM000638_1:723210-724601   -            464 621827at2759         -            349   3.6e-15   51.5   1.4   4   4   3.7e-13   4.3e-12   41.3   0.1    90   249   277   457   269   461 0.78 -
CM000644_1:584497-586020   -            508 621827at2759         -            349   5.9e-14   47.5   1.8   1   4    0.0006     0.007   11.0   0.0    92   141    83   136    61   140 0.51 -
CM000644_1:584497-586020   -            508 621827at2759         -            349   5.9e-14   47.5   1.8   2   4     0.035      0.41    5.2   0.1    93   152   217   283   204   296 0.64 -
CM000644_1:584497-586020   -            508 621827at2759         -            349   5.9e-14   47.5   1.8   3   4   1.2e-05   0.00014   16.6   0.0    98   147   310   363   297   366 0.77 -
CM000644_1:584497-586020   -            508 621827at2759         -            349   5.9e-14   47.5   1.8   4   4   0.00077     0.009   10.7   0.0    89   110   400   421   382   431 0.78 -
CP001159_1:750675-751154   -            160 621827at2759         -            349   1.2e-13   46.5   1.1   1   2   7.9e-10   9.2e-09   30.4   0.2    89   149    15    88     9   102 0.81 -
CP001159_1:750675-751154   -            160 621827at2759         -            349   1.2e-13   46.5   1.1   2   2   0.00023    0.0027   12.4   0.0    75   107   103   135    94   149 0.84 -
CM000648_1:841295-843057   -            500 621827at2759         -            349   1.2e-13   46.5   1.8   1   5   5.9e-05   0.00068   14.4   0.0   112   173   146   214   132   216 0.75 -
CM000648_1:841295-843057   -            500 621827at2759         -            349   1.2e-13   46.5   1.8   2   5     9e-05     0.001   13.8   0.0    98   150   217   272   213   275 0.85 -
CM000648_1:841295-843057   -            500 621827at2759         -            349   1.2e-13   46.5   1.8   3   5       2.2        26   -0.7   0.1    54    72   302   320   300   329 0.84 -
CM000648_1:841295-843057   -            500 621827at2759         -            349   1.2e-13   46.5   1.8   4   5      0.74       8.6    0.9   0.0   129   145   384   400   381   403 0.82 -
CM000648_1:841295-843057   -            500 621827at2759         -            349   1.2e-13   46.5   1.8   5   5   0.00035    0.0041   11.8   0.1    97   144   441   495   432   498 0.76 -
CM000643_1:1349075-1349548 -            158 621827at2759         -            349   2.1e-13   45.6   2.7   1   2   3.4e-05   0.00039   15.2   0.9    90   148    15    81    11    94 0.68 -
CM000643_1:1349075-1349548 -            158 621827at2759         -            349   2.1e-13   45.6   2.7   2   2   2.9e-10   3.3e-09   31.8   0.2    69   147    74   154    63   157 0.84 -
DS999420_1:12323-12901     -            193 621827at2759         -            349     1e-12   43.4   0.2   1   2   2.8e-12   3.2e-11   38.5   0.0    92   180    21   120    11   125 0.76 -
DS999420_1:12323-12901     -            193 621827at2759         -            349     1e-12   43.4   0.2   2   2       0.3       3.4    2.2   0.0    88   108   171   192   162   193 0.77 -
CM000646_1:654381-655211   -            277 621827at2759         -            349   1.2e-12   43.1   1.4   1   4      0.24       2.8    2.5   0.0    55    73    26    44    17    55 0.81 -
CM000646_1:654381-655211   -            277 621827at2759         -            349   1.2e-12   43.1   1.4   2   4     0.087         1    3.9   0.0   130   147    88   105    80   108 0.72 -
CM000646_1:654381-655211   -            277 621827at2759         -            349   1.2e-12   43.1   1.4   3   4       1.6        18   -0.2   0.0   158   179   168   190   160   196 0.53 -
CM000646_1:654381-655211   -            277 621827at2759         -            349   1.2e-12   43.1   1.4   4   4   2.3e-10   2.7e-09   32.2   0.1    88   144   217   276   194   277 0.79 -
CP001160_1:910305-911024   -            240 621827at2759         -            349   2.2e-12   42.3   0.0   1   2     3e-10   3.4e-09   31.8   0.0    92   190    13   119    10   134 0.70 -
CP001160_1:910305-911024   -            240 621827at2759         -            349   2.2e-12   42.3   0.0   2   2    0.0034      0.04    8.6   0.0   154   206   176   233   170   237 0.77 -
CM000638_1:1172736-1173323 -            196 621827at2759         -            349   2.7e-12   42.0   0.1   1   2    0.0022     0.025    9.2   0.0    48    75     2    29     1    39 0.88 -
CM000638_1:1172736-1173323 -            196 621827at2759         -            349   2.7e-12   42.0   0.1   2   2   5.1e-10   5.9e-09   31.0   0.1    68   144   111   195   105   196 0.88 -
CM000638_1:2527576-2528523 -            316 621827at2759         -            349   3.7e-12   41.6   0.3   1   3   3.2e-05   0.00037   15.2   0.1   103   148    90   136    84   140 0.89 -
CM000638_1:2527576-2528523 -            316 621827at2759         -            349   3.7e-12   41.6   0.3   2   3   5.8e-05   0.00068   14.4   0.0    92   152   162   231   141   247 0.76 -
CM000638_1:2527576-2528523 -            316 621827at2759         -            349   3.7e-12   41.6   0.3   3   3     0.012      0.13    6.8   0.0   104   145   265   309   260   311 0.79 -
CM000641_1:1263635-1264291 -            219 621827at2759         -            349   4.8e-12   41.2   0.5   1   3   3.4e-11   3.9e-10   34.9   0.1    50   147    14   127     1   156 0.80 -
CM000641_1:1263635-1264291 -            219 621827at2759         -            349   4.8e-12   41.2   0.5   2   3   0.00042    0.0049   11.6   0.0    93   146   112   168    90   202 0.81 -
CM000641_1:1263635-1264291 -            219 621827at2759         -            349   4.8e-12   41.2   0.5   3   3      0.68       7.9    1.0   0.0   127   143   203   219   193   219 0.85 -
DS999417_1:373013-373831   -            273 621827at2759         -            349   1.2e-11   39.8   4.9   1   3     0.049      0.56    4.8   0.1    82   126    20    65     9    75 0.70 -
DS999417_1:373013-373831   -            273 621827at2759         -            349   1.2e-11   39.8   4.9   2   3   1.1e-05   0.00013   16.7   0.2   124   147    82   105    81   109 0.90 -
DS999417_1:373013-373831   -            273 621827at2759         -            349   1.2e-11   39.8   4.9   3   3   3.1e-06   3.6e-05   18.6   0.1   114   191   114   198   107   209 0.74 -
CM000649_1:675187-676367   -            333 621827at2759         -            349   5.1e-11   37.8   0.8   1   4       2.9        33   -1.1   0.0   164   188    29    53    23    73 0.79 -
CM000649_1:675187-676367   -            333 621827at2759         -            349   5.1e-11   37.8   0.8   2   4   4.2e-07   4.8e-06   21.4   0.0    90   183    79   180    74   187 0.56 -
CM000649_1:675187-676367   -            333 621827at2759         -            349   5.1e-11   37.8   0.8   3   4      0.18       2.1    2.9   0.0   115   152   208   250   203   275 0.58 -
CM000649_1:675187-676367   -            333 621827at2759         -            349   5.1e-11   37.8   0.8   4   4    0.0028     0.032    8.9   0.0   103   145   283   328   275   330 0.80 -
CM000641_1:438845-439489   -            215 621827at2759         -            349   6.5e-11   37.5   2.0   1   2   1.2e-09   1.4e-08   29.7   1.3    90   181    22   125     1   137 0.70 -
CM000641_1:438845-439489   -            215 621827at2759         -            349   6.5e-11   37.5   2.0   2   2     0.036      0.42    5.2   0.0    48    86   146   185   130   194 0.73 -
CM000653_1:187723-188520   -            266 621827at2759         -            349   4.2e-10   34.8   1.4   1   3   4.8e-07   5.6e-06   21.2   0.0    92   145     7    66     2    69 0.81 -
CM000653_1:187723-188520   -            266 621827at2759         -            349   4.2e-10   34.8   1.4   2   3   0.00034    0.0039   11.9   0.0   112   144   106   138   103   141 0.92 -
CM000653_1:187723-188520   -            266 621827at2759         -            349   4.2e-10   34.8   1.4   3   3       7.1        82   -2.3   0.1    49   104   244   266   237   266 0.52 -
CM000650_1:414794-415234   -            147 621827at2759         -            349   4.9e-10   34.6   0.1   1   1   5.3e-11   6.2e-10   34.2   0.1    91   145    36    95     2   106 0.86 -
CM000638_1:1162119-1162481 -            121 621827at2759         -            349   7.4e-10   34.0   0.0   1   2   0.00022    0.0025   12.5   0.0   116   147     2    35     1    42 0.79 -
CM000638_1:1162119-1162481 -            121 621827at2759         -            349   7.4e-10   34.0   0.0   2   2   1.7e-06     2e-05   19.4   0.0    78   143    51   121    44   121 0.83 -
CM000639_1:360756-362630   -            625 621827at2759         -            349   4.2e-09   31.5   2.2   1   6      0.57       6.6    1.3   0.0   191   221    73   103    39   152 0.67 -
CM000639_1:360756-362630   -            625 621827at2759         -            349   4.2e-09   31.5   2.2   2   6       5.6        66   -2.0   0.0   130   185   132   192   125   194 0.55 -
CM000639_1:360756-362630   -            625 621827at2759         -            349   4.2e-09   31.5   2.2   3   6   1.7e-07     2e-06   22.7   0.1   111   191   243   330   224   339 0.80 -
CM000639_1:360756-362630   -            625 621827at2759         -            349   4.2e-09   31.5   2.2   4   6       5.1        59   -1.9   0.0   226   244   381   399   357   403 0.63 -
CM000639_1:360756-362630   -            625 621827at2759         -            349   4.2e-09   31.5   2.2   5   6       4.4        51   -1.7   0.0    51    74   441   464   426   468 0.58 -
CM000639_1:360756-362630   -            625 621827at2759         -            349   4.2e-09   31.5   2.2   6   6      0.25       2.9    2.4   0.0    31    82   472   522   456   529 0.79 -
CM000639_1:1406367-1407308 -            314 621827at2759         -            349   7.9e-09   30.6   0.1   1   3    0.0014     0.016    9.9   0.0    53   104     5    68     1    85 0.82 -
CM000639_1:1406367-1407308 -            314 621827at2759         -            349   7.9e-09   30.6   0.1   2   3      0.14       1.7    3.2   0.0   186   212    95   126    91   128 0.80 -
CM000639_1:1406367-1407308 -            314 621827at2759         -            349   7.9e-09   30.6   0.1   3   3   0.00012    0.0014   13.3   0.0    84   112   271   299   244   303 0.70 -
CM000640_1:1260447-1261220 -            258 621827at2759         -            349   8.3e-09   30.5   0.1   1   3       1.2        13    0.3   0.0   132   145     2    15     1    17 0.87 -
CM000640_1:1260447-1261220 -            258 621827at2759         -            349   8.3e-09   30.5   0.1   2   3   0.00043     0.005   11.5   0.0   111   145   136   170   101   178 0.86 -
CM000640_1:1260447-1261220 -            258 621827at2759         -            349   8.3e-09   30.5   0.1   3   3   5.7e-05   0.00066   14.4   0.0    85   126   214   255   208   258 0.86 -
CM000642_1:1162217-1162963 -            249 621827at2759         -            349   4.4e-08   28.2   0.4   1   3    0.0032     0.038    8.6   0.0    45   144    35   140    16   150 0.70 -
CM000642_1:1162217-1162963 -            249 621827at2759         -            349   4.4e-08   28.2   0.4   2   3    0.0027     0.032    8.9   0.0    46    93   165   215   160   223 0.81 -
CM000642_1:1162217-1162963 -            249 621827at2759         -            349   4.4e-08   28.2   0.4   3   3     0.051      0.59    4.7   0.1   129   144   234   249   223   249 0.82 -
CM000639_1:1282727-1282936 -             70 621827at2759         -            349   4.5e-08   28.1   0.0   1   1   4.1e-09   4.8e-08   28.0   0.0    92   138     1    50     1    65 0.85 -
CM000641_1:1391192-1393678 -            829 621827at2759         -            349   5.1e-08   27.9   1.6   1   3   5.2e-05   0.00061   14.5   0.1    92   148   103   167    84   181 0.82 -
CM000641_1:1391192-1393678 -            829 621827at2759         -            349   5.1e-08   27.9   1.6   2   3       3.2        37   -1.2   0.1   116   142   249   277   235   290 0.66 -
CM000641_1:1391192-1393678 -            829 621827at2759         -            349   5.1e-08   27.9   1.6   3   3   0.00087      0.01   10.5   0.0    87   143   307   369   303   377 0.81 -
CM000646_1:464799-465470   -            224 621827at2759         -            349   2.7e-07   25.6   0.9   1   1   3.4e-08     4e-07   25.0   0.9    79   182    32   157    25   169 0.71 -
CM000644_1:764850-765062   -             71 621827at2759         -            349   4.3e-07   24.9   0.2   1   1   4.6e-08   5.4e-07   24.6   0.2    93   149    11    69     3    70 0.83 -
CM000649_1:727000-727551   -            184 621827at2759         -            349   7.4e-07   24.1   0.0   1   2   2.5e-07     3e-06   22.1   0.0    91   152    16    83     6   122 0.82 -
CM000649_1:727000-727551   -            184 621827at2759         -            349   7.4e-07   24.1   0.0   2   2         2        24   -0.6   0.0    47    73   155   181   145   183 0.80 -
CM000648_1:1044377-1045776 -            330 621827at2759         -            349   1.3e-06   23.3   0.4   1   2      0.26         3    2.4   0.0   216   248    84   116    63   126 0.73 -
CM000648_1:1044377-1045776 -            330 621827at2759         -            349   1.3e-06   23.3   0.4   2   2     0.018      0.21    6.2   0.0   103   144   283   327   277   328 0.81 -
CM000651_1:595333-596732   -            330 621827at2759         -            349   1.3e-06   23.3   0.4   1   2      0.26         3    2.4   0.0   216   248    84   116    63   126 0.73 -
CM000651_1:595333-596732   -            330 621827at2759         -            349   1.3e-06   23.3   0.4   2   2     0.018      0.21    6.2   0.0   103   144   283   327   277   328 0.81 -
CM000651_1:81642-82790     -            383 621827at2759         -            349   3.2e-06   22.0   0.1   1   5      0.32       3.7    2.1   0.0   115   144    18    54     7    57 0.72 -
CM000651_1:81642-82790     -            383 621827at2759         -            349   3.2e-06   22.0   0.1   2   5       1.3        15    0.1   0.0   113   143    89   121    84   125 0.49 -
CM000651_1:81642-82790     -            383 621827at2759         -            349   3.2e-06   22.0   0.1   3   5     0.013      0.15    6.6   0.0   128   144   173   189   144   194 0.79 -
CM000651_1:81642-82790     -            383 621827at2759         -            349   3.2e-06   22.0   0.1   4   5      0.21       2.5    2.6   0.0   117   146   231   262   220   269 0.70 -
CM000651_1:81642-82790     -            383 621827at2759         -            349   3.2e-06   22.0   0.1   5   5      0.22       2.6    2.6   0.0    54    71   366   383   346   383 0.52 -
CM000654_1:342502-344370   -            591 621827at2759         -            349   3.5e-06   21.9   0.9   1   2   0.00021    0.0025   12.5   0.4    90   180   286   392   277   417 0.71 -
CM000654_1:342502-344370   -            591 621827at2759         -            349   3.5e-06   21.9   0.9   2   2    0.0056     0.065    7.9   0.0   116   185   408   489   400   492 0.63 -
CM000642_1:841838-842545   -            236 621827at2759         -            349   5.9e-06   21.1   3.0   1   4     0.086         1    4.0   0.0   133   155     1    23     1    46 0.73 -
CM000642_1:841838-842545   -            236 621827at2759         -            349   5.9e-06   21.1   3.0   2   4      0.21       2.4    2.7   0.1   171   204   103   136    96   147 0.86 -
CM000642_1:841838-842545   -            236 621827at2759         -            349   5.9e-06   21.1   3.0   3   4     0.012      0.14    6.8   0.1   130   145   157   172   148   178 0.87 -
CM000642_1:841838-842545   -            236 621827at2759         -            349   5.9e-06   21.1   3.0   4   4     0.033      0.38    5.3   0.0    56    73   216   233   208   235 0.70 -
CP001160_1:1385711-1386742 -            344 621827at2759         -            349   6.1e-06   21.1   2.8   1   3   4.4e-06   5.1e-05   18.1   0.4    91   147    11    78     6    91 0.81 -
CP001160_1:1385711-1386742 -            344 621827at2759         -            349   6.1e-06   21.1   2.8   2   3       5.1        60   -1.9   0.0   149   170   190   212   182   227 0.72 -
CP001160_1:1385711-1386742 -            344 621827at2759         -            349   6.1e-06   21.1   2.8   3   3      0.39       4.6    1.8   0.1    90   117   271   298   249   323 0.59 -
CM000651_1:91102-92436     -            445 621827at2759         -            349   7.1e-06   20.9   0.3   1   5      0.34         4    2.0   0.0   115   144    80   116    61   119 0.74 -
CM000651_1:91102-92436     -            445 621827at2759         -            349   7.1e-06   20.9   0.3   2   5       1.6        19   -0.2   0.0   113   143   151   183   146   186 0.47 -
CM000651_1:91102-92436     -            445 621827at2759         -            349   7.1e-06   20.9   0.3   3   5     0.016      0.19    6.3   0.0   128   144   235   251   206   255 0.79 -
CM000651_1:91102-92436     -            445 621827at2759         -            349   7.1e-06   20.9   0.3   4   5      0.27       3.1    2.3   0.0   116   147   292   325   284   331 0.74 -
CM000651_1:91102-92436     -            445 621827at2759         -            349   7.1e-06   20.9   0.3   5   5      0.34       3.9    2.0   0.0    91   104   432   445   408   445 0.55 -
CM000648_1:649218-649889   -            224 621827at2759         -            349   8.7e-06   20.6   0.0   1   2    0.0013     0.015   10.0   0.0   124   144    45    65     4    67 0.75 -
CM000648_1:649218-649889   -            224 621827at2759         -            349   8.7e-06   20.6   0.0   2   2    0.0064     0.075    7.7   0.0    92   119   112   140   107   183 0.84 -
CM000642_1:765084-765293   -             70 621827at2759         -            349   1.2e-05   20.1   0.0   1   1   1.3e-06   1.5e-05   19.9   0.0    92   145     5    64     2    69 0.81 -
CM000648_1:37663-38475     -            271 621827at2759         -            349   1.3e-05   20.0   2.9   1   4     0.013      0.15    6.7   0.2    98   145     8    59     1    73 0.75 -
CM000648_1:37663-38475     -            271 621827at2759         -            349   1.3e-05   20.0   2.9   2   4   0.00079    0.0092   10.7   0.1   111   159    88   138    77   158 0.83 -
CM000648_1:37663-38475     -            271 621827at2759         -            349   1.3e-05   20.0   2.9   3   4         3        35   -1.1   0.0   227   252   190   215   168   242 0.70 -
CM000648_1:37663-38475     -            271 621827at2759         -            349   1.3e-05   20.0   2.9   4   4      0.88        10    0.6   0.0   233   256   244   267   225   270 0.81 -
CM000654_1:123615-126370   -            844 621827at2759         -            349   1.4e-05   20.0   0.2   1   3    0.0026      0.03    9.0   0.0    47    75   491   519   484   545 0.60 -
CM000654_1:123615-126370   -            844 621827at2759         -            349   1.4e-05   20.0   0.2   2   3      0.25       2.9    2.4   0.1   160   212   682   739   673   742 0.78 -
CM000654_1:123615-126370   -            844 621827at2759         -            349   1.4e-05   20.0   0.2   3   3     0.014      0.16    6.6   0.5    90   155   729   798   690   820 0.78 -
CM000638_1:1787653-1788360 -            236 621827at2759         -            349   2.3e-05   19.2   0.0   1   2    0.0041     0.048    8.3   0.0   131   151    29    49     4    59 0.85 -
CM000638_1:1787653-1788360 -            236 621827at2759         -            349   2.3e-05   19.2   0.0   2   2    0.0034      0.04    8.6   0.0    45    91    65   113    55   116 0.77 -
CM000643_1:1461386-1461910 -            175 621827at2759         -            349   2.4e-05   19.1   0.0   1   3      0.39       4.5    1.8   0.0   228   270     3    47     1    59 0.70 -
CM000643_1:1461386-1461910 -            175 621827at2759         -            349   2.4e-05   19.1   0.0   2   3    0.0015     0.017    9.8   0.0    54   144    64   149    57   150 0.74 -
CM000643_1:1461386-1461910 -            175 621827at2759         -            349   2.4e-05   19.1   0.0   3   3     0.008     0.093    7.3   0.0   150   184   118   153   110   162 0.72 -
CM000638_1:1161773-1162006 -             78 621827at2759         -            349   2.4e-05   19.1   0.1   1   2   6.4e-05   0.00074   14.2   0.0   129   148    17    36     1    44 0.67 -
CM000638_1:1161773-1162006 -             78 621827at2759         -            349   2.4e-05   19.1   0.1   2   2      0.11       1.3    3.6   0.0    45    71    52    78    46    78 0.90 -
CM000643_1:494360-494974   -            205 621827at2759         -            349   3.5e-05   18.6   0.1   1   2    0.0068     0.079    7.6   0.0   128   165    79   116    71   128 0.70 -
CM000643_1:494360-494974   -            205 621827at2759         -            349   3.5e-05   18.6   0.1   2   2    0.0014     0.016    9.9   0.0    36   104   128   205   101   205 0.76 -
CM000642_1:1874055-1874759 -            235 621827at2759         -            349   5.8e-05   17.9   1.7   1   3     0.089         1    3.9   0.0    92   113    16    37     5    41 0.83 -
CM000642_1:1874055-1874759 -            235 621827at2759         -            349   5.8e-05   17.9   1.7   2   3      0.15       1.7    3.2   0.2    92   147    70   131    56   137 0.68 -
CM000642_1:1874055-1874759 -            235 621827at2759         -            349   5.8e-05   17.9   1.7   3   3   0.00067    0.0078   10.9   0.2    92   149   115   183   103   194 0.73 -
CP001160_1:1085995-1086285 -             97 621827at2759         -            349   6.1e-05   17.8   0.0   1   2   3.5e-05    0.0004   15.1   0.0    45    78    14    47     5    56 0.72 -
CP001160_1:1085995-1086285 -             97 621827at2759         -            349   6.1e-05   17.8   0.0   2   2      0.77         9    0.8   0.0   130   143    83    96    72    97 0.66 -
CM000646_1:109616-109957   -            114 621827at2759         -            349   6.1e-05   17.8   0.1   1   1   6.5e-06   7.6e-05   17.5   0.1    59   143    22   114    11   114 0.82 -
CM000643_1:199083-199538   -            152 621827at2759         -            349   6.5e-05   17.7   0.0   1   1   1.9e-05   0.00022   16.0   0.0    91   185    45   140     1   148 0.66 -
CM000639_1:910030-913354   -           1079 621827at2759         -            349   9.2e-05   17.2   0.1   1   4       2.3        27   -0.7   0.0   229   252   150   173   136   191 0.78 -
CM000639_1:910030-913354   -           1079 621827at2759         -            349   9.2e-05   17.2   0.1   2   4      0.12       1.4    3.5   0.0    46    75   199   235   178   242 0.79 -
CM000639_1:910030-913354   -           1079 621827at2759         -            349   9.2e-05   17.2   0.1   3   4      0.13       1.5    3.4   0.0   109   156   551   600   536   615 0.82 -
CM000639_1:910030-913354   -           1079 621827at2759         -            349   9.2e-05   17.2   0.1   4   4     0.053      0.61    4.7   0.0   131   150   672   691   653   716 0.77 -
CM000643_1:1970753-1972552 -            526 621827at2759         -            349   9.7e-05   17.2   1.2   1   4      0.36       4.2    1.9   0.0   220   251     5    36     2    55 0.86 -
CM000643_1:1970753-1972552 -            526 621827at2759         -            349   9.7e-05   17.2   1.2   2   4      0.79       9.1    0.8   0.0    56    74   186   204   183   206 0.70 -
CM000643_1:1970753-1972552 -            526 621827at2759         -            349   9.7e-05   17.2   1.2   3   4     0.046      0.53    4.9   0.0    51    75   250   274   238   279 0.84 -
CM000643_1:1970753-1972552 -            526 621827at2759         -            349   9.7e-05   17.2   1.2   4   4     0.096       1.1    3.8   0.0    92   145   376   433   315   438 0.60 -
CM000638_1:713343-713882   -            180 621827at2759         -            349   0.00067   14.4   0.0   1   1   0.00012    0.0014   13.3   0.0   128   151    18    41    14    45 0.85 -
CM000640_1:605096-605950   -            285 621827at2759         -            349   0.00086   14.0   0.0   1   2   0.00073    0.0084   10.8   0.0   130   169     1    43     1    69 0.80 -
CM000640_1:605096-605950   -            285 621827at2759         -            349   0.00086   14.0   0.0   2   2       1.1        13    0.3   0.0    79   105    96   122    85   170 0.76 -
CM000639_1:1145298-1147058 -            587 621827at2759         -            349    0.0024   12.5   0.0   1   1   0.00045    0.0052   11.5   0.0   128   156   288   316   238   319 0.81 -
CM000642_1:918277-918876   -            200 621827at2759         -            349     0.004   11.8   0.0   1   2      0.36       4.1    1.9   0.0   131   146     2    17     1    23 0.84 -
CM000642_1:918277-918876   -            200 621827at2759         -            349     0.004   11.8   0.0   2   2    0.0061     0.071    7.7   0.0   152   187    81   117    48   136 0.77 -
CM000640_1:2173581-2178983 -           1696 621827at2759         -            349    0.0066   11.1   1.8   1   4      0.23       2.6    2.6   0.0   116   145  1271  1302  1264  1308 0.70 -
CM000640_1:2173581-2178983 -           1696 621827at2759         -            349    0.0066   11.1   1.8   2   4       2.4        28   -0.8   0.0    54    76  1441  1463  1433  1486 0.71 -
CM000640_1:2173581-2178983 -           1696 621827at2759         -            349    0.0066   11.1   1.8   3   4     0.049      0.57    4.8   0.0    90   108  1584  1602  1579  1608 0.80 -
CM000640_1:2173581-2178983 -           1696 621827at2759         -            349    0.0066   11.1   1.8   4   4       6.7        78   -2.3   0.0   131   143  1683  1695  1664  1696 0.67 -
CM000650_1:40385-41176     -            264 621827at2759         -            349     0.007   11.0   0.4   1   3      0.34       3.9    2.0   0.0   100   143     1    51     1   104 0.68 -
CM000650_1:40385-41176     -            264 621827at2759         -            349     0.007   11.0   0.4   2   3      0.08      0.93    4.1   0.0   125   159   139   174   136   177 0.77 -
CM000650_1:40385-41176     -            264 621827at2759         -            349     0.007   11.0   0.4   3   3      0.42       4.9    1.7   0.0   110   143   173   212   158   216 0.66 -
CM000641_1:2234512-2235219 -            236 621827at2759         -            349     0.016    9.9   0.8   1   3     0.051      0.59    4.7   0.0   127   147    20    40    13    44 0.89 -
CM000641_1:2234512-2235219 -            236 621827at2759         -            349     0.016    9.9   0.8   2   3       1.6        19   -0.2   0.1   119   146    66    93    50    97 0.53 -
CM000641_1:2234512-2235219 -            236 621827at2759         -            349     0.016    9.9   0.8   3   3      0.32       3.8    2.1   0.1    84   129   174   218   148   236 0.70 -
#
# Program:         hmmsearch
# Version:         3.1b2 (February 2015)
# Pipeline mode:   SEARCH
# Query file:      /Users/aholzer/ownCloud/PhD/Publications/2021 Liavero-Pasquina et al./analysis/TPP_aptamer_search/busco_downloads/lineages/eukaryota_odb10/hmms/621827at2759.hmm
# Target file:     /Users/aholzer/ownCloud/PhD/Publications/2021 Liavero-Pasquina et al./analysis/TPP_aptamer_search/genomes/BUSCO_eukaryota_obd10/Thalassiosira_pseudonana_ASM14940v2/run_eukaryota_odb10/metaeuk_output/initial_results/GCA_000149405.2_ASM14940v2_genomic.fna.modified.fas
# Option settings: hmmsearch --domtblout /Users/aholzer/ownCloud/PhD/Publications/2021 Liavero-Pasquina et al./analysis/TPP_aptamer_search/genomes/BUSCO_eukaryota_obd10/Thalassiosira_pseudonana_ASM14940v2/run_eukaryota_odb10/hmmer_output/initial_run_results/621827at2759.out --cpu 1 /Users/aholzer/ownCloud/PhD/Publications/2021 Liavero-Pasquina et al./analysis/TPP_aptamer_search/busco_downloads/lineages/eukaryota_odb10/hmms/621827at2759.hmm /Users/aholzer/ownCloud/PhD/Publications/2021 Liavero-Pasquina et al./analysis/TPP_aptamer_search/genomes/BUSCO_eukaryota_obd10/Thalassiosira_pseudonana_ASM14940v2/run_eukaryota_odb10/metaeuk_output/initial_results/GCA_000149405.2_ASM14940v2_genomic.fna.modified.fas 
# Current dir:     /Users/aholzer/ownCloud/PhD/Publications/2021 Liavero-Pasquina et al./analysis/TPP_aptamer_search
# Date:            Mon Apr 19 03:20:14 2021
# [ok]
