#                                                                                  --- full sequence --- -------------- this domain -------------   hmm coord   ali coord   env coord
# target name              accession   tlen query name           accession   qlen   E-value  score  bias   #  of  c-Evalue  i-Evalue  score  bias  from    to  from    to  from    to  acc description of target
#      ------------------- ---------- ----- -------------------- ---------- ----- --------- ------ ----- --- --- --------- --------- ------ ----- ----- ----- ----- ----- ----- ----- ---- ---------------------
CM000642_1:1869475-1871544 -            690 679187at2759         -            423     3e-66  219.7  25.5   1   6   3.5e-27   1.5e-24   82.4   0.2    30   166     2   167     1   192 0.80 -
CM000642_1:1869475-1871544 -            690 679187at2759         -            423     3e-66  219.7  25.5   2   6      0.41   1.7e+02   -3.5   0.0   182   207   215   242   210   243 0.70 -
CM000642_1:1869475-1871544 -            690 679187at2759         -            423     3e-66  219.7  25.5   3   6   3.4e-17   1.4e-14   49.5   1.2   208   269   268   330   260   354 0.89 -
CM000642_1:1869475-1871544 -            690 679187at2759         -            423     3e-66  219.7  25.5   4   6   4.3e-15   1.8e-12   42.6   0.5   298   351   399   453   348   466 0.87 -
CM000642_1:1869475-1871544 -            690 679187at2759         -            423     3e-66  219.7  25.5   5   6   6.3e-12   2.6e-09   32.1   0.5   345   375   469   499   454   503 0.84 -
CM000642_1:1869475-1871544 -            690 679187at2759         -            423     3e-66  219.7  25.5   6   6   5.9e-11   2.5e-08   28.9   0.6   377   422   526   571   522   572 0.95 -
CM000643_1:1628412-1630628 -            739 679187at2759         -            423     7e-28   93.3   6.1   1   5   4.8e-12     2e-09   32.5   0.0   110   187   131   218    94   256 0.78 -
CM000643_1:1628412-1630628 -            739 679187at2759         -            423     7e-28   93.3   6.1   2   5   1.6e-08   6.5e-06   21.0   0.2   209   266   300   358   294   385 0.85 -
CM000643_1:1628412-1630628 -            739 679187at2759         -            423     7e-28   93.3   6.1   3   5   1.5e-06   0.00061   14.5   0.0   304   352   434   482   428   490 0.91 -
CM000643_1:1628412-1630628 -            739 679187at2759         -            423     7e-28   93.3   6.1   4   5   9.4e-10   3.9e-07   25.0   0.0   349   401   520   580   512   583 0.84 -
CM000643_1:1628412-1630628 -            739 679187at2759         -            423     7e-28   93.3   6.1   5   5      0.66   2.8e+02   -4.2   0.2   243   283   658   698   657   720 0.80 -
#
# Program:         hmmsearch
# Version:         3.1b2 (February 2015)
# Pipeline mode:   SEARCH
# Query file:      /Users/aholzer/ownCloud/PhD/Publications/2021 Liavero-Pasquina et al./analysis/TPP_aptamer_search/busco_downloads/lineages/eukaryota_odb10/hmms/679187at2759.hmm
# Target file:     /Users/aholzer/ownCloud/PhD/Publications/2021 Liavero-Pasquina et al./analysis/TPP_aptamer_search/genomes/BUSCO_eukaryota_obd10/Thalassiosira_pseudonana_ASM14940v2/run_eukaryota_odb10/metaeuk_output/initial_results/GCA_000149405.2_ASM14940v2_genomic.fna.modified.fas
# Option settings: hmmsearch --domtblout /Users/aholzer/ownCloud/PhD/Publications/2021 Liavero-Pasquina et al./analysis/TPP_aptamer_search/genomes/BUSCO_eukaryota_obd10/Thalassiosira_pseudonana_ASM14940v2/run_eukaryota_odb10/hmmer_output/initial_run_results/679187at2759.out --cpu 1 /Users/aholzer/ownCloud/PhD/Publications/2021 Liavero-Pasquina et al./analysis/TPP_aptamer_search/busco_downloads/lineages/eukaryota_odb10/hmms/679187at2759.hmm /Users/aholzer/ownCloud/PhD/Publications/2021 Liavero-Pasquina et al./analysis/TPP_aptamer_search/genomes/BUSCO_eukaryota_obd10/Thalassiosira_pseudonana_ASM14940v2/run_eukaryota_odb10/metaeuk_output/initial_results/GCA_000149405.2_ASM14940v2_genomic.fna.modified.fas 
# Current dir:     /Users/aholzer/ownCloud/PhD/Publications/2021 Liavero-Pasquina et al./analysis/TPP_aptamer_search
# Date:            Mon Apr 19 03:20:16 2021
# [ok]
