#                                                                                  --- full sequence --- -------------- this domain -------------   hmm coord   ali coord   env coord
# target name              accession   tlen query name           accession   qlen   E-value  score  bias   #  of  c-Evalue  i-Evalue  score  bias  from    to  from    to  from    to  acc description of target
#      ------------------- ---------- ----- -------------------- ---------- ----- --------- ------ ----- --- --- --------- --------- ------ ----- ----- ----- ----- ----- ----- ----- ---- ---------------------
CM000641_1:589394-590603   -            326 779909at2759         -            227   4.7e-64  211.6   3.3   1   2   5.9e-44   7.2e-43  142.3   0.0     1   128    10   156    10   186 0.88 -
CM000641_1:589394-590603   -            326 779909at2759         -            227   4.7e-64  211.6   3.3   2   2   1.6e-18     2e-17   59.1   6.0   157   227   231   323   224   323 0.82 -
CM000647_1:1061701-1062732 -            344 779909at2759         -            227     1e-21   73.2   2.2   1   5   5.8e-05   0.00072   14.8   0.0    64   100     1    37     1    52 0.85 -
CM000647_1:1061701-1062732 -            344 779909at2759         -            227     1e-21   73.2   2.2   2   5   7.8e-08   9.6e-07   24.2   0.2     3   101    18   127    18   138 0.82 -
CM000647_1:1061701-1062732 -            344 779909at2759         -            227     1e-21   73.2   2.2   3   5     0.021      0.26    6.4   0.0    63    95   131   162   123   170 0.69 -
CM000647_1:1061701-1062732 -            344 779909at2759         -            227     1e-21   73.2   2.2   4   5     0.046      0.57    5.3   0.0     3    21   148   166   146   195 0.77 -
CM000647_1:1061701-1062732 -            344 779909at2759         -            227     1e-21   73.2   2.2   5   5   4.6e-11   5.7e-10   34.7   0.0     3    95   244   343   243   344 0.84 -
CM000638_1:2531041-2532102 -            354 779909at2759         -            227   9.6e-21   70.0   3.2   1   5      0.34       4.1    2.5   0.0    78    95    18    35     1    50 0.66 -
CM000638_1:2531041-2532102 -            354 779909at2759         -            227   9.6e-21   70.0   3.2   2   5   0.00013    0.0017   13.6   0.0    57    94    52    89    46    98 0.90 -
CM000638_1:2531041-2532102 -            354 779909at2759         -            227   9.6e-21   70.0   3.2   3   5    0.0021     0.026    9.7   0.0    60    95    96   131    89   136 0.90 -
CM000638_1:2531041-2532102 -            354 779909at2759         -            227   9.6e-21   70.0   3.2   4   5   3.4e-06   4.2e-05   18.8   0.0    57    97   178   218   173   222 0.93 -
CM000638_1:2531041-2532102 -            354 779909at2759         -            227   9.6e-21   70.0   3.2   5   5   9.6e-07   1.2e-05   20.6   0.0     2    82   254   339   253   353 0.77 -
CM000648_1:874998-876014   -            339 779909at2759         -            227   2.3e-20   68.7   6.5   1   4   0.00027    0.0033   12.6   0.4    29   108     6    92     1   169 0.64 -
CM000648_1:874998-876014   -            339 779909at2759         -            227   2.3e-20   68.7   6.5   2   4   1.1e-10   1.3e-09   33.5   0.3     3    98   153   255   151   262 0.86 -
CM000648_1:874998-876014   -            339 779909at2759         -            227   2.3e-20   68.7   6.5   3   4   5.1e-13   6.3e-12   41.1   0.1     2   104   195   305   195   312 0.85 -
CM000648_1:874998-876014   -            339 779909at2759         -            227   2.3e-20   68.7   6.5   4   4      0.13       1.6    3.8   0.0    65    93   311   339   303   339 0.91 -
CM000646_1:828450-829178   -            243 779909at2759         -            227   7.3e-20   67.1   0.1   1   5   0.00049    0.0061   11.7   0.0    65    96     4    35     1    38 0.87 -
CM000646_1:828450-829178   -            243 779909at2759         -            227   7.3e-20   67.1   0.1   2   5   4.8e-06   5.9e-05   18.3   0.0    57    98    38    79    35    90 0.86 -
CM000646_1:828450-829178   -            243 779909at2759         -            227   7.3e-20   67.1   0.1   3   5   1.1e-06   1.3e-05   20.4   0.0    59    98    82   121    78   133 0.85 -
CM000646_1:828450-829178   -            243 779909at2759         -            227   7.3e-20   67.1   0.1   4   5     0.019      0.23    6.6   0.0    68    95   134   161   121   165 0.86 -
CM000646_1:828450-829178   -            243 779909at2759         -            227   7.3e-20   67.1   0.1   5   5     0.044      0.54    5.3   0.0    81   102   213   234   185   241 0.88 -
CM000641_1:1595741-1599574 -           1192 779909at2759         -            227   1.2e-19   66.4   4.2   1   8   2.5e-05    0.0003   16.0   0.0    63    98   299   334   283   345 0.86 -
CM000641_1:1595741-1599574 -           1192 779909at2759         -            227   1.2e-19   66.4   4.2   2   8         5        62   -1.4   0.0    99   154   355   413   352   415 0.69 -
CM000641_1:1595741-1599574 -           1192 779909at2759         -            227   1.2e-19   66.4   4.2   3   8       5.1        62   -1.4   0.0     1    19   524   542   524   560 0.78 -
CM000641_1:1595741-1599574 -           1192 779909at2759         -            227   1.2e-19   66.4   4.2   4   8    0.0015     0.019   10.1   0.0    61   101   687   727   677   758 0.74 -
CM000641_1:1595741-1599574 -           1192 779909at2759         -            227   1.2e-19   66.4   4.2   5   8      0.32       3.9    2.5   0.0    77    99   760   782   755   810 0.78 -
CM000641_1:1595741-1599574 -           1192 779909at2759         -            227   1.2e-19   66.4   4.2   6   8     0.082         1    4.5   0.0    61    95   801   835   793   844 0.79 -
CM000641_1:1595741-1599574 -           1192 779909at2759         -            227   1.2e-19   66.4   4.2   7   8   7.6e-07   9.3e-06   20.9   0.2   167   223   821   896   809   900 0.75 -
CM000641_1:1595741-1599574 -           1192 779909at2759         -            227   1.2e-19   66.4   4.2   8   8      0.13       1.6    3.8   0.0    47   116   914   982   912   989 0.78 -
CM000641_1:234426-235295   -            290 779909at2759         -            227   3.4e-19   64.9   0.4   1   5    0.0032     0.039    9.1   0.1    47    97    24    73     3    76 0.83 -
CM000641_1:234426-235295   -            290 779909at2759         -            227   3.4e-19   64.9   0.4   2   5   5.1e-05   0.00063   14.9   0.3    11    95    23   113    20   118 0.75 -
CM000641_1:234426-235295   -            290 779909at2759         -            227   3.4e-19   64.9   0.4   3   5     0.039      0.48    5.5   0.0    61    95   122   157   115   161 0.85 -
CM000641_1:234426-235295   -            290 779909at2759         -            227   3.4e-19   64.9   0.4   4   5   2.7e-05   0.00033   15.9   0.0    56   100   160   206   157   209 0.87 -
CM000641_1:234426-235295   -            290 779909at2759         -            227   3.4e-19   64.9   0.4   5   5   1.4e-06   1.7e-05   20.1   0.0    57    98   205   246   202   256 0.88 -
CM000643_1:1053239-1054150 -            304 779909at2759         -            227   2.9e-18   61.8   0.1   1   4   0.00043    0.0053   11.9   0.0    64    96     2    34     1    43 0.90 -
CM000643_1:1053239-1054150 -            304 779909at2759         -            227   2.9e-18   61.8   0.1   2   4   0.00047    0.0057   11.8   0.0    62   104    42    87    36    92 0.78 -
CM000643_1:1053239-1054150 -            304 779909at2759         -            227   2.9e-18   61.8   0.1   3   4   0.00069    0.0084   11.3   0.0    60    96    85   121    79   126 0.88 -
CM000643_1:1053239-1054150 -            304 779909at2759         -            227   2.9e-18   61.8   0.1   4   4     2e-05   0.00024   16.3   0.0    59    96   218   255   212   267 0.88 -
CM000639_1:1282163-1282618 -            152 779909at2759         -            227   2.4e-16   55.5   0.0   1   3   7.1e-05   0.00087   14.5   0.0    63   101     6    44     2    46 0.89 -
CM000639_1:1282163-1282618 -            152 779909at2759         -            227   2.4e-16   55.5   0.0   2   3   1.2e-06   1.5e-05   20.3   0.0    58   100    49    91    43    94 0.89 -
CM000639_1:1282163-1282618 -            152 779909at2759         -            227   2.4e-16   55.5   0.0   3   3   1.9e-06   2.3e-05   19.6   0.0    57   113    90   147    87   152 0.85 -
CM000652_1:184864-186315   -            484 779909at2759         -            227   2.6e-16   55.4   5.4   1   6       0.2       2.4    3.2   0.0    63   106    93   136    84   167 0.55 -
CM000652_1:184864-186315   -            484 779909at2759         -            227   2.6e-16   55.4   5.4   2   6      0.11       1.4    4.0   0.0    64   108   136   180   129   183 0.83 -
CM000652_1:184864-186315   -            484 779909at2759         -            227   2.6e-16   55.4   5.4   3   6     4e-07   4.9e-06   21.8   0.1     4    97   154   253   151   259 0.85 -
CM000652_1:184864-186315   -            484 779909at2759         -            227   2.6e-16   55.4   5.4   4   6   1.2e-07   1.4e-06   23.6   0.0    61    98   259   296   255   300 0.91 -
CM000652_1:184864-186315   -            484 779909at2759         -            227   2.6e-16   55.4   5.4   5   6    0.0017      0.02   10.0   0.0    47    94   288   335   287   339 0.82 -
CM000652_1:184864-186315   -            484 779909at2759         -            227   2.6e-16   55.4   5.4   6   6      0.28       3.5    2.7   0.0    66    94   353   381   339   387 0.75 -
CM000638_1:882113-883012   -            300 779909at2759         -            227   9.1e-16   53.7   0.3   1   4      0.49       6.1    1.9   0.0    64    97     4    38     1    43 0.66 -
CM000638_1:882113-883012   -            300 779909at2759         -            227   9.1e-16   53.7   0.3   2   4    0.0029     0.036    9.2   0.0    62    97    54    89    45    94 0.84 -
CM000638_1:882113-883012   -            300 779909at2759         -            227   9.1e-16   53.7   0.3   3   4   5.4e-07   6.6e-06   21.4   0.0    47    95    82   129    80   142 0.91 -
CM000638_1:882113-883012   -            300 779909at2759         -            227   9.1e-16   53.7   0.3   4   4   5.6e-07   6.9e-06   21.4   0.0     2   103   161   266   159   280 0.79 -
CM000648_1:841295-843057   -            500 779909at2759         -            227   1.1e-14   50.1   0.0   1   5   4.3e-09   5.2e-08   28.3   0.0     2    97   167   269   166   277 0.85 -
CM000648_1:841295-843057   -            500 779909at2759         -            227   1.1e-14   50.1   0.0   2   5       4.9        60   -1.3   0.0    71    98   297   324   292   338 0.78 -
CM000648_1:841295-843057   -            500 779909at2759         -            227   1.1e-14   50.1   0.0   3   5     0.015      0.19    6.8   0.0    67    96   367   401   360   404 0.74 -
CM000648_1:841295-843057   -            500 779909at2759         -            227   1.1e-14   50.1   0.0   4   5     0.021      0.26    6.4   0.0    63    98   418   453   410   470 0.83 -
CM000648_1:841295-843057   -            500 779909at2759         -            227   1.1e-14   50.1   0.0   5   5      0.49       6.1    1.9   0.0    70    98   469   499   455   500 0.70 -
CM000639_1:1785966-1788918 -            929 779909at2759         -            227   3.9e-14   48.3   0.8   1   6     0.027      0.33    6.0   0.0    11    79    51   124    46   139 0.69 -
CM000639_1:1785966-1788918 -            929 779909at2759         -            227   3.9e-14   48.3   0.8   2   6     0.028      0.34    6.0   0.0    61    96   154   189   145   193 0.89 -
CM000639_1:1785966-1788918 -            929 779909at2759         -            227   3.9e-14   48.3   0.8   3   6       3.4        42   -0.8   0.0    49    97   360   408   315   413 0.61 -
CM000639_1:1785966-1788918 -            929 779909at2759         -            227   3.9e-14   48.3   0.8   4   6   1.5e-07   1.9e-06   23.2   0.0     2   127   433   578   432   583 0.81 -
CM000639_1:1785966-1788918 -            929 779909at2759         -            227   3.9e-14   48.3   0.8   5   6     0.042      0.51    5.4   0.0    67    97   548   578   543   626 0.75 -
CM000639_1:1785966-1788918 -            929 779909at2759         -            227   3.9e-14   48.3   0.8   6   6       0.2       2.5    3.2   0.0    64    96   651   683   639   693 0.84 -
CM000645_1:187269-187841   -            191 779909at2759         -            227   4.2e-14   48.2   0.3   1   3   0.00035    0.0043   12.2   0.0    59    97    15    53     8    56 0.88 -
CM000645_1:187269-187841   -            191 779909at2759         -            227   4.2e-14   48.2   0.3   2   3   2.1e-06   2.6e-05   19.5   0.0    60    99    58    97    51   113 0.85 -
CM000645_1:187269-187841   -            191 779909at2759         -            227   4.2e-14   48.2   0.3   3   3   0.00012    0.0015   13.7   0.0     2    30   153   181   152   191 0.77 -
CM000641_1:1263635-1264291 -            219 779909at2759         -            227   7.8e-14   47.4   0.0   1   4   0.00086     0.011   10.9   0.0    67    97     9    39     3    44 0.90 -
CM000641_1:1263635-1264291 -            219 779909at2759         -            227   7.8e-14   47.4   0.0   2   4   9.2e-08   1.1e-06   23.9   0.0    55    99    44    88    41   107 0.87 -
CM000641_1:1263635-1264291 -            219 779909at2759         -            227   7.8e-14   47.4   0.0   3   4     0.014      0.17    7.0   0.0    47   107   120   180   112   185 0.80 -
CM000641_1:1263635-1264291 -            219 779909at2759         -            227   7.8e-14   47.4   0.0   4   4       2.3        28   -0.3   0.0   163   179   203   219   193   219 0.68 -
CM000646_1:654381-655211   -            277 779909at2759         -            227     1e-13   47.0   2.0   1   5       0.6       7.3    1.6   0.0    77    96    26    45    17    62 0.80 -
CM000646_1:654381-655211   -            277 779909at2759         -            227     1e-13   47.0   2.0   2   5   0.00091     0.011   10.8   0.0    68    97    76   105    57   109 0.80 -
CM000646_1:654381-655211   -            277 779909at2759         -            227     1e-13   47.0   2.0   3   5     0.025      0.31    6.2   0.0    67   101   164   199   146   206 0.77 -
CM000646_1:654381-655211   -            277 779909at2759         -            227     1e-13   47.0   2.0   4   5   3.4e-06   4.2e-05   18.8   0.1    65    98   205   238   194   244 0.81 -
CM000646_1:654381-655211   -            277 779909at2759         -            227     1e-13   47.0   2.0   5   5     0.028      0.34    6.0   0.0    64    95   246   277   237   277 0.80 -
CM000644_1:584497-586020   -            508 779909at2759         -            227   1.2e-13   46.7   0.6   1   5    0.0045     0.056    8.6   0.0    46    93    91   138    65   149 0.79 -
CM000644_1:584497-586020   -            508 779909at2759         -            227   1.2e-13   46.7   0.6   2   5      0.18       2.2    3.4   0.0    70   101   205   237   197   249 0.73 -
CM000644_1:584497-586020   -            508 779909at2759         -            227   1.2e-13   46.7   0.6   3   5      0.32         4    2.5   0.0    45    98   223   279   216   297 0.57 -
CM000644_1:584497-586020   -            508 779909at2759         -            227   1.2e-13   46.7   0.6   4   5   1.5e-06   1.9e-05   19.9   0.0    49    98   315   364   260   381 0.78 -
CM000644_1:584497-586020   -            508 779909at2759         -            227   1.2e-13   46.7   0.6   5   5    0.0026     0.032    9.4   0.0    67    98   389   420   374   439 0.86 -
CM000638_1:1470475-1471461 -            329 779909at2759         -            227   2.2e-13   45.9   0.5   1   5   9.8e-05    0.0012   14.0   0.0    62    94     5    37     2    42 0.91 -
CM000638_1:1470475-1471461 -            329 779909at2759         -            227   2.2e-13   45.9   0.5   2   5    0.0014     0.017   10.3   0.1   153   181    54    80    45    85 0.84 -
CM000638_1:1470475-1471461 -            329 779909at2759         -            227   2.2e-13   45.9   0.5   3   5     0.024       0.3    6.2   0.1     4    46    67   109    66   143 0.67 -
CM000638_1:1470475-1471461 -            329 779909at2759         -            227   2.2e-13   45.9   0.5   4   5   0.00044    0.0054   11.9   0.0    46    95   176   224   153   254 0.85 -
CM000638_1:1470475-1471461 -            329 779909at2759         -            227   2.2e-13   45.9   0.5   5   5      0.14       1.7    3.7   0.0    59    93   285   319   259   326 0.84 -
CM000649_1:675187-676367   -            333 779909at2759         -            227     2e-12   42.7   0.2   1   3    0.0014     0.017   10.2   0.0    11    97    40   137    32   139 0.69 -
CM000649_1:675187-676367   -            333 779909at2759         -            227     2e-12   42.7   0.2   2   3   0.00015    0.0019   13.4   0.0    50    96   133   179   129   184 0.93 -
CM000649_1:675187-676367   -            333 779909at2759         -            227     2e-12   42.7   0.2   3   3   3.1e-06   3.8e-05   18.9   0.0     6    95   232   328   226   332 0.83 -
CM000651_1:81642-82790     -            383 779909at2759         -            227   5.9e-12   41.2   0.2   1   5       1.8        22    0.1   0.0     2    18    40    56    38    67 0.78 -
CM000651_1:81642-82790     -            383 779909at2759         -            227   5.9e-12   41.2   0.2   2   5   0.00017    0.0021   13.2   0.0    56    95    84   123    75   125 0.93 -
CM000651_1:81642-82790     -            383 779909at2759         -            227   5.9e-12   41.2   0.2   3   5      0.01      0.12    7.4   0.0     2    21   175   194   174   206 0.88 -
CM000651_1:81642-82790     -            383 779909at2759         -            227   5.9e-12   41.2   0.2   4   5      0.03      0.37    5.9   0.0    65    99   231   265   219   281 0.86 -
CM000651_1:81642-82790     -            383 779909at2759         -            227   5.9e-12   41.2   0.2   5   5      0.03      0.37    5.9   0.0    60    93   349   383   339   383 0.85 -
CM000641_1:177582-178472   -            297 779909at2759         -            227   8.1e-12   40.7   2.3   1   4     0.026      0.32    6.1   0.0    60   100     2    43     1    47 0.87 -
CM000641_1:177582-178472   -            297 779909at2759         -            227   8.1e-12   40.7   2.3   2   4   1.1e-05   0.00013   17.2   0.1    56   100    41    85    38    96 0.88 -
CM000641_1:177582-178472   -            297 779909at2759         -            227   8.1e-12   40.7   2.3   3   4   0.00032     0.004   12.3   0.2    58    96   127   166   112   195 0.82 -
CM000641_1:177582-178472   -            297 779909at2759         -            227   8.1e-12   40.7   2.3   4   4      0.26       3.3    2.8   0.0    71    97   231   257   185   270 0.69 -
CM000643_1:996261-999479   -           1073 779909at2759         -            227     1e-11   40.5   2.7   1   7       1.9        23    0.0   0.0    66    96   185   218   170   230 0.68 -
CM000643_1:996261-999479   -           1073 779909at2759         -            227     1e-11   40.5   2.7   2   7     0.011      0.13    7.3   0.0    47   104   212   274   208   283 0.67 -
CM000643_1:996261-999479   -           1073 779909at2759         -            227     1e-11   40.5   2.7   3   7      0.85        10    1.1   0.1    80    95   304   320   299   328 0.72 -
CM000643_1:996261-999479   -           1073 779909at2759         -            227     1e-11   40.5   2.7   4   7       7.9        97   -2.0   0.0   166   182   556   572   533   578 0.61 -
CM000643_1:996261-999479   -           1073 779909at2759         -            227     1e-11   40.5   2.7   5   7     0.026      0.32    6.1   0.0     3    40   654   692   652   767 0.77 -
CM000643_1:996261-999479   -           1073 779909at2759         -            227     1e-11   40.5   2.7   6   7    0.0099      0.12    7.5   0.0    48    94   761   806   710   810 0.79 -
CM000643_1:996261-999479   -           1073 779909at2759         -            227     1e-11   40.5   2.7   7   7   9.3e-06   0.00011   17.4   0.0     2    96   750   850   749   859 0.79 -
CM000651_1:91102-92436     -            445 779909at2759         -            227   1.9e-11   39.5   1.5   1   6      0.43       5.3    2.1   0.1    84   115    13    45     1   117 0.59 -
CM000651_1:91102-92436     -            445 779909at2759         -            227   1.9e-11   39.5   1.5   2   6       2.2        27   -0.2   0.0     2    18   102   118   101   129 0.78 -
CM000651_1:91102-92436     -            445 779909at2759         -            227   1.9e-11   39.5   1.5   3   6   0.00021    0.0026   12.9   0.0    56    95   146   185   137   187 0.93 -
CM000651_1:91102-92436     -            445 779909at2759         -            227   1.9e-11   39.5   1.5   4   6     0.012      0.14    7.2   0.0     2    21   237   256   236   270 0.88 -
CM000651_1:91102-92436     -            445 779909at2759         -            227   1.9e-11   39.5   1.5   5   6     0.036      0.44    5.6   0.0    65    99   293   327   280   342 0.86 -
CM000651_1:91102-92436     -            445 779909at2759         -            227   1.9e-11   39.5   1.5   6   6      0.17         2    3.5   0.0    60    93   411   445   402   445 0.80 -
CM000638_1:723210-724601   -            464 779909at2759         -            227   2.4e-11   39.2   1.1   1   4     0.073       0.9    4.6   0.0    78   181   101   202    62   206 0.67 -
CM000638_1:723210-724601   -            464 779909at2759         -            227   2.4e-11   39.2   1.1   2   4      0.11       1.3    4.1   0.1     9    96   194   294   187   299 0.66 -
CM000638_1:723210-724601   -            464 779909at2759         -            227   2.4e-11   39.2   1.1   3   4   1.3e-05   0.00016   16.9   0.1    47   124   288   377   230   383 0.82 -
CM000638_1:723210-724601   -            464 779909at2759         -            227   2.4e-11   39.2   1.1   4   4   0.00016    0.0019   13.4   0.0    58   125   383   462   373   464 0.78 -
CM000653_1:499387-500498   -            312 779909at2759         -            227   5.3e-11   38.1   0.0   1   2   3.3e-06     4e-05   18.9   0.0     4    99    77   180    74   196 0.82 -
CM000653_1:499387-500498   -            312 779909at2759         -            227   5.3e-11   38.1   0.0   2   2   1.4e-05   0.00017   16.8   0.0    47    95   263   310   253   311 0.91 -
CM000638_1:2527576-2528523 -            316 779909at2759         -            227   9.8e-11   37.2   0.1   1   3       6.1        76   -1.7   0.0     8    29    37    58    31    74 0.73 -
CM000638_1:2527576-2528523 -            316 779909at2759         -            227   9.8e-11   37.2   0.1   2   3   6.5e-05    0.0008   14.6   0.0    47    99   128   180    87   195 0.87 -
CM000638_1:2527576-2528523 -            316 779909at2759         -            227   9.8e-11   37.2   0.1   3   3   2.6e-06   3.2e-05   19.2   0.0     3    97   208   311   206   316 0.76 -
CM000639_1:1406367-1407308 -            314 779909at2759         -            227   2.1e-10   36.1   0.1   1   2   3.3e-06     4e-05   18.9   0.0    80   132    23    77     3    82 0.86 -
CM000639_1:1406367-1407308 -            314 779909at2759         -            227   2.1e-10   36.1   0.1   2   2    0.0001    0.0013   13.9   0.0    80   103   278   301   268   305 0.84 -
CP001159_1:750675-751154   -            160 779909at2759         -            227   3.9e-10   35.2   0.6   1   3     0.012      0.15    7.2   0.1    69    96     5    33     1    37 0.64 -
CP001159_1:750675-751154   -            160 779909at2759         -            227   3.9e-10   35.2   0.6   2   3   2.1e-05   0.00026   16.2   0.0    58   127    46   116    42   118 0.80 -
CP001159_1:750675-751154   -            160 779909at2759         -            227   3.9e-10   35.2   0.6   3   3   0.00047    0.0058   11.8   0.1    68    98   106   137    91   152 0.70 -
DS999417_1:373013-373831   -            273 779909at2759         -            227   6.7e-10   34.5   0.3   1   3         3        37   -0.6   0.0    62   100    12    49     4    60 0.68 -
DS999417_1:373013-373831   -            273 779909at2759         -            227   6.7e-10   34.5   0.3   2   3   2.8e-07   3.5e-06   22.3   0.0    41   129    92   192    86   202 0.73 -
DS999417_1:373013-373831   -            273 779909at2759         -            227   6.7e-10   34.5   0.3   3   3     0.012      0.14    7.2   0.0   178   204   206   232   196   250 0.77 -
CM000638_1:1162119-1162481 -            121 779909at2759         -            227   4.9e-09   31.7   0.1   1   3   1.9e-06   2.3e-05   19.6   0.0    64   108     2    47     1    60 0.83 -
CM000638_1:1162119-1162481 -            121 779909at2759         -            227   4.9e-09   31.7   0.1   2   3    0.0071     0.087    7.9   0.1    66    98    46    83    37   100 0.70 -
CM000638_1:1162119-1162481 -            121 779909at2759         -            227   4.9e-09   31.7   0.1   3   3      0.42       5.2    2.1   0.0     3    15   109   121   101   121 0.61 -
CM000641_1:438845-439489   -            215 779909at2759         -            227   6.1e-09   31.3   0.3   1   2   6.1e-09   7.4e-08   27.8   0.1     3    99    24   129    22   142 0.84 -
CM000641_1:438845-439489   -            215 779909at2759         -            227   6.1e-09   31.3   0.3   2   2         1        13    0.9   0.0   190   210   150   173   135   195 0.50 -
CM000638_1:1172736-1173323 -            196 779909at2759         -            227   1.1e-08   30.5   0.0   1   3   0.00011    0.0013   13.9   0.0    73    99     5    31     3    42 0.79 -
CM000638_1:1172736-1173323 -            196 779909at2759         -            227   1.1e-08   30.5   0.0   2   3    0.0043     0.053    8.6   0.0    56   108   116   167   111   168 0.86 -
CM000638_1:1172736-1173323 -            196 779909at2759         -            227   1.1e-08   30.5   0.0   3   3    0.0035     0.043    8.9   0.0    47    94   149   195   148   196 0.83 -
CM000641_1:1391192-1393678 -            829 779909at2759         -            227   1.9e-08   29.7   2.7   1   3   3.4e-05   0.00041   15.5   0.2    57   156   121   228   110   250 0.70 -
CM000641_1:1391192-1393678 -            829 779909at2759         -            227   1.9e-08   29.7   2.7   2   3    0.0058     0.071    8.2   0.0    62   107   247   292   236   302 0.79 -
CM000641_1:1391192-1393678 -            829 779909at2759         -            227   1.9e-08   29.7   2.7   3   3      0.16         2    3.5   0.1    77    98   308   329   299   334 0.82 -
CM000639_1:910030-913354   -           1079 779909at2759         -            227   2.2e-08   29.6   0.0   1   3      0.72       8.8    1.4   0.0    83   128   221   236   175   261 0.64 -
CM000639_1:910030-913354   -           1079 779909at2759         -            227   2.2e-08   29.6   0.0   2   3    0.0044     0.053    8.6   0.0    49    97   543   591   528   598 0.91 -
CM000639_1:910030-913354   -           1079 779909at2759         -            227   2.2e-08   29.6   0.0   3   3   4.1e-05    0.0005   15.3   0.0    40    97   631   688   606   713 0.84 -
CM000654_1:123615-126370   -            844 779909at2759         -            227   3.4e-08   28.9   0.0   1   4    0.0019     0.023    9.8   0.0    72    97   494   519   485   532 0.87 -
CM000654_1:123615-126370   -            844 779909at2759         -            227   3.4e-08   28.9   0.0   2   4       1.5        18    0.4   0.0   101   130   679   708   620   732 0.71 -
CM000654_1:123615-126370   -            844 779909at2759         -            227   3.4e-08   28.9   0.0   3   4   0.00083      0.01   11.0   0.0    49    94   742   787   714   796 0.89 -
CM000654_1:123615-126370   -            844 779909at2759         -            227   3.4e-08   28.9   0.0   4   4       1.2        15    0.7   0.0    71    93   819   841   800   843 0.79 -
CM000644_1:764850-765062   -             71 779909at2759         -            227   4.6e-08   28.5   0.6   1   2    0.0094      0.12    7.5   0.1    80    97     9    26     3    35 0.83 -
CM000644_1:764850-765062   -             71 779909at2759         -            227   4.6e-08   28.5   0.6   2   2   1.3e-06   1.6e-05   20.2   0.1    68    97    38    67    27    70 0.90 -
CM000643_1:1349075-1349548 -            158 779909at2759         -            227   5.4e-08   28.2   2.3   1   4   0.00039    0.0047   12.1   0.0    68    95     4    31     1    34 0.91 -
CM000643_1:1349075-1349548 -            158 779909at2759         -            227   5.4e-08   28.2   2.3   2   4      0.99        12    0.9   0.1     3    23    64    84    62    94 0.65 -
CM000643_1:1349075-1349548 -            158 779909at2759         -            227   5.4e-08   28.2   2.3   3   4     0.068      0.84    4.7   0.0    80    94    94   108    86   119 0.75 -
CM000643_1:1349075-1349548 -            158 779909at2759         -            227   5.4e-08   28.2   2.3   4   4     0.013      0.16    7.1   0.0    81    97   138   154   134   157 0.84 -
CM000650_1:414794-415234   -            147 779909at2759         -            227   8.7e-08   27.6   0.1   1   2   2.2e-06   2.8e-05   19.4   0.0    56   109    10    67     1    72 0.75 -
CM000650_1:414794-415234   -            147 779909at2759         -            227   8.7e-08   27.6   0.1   2   2       2.2        27   -0.2   0.0    62    88   118   145   109   147 0.77 -
CP001160_1:1085995-1086285 -             97 779909at2759         -            227     1e-07   27.4   0.0   1   2   1.2e-07   1.4e-06   23.6   0.0    59    99     6    46     1    59 0.86 -
CP001160_1:1085995-1086285 -             97 779909at2759         -            227     1e-07   27.4   0.0   2   2      0.39       4.7    2.3   0.0    73    93    75    96    67    97 0.60 -
CP001160_1:910305-911024   -            240 779909at2759         -            227   1.2e-07   27.1   0.0   1   3     0.022      0.28    6.3   0.0    73   103     5    35     1    41 0.87 -
CP001160_1:910305-911024   -            240 779909at2759         -            227   1.2e-07   27.1   0.0   2   3   1.5e-05   0.00018   16.7   0.0    46    97    21    74    20    99 0.83 -
CP001160_1:910305-911024   -            240 779909at2759         -            227   1.2e-07   27.1   0.0   3   3     0.034      0.41    5.7   0.0    96   127   174   206   161   236 0.74 -
CM000643_1:199083-199538   -            152 779909at2759         -            227   1.5e-07   26.8   0.0   1   2   3.3e-05    0.0004   15.6   0.1    47    99    10    64     3    67 0.81 -
CM000643_1:199083-199538   -            152 779909at2759         -            227   1.5e-07   26.8   0.0   2   2    0.0082       0.1    7.7   0.0    54   125    63   136    62   140 0.84 -
CM000638_1:1161773-1162006 -             78 779909at2759         -            227   1.7e-07   26.6   0.0   1   2   4.8e-06   5.9e-05   18.3   0.0    64   100     2    38     1    41 0.91 -
CM000638_1:1161773-1162006 -             78 779909at2759         -            227   1.7e-07   26.6   0.0   2   2     0.013      0.16    7.1   0.0    60    93    45    78    38    78 0.86 -
CM000646_1:464799-465470   -            224 779909at2759         -            227   4.9e-07   25.1   1.0   1   2   0.00024     0.003   12.7   0.0    58    97    28    68    23    73 0.82 -
CM000646_1:464799-465470   -            224 779909at2759         -            227   4.9e-07   25.1   1.0   2   2    0.0055     0.068    8.3   0.4    61   105    74   118    69   176 0.83 -
CM000642_1:1162217-1162963 -            249 779909at2759         -            227   8.7e-07   24.3   0.1   1   4     0.022      0.28    6.3   0.0    66    94    34    62     6    68 0.81 -
CM000642_1:1162217-1162963 -            249 779909at2759         -            227   8.7e-07   24.3   0.1   2   4     0.035      0.43    5.7   0.0    65    95   111   141    82   146 0.73 -
CM000642_1:1162217-1162963 -            249 779909at2759         -            227   8.7e-07   24.3   0.1   3   4     0.093       1.1    4.3   0.0    68    95   165   192   160   199 0.86 -
CM000642_1:1162217-1162963 -            249 779909at2759         -            227   8.7e-07   24.3   0.1   4   4      0.34       4.2    2.4   0.0    81    94   236   249   227   249 0.69 -
CM000643_1:482388-484586   -            706 779909at2759         -            227   1.1e-06   24.0   1.0   1   2   0.00046    0.0057   11.8   0.2    66    95   234   263   230   268 0.91 -
CM000643_1:482388-484586   -            706 779909at2759         -            227   1.1e-06   24.0   1.0   2   2    0.0035     0.043    8.9   0.0     2    19   324   341   323   349 0.87 -
DS999420_1:12323-12901     -            193 779909at2759         -            227   1.8e-06   23.2   0.0   1   1   3.3e-06   4.1e-05   18.8   0.0    46   100    29    82    26   131 0.74 -
CM000640_1:1260447-1261220 -            258 779909at2759         -            227   1.9e-06   23.2   0.4   1   3       1.2        15    0.7   0.0    81    96     1    16     1    21 0.80 -
CM000640_1:1260447-1261220 -            258 779909at2759         -            227   1.9e-06   23.2   0.4   2   3    0.0037     0.046    8.9   0.0     2    24   155   177   152   190 0.87 -
CM000640_1:1260447-1261220 -            258 779909at2759         -            227   1.9e-06   23.2   0.4   3   3    0.0034     0.042    9.0   0.0     4    40   222   258   219   258 0.88 -
CM000639_1:360756-362630   -            625 779909at2759         -            227   2.3e-06   22.9   4.2   1   5       1.5        18    0.4   0.0    46    99    98   151    85   161 0.79 -
CM000639_1:360756-362630   -            625 779909at2759         -            227   2.3e-06   22.9   4.2   2   5    0.0033      0.04    9.0   0.7    61   103   245   285   232   331 0.78 -
CM000639_1:360756-362630   -            625 779909at2759         -            227   2.3e-06   22.9   4.2   3   5     0.099       1.2    4.2   0.0    65    98   339   372   329   385 0.82 -
CM000639_1:360756-362630   -            625 779909at2759         -            227   2.3e-06   22.9   4.2   4   5      0.12       1.4    4.0   0.0    47    94   458   512   411   517 0.71 -
CM000639_1:360756-362630   -            625 779909at2759         -            227   2.3e-06   22.9   4.2   5   5       2.2        27   -0.2   0.0    43    93   571   624   540   625 0.76 -
CM000642_1:1874055-1874759 -            235 779909at2759         -            227   3.8e-06   22.2   0.3   1   3     0.061      0.74    4.9   0.0    81   102    16    37     8    53 0.85 -
CM000642_1:1874055-1874759 -            235 779909at2759         -            227   3.8e-06   22.2   0.3   2   3      0.01      0.13    7.4   0.0    40    98    74   132    49   146 0.72 -
CM000642_1:1874055-1874759 -            235 779909at2759         -            227   3.8e-06   22.2   0.3   3   3     0.016       0.2    6.8   0.0    79    98   163   182   137   193 0.77 -
CM000639_1:1282727-1282936 -             70 779909at2759         -            227   4.5e-06   22.0   0.0   1   1   4.1e-07   5.1e-06   21.8   0.0     3    36     1    35     1    49 0.88 -
CM000649_1:727000-727551   -            184 779909at2759         -            227   4.8e-06   21.9   0.3   1   3    0.0064     0.078    8.1   0.0    77    97    13    33     5    46 0.85 -
CM000649_1:727000-727551   -            184 779909at2759         -            227   4.8e-06   21.9   0.3   2   3    0.0016      0.02   10.0   0.0    69   115    50    96    34   117 0.80 -
CM000649_1:727000-727551   -            184 779909at2759         -            227   4.8e-06   21.9   0.3   3   3      0.93        11    1.0   0.0    74   125   127   181    98   183 0.69 -
CM000643_1:494360-494974   -            205 779909at2759         -            227   5.7e-06   21.6   0.1   1   2     0.023      0.28    6.3   0.0    83    98    84    99    73   114 0.78 -
CM000643_1:494360-494974   -            205 779909at2759         -            227   5.7e-06   21.6   0.1   2   2   0.00022    0.0027   12.9   0.0    65    99   135   169   115   205 0.77 -
CM000648_1:37663-38475     -            271 779909at2759         -            227     6e-06   21.5   0.1   1   3    0.0014     0.017   10.3   0.0    47   103    11    67     6    75 0.85 -
CM000648_1:37663-38475     -            271 779909at2759         -            227     6e-06   21.5   0.1   2   3      0.11       1.4    4.0   0.0    61    98    90   127    82   150 0.83 -
CM000648_1:37663-38475     -            271 779909at2759         -            227     6e-06   21.5   0.1   3   3      0.14       1.7    3.7   0.0    67   104   190   227   137   238 0.69 -
CM000638_1:713343-713882   -            180 779909at2759         -            227   1.4e-05   20.4   0.0   1   2   0.00055    0.0068   11.6   0.0    65   101     2    41     1    43 0.81 -
CM000638_1:713343-713882   -            180 779909at2759         -            227   1.4e-05   20.4   0.0   2   2     0.014      0.17    7.0   0.0    10    90    92   170    87   177 0.80 -
CM000640_1:605096-605950   -            285 779909at2759         -            227   3.1e-05   19.2   0.1   1   4     0.033       0.4    5.8   0.0    81   101     2    22     1    42 0.80 -
CM000640_1:605096-605950   -            285 779909at2759         -            227   3.1e-05   19.2   0.1   2   4     0.082         1    4.5   0.0    62    96    84   124    60   138 0.77 -
CM000640_1:605096-605950   -            285 779909at2759         -            227   3.1e-05   19.2   0.1   3   4       2.9        36   -0.6   0.0    67    95   143   171   125   179 0.68 -
CM000640_1:605096-605950   -            285 779909at2759         -            227   3.1e-05   19.2   0.1   4   4       0.1       1.3    4.1   0.0    54    95   244   285   237   285 0.71 -
CM000640_1:2173581-2178983 -           1696 779909at2759         -            227   5.8e-05   18.3   0.4   1   4       1.6        20    0.2   0.0    64    95  1271  1302  1261  1307 0.86 -
CM000640_1:2173581-2178983 -           1696 779909at2759         -            227   5.8e-05   18.3   0.4   2   4      0.63       7.8    1.6   0.1    97   137  1329  1370  1322  1376 0.76 -
CM000640_1:2173581-2178983 -           1696 779909at2759         -            227   5.8e-05   18.3   0.4   3   4      0.11       1.4    4.0   0.0    66   106  1431  1471  1392  1486 0.80 -
CM000640_1:2173581-2178983 -           1696 779909at2759         -            227   5.8e-05   18.3   0.4   4   4     0.026      0.32    6.1   0.0    73    98  1578  1603  1559  1625 0.79 -
CM000648_1:649218-649889   -            224 779909at2759         -            227   6.3e-05   18.2   0.3   1   3    0.0017     0.021   10.0   0.0    67    94    36    65     2    74 0.70 -
CM000648_1:649218-649889   -            224 779909at2759         -            227   6.3e-05   18.2   0.3   2   3      0.04      0.49    5.5   0.0     3    31   112   140   102   152 0.80 -
CM000648_1:649218-649889   -            224 779909at2759         -            227   6.3e-05   18.2   0.3   3   3         8        98   -2.0   0.0    67    94   193   220   171   223 0.51 -
CM000653_1:187723-188520   -            266 779909at2759         -            227   9.8e-05   17.6   1.1   1   3      0.12       1.4    3.9   0.0     3    21     7    25     5    31 0.75 -
CM000653_1:187723-188520   -            266 779909at2759         -            227   9.8e-05   17.6   1.1   2   3   5.7e-05    0.0007   14.8   0.1    47    95    16    66    14    70 0.85 -
CM000653_1:187723-188520   -            266 779909at2759         -            227   9.8e-05   17.6   1.1   3   3       4.9        60   -1.4   0.1    68    93   241   266   235   266 0.79 -
CP001160_1:1385711-1386742 -            344 779909at2759         -            227   0.00018   16.7   2.1   1   3    0.0092      0.11    7.6   0.1    55    97    36    78    13    83 0.66 -
CP001160_1:1385711-1386742 -            344 779909at2759         -            227   0.00018   16.7   2.1   2   3       5.2        63   -1.4   0.0    97    97   195   195   156   228 0.54 -
CP001160_1:1385711-1386742 -            344 779909at2759         -            227   0.00018   16.7   2.1   3   3      0.19       2.4    3.2   0.0    64   120   257   312   241   333 0.76 -
CM000649_1:780776-781468   -            231 779909at2759         -            227   0.00023   16.4   0.2   1   3   0.00038    0.0047   12.1   0.0    31    99    19    91     6   110 0.75 -
CM000649_1:780776-781468   -            231 779909at2759         -            227   0.00023   16.4   0.2   2   3       3.1        38   -0.7   0.0    55    91   145   183   141   196 0.66 -
CM000649_1:780776-781468   -            231 779909at2759         -            227   0.00023   16.4   0.2   3   3         2        24   -0.1   0.1   183   198   204   219   196   227 0.85 -
CM000642_1:841838-842545   -            236 779909at2759         -            227   0.00026   16.2   0.4   1   4      0.81       9.9    1.2   0.0    83    98     1    16     1    26 0.83 -
CM000642_1:841838-842545   -            236 779909at2759         -            227   0.00026   16.2   0.4   2   4      0.34       4.2    2.4   0.0   192   225    97   130    69   132 0.85 -
CM000642_1:841838-842545   -            236 779909at2759         -            227   0.00026   16.2   0.4   3   4      0.49       6.1    1.9   0.0    80    95   157   172   152   183 0.64 -
CM000642_1:841838-842545   -            236 779909at2759         -            227   0.00026   16.2   0.4   4   4     0.037      0.46    5.6   0.0    68    97   206   235   188   236 0.81 -
CM000639_1:480135-480752   -            206 779909at2759         -            227   0.00051   15.2   0.0   1   2   0.00012    0.0015   13.7   0.0    65    98   102   135    40   141 0.75 -
CM000639_1:480135-480752   -            206 779909at2759         -            227   0.00051   15.2   0.0   2   2       8.3     1e+02   -2.1   0.0   182   214   144   178   128   181 0.70 -
CP001160_1:600454-601113   -            220 779909at2759         -            227   0.00076   14.7   0.2   1   3     0.014      0.17    7.0   0.0    60    96    80   117    68   131 0.85 -
CP001160_1:600454-601113   -            220 779909at2759         -            227   0.00076   14.7   0.2   2   3      0.18       2.2    3.3   0.0    96   124   143   172   140   181 0.64 -
CP001160_1:600454-601113   -            220 779909at2759         -            227   0.00076   14.7   0.2   3   3       1.3        16    0.5   0.0    59    91   186   219   179   220 0.81 -
CM000638_1:1787653-1788360 -            236 779909at2759         -            227     0.001   14.3   0.2   1   2    0.0023     0.029    9.5   0.0    81    99    29    47     9    67 0.78 -
CM000638_1:1787653-1788360 -            236 779909at2759         -            227     0.001   14.3   0.2   2   2      0.39       4.8    2.2   0.1    47    97    88   139    74   147 0.63 -
CM000645_1:434884-435501   -            206 779909at2759         -            227     0.003   12.7   0.0   1   1   0.00047    0.0058   11.8   0.0    64   104   112   153   109   167 0.84 -
CM000642_1:765084-765293   -             70 779909at2759         -            227    0.0036   12.5   0.1   1   2     0.033       0.4    5.8   0.0     2    41     4    44     3    50 0.54 -
CM000642_1:765084-765293   -             70 779909at2759         -            227    0.0036   12.5   0.1   2   2     0.043      0.53    5.4   0.0     6    21    53    68    46    70 0.78 -
CM000650_1:40385-41176     -            264 779909at2759         -            227    0.0036   12.5   0.3   1   5      0.12       1.4    4.0   0.0    58   180    14    52     1    88 0.64 -
CM000650_1:40385-41176     -            264 779909at2759         -            227    0.0036   12.5   0.3   2   5       8.6   1.1e+02   -2.2   0.0    63    92    69    98    61   102 0.62 -
CM000650_1:40385-41176     -            264 779909at2759         -            227    0.0036   12.5   0.3   3   5      0.21       2.6    3.1   0.0     3    18   145   160   141   174 0.74 -
CM000650_1:40385-41176     -            264 779909at2759         -            227    0.0036   12.5   0.3   4   5       3.1        38   -0.7   0.0   168   180   201   213   195   216 0.65 -
CM000650_1:40385-41176     -            264 779909at2759         -            227    0.0036   12.5   0.3   5   5       5.9        72   -1.6   0.1    72    93   242   263   230   264 0.51 -
CM000643_1:1970753-1972552 -            526 779909at2759         -            227    0.0077   11.4   0.3   1   4       1.3        16    0.5   0.0    75   106   123   155   102   180 0.77 -
CM000643_1:1970753-1972552 -            526 779909at2759         -            227    0.0077   11.4   0.3   2   4       1.5        18    0.3   0.0    79    98   187   206   170   208 0.78 -
CM000643_1:1970753-1972552 -            526 779909at2759         -            227    0.0077   11.4   0.3   3   4     0.065       0.8    4.8   0.0    59    97   236   274   227   282 0.85 -
CM000643_1:1970753-1972552 -            526 779909at2759         -            227    0.0077   11.4   0.3   4   4         5        62   -1.4   0.0    79    95   417   433   406   437 0.59 -
#
# Program:         hmmsearch
# Version:         3.1b2 (February 2015)
# Pipeline mode:   SEARCH
# Query file:      /Users/aholzer/ownCloud/PhD/Publications/2021 Liavero-Pasquina et al./analysis/TPP_aptamer_search/busco_downloads/lineages/eukaryota_odb10/hmms/779909at2759.hmm
# Target file:     /Users/aholzer/ownCloud/PhD/Publications/2021 Liavero-Pasquina et al./analysis/TPP_aptamer_search/genomes/BUSCO_eukaryota_obd10/Thalassiosira_pseudonana_ASM14940v2/run_eukaryota_odb10/metaeuk_output/initial_results/GCA_000149405.2_ASM14940v2_genomic.fna.modified.fas
# Option settings: hmmsearch --domtblout /Users/aholzer/ownCloud/PhD/Publications/2021 Liavero-Pasquina et al./analysis/TPP_aptamer_search/genomes/BUSCO_eukaryota_obd10/Thalassiosira_pseudonana_ASM14940v2/run_eukaryota_odb10/hmmer_output/initial_run_results/779909at2759.out --cpu 1 /Users/aholzer/ownCloud/PhD/Publications/2021 Liavero-Pasquina et al./analysis/TPP_aptamer_search/busco_downloads/lineages/eukaryota_odb10/hmms/779909at2759.hmm /Users/aholzer/ownCloud/PhD/Publications/2021 Liavero-Pasquina et al./analysis/TPP_aptamer_search/genomes/BUSCO_eukaryota_obd10/Thalassiosira_pseudonana_ASM14940v2/run_eukaryota_odb10/metaeuk_output/initial_results/GCA_000149405.2_ASM14940v2_genomic.fna.modified.fas 
# Current dir:     /Users/aholzer/ownCloud/PhD/Publications/2021 Liavero-Pasquina et al./analysis/TPP_aptamer_search
# Date:            Mon Apr 19 03:20:20 2021
# [ok]
