Tmp /Users/aholzer/ownCloud/PhD/Publications/2021 Liavero-Pasquina et al./analysis/TPP_aptamer_search/genomes/BUSCO_eukaryota_obd10/Bacillariophyta_sp_ASM1036716v1/run_eukaryota_odb10/metaeuk_output/tmp folder does not exist or is not a directory.
Create dir /Users/aholzer/ownCloud/PhD/Publications/2021 Liavero-Pasquina et al./analysis/TPP_aptamer_search/genomes/BUSCO_eukaryota_obd10/Bacillariophyta_sp_ASM1036716v1/run_eukaryota_odb10/metaeuk_output/tmp
easy-predict --threads 1 /Users/aholzer/ownCloud/PhD/Publications/2021 Liavero-Pasquina et al./analysis/TPP_aptamer_search/genomes/Bacillariophyta_sp_ASM1036716v1/GCA_010367165.1_ASM1036716v1_genomic.fna /Users/aholzer/ownCloud/PhD/Publications/2021 Liavero-Pasquina et al./analysis/TPP_aptamer_search/busco_downloads/lineages/eukaryota_odb10/refseq_db.faa /Users/aholzer/ownCloud/PhD/Publications/2021 Liavero-Pasquina et al./analysis/TPP_aptamer_search/genomes/BUSCO_eukaryota_obd10/Bacillariophyta_sp_ASM1036716v1/run_eukaryota_odb10/metaeuk_output/initial_results/GCA_010367165.1_ASM1036716v1_genomic.fna /Users/aholzer/ownCloud/PhD/Publications/2021 Liavero-Pasquina et al./analysis/TPP_aptamer_search/genomes/BUSCO_eukaryota_obd10/Bacillariophyta_sp_ASM1036716v1/run_eukaryota_odb10/metaeuk_output/tmp --max-intron 130000 --max-seq-len 160000 --min-exon-aa 15 --max-overlap 15 --min-intron 5 --overlap 1 

MMseqs Version:                                             	4.a0f584d
Substitution matrix                                         	nucl:nucleotide.out,aa:blosum62.out
Add backtrace                                               	false
Alignment mode                                              	2
Allow wrapped scoring                                       	false
E-value threshold                                           	100
Seq. id. threshold                                          	0
Min alignment length                                        	0
Seq. id. mode                                               	0
Alternative alignments                                      	0
Coverage threshold                                          	0
Coverage mode                                               	0
Max sequence length                                         	160000
Compositional bias                                          	1
Max reject                                                  	2147483647
Max accept                                                  	2147483647
Include identical seq. id.                                  	false
Preload mode                                                	0
Pseudo count a                                              	1
Pseudo count b                                              	1.5
Score bias                                                  	0
Realign hits                                                	false
Realign score bias                                          	-0.2
Realign max seqs                                            	2147483647
Gap open cost                                               	nucl:5,aa:11
Gap extension cost                                          	nucl:2,aa:1
Zdrop                                                       	40
Threads                                                     	1
Compressed                                                  	0
Verbosity                                                   	3
Seed substitution matrix                                    	nucl:nucleotide.out,aa:VTML80.out
Sensitivity                                                 	4
k-mer length                                                	0
k-score                                                     	2147483647
Alphabet size                                               	nucl:5,aa:21
Max results per query                                       	300
Split database                                              	0
Split mode                                                  	2
Split memory limit                                          	0
Diagonal scoring                                            	true
Exact k-mer matching                                        	0
Mask residues                                               	1
Mask lower case residues                                    	0
Minimum diagonal score                                      	15
Spaced k-mers                                               	1
Spaced k-mer pattern                                        	
Local temporary path                                        	
Rescore mode                                                	0
Remove hits by seq. id. and coverage                        	false
Sort results                                                	0
Mask profile                                                	1
Profile E-value threshold                                   	0.001
Global sequence weighting                                   	false
Allow deletions                                             	false
Filter MSA                                                  	1
Maximum seq. id. threshold                                  	0.9
Minimum seq. id.                                            	0
Minimum score per column                                    	-20
Minimum coverage                                            	0
Select N most diverse seqs                                  	1000
Min codons in orf                                           	15
Max codons in length                                        	32734
Max orf gaps                                                	2147483647
Contig start mode                                           	2
Contig end mode                                             	2
Orf start mode                                              	1
Forward frames                                              	1,2,3
Reverse frames                                              	1,2,3
Translation table                                           	1
Translate orf                                               	0
Use all table starts                                        	false
Offset of numeric ids                                       	0
Create lookup                                               	0
Add orf stop                                                	false
Chain overlapping alignments                                	0
Merge query                                                 	1
Search type                                                 	0
Search iterations                                           	1
Start sensitivity                                           	4
Search steps                                                	1
Slice search mode                                           	false
Strand selection                                            	1
LCA search mode                                             	false
Disk space limit                                            	0
MPI runner                                                  	
Force restart with latest tmp                               	false
Remove temporary files                                      	false
maximal combined evalue of an optimal set                   	0.001
minimal length ratio between combined optimal set and target	0.5
Maximal intron length                                       	130000
Minimal intron length                                       	5
Minimal exon length aa                                      	15
Maximal overlap of exons                                    	15
Gap open penalty                                            	-1
Gap extend penalty                                          	-1
allow same-strand overlaps                                  	1
translate codons to AAs                                     	0
write target key instead of accession                       	0
Reverse AA Fragments                                        	0

createdb /Users/aholzer/ownCloud/PhD/Publications/2021 Liavero-Pasquina et al./analysis/TPP_aptamer_search/genomes/Bacillariophyta_sp_ASM1036716v1/GCA_010367165.1_ASM1036716v1_genomic.fna /Users/aholzer/ownCloud/PhD/Publications/2021 Liavero-Pasquina et al./analysis/TPP_aptamer_search/genomes/BUSCO_eukaryota_obd10/Bacillariophyta_sp_ASM1036716v1/run_eukaryota_odb10/metaeuk_output/tmp/15474924600578702411/contigs --dbtype 2 --compressed 0 -v 3 

Converting sequences
[
Time for merging to contigs_h: 0h 0m 0s 20ms
Time for merging to contigs: 0h 0m 0s 115ms
Database type: Nucleotide
Time for processing: 0h 0m 0s 349ms
createdb /Users/aholzer/ownCloud/PhD/Publications/2021 Liavero-Pasquina et al./analysis/TPP_aptamer_search/busco_downloads/lineages/eukaryota_odb10/refseq_db.faa /Users/aholzer/ownCloud/PhD/Publications/2021 Liavero-Pasquina et al./analysis/TPP_aptamer_search/genomes/BUSCO_eukaryota_obd10/Bacillariophyta_sp_ASM1036716v1/run_eukaryota_odb10/metaeuk_output/tmp/15474924600578702411/targets --dbtype 1 --compressed 0 -v 3 

Converting sequences
[==============================
Time for merging to targets_h: 0h 0m 0s 90ms
Time for merging to targets: 0h 0m 0s 514ms
Database type: Aminoacid
Time for processing: 0h 0m 2s 363ms
Tmp /Users/aholzer/ownCloud/PhD/Publications/2021 Liavero-Pasquina et al./analysis/TPP_aptamer_search/genomes/BUSCO_eukaryota_obd10/Bacillariophyta_sp_ASM1036716v1/run_eukaryota_odb10/metaeuk_output/tmp/15474924600578702411/tmp_predict folder does not exist or is not a directory.
Create dir /Users/aholzer/ownCloud/PhD/Publications/2021 Liavero-Pasquina et al./analysis/TPP_aptamer_search/genomes/BUSCO_eukaryota_obd10/Bacillariophyta_sp_ASM1036716v1/run_eukaryota_odb10/metaeuk_output/tmp/15474924600578702411/tmp_predict
predictexons /Users/aholzer/ownCloud/PhD/Publications/2021 Liavero-Pasquina et al./analysis/TPP_aptamer_search/genomes/BUSCO_eukaryota_obd10/Bacillariophyta_sp_ASM1036716v1/run_eukaryota_odb10/metaeuk_output/tmp/15474924600578702411/contigs /Users/aholzer/ownCloud/PhD/Publications/2021 Liavero-Pasquina et al./analysis/TPP_aptamer_search/genomes/BUSCO_eukaryota_obd10/Bacillariophyta_sp_ASM1036716v1/run_eukaryota_odb10/metaeuk_output/tmp/15474924600578702411/targets /Users/aholzer/ownCloud/PhD/Publications/2021 Liavero-Pasquina et al./analysis/TPP_aptamer_search/genomes/BUSCO_eukaryota_obd10/Bacillariophyta_sp_ASM1036716v1/run_eukaryota_odb10/metaeuk_output/tmp/15474924600578702411/MetaEuk_calls /Users/aholzer/ownCloud/PhD/Publications/2021 Liavero-Pasquina et al./analysis/TPP_aptamer_search/genomes/BUSCO_eukaryota_obd10/Bacillariophyta_sp_ASM1036716v1/run_eukaryota_odb10/metaeuk_output/tmp/15474924600578702411/tmp_predict --sub-mat nucl:nucleotide.out,aa:blosum62.out -a 0 --alignment-mode 2 --wrapped-scoring 0 -e 100 --min-seq-id 0 --min-aln-len 0 --seq-id-mode 0 --alt-ali 0 -c 0 --cov-mode 0 --max-seq-len 160000 --comp-bias-corr 1 --max-rejected 2147483647 --max-accept 2147483647 --add-self-matches 0 --db-load-mode 0 --pca 1 --pcb 1.5 --score-bias 0 --realign 0 --realign-score-bias -0.2 --realign-max-seqs 2147483647 --gap-open nucl:5,aa:11 --gap-extend nucl:2,aa:1 --zdrop 40 --threads 1 --compressed 0 -v 3 --seed-sub-mat nucl:nucleotide.out,aa:VTML80.out -s 4 -k 0 --k-score 2147483647 --alph-size nucl:5,aa:21 --max-seqs 300 --split 0 --split-mode 2 --split-memory-limit 0 --diag-score 1 --exact-kmer-matching 0 --mask 1 --mask-lower-case 0 --min-ungapped-score 15 --spaced-kmer-mode 1 --rescore-mode 0 --filter-hits 0 --sort-results 0 --mask-profile 1 --e-profile 0.001 --wg 0 --allow-deletion 0 --filter-msa 1 --max-seq-id 0.9 --qid 0 --qsc -20 --cov 0 --diff 1000 --min-length 15 --max-length 32734 --max-gaps 2147483647 --contig-start-mode 2 --contig-end-mode 2 --orf-start-mode 1 --forward-frames 1,2,3 --reverse-frames 1,2,3 --translation-table 1 --translate 0 --use-all-table-starts 0 --id-offset 0 --create-lookup 0 --add-orf-stop 0 --chain-alignments 0 --merge-query 1 --search-type 0 --num-iterations 1 --start-sens 4 --sens-steps 1 --slice-search 0 --strand 1 --orf-filter 0 --orf-filter-e 100 --orf-filter-s 2 --lca-search 0 --disk-space-limit 0 --force-reuse 0 --remove-tmp-files 0 --metaeuk-eval 0.001 --metaeuk-tcov 0.5 --max-intron 130000 --min-intron 5 --min-exon-aa 15 --max-overlap 15 --set-gap-open -1 --set-gap-extend -1 --reverse-fragments 0 

extractorfs /Users/aholzer/ownCloud/PhD/Publications/2021 Liavero-Pasquina et al./analysis/TPP_aptamer_search/genomes/BUSCO_eukaryota_obd10/Bacillariophyta_sp_ASM1036716v1/run_eukaryota_odb10/metaeuk_output/tmp/15474924600578702411/contigs /Users/aholzer/ownCloud/PhD/Publications/2021 Liavero-Pasquina et al./analysis/TPP_aptamer_search/genomes/BUSCO_eukaryota_obd10/Bacillariophyta_sp_ASM1036716v1/run_eukaryota_odb10/metaeuk_output/tmp/15474924600578702411/tmp_predict/6103585192462146217/nucl_6f --min-length 15 --max-length 32734 --max-gaps 2147483647 --contig-start-mode 2 --contig-end-mode 2 --orf-start-mode 1 --forward-frames 1,2,3 --reverse-frames 1,2,3 --translation-table 1 --translate 0 --use-all-table-starts 0 --id-offset 0 --create-lookup 0 --threads 1 --compressed 0 -v 3 

[=================================================================] 2.47K 2s 264ms
Time for merging to nucl_6f_h: 0h 0m 0s 286ms
Time for merging to nucl_6f: 0h 0m 0s 296ms
Time for processing: 0h 0m 3s 984ms
translatenucs /Users/aholzer/ownCloud/PhD/Publications/2021 Liavero-Pasquina et al./analysis/TPP_aptamer_search/genomes/BUSCO_eukaryota_obd10/Bacillariophyta_sp_ASM1036716v1/run_eukaryota_odb10/metaeuk_output/tmp/15474924600578702411/tmp_predict/6103585192462146217/nucl_6f /Users/aholzer/ownCloud/PhD/Publications/2021 Liavero-Pasquina et al./analysis/TPP_aptamer_search/genomes/BUSCO_eukaryota_obd10/Bacillariophyta_sp_ASM1036716v1/run_eukaryota_odb10/metaeuk_output/tmp/15474924600578702411/tmp_predict/6103585192462146217/aa_6f --translation-table 1 --add-orf-stop 0 -v 3 --compressed 0 --threads 1 

[=================================================================] 1.44M 1s 39ms
Time for merging to aa_6f: 0h 0m 0s 326ms
Time for processing: 0h 0m 1s 718ms
Tmp /Users/aholzer/ownCloud/PhD/Publications/2021 Liavero-Pasquina et al./analysis/TPP_aptamer_search/genomes/BUSCO_eukaryota_obd10/Bacillariophyta_sp_ASM1036716v1/run_eukaryota_odb10/metaeuk_output/tmp/15474924600578702411/tmp_predict/6103585192462146217/tmp_search folder does not exist or is not a directory.
Create dir /Users/aholzer/ownCloud/PhD/Publications/2021 Liavero-Pasquina et al./analysis/TPP_aptamer_search/genomes/BUSCO_eukaryota_obd10/Bacillariophyta_sp_ASM1036716v1/run_eukaryota_odb10/metaeuk_output/tmp/15474924600578702411/tmp_predict/6103585192462146217/tmp_search
search /Users/aholzer/ownCloud/PhD/Publications/2021 Liavero-Pasquina et al./analysis/TPP_aptamer_search/genomes/BUSCO_eukaryota_obd10/Bacillariophyta_sp_ASM1036716v1/run_eukaryota_odb10/metaeuk_output/tmp/15474924600578702411/tmp_predict/6103585192462146217/aa_6f /Users/aholzer/ownCloud/PhD/Publications/2021 Liavero-Pasquina et al./analysis/TPP_aptamer_search/genomes/BUSCO_eukaryota_obd10/Bacillariophyta_sp_ASM1036716v1/run_eukaryota_odb10/metaeuk_output/tmp/15474924600578702411/targets /Users/aholzer/ownCloud/PhD/Publications/2021 Liavero-Pasquina et al./analysis/TPP_aptamer_search/genomes/BUSCO_eukaryota_obd10/Bacillariophyta_sp_ASM1036716v1/run_eukaryota_odb10/metaeuk_output/tmp/15474924600578702411/tmp_predict/6103585192462146217/search_res /Users/aholzer/ownCloud/PhD/Publications/2021 Liavero-Pasquina et al./analysis/TPP_aptamer_search/genomes/BUSCO_eukaryota_obd10/Bacillariophyta_sp_ASM1036716v1/run_eukaryota_odb10/metaeuk_output/tmp/15474924600578702411/tmp_predict/6103585192462146217/tmp_search --sub-mat nucl:nucleotide.out,aa:blosum62.out -a 0 --alignment-mode 2 --wrapped-scoring 0 -e 100 --min-seq-id 0 --min-aln-len 15 --seq-id-mode 0 --alt-ali 0 -c 0 --cov-mode 0 --max-seq-len 160000 --comp-bias-corr 1 --max-rejected 2147483647 --max-accept 2147483647 --add-self-matches 0 --db-load-mode 0 --pca 1 --pcb 1.5 --score-bias 0 --realign 0 --realign-score-bias -0.2 --realign-max-seqs 2147483647 --gap-open nucl:5,aa:11 --gap-extend nucl:2,aa:1 --zdrop 40 --threads 1 --compressed 0 -v 3 --seed-sub-mat nucl:nucleotide.out,aa:VTML80.out -s 4 -k 0 --k-score 2147483647 --alph-size nucl:5,aa:21 --max-seqs 300 --split 0 --split-mode 2 --split-memory-limit 0 --diag-score 1 --exact-kmer-matching 0 --mask 1 --mask-lower-case 0 --min-ungapped-score 15 --spaced-kmer-mode 1 --rescore-mode 0 --filter-hits 0 --sort-results 0 --mask-profile 1 --e-profile 0.001 --wg 0 --allow-deletion 0 --filter-msa 1 --max-seq-id 0.9 --qid 0 --qsc -20 --cov 0 --diff 1000 --min-length 15 --max-length 32734 --max-gaps 2147483647 --contig-start-mode 2 --contig-end-mode 2 --orf-start-mode 1 --forward-frames 1,2,3 --reverse-frames 1,2,3 --translation-table 1 --translate 0 --use-all-table-starts 0 --id-offset 0 --create-lookup 0 --add-orf-stop 0 --chain-alignments 0 --merge-query 1 --search-type 0 --num-iterations 1 --start-sens 4 --sens-steps 1 --slice-search 0 --strand 1 --orf-filter 0 --orf-filter-e 100 --orf-filter-s 2 --lca-search 0 --disk-space-limit 0 --force-reuse 0 --remove-tmp-files 0 

prefilter /Users/aholzer/ownCloud/PhD/Publications/2021 Liavero-Pasquina et al./analysis/TPP_aptamer_search/genomes/BUSCO_eukaryota_obd10/Bacillariophyta_sp_ASM1036716v1/run_eukaryota_odb10/metaeuk_output/tmp/15474924600578702411/tmp_predict/6103585192462146217/aa_6f /Users/aholzer/ownCloud/PhD/Publications/2021 Liavero-Pasquina et al./analysis/TPP_aptamer_search/genomes/BUSCO_eukaryota_obd10/Bacillariophyta_sp_ASM1036716v1/run_eukaryota_odb10/metaeuk_output/tmp/15474924600578702411/targets /Users/aholzer/ownCloud/PhD/Publications/2021 Liavero-Pasquina et al./analysis/TPP_aptamer_search/genomes/BUSCO_eukaryota_obd10/Bacillariophyta_sp_ASM1036716v1/run_eukaryota_odb10/metaeuk_output/tmp/15474924600578702411/tmp_predict/6103585192462146217/tmp_search/1215918245987051166/pref_0 --sub-mat nucl:nucleotide.out,aa:blosum62.out --seed-sub-mat nucl:nucleotide.out,aa:VTML80.out -k 0 --k-score 2147483647 --alph-size nucl:5,aa:21 --max-seq-len 160000 --max-seqs 300 --split 0 --split-mode 2 --split-memory-limit 0 -c 0 --cov-mode 0 --comp-bias-corr 1 --diag-score 1 --exact-kmer-matching 0 --mask 1 --mask-lower-case 0 --min-ungapped-score 15 --add-self-matches 0 --spaced-kmer-mode 1 --db-load-mode 0 --pca 1 --pcb 1.5 --threads 1 --compressed 0 -v 3 -s 4.0 

Query database size: 1435037 type: Aminoacid
Estimated memory consumption: 1G
Target database size: 302957 type: Aminoacid
Index table k-mer threshold: 127 at k-mer size 6 
Index table: counting k-mers
[=================================================================] 302.96K 39s 951ms
Index table: Masked residues: 2249115
Index table: fill
[=================================================================] 302.96K 32s 759ms
Index statistics
Entries:          145543148
DB size:          1321 MB
Avg k-mer size:   2.274112
Top 10 k-mers
    GSDTLW	1615
    ASDTLW	1346
    SGATSL	1194
    FTGTNN	1191
    GGQRRS	1182
    TSSEYV	1171
    CTALSY	1157
    EQIRAT	1133
    LREGLY	1129
    FEDPAM	1111
Time for index table init: 0h 1m 14s 358ms
Process prefiltering step 1 of 1

k-mer similarity threshold: 127
Starting prefiltering scores calculation (step 1 of 1)
Query db start 1 to 1435037
Target db start 1 to 302957
[=================================================================] 1.44M 5m 44s 14ms

55.323871 k-mers per position
3156 DB matches per sequence
0 overflows
0 queries produce too many hits (truncated result)
16 sequences passed prefiltering per query sequence
6 median result list length
217202 sequences with 0 size result lists
Time for merging to pref_0: 0h 0m 0s 339ms
Time for processing: 0h 7m 2s 232ms
align /Users/aholzer/ownCloud/PhD/Publications/2021 Liavero-Pasquina et al./analysis/TPP_aptamer_search/genomes/BUSCO_eukaryota_obd10/Bacillariophyta_sp_ASM1036716v1/run_eukaryota_odb10/metaeuk_output/tmp/15474924600578702411/tmp_predict/6103585192462146217/aa_6f /Users/aholzer/ownCloud/PhD/Publications/2021 Liavero-Pasquina et al./analysis/TPP_aptamer_search/genomes/BUSCO_eukaryota_obd10/Bacillariophyta_sp_ASM1036716v1/run_eukaryota_odb10/metaeuk_output/tmp/15474924600578702411/targets /Users/aholzer/ownCloud/PhD/Publications/2021 Liavero-Pasquina et al./analysis/TPP_aptamer_search/genomes/BUSCO_eukaryota_obd10/Bacillariophyta_sp_ASM1036716v1/run_eukaryota_odb10/metaeuk_output/tmp/15474924600578702411/tmp_predict/6103585192462146217/tmp_search/1215918245987051166/pref_0 /Users/aholzer/ownCloud/PhD/Publications/2021 Liavero-Pasquina et al./analysis/TPP_aptamer_search/genomes/BUSCO_eukaryota_obd10/Bacillariophyta_sp_ASM1036716v1/run_eukaryota_odb10/metaeuk_output/tmp/15474924600578702411/tmp_predict/6103585192462146217/search_res --sub-mat nucl:nucleotide.out,aa:blosum62.out -a 0 --alignment-mode 2 --wrapped-scoring 0 -e 100 --min-seq-id 0 --min-aln-len 15 --seq-id-mode 0 --alt-ali 0 -c 0 --cov-mode 0 --max-seq-len 160000 --comp-bias-corr 1 --max-rejected 2147483647 --max-accept 2147483647 --add-self-matches 0 --db-load-mode 0 --pca 1 --pcb 1.5 --score-bias 0 --realign 0 --realign-score-bias -0.2 --realign-max-seqs 2147483647 --gap-open nucl:5,aa:11 --gap-extend nucl:2,aa:1 --zdrop 40 --threads 1 --compressed 0 -v 3 

Compute score and coverage
Query database size: 1435037 type: Aminoacid
Target database size: 302957 type: Aminoacid
Calculation of alignments
[=================================================================] 1.44M 9m 12s 859ms
Time for merging to search_res: 0h 0m 0s 308ms
23606703 alignments calculated
736894 sequence pairs passed the thresholds (0.031215 of overall calculated)
0.513502 hits per query sequence
Time for processing: 0h 9m 13s 509ms
resultspercontig /Users/aholzer/ownCloud/PhD/Publications/2021 Liavero-Pasquina et al./analysis/TPP_aptamer_search/genomes/BUSCO_eukaryota_obd10/Bacillariophyta_sp_ASM1036716v1/run_eukaryota_odb10/metaeuk_output/tmp/15474924600578702411/contigs /Users/aholzer/ownCloud/PhD/Publications/2021 Liavero-Pasquina et al./analysis/TPP_aptamer_search/genomes/BUSCO_eukaryota_obd10/Bacillariophyta_sp_ASM1036716v1/run_eukaryota_odb10/metaeuk_output/tmp/15474924600578702411/tmp_predict/6103585192462146217/nucl_6f /Users/aholzer/ownCloud/PhD/Publications/2021 Liavero-Pasquina et al./analysis/TPP_aptamer_search/genomes/BUSCO_eukaryota_obd10/Bacillariophyta_sp_ASM1036716v1/run_eukaryota_odb10/metaeuk_output/tmp/15474924600578702411/tmp_predict/6103585192462146217/search_res /Users/aholzer/ownCloud/PhD/Publications/2021 Liavero-Pasquina et al./analysis/TPP_aptamer_search/genomes/BUSCO_eukaryota_obd10/Bacillariophyta_sp_ASM1036716v1/run_eukaryota_odb10/metaeuk_output/tmp/15474924600578702411/tmp_predict/6103585192462146217/search_res_by_contig --threads 1 --compressed 0 -v 3 

Computing ORF lookup
Computing contig offsets
Computing contig lookup
Time for contig lookup: 0h 0m 0s 165ms
[=================================================================] 2.47K 1s 212ms
Time for merging to search_res_by_contig: 0h 0m 0s 15ms
Time for processing: 0h 0m 1s 615ms
collectoptimalset /Users/aholzer/ownCloud/PhD/Publications/2021 Liavero-Pasquina et al./analysis/TPP_aptamer_search/genomes/BUSCO_eukaryota_obd10/Bacillariophyta_sp_ASM1036716v1/run_eukaryota_odb10/metaeuk_output/tmp/15474924600578702411/tmp_predict/6103585192462146217/search_res_by_contig /Users/aholzer/ownCloud/PhD/Publications/2021 Liavero-Pasquina et al./analysis/TPP_aptamer_search/genomes/BUSCO_eukaryota_obd10/Bacillariophyta_sp_ASM1036716v1/run_eukaryota_odb10/metaeuk_output/tmp/15474924600578702411/targets /Users/aholzer/ownCloud/PhD/Publications/2021 Liavero-Pasquina et al./analysis/TPP_aptamer_search/genomes/BUSCO_eukaryota_obd10/Bacillariophyta_sp_ASM1036716v1/run_eukaryota_odb10/metaeuk_output/tmp/15474924600578702411/tmp_predict/6103585192462146217/dp_predictions --metaeuk-eval 0.001 --metaeuk-tcov 0.5 --max-intron 130000 --min-intron 5 --min-exon-aa 15 --max-overlap 15 --set-gap-open -1 --set-gap-extend -1 --score-bias 0 --threads 1 --compressed 0 -v 3 

[=================================================================] 2.47K 0s 448ms
Time for merging to dp_predictions: 0h 0m 0s 1ms
Time for processing: 0h 0m 0s 482ms
mvdb /Users/aholzer/ownCloud/PhD/Publications/2021 Liavero-Pasquina et al./analysis/TPP_aptamer_search/genomes/BUSCO_eukaryota_obd10/Bacillariophyta_sp_ASM1036716v1/run_eukaryota_odb10/metaeuk_output/tmp/15474924600578702411/tmp_predict/6103585192462146217/dp_predictions /Users/aholzer/ownCloud/PhD/Publications/2021 Liavero-Pasquina et al./analysis/TPP_aptamer_search/genomes/BUSCO_eukaryota_obd10/Bacillariophyta_sp_ASM1036716v1/run_eukaryota_odb10/metaeuk_output/tmp/15474924600578702411/MetaEuk_calls 

Time for processing: 0h 0m 0s 5ms
reduceredundancy /Users/aholzer/ownCloud/PhD/Publications/2021 Liavero-Pasquina et al./analysis/TPP_aptamer_search/genomes/BUSCO_eukaryota_obd10/Bacillariophyta_sp_ASM1036716v1/run_eukaryota_odb10/metaeuk_output/tmp/15474924600578702411/MetaEuk_calls /Users/aholzer/ownCloud/PhD/Publications/2021 Liavero-Pasquina et al./analysis/TPP_aptamer_search/genomes/BUSCO_eukaryota_obd10/Bacillariophyta_sp_ASM1036716v1/run_eukaryota_odb10/metaeuk_output/tmp/15474924600578702411/MetaEuk_preds /Users/aholzer/ownCloud/PhD/Publications/2021 Liavero-Pasquina et al./analysis/TPP_aptamer_search/genomes/BUSCO_eukaryota_obd10/Bacillariophyta_sp_ASM1036716v1/run_eukaryota_odb10/metaeuk_output/tmp/15474924600578702411/MetaEuk_preds_clust --overlap 1 --threads 1 --compressed 0 -v 3 

[=================================================================] 2.47K 0s 76ms
Time for merging to MetaEuk_preds_clust: 0h 0m 0s 1ms
Time for merging to MetaEuk_preds: 0h 0m 0s 1ms
Time for processing: 0h 0m 0s 86ms
unitesetstofasta /Users/aholzer/ownCloud/PhD/Publications/2021 Liavero-Pasquina et al./analysis/TPP_aptamer_search/genomes/BUSCO_eukaryota_obd10/Bacillariophyta_sp_ASM1036716v1/run_eukaryota_odb10/metaeuk_output/tmp/15474924600578702411/contigs /Users/aholzer/ownCloud/PhD/Publications/2021 Liavero-Pasquina et al./analysis/TPP_aptamer_search/genomes/BUSCO_eukaryota_obd10/Bacillariophyta_sp_ASM1036716v1/run_eukaryota_odb10/metaeuk_output/tmp/15474924600578702411/targets /Users/aholzer/ownCloud/PhD/Publications/2021 Liavero-Pasquina et al./analysis/TPP_aptamer_search/genomes/BUSCO_eukaryota_obd10/Bacillariophyta_sp_ASM1036716v1/run_eukaryota_odb10/metaeuk_output/tmp/15474924600578702411/MetaEuk_preds /Users/aholzer/ownCloud/PhD/Publications/2021 Liavero-Pasquina et al./analysis/TPP_aptamer_search/genomes/BUSCO_eukaryota_obd10/Bacillariophyta_sp_ASM1036716v1/run_eukaryota_odb10/metaeuk_output/initial_results/GCA_010367165.1_ASM1036716v1_genomic.fna --protein 0 --translation-table 1 --target-key 0 --threads 1 --compressed 0 -v 3 

[=================================================================] 2.47K 0s 15ms
Time for merging to GCA_010367165.1_ASM1036716v1_genomic.fna.fas: 0h 0m 0s 0ms
Time for merging to GCA_010367165.1_ASM1036716v1_genomic.fna.codon.fas: 0h 0m 0s 0ms
Time for merging to GCA_010367165.1_ASM1036716v1_genomic.fna.headersMap.tsv: 0h 0m 0s 0ms
Time for processing: 0h 0m 0s 45ms
easy-predict --threads 1 /Users/aholzer/ownCloud/PhD/Publications/2021 Liavero-Pasquina et al./analysis/TPP_aptamer_search/genomes/Bacillariophyta_sp_ASM1036716v1/GCA_010367165.1_ASM1036716v1_genomic.fna /Users/aholzer/ownCloud/PhD/Publications/2021 Liavero-Pasquina et al./analysis/TPP_aptamer_search/genomes/BUSCO_eukaryota_obd10/Bacillariophyta_sp_ASM1036716v1/run_eukaryota_odb10/metaeuk_output/refseq_db_rerun.faa /Users/aholzer/ownCloud/PhD/Publications/2021 Liavero-Pasquina et al./analysis/TPP_aptamer_search/genomes/BUSCO_eukaryota_obd10/Bacillariophyta_sp_ASM1036716v1/run_eukaryota_odb10/metaeuk_output/rerun_results/GCA_010367165.1_ASM1036716v1_genomic.fna /Users/aholzer/ownCloud/PhD/Publications/2021 Liavero-Pasquina et al./analysis/TPP_aptamer_search/genomes/BUSCO_eukaryota_obd10/Bacillariophyta_sp_ASM1036716v1/run_eukaryota_odb10/metaeuk_output/tmp --max-intron 130000 --max-seq-len 160000 --min-exon-aa 5 --max-overlap 5 --min-intron 1 --overlap 1 -s 6 

MMseqs Version:                                             	4.a0f584d
Substitution matrix                                         	nucl:nucleotide.out,aa:blosum62.out
Add backtrace                                               	false
Alignment mode                                              	2
Allow wrapped scoring                                       	false
E-value threshold                                           	100
Seq. id. threshold                                          	0
Min alignment length                                        	0
Seq. id. mode                                               	0
Alternative alignments                                      	0
Coverage threshold                                          	0
Coverage mode                                               	0
Max sequence length                                         	160000
Compositional bias                                          	1
Max reject                                                  	2147483647
Max accept                                                  	2147483647
Include identical seq. id.                                  	false
Preload mode                                                	0
Pseudo count a                                              	1
Pseudo count b                                              	1.5
Score bias                                                  	0
Realign hits                                                	false
Realign score bias                                          	-0.2
Realign max seqs                                            	2147483647
Gap open cost                                               	nucl:5,aa:11
Gap extension cost                                          	nucl:2,aa:1
Zdrop                                                       	40
Threads                                                     	1
Compressed                                                  	0
Verbosity                                                   	3
Seed substitution matrix                                    	nucl:nucleotide.out,aa:VTML80.out
Sensitivity                                                 	6
k-mer length                                                	0
k-score                                                     	2147483647
Alphabet size                                               	nucl:5,aa:21
Max results per query                                       	300
Split database                                              	0
Split mode                                                  	2
Split memory limit                                          	0
Diagonal scoring                                            	true
Exact k-mer matching                                        	0
Mask residues                                               	1
Mask lower case residues                                    	0
Minimum diagonal score                                      	15
Spaced k-mers                                               	1
Spaced k-mer pattern                                        	
Local temporary path                                        	
Rescore mode                                                	0
Remove hits by seq. id. and coverage                        	false
Sort results                                                	0
Mask profile                                                	1
Profile E-value threshold                                   	0.001
Global sequence weighting                                   	false
Allow deletions                                             	false
Filter MSA                                                  	1
Maximum seq. id. threshold                                  	0.9
Minimum seq. id.                                            	0
Minimum score per column                                    	-20
Minimum coverage                                            	0
Select N most diverse seqs                                  	1000
Min codons in orf                                           	15
Max codons in length                                        	32734
Max orf gaps                                                	2147483647
Contig start mode                                           	2
Contig end mode                                             	2
Orf start mode                                              	1
Forward frames                                              	1,2,3
Reverse frames                                              	1,2,3
Translation table                                           	1
Translate orf                                               	0
Use all table starts                                        	false
Offset of numeric ids                                       	0
Create lookup                                               	0
Add orf stop                                                	false
Chain overlapping alignments                                	0
Merge query                                                 	1
Search type                                                 	0
Search iterations                                           	1
Start sensitivity                                           	4
Search steps                                                	1
Slice search mode                                           	false
Strand selection                                            	1
LCA search mode                                             	false
Disk space limit                                            	0
MPI runner                                                  	
Force restart with latest tmp                               	false
Remove temporary files                                      	false
maximal combined evalue of an optimal set                   	0.001
minimal length ratio between combined optimal set and target	0.5
Maximal intron length                                       	130000
Minimal intron length                                       	1
Minimal exon length aa                                      	5
Maximal overlap of exons                                    	5
Gap open penalty                                            	-1
Gap extend penalty                                          	-1
allow same-strand overlaps                                  	1
translate codons to AAs                                     	0
write target key instead of accession                       	0
Reverse AA Fragments                                        	0

createdb /Users/aholzer/ownCloud/PhD/Publications/2021 Liavero-Pasquina et al./analysis/TPP_aptamer_search/genomes/Bacillariophyta_sp_ASM1036716v1/GCA_010367165.1_ASM1036716v1_genomic.fna /Users/aholzer/ownCloud/PhD/Publications/2021 Liavero-Pasquina et al./analysis/TPP_aptamer_search/genomes/BUSCO_eukaryota_obd10/Bacillariophyta_sp_ASM1036716v1/run_eukaryota_odb10/metaeuk_output/tmp/10658063951659003669/contigs --dbtype 2 --compressed 0 -v 3 

Converting sequences
[
Time for merging to contigs_h: 0h 0m 0s 17ms
Time for merging to contigs: 0h 0m 0s 126ms
Database type: Nucleotide
Time for processing: 0h 0m 0s 322ms
createdb /Users/aholzer/ownCloud/PhD/Publications/2021 Liavero-Pasquina et al./analysis/TPP_aptamer_search/genomes/BUSCO_eukaryota_obd10/Bacillariophyta_sp_ASM1036716v1/run_eukaryota_odb10/metaeuk_output/refseq_db_rerun.faa /Users/aholzer/ownCloud/PhD/Publications/2021 Liavero-Pasquina et al./analysis/TPP_aptamer_search/genomes/BUSCO_eukaryota_obd10/Bacillariophyta_sp_ASM1036716v1/run_eukaryota_odb10/metaeuk_output/tmp/10658063951659003669/targets --dbtype 1 --compressed 0 -v 3 

Converting sequences
[========
Time for merging to targets_h: 0h 0m 0s 36ms
Time for merging to targets: 0h 0m 0s 117ms
Database type: Aminoacid
Time for processing: 0h 0m 0s 692ms
Tmp /Users/aholzer/ownCloud/PhD/Publications/2021 Liavero-Pasquina et al./analysis/TPP_aptamer_search/genomes/BUSCO_eukaryota_obd10/Bacillariophyta_sp_ASM1036716v1/run_eukaryota_odb10/metaeuk_output/tmp/10658063951659003669/tmp_predict folder does not exist or is not a directory.
Create dir /Users/aholzer/ownCloud/PhD/Publications/2021 Liavero-Pasquina et al./analysis/TPP_aptamer_search/genomes/BUSCO_eukaryota_obd10/Bacillariophyta_sp_ASM1036716v1/run_eukaryota_odb10/metaeuk_output/tmp/10658063951659003669/tmp_predict
predictexons /Users/aholzer/ownCloud/PhD/Publications/2021 Liavero-Pasquina et al./analysis/TPP_aptamer_search/genomes/BUSCO_eukaryota_obd10/Bacillariophyta_sp_ASM1036716v1/run_eukaryota_odb10/metaeuk_output/tmp/10658063951659003669/contigs /Users/aholzer/ownCloud/PhD/Publications/2021 Liavero-Pasquina et al./analysis/TPP_aptamer_search/genomes/BUSCO_eukaryota_obd10/Bacillariophyta_sp_ASM1036716v1/run_eukaryota_odb10/metaeuk_output/tmp/10658063951659003669/targets /Users/aholzer/ownCloud/PhD/Publications/2021 Liavero-Pasquina et al./analysis/TPP_aptamer_search/genomes/BUSCO_eukaryota_obd10/Bacillariophyta_sp_ASM1036716v1/run_eukaryota_odb10/metaeuk_output/tmp/10658063951659003669/MetaEuk_calls /Users/aholzer/ownCloud/PhD/Publications/2021 Liavero-Pasquina et al./analysis/TPP_aptamer_search/genomes/BUSCO_eukaryota_obd10/Bacillariophyta_sp_ASM1036716v1/run_eukaryota_odb10/metaeuk_output/tmp/10658063951659003669/tmp_predict --sub-mat nucl:nucleotide.out,aa:blosum62.out -a 0 --alignment-mode 2 --wrapped-scoring 0 -e 100 --min-seq-id 0 --min-aln-len 0 --seq-id-mode 0 --alt-ali 0 -c 0 --cov-mode 0 --max-seq-len 160000 --comp-bias-corr 1 --max-rejected 2147483647 --max-accept 2147483647 --add-self-matches 0 --db-load-mode 0 --pca 1 --pcb 1.5 --score-bias 0 --realign 0 --realign-score-bias -0.2 --realign-max-seqs 2147483647 --gap-open nucl:5,aa:11 --gap-extend nucl:2,aa:1 --zdrop 40 --threads 1 --compressed 0 -v 3 --seed-sub-mat nucl:nucleotide.out,aa:VTML80.out -s 6 -k 0 --k-score 2147483647 --alph-size nucl:5,aa:21 --max-seqs 300 --split 0 --split-mode 2 --split-memory-limit 0 --diag-score 1 --exact-kmer-matching 0 --mask 1 --mask-lower-case 0 --min-ungapped-score 15 --spaced-kmer-mode 1 --rescore-mode 0 --filter-hits 0 --sort-results 0 --mask-profile 1 --e-profile 0.001 --wg 0 --allow-deletion 0 --filter-msa 1 --max-seq-id 0.9 --qid 0 --qsc -20 --cov 0 --diff 1000 --min-length 15 --max-length 32734 --max-gaps 2147483647 --contig-start-mode 2 --contig-end-mode 2 --orf-start-mode 1 --forward-frames 1,2,3 --reverse-frames 1,2,3 --translation-table 1 --translate 0 --use-all-table-starts 0 --id-offset 0 --create-lookup 0 --add-orf-stop 0 --chain-alignments 0 --merge-query 1 --search-type 0 --num-iterations 1 --start-sens 4 --sens-steps 1 --slice-search 0 --strand 1 --orf-filter 0 --orf-filter-e 100 --orf-filter-s 2 --lca-search 0 --disk-space-limit 0 --force-reuse 0 --remove-tmp-files 0 --metaeuk-eval 0.001 --metaeuk-tcov 0.5 --max-intron 130000 --min-intron 1 --min-exon-aa 5 --max-overlap 5 --set-gap-open -1 --set-gap-extend -1 --reverse-fragments 0 

extractorfs /Users/aholzer/ownCloud/PhD/Publications/2021 Liavero-Pasquina et al./analysis/TPP_aptamer_search/genomes/BUSCO_eukaryota_obd10/Bacillariophyta_sp_ASM1036716v1/run_eukaryota_odb10/metaeuk_output/tmp/10658063951659003669/contigs /Users/aholzer/ownCloud/PhD/Publications/2021 Liavero-Pasquina et al./analysis/TPP_aptamer_search/genomes/BUSCO_eukaryota_obd10/Bacillariophyta_sp_ASM1036716v1/run_eukaryota_odb10/metaeuk_output/tmp/10658063951659003669/tmp_predict/5798612156534583150/nucl_6f --min-length 15 --max-length 32734 --max-gaps 2147483647 --contig-start-mode 2 --contig-end-mode 2 --orf-start-mode 1 --forward-frames 1,2,3 --reverse-frames 1,2,3 --translation-table 1 --translate 0 --use-all-table-starts 0 --id-offset 0 --create-lookup 0 --threads 1 --compressed 0 -v 3 

[=================================================================] 2.47K 2s 196ms
Time for merging to nucl_6f_h: 0h 0m 0s 288ms
Time for merging to nucl_6f: 0h 0m 0s 300ms
Time for processing: 0h 0m 3s 685ms
translatenucs /Users/aholzer/ownCloud/PhD/Publications/2021 Liavero-Pasquina et al./analysis/TPP_aptamer_search/genomes/BUSCO_eukaryota_obd10/Bacillariophyta_sp_ASM1036716v1/run_eukaryota_odb10/metaeuk_output/tmp/10658063951659003669/tmp_predict/5798612156534583150/nucl_6f /Users/aholzer/ownCloud/PhD/Publications/2021 Liavero-Pasquina et al./analysis/TPP_aptamer_search/genomes/BUSCO_eukaryota_obd10/Bacillariophyta_sp_ASM1036716v1/run_eukaryota_odb10/metaeuk_output/tmp/10658063951659003669/tmp_predict/5798612156534583150/aa_6f --translation-table 1 --add-orf-stop 0 -v 3 --compressed 0 --threads 1 

[=================================================================] 1.44M 1s 35ms
Time for merging to aa_6f: 0h 0m 0s 374ms
Time for processing: 0h 0m 1s 680ms
Tmp /Users/aholzer/ownCloud/PhD/Publications/2021 Liavero-Pasquina et al./analysis/TPP_aptamer_search/genomes/BUSCO_eukaryota_obd10/Bacillariophyta_sp_ASM1036716v1/run_eukaryota_odb10/metaeuk_output/tmp/10658063951659003669/tmp_predict/5798612156534583150/tmp_search folder does not exist or is not a directory.
Create dir /Users/aholzer/ownCloud/PhD/Publications/2021 Liavero-Pasquina et al./analysis/TPP_aptamer_search/genomes/BUSCO_eukaryota_obd10/Bacillariophyta_sp_ASM1036716v1/run_eukaryota_odb10/metaeuk_output/tmp/10658063951659003669/tmp_predict/5798612156534583150/tmp_search
search /Users/aholzer/ownCloud/PhD/Publications/2021 Liavero-Pasquina et al./analysis/TPP_aptamer_search/genomes/BUSCO_eukaryota_obd10/Bacillariophyta_sp_ASM1036716v1/run_eukaryota_odb10/metaeuk_output/tmp/10658063951659003669/tmp_predict/5798612156534583150/aa_6f /Users/aholzer/ownCloud/PhD/Publications/2021 Liavero-Pasquina et al./analysis/TPP_aptamer_search/genomes/BUSCO_eukaryota_obd10/Bacillariophyta_sp_ASM1036716v1/run_eukaryota_odb10/metaeuk_output/tmp/10658063951659003669/targets /Users/aholzer/ownCloud/PhD/Publications/2021 Liavero-Pasquina et al./analysis/TPP_aptamer_search/genomes/BUSCO_eukaryota_obd10/Bacillariophyta_sp_ASM1036716v1/run_eukaryota_odb10/metaeuk_output/tmp/10658063951659003669/tmp_predict/5798612156534583150/search_res /Users/aholzer/ownCloud/PhD/Publications/2021 Liavero-Pasquina et al./analysis/TPP_aptamer_search/genomes/BUSCO_eukaryota_obd10/Bacillariophyta_sp_ASM1036716v1/run_eukaryota_odb10/metaeuk_output/tmp/10658063951659003669/tmp_predict/5798612156534583150/tmp_search --sub-mat nucl:nucleotide.out,aa:blosum62.out -a 0 --alignment-mode 2 --wrapped-scoring 0 -e 100 --min-seq-id 0 --min-aln-len 5 --seq-id-mode 0 --alt-ali 0 -c 0 --cov-mode 0 --max-seq-len 160000 --comp-bias-corr 1 --max-rejected 2147483647 --max-accept 2147483647 --add-self-matches 0 --db-load-mode 0 --pca 1 --pcb 1.5 --score-bias 0 --realign 0 --realign-score-bias -0.2 --realign-max-seqs 2147483647 --gap-open nucl:5,aa:11 --gap-extend nucl:2,aa:1 --zdrop 40 --threads 1 --compressed 0 -v 3 --seed-sub-mat nucl:nucleotide.out,aa:VTML80.out -s 6 -k 0 --k-score 2147483647 --alph-size nucl:5,aa:21 --max-seqs 300 --split 0 --split-mode 2 --split-memory-limit 0 --diag-score 1 --exact-kmer-matching 0 --mask 1 --mask-lower-case 0 --min-ungapped-score 15 --spaced-kmer-mode 1 --rescore-mode 0 --filter-hits 0 --sort-results 0 --mask-profile 1 --e-profile 0.001 --wg 0 --allow-deletion 0 --filter-msa 1 --max-seq-id 0.9 --qid 0 --qsc -20 --cov 0 --diff 1000 --min-length 15 --max-length 32734 --max-gaps 2147483647 --contig-start-mode 2 --contig-end-mode 2 --orf-start-mode 1 --forward-frames 1,2,3 --reverse-frames 1,2,3 --translation-table 1 --translate 0 --use-all-table-starts 0 --id-offset 0 --create-lookup 0 --add-orf-stop 0 --chain-alignments 0 --merge-query 1 --search-type 0 --num-iterations 1 --start-sens 4 --sens-steps 1 --slice-search 0 --strand 1 --orf-filter 0 --orf-filter-e 100 --orf-filter-s 2 --lca-search 0 --disk-space-limit 0 --force-reuse 0 --remove-tmp-files 0 

prefilter /Users/aholzer/ownCloud/PhD/Publications/2021 Liavero-Pasquina et al./analysis/TPP_aptamer_search/genomes/BUSCO_eukaryota_obd10/Bacillariophyta_sp_ASM1036716v1/run_eukaryota_odb10/metaeuk_output/tmp/10658063951659003669/tmp_predict/5798612156534583150/aa_6f /Users/aholzer/ownCloud/PhD/Publications/2021 Liavero-Pasquina et al./analysis/TPP_aptamer_search/genomes/BUSCO_eukaryota_obd10/Bacillariophyta_sp_ASM1036716v1/run_eukaryota_odb10/metaeuk_output/tmp/10658063951659003669/targets /Users/aholzer/ownCloud/PhD/Publications/2021 Liavero-Pasquina et al./analysis/TPP_aptamer_search/genomes/BUSCO_eukaryota_obd10/Bacillariophyta_sp_ASM1036716v1/run_eukaryota_odb10/metaeuk_output/tmp/10658063951659003669/tmp_predict/5798612156534583150/tmp_search/18170893394037650273/pref_0 --sub-mat nucl:nucleotide.out,aa:blosum62.out --seed-sub-mat nucl:nucleotide.out,aa:VTML80.out -k 0 --k-score 2147483647 --alph-size nucl:5,aa:21 --max-seq-len 160000 --max-seqs 300 --split 0 --split-mode 2 --split-memory-limit 0 -c 0 --cov-mode 0 --comp-bias-corr 1 --diag-score 1 --exact-kmer-matching 0 --mask 1 --mask-lower-case 0 --min-ungapped-score 15 --add-self-matches 0 --spaced-kmer-mode 1 --db-load-mode 0 --pca 1 --pcb 1.5 --threads 1 --compressed 0 -v 3 -s 6.0 

Query database size: 1435037 type: Aminoacid
Estimated memory consumption: 1G
Target database size: 87266 type: Aminoacid
Index table k-mer threshold: 109 at k-mer size 6 
Index table: counting k-mers
[=================================================================] 87.27K 12s 864ms
Index table: Masked residues: 589059
Index table: fill
[=================================================================] 87.27K 9s 284ms
Index statistics
Entries:          44845016
DB size:          744 MB
Avg k-mer size:   0.700703
Top 10 k-mers
    ALETLD	1120
    GKARRE	1090
    NTGKRK	1075
    SGIHGM	1067
    ARATKK	1042
    TPFMNV	1041
    KQKREW	1014
    KAWEDP	1003
    DEELAR	990
    IQLGDS	990
Time for index table init: 0h 0m 23s 225ms
Process prefiltering step 1 of 1

k-mer similarity threshold: 109
Starting prefiltering scores calculation (step 1 of 1)
Query db start 1 to 1435037
Target db start 1 to 87266
[=================================================================] 1.44M 19m 19s 884ms

357.799949 k-mers per position
7827 DB matches per sequence
0 overflows
0 queries produce too many hits (truncated result)
52 sequences passed prefiltering per query sequence
24 median result list length
93645 sequences with 0 size result lists
Time for merging to pref_0: 0h 0m 0s 537ms
Time for processing: 0h 19m 47s 715ms
align /Users/aholzer/ownCloud/PhD/Publications/2021 Liavero-Pasquina et al./analysis/TPP_aptamer_search/genomes/BUSCO_eukaryota_obd10/Bacillariophyta_sp_ASM1036716v1/run_eukaryota_odb10/metaeuk_output/tmp/10658063951659003669/tmp_predict/5798612156534583150/aa_6f /Users/aholzer/ownCloud/PhD/Publications/2021 Liavero-Pasquina et al./analysis/TPP_aptamer_search/genomes/BUSCO_eukaryota_obd10/Bacillariophyta_sp_ASM1036716v1/run_eukaryota_odb10/metaeuk_output/tmp/10658063951659003669/targets /Users/aholzer/ownCloud/PhD/Publications/2021 Liavero-Pasquina et al./analysis/TPP_aptamer_search/genomes/BUSCO_eukaryota_obd10/Bacillariophyta_sp_ASM1036716v1/run_eukaryota_odb10/metaeuk_output/tmp/10658063951659003669/tmp_predict/5798612156534583150/tmp_search/18170893394037650273/pref_0 /Users/aholzer/ownCloud/PhD/Publications/2021 Liavero-Pasquina et al./analysis/TPP_aptamer_search/genomes/BUSCO_eukaryota_obd10/Bacillariophyta_sp_ASM1036716v1/run_eukaryota_odb10/metaeuk_output/tmp/10658063951659003669/tmp_predict/5798612156534583150/search_res --sub-mat nucl:nucleotide.out,aa:blosum62.out -a 0 --alignment-mode 2 --wrapped-scoring 0 -e 100 --min-seq-id 0 --min-aln-len 5 --seq-id-mode 0 --alt-ali 0 -c 0 --cov-mode 0 --max-seq-len 160000 --comp-bias-corr 1 --max-rejected 2147483647 --max-accept 2147483647 --add-self-matches 0 --db-load-mode 0 --pca 1 --pcb 1.5 --score-bias 0 --realign 0 --realign-score-bias -0.2 --realign-max-seqs 2147483647 --gap-open nucl:5,aa:11 --gap-extend nucl:2,aa:1 --zdrop 40 --threads 1 --compressed 0 -v 3 

Compute score and coverage
Query database size: 1435037 type: Aminoacid
Target database size: 87266 type: Aminoacid
Calculation of alignments
[=================================================================] 1.44M 31m 3s 70ms
Time for merging to search_res: 0h 0m 0s 456ms
75677277 alignments calculated
4880820 sequence pairs passed the thresholds (0.064495 of overall calculated)
3.401181 hits per query sequence
Time for processing: 0h 31m 3s 956ms
resultspercontig /Users/aholzer/ownCloud/PhD/Publications/2021 Liavero-Pasquina et al./analysis/TPP_aptamer_search/genomes/BUSCO_eukaryota_obd10/Bacillariophyta_sp_ASM1036716v1/run_eukaryota_odb10/metaeuk_output/tmp/10658063951659003669/contigs /Users/aholzer/ownCloud/PhD/Publications/2021 Liavero-Pasquina et al./analysis/TPP_aptamer_search/genomes/BUSCO_eukaryota_obd10/Bacillariophyta_sp_ASM1036716v1/run_eukaryota_odb10/metaeuk_output/tmp/10658063951659003669/tmp_predict/5798612156534583150/nucl_6f /Users/aholzer/ownCloud/PhD/Publications/2021 Liavero-Pasquina et al./analysis/TPP_aptamer_search/genomes/BUSCO_eukaryota_obd10/Bacillariophyta_sp_ASM1036716v1/run_eukaryota_odb10/metaeuk_output/tmp/10658063951659003669/tmp_predict/5798612156534583150/search_res /Users/aholzer/ownCloud/PhD/Publications/2021 Liavero-Pasquina et al./analysis/TPP_aptamer_search/genomes/BUSCO_eukaryota_obd10/Bacillariophyta_sp_ASM1036716v1/run_eukaryota_odb10/metaeuk_output/tmp/10658063951659003669/tmp_predict/5798612156534583150/search_res_by_contig --threads 1 --compressed 0 -v 3 

Computing ORF lookup
Computing contig offsets
Computing contig lookup
Time for contig lookup: 0h 0m 0s 292ms
[=================================================================] 2.47K 8s 311ms
Time for merging to search_res_by_contig: 0h 0m 0s 2ms
Time for processing: 0h 0m 9s 50ms
collectoptimalset /Users/aholzer/ownCloud/PhD/Publications/2021 Liavero-Pasquina et al./analysis/TPP_aptamer_search/genomes/BUSCO_eukaryota_obd10/Bacillariophyta_sp_ASM1036716v1/run_eukaryota_odb10/metaeuk_output/tmp/10658063951659003669/tmp_predict/5798612156534583150/search_res_by_contig /Users/aholzer/ownCloud/PhD/Publications/2021 Liavero-Pasquina et al./analysis/TPP_aptamer_search/genomes/BUSCO_eukaryota_obd10/Bacillariophyta_sp_ASM1036716v1/run_eukaryota_odb10/metaeuk_output/tmp/10658063951659003669/targets /Users/aholzer/ownCloud/PhD/Publications/2021 Liavero-Pasquina et al./analysis/TPP_aptamer_search/genomes/BUSCO_eukaryota_obd10/Bacillariophyta_sp_ASM1036716v1/run_eukaryota_odb10/metaeuk_output/tmp/10658063951659003669/tmp_predict/5798612156534583150/dp_predictions --metaeuk-eval 0.001 --metaeuk-tcov 0.5 --max-intron 130000 --min-intron 1 --min-exon-aa 5 --max-overlap 5 --set-gap-open -1 --set-gap-extend -1 --score-bias 0 --threads 1 --compressed 0 -v 3 

[=================================================================] 2.47K 2s 879ms
Time for merging to dp_predictions: 0h 0m 0s 1ms
Time for processing: 0h 0m 2s 940ms
mvdb /Users/aholzer/ownCloud/PhD/Publications/2021 Liavero-Pasquina et al./analysis/TPP_aptamer_search/genomes/BUSCO_eukaryota_obd10/Bacillariophyta_sp_ASM1036716v1/run_eukaryota_odb10/metaeuk_output/tmp/10658063951659003669/tmp_predict/5798612156534583150/dp_predictions /Users/aholzer/ownCloud/PhD/Publications/2021 Liavero-Pasquina et al./analysis/TPP_aptamer_search/genomes/BUSCO_eukaryota_obd10/Bacillariophyta_sp_ASM1036716v1/run_eukaryota_odb10/metaeuk_output/tmp/10658063951659003669/MetaEuk_calls 

Time for processing: 0h 0m 0s 4ms
reduceredundancy /Users/aholzer/ownCloud/PhD/Publications/2021 Liavero-Pasquina et al./analysis/TPP_aptamer_search/genomes/BUSCO_eukaryota_obd10/Bacillariophyta_sp_ASM1036716v1/run_eukaryota_odb10/metaeuk_output/tmp/10658063951659003669/MetaEuk_calls /Users/aholzer/ownCloud/PhD/Publications/2021 Liavero-Pasquina et al./analysis/TPP_aptamer_search/genomes/BUSCO_eukaryota_obd10/Bacillariophyta_sp_ASM1036716v1/run_eukaryota_odb10/metaeuk_output/tmp/10658063951659003669/MetaEuk_preds /Users/aholzer/ownCloud/PhD/Publications/2021 Liavero-Pasquina et al./analysis/TPP_aptamer_search/genomes/BUSCO_eukaryota_obd10/Bacillariophyta_sp_ASM1036716v1/run_eukaryota_odb10/metaeuk_output/tmp/10658063951659003669/MetaEuk_preds_clust --overlap 1 --threads 1 --compressed 0 -v 3 

[=================================================================] 2.47K 0s 16ms
Time for merging to MetaEuk_preds_clust: 0h 0m 0s 1ms
Time for merging to MetaEuk_preds: 0h 0m 0s 1ms
Time for processing: 0h 0m 0s 27ms
unitesetstofasta /Users/aholzer/ownCloud/PhD/Publications/2021 Liavero-Pasquina et al./analysis/TPP_aptamer_search/genomes/BUSCO_eukaryota_obd10/Bacillariophyta_sp_ASM1036716v1/run_eukaryota_odb10/metaeuk_output/tmp/10658063951659003669/contigs /Users/aholzer/ownCloud/PhD/Publications/2021 Liavero-Pasquina et al./analysis/TPP_aptamer_search/genomes/BUSCO_eukaryota_obd10/Bacillariophyta_sp_ASM1036716v1/run_eukaryota_odb10/metaeuk_output/tmp/10658063951659003669/targets /Users/aholzer/ownCloud/PhD/Publications/2021 Liavero-Pasquina et al./analysis/TPP_aptamer_search/genomes/BUSCO_eukaryota_obd10/Bacillariophyta_sp_ASM1036716v1/run_eukaryota_odb10/metaeuk_output/tmp/10658063951659003669/MetaEuk_preds /Users/aholzer/ownCloud/PhD/Publications/2021 Liavero-Pasquina et al./analysis/TPP_aptamer_search/genomes/BUSCO_eukaryota_obd10/Bacillariophyta_sp_ASM1036716v1/run_eukaryota_odb10/metaeuk_output/rerun_results/GCA_010367165.1_ASM1036716v1_genomic.fna --protein 0 --translation-table 1 --target-key 0 --threads 1 --compressed 0 -v 3 

[=================================================================] 2.47K 0s 106ms
Time for merging to GCA_010367165.1_ASM1036716v1_genomic.fna.fas: 0h 0m 0s 1ms
Time for merging to GCA_010367165.1_ASM1036716v1_genomic.fna.codon.fas: 0h 0m 0s 1ms
Time for merging to GCA_010367165.1_ASM1036716v1_genomic.fna.headersMap.tsv: 0h 0m 0s 1ms
Time for processing: 0h 0m 0s 131ms
