#                                                                                  --- full sequence --- -------------- this domain -------------   hmm coord   ali coord   env coord
# target name              accession   tlen query name           accession   qlen   E-value  score  bias   #  of  c-Evalue  i-Evalue  score  bias  from    to  from    to  from    to  acc description of target
#      ------------------- ---------- ----- -------------------- ---------- ----- --------- ------ ----- --- --- --------- --------- ------ ----- ----- ----- ----- ----- ----- ----- ---- ---------------------
WKLE02001855_1:7121-9691   -            803 142542at2759         -            706   5.7e-12   40.7   1.4   1   2   1.2e-14   7.1e-12   40.4   0.3    86   257   133   327   124   333 0.77 -
WKLE02001855_1:7121-9691   -            803 142542at2759         -            706   5.7e-12   40.7   1.4   2   2      0.15        83   -2.8   0.0   326   362   421   457   391   473 0.77 -
WKLE02001627_1:15424-21757 -           1965 142542at2759         -            706   1.7e-10   35.8   0.0   1   5     0.018        10    0.2   0.0    78    97   318   345   270   360 0.71 -
WKLE02001627_1:15424-21757 -           1965 142542at2759         -            706   1.7e-10   35.8   0.0   2   5   0.00093      0.52    4.4   0.0   125   151   471   497   460   510 0.82 -
WKLE02001627_1:15424-21757 -           1965 142542at2759         -            706   1.7e-10   35.8   0.0   3   5      0.16        88   -2.9   0.0   373   418  1096  1147  1095  1154 0.73 -
WKLE02001627_1:15424-21757 -           1965 142542at2759         -            706   1.7e-10   35.8   0.0   4   5   5.8e-09   3.3e-06   21.6   0.0   427   477  1208  1258  1197  1265 0.92 -
WKLE02001627_1:15424-21757 -           1965 142542at2759         -            706   1.7e-10   35.8   0.0   5   5    0.0039       2.2    2.4   0.0   536   570  1417  1452  1410  1458 0.85 -
#
# Program:         hmmsearch
# Version:         3.1b2 (February 2015)
# Pipeline mode:   SEARCH
# Query file:      /Users/aholzer/ownCloud/PhD/Publications/2021 Liavero-Pasquina et al./analysis/TPP_aptamer_search/busco_downloads/lineages/eukaryota_odb10/hmms/142542at2759.hmm
# Target file:     /Users/aholzer/ownCloud/PhD/Publications/2021 Liavero-Pasquina et al./analysis/TPP_aptamer_search/genomes/BUSCO_eukaryota_obd10/Asterionellopsis_glacialis_ASM1488511v2/run_eukaryota_odb10/metaeuk_output/initial_results/GCA_014885115.2_ASM1488511v2_genomic.fna.modified.fas
# Option settings: hmmsearch --domtblout /Users/aholzer/ownCloud/PhD/Publications/2021 Liavero-Pasquina et al./analysis/TPP_aptamer_search/genomes/BUSCO_eukaryota_obd10/Asterionellopsis_glacialis_ASM1488511v2/run_eukaryota_odb10/hmmer_output/initial_run_results/142542at2759.out --cpu 1 /Users/aholzer/ownCloud/PhD/Publications/2021 Liavero-Pasquina et al./analysis/TPP_aptamer_search/busco_downloads/lineages/eukaryota_odb10/hmms/142542at2759.hmm /Users/aholzer/ownCloud/PhD/Publications/2021 Liavero-Pasquina et al./analysis/TPP_aptamer_search/genomes/BUSCO_eukaryota_obd10/Asterionellopsis_glacialis_ASM1488511v2/run_eukaryota_odb10/metaeuk_output/initial_results/GCA_014885115.2_ASM1488511v2_genomic.fna.modified.fas 
# Current dir:     /Users/aholzer/ownCloud/PhD/Publications/2021 Liavero-Pasquina et al./analysis/TPP_aptamer_search
# Date:            Mon Apr 19 05:52:38 2021
# [ok]
