#                                                                                  --- full sequence --- -------------- this domain -------------   hmm coord   ali coord   env coord
# target name              accession   tlen query name           accession   qlen   E-value  score  bias   #  of  c-Evalue  i-Evalue  score  bias  from    to  from    to  from    to  acc description of target
#      ------------------- ---------- ----- -------------------- ---------- ----- --------- ------ ----- --- --- --------- --------- ------ ----- ----- ----- ----- ----- ----- ----- ---- ---------------------
WKLE02000680_1:24508-26220 -            571 779909at2759         -            227   9.5e-75  247.0  26.9   1   9   4.1e-15   4.5e-14   48.6   0.1     3   103    20   126    18   134 0.87 -
WKLE02000680_1:24508-26220 -            571 779909at2759         -            227   9.5e-75  247.0  26.9   2   9   4.7e-13   5.2e-12   41.8   0.2     3    98    62   163    61   169 0.85 -
WKLE02000680_1:24508-26220 -            571 779909at2759         -            227   9.5e-75  247.0  26.9   3   9   7.5e-15   8.1e-14   47.7   0.2     3    97   146   246   144   251 0.88 -
WKLE02000680_1:24508-26220 -            571 779909at2759         -            227   9.5e-75  247.0  26.9   4   9     5e-15   5.4e-14   48.3   0.2     3    97   188   288   188   295 0.89 -
WKLE02000680_1:24508-26220 -            571 779909at2759         -            227   9.5e-75  247.0  26.9   5   9   1.1e-05   0.00012   17.7   0.0    59   102   292   335   287   342 0.85 -
WKLE02000680_1:24508-26220 -            571 779909at2759         -            227   9.5e-75  247.0  26.9   6   9   3.6e-05   0.00039   16.0   0.1    61   103   336   378   329   390 0.84 -
WKLE02000680_1:24508-26220 -            571 779909at2759         -            227   9.5e-75  247.0  26.9   7   9   9.3e-14     1e-12   44.1   0.1     3    96   356   455   354   458 0.88 -
WKLE02000680_1:24508-26220 -            571 779909at2759         -            227   9.5e-75  247.0  26.9   8   9   3.2e-14   3.5e-13   45.7   0.1     3   100   398   501   396   506 0.85 -
WKLE02000680_1:24508-26220 -            571 779909at2759         -            227   9.5e-75  247.0  26.9   9   9   0.00023    0.0025   13.4   0.0    62    97   505   540   498   551 0.91 -
WKLE02000682_1:3-1319      -            439 779909at2759         -            227   3.7e-66  218.9  19.5   1   8   2.1e-13   2.3e-12   43.0   0.1     6    98     2   100     1   105 0.89 -
WKLE02000682_1:3-1319      -            439 779909at2759         -            227   3.7e-66  218.9  19.5   2   8   1.5e-16   1.7e-15   53.3   0.0     3    98    41   142    39   153 0.89 -
WKLE02000682_1:3-1319      -            439 779909at2759         -            227   3.7e-66  218.9  19.5   3   8   0.00017    0.0019   13.8   0.0    61    98   147   184   143   189 0.86 -
WKLE02000682_1:3-1319      -            439 779909at2759         -            227   3.7e-66  218.9  19.5   4   8   4.7e-15   5.2e-14   48.4   0.3     3    98   167   268   165   273 0.90 -
WKLE02000682_1:3-1319      -            439 779909at2759         -            227   3.7e-66  218.9  19.5   5   8   2.4e-15   2.7e-14   49.3   0.3     3    98   209   310   209   316 0.89 -
WKLE02000682_1:3-1319      -            439 779909at2759         -            227   3.7e-66  218.9  19.5   6   8   6.9e-16   7.5e-15   51.1   0.2     3    99   251   353   251   358 0.89 -
WKLE02000682_1:3-1319      -            439 779909at2759         -            227   3.7e-66  218.9  19.5   7   8   0.00015    0.0016   14.0   0.0    61    97   357   393   352   400 0.88 -
WKLE02000682_1:3-1319      -            439 779909at2759         -            227   3.7e-66  218.9  19.5   8   8    0.0016     0.018   10.6   0.2    60    97   398   435   394   438 0.90 -
WKLE02001982_1:61637-62722 -            314 779909at2759         -            227   1.3e-60  200.8   7.2   1   3   2.5e-41   2.7e-40  134.3   0.0     1   127     5   150     5   163 0.88 -
WKLE02001982_1:61637-62722 -            314 779909at2759         -            227   1.3e-60  200.8   7.2   2   3      0.94        10    1.6   0.0    67    97   169   199   155   209 0.79 -
WKLE02001982_1:61637-62722 -            314 779909at2759         -            227   1.3e-60  200.8   7.2   3   3   6.1e-17   6.6e-16   54.6   9.2   157   227   218   312   216   312 0.78 -
WKLE02002750_1:61412-62419 -            336 779909at2759         -            227   2.7e-45  150.7  22.2   1   6   5.1e-06   5.6e-05   18.8   0.0    55    95     4    44     1    49 0.88 -
WKLE02002750_1:61412-62419 -            336 779909at2759         -            227   2.7e-45  150.7  22.2   2   6    0.0002    0.0022   13.6   0.0    61    97    52    88    44    95 0.78 -
WKLE02002750_1:61412-62419 -            336 779909at2759         -            227   2.7e-45  150.7  22.2   3   6   2.4e-16   2.6e-15   52.6   1.8     3    98    72   173    70   180 0.88 -
WKLE02002750_1:61412-62419 -            336 779909at2759         -            227   2.7e-45  150.7  22.2   4   6   3.6e-06   3.9e-05   19.3   0.0    60   102   177   219   171   232 0.85 -
WKLE02002750_1:61412-62419 -            336 779909at2759         -            227   2.7e-45  150.7  22.2   5   6   3.4e-15   3.7e-14   48.8   0.5     3    97   198   298   196   305 0.88 -
WKLE02002750_1:61412-62419 -            336 779909at2759         -            227   2.7e-45  150.7  22.2   6   6   7.2e-14   7.8e-13   44.5   0.4     3    93   240   336   238   336 0.91 -
WKLE02000872_1:9544-10554  -            337 779909at2759         -            227   3.7e-42  140.4   7.3   1   8    0.0003    0.0033   13.0   0.0    62    96     3    37     1    43 0.79 -
WKLE02000872_1:9544-10554  -            337 779909at2759         -            227   3.7e-42  140.4   7.3   2   8   1.4e-05   0.00015   17.4   0.0    58    96    41    79    37    85 0.90 -
WKLE02000872_1:9544-10554  -            337 779909at2759         -            227   3.7e-42  140.4   7.3   3   8   2.9e-06   3.1e-05   19.6   0.0    57    96    82   121    77   127 0.90 -
WKLE02000872_1:9544-10554  -            337 779909at2759         -            227   3.7e-42  140.4   7.3   4   8   6.1e-07   6.6e-06   21.8   0.0    57    96   124   163   120   167 0.91 -
WKLE02000872_1:9544-10554  -            337 779909at2759         -            227   3.7e-42  140.4   7.3   5   8   1.2e-07   1.3e-06   24.2   0.1    57   102   166   211   162   223 0.87 -
WKLE02000872_1:9544-10554  -            337 779909at2759         -            227   3.7e-42  140.4   7.3   6   8     0.044      0.48    5.9   0.0    69    96   227   254   219   260 0.71 -
WKLE02000872_1:9544-10554  -            337 779909at2759         -            227   3.7e-42  140.4   7.3   7   8   9.9e-07   1.1e-05   21.2   0.0    57    99   257   299   252   303 0.89 -
WKLE02000872_1:9544-10554  -            337 779909at2759         -            227   3.7e-42  140.4   7.3   8   8     2e-05   0.00022   16.9   0.0    60    94   302   336   297   337 0.92 -
WKLE02006381_1:622-1461    -            280 779909at2759         -            227   1.8e-36  121.8   2.4   1   7   1.2e-06   1.3e-05   20.9   0.0    63    98     2    37     1    43 0.93 -
WKLE02006381_1:622-1461    -            280 779909at2759         -            227   1.8e-36  121.8   2.4   2   7   2.2e-06   2.4e-05   20.0   0.1    61    98    42    79    36    85 0.90 -
WKLE02006381_1:622-1461    -            280 779909at2759         -            227   1.8e-36  121.8   2.4   3   7   1.1e-05   0.00012   17.7   0.0    61    96    84   119    79   125 0.91 -
WKLE02006381_1:622-1461    -            280 779909at2759         -            227   1.8e-36  121.8   2.4   4   7   7.4e-07     8e-06   21.6   0.0    61    97   126   162   120   167 0.92 -
WKLE02006381_1:622-1461    -            280 779909at2759         -            227   1.8e-36  121.8   2.4   5   7   1.1e-06   1.2e-05   21.0   0.0    63    99   170   206   164   216 0.90 -
WKLE02006381_1:622-1461    -            280 779909at2759         -            227   1.8e-36  121.8   2.4   6   7   0.00036    0.0039   12.8   0.0    62    96   211   245   206   253 0.85 -
WKLE02006381_1:622-1461    -            280 779909at2759         -            227   1.8e-36  121.8   2.4   7   7      0.53       5.8    2.4   0.0    61    88   252   279   246   280 0.90 -
WKLE02003470_1:18867-19622 -            252 779909at2759         -            227   2.8e-33  111.4   1.3   1   5   6.5e-10   7.1e-09   31.6   0.0    61   102     7    48     2    55 0.86 -
WKLE02003470_1:18867-19622 -            252 779909at2759         -            227   2.8e-33  111.4   1.3   2   5   1.1e-05   0.00012   17.7   0.0    58   100    46    88    42    91 0.90 -
WKLE02003470_1:18867-19622 -            252 779909at2759         -            227   2.8e-33  111.4   1.3   3   5   2.7e-05    0.0003   16.4   0.0    59    97    89   127    86   133 0.92 -
WKLE02003470_1:18867-19622 -            252 779909at2759         -            227   2.8e-33  111.4   1.3   4   5     0.058      0.63    5.6   0.0    59    96   131   169   125   175 0.83 -
WKLE02003470_1:18867-19622 -            252 779909at2759         -            227   2.8e-33  111.4   1.3   5   5   1.8e-12   1.9e-11   40.0   0.1     3    94   154   251   152   252 0.87 -
WKLE02002901_1:9794-10789  -            332 779909at2759         -            227   1.2e-31  106.1   9.2   1   6   5.9e-05   0.00064   15.3   0.0    64    97     1    34     1    37 0.92 -
WKLE02002901_1:9794-10789  -            332 779909at2759         -            227   1.2e-31  106.1   9.2   2   6   1.3e-06   1.4e-05   20.8   0.0    59   102    38    81    34    91 0.85 -
WKLE02002901_1:9794-10789  -            332 779909at2759         -            227   1.2e-31  106.1   9.2   3   6   0.00044    0.0047   12.5   0.1    61    96    82   117    78   120 0.90 -
WKLE02002901_1:9794-10789  -            332 779909at2759         -            227   1.2e-31  106.1   9.2   4   6   1.3e-07   1.4e-06   24.1   0.1    58    97   121   160   117   174 0.89 -
WKLE02002901_1:9794-10789  -            332 779909at2759         -            227   1.2e-31  106.1   9.2   5   6       4.9        54   -0.8   0.0   210   225   164   179   161   181 0.79 -
WKLE02002901_1:9794-10789  -            332 779909at2759         -            227   1.2e-31  106.1   9.2   6   6   1.9e-09     2e-08   30.1   0.4     2    94   233   331   232   332 0.87 -
WKLE02004041_1:6594-7580   -            329 779909at2759         -            227   3.9e-30  101.1   9.4   1   6   2.9e-06   3.2e-05   19.6   0.1    55    97    29    71    17    73 0.89 -
WKLE02004041_1:6594-7580   -            329 779909at2759         -            227   3.9e-30  101.1   9.4   2   6   6.6e-05   0.00072   15.2   0.1    57    98    73   121    70   123 0.79 -
WKLE02004041_1:6594-7580   -            329 779909at2759         -            227   3.9e-30  101.1   9.4   3   6   2.7e-08     3e-07   26.3   0.0    48    97   114   163   114   167 0.96 -
WKLE02004041_1:6594-7580   -            329 779909at2759         -            227   3.9e-30  101.1   9.4   4   6   1.2e-05   0.00013   17.6   0.0    59    96   167   204   162   210 0.90 -
WKLE02004041_1:6594-7580   -            329 779909at2759         -            227   3.9e-30  101.1   9.4   5   6   3.8e-05   0.00041   16.0   0.0    65    96   224   255   207   258 0.84 -
WKLE02004041_1:6594-7580   -            329 779909at2759         -            227   3.9e-30  101.1   9.4   6   6    0.0002    0.0022   13.6   0.1    64   107   265   310   258   316 0.76 -
WKLE02001713_1:21-698      -            226 779909at2759         -            227     8e-30  100.1   1.6   1   5   1.3e-06   1.4e-05   20.8   0.0    59   100    16    57    10    64 0.90 -
WKLE02001713_1:21-698      -            226 779909at2759         -            227     8e-30  100.1   1.6   2   5   6.2e-05   0.00068   15.3   0.0    65    96    63    94    56    99 0.87 -
WKLE02001713_1:21-698      -            226 779909at2759         -            227     8e-30  100.1   1.6   3   5   1.1e-07   1.2e-06   24.2   0.0    58   100    98   140    93   143 0.91 -
WKLE02001713_1:21-698      -            226 779909at2759         -            227     8e-30  100.1   1.6   4   5     5e-06   5.5e-05   18.8   0.1    58    96   140   178   136   182 0.91 -
WKLE02001713_1:21-698      -            226 779909at2759         -            227     8e-30  100.1   1.6   5   5   6.7e-06   7.3e-05   18.4   0.0    59    95   183   219   178   223 0.91 -
WKLE02000687_1:18490-19290 -            267 779909at2759         -            227   3.6e-28   94.7  12.9   1   4   7.4e-10     8e-09   31.4   0.7     4   103     1   105     1   122 0.87 -
WKLE02000687_1:18490-19290 -            267 779909at2759         -            227   3.6e-28   94.7  12.9   2   4   6.2e-12   6.7e-11   38.2   0.2     3   103    83   189    81   194 0.86 -
WKLE02000687_1:18490-19290 -            267 779909at2759         -            227   3.6e-28   94.7  12.9   3   4   4.3e-12   4.6e-11   38.7   0.1     3    95   125   223   123   228 0.84 -
WKLE02000687_1:18490-19290 -            267 779909at2759         -            227   3.6e-28   94.7  12.9   4   4   0.00017    0.0018   13.8   0.2    59    96   229   266   224   267 0.91 -
WKLE02000150_1:2435-3205   -            257 779909at2759         -            227     5e-27   90.9   0.4   1   5   8.1e-06   8.8e-05   18.2   0.0     3    44     5    47     3    57 0.82 -
WKLE02000150_1:2435-3205   -            257 779909at2759         -            227     5e-27   90.9   0.4   2   5   1.2e-08   1.3e-07   27.5   0.1    57    95    78   116    66   122 0.84 -
WKLE02000150_1:2435-3205   -            257 779909at2759         -            227     5e-27   90.9   0.4   3   5   7.9e-06   8.6e-05   18.2   0.0    61    97   124   160   118   167 0.91 -
WKLE02000150_1:2435-3205   -            257 779909at2759         -            227     5e-27   90.9   0.4   4   5   0.00039    0.0042   12.7   0.0    62    98   179   215   165   221 0.83 -
WKLE02000150_1:2435-3205   -            257 779909at2759         -            227     5e-27   90.9   0.4   5   5    0.0052     0.057    9.0   0.0    61    97   220   256   215   257 0.92 -
WKLE02002159_1:8028-8834   -            269 779909at2759         -            227   2.9e-25   85.2   4.6   1   6     0.011      0.11    8.0   0.0    61    96     3    38     1    41 0.83 -
WKLE02002159_1:8028-8834   -            269 779909at2759         -            227   2.9e-25   85.2   4.6   2   6   4.9e-07   5.3e-06   22.2   0.0    59    99    43    83    39    95 0.88 -
WKLE02002159_1:8028-8834   -            269 779909at2759         -            227   2.9e-25   85.2   4.6   3   6   7.4e-05   0.00081   15.0   0.1    70   104    97   131    86   134 0.88 -
WKLE02002159_1:8028-8834   -            269 779909at2759         -            227   2.9e-25   85.2   4.6   4   6   0.00042    0.0045   12.6   0.0    62    97   131   166   128   173 0.90 -
WKLE02002159_1:8028-8834   -            269 779909at2759         -            227   2.9e-25   85.2   4.6   5   6    0.0025     0.027   10.0   0.1    64    97   188   221   185   223 0.86 -
WKLE02002159_1:8028-8834   -            269 779909at2759         -            227   2.9e-25   85.2   4.6   6   6   5.8e-05   0.00063   15.4   0.1    58    97   224   263   219   268 0.90 -
WKLE02000079_1:48498-49493 -            332 779909at2759         -            227   1.3e-23   79.8   5.4   1   5   1.6e-05   0.00018   17.2   0.0    64   105     1    42     1    79 0.78 -
WKLE02000079_1:48498-49493 -            332 779909at2759         -            227   1.3e-23   79.8   5.4   2   5   0.00047    0.0051   12.4   0.1    65   111    89   141    82   151 0.72 -
WKLE02000079_1:48498-49493 -            332 779909at2759         -            227   1.3e-23   79.8   5.4   3   5    0.0027     0.029    9.9   0.0     3    41   151   193   149   197 0.81 -
WKLE02000079_1:48498-49493 -            332 779909at2759         -            227   1.3e-23   79.8   5.4   4   5   3.6e-07   3.9e-06   22.6   0.0    48    97   243   292   193   299 0.81 -
WKLE02000079_1:48498-49493 -            332 779909at2759         -            227   1.3e-23   79.8   5.4   5   5   3.5e-05   0.00038   16.1   0.1    60    95   297   332   291   332 0.78 -
WKLE02000293_1:20307-21380 -            358 779909at2759         -            227   3.6e-23   78.3   2.2   1   6       0.2       2.1    3.8   0.0    62    97     6    42     1    51 0.68 -
WKLE02000293_1:20307-21380 -            358 779909at2759         -            227   3.6e-23   78.3   2.2   2   6   6.6e-05   0.00071   15.2   0.0    63   102    63   102    51   106 0.86 -
WKLE02000293_1:20307-21380 -            358 779909at2759         -            227   3.6e-23   78.3   2.2   3   6    0.0011     0.012   11.2   0.0    58    97    99   138    94   144 0.90 -
WKLE02000293_1:20307-21380 -            358 779909at2759         -            227   3.6e-23   78.3   2.2   4   6       8.7        94   -1.6   0.0   167   181   165   179   154   181 0.79 -
WKLE02000293_1:20307-21380 -            358 779909at2759         -            227   3.6e-23   78.3   2.2   5   6   2.7e-07   2.9e-06   23.0   0.0    55    98   181   224   179   241 0.87 -
WKLE02000293_1:20307-21380 -            358 779909at2759         -            227   3.6e-23   78.3   2.2   6   6   3.8e-06   4.2e-05   19.2   0.0     2    76   259   338   258   357 0.68 -
WKLE02006687_1:34144-34992 -            283 779909at2759         -            227   3.9e-23   78.2   0.6   1   4     4e-05   0.00043   15.9   0.0    65   100     4    39     1    44 0.90 -
WKLE02006687_1:34144-34992 -            283 779909at2759         -            227   3.9e-23   78.2   0.6   2   4   4.7e-06   5.1e-05   18.9   0.0    57   100    44    87    38    90 0.89 -
WKLE02006687_1:34144-34992 -            283 779909at2759         -            227   3.9e-23   78.2   0.6   3   4   1.7e-05   0.00018   17.1   0.0    57   109    86   139    84   149 0.83 -
WKLE02006687_1:34144-34992 -            283 779909at2759         -            227   3.9e-23   78.2   0.6   4   4   2.7e-07     3e-06   23.0   0.1     3    97   152   250   150   274 0.80 -
WKLE02001454_1:14877-15719 -            281 779909at2759         -            227   8.5e-22   73.8  11.2   1   4   4.4e-09   4.8e-08   28.8   0.1     4    97    20   117    17   127 0.86 -
WKLE02001454_1:14877-15719 -            281 779909at2759         -            227   8.5e-22   73.8  11.2   2   4   1.1e-07   1.2e-06   24.3   0.0     4    96    61   157    59   165 0.84 -
WKLE02001454_1:14877-15719 -            281 779909at2759         -            227   8.5e-22   73.8  11.2   3   4   1.1e-07   1.2e-06   24.3   0.3     2    95   141   238   140   240 0.84 -
WKLE02001454_1:14877-15719 -            281 779909at2759         -            227   8.5e-22   73.8  11.2   4   4   3.8e-07   4.1e-06   22.5   0.5     3    93   183   281   181   281 0.83 -
WKLE02000384_1:0-560       -            187 779909at2759         -            227   4.1e-20   68.3   1.6   1   4     0.015      0.17    7.4   0.0     5    24     2    21     1    24 0.76 -
WKLE02000384_1:0-560       -            187 779909at2759         -            227   4.1e-20   68.3   1.6   2   4   7.7e-07   8.4e-06   21.5   0.0    61    97    22    58    18    65 0.93 -
WKLE02000384_1:0-560       -            187 779909at2759         -            227   4.1e-20   68.3   1.6   3   4     3e-05   0.00033   16.3   0.0    63    97    66   100    61   107 0.90 -
WKLE02000384_1:0-560       -            187 779909at2759         -            227   4.1e-20   68.3   1.6   4   4   9.7e-07   1.1e-05   21.2   0.1    61   104   106   149    99   162 0.87 -
WKLE02000079_1:28610-29479 -            290 779909at2759         -            227   8.6e-20   67.3   0.7   1   6      0.21       2.3    3.7   0.0   100   143     3    47     1    57 0.62 -
WKLE02000079_1:28610-29479 -            290 779909at2759         -            227   8.6e-20   67.3   0.7   2   6     0.079      0.85    5.1   0.1    50    97    27    73    24    75 0.78 -
WKLE02000079_1:28610-29479 -            290 779909at2759         -            227   8.6e-20   67.3   0.7   3   6    0.0017     0.018   10.6   0.0    48    95    67   113    65   117 0.86 -
WKLE02000079_1:28610-29479 -            290 779909at2759         -            227   8.6e-20   67.3   0.7   4   6     0.013      0.14    7.6   0.0    60    95   121   157   116   161 0.85 -
WKLE02000079_1:28610-29479 -            290 779909at2759         -            227   8.6e-20   67.3   0.7   5   6   2.2e-05   0.00024   16.7   0.0    56   100   160   206   157   208 0.87 -
WKLE02000079_1:28610-29479 -            290 779909at2759         -            227   8.6e-20   67.3   0.7   6   6   5.7e-07   6.2e-06   21.9   0.0    57    98   205   246   202   255 0.88 -
WKLE02000115_1:41066-44408 -           1075 779909at2759         -            227   9.2e-20   67.2   9.4   1   7   7.4e-07     8e-06   21.6   0.0    60   103   209   252   168   256 0.80 -
WKLE02000115_1:41066-44408 -           1075 779909at2759         -            227   9.2e-20   67.2   9.4   2   7       7.1        78   -1.3   0.1    47    94   293   346   268   356 0.61 -
WKLE02000115_1:41066-44408 -           1075 779909at2759         -            227   9.2e-20   67.2   9.4   3   7       2.4        26    0.3   0.0     2    18   408   424   407   434 0.79 -
WKLE02000115_1:41066-44408 -           1075 779909at2759         -            227   9.2e-20   67.2   9.4   4   7   5.5e-05   0.00059   15.5   0.0    29   103   537   614   527   625 0.80 -
WKLE02000115_1:41066-44408 -           1075 779909at2759         -            227   9.2e-20   67.2   9.4   5   7      0.09      0.98    4.9   0.0    59    94   684   719   678   727 0.83 -
WKLE02000115_1:41066-44408 -           1075 779909at2759         -            227   9.2e-20   67.2   9.4   6   7   0.00014    0.0016   14.1   0.4   167   220   706   778   703   785 0.70 -
WKLE02000115_1:41066-44408 -           1075 779909at2759         -            227   9.2e-20   67.2   9.4   7   7    0.0025     0.027   10.0   0.1     3    44   790   832   788   862 0.85 -
WKLE02000993_1:12760-13785 -            342 779909at2759         -            227   1.5e-19   66.5   2.1   1   5     5e-05   0.00054   15.6   0.0    48    99    11    61     8    75 0.84 -
WKLE02000993_1:12760-13785 -            342 779909at2759         -            227   1.5e-19   66.5   2.1   2   5    0.0041     0.045    9.3   0.0     3    45    43    88    41    89 0.73 -
WKLE02000993_1:12760-13785 -            342 779909at2759         -            227   1.5e-19   66.5   2.1   3   5       7.7        84   -1.4   0.0    43    54   106   117    97   131 0.58 -
WKLE02000993_1:12760-13785 -            342 779909at2759         -            227   1.5e-19   66.5   2.1   4   5   2.3e-06   2.5e-05   19.9   0.1     8    97   176   274   170   282 0.79 -
WKLE02000993_1:12760-13785 -            342 779909at2759         -            227   1.5e-19   66.5   2.1   5   5   6.4e-08     7e-07   25.0   0.0    59    99   278   318   273   328 0.90 -
WKLE02000433_1:30972-31919 -            316 779909at2759         -            227   6.1e-19   64.5   3.4   1   5    0.0012     0.013   11.0   0.0    54   104    11    61     6    70 0.83 -
WKLE02000433_1:30972-31919 -            316 779909at2759         -            227   6.1e-19   64.5   3.4   2   5      0.12       1.3    4.5   0.2   185   207    69    92    55   117 0.61 -
WKLE02000433_1:30972-31919 -            316 779909at2759         -            227   6.1e-19   64.5   3.4   3   5    0.0093       0.1    8.2   0.1    57   100    99   143    92   152 0.73 -
WKLE02000433_1:30972-31919 -            316 779909at2759         -            227   6.1e-19   64.5   3.4   4   5   3.6e-11   3.9e-10   35.7   0.2    62   180   147   273   142   277 0.80 -
WKLE02000433_1:30972-31919 -            316 779909at2759         -            227   6.1e-19   64.5   3.4   5   5     0.007     0.076    8.6   0.0    64   111   243   301   227   316 0.64 -
WKLE02001443_1:40897-41769 -            291 779909at2759         -            227   1.3e-18   63.4   8.5   1   4   4.7e-11   5.1e-10   35.3   1.8     4    98    25   126    23   140 0.82 -
WKLE02001443_1:40897-41769 -            291 779909at2759         -            227   1.3e-18   63.4   8.5   2   4   0.00075    0.0082   11.7   0.1     4    38   110   145   107   151 0.78 -
WKLE02001443_1:40897-41769 -            291 779909at2759         -            227   1.3e-18   63.4   8.5   3   4   3.3e-08   3.6e-07   26.0   0.1     3    96   150   247   148   252 0.86 -
WKLE02001443_1:40897-41769 -            291 779909at2759         -            227   1.3e-18   63.4   8.5   4   4   4.9e-05   0.00053   15.6   0.1     5    96   193   288   189   290 0.83 -
WKLE02006493_1:1195-2055   -            287 779909at2759         -            227   1.5e-18   63.2   1.6   1   6      0.52       5.6    2.5   0.0     4    21     2    19     1    46 0.81 -
WKLE02006493_1:1195-2055   -            287 779909at2759         -            227   1.5e-18   63.2   1.6   2   6   0.00012    0.0013   14.3   0.0    56    97    80   121    74   128 0.90 -
WKLE02006493_1:1195-2055   -            287 779909at2759         -            227   1.5e-18   63.2   1.6   3   6   9.4e-06    0.0001   18.0   0.1    48    97   115   164   113   167 0.96 -
WKLE02006493_1:1195-2055   -            287 779909at2759         -            227   1.5e-18   63.2   1.6   4   6   1.6e-05   0.00017   17.2   0.0    58    97   167   206   164   218 0.91 -
WKLE02006493_1:1195-2055   -            287 779909at2759         -            227   1.5e-18   63.2   1.6   5   6    0.0028     0.031    9.9   0.0    61    97   212   249   206   271 0.83 -
WKLE02006493_1:1195-2055   -            287 779909at2759         -            227   1.5e-18   63.2   1.6   6   6      0.77       8.3    1.9   0.0     3    15   275   287   273   287 0.89 -
WKLE02005502_1:10184-10669 -            162 779909at2759         -            227     2e-18   62.8   0.0   1   3   2.5e-06   2.8e-05   19.8   0.0    58    98     6    46     1    57 0.86 -
WKLE02005502_1:10184-10669 -            162 779909at2759         -            227     2e-18   62.8   0.0   2   3   9.4e-06    0.0001   18.0   0.0    61    97    51    87    47    92 0.92 -
WKLE02005502_1:10184-10669 -            162 779909at2759         -            227     2e-18   62.8   0.0   3   3   1.2e-10   1.3e-09   34.0   0.0     3    98    71   153    69   159 0.90 -
WKLE02000061_1:19293-20096 -            268 779909at2759         -            227   2.2e-18   62.6   0.0   1   4    0.0012     0.013   11.1   0.0    69    97    13    41     3    56 0.88 -
WKLE02000061_1:19293-20096 -            268 779909at2759         -            227   2.2e-18   62.6   0.0   2   4    0.0018      0.02   10.5   0.0    66   101    91   127    76   134 0.78 -
WKLE02000061_1:19293-20096 -            268 779909at2759         -            227   2.2e-18   62.6   0.0   3   4   1.3e-07   1.4e-06   24.1   0.0    56   126   123   206   120   215 0.75 -
WKLE02000061_1:19293-20096 -            268 779909at2759         -            227   2.2e-18   62.6   0.0   4   4    0.0013     0.014   10.9   0.0    62    94   236   268   226   268 0.85 -
WKLE02004956_1:223-1104    -            294 779909at2759         -            227   6.4e-18   61.1   0.8   1   4    0.0015     0.016   10.8   0.1    28    93    22    88    10    93 0.82 -
WKLE02004956_1:223-1104    -            294 779909at2759         -            227   6.4e-18   61.1   0.8   2   4     0.011      0.12    7.9   0.0     3    32   117   147   115   159 0.76 -
WKLE02004956_1:223-1104    -            294 779909at2759         -            227   6.4e-18   61.1   0.8   3   4   5.3e-11   5.7e-10   35.1   0.0     4   109   159   269   156   278 0.83 -
WKLE02004956_1:223-1104    -            294 779909at2759         -            227   6.4e-18   61.1   0.8   4   4         2        22    0.5   0.0     4    16   282   294   279   294 0.82 -
WKLE02002997_1:24777-25580 -            268 779909at2759         -            227   1.1e-17   60.4   7.4   1   4   0.00024    0.0026   13.3   0.0    46    99    14    65     5    76 0.84 -
WKLE02002997_1:24777-25580 -            268 779909at2759         -            227   1.1e-17   60.4   7.4   2   4   4.3e-07   4.7e-06   22.3   1.0     3   106    88   196    86   205 0.81 -
WKLE02002997_1:24777-25580 -            268 779909at2759         -            227   1.1e-17   60.4   7.4   3   4   7.4e-08   8.1e-07   24.8   1.0     3    95   129   225   128   231 0.80 -
WKLE02002997_1:24777-25580 -            268 779909at2759         -            227   1.1e-17   60.4   7.4   4   4   6.9e-08   7.5e-07   24.9   2.6     3    95   170   267   169   268 0.84 -
WKLE02001102_1:11753-13117 -            455 779909at2759         -            227   3.7e-17   58.7   0.1   1   4   4.3e-07   4.7e-06   22.3   0.0    47   105    92   150    88   170 0.89 -
WKLE02001102_1:11753-13117 -            455 779909at2759         -            227   3.7e-17   58.7   0.1   2   4       4.4        48   -0.6   0.0    82    98   178   195   169   201 0.58 -
WKLE02001102_1:11753-13117 -            455 779909at2759         -            227   3.7e-17   58.7   0.1   3   4   2.9e-06   3.1e-05   19.6   0.0    49   103   276   330   221   337 0.80 -
WKLE02001102_1:11753-13117 -            455 779909at2759         -            227   3.7e-17   58.7   0.1   4   4   0.00081    0.0088   11.6   0.0    66    99   336   369   326   374 0.84 -
WKLE02002382_1:0-332       -            111 779909at2759         -            227     1e-16   57.2   0.6   1   2   2.8e-05   0.00031   16.4   0.0    68    98     1    31     1    37 0.86 -
WKLE02002382_1:0-332       -            111 779909at2759         -            227     1e-16   57.2   0.6   2   2   4.5e-14   4.9e-13   45.2   0.2     3    94    14   111    13   111 0.89 -
WKLE02003975_1:1740-2576   -            279 779909at2759         -            227   1.3e-16   56.9   0.4   1   3   1.7e-11   1.8e-10   36.8   0.1     3    98     1   103     1   115 0.83 -
WKLE02003975_1:1740-2576   -            279 779909at2759         -            227   1.3e-16   56.9   0.4   2   3      0.05      0.55    5.8   0.0    68   101   116   149   106   174 0.85 -
WKLE02003975_1:1740-2576   -            279 779909at2759         -            227   1.3e-16   56.9   0.4   3   3       0.2       2.1    3.8   0.1    60    93   244   279   234   279 0.81 -
WKLE02003969_1:467-1354    -            296 779909at2759         -            227   1.4e-16   56.8   1.4   1   3      0.54       5.9    2.4   0.0    63    97     3    38     1    43 0.75 -
WKLE02003969_1:467-1354    -            296 779909at2759         -            227   1.4e-16   56.8   1.4   2   3   1.1e-08   1.2e-07   27.6   0.5     4    95    23   127    20   137 0.75 -
WKLE02003969_1:467-1354    -            296 779909at2759         -            227   1.4e-16   56.8   1.4   3   3     2e-07   2.2e-06   23.4   0.0     2   102   160   264   158   273 0.79 -
WKLE02002975_1:109-1560    -            484 779909at2759         -            227   1.8e-16   56.4   3.4   1   6      0.99        11    1.5   0.0    66    97   105   136    40   176 0.71 -
WKLE02002975_1:109-1560    -            484 779909at2759         -            227   1.8e-16   56.4   3.4   2   6      0.35       3.8    3.0   0.0    65   109   146   190   140   196 0.83 -
WKLE02002975_1:109-1560    -            484 779909at2759         -            227   1.8e-16   56.4   3.4   3   6   4.1e-07   4.5e-06   22.4   0.0    10    98   169   263   162   269 0.82 -
WKLE02002975_1:109-1560    -            484 779909at2759         -            227   1.8e-16   56.4   3.4   4   6   3.7e-07     4e-06   22.5   0.1    61    97   268   304   263   309 0.91 -
WKLE02002975_1:109-1560    -            484 779909at2759         -            227   1.8e-16   56.4   3.4   5   6    0.0014     0.016   10.8   0.0    47    95   297   345   296   351 0.84 -
WKLE02002975_1:109-1560    -            484 779909at2759         -            227   1.8e-16   56.4   3.4   6   6      0.82       8.9    1.8   0.0    66    95   362   391   349   398 0.78 -
WKLE02001072_1:23425-24882 -            486 779909at2759         -            227   2.6e-16   55.9   0.1   1   5   7.4e-08   8.1e-07   24.8   0.0     3   103   152   259   150   268 0.81 -
WKLE02001072_1:23425-24882 -            486 779909at2759         -            227   2.6e-16   55.9   0.1   2   5       1.2        13    1.3   0.0    72   101   283   312   277   322 0.80 -
WKLE02001072_1:23425-24882 -            486 779909at2759         -            227   2.6e-16   55.9   0.1   3   5   0.00028     0.003   13.1   0.0    66    97   337   371   308   386 0.81 -
WKLE02001072_1:23425-24882 -            486 779909at2759         -            227   2.6e-16   55.9   0.1   4   5    0.0073      0.08    8.5   0.0    69   108   405   445   395   456 0.79 -
WKLE02001072_1:23425-24882 -            486 779909at2759         -            227   2.6e-16   55.9   0.1   5   5       2.4        26    0.3   0.0    81    96   466   481   452   485 0.73 -
WKLE02002224_1:6700-7704   -            335 779909at2759         -            227   3.3e-16   55.6   2.9   1   4    0.0068     0.074    8.6   0.1    61   108    45    92    33   109 0.77 -
WKLE02002224_1:6700-7704   -            335 779909at2759         -            227   3.3e-16   55.6   2.9   2   4    0.0018      0.02   10.5   0.3     3   103    65   171    65   185 0.76 -
WKLE02002224_1:6700-7704   -            335 779909at2759         -            227   3.3e-16   55.6   2.9   3   4   2.1e-09   2.3e-08   29.9   0.4     4    98   150   253   148   259 0.80 -
WKLE02002224_1:6700-7704   -            335 779909at2759         -            227   3.3e-16   55.6   2.9   4   4   0.00032    0.0034   13.0   0.0    45    92   287   335   271   335 0.89 -
WKLE02000365_1:2314-3168   -            285 779909at2759         -            227   4.4e-16   55.1   9.5   1   6   0.00038    0.0041   12.7   0.1    60   108     2    50     1    56 0.81 -
WKLE02000365_1:2314-3168   -            285 779909at2759         -            227   4.4e-16   55.1   9.5   2   6    0.0046     0.049    9.2   0.1    56    99    39    81    36   103 0.68 -
WKLE02000365_1:2314-3168   -            285 779909at2759         -            227   4.4e-16   55.1   9.5   3   6   2.5e-08   2.7e-07   26.4   0.4     3    94   104   199   103   207 0.84 -
WKLE02000365_1:2314-3168   -            285 779909at2759         -            227   4.4e-16   55.1   9.5   4   6   2.9e-09   3.2e-08   29.4   0.2     3    95   145   242   143   248 0.83 -
WKLE02000365_1:2314-3168   -            285 779909at2759         -            227   4.4e-16   55.1   9.5   5   6    0.0097      0.11    8.1   0.0     3    44   228   271   226   273 0.80 -
WKLE02000365_1:2314-3168   -            285 779909at2759         -            227   4.4e-16   55.1   9.5   6   6       2.8        31    0.0   0.0     4    15   271   282   268   285 0.64 -
WKLE02003715_1:4321-5181   -            209 779909at2759         -            227   1.2e-15   53.8   2.6   1   4    0.0092       0.1    8.2   0.0    64    98    26    60    11    74 0.83 -
WKLE02003715_1:4321-5181   -            209 779909at2759         -            227   1.2e-15   53.8   2.6   2   4     0.014      0.15    7.6   0.0    60    96    64   101    58   113 0.78 -
WKLE02003715_1:4321-5181   -            209 779909at2759         -            227   1.2e-15   53.8   2.6   3   4   1.3e-05   0.00014   17.6   0.1   167   225    86   147    72   149 0.82 -
WKLE02003715_1:4321-5181   -            209 779909at2759         -            227   1.2e-15   53.8   2.6   4   4   1.4e-11   1.6e-10   37.0   0.2     5    94   114   208   112   209 0.87 -
WKLE02000159_1:21553-24879 -            938 779909at2759         -            227   5.1e-15   51.6   0.8   1   6      0.21       2.3    3.7   0.0    10    94    46   135    39   151 0.74 -
WKLE02000159_1:21553-24879 -            938 779909at2759         -            227   5.1e-15   51.6   0.8   2   6    0.0036     0.039    9.5   0.0    61    98   152   189   145   206 0.87 -
WKLE02000159_1:21553-24879 -            938 779909at2759         -            227   5.1e-15   51.6   0.8   3   6     0.058      0.63    5.6   0.0    59    97   426   464   417   474 0.76 -
WKLE02000159_1:21553-24879 -            938 779909at2759         -            227   5.1e-15   51.6   0.8   4   6     0.079      0.86    5.1   0.0    63   120   473   532   467   535 0.71 -
WKLE02000159_1:21553-24879 -            938 779909at2759         -            227   5.1e-15   51.6   0.8   5   6   8.1e-06   8.8e-05   18.2   0.0     4   127   491   634   488   642 0.68 -
WKLE02000159_1:21553-24879 -            938 779909at2759         -            227   5.1e-15   51.6   0.8   6   6      0.84       9.2    1.8   0.0    64    96   663   695   651   705 0.84 -
WKLE02000285_1:30848-31255 -            136 779909at2759         -            227   8.4e-15   51.0   5.6   1   2   6.5e-07   7.1e-06   21.7   0.2    47    97     6    55     3    65 0.89 -
WKLE02000285_1:30848-31255 -            136 779909at2759         -            227   8.4e-15   51.0   5.6   2   2   8.9e-12   9.7e-11   37.7   1.2     3    94    39   135    37   136 0.92 -
WKLE02005110_1:18-290      -             91 779909at2759         -            227   1.2e-14   50.4   0.1   1   2   7.6e-08   8.2e-07   24.8   0.0    60    99     2    41     1    45 0.91 -
WKLE02005110_1:18-290      -             91 779909at2759         -            227   1.2e-14   50.4   0.1   2   2     5e-08   5.4e-07   25.4   0.0    57    99    41    83    38    90 0.90 -
WKLE02000881_1:1586-2311   -            242 779909at2759         -            227   1.4e-14   50.2   1.3   1   3     0.041      0.45    6.0   0.0     4    23    19    38     1    53 0.69 -
WKLE02000881_1:1586-2311   -            242 779909at2759         -            227   1.4e-14   50.2   1.3   2   3   0.00011    0.0012   14.4   0.1     3    94    59   151    57   154 0.74 -
WKLE02000881_1:1586-2311   -            242 779909at2759         -            227   1.4e-14   50.2   1.3   3   3     4e-08   4.3e-07   25.7   0.2     4    97   139   238   136   242 0.83 -
WKLE02000178_1:15804-16421 -            206 779909at2759         -            227   1.9e-14   49.8   0.1   1   3     0.018       0.2    7.2   0.0    57   104     8    54     1    60 0.75 -
WKLE02000178_1:15804-16421 -            206 779909at2759         -            227   1.9e-14   49.8   0.1   2   3     5e-08   5.4e-07   25.4   0.0     3    96    71   168    69   172 0.88 -
WKLE02000178_1:15804-16421 -            206 779909at2759         -            227   1.9e-14   49.8   0.1   3   3   1.8e-08   1.9e-07   26.9   0.1     4    93   113   206   110   206 0.89 -
WKLE02000786_1:23870-24469 -            200 779909at2759         -            227   2.4e-14   49.5   0.7   1   2     4e-08   4.3e-07   25.7   0.2     3    91     5   102     3   123 0.76 -
WKLE02000786_1:23870-24469 -            200 779909at2759         -            227   2.4e-14   49.5   0.7   2   2   2.2e-07   2.4e-06   23.3   0.1     3    91   105   200   103   200 0.74 -
WKLE02001794_1:13294-14271 -            326 779909at2759         -            227   7.3e-14   47.9   5.2   1   6    0.0068     0.074    8.6   0.0    59    98    42    81    29    92 0.71 -
WKLE02001794_1:13294-14271 -            326 779909at2759         -            227   7.3e-14   47.9   5.2   2   6     0.021      0.23    7.0   0.0     4    24    65    86    62   100 0.79 -
WKLE02001794_1:13294-14271 -            326 779909at2759         -            227   7.3e-14   47.9   5.2   3   6    0.0029     0.032    9.8   0.0    77   107   142   173   120   208 0.69 -
WKLE02001794_1:13294-14271 -            326 779909at2759         -            227   7.3e-14   47.9   5.2   4   6     8e-06   8.7e-05   18.2   0.1     3    97   146   244   144   247 0.83 -
WKLE02001794_1:13294-14271 -            326 779909at2759         -            227   7.3e-14   47.9   5.2   5   6   1.1e-06   1.2e-05   21.0   0.0     3    96   187   285   185   290 0.86 -
WKLE02001794_1:13294-14271 -            326 779909at2759         -            227   7.3e-14   47.9   5.2   6   6   1.8e-06     2e-05   20.3   0.1     3    94   228   324   226   326 0.82 -
WKLE02003029_1:23318-24331 -            307 779909at2759         -            227     1e-13   47.4   0.9   1   3    0.0025     0.027   10.0   0.1    54    98    49    93    22   111 0.67 -
WKLE02003029_1:23318-24331 -            307 779909at2759         -            227     1e-13   47.4   0.9   2   3    0.0098      0.11    8.1   0.0    47   101   125   180   117   198 0.79 -
WKLE02003029_1:23318-24331 -            307 779909at2759         -            227     1e-13   47.4   0.9   3   3   2.6e-08   2.8e-07   26.3   0.1     6    94   209   304   202   306 0.87 -
WKLE02000285_1:30374-31177 -            268 779909at2759         -            227   2.2e-13   46.3  10.1   1   5         9        98   -1.6   0.0   209   224     2    17     1    18 0.89 -
WKLE02000285_1:30374-31177 -            268 779909at2759         -            227   2.2e-13   46.3  10.1   2   5     0.011      0.12    7.9   0.0     3    28    39    65    37    81 0.74 -
WKLE02000285_1:30374-31177 -            268 779909at2759         -            227   2.2e-13   46.3  10.1   3   5     0.019      0.21    7.2   0.0     3    24    80   101    78   115 0.82 -
WKLE02000285_1:30374-31177 -            268 779909at2759         -            227   2.2e-13   46.3  10.1   4   5   1.4e-06   1.6e-05   20.6   0.6    47    97   164   213   137   228 0.84 -
WKLE02000285_1:30374-31177 -            268 779909at2759         -            227   2.2e-13   46.3  10.1   5   5   0.00021    0.0023   13.5   0.2     3    30   238   265   236   268 0.89 -
WKLE02000689_1:35914-37092 -            393 779909at2759         -            227   3.2e-13   45.8   0.3   1   3       0.1       1.1    4.7   0.0    48   108   106   171    94   174 0.74 -
WKLE02000689_1:35914-37092 -            393 779909at2759         -            227   3.2e-13   45.8   0.3   2   3   7.5e-06   8.2e-05   18.3   0.0    49    98   194   243   190   272 0.89 -
WKLE02000689_1:35914-37092 -            393 779909at2759         -            227   3.2e-13   45.8   0.3   3   3   1.7e-05   0.00019   17.1   0.0     6    95   289   385   283   389 0.83 -
WKLE02000668_1:44393-45346 -            318 779909at2759         -            227   3.2e-13   45.8   0.2   1   3     0.084      0.91    5.0   0.1     9    97    38   135    31   137 0.63 -
WKLE02000668_1:44393-45346 -            318 779909at2759         -            227   3.2e-13   45.8   0.2   2   3     1e-06   1.1e-05   21.1   0.1    10    99    86   180    77   195 0.76 -
WKLE02000668_1:44393-45346 -            318 779909at2759         -            227   3.2e-13   45.8   0.2   3   3   2.8e-06     3e-05   19.7   0.0     6    96   213   310   206   316 0.78 -
WKLE02005065_1:1037-3094   -            686 779909at2759         -            227   1.1e-12   44.0   0.8   1   6      0.12       1.3    4.5   0.0    51    95    57   101    40   106 0.85 -
WKLE02005065_1:1037-3094   -            686 779909at2759         -            227   1.1e-12   44.0   0.8   2   6      0.13       1.4    4.4   0.0    64    97   215   249   207   264 0.85 -
WKLE02005065_1:1037-3094   -            686 779909at2759         -            227   1.1e-12   44.0   0.8   3   6     0.003     0.033    9.8   0.1    46   103   241   298   240   315 0.86 -
WKLE02005065_1:1037-3094   -            686 779909at2759         -            227   1.1e-12   44.0   0.8   4   6       3.3        36   -0.2   0.0    64    97   368   401   357   421 0.78 -
WKLE02005065_1:1037-3094   -            686 779909at2759         -            227   1.1e-12   44.0   0.8   5   6     0.098       1.1    4.8   0.0    24    96   468   545   439   553 0.64 -
WKLE02005065_1:1037-3094   -            686 779909at2759         -            227   1.1e-12   44.0   0.8   6   6   9.2e-05     0.001   14.7   0.0    32    96   565   636   550   682 0.82 -
WKLE02001696_1:13361-14329 -            323 779909at2759         -            227   3.5e-12   42.4   0.0   1   4   4.9e-07   5.3e-06   22.2   0.0    45    99     7    63     2    75 0.83 -
WKLE02001696_1:13361-14329 -            323 779909at2759         -            227   3.5e-12   42.4   0.0   2   4       2.4        26    0.3   0.0    77    97    95   115    91   117 0.85 -
WKLE02001696_1:13361-14329 -            323 779909at2759         -            227   3.5e-12   42.4   0.0   3   4    0.0002    0.0022   13.6   0.0    44   108   165   229   151   237 0.77 -
WKLE02001696_1:13361-14329 -            323 779909at2759         -            227   3.5e-12   42.4   0.0   4   4       1.1        12    1.3   0.0    64    94   229   259   224   273 0.68 -
WKLE02003715_1:4858-5175   -            106 779909at2759         -            227   5.1e-12   41.8   0.2   1   1   8.6e-13   9.3e-12   41.0   0.2     3    93    11   106     9   106 0.87 -
WKLE02000433_1:47730-48284 -            185 779909at2759         -            227   6.5e-12   41.5   0.0   1   3   0.00012    0.0013   14.4   0.0    61    96     5    40     1    48 0.91 -
WKLE02000433_1:47730-48284 -            185 779909at2759         -            227   6.5e-12   41.5   0.0   2   3   0.00025    0.0027   13.3   0.0    62   105    48    94    40    98 0.78 -
WKLE02000433_1:47730-48284 -            185 779909at2759         -            227   6.5e-12   41.5   0.0   3   3   0.00056    0.0061   12.1   0.0    61    96    92   127    87   134 0.89 -
WKLE02001821_1:19092-21888 -            874 779909at2759         -            227   1.6e-11   40.2  11.3   1   7      0.12       1.3    4.6   0.0    67    97     9    41     2    46 0.80 -
WKLE02001821_1:19092-21888 -            874 779909at2759         -            227   1.6e-11   40.2  11.3   2   7      0.25       2.7    3.5   0.0    81   103    74    96    50   105 0.81 -
WKLE02001821_1:19092-21888 -            874 779909at2759         -            227   1.6e-11   40.2  11.3   3   7      0.11       1.2    4.7   0.0    78    97   133   153   128   168 0.82 -
WKLE02001821_1:19092-21888 -            874 779909at2759         -            227   1.6e-11   40.2  11.3   4   7         6        65   -1.0   0.0    97   131   219   255   212   275 0.58 -
WKLE02001821_1:19092-21888 -            874 779909at2759         -            227   1.6e-11   40.2  11.3   5   7         5        54   -0.8   0.1    46    96   359   408   355   422 0.61 -
WKLE02001821_1:19092-21888 -            874 779909at2759         -            227   1.6e-11   40.2  11.3   6   7       0.1       1.1    4.8   0.0    76    97   488   509   456   513 0.80 -
WKLE02001821_1:19092-21888 -            874 779909at2759         -            227   1.6e-11   40.2  11.3   7   7   2.4e-06   2.6e-05   19.9   0.2     2    96   596   696   595   703 0.80 -
WKLE02005232_1:16217-17014 -            266 779909at2759         -            227   1.6e-11   40.2  10.1   1   5     0.012      0.13    7.8   0.1    59    97     7    44     2    58 0.71 -
WKLE02005232_1:16217-17014 -            266 779909at2759         -            227   1.6e-11   40.2  10.1   2   5   9.4e-07     1e-05   21.2   1.3     3    97    77   175    75   181 0.77 -
WKLE02005232_1:16217-17014 -            266 779909at2759         -            227   1.6e-11   40.2  10.1   3   5    0.0095       0.1    8.1   0.0     4    29   160   186   157   196 0.78 -
WKLE02005232_1:16217-17014 -            266 779909at2759         -            227   1.6e-11   40.2  10.1   4   5    0.0081     0.088    8.3   0.0     3    24   211   232   209   251 0.78 -
WKLE02005232_1:16217-17014 -            266 779909at2759         -            227   1.6e-11   40.2  10.1   5   5       1.2        13    1.3   0.1     3    16   252   265   250   266 0.79 -
WKLE02002107_1:15542-16183 -            214 779909at2759         -            227   2.4e-11   39.7   2.9   1   3   1.1e-05   0.00011   17.8   0.2     5    93     2    95     1    95 0.83 -
WKLE02002107_1:15542-16183 -            214 779909at2759         -            227   2.4e-11   39.7   2.9   2   3   1.1e-08   1.2e-07   27.6   0.5     3    98    42   141    40   152 0.85 -
WKLE02002107_1:15542-16183 -            214 779909at2759         -            227   2.4e-11   39.7   2.9   3   3     0.032      0.34    6.4   0.0     7    23   173   189   170   204 0.84 -
WKLE02001451_1:24880-25863 -            328 779909at2759         -            227   3.6e-11   39.1   0.1   1   4      0.71       7.7    2.0   0.0     2    17    29    44    12    48 0.76 -
WKLE02001451_1:24880-25863 -            328 779909at2759         -            227   3.6e-11   39.1   0.1   2   4   0.00015    0.0016   14.0   0.1    59    95    60    96    50   101 0.91 -
WKLE02001451_1:24880-25863 -            328 779909at2759         -            227   3.6e-11   39.1   0.1   3   4    0.0038     0.041    9.4   0.0     2    40   149   190   148   209 0.82 -
WKLE02001451_1:24880-25863 -            328 779909at2759         -            227   3.6e-11   39.1   0.1   4   4     0.012      0.13    7.8   0.0    67    96   297   327   285   328 0.80 -
WKLE02005091_1:3675-4088   -            138 779909at2759         -            227     7e-11   38.1   0.0   1   1     1e-09   1.1e-08   30.9   0.0     2   105    16   128    15   134 0.82 -
WKLE02006130_1:5847-6665   -            273 779909at2759         -            227   8.8e-11   37.8   0.1   1   4    0.0075     0.082    8.5   0.0    71    95     2    26     1    32 0.86 -
WKLE02006130_1:5847-6665   -            273 779909at2759         -            227   8.8e-11   37.8   0.1   2   4      0.32       3.5    3.1   0.0    60    99    63   101    52   106 0.80 -
WKLE02006130_1:5847-6665   -            273 779909at2759         -            227   8.8e-11   37.8   0.1   3   4   0.00011    0.0012   14.4   0.0    57   106   101   150    92   163 0.82 -
WKLE02006130_1:5847-6665   -            273 779909at2759         -            227   8.8e-11   37.8   0.1   4   4      0.02      0.22    7.1   0.0    37    95   175   230   143   245 0.70 -
WKLE02000541_1:28578-29378 -            267 779909at2759         -            227   1.1e-10   37.5   8.6   1   4    0.0022     0.024   10.2   0.1     4    35     1    34     1    40 0.71 -
WKLE02000541_1:28578-29378 -            267 779909at2759         -            227   1.1e-10   37.5   8.6   2   4    0.0034     0.037    9.6   0.1    62    97    23    57    20    74 0.66 -
WKLE02000541_1:28578-29378 -            267 779909at2759         -            227   1.1e-10   37.5   8.6   3   4      0.48       5.2    2.6   0.0   206   225   122   145   107   147 0.73 -
WKLE02000541_1:28578-29378 -            267 779909at2759         -            227   1.1e-10   37.5   8.6   4   4     0.002     0.022   10.4   3.6     3    94   168   266   166   267 0.71 -
WKLE02001580_1:18625-19614 -            330 779909at2759         -            227   4.4e-10   35.5   0.1   1   3    0.0014     0.015   10.9   0.0    62    94     5    37     2    42 0.91 -
WKLE02001580_1:18625-19614 -            330 779909at2759         -            227   4.4e-10   35.5   0.1   2   3     0.003     0.033    9.8   0.0   163   182    62    81    49   111 0.73 -
WKLE02001580_1:18625-19614 -            330 779909at2759         -            227   4.4e-10   35.5   0.1   3   3    0.0022     0.024   10.2   0.0    46    95   177   225   152   255 0.82 -
WKLE02005497_1:7471-8391   -            307 779909at2759         -            227   6.1e-10   35.1   2.9   1   4    0.0091     0.099    8.2   0.0    57   102     7    53     3    56 0.86 -
WKLE02005497_1:7471-8391   -            307 779909at2759         -            227   6.1e-10   35.1   2.9   2   4   0.00011    0.0012   14.5   0.1    55   100    50    95    47   105 0.90 -
WKLE02005497_1:7471-8391   -            307 779909at2759         -            227   6.1e-10   35.1   2.9   3   4    0.0091     0.099    8.2   0.1    59    96   138   176   125   192 0.79 -
WKLE02005497_1:7471-8391   -            307 779909at2759         -            227   6.1e-10   35.1   2.9   4   4      0.46         5    2.6   0.1    24    93   227   307   203   307 0.44 -
WKLE02004784_1:20896-21699 -            268 779909at2759         -            227   2.7e-09   32.9   0.0   1   3      0.12       1.3    4.5   0.0    60    99    32    71     7    75 0.86 -
WKLE02004784_1:20896-21699 -            268 779909at2759         -            227   2.7e-09   32.9   0.0   2   3   0.00039    0.0042   12.7   0.0    54    97    80   123    74   167 0.72 -
WKLE02004784_1:20896-21699 -            268 779909at2759         -            227   2.7e-09   32.9   0.0   3   3   0.00079    0.0086   11.7   0.0    54    97   218   262   212   267 0.86 -
WKLE02003353_1:2162-2662   -            167 779909at2759         -            227   4.5e-09   32.2   0.3   1   3     0.027      0.29    6.7   0.0    61    99    26    65    18    75 0.72 -
WKLE02003353_1:2162-2662   -            167 779909at2759         -            227   4.5e-09   32.2   0.3   2   3    0.0011     0.012   11.2   0.1    55   104    74   124    70   129 0.80 -
WKLE02003353_1:2162-2662   -            167 779909at2759         -            227   4.5e-09   32.2   0.3   3   3   0.00045    0.0049   12.5   0.0    61    97   127   164   118   166 0.81 -
WKLE02000462_1:33424-35796 -            791 779909at2759         -            227   8.6e-09   31.3   0.0   1   4     0.041      0.44    6.1   0.0    71    97   417   443   406   451 0.86 -
WKLE02000462_1:33424-35796 -            791 779909at2759         -            227   8.6e-09   31.3   0.0   2   4      0.28       3.1    3.3   0.0    99   129   624   654   570   672 0.77 -
WKLE02000462_1:33424-35796 -            791 779909at2759         -            227   8.6e-09   31.3   0.0   3   4    0.0013     0.014   11.0   0.0    49    94   689   734   671   742 0.92 -
WKLE02000462_1:33424-35796 -            791 779909at2759         -            227   8.6e-09   31.3   0.0   4   4      0.11       1.2    4.6   0.0    68    91   763   786   749   790 0.85 -
WKLE02002654_1:20253-20828 -            192 779909at2759         -            227   9.6e-09   31.1   0.1   1   3    0.0001    0.0011   14.6   0.0    66    96     2    32     1    36 0.90 -
WKLE02002654_1:20253-20828 -            192 779909at2759         -            227   9.6e-09   31.1   0.1   2   3    0.0095       0.1    8.1   0.0   159   181    56    78    46    82 0.80 -
WKLE02002654_1:20253-20828 -            192 779909at2759         -            227   9.6e-09   31.1   0.1   3   3      0.11       1.2    4.6   0.0    66    95   137   168   118   187 0.69 -
WKLE02001724_1:16868-22693 -           1420 779909at2759         -            227   1.3e-08   30.7   0.5   1   4   0.00033    0.0035   12.9   0.0    61    99   984  1022   978  1034 0.87 -
WKLE02001724_1:16868-22693 -           1420 779909at2759         -            227   1.3e-08   30.7   0.5   2   4       2.3        25    0.3   0.1    69    95  1048  1074  1033  1081 0.71 -
WKLE02001724_1:16868-22693 -           1420 779909at2759         -            227   1.3e-08   30.7   0.5   3   4    0.0026     0.028   10.0   0.0    46   104  1125  1184  1089  1192 0.78 -
WKLE02001724_1:16868-22693 -           1420 779909at2759         -            227   1.3e-08   30.7   0.5   4   4         3        33   -0.1   0.0    79    97  1311  1329  1296  1342 0.76 -
WKLE02005533_1:3513-4265   -            251 779909at2759         -            227   1.9e-08   30.2   6.1   1   5      0.32       3.5    3.1   0.0    80    95    30    45     6    50 0.61 -
WKLE02005533_1:3513-4265   -            251 779909at2759         -            227   1.9e-08   30.2   6.1   2   5   0.00016    0.0018   13.9   0.2     3    95    31   122    29   126 0.82 -
WKLE02005533_1:3513-4265   -            251 779909at2759         -            227   1.9e-08   30.2   6.1   3   5   0.00028    0.0031   13.1   0.0    54    97   123   165   121   181 0.79 -
WKLE02005533_1:3513-4265   -            251 779909at2759         -            227   1.9e-08   30.2   6.1   4   5      0.25       2.7    3.5   0.1    69   108   187   226   169   237 0.71 -
WKLE02005533_1:3513-4265   -            251 779909at2759         -            227   1.9e-08   30.2   6.1   5   5       3.7        40   -0.3   0.0     3    15   239   251   237   251 0.85 -
WKLE02001320_1:4243-4776   -            178 779909at2759         -            227   2.1e-08   30.0   1.7   1   2   1.7e-06   1.8e-05   20.4   1.1     3   108    26   153    24   168 0.67 -
WKLE02001320_1:4243-4776   -            178 779909at2759         -            227   2.1e-08   30.0   1.7   2   2         2        22    0.5   0.0    76    91   163   178   157   178 0.87 -
WKLE02001199_1:31575-32369 -            265 779909at2759         -            227   1.8e-07   26.9   0.0   1   3   1.2e-05   0.00013   17.6   0.0    46    97    21    72    17    79 0.94 -
WKLE02001199_1:31575-32369 -            265 779909at2759         -            227   1.8e-07   26.9   0.0   2   3    0.0099      0.11    8.1   0.0     2    58    55   115    54   121 0.74 -
WKLE02001199_1:31575-32369 -            265 779909at2759         -            227   1.8e-07   26.9   0.0   3   3     0.073      0.79    5.2   0.0    96   128   172   205   148   237 0.71 -
WKLE02001923_1:4154-4945   -            264 779909at2759         -            227     2e-07   26.8   0.5   1   3      0.13       1.4    4.4   0.0    73    99     9    36     2    45 0.66 -
WKLE02001923_1:4154-4945   -            264 779909at2759         -            227     2e-07   26.8   0.5   2   3   0.00018    0.0019   13.8   0.0    47    97    27    79    20    95 0.84 -
WKLE02001923_1:4154-4945   -            264 779909at2759         -            227     2e-07   26.8   0.5   3   3    0.0044     0.048    9.2   0.1    46    94   212   264   180   264 0.76 -
WKLE02003194_1:46996-48007 -            280 779909at2759         -            227   3.5e-07   26.0   0.0   1   2   7.9e-06   8.6e-05   18.2   0.0     4    95    73   173    70   177 0.78 -
WKLE02003194_1:46996-48007 -            280 779909at2759         -            227   3.5e-07   26.0   0.0   2   2     0.063      0.68    5.4   0.0    29    96   196   266   187   272 0.75 -
WKLE02000025_1:19866-20651 -            262 779909at2759         -            227   3.6e-07   26.0   0.0   1   3      0.03      0.33    6.5   0.0    62    97    93   129    85   140 0.82 -
WKLE02000025_1:19866-20651 -            262 779909at2759         -            227   3.6e-07   26.0   0.0   2   3      0.02      0.22    7.1   0.0    97   133   151   188   137   195 0.71 -
WKLE02000025_1:19866-20651 -            262 779909at2759         -            227   3.6e-07   26.0   0.0   3   3    0.0033     0.036    9.6   0.0    57    99   189   232   185   248 0.84 -
WKLE02000779_1:8153-8911   -            253 779909at2759         -            227   4.7e-07   25.6   0.3   1   4         7        76   -1.2   0.0   148   155    25    32    16    39 0.79 -
WKLE02000779_1:8153-8911   -            253 779909at2759         -            227   4.7e-07   25.6   0.3   2   4    0.0041     0.044    9.3   0.0    59    94    39    74    33    79 0.89 -
WKLE02000779_1:8153-8911   -            253 779909at2759         -            227   4.7e-07   25.6   0.3   3   4       1.4        15    1.0   0.0    81   104   113   136    88   182 0.59 -
WKLE02000779_1:8153-8911   -            253 779909at2759         -            227   4.7e-07   25.6   0.3   4   4    0.0017     0.019   10.5   0.0    60    98   206   246   194   252 0.77 -
WKLE02002248_1:33364-34041 -            226 779909at2759         -            227   6.1e-07   25.2   0.0   1   2   1.6e-06   1.7e-05   20.5   0.0    50    99    93   142    90   162 0.80 -
WKLE02002248_1:33364-34041 -            226 779909at2759         -            227   6.1e-07   25.2   0.0   2   2      0.57       6.2    2.3   0.0     4    18   170   184   167   198 0.59 -
WKLE02004164_1:11216-11896 -            227 779909at2759         -            227   6.1e-07   25.2   0.0   1   2   7.3e-06   7.9e-05   18.3   0.0    45    97    19    71     7   104 0.89 -
WKLE02004164_1:11216-11896 -            227 779909at2759         -            227   6.1e-07   25.2   0.0   2   2     0.078      0.85    5.1   0.0    77    95   109   127    77   144 0.64 -
WKLE02000459_1:47296-47961 -            222 779909at2759         -            227   9.7e-07   24.6   0.3   1   3    0.0034     0.037    9.6   0.0    66   103     8    45     2    59 0.79 -
WKLE02000459_1:47296-47961 -            222 779909at2759         -            227   9.7e-07   24.6   0.3   2   3    0.0024     0.026   10.1   0.0    46    99    74   128    63   145 0.68 -
WKLE02000459_1:47296-47961 -            222 779909at2759         -            227   9.7e-07   24.6   0.3   3   3       2.2        24    0.4   0.0     4    27   182   205   177   216 0.70 -
WKLE02004714_1:1421-2140   -            240 779909at2759         -            227   1.2e-06   24.3   0.0   1   2   4.4e-05   0.00048   15.8   0.0    46    97    86   140    50   145 0.76 -
WKLE02004714_1:1421-2140   -            240 779909at2759         -            227   1.2e-06   24.3   0.0   2   2     0.049      0.53    5.8   0.0    54    95   147   188   143   192 0.92 -
WKLE02003028_1:4769-5440   -            224 779909at2759         -            227   1.3e-06   24.2   0.0   1   3   0.00045    0.0049   12.5   0.0    60    96    30    67    20    75 0.69 -
WKLE02003028_1:4769-5440   -            224 779909at2759         -            227   1.3e-06   24.2   0.0   2   3      0.45       4.8    2.7   0.0    73   104    86   117    68   128 0.71 -
WKLE02003028_1:4769-5440   -            224 779909at2759         -            227   1.3e-06   24.2   0.0   3   3     0.018       0.2    7.2   0.0     3    97    94   203    92   208 0.52 -
WKLE02002948_1:10754-11374 -            207 779909at2759         -            227   1.3e-06   24.1   0.2   1   4      0.18       1.9    4.0   0.0    69    97     7    35     2    51 0.80 -
WKLE02002948_1:10754-11374 -            207 779909at2759         -            227   1.3e-06   24.1   0.2   2   4       1.2        13    1.3   0.0    67    95    53    81    37    94 0.77 -
WKLE02002948_1:10754-11374 -            207 779909at2759         -            227   1.3e-06   24.1   0.2   3   4     0.019      0.21    7.1   0.1    66   108    92   134    78   148 0.85 -
WKLE02002948_1:10754-11374 -            207 779909at2759         -            227   1.3e-06   24.1   0.2   4   4     0.012      0.13    7.8   0.0    57   100   153   196   144   204 0.83 -
WKLE02000787_1:87473-87868 -            132 779909at2759         -            227   1.7e-06   23.8   0.0   1   2   0.00021    0.0022   13.6   0.0    64    98     3    37     1    59 0.89 -
WKLE02000787_1:87473-87868 -            132 779909at2759         -            227   1.7e-06   23.8   0.0   2   2    0.0062     0.067    8.7   0.0    49    94    85   130    72   132 0.92 -
WKLE02000197_1:2261-2989   -            243 779909at2759         -            227   2.1e-06   23.5   0.4   1   5     0.076      0.83    5.2   0.0    81   108     4    32     1    38 0.72 -
WKLE02000197_1:2261-2989   -            243 779909at2759         -            227   2.1e-06   23.5   0.4   2   5    0.0022     0.024   10.2   0.0    49   110    15    76    13    99 0.74 -
WKLE02000197_1:2261-2989   -            243 779909at2759         -            227   2.1e-06   23.5   0.4   3   5      0.84       9.1    1.8   0.0     4    26   108   130   104   136 0.66 -
WKLE02000197_1:2261-2989   -            243 779909at2759         -            227   2.1e-06   23.5   0.4   4   5      0.68       7.4    2.1   0.0    81    97   156   172   142   184 0.68 -
WKLE02000197_1:2261-2989   -            243 779909at2759         -            227   2.1e-06   23.5   0.4   5   5         3        33   -0.1   0.0   167   180   222   235   209   239 0.53 -
WKLE02003276_1:625-771     -             49 779909at2759         -            227     6e-06   22.0   0.0   1   1   5.5e-07     6e-06   22.0   0.0    62   101     6    45     1    49 0.85 -
WKLE02005021_1:13493-15301 -            603 779909at2759         -            227   1.1e-05   21.1   0.0   1   3    0.0021     0.023   10.3   0.0    47   100   171   225   153   232 0.79 -
WKLE02005021_1:13493-15301 -            603 779909at2759         -            227   1.1e-05   21.1   0.0   2   3     0.054      0.59    5.7   0.0     4    17   266   279   263   284 0.86 -
WKLE02005021_1:13493-15301 -            603 779909at2759         -            227   1.1e-05   21.1   0.0   3   3       3.1        34   -0.1   0.0     9    23   325   339   319   359 0.72 -
WKLE02005184_1:17290-18618 -            443 779909at2759         -            227   1.3e-05   20.9   0.1   1   4       4.7        52   -0.7   0.0    64    98    71   105    52   114 0.80 -
WKLE02005184_1:17290-18618 -            443 779909at2759         -            227   1.3e-05   20.9   0.1   2   4     0.052      0.56    5.7   0.0    77    98   138   159    70   162 0.75 -
WKLE02005184_1:17290-18618 -            443 779909at2759         -            227   1.3e-05   20.9   0.1   3   4      0.11       1.2    4.7   0.0    59    98   176   215   171   224 0.91 -
WKLE02005184_1:17290-18618 -            443 779909at2759         -            227   1.3e-05   20.9   0.1   4   4      0.32       3.5    3.1   0.0    69    97   322   350   298   355 0.81 -
WKLE02000153_1:4346-4900   -            185 779909at2759         -            227   1.9e-05   20.4   0.1   1   3       1.1        12    1.3   0.0    78    95    52    70    25    77 0.71 -
WKLE02000153_1:4346-4900   -            185 779909at2759         -            227   1.9e-05   20.4   0.1   2   3   2.7e-05   0.00029   16.5   0.0    46   111    64   128    61   142 0.80 -
WKLE02000153_1:4346-4900   -            185 779909at2759         -            227   1.9e-05   20.4   0.1   3   3       1.9        21    0.6   0.0     9    21   156   168   148   179 0.68 -
WKLE02004164_1:10385-10939 -            185 779909at2759         -            227   1.9e-05   20.3   0.3   1   2    0.0011     0.012   11.2   0.1    61   129    52   122    40   127 0.79 -
WKLE02004164_1:10385-10939 -            185 779909at2759         -            227   1.9e-05   20.3   0.3   2   2    0.0095       0.1    8.1   0.0    69   101   121   153   110   158 0.87 -
WKLE02002361_1:18217-21816 -           1200 779909at2759         -            227   3.7e-05   19.4   0.0   1   2       2.2        24    0.4   0.0    69    96   314   348   274   355 0.68 -
WKLE02002361_1:18217-21816 -           1200 779909at2759         -            227   3.7e-05   19.4   0.0   2   2     5e-05   0.00055   15.6   0.0    65    98   765   798   745   816 0.90 -
WKLE02000520_1:12376-12648 -             91 779909at2759         -            227   4.4e-05   19.2   0.0   1   1     5e-06   5.4e-05   18.9   0.0    47    95    43    91    10    91 0.82 -
WKLE02000433_1:48409-48726 -            106 779909at2759         -            227   4.5e-05   19.1   0.0   1   1   4.4e-06   4.8e-05   19.0   0.0    59    97    31    69    11    97 0.89 -
WKLE02003211_1:16288-16782 -            165 779909at2759         -            227   6.2e-05   18.7   0.5   1   3   0.00026    0.0029   13.2   0.0    78   103     1    26     1    33 0.83 -
WKLE02003211_1:16288-16782 -            165 779909at2759         -            227   6.2e-05   18.7   0.5   2   3       0.1       1.1    4.8   0.0    56    97    23    65    20    75 0.80 -
WKLE02003211_1:16288-16782 -            165 779909at2759         -            227   6.2e-05   18.7   0.5   3   3       7.5        82   -1.4   0.0    14    39    93   118    79   127 0.73 -
WKLE02000208_1:1837-2643   -            269 779909at2759         -            227   0.00012   17.8   0.0   1   3       1.4        15    1.1   0.0     2    43    24    66    19    71 0.81 -
WKLE02000208_1:1837-2643   -            269 779909at2759         -            227   0.00012   17.8   0.0   2   3      0.27         3    3.4   0.0    83    98   152   167   127   172 0.85 -
WKLE02000208_1:1837-2643   -            269 779909at2759         -            227   0.00012   17.8   0.0   3   3    0.0053     0.057    9.0   0.0    66    99   200   233   187   269 0.67 -
WKLE02005942_1:1609-2187   -            193 779909at2759         -            227   0.00014   17.5   0.9   1   3       1.1        12    1.4   0.0     5    21    12    28     8    62 0.58 -
WKLE02005942_1:1609-2187   -            193 779909at2759         -            227   0.00014   17.5   0.9   2   3       7.4        80   -1.3   0.0    58    91    35    71    28    79 0.65 -
WKLE02005942_1:1609-2187   -            193 779909at2759         -            227   0.00014   17.5   0.9   3   3   0.00055     0.006   12.2   0.3    21    99    95   176    90   189 0.67 -
WKLE02002369_1:10146-11039 -            298 779909at2759         -            227   0.00016   17.3   4.2   1   5      0.04      0.43    6.1   0.0   165   183    18    36    11    48 0.75 -
WKLE02002369_1:10146-11039 -            298 779909at2759         -            227   0.00016   17.3   4.2   2   5      0.24       2.6    3.6   0.0     1    36    64    99    64   114 0.83 -
WKLE02002369_1:10146-11039 -            298 779909at2759         -            227   0.00016   17.3   4.2   3   5       6.9        76   -1.2   0.0   168   196   117   146    98   156 0.57 -
WKLE02002369_1:10146-11039 -            298 779909at2759         -            227   0.00016   17.3   4.2   4   5      0.16       1.8    4.1   0.0     3    20   183   200   181   230 0.84 -
WKLE02002369_1:10146-11039 -            298 779909at2759         -            227   0.00016   17.3   4.2   5   5       1.7        18    0.8   0.4   171   182   243   254   234   298 0.45 -
WKLE02001290_1:26220-26924 -            235 779909at2759         -            227   0.00018   17.1   0.0   1   4    0.0096       0.1    8.1   0.0    74    94    10    30     1    42 0.83 -
WKLE02001290_1:26220-26924 -            235 779909at2759         -            227   0.00018   17.1   0.0   2   4       1.3        15    1.1   0.0    64    96    69   101    52   112 0.67 -
WKLE02001290_1:26220-26924 -            235 779909at2759         -            227   0.00018   17.1   0.0   3   4         1        11    1.5   0.0    69   101   162   194   143   203 0.80 -
WKLE02001290_1:26220-26924 -            235 779909at2759         -            227   0.00018   17.1   0.0   4   4       1.7        18    0.8   0.0    79    94   220   235   215   235 0.90 -
WKLE02003353_1:6834-7388   -            185 779909at2759         -            227   0.00029   16.5   0.1   1   2      0.57       6.2    2.3   0.0    60   104     9    53     4    67 0.75 -
WKLE02003353_1:6834-7388   -            185 779909at2759         -            227   0.00029   16.5   0.1   2   2    0.0005    0.0054   12.3   0.1    47   122    85   161    69   177 0.71 -
WKLE02001033_1:8547-8906   -            120 779909at2759         -            227    0.0003   16.4   0.0   1   1     9e-05   0.00098   14.8   0.0    48   106    11    68     4    81 0.79 -
WKLE02001323_1:12789-13742 -            318 779909at2759         -            227   0.00034   16.2   1.9   1   2   0.00046     0.005   12.4   0.3    71   129    42   117    21   123 0.63 -
WKLE02001323_1:12789-13742 -            318 779909at2759         -            227   0.00034   16.2   1.9   2   2       8.3        90   -1.5   0.0    20    59   265   303   245   308 0.71 -
WKLE02000745_1:208-741     -            178 779909at2759         -            227   0.00046   15.8   0.9   1   2   0.00015    0.0016   14.0   0.0    30   105    52   130    45   151 0.70 -
WKLE02000745_1:208-741     -            178 779909at2759         -            227   0.00046   15.8   0.9   2   2       3.9        43   -0.4   0.0   168   181   163   176   146   178 0.59 -
WKLE02001645_1:1475-1708   -             78 779909at2759         -            227   0.00057   15.5   0.3   1   2   0.00067    0.0073   11.9   0.1    65    98     2    36     1    42 0.81 -
WKLE02001645_1:1475-1708   -             78 779909at2759         -            227   0.00057   15.5   0.3   2   2      0.59       6.4    2.3   0.0    60    87    48    76    39    78 0.59 -
WKLE02000368_1:25498-26541 -            348 779909at2759         -            227   0.00068   15.3   0.1   1   2       7.6        83   -1.4   0.0    73   126    30    55    10    72 0.58 -
WKLE02000368_1:25498-26541 -            348 779909at2759         -            227   0.00068   15.3   0.1   2   2   0.00037    0.0041   12.7   0.0    52    94    72   114    64   118 0.90 -
WKLE02000293_1:33991-34845 -            285 779909at2759         -            227    0.0015   14.2   0.1   1   1   0.00047    0.0051   12.4   0.0    65   102   190   227   141   269 0.76 -
WKLE02002210_1:13050-13694 -            215 779909at2759         -            227    0.0026   13.3   2.5   1   3    0.0069     0.075    8.6   0.0     4    36     6    39     3    49 0.78 -
WKLE02002210_1:13050-13694 -            215 779909at2759         -            227    0.0026   13.3   2.5   2   3      0.87       9.4    1.7   0.0     7    23   144   160   139   185 0.75 -
WKLE02002210_1:13050-13694 -            215 779909at2759         -            227    0.0026   13.3   2.5   3   3       1.3        14    1.1   0.1     3    15   203   215   201   215 0.90 -
WKLE02004637_1:10130-10855 -            242 779909at2759         -            227    0.0028   13.3   0.1   1   2    0.0067     0.073    8.6   0.0    61    98     3    41     1    69 0.84 -
WKLE02004637_1:10130-10855 -            242 779909at2759         -            227    0.0028   13.3   0.1   2   2       1.3        14    1.2   0.0     2    21   170   189   169   206 0.65 -
WKLE02000957_1:15174-15371 -             66 779909at2759         -            227    0.0034   13.0   0.0   1   1   0.00035    0.0038   12.8   0.0    79    99    14    34     8    48 0.84 -
#
# Program:         hmmsearch
# Version:         3.1b2 (February 2015)
# Pipeline mode:   SEARCH
# Query file:      /Users/aholzer/ownCloud/PhD/Publications/2021 Liavero-Pasquina et al./analysis/TPP_aptamer_search/busco_downloads/lineages/eukaryota_odb10/hmms/779909at2759.hmm
# Target file:     /Users/aholzer/ownCloud/PhD/Publications/2021 Liavero-Pasquina et al./analysis/TPP_aptamer_search/genomes/BUSCO_eukaryota_obd10/Asterionellopsis_glacialis_ASM1488511v2/run_eukaryota_odb10/metaeuk_output/initial_results/GCA_014885115.2_ASM1488511v2_genomic.fna.modified.fas
# Option settings: hmmsearch --domtblout /Users/aholzer/ownCloud/PhD/Publications/2021 Liavero-Pasquina et al./analysis/TPP_aptamer_search/genomes/BUSCO_eukaryota_obd10/Asterionellopsis_glacialis_ASM1488511v2/run_eukaryota_odb10/hmmer_output/initial_run_results/779909at2759.out --cpu 1 /Users/aholzer/ownCloud/PhD/Publications/2021 Liavero-Pasquina et al./analysis/TPP_aptamer_search/busco_downloads/lineages/eukaryota_odb10/hmms/779909at2759.hmm /Users/aholzer/ownCloud/PhD/Publications/2021 Liavero-Pasquina et al./analysis/TPP_aptamer_search/genomes/BUSCO_eukaryota_obd10/Asterionellopsis_glacialis_ASM1488511v2/run_eukaryota_odb10/metaeuk_output/initial_results/GCA_014885115.2_ASM1488511v2_genomic.fna.modified.fas 
# Current dir:     /Users/aholzer/ownCloud/PhD/Publications/2021 Liavero-Pasquina et al./analysis/TPP_aptamer_search
# Date:            Mon Apr 19 05:53:25 2021
# [ok]
