#                                                                                       --- full sequence --- -------------- this domain -------------   hmm coord   ali coord   env coord
# target name                   accession   tlen query name           accession   qlen   E-value  score  bias   #  of  c-Evalue  i-Evalue  score  bias  from    to  from    to  from    to  acc description of target
#           ------------------- ---------- ----- -------------------- ---------- ----- --------- ------ ----- --- --- --------- --------- ------ ----- ----- ----- ----- ----- ----- ----- ---- ---------------------
CAACVS010000531_1:279531-281093 -            521 302at33634           -           1354  2.4e-143  473.1  40.4   1   3   8.7e-28   1.2e-25   83.2   7.7   976  1066     1    90     1   136 0.75 -
CAACVS010000531_1:279531-281093 -            521 302at33634           -           1354  2.4e-143  473.1  40.4   2   3    0.0032      0.43    1.8   1.8  1046  1085   152   191   149   196 0.80 -
CAACVS010000531_1:279531-281093 -            521 302at33634           -           1354  2.4e-143  473.1  40.4   3   3  1.1e-123  1.5e-121  400.9  15.4  1050  1349   194   521   187   521 0.89 -
CAACVS010000471_1:19538-22645   -           1036 302at33634           -           1354      0.14    3.4  13.8   1   4      0.15        21   -3.8   0.3  1196  1226   463   493   421   504 0.65 -
CAACVS010000471_1:19538-22645   -           1036 302at33634           -           1354      0.14    3.4  13.8   2   4     0.029       3.9   -1.4   0.2  1132  1186   575   624   566   628 0.75 -
CAACVS010000471_1:19538-22645   -           1036 302at33634           -           1354      0.14    3.4  13.8   3   4   8.4e-06    0.0011   10.3   1.1  1137  1209   685   751   682   758 0.84 -
CAACVS010000471_1:19538-22645   -           1036 302at33634           -           1354      0.14    3.4  13.8   4   4     0.004      0.54    1.5   0.0  1320  1344   975   999   952  1005 0.73 -
#
# Program:         hmmsearch
# Version:         3.1b2 (February 2015)
# Pipeline mode:   SEARCH
# Query file:      /Users/aholzer/ownCloud/PhD/Publications/2021 Liavero-Pasquina et al./analysis/TPP_aptamer_search/busco_downloads/lineages/stramenopiles_odb10/hmms/302at33634.hmm
# Target file:     /Users/aholzer/ownCloud/PhD/Publications/2021 Liavero-Pasquina et al./analysis/TPP_aptamer_search/genomes/BUSCO/Pseudo-nitzschia_multistriata_ASM90066040v1/run_stramenopiles_odb10/metaeuk_output/initial_results/GCA_900660405.1_ASM90066040v1_genomic.fna.modified.fas
# Option settings: hmmsearch --domtblout /Users/aholzer/ownCloud/PhD/Publications/2021 Liavero-Pasquina et al./analysis/TPP_aptamer_search/genomes/BUSCO/Pseudo-nitzschia_multistriata_ASM90066040v1/run_stramenopiles_odb10/hmmer_output/initial_run_results/302at33634.out --cpu 1 /Users/aholzer/ownCloud/PhD/Publications/2021 Liavero-Pasquina et al./analysis/TPP_aptamer_search/busco_downloads/lineages/stramenopiles_odb10/hmms/302at33634.hmm /Users/aholzer/ownCloud/PhD/Publications/2021 Liavero-Pasquina et al./analysis/TPP_aptamer_search/genomes/BUSCO/Pseudo-nitzschia_multistriata_ASM90066040v1/run_stramenopiles_odb10/metaeuk_output/initial_results/GCA_900660405.1_ASM90066040v1_genomic.fna.modified.fas 
# Current dir:     /Users/aholzer/ownCloud/PhD/Publications/2021 Liavero-Pasquina et al./analysis/TPP_aptamer_search
# Date:            Thu Apr 15 15:02:56 2021
# [ok]
