#                                                                                       --- full sequence --- -------------- this domain -------------   hmm coord   ali coord   env coord
# target name                   accession   tlen query name           accession   qlen   E-value  score  bias   #  of  c-Evalue  i-Evalue  score  bias  from    to  from    to  from    to  acc description of target
#           ------------------- ---------- ----- -------------------- ---------- ----- --------- ------ ----- --- --- --------- --------- ------ ----- ----- ----- ----- ----- ----- ----- ---- ---------------------
CAACVS010000070_1:351050-353756 -            859 4148at33634          -            476  5.3e-210  692.1   6.3   1   1  1.5e-211  1.4e-209  690.7   6.3     1   476   273   859   273   859 0.88 -
CAACVS010000205_1:61912-63657   -            582 4148at33634          -            476   2.4e-22   73.3   8.4   1   3      0.37        34   -3.0   0.2     1    18    27    44    27    56 0.74 -
CAACVS010000205_1:61912-63657   -            582 4148at33634          -            476   2.4e-22   73.3   8.4   2   3   1.9e-22   1.7e-20   67.2   1.0    15   274    74   335    57   343 0.74 -
CAACVS010000205_1:61912-63657   -            582 4148at33634          -            476   2.4e-22   73.3   8.4   3   3   2.1e-05    0.0019   10.9   0.1   306   375   421   491   386   527 0.79 -
CAACVS010000138_1:85253-86236   -            328 4148at33634          -            476   2.4e-08   27.1   0.2   1   3   1.6e-09   1.4e-07   24.6   0.0     2   113    10   129     9   142 0.70 -
CAACVS010000138_1:85253-86236   -            328 4148at33634          -            476   2.4e-08   27.1   0.2   2   3     0.058       5.3   -0.4   0.0   233   272   211   249   204   272 0.65 -
CAACVS010000138_1:85253-86236   -            328 4148at33634          -            476   2.4e-08   27.1   0.2   3   3      0.14        12   -1.6   0.0     7    26   255   274   246   282 0.80 -
#
# Program:         hmmsearch
# Version:         3.1b2 (February 2015)
# Pipeline mode:   SEARCH
# Query file:      /Users/aholzer/ownCloud/PhD/Publications/2021 Liavero-Pasquina et al./analysis/TPP_aptamer_search/busco_downloads/lineages/stramenopiles_odb10/hmms/4148at33634.hmm
# Target file:     /Users/aholzer/ownCloud/PhD/Publications/2021 Liavero-Pasquina et al./analysis/TPP_aptamer_search/genomes/BUSCO/Pseudo-nitzschia_multistriata_ASM90066040v1/run_stramenopiles_odb10/metaeuk_output/initial_results/GCA_900660405.1_ASM90066040v1_genomic.fna.modified.fas
# Option settings: hmmsearch --domtblout /Users/aholzer/ownCloud/PhD/Publications/2021 Liavero-Pasquina et al./analysis/TPP_aptamer_search/genomes/BUSCO/Pseudo-nitzschia_multistriata_ASM90066040v1/run_stramenopiles_odb10/hmmer_output/initial_run_results/4148at33634.out --cpu 1 /Users/aholzer/ownCloud/PhD/Publications/2021 Liavero-Pasquina et al./analysis/TPP_aptamer_search/busco_downloads/lineages/stramenopiles_odb10/hmms/4148at33634.hmm /Users/aholzer/ownCloud/PhD/Publications/2021 Liavero-Pasquina et al./analysis/TPP_aptamer_search/genomes/BUSCO/Pseudo-nitzschia_multistriata_ASM90066040v1/run_stramenopiles_odb10/metaeuk_output/initial_results/GCA_900660405.1_ASM90066040v1_genomic.fna.modified.fas 
# Current dir:     /Users/aholzer/ownCloud/PhD/Publications/2021 Liavero-Pasquina et al./analysis/TPP_aptamer_search
# Date:            Thu Apr 15 15:02:58 2021
# [ok]
