#                                                                                   --- full sequence --- -------------- this domain -------------   hmm coord   ali coord   env coord
# target name               accession   tlen query name           accession   qlen   E-value  score  bias   #  of  c-Evalue  i-Evalue  score  bias  from    to  from    to  from    to  acc description of target
#       ------------------- ---------- ----- -------------------- ---------- ----- --------- ------ ----- --- --- --------- --------- ------ ----- ----- ----- ----- ----- ----- ----- ---- ---------------------
JAACPG010002328_1:1-1518    -            416 6436at33634          -            420  4.5e-208  683.9   0.2   1   1  9.2e-209  5.3e-208  683.7   0.2     8   371    23   416     6   416 0.93 -
JAACPG010002550_1:6643-8390 -            547 6436at33634          -            420  6.4e-108  354.0   0.0   1   1  1.5e-108  8.8e-108  353.5   0.0    10   404    60   493    54   509 0.89 -
JAACPG010001835_1:2954-4102 -            383 6436at33634          -            420   7.5e-62  202.2   0.0   1   1   3.7e-62   2.1e-61  200.7   0.0     8   322    18   383    11   383 0.80 -
JAACPG010002967_1:2811-4173 -            421 6436at33634          -            420   4.2e-61  199.8   0.1   1   1     1e-61   5.7e-61  199.3   0.1    12   316    24   363    15   380 0.84 -
JAACPG010002441_1:1402-2556 -            385 6436at33634          -            420   1.9e-59  194.3   0.4   1   2   1.4e-07     8e-07   20.9   0.0    11    52    12    54     5    76 0.78 -
JAACPG010002441_1:1402-2556 -            385 6436at33634          -            420   1.9e-59  194.3   0.4   2   2   1.4e-52   8.2e-52  169.2   0.1    40   311    76   383    55   385 0.80 -
JAACPG010001231_1:3082-4476 -            356 6436at33634          -            420   1.2e-56  185.1   0.1   1   1   2.5e-57   1.5e-56  184.8   0.1     6   313    14   352    10   356 0.82 -
JAACPG010002126_1:3272-5481 -            372 6436at33634          -            420   1.5e-56  184.8   0.0   1   1   3.5e-57     2e-56  184.4   0.0    12   317    23   346    13   351 0.86 -
JAACPG010001426_1:6135-7448 -            395 6436at33634          -            420   8.4e-55  179.0   0.3   1   1     2e-55   1.2e-54  178.5   0.3     8   322    20   369    13   382 0.77 -
JAACPG010000381_1:3340-5129 -            567 6436at33634          -            420   3.3e-53  173.8   1.1   1   2   1.4e-27   7.9e-27   86.9   1.5    10   176    76   282    68   325 0.71 -
JAACPG010000381_1:3340-5129 -            567 6436at33634          -            420   3.3e-53  173.8   1.1   2   2   2.4e-25   1.4e-24   79.5   0.0   210   404   347   560   341   566 0.78 -
JAACPG010002957_1:1703-2921 -            369 6436at33634          -            420   1.4e-50  165.1   0.8   1   1   3.1e-51   1.8e-50  164.8   0.8    13   318    31   351    25   360 0.87 -
JAACPG010003042_1:8042-9163 -            374 6436at33634          -            420   9.2e-48  155.8   5.4   1   3   4.1e-20   2.3e-19   62.2   0.2    12   123    17   138     8   161 0.78 -
JAACPG010003042_1:8042-9163 -            374 6436at33634          -            420   9.2e-48  155.8   5.4   2   3   4.5e-11   2.6e-10   32.4   0.1   120   172   163   215   151   219 0.93 -
JAACPG010003042_1:8042-9163 -            374 6436at33634          -            420   9.2e-48  155.8   5.4   3   3   2.8e-20   1.6e-19   62.8   0.1   204   302   274   374   234   374 0.78 -
JAACPG010001267_1:4586-5578 -            331 6436at33634          -            420   5.6e-46  149.9   0.0   1   2   8.3e-30   4.8e-29   94.2   0.0    63   207    15   179     2   186 0.74 -
JAACPG010001267_1:4586-5578 -            331 6436at33634          -            420   5.6e-46  149.9   0.0   2   2   1.5e-17   8.3e-17   53.8   0.0   209   313   206   314   191   322 0.87 -
JAACPG010002522_1:5029-6525 -            499 6436at33634          -            420   1.2e-45  148.9   0.0   1   2   3.4e-23     2e-22   72.4   0.0    12   172    22   203    15   206 0.78 -
JAACPG010002522_1:5029-6525 -            499 6436at33634          -            420   1.2e-45  148.9   0.0   2   2   9.4e-24   5.4e-23   74.2   0.0   207   320   342   456   324   463 0.92 -
JAACPG010000333_1:1189-2610 -            370 6436at33634          -            420   1.6e-44  145.2   0.0   1   2   3.7e-26   2.1e-25   82.1   0.0    11   151     5   164     2   185 0.80 -
JAACPG010000333_1:1189-2610 -            370 6436at33634          -            420   1.6e-44  145.2   0.0   2   2   7.4e-20   4.3e-19   61.4   0.0   148   316   186   369   170   370 0.79 -
JAACPG010003205_1:66-1304   -            413 6436at33634          -            420   1.8e-44  145.0   0.1   1   1   4.2e-45   2.4e-44  144.5   0.1    13   316    51   388    46   409 0.80 -
JAACPG010000898_1:265-1350  -            362 6436at33634          -            420   2.1e-43  141.4   0.6   1   1   5.4e-42   3.1e-41  134.3   0.6     8   272    29   362    22   362 0.72 -
JAACPG010001384_1:853-2070  -            368 6436at33634          -            420   3.7e-39  127.5   0.3   1   2   1.1e-18   6.6e-18   57.5   0.0    38   170     1   161     1   187 0.72 -
JAACPG010001384_1:853-2070  -            368 6436at33634          -            420   3.7e-39  127.5   0.3   2   2   6.6e-22   3.8e-21   68.1   0.1   237   314   278   356   272   364 0.92 -
JAACPG010002132_1:1743-3278 -            512 6436at33634          -            420   2.9e-33  108.1   0.2   1   4   3.5e-11     2e-10   32.8   0.0    22    98    16    95     3   104 0.78 -
JAACPG010002132_1:1743-3278 -            512 6436at33634          -            420   2.9e-33  108.1   0.2   2   4   1.7e-10   9.9e-10   30.5   0.0   105   148   160   211   156   217 0.88 -
JAACPG010002132_1:1743-3278 -            512 6436at33634          -            420   2.9e-33  108.1   0.2   3   4       1.9        11   -2.6   0.0   149   174   283   308   270   321 0.80 -
JAACPG010002132_1:1743-3278 -            512 6436at33634          -            420   2.9e-33  108.1   0.2   4   4   1.8e-13   1.1e-12   40.3   0.0   256   314   440   498   379   510 0.77 -
JAACPG010000127_1:4941-6113 -            391 6436at33634          -            420   6.5e-32  103.6   0.1   1   2   2.9e-21   1.7e-20   66.0   0.0    36   230     3   239     1   299 0.67 -
JAACPG010000127_1:4941-6113 -            391 6436at33634          -            420   6.5e-32  103.6   0.1   2   2   4.9e-12   2.8e-11   35.6   0.0   270   324   320   374   313   384 0.85 -
JAACPG010002211_1:3466-4518 -            351 6436at33634          -            420     3e-31  101.4   0.0   1   2   2.8e-15   1.6e-14   46.3   0.0    63   148    31   128    21   164 0.85 -
JAACPG010002211_1:3466-4518 -            351 6436at33634          -            420     3e-31  101.4   0.0   2   2   2.2e-17   1.3e-16   53.2   0.0   209   302   250   351   210   351 0.79 -
JAACPG010002884_1:1047-2309 -            421 6436at33634          -            420   4.4e-27   87.7   1.3   1   3   7.6e-14   4.4e-13   41.6   0.1    11   138     3   149     1   160 0.65 -
JAACPG010002884_1:1047-2309 -            421 6436at33634          -            420   4.4e-27   87.7   1.3   2   3      0.63       3.6   -1.0   0.0   133   173   246   290   238   292 0.72 -
JAACPG010002884_1:1047-2309 -            421 6436at33634          -            420   4.4e-27   87.7   1.3   3   3   1.5e-14   8.9e-14   43.9   0.0   260   313   352   407   324   415 0.80 -
JAACPG010000475_1:5184-6260 -            359 6436at33634          -            420   8.5e-22   70.3   0.1   1   2   1.3e-17   7.5e-17   54.0   0.0    15   170     2   183     1   195 0.75 -
JAACPG010000475_1:5184-6260 -            359 6436at33634          -            420   8.5e-22   70.3   0.1   2   2   1.2e-05   7.1e-05   14.5   0.0   237   287   299   353   214   358 0.82 -
JAACPG010002830_1:2052-3236 -            395 6436at33634          -            420   4.4e-18   58.1   0.1   1   2   2.2e-08   1.3e-07   23.6   0.0    47   172     3   155     2   170 0.70 -
JAACPG010002830_1:2052-3236 -            395 6436at33634          -            420   4.4e-18   58.1   0.1   2   2   4.6e-11   2.7e-10   32.4   0.0   265   310   346   391   305   395 0.85 -
#
# Program:         hmmsearch
# Version:         3.1b2 (February 2015)
# Pipeline mode:   SEARCH
# Query file:      /Users/aholzer/ownCloud/PhD/Publications/2021 Liavero-Pasquina et al./analysis/TPP_aptamer_search/busco_downloads/lineages/stramenopiles_odb10/hmms/6436at33634.hmm
# Target file:     /Users/aholzer/ownCloud/PhD/Publications/2021 Liavero-Pasquina et al./analysis/TPP_aptamer_search/genomes/BUSCO/Bacillariophyta_sp_ASM1036717v1/run_stramenopiles_odb10/metaeuk_output/initial_results/GCA_010367175.1_ASM1036717v1_genomic.fna.modified.fas
# Option settings: hmmsearch --domtblout /Users/aholzer/ownCloud/PhD/Publications/2021 Liavero-Pasquina et al./analysis/TPP_aptamer_search/genomes/BUSCO/Bacillariophyta_sp_ASM1036717v1/run_stramenopiles_odb10/hmmer_output/initial_run_results/6436at33634.out --cpu 1 /Users/aholzer/ownCloud/PhD/Publications/2021 Liavero-Pasquina et al./analysis/TPP_aptamer_search/busco_downloads/lineages/stramenopiles_odb10/hmms/6436at33634.hmm /Users/aholzer/ownCloud/PhD/Publications/2021 Liavero-Pasquina et al./analysis/TPP_aptamer_search/genomes/BUSCO/Bacillariophyta_sp_ASM1036717v1/run_stramenopiles_odb10/metaeuk_output/initial_results/GCA_010367175.1_ASM1036717v1_genomic.fna.modified.fas 
# Current dir:     /Users/aholzer/ownCloud/PhD/Publications/2021 Liavero-Pasquina et al./analysis/TPP_aptamer_search
# Date:            Fri Apr 16 17:21:57 2021
# [ok]
