#                                                                                   --- full sequence --- -------------- this domain -------------   hmm coord   ali coord   env coord
# target name               accession   tlen query name           accession   qlen   E-value  score  bias   #  of  c-Evalue  i-Evalue  score  bias  from    to  from    to  from    to  acc description of target
#       ------------------- ---------- ----- -------------------- ---------- ----- --------- ------ ----- --- --- --------- --------- ------ ----- ----- ----- ----- ----- ----- ----- ---- ---------------------
JAACPG010002328_1:1-1518    -            416 7485at33634          -            342   9.8e-89  290.6   0.4   1   1   4.4e-88   2.5e-87  286.0   0.4     1   300    24   374    24   415 0.84 -
JAACPG010002550_1:6643-8390 -            547 7485at33634          -            342     1e-74  244.5   1.3   1   1   5.8e-73   3.3e-72  236.3   1.3     3   300    61   415    59   471 0.82 -
JAACPG010002126_1:3272-5481 -            372 7485at33634          -            342   1.3e-61  201.4   0.0   1   1   6.6e-62   3.8e-61  199.9   0.0     1   285    20   343    20   359 0.82 -
JAACPG010002441_1:1402-2556 -            385 7485at33634          -            342     3e-57  187.1   3.0   1   3      0.35         2    0.2   0.0     2    32    11    46    10    61 0.74 -
JAACPG010002441_1:1402-2556 -            385 7485at33634          -            342     3e-57  187.1   3.0   2   3     1e-33   5.8e-33  107.2   0.3    27   165    75   229    56   234 0.84 -
JAACPG010002441_1:1402-2556 -            385 7485at33634          -            342     3e-57  187.1   3.0   3   3   5.2e-25     3e-24   78.6   0.1   175   279   269   379   234   385 0.76 -
JAACPG010002967_1:2811-4173 -            421 7485at33634          -            342   9.5e-55  178.9   0.2   1   1   1.3e-53   7.3e-53  172.7   0.2     2   291    22   367    21   374 0.77 -
JAACPG010003042_1:8042-9163 -            374 7485at33634          -            342   2.7e-54  177.4   6.5   1   3   2.7e-20   1.5e-19   63.1   0.2     1   106    14   138    14   145 0.79 -
JAACPG010003042_1:8042-9163 -            374 7485at33634          -            342   2.7e-54  177.4   6.5   2   3   4.1e-13   2.4e-12   39.4   0.1   110   159   165   218   154   222 0.87 -
JAACPG010003042_1:8042-9163 -            374 7485at33634          -            342   2.7e-54  177.4   6.5   3   3   1.2e-24   7.1e-24   77.3   0.3   165   274   253   374   241   374 0.82 -
JAACPG010001231_1:3082-4476 -            356 7485at33634          -            342   1.7e-52  171.4   0.0   1   1   5.6e-53   3.2e-52  170.5   0.0     3   283    22   351    20   355 0.79 -
JAACPG010000333_1:1189-2610 -            370 7485at33634          -            342   7.1e-51  166.1   0.3   1   2   3.6e-29   2.1e-28   92.2   0.1     1   144     3   169     3   188 0.80 -
JAACPG010000333_1:1189-2610 -            370 7485at33634          -            342   7.1e-51  166.1   0.3   2   2   4.1e-22   2.3e-21   69.1   0.0   141   277   195   358   179   369 0.68 -
JAACPG010001426_1:6135-7448 -            395 7485at33634          -            342   1.2e-50  165.4   0.3   1   1   5.2e-51     3e-50  164.1   0.3     2   289    22   363    21   380 0.75 -
JAACPG010001267_1:4586-5578 -            331 7485at33634          -            342   4.5e-50  163.5   0.0   1   2   2.3e-29   1.3e-28   92.9   0.0    46   166    15   146     7   162 0.88 -
JAACPG010001267_1:4586-5578 -            331 7485at33634          -            342   4.5e-50  163.5   0.0   2   2   5.2e-22     3e-21   68.7   0.0   187   291   207   321   197   331 0.81 -
JAACPG010001835_1:2954-4102 -            383 7485at33634          -            342   1.4e-49  161.9   0.1   1   2   8.5e-25   4.9e-24   77.9   0.0     3   155    21   209    19   223 0.73 -
JAACPG010001835_1:2954-4102 -            383 7485at33634          -            342   1.4e-49  161.9   0.1   2   2     4e-26   2.3e-25   82.3   0.0   188   292   270   382   236   383 0.85 -
JAACPG010002522_1:5029-6525 -            499 7485at33634          -            342     1e-47  155.7   0.3   1   3   4.8e-24   2.7e-23   75.4   0.0     1   154    19   201    19   206 0.79 -
JAACPG010002522_1:5029-6525 -            499 7485at33634          -            342     1e-47  155.7   0.3   2   3      0.77       4.4   -0.9   0.0   158   187   271   300   261   303 0.81 -
JAACPG010002522_1:5029-6525 -            499 7485at33634          -            342     1e-47  155.7   0.3   3   3   1.9e-24   1.1e-23   76.7   0.1   187   284   345   448   340   483 0.83 -
JAACPG010000381_1:3340-5129 -            567 7485at33634          -            342   4.2e-47  153.7   2.1   1   1   2.2e-42   1.3e-41  135.7   2.1     4   311    78   489    75   507 0.74 -
JAACPG010001384_1:853-2070  -            368 7485at33634          -            342   8.6e-47  152.7   0.1   1   2   4.4e-20   2.5e-19   62.4   0.0    33   155    25   162     1   174 0.79 -
JAACPG010001384_1:853-2070  -            368 7485at33634          -            342   8.6e-47  152.7   0.1   2   2   7.2e-28   4.1e-27   88.0   0.1   189   285   253   356   235   366 0.83 -
JAACPG010002957_1:1703-2921 -            369 7485at33634          -            342   7.8e-43  139.7   1.0   1   1   1.9e-43   1.1e-42  139.2   1.0     1   289    27   351    27   364 0.78 -
JAACPG010002132_1:1743-3278 -            512 7485at33634          -            342   2.5e-42  138.0   1.7   1   5   8.3e-11   4.8e-10   31.9   0.0    11    65    17    74    11    99 0.88 -
JAACPG010002132_1:1743-3278 -            512 7485at33634          -            342   2.5e-42  138.0   1.7   2   5   4.9e-14   2.8e-13   42.5   0.0    86   140   158   215   153   226 0.86 -
JAACPG010002132_1:1743-3278 -            512 7485at33634          -            342   2.5e-42  138.0   1.7   3   5     0.018       0.1    4.5   0.0   138   165   288   315   279   321 0.90 -
JAACPG010002132_1:1743-3278 -            512 7485at33634          -            342   2.5e-42  138.0   1.7   4   5      0.03      0.17    3.7   0.1   157   188   336   367   318   372 0.87 -
JAACPG010002132_1:1743-3278 -            512 7485at33634          -            342   2.5e-42  138.0   1.7   5   5   2.6e-16   1.5e-15   50.0   0.0   209   286   417   498   382   510 0.85 -
JAACPG010002211_1:3466-4518 -            351 7485at33634          -            342   2.1e-39  128.4   0.2   1   3   2.1e-20   1.2e-19   63.4   0.0    43   136    28   128     1   132 0.88 -
JAACPG010002211_1:3466-4518 -            351 7485at33634          -            342   2.1e-39  128.4   0.2   2   3       1.5       8.6   -1.8   0.0   140   155   150   165   144   174 0.85 -
JAACPG010002211_1:3466-4518 -            351 7485at33634          -            342   2.1e-39  128.4   0.2   3   3   5.8e-20   3.3e-19   62.0   0.0   188   274   252   351   249   351 0.82 -
JAACPG010003205_1:66-1304   -            413 7485at33634          -            342     6e-35  113.8   0.3   1   1   7.2e-35   4.1e-34  111.0   0.4     1   296    47   398    47   405 0.76 -
JAACPG010000898_1:265-1350  -            362 7485at33634          -            342   3.7e-34  111.2   0.1   1   2   3.1e-25   1.8e-24   79.3   0.1     4   153    33   225    30   234 0.71 -
JAACPG010000898_1:265-1350  -            362 7485at33634          -            342   3.7e-34  111.2   0.1   2   2   5.5e-10   3.2e-09   29.2   0.0   187   244   295   362   258   362 0.89 -
JAACPG010000127_1:4941-6113 -            391 7485at33634          -            342     3e-31  101.6   2.0   1   2   2.8e-21   1.6e-20   66.3   0.8    24   242     3   280     1   293 0.65 -
JAACPG010000127_1:4941-6113 -            391 7485at33634          -            342     3e-31  101.6   2.0   2   2   8.5e-11   4.9e-10   31.9   0.0   242   295   320   374   313   384 0.79 -
JAACPG010000475_1:5184-6260 -            359 7485at33634          -            342   1.4e-30   99.4   0.3   1   2   1.3e-19   7.2e-19   60.9   0.0    15   158    14   187     1   198 0.75 -
JAACPG010000475_1:5184-6260 -            359 7485at33634          -            342   1.4e-30   99.4   0.3   2   2   5.3e-12     3e-11   35.8   0.1   152   260   232   354   214   358 0.73 -
JAACPG010002884_1:1047-2309 -            421 7485at33634          -            342   3.3e-26   85.0   8.9   1   4   9.9e-11   5.7e-10   31.6   0.2     3   123     3   157     1   165 0.64 -
JAACPG010002884_1:1047-2309 -            421 7485at33634          -            342   3.3e-26   85.0   8.9   2   4       5.2        30   -3.6   0.1   134   151   188   205   181   211 0.74 -
JAACPG010002884_1:1047-2309 -            421 7485at33634          -            342   3.3e-26   85.0   8.9   3   4   0.00013   0.00072   11.6   0.2   167   233   249   323   230   326 0.79 -
JAACPG010002884_1:1047-2309 -            421 7485at33634          -            342   3.3e-26   85.0   8.9   4   4     8e-15   4.6e-14   45.1   0.0   232   284   352   407   333   413 0.88 -
JAACPG010002830_1:2052-3236 -            395 7485at33634          -            342   3.3e-16   52.1   0.1   1   2   2.4e-07   1.4e-06   20.5   0.0    39   162    12   161     2   166 0.65 -
JAACPG010002830_1:2052-3236 -            395 7485at33634          -            342   3.3e-16   52.1   0.1   2   2   1.1e-09     6e-09   28.3   0.0   231   277   340   386   326   394 0.83 -
#
# Program:         hmmsearch
# Version:         3.1b2 (February 2015)
# Pipeline mode:   SEARCH
# Query file:      /Users/aholzer/ownCloud/PhD/Publications/2021 Liavero-Pasquina et al./analysis/TPP_aptamer_search/busco_downloads/lineages/stramenopiles_odb10/hmms/7485at33634.hmm
# Target file:     /Users/aholzer/ownCloud/PhD/Publications/2021 Liavero-Pasquina et al./analysis/TPP_aptamer_search/genomes/BUSCO/Bacillariophyta_sp_ASM1036717v1/run_stramenopiles_odb10/metaeuk_output/initial_results/GCA_010367175.1_ASM1036717v1_genomic.fna.modified.fas
# Option settings: hmmsearch --domtblout /Users/aholzer/ownCloud/PhD/Publications/2021 Liavero-Pasquina et al./analysis/TPP_aptamer_search/genomes/BUSCO/Bacillariophyta_sp_ASM1036717v1/run_stramenopiles_odb10/hmmer_output/initial_run_results/7485at33634.out --cpu 1 /Users/aholzer/ownCloud/PhD/Publications/2021 Liavero-Pasquina et al./analysis/TPP_aptamer_search/busco_downloads/lineages/stramenopiles_odb10/hmms/7485at33634.hmm /Users/aholzer/ownCloud/PhD/Publications/2021 Liavero-Pasquina et al./analysis/TPP_aptamer_search/genomes/BUSCO/Bacillariophyta_sp_ASM1036717v1/run_stramenopiles_odb10/metaeuk_output/initial_results/GCA_010367175.1_ASM1036717v1_genomic.fna.modified.fas 
# Current dir:     /Users/aholzer/ownCloud/PhD/Publications/2021 Liavero-Pasquina et al./analysis/TPP_aptamer_search
# Date:            Fri Apr 16 17:21:59 2021
# [ok]
