#                                                                                  --- full sequence --- -------------- this domain -------------   hmm coord   ali coord   env coord
# target name              accession   tlen query name           accession   qlen   E-value  score  bias   #  of  c-Evalue  i-Evalue  score  bias  from    to  from    to  from    to  acc description of target
#      ------------------- ---------- ----- -------------------- ---------- ----- --------- ------ ----- --- --- --------- --------- ------ ----- ----- ----- ----- ----- ----- ----- ---- ---------------------
KV784353_1:3194273-3195743 -            413 1014314at2759        -            222   1.2e-31  106.1   2.9   1   5   1.9e-06   2.2e-05   20.2   0.0   120   183    24    87    17    96 0.90 -
KV784353_1:3194273-3195743 -            413 1014314at2759        -            222   1.2e-31  106.1   2.9   2   5   1.3e-05   0.00014   17.5   0.1   116   174   102   162    99   163 0.89 -
KV784353_1:3194273-3195743 -            413 1014314at2759        -            222   1.2e-31  106.1   2.9   3   5   1.6e-10   1.9e-09   33.5   0.0   129   197   159   229   157   235 0.70 -
KV784353_1:3194273-3195743 -            413 1014314at2759        -            222   1.2e-31  106.1   2.9   4   5   9.2e-10     1e-08   31.1   0.1     5    64   202   270   202   285 0.85 -
KV784353_1:3194273-3195743 -            413 1014314at2759        -            222   1.2e-31  106.1   2.9   5   5   0.00027    0.0031   13.2   0.0     2    30   288   316   287   338 0.87 -
KV784376_1:557101-558321   -            407 1014314at2759        -            222     9e-30   99.9   6.5   1   4    0.0003    0.0034   13.0   0.0     2    29    23    50    22    61 0.90 -
KV784376_1:557101-558321   -            407 1014314at2759        -            222     9e-30   99.9   6.5   2   4   1.1e-05   0.00013   17.7   0.4    34    93    77   154    58   166 0.69 -
KV784376_1:557101-558321   -            407 1014314at2759        -            222     9e-30   99.9   6.5   3   4       5.3        60   -0.9   0.0    72    88   192   208   179   222 0.72 -
KV784376_1:557101-558321   -            407 1014314at2759        -            222     9e-30   99.9   6.5   4   4   5.4e-21   6.2e-20   67.8   0.1   122   204   257   342   251   349 0.92 -
KV784353_1:290129-291343   -            405 1014314at2759        -            222   9.3e-30   99.9   7.1   1   4   0.00032    0.0036   12.9   0.0     2    29    23    50    22    58 0.90 -
KV784353_1:290129-291343   -            405 1014314at2759        -            222   9.3e-30   99.9   7.1   2   4   1.2e-05   0.00014   17.6   0.5    34    93    77   154    74   166 0.65 -
KV784353_1:290129-291343   -            405 1014314at2759        -            222   9.3e-30   99.9   7.1   3   4       5.3        60   -0.8   0.0    72    88   192   208   179   222 0.72 -
KV784353_1:290129-291343   -            405 1014314at2759        -            222   9.3e-30   99.9   7.1   4   4   4.2e-21   4.8e-20   68.1   0.1   122   204   257   342   249   349 0.92 -
KV784380_1:390134-390904   -            257 1014314at2759        -            222   6.9e-29   97.0   2.1   1   3     2e-12   2.3e-11   39.8   0.0   118   187    11    81     9    91 0.94 -
KV784380_1:390134-390904   -            257 1014314at2759        -            222   6.9e-29   97.0   2.1   2   3   1.4e-09   1.6e-08   30.5   0.2   136   196    93   153    88   176 0.84 -
KV784380_1:390134-390904   -            257 1014314at2759        -            222   6.9e-29   97.0   2.1   3   3   5.5e-08   6.2e-07   25.3   0.0   136   190   199   253   192   257 0.92 -
KV784354_1:988854-990065   -            404 1014314at2759        -            222   3.6e-27   91.4   0.1   1   5    0.0026      0.03   10.0   0.0   127   155    11    40     5    51 0.75 -
KV784354_1:988854-990065   -            404 1014314at2759        -            222   3.6e-27   91.4   0.1   2   5     0.023      0.27    6.8   0.0    38    62    77   101    66   112 0.66 -
KV784354_1:988854-990065   -            404 1014314at2759        -            222   3.6e-27   91.4   0.1   3   5   3.9e-08   4.4e-07   25.7   0.0   119   167   185   233   175   241 0.81 -
KV784354_1:988854-990065   -            404 1014314at2759        -            222   3.6e-27   91.4   0.1   4   5   1.7e-08     2e-07   26.9   0.0   123   202   230   313   227   322 0.88 -
KV784354_1:988854-990065   -            404 1014314at2759        -            222   3.6e-27   91.4   0.1   5   5   1.4e-05   0.00016   17.3   0.0     2   157   338   368   331   383 0.63 -
KV784358_1:1041734-1042891 -            343 1014314at2759        -            222   3.8e-26   88.1   0.2   1   4   3.5e-07     4e-06   22.6   0.0   138   198     4    65     1    70 0.90 -
KV784358_1:1041734-1042891 -            343 1014314at2759        -            222   3.8e-26   88.1   0.2   2   4   2.6e-08     3e-07   26.3   0.0   120   184    71   135    67   152 0.85 -
KV784358_1:1041734-1042891 -            343 1014314at2759        -            222   3.8e-26   88.1   0.2   3   4      0.13       1.4    4.5   0.1   125   152   195   222   193   233 0.85 -
KV784358_1:1041734-1042891 -            343 1014314at2759        -            222   3.8e-26   88.1   0.2   4   4   4.2e-09   4.8e-08   28.9   0.3   120   188   239   310   227   327 0.85 -
KV784359_1:2229277-2230170 -            298 1014314at2759        -            222   2.6e-24   82.1   4.9   1   5       8.5        97   -1.5   0.0   142   154     2    14     1    17 0.82 -
KV784359_1:2229277-2230170 -            298 1014314at2759        -            222   2.6e-24   82.1   4.9   2   5   8.7e-06   9.9e-05   18.1   0.1    30    65    38    74    25    81 0.87 -
KV784359_1:2229277-2230170 -            298 1014314at2759        -            222   2.6e-24   82.1   4.9   3   5     3e-15   3.4e-14   49.0   0.1   123   208    82   170    76   173 0.91 -
KV784359_1:2229277-2230170 -            298 1014314at2759        -            222   2.6e-24   82.1   4.9   4   5    0.0036     0.041    9.5   0.0   127   157   172   202   166   230 0.70 -
KV784359_1:2229277-2230170 -            298 1014314at2759        -            222   2.6e-24   82.1   4.9   5   5      0.11       1.2    4.7   0.0   134   174   232   273   215   286 0.72 -
KV784353_1:1575780-1576349 -            190 1014314at2759        -            222   2.8e-22   75.4   1.3   1   3   2.2e-10   2.5e-09   33.1   0.0   127   187    16    82     6    92 0.82 -
KV784353_1:1575780-1576349 -            190 1014314at2759        -            222   2.8e-22   75.4   1.3   2   3   1.6e-06   1.8e-05   20.5   0.0   120   172    98   151    94   156 0.86 -
KV784353_1:1575780-1576349 -            190 1014314at2759        -            222   2.8e-22   75.4   1.3   3   3     8e-06   9.1e-05   18.2   0.2   119   169   139   190   136   190 0.80 -
KV784369_1:167646-170630   -            995 1014314at2759        -            222   6.8e-21   70.9  12.0   1   6    0.0027     0.031    9.9   0.0    18    64    36    81    28    89 0.64 -
KV784369_1:167646-170630   -            995 1014314at2759        -            222   6.8e-21   70.9  12.0   2   6       1.3        15    1.2   0.1   132   152   180   200   108   204 0.64 -
KV784369_1:167646-170630   -            995 1014314at2759        -            222   6.8e-21   70.9  12.0   3   6   3.2e-05   0.00036   16.2   0.1   116   154   412   451   343   468 0.78 -
KV784369_1:167646-170630   -            995 1014314at2759        -            222   6.8e-21   70.9  12.0   4   6   1.6e-05   0.00018   17.2   0.1   112   175   537   601   533   601 0.86 -
KV784369_1:167646-170630   -            995 1014314at2759        -            222   6.8e-21   70.9  12.0   5   6   7.5e-06   8.5e-05   18.3   0.1   120   178   587   646   585   650 0.87 -
KV784369_1:167646-170630   -            995 1014314at2759        -            222   6.8e-21   70.9  12.0   6   6   9.8e-05    0.0011   14.6   0.0   122   174   631   684   629   692 0.88 -
KV784361_1:1596047-1596883 -            279 1014314at2759        -            222   2.4e-20   69.1   4.5   1   5    0.0095      0.11    8.1   0.0    32    63     3    34     1    43 0.61 -
KV784361_1:1596047-1596883 -            279 1014314at2759        -            222   2.4e-20   69.1   4.5   2   5     0.016      0.19    7.3   0.0    30    64    43    80    37    83 0.77 -
KV784361_1:1596047-1596883 -            279 1014314at2759        -            222   2.4e-20   69.1   4.5   3   5   8.3e-06   9.4e-05   18.1   0.2    18    67    68   125    64   129 0.70 -
KV784361_1:1596047-1596883 -            279 1014314at2759        -            222   2.4e-20   69.1   4.5   4   5   4.5e-05   0.00051   15.7   0.0    23    67   161   205   155   210 0.87 -
KV784361_1:1596047-1596883 -            279 1014314at2759        -            222   2.4e-20   69.1   4.5   5   5     5e-06   5.7e-05   18.8   0.2    29    65   211   247   205   272 0.88 -
KV784363_1:24009-24845     -            279 1014314at2759        -            222   2.7e-20   69.0   4.6   1   5    0.0095      0.11    8.1   0.0    32    63     3    34     1    43 0.61 -
KV784363_1:24009-24845     -            279 1014314at2759        -            222   2.7e-20   69.0   4.6   2   5     0.016      0.19    7.3   0.0    30    64    43    80    37    83 0.77 -
KV784363_1:24009-24845     -            279 1014314at2759        -            222   2.7e-20   69.0   4.6   3   5     9e-06    0.0001   18.0   0.2    18    66    68   124    64   129 0.70 -
KV784363_1:24009-24845     -            279 1014314at2759        -            222   2.7e-20   69.0   4.6   4   5   4.5e-05   0.00051   15.7   0.0    23    67   161   205   155   210 0.87 -
KV784363_1:24009-24845     -            279 1014314at2759        -            222   2.7e-20   69.0   4.6   5   5     5e-06   5.7e-05   18.8   0.2    29    65   211   247   205   272 0.88 -
KV784378_1:213516-214136   -            207 1014314at2759        -            222   2.7e-20   68.9   1.1   1   3   9.1e-10     1e-08   31.1   0.1   136   196     6    66     2    90 0.84 -
KV784378_1:213516-214136   -            207 1014314at2759        -            222   2.7e-20   68.9   1.1   2   3   3.1e-05   0.00036   16.2   0.1   136   172   112   148   105   150 0.91 -
KV784378_1:213516-214136   -            207 1014314at2759        -            222   2.7e-20   68.9   1.1   3   3   5.8e-07   6.6e-06   21.9   0.0   127   180   145   199   139   206 0.81 -
KV784394_1:349492-353149   -            981 1014314at2759        -            222   4.7e-20   68.2   7.9   1   8       5.3        60   -0.9   0.0    66    85   112   131    38   150 0.71 -
KV784394_1:349492-353149   -            981 1014314at2759        -            222   4.7e-20   68.2   7.9   2   8   0.00039    0.0045   12.6   0.3    30    65   158   193   148   202 0.88 -
KV784394_1:349492-353149   -            981 1014314at2759        -            222   4.7e-20   68.2   7.9   3   8       3.7        42   -0.3   0.0   126   185   353   413   344   419 0.84 -
KV784394_1:349492-353149   -            981 1014314at2759        -            222   4.7e-20   68.2   7.9   4   8   5.4e-06   6.1e-05   18.7   0.0   126   163   439   476   429   516 0.72 -
KV784394_1:349492-353149   -            981 1014314at2759        -            222   4.7e-20   68.2   7.9   5   8   0.00089      0.01   11.5   0.0   126   185   534   595   518   601 0.86 -
KV784394_1:349492-353149   -            981 1014314at2759        -            222   4.7e-20   68.2   7.9   6   8   0.00066    0.0075   11.9   0.0    21    72   563   615   557   620 0.85 -
KV784394_1:349492-353149   -            981 1014314at2759        -            222   4.7e-20   68.2   7.9   7   8   0.00092      0.01   11.4   0.0   118   155   612   649   608   653 0.88 -
KV784394_1:349492-353149   -            981 1014314at2759        -            222   4.7e-20   68.2   7.9   8   8     0.018      0.21    7.2   0.0     3    56   684   737   682   741 0.88 -
KV784422_1:111448-112059   -            204 1014314at2759        -            222   9.6e-20   67.2   0.3   1   3   2.2e-15   2.5e-14   49.4   0.1   126   207     7    90     1    93 0.92 -
KV784422_1:111448-112059   -            204 1014314at2759        -            222   9.6e-20   67.2   0.3   2   3    0.0019     0.022   10.4   0.0   127   160    93   126    87   151 0.69 -
KV784422_1:111448-112059   -            204 1014314at2759        -            222   9.6e-20   67.2   0.3   3   3     0.074      0.84    5.2   0.0   133   169   152   188   136   204 0.74 -
KV784363_1:787988-788767   -            260 1014314at2759        -            222     2e-19   66.1   0.4   1   4     0.018       0.2    7.2   0.0    30    64     3    36     1    64 0.74 -
KV784363_1:787988-788767   -            260 1014314at2759        -            222     2e-19   66.1   0.4   2   4       3.7        42   -0.4   0.0    13    29   119   135   112   147 0.64 -
KV784363_1:787988-788767   -            260 1014314at2759        -            222     2e-19   66.1   0.4   3   4   1.4e-12   1.6e-11   40.2   0.0   120   187   143   211   138   229 0.89 -
KV784363_1:787988-788767   -            260 1014314at2759        -            222     2e-19   66.1   0.4   4   4   0.00018    0.0021   13.7   0.1     2    26   236   260   235   260 0.94 -
KV784361_1:2299155-2299934 -            260 1014314at2759        -            222     2e-19   66.1   0.3   1   4     0.018       0.2    7.2   0.0    30    64     3    36     1    64 0.74 -
KV784361_1:2299155-2299934 -            260 1014314at2759        -            222     2e-19   66.1   0.3   2   4       3.7        42   -0.4   0.0    13    29   119   135   112   147 0.64 -
KV784361_1:2299155-2299934 -            260 1014314at2759        -            222     2e-19   66.1   0.3   3   4   1.4e-12   1.6e-11   40.2   0.0   120   187   143   211   138   229 0.89 -
KV784361_1:2299155-2299934 -            260 1014314at2759        -            222     2e-19   66.1   0.3   4   4   0.00019    0.0022   13.7   0.0     2    26   236   260   235   260 0.93 -
KV784358_1:2022372-2024372 -            667 1014314at2759        -            222   7.5e-19   64.2   9.0   1   4   2.3e-05   0.00026   16.7   0.2   122   192    78   151    72   160 0.88 -
KV784358_1:2022372-2024372 -            667 1014314at2759        -            222   7.5e-19   64.2   9.0   2   4   4.7e-08   5.4e-07   25.5   0.1     2   163   226   409   225   445 0.81 -
KV784358_1:2022372-2024372 -            667 1014314at2759        -            222   7.5e-19   64.2   9.0   3   4   0.00038    0.0043   12.7   0.1   128   193   503   569   499   581 0.77 -
KV784358_1:2022372-2024372 -            667 1014314at2759        -            222   7.5e-19   64.2   9.0   4   4    0.0021     0.024   10.3   0.1   127   154   588   615   583   622 0.67 -
KV784398_1:243260-245383   -            708 1014314at2759        -            222   1.2e-18   63.6   7.6   1   4   2.7e-05    0.0003   16.5   0.1   122   190    78   149    72   158 0.88 -
KV784398_1:243260-245383   -            708 1014314at2759        -            222   1.2e-18   63.6   7.6   2   4   7.7e-08   8.8e-07   24.8   0.0     2   162   267   449   266   484 0.81 -
KV784398_1:243260-245383   -            708 1014314at2759        -            222   1.2e-18   63.6   7.6   3   4   0.00056    0.0064   12.1   0.1   128   193   544   610   537   623 0.77 -
KV784398_1:243260-245383   -            708 1014314at2759        -            222   1.2e-18   63.6   7.6   4   4    0.0019     0.022   10.4   0.1   127   155   629   657   623   676 0.74 -
KV784354_1:1211685-1212725 -            347 1014314at2759        -            222   1.9e-18   62.9   6.0   1   4      0.11       1.2    4.7   0.0    36    61   116   142   105   150 0.50 -
KV784354_1:1211685-1212725 -            347 1014314at2759        -            222   1.9e-18   62.9   6.0   2   4   1.2e-10   1.4e-09   33.9   0.2     2    65   172   242   171   247 0.89 -
KV784354_1:1211685-1212725 -            347 1014314at2759        -            222   1.9e-18   62.9   6.0   3   4   4.9e-06   5.5e-05   18.9   0.2     2    60   213   280   211   286 0.73 -
KV784354_1:1211685-1212725 -            347 1014314at2759        -            222   1.9e-18   62.9   6.0   4   4   1.4e-07   1.6e-06   23.9   0.4     7    69   262   331   256   345 0.75 -
KV784365_1:367787-368764   -            326 1014314at2759        -            222   1.4e-17   60.1  11.2   1   7    0.0033     0.037    9.6   0.1   127   152    15    40     2    57 0.49 -
KV784365_1:367787-368764   -            326 1014314at2759        -            222   1.4e-17   60.1  11.2   2   7      0.06      0.68    5.5   0.0   128   154    60    85    49    97 0.77 -
KV784365_1:367787-368764   -            326 1014314at2759        -            222   1.4e-17   60.1  11.2   3   7     0.001     0.012   11.3   0.1   131   172   111   152    96   161 0.76 -
KV784365_1:367787-368764   -            326 1014314at2759        -            222   1.4e-17   60.1  11.2   4   7    0.0021     0.023   10.3   0.2    46    69   158   181   143   188 0.82 -
KV784365_1:367787-368764   -            326 1014314at2759        -            222   1.4e-17   60.1  11.2   5   7   0.00033    0.0037   12.9   0.0    30    65   192   229   181   236 0.74 -
KV784365_1:367787-368764   -            326 1014314at2759        -            222   1.4e-17   60.1  11.2   6   7      0.85       9.6    1.7   0.0   125   153   252   280   246   284 0.83 -
KV784365_1:367787-368764   -            326 1014314at2759        -            222   1.4e-17   60.1  11.2   7   7    0.0022     0.025   10.2   0.0   122   151   296   326   291   326 0.85 -
KV784353_1:1815000-1816947 -            475 1014314at2759        -            222   9.4e-17   57.4   0.1   1   4      0.21       2.4    3.7   0.0   128   162   148   182   134   197 0.75 -
KV784353_1:1815000-1816947 -            475 1014314at2759        -            222   9.4e-17   57.4   0.1   2   4    0.0001    0.0011   14.6   0.0   136   196   198   260   181   268 0.82 -
KV784353_1:1815000-1816947 -            475 1014314at2759        -            222   9.4e-17   57.4   0.1   3   4    0.0018     0.021   10.5   0.0   126   165   335   375   318   383 0.80 -
KV784353_1:1815000-1816947 -            475 1014314at2759        -            222   9.4e-17   57.4   0.1   4   4   8.1e-07   9.2e-06   21.4   0.0    32    91   389   461   384   470 0.70 -
KV784391_1:444597-445757   -            270 1014314at2759        -            222   1.1e-16   57.1   2.8   1   3   1.3e-06   1.5e-05   20.8   0.0   138   188     4    55     1    71 0.87 -
KV784391_1:444597-445757   -            270 1014314at2759        -            222   1.1e-16   57.1   2.8   2   3     0.088         1    5.0   0.1   125   152   122   149   120   161 0.84 -
KV784391_1:444597-445757   -            270 1014314at2759        -            222   1.1e-16   57.1   2.8   3   3   2.6e-09   2.9e-08   29.6   0.4   120   188   166   237   154   265 0.85 -
KV784358_1:1868735-1869112 -            126 1014314at2759        -            222   1.1e-16   57.1   4.5   1   3   3.4e-07   3.9e-06   22.6   0.7    31    71     1    42     1    44 0.89 -
KV784358_1:1868735-1869112 -            126 1014314at2759        -            222   1.1e-16   57.1   4.5   2   3   1.5e-06   1.7e-05   20.5   0.0    30    67    47    85    43    91 0.89 -
KV784358_1:1868735-1869112 -            126 1014314at2759        -            222   1.1e-16   57.1   4.5   3   3   8.9e-05     0.001   14.8   0.0    36    64    95   124    90   126 0.87 -
KV784404_1:77373-80295     -            927 1014314at2759        -            222   1.5e-16   56.7  15.7   1   9       6.8        77   -1.2   0.0    13    30    30    47    21    52 0.65 -
KV784404_1:77373-80295     -            927 1014314at2759        -            222   1.5e-16   56.7  15.7   2   9    0.0018     0.021   10.5   0.1    38   153    89   114    77   143 0.63 -
KV784404_1:77373-80295     -            927 1014314at2759        -            222   1.5e-16   56.7  15.7   3   9    0.0029     0.033    9.8   0.0   137   169   144   176   133   181 0.87 -
KV784404_1:77373-80295     -            927 1014314at2759        -            222   1.5e-16   56.7  15.7   4   9      0.17       1.9    4.0   0.1    13    44   206   237   196   262 0.80 -
KV784404_1:77373-80295     -            927 1014314at2759        -            222   1.5e-16   56.7  15.7   5   9       6.6        75   -1.2   0.0   127   140   287   300   273   320 0.54 -
KV784404_1:77373-80295     -            927 1014314at2759        -            222   1.5e-16   56.7  15.7   6   9       2.1        24    0.4   0.0    32    64   458   489   440   501 0.65 -
KV784404_1:77373-80295     -            927 1014314at2759        -            222   1.5e-16   56.7  15.7   7   9     0.037      0.42    6.2   0.0    14    68   567   587   516   632 0.70 -
KV784404_1:77373-80295     -            927 1014314at2759        -            222   1.5e-16   56.7  15.7   8   9     2e-06   2.3e-05   20.2   0.1     7    62   652   715   646   724 0.83 -
KV784404_1:77373-80295     -            927 1014314at2759        -            222   1.5e-16   56.7  15.7   9   9     0.016      0.18    7.4   0.0   125   154   729   758   717   765 0.74 -
KV784361_1:2391551-2391988 -            146 1014314at2759        -            222   1.6e-16   56.6   1.2   1   3   7.5e-08   8.6e-07   24.8   0.0    28    71    14    58     5    60 0.89 -
KV784361_1:2391551-2391988 -            146 1014314at2759        -            222   1.6e-16   56.6   1.2   2   3   2.4e-06   2.7e-05   19.9   0.0    24    68    55   100    52   106 0.88 -
KV784361_1:2391551-2391988 -            146 1014314at2759        -            222   1.6e-16   56.6   1.2   3   3   0.00052    0.0059   12.2   0.1    28    57   116   145   102   146 0.89 -
KV784363_1:886051-886488   -            146 1014314at2759        -            222   1.6e-16   56.6   1.2   1   3   7.5e-08   8.6e-07   24.8   0.0    28    71    14    58     5    60 0.89 -
KV784363_1:886051-886488   -            146 1014314at2759        -            222   1.6e-16   56.6   1.2   2   3   2.4e-06   2.7e-05   19.9   0.0    24    68    55   100    52   106 0.88 -
KV784363_1:886051-886488   -            146 1014314at2759        -            222   1.6e-16   56.6   1.2   3   3   0.00052    0.0059   12.2   0.1    28    57   116   145   102   146 0.89 -
KV784370_1:893346-894580   -            355 1014314at2759        -            222   2.8e-16   55.8   0.1   1   4    0.0053      0.06    9.0   0.0   166   199     9    44     4    51 0.60 -
KV784370_1:893346-894580   -            355 1014314at2759        -            222   2.8e-16   55.8   0.1   2   4   5.7e-07   6.5e-06   21.9   0.0   121   186    47   112    43   126 0.87 -
KV784370_1:893346-894580   -            355 1014314at2759        -            222   2.8e-16   55.8   0.1   3   4      0.89        10    1.7   0.0    33    64   153   184   146   195 0.79 -
KV784370_1:893346-894580   -            355 1014314at2759        -            222   2.8e-16   55.8   0.1   4   4   7.9e-05    0.0009   14.9   0.0    30   151   192   319   183   329 0.76 -
KV784359_1:1680776-1683933 -           1007 1014314at2759        -            222     7e-16   54.5  18.1   1  10       6.6        75   -1.2   0.0    13    30   107   124    98   129 0.64 -
KV784359_1:1680776-1683933 -           1007 1014314at2759        -            222     7e-16   54.5  18.1   2  10     0.002     0.023   10.3   0.1    38   153   166   191   154   220 0.63 -
KV784359_1:1680776-1683933 -           1007 1014314at2759        -            222     7e-16   54.5  18.1   3  10    0.0032     0.036    9.7   0.0   137   169   221   253   210   258 0.87 -
KV784359_1:1680776-1683933 -           1007 1014314at2759        -            222     7e-16   54.5  18.1   4  10      0.23       2.6    3.6   0.0    13    40   283   310   273   338 0.81 -
KV784359_1:1680776-1683933 -           1007 1014314at2759        -            222     7e-16   54.5  18.1   5  10       7.4        84   -1.3   0.0   127   140   364   377   351   397 0.53 -
KV784359_1:1680776-1683933 -           1007 1014314at2759        -            222     7e-16   54.5  18.1   6  10       2.4        27    0.3   0.0    32    64   535   566   518   578 0.65 -
KV784359_1:1680776-1683933 -           1007 1014314at2759        -            222     7e-16   54.5  18.1   7  10     0.046      0.52    5.9   0.1    14    68   644   664   593   690 0.65 -
KV784359_1:1680776-1683933 -           1007 1014314at2759        -            222     7e-16   54.5  18.1   8  10      0.13       1.4    4.5   0.1    14    35   644   665   639   715 0.76 -
KV784359_1:1680776-1683933 -           1007 1014314at2759        -            222     7e-16   54.5  18.1   9  10   1.4e-06   1.6e-05   20.7   0.1     5    62   730   795   726   804 0.84 -
KV784359_1:1680776-1683933 -           1007 1014314at2759        -            222     7e-16   54.5  18.1  10  10     0.017      0.19    7.3   0.0   125   154   809   838   797   845 0.74 -
KV784354_1:3013214-3014164 -            317 1014314at2759        -            222   1.1e-15   53.9   0.1   1   4     0.052      0.59    5.7   0.1   126   153    54    81    47    90 0.72 -
KV784354_1:3013214-3014164 -            317 1014314at2759        -            222   1.1e-15   53.9   0.1   2   4   0.00046    0.0052   12.4   0.0   127   183    96   152    85   157 0.81 -
KV784354_1:3013214-3014164 -            317 1014314at2759        -            222   1.1e-15   53.9   0.1   3   4      0.11       1.2    4.7   0.0    32    67   154   188   140   206 0.80 -
KV784354_1:3013214-3014164 -            317 1014314at2759        -            222   1.1e-15   53.9   0.1   4   4   2.6e-08     3e-07   26.3   0.0   131   189   254   312   247   317 0.94 -
KV784363_1:1402145-1403065 -            307 1014314at2759        -            222   1.3e-15   53.6   1.2   1   4   0.00046    0.0053   12.4   0.1    53    96    48    91    38    95 0.69 -
KV784363_1:1402145-1403065 -            307 1014314at2759        -            222   1.3e-15   53.6   1.2   2   4   0.00028    0.0032   13.1   0.1   128   172    65   109    63   111 0.53 -
KV784363_1:1402145-1403065 -            307 1014314at2759        -            222   1.3e-15   53.6   1.2   3   4   0.00011    0.0012   14.5   0.0   112   193    90   172    88   183 0.84 -
KV784363_1:1402145-1403065 -            307 1014314at2759        -            222   1.3e-15   53.6   1.2   4   4   2.8e-06   3.2e-05   19.7   0.1    31   153   186   305   182   306 0.83 -
KV784356_1:715746-716711   -            322 1014314at2759        -            222   1.4e-15   53.6   6.3   1   6         5        57   -0.8   0.0    45    67    29    51    21    63 0.72 -
KV784356_1:715746-716711   -            322 1014314at2759        -            222   1.4e-15   53.6   6.3   2   6    0.0035      0.04    9.5   0.2     6   191    71   130    59   141 0.60 -
KV784356_1:715746-716711   -            322 1014314at2759        -            222   1.4e-15   53.6   6.3   3   6   1.9e-05   0.00021   17.0   0.2   117   156   140   180   131   193 0.81 -
KV784356_1:715746-716711   -            322 1014314at2759        -            222   1.4e-15   53.6   6.3   4   6   4.6e-07   5.2e-06   22.2   0.1     2    64   151   231   150   238 0.77 -
KV784356_1:715746-716711   -            322 1014314at2759        -            222   1.4e-15   53.6   6.3   5   6      0.74       8.4    1.9   0.0    34    64   242   274   235   281 0.79 -
KV784356_1:715746-716711   -            322 1014314at2759        -            222   1.4e-15   53.6   6.3   6   6    0.0061     0.069    8.8   0.0    30    62   282   314   278   320 0.68 -
KV784377_1:330052-331307   -            355 1014314at2759        -            222   1.6e-15   53.4   0.0   1   4    0.0054     0.061    8.9   0.0   166   198     9    43     4    50 0.59 -
KV784377_1:330052-331307   -            355 1014314at2759        -            222   1.6e-15   53.4   0.0   2   4   5.6e-07   6.4e-06   21.9   0.0   121   186    47   112    43   127 0.87 -
KV784377_1:330052-331307   -            355 1014314at2759        -            222   1.6e-15   53.4   0.0   3   4      0.89        10    1.7   0.0    33    64   153   184   145   194 0.79 -
KV784377_1:330052-331307   -            355 1014314at2759        -            222   1.6e-15   53.4   0.0   4   4   0.00045    0.0051   12.5   0.0    30   151   192   319   186   327 0.74 -
KV784420_1:36086-37051     -            322 1014314at2759        -            222   1.8e-15   53.2   6.9   1   6         5        57   -0.8   0.0    45    67    29    51    21    63 0.72 -
KV784420_1:36086-37051     -            322 1014314at2759        -            222   1.8e-15   53.2   6.9   2   6    0.0036      0.04    9.5   0.2     6   191    71   130    58   141 0.61 -
KV784420_1:36086-37051     -            322 1014314at2759        -            222   1.8e-15   53.2   6.9   3   6   2.1e-05   0.00024   16.8   0.3   116   155   139   179   127   187 0.81 -
KV784420_1:36086-37051     -            322 1014314at2759        -            222   1.8e-15   53.2   6.9   4   6   6.8e-05   0.00077   15.1   0.0    16    64   180   231   177   238 0.80 -
KV784420_1:36086-37051     -            322 1014314at2759        -            222   1.8e-15   53.2   6.9   5   6      0.76       8.7    1.9   0.0    34    64   242   274   236   281 0.79 -
KV784420_1:36086-37051     -            322 1014314at2759        -            222   1.8e-15   53.2   6.9   6   6    0.0061     0.069    8.8   0.0    30    62   282   314   278   320 0.68 -
KV784462_1:52062-52643     -            194 1014314at2759        -            222     1e-14   50.7   0.0   1   2   2.2e-09   2.5e-08   29.8   0.0   122   202    19   103     1   116 0.88 -
KV784462_1:52062-52643     -            194 1014314at2759        -            222     1e-14   50.7   0.0   2   2   4.7e-06   5.4e-05   18.9   0.0     2   157   128   158   120   173 0.64 -
KV784353_1:3074076-3075092 -            339 1014314at2759        -            222   1.3e-14   50.4   1.1   1   5   3.9e-05   0.00045   15.9   0.1    31    67     2    39     1    59 0.85 -
KV784353_1:3074076-3075092 -            339 1014314at2759        -            222   1.3e-14   50.4   1.1   2   5       7.7        88   -1.4   0.0   138   160    68    91    46    94 0.74 -
KV784353_1:3074076-3075092 -            339 1014314at2759        -            222   1.3e-14   50.4   1.1   3   5   1.2e-07   1.3e-06   24.2   0.1    30    69    94   134    85   142 0.87 -
KV784353_1:3074076-3075092 -            339 1014314at2759        -            222   1.3e-14   50.4   1.1   4   5     0.065      0.74    5.4   0.0   126   156   218   249   204   255 0.81 -
KV784353_1:3074076-3075092 -            339 1014314at2759        -            222   1.3e-14   50.4   1.1   5   5       4.3        49   -0.6   0.0   120   146   312   339   309   339 0.83 -
KV784371_1:1091946-1095213 -            595 1014314at2759        -            222   1.3e-14   50.4   1.7   1   4   7.5e-08   8.6e-07   24.8   0.0   139   185    83   129    65   140 0.88 -
KV784371_1:1091946-1095213 -            595 1014314at2759        -            222   1.3e-14   50.4   1.7   2   4      0.18         2    4.0   0.1    39    61   171   193   159   203 0.78 -
KV784371_1:1091946-1095213 -            595 1014314at2759        -            222   1.3e-14   50.4   1.7   3   4    0.0011     0.013   11.2   0.0    31    94   208   281   205   287 0.72 -
KV784371_1:1091946-1095213 -            595 1014314at2759        -            222   1.3e-14   50.4   1.7   4   4     0.037      0.42    6.2   0.0   125   145   297   317   284   321 0.69 -
KV784383_1:18729-22204     -            611 1014314at2759        -            222     2e-14   49.8   1.7   1   4   7.8e-08   8.9e-07   24.8   0.0   139   185   133   179   115   190 0.88 -
KV784383_1:18729-22204     -            611 1014314at2759        -            222     2e-14   49.8   1.7   2   4      0.19       2.1    3.9   0.1    39    61   221   243   209   252 0.78 -
KV784383_1:18729-22204     -            611 1014314at2759        -            222     2e-14   49.8   1.7   3   4    0.0011     0.012   11.2   0.0    31    94   258   331   250   339 0.74 -
KV784383_1:18729-22204     -            611 1014314at2759        -            222     2e-14   49.8   1.7   4   4     0.055      0.62    5.6   0.0   122   145   343   367   335   369 0.73 -
KV784383_1:391136-392710   -            525 1014314at2759        -            222   2.1e-14   49.7   2.2   1   5    0.0011     0.013   11.2   0.1    30    68    80   119    65   156 0.86 -
KV784383_1:391136-392710   -            525 1014314at2759        -            222   2.1e-14   49.7   2.2   2   5   4.9e-07   5.6e-06   22.1   0.0   145   187   290   333   247   350 0.82 -
KV784383_1:391136-392710   -            525 1014314at2759        -            222   2.1e-14   49.7   2.2   3   5    0.0015     0.017   10.7   0.0    29    75   362   409   357   448 0.79 -
KV784383_1:391136-392710   -            525 1014314at2759        -            222   2.1e-14   49.7   2.2   4   5       6.1        70   -1.1   0.0   131   153   440   462   403   471 0.65 -
KV784383_1:391136-392710   -            525 1014314at2759        -            222   2.1e-14   49.7   2.2   5   5       1.8        20    0.7   0.0    31    53   487   514   478   524 0.65 -
KV784464_1:35879-37453     -            525 1014314at2759        -            222   3.6e-14   48.9   3.7   1   4   0.00054    0.0061   12.2   0.1    30    69    80   120    65   155 0.86 -
KV784464_1:35879-37453     -            525 1014314at2759        -            222   3.6e-14   48.9   3.7   2   4   5.4e-07   6.1e-06   22.0   0.1   145   187   290   333   247   348 0.82 -
KV784464_1:35879-37453     -            525 1014314at2759        -            222   3.6e-14   48.9   3.7   3   4    0.0012     0.014   11.0   0.0    29    76   362   410   358   450 0.75 -
KV784464_1:35879-37453     -            525 1014314at2759        -            222   3.6e-14   48.9   3.7   4   4       2.2        25    0.4   0.0    31    53   487   514   478   524 0.64 -
KV784354_1:2520510-2520944 -            145 1014314at2759        -            222   6.7e-14   48.0   1.2   1   2   2.4e-11   2.7e-10   36.2   0.2   127   193     1    67     1    80 0.93 -
KV784354_1:2520510-2520944 -            145 1014314at2759        -            222   6.7e-14   48.0   1.2   2   2    0.0011     0.012   11.2   0.1   126   159    92   125    71   141 0.82 -
KV784363_1:1527406-1529418 -            671 1014314at2759        -            222   1.1e-13   47.4   0.1   1   4   8.5e-06   9.6e-05   18.1   0.0   127   160   309   342   304   354 0.84 -
KV784363_1:1527406-1529418 -            671 1014314at2759        -            222   1.1e-13   47.4   0.1   2   4       1.8        21    0.7   0.0    34    62   503   530   459   539 0.69 -
KV784363_1:1527406-1529418 -            671 1014314at2759        -            222   1.1e-13   47.4   0.1   3   4     1e-05   0.00012   17.8   0.0   105   188   517   608   510   622 0.81 -
KV784363_1:1527406-1529418 -            671 1014314at2759        -            222   1.1e-13   47.4   0.1   4   4     0.035       0.4    6.3   0.0   113   151   630   668   612   670 0.91 -
KV784399_1:375099-376037   -            313 1014314at2759        -            222   1.8e-13   46.6   8.7   1   5     0.049      0.56    5.8   0.1    32    64     8    42     2    54 0.56 -
KV784399_1:375099-376037   -            313 1014314at2759        -            222   1.8e-13   46.6   8.7   2   5   2.8e-05   0.00031   16.4   0.3     1    27    59    85    59    91 0.93 -
KV784399_1:375099-376037   -            313 1014314at2759        -            222   1.8e-13   46.6   8.7   3   5     0.026       0.3    6.7   0.0    17    60    94   144    89   149 0.82 -
KV784399_1:375099-376037   -            313 1014314at2759        -            222   1.8e-13   46.6   8.7   4   5       2.2        25    0.4   0.0     2    28   165   191   164   198 0.77 -
KV784399_1:375099-376037   -            313 1014314at2759        -            222   1.8e-13   46.6   8.7   5   5   9.8e-06   0.00011   17.9   0.1    31    61   280   311   263   313 0.83 -
KV784355_1:3347873-3349885 -            671 1014314at2759        -            222     6e-13   44.9   0.1   1   4   8.5e-06   9.6e-05   18.1   0.0   127   160   309   342   304   354 0.84 -
KV784355_1:3347873-3349885 -            671 1014314at2759        -            222     6e-13   44.9   0.1   2   4       1.7        19    0.8   0.0    34    62   503   530   459   541 0.69 -
KV784355_1:3347873-3349885 -            671 1014314at2759        -            222     6e-13   44.9   0.1   3   4     6e-05   0.00068   15.3   0.0   105   188   517   608   510   623 0.81 -
KV784355_1:3347873-3349885 -            671 1014314at2759        -            222     6e-13   44.9   0.1   4   4     0.035       0.4    6.3   0.0   113   151   630   668   613   670 0.91 -
KV784354_1:1999035-1999907 -            291 1014314at2759        -            222   2.3e-12   43.0   7.5   1   4   2.5e-05   0.00028   16.6   0.3     1    27    40    66    40    73 0.93 -
KV784354_1:1999035-1999907 -            291 1014314at2759        -            222   2.3e-12   43.0   7.5   2   4     0.022      0.25    6.9   0.0    17    60    75   125    69   131 0.82 -
KV784354_1:1999035-1999907 -            291 1014314at2759        -            222   2.3e-12   43.0   7.5   3   4         2        23    0.5   0.0     2    28   146   172   145   179 0.77 -
KV784354_1:1999035-1999907 -            291 1014314at2759        -            222   2.3e-12   43.0   7.5   4   4   3.9e-05   0.00044   15.9   0.0    31    60   261   291   243   291 0.83 -
KV784361_1:1771299-1771787 -            163 1014314at2759        -            222   5.4e-12   41.8   1.1   1   3    0.0017     0.019   10.6   0.1    30    68     1    41     1    45 0.79 -
KV784361_1:1771299-1771787 -            163 1014314at2759        -            222   5.4e-12   41.8   1.1   2   3   6.8e-07   7.7e-06   21.7   0.0   128   195    52   119    40   127 0.63 -
KV784361_1:1771299-1771787 -            163 1014314at2759        -            222   5.4e-12   41.8   1.1   3   3     0.018       0.2    7.2   0.0     3    26   140   163   132   163 0.62 -
KV784363_1:204235-204723   -            163 1014314at2759        -            222   5.4e-12   41.8   1.1   1   3    0.0017     0.019   10.6   0.1    30    68     1    41     1    45 0.79 -
KV784363_1:204235-204723   -            163 1014314at2759        -            222   5.4e-12   41.8   1.1   2   3   6.8e-07   7.7e-06   21.7   0.0   128   195    52   119    40   127 0.63 -
KV784363_1:204235-204723   -            163 1014314at2759        -            222   5.4e-12   41.8   1.1   3   3     0.018       0.2    7.2   0.0     3    26   140   163   132   163 0.62 -
KV784414_1:252780-253328   -            183 1014314at2759        -            222   6.6e-12   41.5   1.0   1   4       2.7        30    0.1   0.0    53    70     3    20     1    23 0.77 -
KV784414_1:252780-253328   -            183 1014314at2759        -            222   6.6e-12   41.5   1.0   2   4     0.016      0.18    7.4   0.0    20    63    27    71    18    81 0.71 -
KV784414_1:252780-253328   -            183 1014314at2759        -            222   6.6e-12   41.5   1.0   3   4   8.1e-05   0.00092   14.9   0.2    32    66    87   122    81   127 0.87 -
KV784414_1:252780-253328   -            183 1014314at2759        -            222   6.6e-12   41.5   1.0   4   4   4.3e-05   0.00049   15.8   0.0    25    66   123   168   119   175 0.81 -
KV784353_1:2527270-2527890 -            207 1014314at2759        -            222   9.6e-12   41.0   0.2   1   3   0.00016    0.0019   13.9   0.0   128   155    12    39     2    57 0.71 -
KV784353_1:2527270-2527890 -            207 1014314at2759        -            222   9.6e-12   41.0   0.2   2   3   1.4e-07   1.6e-06   23.9   0.0   127   194    68   140    60   153 0.84 -
KV784353_1:2527270-2527890 -            207 1014314at2759        -            222   9.6e-12   41.0   0.2   3   3    0.0017     0.019   10.6   0.0   119   182   106   170   103   180 0.84 -
KV784378_1:393978-394595   -            206 1014314at2759        -            222   1.1e-11   40.8   0.8   1   3   0.00054    0.0061   12.2   0.0    33    68    33    69     1    78 0.77 -
KV784378_1:393978-394595   -            206 1014314at2759        -            222   1.1e-11   40.8   0.8   2   3   0.00052    0.0059   12.2   0.0    33    65    78   111    71   116 0.87 -
KV784378_1:393978-394595   -            206 1014314at2759        -            222   1.1e-11   40.8   0.8   3   3   0.00095     0.011   11.4   0.0    31    65   129   163   126   177 0.89 -
KV784508_1:3352-3969       -            206 1014314at2759        -            222   1.1e-11   40.8   0.8   1   3   0.00054    0.0061   12.2   0.0    33    68    33    69     1    78 0.77 -
KV784508_1:3352-3969       -            206 1014314at2759        -            222   1.1e-11   40.8   0.8   2   3   0.00052    0.0059   12.2   0.0    33    65    78   111    71   116 0.87 -
KV784508_1:3352-3969       -            206 1014314at2759        -            222   1.1e-11   40.8   0.8   3   3   0.00095     0.011   11.4   0.0    31    65   129   163   126   177 0.89 -
KV784353_1:2311213-2312638 -            372 1014314at2759        -            222   2.5e-11   39.6   1.8   1   2   4.1e-05   0.00047   15.8   0.3   125   186   125   184    89   208 0.77 -
KV784353_1:2311213-2312638 -            372 1014314at2759        -            222   2.5e-11   39.6   1.8   2   2   5.2e-06   5.8e-05   18.8   0.1    29   153   223   347   210   354 0.81 -
KV784398_1:113577-113885   -            103 1014314at2759        -            222   2.8e-11   39.5   1.0   1   3     0.022      0.25    6.9   0.1   141   156     3    18     1    24 0.74 -
KV784398_1:113577-113885   -            103 1014314at2759        -            222   2.8e-11   39.5   1.0   2   3   1.1e-06   1.3e-05   20.9   0.1    30    67    29    67    25    73 0.89 -
KV784398_1:113577-113885   -            103 1014314at2759        -            222   2.8e-11   39.5   1.0   3   3   2.3e-07   2.6e-06   23.2   0.1     2    61    35   103    35   103 0.77 -
KV784364_1:349851-350339   -            163 1014314at2759        -            222   3.2e-11   39.3   1.4   1   4     0.029      0.33    6.5   0.1    54    69     3    18     1    26 0.85 -
KV784364_1:349851-350339   -            163 1014314at2759        -            222   3.2e-11   39.3   1.4   2   4   9.5e-05    0.0011   14.7   0.0    30    65    29    66    15    72 0.74 -
KV784364_1:349851-350339   -            163 1014314at2759        -            222   3.2e-11   39.3   1.4   3   4       0.3       3.4    3.2   0.0   125   153    89   117    83   122 0.83 -
KV784364_1:349851-350339   -            163 1014314at2759        -            222   3.2e-11   39.3   1.4   4   4   0.00081    0.0092   11.6   0.0   122   151   133   163   128   163 0.85 -
KV784354_1:1212899-1213090 -             64 1014314at2759        -            222   8.8e-11   37.8   0.0   1   1   1.2e-11   1.4e-10   37.2   0.0   138   185     5    52     1    64 0.88 -
KV784354_1:1829091-1829858 -            256 1014314at2759        -            222     1e-10   37.6   0.2   1   3   0.00083    0.0095   11.6   0.0   128   179    53   105    44   123 0.82 -
KV784354_1:1829091-1829858 -            256 1014314at2759        -            222     1e-10   37.6   0.2   2   3      0.09         1    4.9   0.0   105   155   163   216   154   229 0.70 -
KV784354_1:1829091-1829858 -            256 1014314at2759        -            222     1e-10   37.6   0.2   3   3      0.41       4.6    2.8   0.0   132   154   193   215   192   256 0.54 -
KV784393_1:134795-135349   -            185 1014314at2759        -            222     2e-10   36.6   0.5   1   2   9.1e-07     1e-05   21.3   0.1    31    68     3    41     1    45 0.90 -
KV784393_1:134795-135349   -            185 1014314at2759        -            222     2e-10   36.6   0.5   2   2   0.00037    0.0042   12.7   0.0    27    63   144   182   125   185 0.50 -
KV784357_1:1909370-1909924 -            185 1014314at2759        -            222   2.3e-10   36.5   0.4   1   2   9.1e-07     1e-05   21.3   0.1    31    68     3    41     1    45 0.90 -
KV784357_1:1909370-1909924 -            185 1014314at2759        -            222   2.3e-10   36.5   0.4   2   2   0.00051    0.0057   12.3   0.0    30    64   147   183   128   185 0.52 -
KV784361_1:2343804-2344274 -            157 1014314at2759        -            222     3e-10   36.1   0.0   1   3     0.041      0.47    6.0   0.1    39    68     2    31     1    42 0.89 -
KV784361_1:2343804-2344274 -            157 1014314at2759        -            222     3e-10   36.1   0.0   2   3   3.8e-05   0.00043   16.0   0.0    29    67    50    89    37   101 0.84 -
KV784361_1:2343804-2344274 -            157 1014314at2759        -            222     3e-10   36.1   0.0   3   3    0.0013     0.015   11.0   0.0    25    61   118   155   108   157 0.68 -
KV784359_1:1348714-1349076 -            121 1014314at2759        -            222   3.7e-10   35.8   6.9   1   3   0.00074    0.0084   11.7   0.1   139   181     1    42     1    48 0.80 -
KV784359_1:1348714-1349076 -            121 1014314at2759        -            222   3.7e-10   35.8   6.9   2   3     0.044       0.5    5.9   0.1    49    66    43    61    28    74 0.55 -
KV784359_1:1348714-1349076 -            121 1014314at2759        -            222   3.7e-10   35.8   6.9   3   3   4.6e-07   5.2e-06   22.2   1.1    28    65    75   113    61   117 0.88 -
KV784363_1:838519-838986   -            156 1014314at2759        -            222   4.9e-10   35.4   0.0   1   3     0.036      0.41    6.2   0.1    39    68     2    31     1    47 0.88 -
KV784363_1:838519-838986   -            156 1014314at2759        -            222   4.9e-10   35.4   0.0   2   3   6.6e-05   0.00075   15.2   0.0    30    67    51    89    36   102 0.84 -
KV784363_1:838519-838986   -            156 1014314at2759        -            222   4.9e-10   35.4   0.0   3   3    0.0012     0.013   11.1   0.0    25    61   117   154   106   156 0.69 -
KV784354_1:3001358-3002197 -            280 1014314at2759        -            222   5.4e-10   35.3   6.9   1   4      0.47       5.4    2.6   0.1   130   155    33    58    19    73 0.80 -
KV784354_1:3001358-3002197 -            280 1014314at2759        -            222   5.4e-10   35.3   6.9   2   4    0.0096      0.11    8.1   0.0    71   105    75   109    62   113 0.86 -
KV784354_1:3001358-3002197 -            280 1014314at2759        -            222   5.4e-10   35.3   6.9   3   4   1.4e-05   0.00016   17.4   0.3   127   187   116   178   105   190 0.74 -
KV784354_1:3001358-3002197 -            280 1014314at2759        -            222   5.4e-10   35.3   6.9   4   4     0.029      0.33    6.5   0.1    66    95   249   278   212   280 0.62 -
KV784431_1:45672-46340     -            223 1014314at2759        -            222   6.1e-10   35.1   4.7   1   3     0.025      0.29    6.7   0.1   139   153     1    15     1    31 0.87 -
KV784431_1:45672-46340     -            223 1014314at2759        -            222   6.1e-10   35.1   4.7   2   3     2e-08   2.3e-07   26.7   0.3   121   185    34   100    28   103 0.89 -
KV784431_1:45672-46340     -            223 1014314at2759        -            222   6.1e-10   35.1   4.7   3   3      0.49       5.5    2.5   0.0    14    27   152   165   108   170 0.83 -
KV784426_1:48466-49110     -            215 1014314at2759        -            222   6.6e-10   35.0   0.0   1   2   0.00057    0.0065   12.1   0.0   128   179    55   107    45   125 0.82 -
KV784426_1:48466-49110     -            215 1014314at2759        -            222   6.6e-10   35.0   0.0   2   2      0.49       5.5    2.5   0.0   109   152   169   215   159   215 0.60 -
KV784404_1:79489-79782     -             98 1014314at2759        -            222   9.8e-10   34.4   0.5   1   2   3.2e-07   3.7e-06   22.7   0.1    14    62     1    57     1    66 0.83 -
KV784404_1:79489-79782     -             98 1014314at2759        -            222   9.8e-10   34.4   0.5   2   2    0.0024     0.027   10.1   0.0   126   151    72    97    62    98 0.71 -
KV784373_1:574406-574939   -            178 1014314at2759        -            222   1.2e-09   34.2   6.9   1   3    0.0047     0.054    9.1   0.1   137   153    13    29     4    40 0.90 -
KV784373_1:574406-574939   -            178 1014314at2759        -            222   1.2e-09   34.2   6.9   2   3   1.3e-08   1.5e-07   27.3   0.3   121   185    48   114    43   118 0.89 -
KV784373_1:574406-574939   -            178 1014314at2759        -            222   1.2e-09   34.2   6.9   3   3       2.6        30    0.1   0.1    14    26   166   178   146   178 0.68 -
KV784359_1:1512115-1512438 -            108 1014314at2759        -            222   1.8e-09   33.6   0.9   1   1   9.3e-09   1.1e-07   27.8   1.0     1    67     2    81     2   107 0.78 -
KV784361_1:1192035-1192967 -            311 1014314at2759        -            222   2.2e-09   33.3   2.1   1   3      0.32       3.7    3.1   0.1   133   160    47    74    37    91 0.84 -
KV784361_1:1192035-1192967 -            311 1014314at2759        -            222   2.2e-09   33.3   2.1   2   3      0.54       6.1    2.4   0.1    14    70   104   126    96   139 0.61 -
KV784361_1:1192035-1192967 -            311 1014314at2759        -            222   2.2e-09   33.3   2.1   3   3   1.1e-07   1.3e-06   24.2   0.0   127   185   251   310   248   311 0.93 -
KV784354_1:1188362-1189264 -            301 1014314at2759        -            222   2.3e-09   33.2   1.3   1   5     0.015      0.17    7.5   0.0   127   152    11    36     2    41 0.54 -
KV784354_1:1188362-1189264 -            301 1014314at2759        -            222   2.3e-09   33.2   1.3   2   5       2.7        31    0.1   0.0    29    70    82   129    75   137 0.65 -
KV784354_1:1188362-1189264 -            301 1014314at2759        -            222   2.3e-09   33.2   1.3   3   5     0.001     0.012   11.3   0.0    29    73   131   175   126   191 0.76 -
KV784354_1:1188362-1189264 -            301 1014314at2759        -            222   2.3e-09   33.2   1.3   4   5    0.0084     0.096    8.3   0.0   139   202   203   266   196   276 0.83 -
KV784354_1:1188362-1189264 -            301 1014314at2759        -            222   2.3e-09   33.2   1.3   5   5       2.2        25    0.4   0.0   135   152   284   301   272   301 0.84 -
KV784362_1:642471-643019   -            183 1014314at2759        -            222   2.9e-09   32.9   0.0   1   1   5.1e-10   5.8e-09   31.9   0.0   111   187   108   182   105   182 0.84 -
KV784356_1:1546956-1547504 -            183 1014314at2759        -            222   3.7e-09   32.5   0.0   1   1   6.5e-10   7.3e-09   31.6   0.0   111   187   108   182   105   182 0.84 -
KV784367_1:812851-814656   -            538 1014314at2759        -            222   4.7e-09   32.2   0.7   1   3       1.5        17    0.9   0.1   168   202   257   291   243   304 0.63 -
KV784367_1:812851-814656   -            538 1014314at2759        -            222   4.7e-09   32.2   0.7   2   3       1.1        12    1.4   0.1    34    59   340   365   306   389 0.73 -
KV784367_1:812851-814656   -            538 1014314at2759        -            222   4.7e-09   32.2   0.7   3   3   5.7e-08   6.5e-07   25.2   0.0   116   200   431   517   388   533 0.87 -
KV784376_1:194084-195045   -            239 1014314at2759        -            222   5.2e-09   32.1   2.4   1   4    0.0063     0.071    8.7   0.2    36    67     1    32     1    47 0.75 -
KV784376_1:194084-195045   -            239 1014314at2759        -            222   5.2e-09   32.1   2.4   2   4     0.073      0.82    5.2   0.0     6    29    58    81    53   120 0.85 -
KV784376_1:194084-195045   -            239 1014314at2759        -            222   5.2e-09   32.1   2.4   3   4       5.6        63   -0.9   0.0   129   148   140   159   136   167 0.86 -
KV784376_1:194084-195045   -            239 1014314at2759        -            222   5.2e-09   32.1   2.4   4   4   6.4e-05   0.00072   15.2   0.0   126   178   186   238   175   239 0.87 -
KV784380_1:582637-583606   -            239 1014314at2759        -            222   5.2e-09   32.1   2.4   1   4    0.0063     0.071    8.7   0.2    36    67     1    32     1    47 0.75 -
KV784380_1:582637-583606   -            239 1014314at2759        -            222   5.2e-09   32.1   2.4   2   4     0.073      0.82    5.2   0.0     6    29    58    81    53   120 0.85 -
KV784380_1:582637-583606   -            239 1014314at2759        -            222   5.2e-09   32.1   2.4   3   4       5.6        63   -0.9   0.0   129   148   140   159   136   167 0.86 -
KV784380_1:582637-583606   -            239 1014314at2759        -            222   5.2e-09   32.1   2.4   4   4   6.4e-05   0.00072   15.2   0.0   126   178   186   238   175   239 0.87 -
KV784361_1:1306457-1308466 -            615 1014314at2759        -            222   5.3e-09   32.0   0.7   1   4      0.02      0.22    7.1   0.0     3    96    54   153    52   157 0.76 -
KV784361_1:1306457-1308466 -            615 1014314at2759        -            222   5.3e-09   32.0   0.7   2   4       4.8        54   -0.7   0.0    68    90   355   377   342   386 0.64 -
KV784361_1:1306457-1308466 -            615 1014314at2759        -            222   5.3e-09   32.0   0.7   3   4   2.5e-05   0.00028   16.6   0.1   129   212   415   522   404   527 0.65 -
KV784361_1:1306457-1308466 -            615 1014314at2759        -            222   5.3e-09   32.0   0.7   4   4    0.0095      0.11    8.1   0.1    31    61   506   536   464   545 0.71 -
KV784353_1:2443804-2444151 -            116 1014314at2759        -            222   5.4e-09   32.0   0.1   1   2   2.5e-05   0.00029   16.5   0.0   129   200     5    78     1    81 0.83 -
KV784353_1:2443804-2444151 -            116 1014314at2759        -            222   5.4e-09   32.0   0.1   2   2   0.00012    0.0013   14.4   0.0    29    62    80   113    68   115 0.79 -
KV784446_1:78715-79062     -            116 1014314at2759        -            222   5.4e-09   32.0   0.1   1   2   2.5e-05   0.00029   16.5   0.0   129   200     5    78     1    81 0.83 -
KV784446_1:78715-79062     -            116 1014314at2759        -            222   5.4e-09   32.0   0.1   2   2   0.00012    0.0013   14.4   0.0    29    62    80   113    68   115 0.79 -
KV784361_1:2468797-2469474 -            226 1014314at2759        -            222   5.7e-09   31.9   1.0   1   2   9.5e-09   1.1e-07   27.7   0.2    30    97    33   109    28   111 0.76 -
KV784361_1:2468797-2469474 -            226 1014314at2759        -            222   5.7e-09   31.9   1.0   2   2     0.009       0.1    8.2   0.2     5    46    84   125    80   162 0.85 -
KV784363_1:1024955-1025632 -            226 1014314at2759        -            222   5.7e-09   31.9   1.0   1   2   9.5e-09   1.1e-07   27.7   0.2    30    97    33   109    28   111 0.76 -
KV784363_1:1024955-1025632 -            226 1014314at2759        -            222   5.7e-09   31.9   1.0   2   2     0.009       0.1    8.2   0.2     5    46    84   125    80   162 0.85 -
KV784356_1:920299-920979   -            227 1014314at2759        -            222   9.8e-09   31.1   3.0   1   4   2.4e-05   0.00027   16.6   0.1   121   164     2    46     1    57 0.84 -
KV784356_1:920299-920979   -            227 1014314at2759        -            222   9.8e-09   31.1   3.0   2   4     0.006     0.068    8.8   0.0    46    88    59   103    46   104 0.74 -
KV784356_1:920299-920979   -            227 1014314at2759        -            222   9.8e-09   31.1   3.0   3   4      0.15       1.7    4.2   0.0   135   156   102   123    97   132 0.73 -
KV784356_1:920299-920979   -            227 1014314at2759        -            222   9.8e-09   31.1   3.0   4   4       5.4        61   -0.9   0.0   133   154   177   197   160   203 0.75 -
KV784353_1:1735052-1735888 -            279 1014314at2759        -            222   1.2e-08   30.9   5.2   1   6       3.4        38   -0.2   0.0    38    63     7    35     1    42 0.63 -
KV784353_1:1735052-1735888 -            279 1014314at2759        -            222   1.2e-08   30.9   5.2   2   6   0.00039    0.0045   12.6   0.2    38    86    62   111    39   115 0.82 -
KV784353_1:1735052-1735888 -            279 1014314at2759        -            222   1.2e-08   30.9   5.2   3   6     0.022      0.25    6.9   0.0    32   160    99   136    91   145 0.54 -
KV784353_1:1735052-1735888 -            279 1014314at2759        -            222   1.2e-08   30.9   5.2   4   6       8.3        94   -1.5   0.0    38    54   149   165   140   180 0.72 -
KV784353_1:1735052-1735888 -            279 1014314at2759        -            222   1.2e-08   30.9   5.2   5   6    0.0011     0.013   11.1   0.1    31    78   187   238   182   241 0.78 -
KV784353_1:1735052-1735888 -            279 1014314at2759        -            222   1.2e-08   30.9   5.2   6   6       4.8        54   -0.7   0.0    33    59   237   263   231   276 0.73 -
KV784358_1:353468-355335   -            560 1014314at2759        -            222   2.8e-08   29.7   0.8   1   2       1.4        16    1.0   0.1   168   202   257   291   243   304 0.63 -
KV784358_1:353468-355335   -            560 1014314at2759        -            222   2.8e-08   29.7   0.8   2   2   2.3e-07   2.6e-06   23.2   0.1   116   200   431   517   306   536 0.89 -
KV784354_1:2873999-2877250 -           1084 1014314at2759        -            222   3.8e-08   29.2   2.7   1   4      0.24       2.8    3.5   0.1   126   186   151   217   144   233 0.58 -
KV784354_1:2873999-2877250 -           1084 1014314at2759        -            222   3.8e-08   29.2   2.7   2   4       8.4        96   -1.5   0.0   123   155   460   490   444   497 0.70 -
KV784354_1:2873999-2877250 -           1084 1014314at2759        -            222   3.8e-08   29.2   2.7   3   4     0.032      0.36    6.4   0.1   121   187   559   628   553   639 0.82 -
KV784354_1:2873999-2877250 -           1084 1014314at2759        -            222   3.8e-08   29.2   2.7   4   4   0.00014    0.0016   14.1   0.0   130   183   661   713   651   723 0.84 -
KV784357_1:314273-314563   -             97 1014314at2759        -            222   4.8e-08   28.9   0.1   1   2       1.6        18    0.9   0.0   130   152    21    43    16    53 0.69 -
KV784357_1:314273-314563   -             97 1014314at2759        -            222   4.8e-08   28.9   0.1   2   2     3e-08   3.4e-07   26.1   0.1   120   160    52    94    48    96 0.86 -
KV784403_1:6983-7273       -             97 1014314at2759        -            222   4.8e-08   28.9   0.1   1   2       1.6        18    0.9   0.0   130   152    21    43    16    53 0.69 -
KV784403_1:6983-7273       -             97 1014314at2759        -            222   4.8e-08   28.9   0.1   2   2     3e-08   3.4e-07   26.1   0.1   120   160    52    94    48    96 0.86 -
KV784362_1:330522-331043   -            174 1014314at2759        -            222   8.9e-08   28.0   0.2   1   3   0.00035     0.004   12.8   0.0   136   178     4    46     1    48 0.92 -
KV784362_1:330522-331043   -            174 1014314at2759        -            222   8.9e-08   28.0   0.2   2   3   0.00078    0.0089   11.7   0.0   131   163    47    79    43    91 0.85 -
KV784362_1:330522-331043   -            174 1014314at2759        -            222   8.9e-08   28.0   0.2   3   3         2        23    0.5   0.0   153   174   130   152   119   173 0.66 -
KV784355_1:2661717-2663666 -            650 1014314at2759        -            222   1.1e-07   27.8   0.9   1   4   6.4e-05   0.00073   15.2   0.0   129   187   156   214   149   231 0.86 -
KV784355_1:2661717-2663666 -            650 1014314at2759        -            222   1.1e-07   27.8   0.9   2   4      0.12       1.4    4.5   0.1   136   156   267   287   243   312 0.66 -
KV784355_1:2661717-2663666 -            650 1014314at2759        -            222   1.1e-07   27.8   0.9   3   4      0.71       8.1    2.0   0.0    31    62   331   367   310   383 0.79 -
KV784355_1:2661717-2663666 -            650 1014314at2759        -            222   1.1e-07   27.8   0.9   4   4       2.1        24    0.5   0.0   125   148   440   463   399   470 0.84 -
KV784358_1:1390876-1391181 -            102 1014314at2759        -            222   1.1e-07   27.7   0.1   1   2   4.1e-06   4.6e-05   19.1   0.0   121   175     2    57     1    65 0.85 -
KV784358_1:1390876-1391181 -            102 1014314at2759        -            222   1.1e-07   27.7   0.1   2   2     0.021      0.24    7.0   0.1    10   156    68    89    59   102 0.60 -
KV784358_1:1390145-1390612 -            156 1014314at2759        -            222   1.7e-07   27.1   3.4   1   3      0.18         2    4.0   0.1   140   154     2    16     1    32 0.77 -
KV784358_1:1390145-1390612 -            156 1014314at2759        -            222   1.7e-07   27.1   3.4   2   3      0.26       2.9    3.4   0.0   138   154    50    66    17    83 0.59 -
KV784358_1:1390145-1390612 -            156 1014314at2759        -            222   1.7e-07   27.1   3.4   3   3   4.3e-06   4.8e-05   19.1   0.1   114   154    90   131    83   155 0.68 -
KV784359_1:493648-494406   -            253 1014314at2759        -            222   1.8e-07   27.0   0.0   1   3      0.64       7.2    2.2   0.0    47    90    33    76    24    87 0.71 -
KV784359_1:493648-494406   -            253 1014314at2759        -            222   1.8e-07   27.0   0.0   2   3   9.5e-06   0.00011   17.9   0.0    26    71   171   217   144   230 0.81 -
KV784359_1:493648-494406   -            253 1014314at2759        -            222   1.8e-07   27.0   0.0   3   3      0.63       7.1    2.2   0.0     4    20   236   252   233   253 0.63 -
KV784353_1:2953385-2953654 -             90 1014314at2759        -            222   1.9e-07   27.0   0.4   1   2   7.1e-07   8.1e-06   21.6   0.1   126   167     5    46     1    63 0.81 -
KV784353_1:2953385-2953654 -             90 1014314at2759        -            222   1.9e-07   27.0   0.4   2   2      0.16       1.8    4.1   0.0    14    27    75    88    67    90 0.49 -
KV784374_1:541300-541527   -             76 1014314at2759        -            222   2.8e-07   26.4   0.3   1   2   1.9e-05   0.00021   17.0   0.0   164   197     5    38     1    46 0.59 -
KV784374_1:541300-541527   -             76 1014314at2759        -            222   2.8e-07   26.4   0.3   2   2    0.0083     0.095    8.3   0.1   121   149    45    75    40    76 0.80 -
KV784407_1:85048-85275     -             76 1014314at2759        -            222   2.8e-07   26.4   0.3   1   2   1.9e-05   0.00021   17.0   0.0   164   197     5    38     1    46 0.59 -
KV784407_1:85048-85275     -             76 1014314at2759        -            222   2.8e-07   26.4   0.3   2   2    0.0083     0.095    8.3   0.1   121   149    45    75    40    76 0.80 -
KV784364_1:1090358-1090849 -            164 1014314at2759        -            222   3.1e-07   26.3   0.2   1   3     6e-05   0.00068   15.3   0.1    72   154    12    85     5    87 0.68 -
KV784364_1:1090358-1090849 -            164 1014314at2759        -            222   3.1e-07   26.3   0.2   2   3      0.33       3.7    3.1   0.0    16    50    86   123    84   149 0.69 -
KV784364_1:1090358-1090849 -            164 1014314at2759        -            222   3.1e-07   26.3   0.2   3   3       2.6        29    0.2   0.0   159   180   142   163   111   164 0.56 -
KV784356_1:1261586-1262194 -            203 1014314at2759        -            222   3.6e-07   26.0   0.3   1   3   0.00098     0.011   11.4   0.0   138   178    35    75     9    77 0.88 -
KV784356_1:1261586-1262194 -            203 1014314at2759        -            222   3.6e-07   26.0   0.3   2   3     0.001     0.012   11.3   0.0   132   163    77   108    73   119 0.85 -
KV784356_1:1261586-1262194 -            203 1014314at2759        -            222   3.6e-07   26.0   0.3   3   3       2.3        26    0.4   0.0   153   174   159   181   144   202 0.66 -
KV784354_1:3538596-3539336 -            247 1014314at2759        -            222   5.1e-07   25.5   0.3   1   2   0.00018    0.0021   13.7   0.0    28    64     9    47     3    53 0.85 -
KV784354_1:3538596-3539336 -            247 1014314at2759        -            222   5.1e-07   25.5   0.3   2   2    0.0033     0.037    9.6   0.1   127   204   143   227   133   230 0.82 -
KV784354_1:619556-620113   -            186 1014314at2759        -            222   5.9e-07   25.3   0.0   1   3   0.00018     0.002   13.8   0.0   126   196     3    77     2    85 0.76 -
KV784354_1:619556-620113   -            186 1014314at2759        -            222   5.9e-07   25.3   0.0   2   3         2        23    0.5   0.0   138   155   105   122    99   125 0.84 -
KV784354_1:619556-620113   -            186 1014314at2759        -            222   5.9e-07   25.3   0.0   3   3     0.016      0.18    7.4   0.0    21    61   125   166   120   178 0.80 -
KV784422_1:111096-111428   -            111 1014314at2759        -            222   8.4e-07   24.8   0.0   1   2      0.16       1.8    4.1   0.0   138   154    36    52    13    56 0.81 -
KV784422_1:111096-111428   -            111 1014314at2759        -            222   8.4e-07   24.8   0.0   2   2   4.2e-06   4.8e-05   19.1   0.0    29    63    75   110    63   111 0.86 -
KV784353_1:2698521-2699285 -            255 1014314at2759        -            222   3.6e-06   22.8   0.8   1   3      0.59       6.7    2.3   0.0   127   155    15    43     8    56 0.70 -
KV784353_1:2698521-2699285 -            255 1014314at2759        -            222   3.6e-06   22.8   0.8   2   3    0.0038     0.043    9.4   0.0    29    63    60    95    53   110 0.78 -
KV784353_1:2698521-2699285 -            255 1014314at2759        -            222   3.6e-06   22.8   0.8   3   3    0.0091       0.1    8.2   0.0   127   171   173   218   156   222 0.84 -
KV784356_1:2132734-2133357 -            208 1014314at2759        -            222   3.8e-06   22.7   0.4   1   3   0.00026    0.0029   13.2   0.1   129   215    10   102     2   104 0.71 -
KV784356_1:2132734-2133357 -            208 1014314at2759        -            222   3.8e-06   22.7   0.4   2   3    0.0005    0.0057   12.3   0.1   143   196    70   125    56   133 0.80 -
KV784356_1:2132734-2133357 -            208 1014314at2759        -            222   3.8e-06   22.7   0.4   3   3      0.23       2.6    3.6   0.0   115   155   154   190   142   199 0.80 -
KV784361_1:1772050-1772343 -             98 1014314at2759        -            222   6.6e-06   21.9   0.2   1   2      0.29       3.3    3.3   0.0    16    39     2    25     1    31 0.81 -
KV784361_1:1772050-1772343 -             98 1014314at2759        -            222   6.6e-06   21.9   0.2   2   2   1.6e-05   0.00018   17.2   0.1   121   179    37    96    32    98 0.80 -
KV784413_1:192744-192992   -             83 1014314at2759        -            222   6.9e-06   21.8   0.1   1   1   1.1e-06   1.3e-05   21.0   0.1    25    71    25    72     1    74 0.82 -
KV784363_1:204991-205284   -             98 1014314at2759        -            222   7.2e-06   21.8   0.2   1   2      0.31       3.5    3.2   0.0    16    39     2    25     1    31 0.81 -
KV784363_1:204991-205284   -             98 1014314at2759        -            222   7.2e-06   21.8   0.2   2   2   1.6e-05   0.00018   17.2   0.1   121   179    37    96    32    98 0.80 -
KV784353_1:2444547-2445173 -            209 1014314at2759        -            222     8e-06   21.6   0.1   1   2   8.2e-06   9.3e-05   18.1   0.1    26    69     3    46     1   112 0.83 -
KV784353_1:2444547-2445173 -            209 1014314at2759        -            222     8e-06   21.6   0.1   2   2       2.3        27    0.3   0.0     5    29   142   165   139   184 0.76 -
KV784446_1:77693-78319     -            209 1014314at2759        -            222     8e-06   21.6   0.1   1   2   8.2e-06   9.3e-05   18.1   0.1    26    69     3    46     1   112 0.83 -
KV784446_1:77693-78319     -            209 1014314at2759        -            222     8e-06   21.6   0.1   2   2       2.3        27    0.3   0.0     5    29   142   165   139   184 0.76 -
KV784358_1:1637660-1637941 -             94 1014314at2759        -            222   8.1e-06   21.6   0.0   1   2      0.14       1.5    4.3   0.0   137   154    22    39     8    46 0.67 -
KV784358_1:1637660-1637941 -             94 1014314at2759        -            222   8.1e-06   21.6   0.0   2   2   5.1e-05   0.00058   15.5   0.0    28    68    51    92    47    94 0.87 -
KV784361_1:1796539-1797303 -            255 1014314at2759        -            222   1.3e-05   21.0   0.1   1   2      0.14       1.6    4.3   0.0   122   147   138   163    59   171 0.53 -
KV784361_1:1796539-1797303 -            255 1014314at2759        -            222   1.3e-05   21.0   0.1   2   2    0.0015     0.017   10.7   0.0    35    69   203   237   194   239 0.84 -
KV784363_1:229470-230243   -            258 1014314at2759        -            222   1.4e-05   20.9   0.2   1   3      0.92        10    1.6   0.0    45    71    65    91    61   101 0.83 -
KV784363_1:229470-230243   -            258 1014314at2759        -            222   1.4e-05   20.9   0.2   2   3      0.26       2.9    3.4   0.0    30   149   140   167   102   172 0.49 -
KV784363_1:229470-230243   -            258 1014314at2759        -            222   1.4e-05   20.9   0.2   3   3    0.0016     0.018   10.7   0.0    35    69   205   239   197   241 0.84 -
KV784357_1:753055-753414   -            120 1014314at2759        -            222   1.4e-05   20.8   0.0   1   1   1.6e-06   1.8e-05   20.5   0.0   132   187    63   117    57   120 0.90 -
KV784362_1:1164262-1164885 -            208 1014314at2759        -            222   1.5e-05   20.7   0.4   1   3   0.00017    0.0019   13.8   0.3   135   217    15   104     4   109 0.72 -
KV784362_1:1164262-1164885 -            208 1014314at2759        -            222   1.5e-05   20.7   0.4   2   3   0.00096     0.011   11.4   0.1   144   196    71   125    58   133 0.80 -
KV784362_1:1164262-1164885 -            208 1014314at2759        -            222   1.5e-05   20.7   0.4   3   3      0.33       3.8    3.1   0.0   115   155   154   190   142   199 0.79 -
KV784435_1:194434-195480   -            349 1014314at2759        -            222   1.9e-05   20.4   0.0   1   1   3.5e-06     4e-05   19.3   0.0   127   161   243   277   238   289 0.84 -
KV784462_1:52958-53227     -             90 1014314at2759        -            222   2.6e-05   20.0   0.0   1   2   0.00037    0.0042   12.7   0.0   128   155     3    31     1    43 0.70 -
KV784462_1:52958-53227     -             90 1014314at2759        -            222   2.6e-05   20.0   0.0   2   2      0.05      0.57    5.8   0.0     4    26    68    90    59    90 0.76 -
KV784356_1:986804-986938   -             45 1014314at2759        -            222   3.4e-05   19.6   0.0   1   1     3e-06   3.4e-05   19.6   0.0   127   152     2    27     1    43 0.88 -
KV784362_1:80223-80357     -             45 1014314at2759        -            222   3.4e-05   19.6   0.0   1   1     3e-06   3.4e-05   19.6   0.0   127   152     2    27     1    43 0.88 -
KV784372_1:347522-348259   -            246 1014314at2759        -            222   4.1e-05   19.3   0.0   1   3    0.0013     0.015   11.0   0.0     2    30     5    33     4    48 0.87 -
KV784372_1:347522-348259   -            246 1014314at2759        -            222   4.1e-05   19.3   0.0   2   3       4.8        55   -0.7   0.0    11    25    99   113    49   178 0.69 -
KV784372_1:347522-348259   -            246 1014314at2759        -            222   4.1e-05   19.3   0.0   3   3     0.087      0.99    5.0   0.0   127   153   214   240   198   242 0.81 -
KV784356_1:986021-986347   -            109 1014314at2759        -            222   4.5e-05   19.2   0.1   1   2    0.0006    0.0068   12.0   0.1    36   158    23    55     3    62 0.62 -
KV784356_1:986021-986347   -            109 1014314at2759        -            222   4.5e-05   19.2   0.1   2   2     0.067      0.76    5.3   0.0    73    97    82   106    75   108 0.91 -
KV784466_1:29788-30018     -             77 1014314at2759        -            222   5.9e-05   18.8   0.5   1   1   4.1e-05   0.00047   15.8   0.1   132   167     1    36     1    56 0.77 -
KV784432_1:35110-35802     -            231 1014314at2759        -            222   7.7e-05   18.4   0.0   1   3   0.00048    0.0055   12.4   0.0   130   177     4    58     1    91 0.69 -
KV784432_1:35110-35802     -            231 1014314at2759        -            222   7.7e-05   18.4   0.0   2   3       2.9        33   -0.0   0.0    86   135   131   181   116   187 0.64 -
KV784432_1:35110-35802     -            231 1014314at2759        -            222   7.7e-05   18.4   0.0   3   3      0.96        11    1.6   0.0    71    94   198   221   189   227 0.83 -
KV784357_1:2668525-2669268 -            248 1014314at2759        -            222   0.00015   17.5   0.0   1   3    0.0017      0.02   10.6   0.0   130   155     4    29     1    91 0.70 -
KV784357_1:2668525-2669268 -            248 1014314at2759        -            222   0.00015   17.5   0.0   2   3         3        35   -0.1   0.0    86   136   131   182   118   194 0.66 -
KV784357_1:2668525-2669268 -            248 1014314at2759        -            222   0.00015   17.5   0.0   3   3      0.54       6.2    2.4   0.0    71    97   198   224   188   239 0.79 -
KV784353_1:2825091-2825747 -            219 1014314at2759        -            222   0.00017   17.3   4.1   1   3     0.071       0.8    5.3   0.0    72   125    36    89    22   122 0.59 -
KV784353_1:2825091-2825747 -            219 1014314at2759        -            222   0.00017   17.3   4.1   2   3     0.057      0.65    5.6   0.4    31    66   139   178    98   191 0.77 -
KV784353_1:2825091-2825747 -            219 1014314at2759        -            222   0.00017   17.3   4.1   3   3     0.074      0.84    5.2   0.1   134   151   201   218   193   219 0.77 -
KV784375_1:73862-74668     -            269 1014314at2759        -            222   0.00018   17.2   0.1   1   3       5.9        67   -1.0   0.0   135   156     5    26     1    63 0.66 -
KV784375_1:73862-74668     -            269 1014314at2759        -            222   0.00018   17.2   0.1   2   3   0.00034    0.0039   12.9   0.0     5    65   121   180   117   191 0.83 -
KV784375_1:73862-74668     -            269 1014314at2759        -            222   0.00018   17.2   0.1   3   3       1.7        19    0.7   0.0   166   202   200   237   189   251 0.68 -
KV784414_1:127082-127993   -            304 1014314at2759        -            222   0.00019   17.1   3.2   1   4     0.063      0.72    5.4   0.0   126   175   100   150    85   159 0.81 -
KV784414_1:127082-127993   -            304 1014314at2759        -            222   0.00019   17.1   3.2   2   4      0.45       5.1    2.6   0.1   135   153   166   184   146   190 0.71 -
KV784414_1:127082-127993   -            304 1014314at2759        -            222   0.00019   17.1   3.2   3   4      0.28       3.2    3.3   0.2    14    28   170   184   156   202 0.56 -
KV784414_1:127082-127993   -            304 1014314at2759        -            222   0.00019   17.1   3.2   4   4     0.021      0.23    7.0   0.1     2    31   212   241   211   252 0.82 -
KV784401_1:29200-29856     -            219 1014314at2759        -            222   0.00019   17.1   3.9   1   3      0.06      0.68    5.5   0.0    72   126    36    90    20   126 0.60 -
KV784401_1:29200-29856     -            219 1014314at2759        -            222   0.00019   17.1   3.9   2   3     0.073      0.83    5.2   0.2    31    66   139   178   134   191 0.68 -
KV784401_1:29200-29856     -            219 1014314at2759        -            222   0.00019   17.1   3.9   3   3     0.082      0.93    5.1   0.1   134   152   201   219   195   219 0.83 -
KV784419_1:148670-149314   -            215 1014314at2759        -            222    0.0002   17.0   0.1   1   3   0.00015    0.0017   14.0   0.0   124   154    15    45     8    85 0.73 -
KV784419_1:148670-149314   -            215 1014314at2759        -            222    0.0002   17.0   0.1   2   3       5.2        59   -0.8   0.0    70    83    72    85    51    99 0.74 -
KV784419_1:148670-149314   -            215 1014314at2759        -            222    0.0002   17.0   0.1   3   3       3.9        44   -0.4   0.0   171   182   116   127    72   132 0.52 -
KV784374_1:541896-542414   -            173 1014314at2759        -            222   0.00026   16.7   0.7   1   1   0.00029    0.0032   13.1   0.7    29    73    26    68     1   173 0.74 -
KV784362_1:79440-79766     -            109 1014314at2759        -            222   0.00044   15.9   0.1   1   2    0.0058     0.066    8.8   0.1    40   158    27    55     3    62 0.65 -
KV784362_1:79440-79766     -            109 1014314at2759        -            222   0.00044   15.9   0.1   2   2     0.067      0.76    5.3   0.0    73    97    82   106    75   108 0.91 -
KV784362_1:1308262-1308858 -            199 1014314at2759        -            222    0.0013   14.4   0.5   1   2    0.0064     0.072    8.7   0.1   127   152    48    73    17    91 0.67 -
KV784362_1:1308262-1308858 -            199 1014314at2759        -            222    0.0013   14.4   0.5   2   2      0.14       1.5    4.4   0.1   123   183   110   174    94   193 0.80 -
KV784356_1:2261743-2262339 -            199 1014314at2759        -            222    0.0044   12.7   0.4   1   2    0.0039     0.044    9.4   0.1   126   153    47    74    17   106 0.68 -
KV784356_1:2261743-2262339 -            199 1014314at2759        -            222    0.0044   12.7   0.4   2   2      0.85       9.6    1.7   0.0   123   182   110   173   100   193 0.72 -
KV784354_1:1350747-1350857 -             37 1014314at2759        -            222     0.006   12.2   0.0   1   1   0.00053     0.006   12.2   0.0    15    40     3    26     1    37 0.50 -
KV784401_1:199592-204163   -           1430 1014314at2759        -            222     0.012   11.3   6.2   1   3     0.014      0.15    7.6   0.0   124   155   994  1026   983  1033 0.80 -
KV784401_1:199592-204163   -           1430 1014314at2759        -            222     0.012   11.3   6.2   2   3      0.73       8.3    2.0   0.5   128   153  1160  1185  1045  1211 0.66 -
KV784401_1:199592-204163   -           1430 1014314at2759        -            222     0.012   11.3   6.2   3   3       7.6        87   -1.4   0.0   133   154  1317  1338  1289  1346 0.73 -
KV784359_1:727054-732244   -           1670 1014314at2759        -            222     0.017   10.7   5.6   1   3     0.016      0.18    7.4   0.0   124   155  1234  1266  1223  1275 0.81 -
KV784359_1:727054-732244   -           1670 1014314at2759        -            222     0.017   10.7   5.6   2   3      0.87       9.8    1.7   0.5   128   153  1400  1425  1282  1451 0.65 -
KV784359_1:727054-732244   -           1670 1014314at2759        -            222     0.017   10.7   5.6   3   3       9.4   1.1e+02   -1.7   0.0   133   154  1557  1578  1531  1586 0.73 -
#
# Program:         hmmsearch
# Version:         3.1b2 (February 2015)
# Pipeline mode:   SEARCH
# Query file:      /Users/aholzer/ownCloud/PhD/Publications/2021 Liavero-Pasquina et al./analysis/TPP_aptamer_search/busco_downloads/lineages/eukaryota_odb10/hmms/1014314at2759.hmm
# Target file:     /Users/aholzer/ownCloud/PhD/Publications/2021 Liavero-Pasquina et al./analysis/TPP_aptamer_search/genomes/BUSCO_eukaryota_obd10/Fragilariopsis_cylindrus_Fracy1/run_eukaryota_odb10/metaeuk_output/initial_results/GCA_001750085.1_Fracy1_genomic.fna.modified.fas
# Option settings: hmmsearch --domtblout /Users/aholzer/ownCloud/PhD/Publications/2021 Liavero-Pasquina et al./analysis/TPP_aptamer_search/genomes/BUSCO_eukaryota_obd10/Fragilariopsis_cylindrus_Fracy1/run_eukaryota_odb10/hmmer_output/initial_run_results/1014314at2759.out --cpu 1 /Users/aholzer/ownCloud/PhD/Publications/2021 Liavero-Pasquina et al./analysis/TPP_aptamer_search/busco_downloads/lineages/eukaryota_odb10/hmms/1014314at2759.hmm /Users/aholzer/ownCloud/PhD/Publications/2021 Liavero-Pasquina et al./analysis/TPP_aptamer_search/genomes/BUSCO_eukaryota_obd10/Fragilariopsis_cylindrus_Fracy1/run_eukaryota_odb10/metaeuk_output/initial_results/GCA_001750085.1_Fracy1_genomic.fna.modified.fas 
# Current dir:     /Users/aholzer/ownCloud/PhD/Publications/2021 Liavero-Pasquina et al./analysis/TPP_aptamer_search
# Date:            Sat Apr 17 20:51:26 2021
# [ok]
