#                                                                                  --- full sequence --- -------------- this domain -------------   hmm coord   ali coord   env coord
# target name              accession   tlen query name           accession   qlen   E-value  score  bias   #  of  c-Evalue  i-Evalue  score  bias  from    to  from    to  from    to  acc description of target
#      ------------------- ---------- ----- -------------------- ---------- ----- --------- ------ ----- --- --- --------- --------- ------ ----- ----- ----- ----- ----- ----- ----- ---- ---------------------
KV784359_1:727054-732244   -           1670 1312453at2759        -            678   2.8e-91  303.3  22.9   1   7   1.1e-26     9e-26   86.8   0.4    43   162    86   242    77   243 0.79 -
KV784359_1:727054-732244   -           1670 1312453at2759        -            678   2.8e-91  303.3  22.9   2   7   2.6e-18   2.2e-17   59.1   0.0   158   249   280   382   267   392 0.77 -
KV784359_1:727054-732244   -           1670 1312453at2759        -            678   2.8e-91  303.3  22.9   3   7   7.8e-17   6.6e-16   54.2   1.3   269   362   573   682   551   688 0.84 -
KV784359_1:727054-732244   -           1670 1312453at2759        -            678   2.8e-91  303.3  22.9   4   7   2.4e-23     2e-22   75.7   0.0   366   477   775   891   740   897 0.86 -
KV784359_1:727054-732244   -           1670 1312453at2759        -            678   2.8e-91  303.3  22.9   5   7   9.5e-09     8e-08   27.5   0.3   562   632  1233  1321  1221  1329 0.78 -
KV784359_1:727054-732244   -           1670 1312453at2759        -            678   2.8e-91  303.3  22.9   6   7    0.0072     0.061    8.0   0.1   637   673  1391  1435  1354  1440 0.75 -
KV784359_1:727054-732244   -           1670 1312453at2759        -            678   2.8e-91  303.3  22.9   7   7       2.8        24   -0.5   0.0   566   588  1646  1669  1642  1670 0.72 -
KV784401_1:199592-204163   -           1430 1312453at2759        -            678   8.6e-74  245.5  20.8   1   6   1.3e-26   1.1e-25   86.5   0.4    43   162    86   242    77   246 0.79 -
KV784401_1:199592-204163   -           1430 1312453at2759        -            678   8.6e-74  245.5  20.8   2   6   6.8e-17   5.8e-16   54.4   1.4   269   362   333   442   312   448 0.84 -
KV784401_1:199592-204163   -           1430 1312453at2759        -            678   8.6e-74  245.5  20.8   3   6   1.9e-23   1.6e-22   76.0   0.0   366   477   535   651   499   657 0.86 -
KV784401_1:199592-204163   -           1430 1312453at2759        -            678   8.6e-74  245.5  20.8   4   6   7.9e-09   6.7e-08   27.7   0.3   562   632   993  1081   981  1089 0.78 -
KV784401_1:199592-204163   -           1430 1312453at2759        -            678   8.6e-74  245.5  20.8   5   6     0.006     0.051    8.3   0.1   637   673  1151  1195  1114  1200 0.75 -
KV784401_1:199592-204163   -           1430 1312453at2759        -            678   8.6e-74  245.5  20.8   6   6       2.3        19   -0.2   0.0   565   588  1405  1429  1401  1430 0.73 -
KV784413_1:70248-71075     -            276 1312453at2759        -            678   1.1e-13   46.8   0.0   1   1   1.6e-14   1.4e-13   46.5   0.0    58   227    88   268    26   273 0.73 -
KV784358_1:1484500-1485213 -            238 1312453at2759        -            678     7e-13   44.2   0.0   1   1   1.1e-13   9.2e-13   43.8   0.0    51   225    52   231    31   235 0.83 -
KV784463_1:70469-72108     -            374 1312453at2759        -            678   6.1e-12   41.1   0.2   1   3     1e-06   8.5e-06   20.8   0.0    79   125   178   225   157   237 0.90 -
KV784463_1:70469-72108     -            374 1312453at2759        -            678   6.1e-12   41.1   0.2   2   3     0.003     0.025    9.3   0.0   162   185   260   282   249   291 0.88 -
KV784463_1:70469-72108     -            374 1312453at2759        -            678   6.1e-12   41.1   0.2   3   3    0.0099     0.084    7.6   0.0   206   233   347   374   331   374 0.81 -
KV784386_1:299800-301459   -            372 1312453at2759        -            678   6.3e-12   41.0   0.2   1   3   9.9e-07   8.4e-06   20.8   0.0    79   125   176   223   155   235 0.90 -
KV784386_1:299800-301459   -            372 1312453at2759        -            678   6.3e-12   41.0   0.2   2   3     0.003     0.025    9.3   0.0   162   185   258   280   247   289 0.88 -
KV784386_1:299800-301459   -            372 1312453at2759        -            678   6.3e-12   41.0   0.2   3   3      0.01     0.088    7.5   0.0   206   233   345   372   329   372 0.82 -
KV784359_1:898666-899814   -            297 1312453at2759        -            678     2e-11   39.4   0.0   1   1   5.6e-12   4.8e-11   38.1   0.0    31   231    38   250    22   254 0.73 -
KV784360_1:1877783-1878664 -            294 1312453at2759        -            678   3.8e-11   38.5   0.0   1   1   6.5e-11   5.5e-10   34.6   0.0    44   231    51   250    43   254 0.75 -
KV784396_1:269188-270069   -            294 1312453at2759        -            678   3.8e-11   38.5   0.0   1   1   6.5e-11   5.5e-10   34.6   0.0    44   231    51   250    43   254 0.75 -
KV784354_1:1186713-1187747 -            345 1312453at2759        -            678     4e-11   38.4   0.0   1   2   4.2e-09   3.5e-08   28.7   0.0    77   181   135   240    85   250 0.75 -
KV784354_1:1186713-1187747 -            345 1312453at2759        -            678     4e-11   38.4   0.0   2   2     0.012       0.1    7.3   0.0   207   235   313   341   309   344 0.92 -
KV784361_1:1225315-1226377 -            306 1312453at2759        -            678   4.8e-11   38.1   0.0   1   1   9.4e-12   7.9e-11   37.4   0.0    40   230    48   250    28   254 0.74 -
KV784401_1:381090-382229   -            297 1312453at2759        -            678   7.9e-11   37.4   0.0   1   1   2.2e-11   1.8e-10   36.2   0.0    30   231    37   250    19   254 0.74 -
KV784380_1:168499-169266   -            256 1312453at2759        -            678   1.5e-10   36.5   0.0   1   1     3e-11   2.5e-10   35.7   0.0    59   233    68   252    28   255 0.77 -
KV784354_1:2674946-2675398 -            151 1312453at2759        -            678   6.3e-10   34.4   0.0   1   1   1.3e-10   1.1e-09   33.6   0.0    42   125    11    99     5   151 0.87 -
KV784353_1:1575780-1576349 -            190 1312453at2759        -            678   1.9e-09   32.8   1.0   1   4   2.8e-05   0.00023   16.0   0.1   551   598     3    50     1    65 0.85 -
KV784353_1:1575780-1576349 -            190 1312453at2759        -            678   1.9e-09   32.8   1.0   2   4     0.044      0.37    5.5   0.0   572   595    72    95    51   110 0.78 -
KV784353_1:1575780-1576349 -            190 1312453at2759        -            678   1.9e-09   32.8   1.0   3   4       1.3        11    0.6   0.0   573   592   115   134   102   145 0.86 -
KV784353_1:1575780-1576349 -            190 1312453at2759        -            678   1.9e-09   32.8   1.0   4   4     0.017      0.14    6.8   0.1   571   591   155   175   133   189 0.76 -
KV784365_1:367787-368764   -            326 1312453at2759        -            678   2.2e-09   32.7   5.6   1   4     0.026      0.22    6.2   0.1   561   618    12    71     2    87 0.65 -
KV784365_1:367787-368764   -            326 1312453at2759        -            678   2.2e-09   32.7   5.6   2   4   0.00028    0.0024   12.7   0.5   554   595   135   179    77   184 0.79 -
KV784365_1:367787-368764   -            326 1312453at2759        -            678   2.2e-09   32.7   5.6   3   4   9.6e-05   0.00081   14.2   0.5   554   606   135   190   126   210 0.71 -
KV784365_1:367787-368764   -            326 1312453at2759        -            678   2.2e-09   32.7   5.6   4   4   0.00016    0.0014   13.5   0.1   563   592   194   228   182   233 0.71 -
KV784380_1:490597-491337   -            247 1312453at2759        -            678   2.3e-09   32.5   0.0   1   2   0.00014    0.0012   13.7   0.0    83   114    69   101    57   120 0.84 -
KV784380_1:490597-491337   -            247 1312453at2759        -            678   2.3e-09   32.5   0.0   2   2   1.7e-05   0.00014   16.7   0.0   161   230   178   244   174   246 0.88 -
KV784360_1:1909527-1910186 -            220 1312453at2759        -            678     3e-09   32.2   0.0   1   1   6.1e-10   5.1e-09   31.4   0.0    75   188   108   217   102   220 0.80 -
KV784396_1:230802-231461   -            220 1312453at2759        -            678     3e-09   32.2   0.0   1   1   6.1e-10   5.1e-09   31.4   0.0    75   188   108   217   102   220 0.80 -
KV784363_1:24009-24845     -            279 1312453at2759        -            678   3.1e-09   32.2   4.4   1   4      0.12      0.98    4.1   0.0   571   591    14    34     2    39 0.80 -
KV784363_1:24009-24845     -            279 1312453at2759        -            678   3.1e-09   32.2   4.4   2   4      0.11      0.97    4.1   0.0   573   592    61    80    34    96 0.84 -
KV784363_1:24009-24845     -            279 1312453at2759        -            678   3.1e-09   32.2   4.4   3   4    0.0012      0.01   10.6   0.1   574   598   104   128    90   136 0.90 -
KV784363_1:24009-24845     -            279 1312453at2759        -            678   3.1e-09   32.2   4.4   4   4   0.00031    0.0026   12.6   0.2   573   638   183   253   150   259 0.76 -
KV784376_1:289018-289917   -            300 1312453at2759        -            678   3.3e-09   32.1   0.0   1   2   0.00014    0.0012   13.7   0.0    83   114   122   154   110   172 0.84 -
KV784376_1:289018-289917   -            300 1312453at2759        -            678   3.3e-09   32.1   0.0   2   2   2.6e-05   0.00022   16.1   0.0   162   230   232   297   228   299 0.88 -
KV784359_1:2229277-2230170 -            298 1312453at2759        -            678   3.9e-09   31.8   1.5   1   4       1.5        13    0.4   0.0   578   590     1    13     1    16 0.91 -
KV784359_1:2229277-2230170 -            298 1312453at2759        -            678   3.9e-09   31.8   1.5   2   4    0.0022     0.018    9.8   0.0   561   593    38    74    29    81 0.79 -
KV784359_1:2229277-2230170 -            298 1312453at2759        -            678   3.9e-09   31.8   1.5   3   4   9.9e-06   8.4e-05   17.5   0.0   573   639    96   165    90   178 0.82 -
KV784359_1:2229277-2230170 -            298 1312453at2759        -            678   3.9e-09   31.8   1.5   4   4       3.4        28   -0.8   0.0   574   612   182   217   171   252 0.79 -
KV784375_1:735877-736707   -            277 1312453at2759        -            678   4.1e-09   31.7   0.0   1   1   1.6e-09   1.4e-08   30.0   0.0    80   227   115   276   107   277 0.76 -
KV784380_1:169552-170370   -            273 1312453at2759        -            678   7.3e-09   30.9   0.0   1   1   1.2e-09     1e-08   30.4   0.0    55   241    66   263    25   267 0.77 -
KV784361_1:1596047-1596883 -            279 1312453at2759        -            678   1.1e-08   30.3   4.8   1   4      0.12      0.98    4.1   0.0   571   591    14    34     2    39 0.80 -
KV784361_1:1596047-1596883 -            279 1312453at2759        -            678   1.1e-08   30.3   4.8   2   4      0.11      0.92    4.2   0.0   573   592    61    80    35   100 0.84 -
KV784361_1:1596047-1596883 -            279 1312453at2759        -            678   1.1e-08   30.3   4.8   3   4    0.0036      0.03    9.0   0.1   574   597   104   127    91   133 0.89 -
KV784361_1:1596047-1596883 -            279 1312453at2759        -            678   1.1e-08   30.3   4.8   4   4   0.00036     0.003   12.4   0.2   573   638   183   253   166   259 0.73 -
KV784359_1:377403-378086   -            228 1312453at2759        -            678   1.4e-08   30.0   0.0   1   1     2e-09   1.7e-08   29.7   0.0    58   186    86   220    23   222 0.72 -
KV784358_1:1041734-1042891 -            343 1312453at2759        -            678     2e-08   29.5   0.5   1   4      0.64       5.4    1.6   0.0   575   648     4    79     1    85 0.86 -
KV784358_1:1041734-1042891 -            343 1312453at2759        -            678     2e-08   29.5   0.5   2   4   6.5e-05   0.00055   14.8   0.0   558   627    69   144    54   149 0.71 -
KV784358_1:1041734-1042891 -            343 1312453at2759        -            678     2e-08   29.5   0.5   3   4      0.53       4.5    1.9   0.0   572   590   205   223   193   231 0.82 -
KV784358_1:1041734-1042891 -            343 1312453at2759        -            678     2e-08   29.5   0.5   4   4    0.0063     0.054    8.2   0.2   548   610   275   337   260   343 0.76 -
KV784355_1:1689173-1689949 -            259 1312453at2759        -            678   2.4e-08   29.2   0.0   1   1   5.4e-09   4.5e-08   28.3   0.0    28   229    40   255    28   258 0.74 -
KV784363_1:1269241-1269888 -            216 1312453at2759        -            678   2.7e-08   29.0   0.0   1   1     4e-08   3.4e-07   25.4   0.0    67   230    18   213     3   215 0.74 -
KV784424_1:38780-39427     -            216 1312453at2759        -            678   2.7e-08   29.0   0.0   1   1     4e-08   3.4e-07   25.4   0.0    67   230    18   213     3   215 0.74 -
KV784365_1:768219-768626   -            136 1312453at2759        -            678   3.5e-08   28.7   0.0   1   1   5.9e-09     5e-08   28.1   0.0    84   184    30   128    18   131 0.77 -
KV784409_1:317040-317447   -            136 1312453at2759        -            678   3.5e-08   28.7   0.0   1   1   5.9e-09     5e-08   28.1   0.0    84   184    30   128    18   131 0.77 -
KV784380_1:390134-390904   -            257 1312453at2759        -            678   3.7e-08   28.6   1.1   1   3   0.00035     0.003   12.4   0.0   563   611    17    70     2    86 0.71 -
KV784380_1:390134-390904   -            257 1312453at2759        -            678   3.7e-08   28.6   1.1   2   3    0.0041     0.035    8.9   0.2   572   619    92   141    59   176 0.71 -
KV784380_1:390134-390904   -            257 1312453at2759        -            678   3.7e-08   28.6   1.1   3   3     0.055      0.46    5.1   0.0   571   626   197   255   189   257 0.65 -
KV784378_1:7347-8165       -            273 1312453at2759        -            678     4e-08   28.5   0.0   1   1   7.5e-09   6.4e-08   27.8   0.0    55   240    66   262    28   266 0.74 -
KV784427_1:139702-140415   -            238 1312453at2759        -            678   8.7e-08   27.4   0.3   1   4      0.35         3    2.5   0.0   576   592     4    20     2    30 0.83 -
KV784427_1:139702-140415   -            238 1312453at2759        -            678   8.7e-08   27.4   0.3   2   4   0.00012   0.00099   14.0   0.0   560   592    36    69    19    73 0.78 -
KV784427_1:139702-140415   -            238 1312453at2759        -            678   8.7e-08   27.4   0.3   3   4     0.019      0.16    6.7   0.0   571   591   121   141   107   166 0.77 -
KV784427_1:139702-140415   -            238 1312453at2759        -            678   8.7e-08   27.4   0.3   4   4       3.4        28   -0.8   0.0   560   589   205   236   188   238 0.81 -
KV784361_1:1437628-1438341 -            238 1312453at2759        -            678     9e-08   27.3   0.4   1   4      0.35         3    2.5   0.0   576   592     4    20     2    30 0.83 -
KV784361_1:1437628-1438341 -            238 1312453at2759        -            678     9e-08   27.3   0.4   2   4   0.00012   0.00099   14.0   0.0   560   592    36    69    19    73 0.78 -
KV784361_1:1437628-1438341 -            238 1312453at2759        -            678     9e-08   27.3   0.4   3   4     0.019      0.16    6.7   0.0   571   591   121   141   107   165 0.77 -
KV784361_1:1437628-1438341 -            238 1312453at2759        -            678     9e-08   27.3   0.4   4   4       3.5        30   -0.8   0.0   560   589   205   236   190   238 0.81 -
KV784354_1:2953363-2954190 -            276 1312453at2759        -            678     1e-07   27.1   0.5   1   2   5.5e-07   4.6e-06   21.7   0.1    84   177    71   176    53   183 0.69 -
KV784354_1:2953363-2954190 -            276 1312453at2759        -            678     1e-07   27.1   0.5   2   2      0.38       3.2    2.4   0.0   207   230   242   265   234   270 0.88 -
KV784358_1:2567731-2568186 -            152 1312453at2759        -            678   1.1e-07   27.0   0.0   1   1   1.6e-08   1.3e-07   26.8   0.0    89   225     1   145     1   150 0.75 -
KV784369_1:167646-170630   -            995 1312453at2759        -            678   1.1e-07   27.0   2.7   1   4     0.028      0.24    6.1   0.0   575   591    64    80    46    87 0.82 -
KV784369_1:167646-170630   -            995 1312453at2759        -            678   1.1e-07   27.0   2.7   2   4       4.4        37   -1.2   0.0   573   596   184   207   179   232 0.85 -
KV784369_1:167646-170630   -            995 1312453at2759        -            678   1.1e-07   27.0   2.7   3   4      0.43       3.6    2.2   0.0   574   603   434   463   416   482 0.71 -
KV784369_1:167646-170630   -            995 1312453at2759        -            678   1.1e-07   27.0   2.7   4   4   0.00036     0.003   12.3   0.7   564   659   550   649   541   667 0.66 -
KV784363_1:787988-788767   -            260 1312453at2759        -            678   1.9e-07   26.2   0.8   1   3      0.11      0.93    4.1   0.0   574   592    18    36     4    60 0.83 -
KV784363_1:787988-788767   -            260 1312453at2759        -            678   1.9e-07   26.2   0.8   2   3   0.00071     0.006   11.4   0.0   561   590   145   177   127   189 0.81 -
KV784363_1:787988-788767   -            260 1312453at2759        -            678   1.9e-07   26.2   0.8   3   3      0.01     0.085    7.6   0.1   563   626   189   259   178   260 0.66 -
KV784361_1:2299155-2299934 -            260 1312453at2759        -            678   2.1e-07   26.1   0.8   1   3      0.11      0.93    4.1   0.0   574   592    18    36     4    60 0.83 -
KV784361_1:2299155-2299934 -            260 1312453at2759        -            678   2.1e-07   26.1   0.8   2   3   0.00076    0.0064   11.3   0.0   561   590   145   177   127   185 0.80 -
KV784361_1:2299155-2299934 -            260 1312453at2759        -            678   2.1e-07   26.1   0.8   3   3     0.012     0.098    7.4   0.1   563   625   189   258   178   260 0.65 -
KV784355_1:2972159-2973050 -            189 1312453at2759        -            678   2.1e-07   26.1   0.0   1   1   5.8e-08   4.9e-07   24.9   0.0    66   179    63   177     2   182 0.76 -
KV784392_1:433533-433967   -            145 1312453at2759        -            678   3.5e-07   25.4   0.0   1   1   4.6e-08   3.9e-07   25.2   0.0    89   224     1   144     1   145 0.74 -
KV784380_1:406152-406625   -            158 1312453at2759        -            678   3.5e-07   25.4   0.0   1   1   4.9e-08   4.2e-07   25.1   0.0    85   185    43   154    31   157 0.75 -
KV784392_1:231687-232448   -            254 1312453at2759        -            678   4.2e-07   25.1   0.0   1   1   6.1e-08   5.2e-07   24.8   0.0    28   226    33   247    12   252 0.75 -
KV784354_1:772170-773054   -            295 1312453at2759        -            678   4.4e-07   25.0   0.0   1   2   1.3e-07   1.1e-06   23.7   0.0    72   184    99   210    53   231 0.85 -
KV784354_1:772170-773054   -            295 1312453at2759        -            678   4.4e-07   25.0   0.0   2   2       7.9        67   -2.0   0.0   206   229   269   292   265   294 0.87 -
KV784353_1:3939870-3940169 -            100 1312453at2759        -            678   5.2e-07   24.8   0.0   1   1   7.5e-08   6.3e-07   24.5   0.0    39   124     6    96     3    99 0.86 -
KV784358_1:2758970-2759731 -            254 1312453at2759        -            678   5.5e-07   24.7   0.0   1   1   8.3e-08     7e-07   24.4   0.0    28   226    33   247    13   252 0.75 -
KV784354_1:1211685-1212725 -            347 1312453at2759        -            678   6.3e-07   24.5   0.6   1   3       8.8        75   -2.2   0.0   572   590   125   143   107   145 0.80 -
KV784354_1:1211685-1212725 -            347 1312453at2759        -            678   6.3e-07   24.5   0.6   2   3   0.00018    0.0015   13.4   0.0   537   632   182   285   176   293 0.79 -
KV784354_1:1211685-1212725 -            347 1312453at2759        -            678   6.3e-07   24.5   0.6   3   3    0.0046     0.039    8.7   0.1   563   592   294   326   287   341 0.74 -
KV784409_1:242163-243355   -            199 1312453at2759        -            678   8.6e-07   24.1   0.5   1   3     0.012       0.1    7.3   0.1    78   115     2    40     1    46 0.85 -
KV784409_1:242163-243355   -            199 1312453at2759        -            678   8.6e-07   24.1   0.5   2   3    0.0016     0.014   10.2   0.0   148   178    55    89    50    96 0.78 -
KV784409_1:242163-243355   -            199 1312453at2759        -            678   8.6e-07   24.1   0.5   3   3      0.15       1.3    3.6   0.0   207   231   174   198   155   199 0.89 -
KV784378_1:227746-228513   -            256 1312453at2759        -            678   9.9e-07   23.9   0.0   1   1   1.8e-07   1.5e-06   23.3   0.0    85   186   131   243   120   246 0.75 -
KV784365_1:737478-738668   -            199 1312453at2759        -            678   1.2e-06   23.6   0.4   1   2     0.001    0.0086   10.8   0.2    88   178    12    89     1    96 0.57 -
KV784365_1:737478-738668   -            199 1312453at2759        -            678   1.2e-06   23.6   0.4   2   2      0.15       1.3    3.7   0.0   207   231   174   198   154   199 0.89 -
KV784394_1:349492-353149   -            981 1312453at2759        -            678   1.3e-06   23.5   0.1   1   3      0.51       4.3    1.9   0.1   566   593   166   193   151   213 0.84 -
KV784394_1:349492-353149   -            981 1312453at2759        -            678   1.3e-06   23.5   0.1   2   3     0.011     0.096    7.4   0.0   546   638   419   527   378   541 0.70 -
KV784394_1:349492-353149   -            981 1312453at2759        -            678   1.3e-06   23.5   0.1   3   3    0.0023     0.019    9.7   0.0   575   618   590   635   570   652 0.69 -
KV784370_1:230482-231327   -            282 1312453at2759        -            678   1.5e-06   23.3   0.0   1   1     5e-07   4.3e-06   21.8   0.0    68   229   106   278    96   281 0.74 -
KV784423_1:189347-190165   -            273 1312453at2759        -            678   1.9e-06   22.9   0.0   1   1   3.6e-07     3e-06   22.3   0.0    38   125    50   142    28   209 0.84 -
KV784353_1:3074076-3075092 -            339 1312453at2759        -            678   2.4e-06   22.6   0.6   1   2   0.00034    0.0028   12.4   0.1   573   607    17    51     3    73 0.75 -
KV784353_1:3074076-3075092 -            339 1312453at2759        -            678   2.4e-06   22.6   0.6   2   2    0.0052     0.044    8.5   0.1   573   603   110   140    85   160 0.71 -
KV784378_1:6498-6830       -            111 1312453at2759        -            678   3.2e-06   22.2   0.0   1   1   4.3e-07   3.7e-06   22.0   0.0    68   126    12    74     2    81 0.85 -
KV784422_1:215626-216450   -            275 1312453at2759        -            678   3.2e-06   22.2   1.8   1   1   7.7e-06   6.5e-05   17.9   1.8    34   230    48   272    32   275 0.65 -
KV784361_1:1771299-1771787 -            163 1312453at2759        -            678   3.2e-06   22.2   0.0   1   2       0.2       1.7    3.3   0.1   572   593    17    38    10    45 0.86 -
KV784361_1:1771299-1771787 -            163 1312453at2759        -            678   3.2e-06   22.2   0.0   2   2   1.3e-05   0.00011   17.1   0.0   563   659    47   151    38   153 0.79 -
KV784363_1:204235-204723   -            163 1312453at2759        -            678   3.2e-06   22.2   0.0   1   2       0.2       1.7    3.3   0.1   572   593    17    38    10    45 0.86 -
KV784363_1:204235-204723   -            163 1312453at2759        -            678   3.2e-06   22.2   0.0   2   2   1.3e-05   0.00011   17.1   0.0   563   659    47   151    38   153 0.79 -
KV784378_1:213516-214136   -            207 1312453at2759        -            678   4.6e-06   21.7   0.5   1   2    0.0042     0.036    8.8   0.1   573   627     6    64     2    91 0.67 -
KV784378_1:213516-214136   -            207 1312453at2759        -            678   4.6e-06   21.7   0.5   2   2   0.00078    0.0066   11.2   0.0   571   641   110   183   102   199 0.77 -
KV784358_1:807317-808096   -            260 1312453at2759        -            678   5.6e-06   21.4   0.0   1   1   7.8e-07   6.6e-06   21.1   0.0    76   177    85   185     8   210 0.67 -
KV784356_1:1551346-1551918 -            191 1312453at2759        -            678   5.9e-06   21.3   0.0   1   1   7.6e-07   6.5e-06   21.2   0.0    91   177    73   162    17   170 0.83 -
KV784362_1:646819-647391   -            191 1312453at2759        -            678   5.9e-06   21.3   0.0   1   1   7.6e-07   6.5e-06   21.2   0.0    91   177    73   162    17   170 0.83 -
KV784353_1:3194273-3195743 -            413 1312453at2759        -            678   5.9e-06   21.3   4.3   1   3   0.00027    0.0023   12.8   1.2   574   648   125   202    95   205 0.81 -
KV784353_1:3194273-3195743 -            413 1312453at2759        -            678   5.9e-06   21.3   4.3   2   3    0.0025     0.021    9.6   0.1   555   627   187   266   180   271 0.70 -
KV784353_1:3194273-3195743 -            413 1312453at2759        -            678   5.9e-06   21.3   4.3   3   3       2.6        22   -0.4   0.0   574   593   298   317   281   324 0.78 -
KV784356_1:706678-707181   -            168 1312453at2759        -            678   6.6e-06   21.2   0.0   1   2   2.4e-06     2e-05   19.5   0.0    98   175    23    98    10   110 0.68 -
KV784356_1:706678-707181   -            168 1312453at2759        -            678   6.6e-06   21.2   0.0   2   2       4.6        39   -1.2   0.0   204   227   139   162   132   167 0.82 -
KV784391_1:214406-215185   -            260 1312453at2759        -            678   7.2e-06   21.0   0.0   1   1   9.7e-07   8.2e-06   20.8   0.0    76   177    85   185     8   210 0.70 -
KV784403_1:180472-181053   -            194 1312453at2759        -            678   7.7e-06   20.9   0.0   1   1   1.2e-06   9.8e-06   20.6   0.0    82   163    89   172    78   192 0.80 -
KV784422_1:111448-112059   -            204 1312453at2759        -            678     8e-06   20.9   0.1   1   2   5.2e-06   4.4e-05   18.4   0.0   573   639    17    86    13    98 0.81 -
KV784422_1:111448-112059   -            204 1312453at2759        -            678     8e-06   20.9   0.1   2   2       2.2        19   -0.2   0.0   574   612   103   138    92   152 0.76 -
KV784367_1:704370-705185   -            272 1312453at2759        -            678     8e-06   20.9   0.1   1   1   1.7e-06   1.5e-05   20.0   0.1    84   128   115   159   110   169 0.87 -
KV784371_1:163262-164869   -            536 1312453at2759        -            678   8.5e-06   20.8   0.0   1   3    0.0022     0.019    9.7   0.0    76   133   262   319   256   341 0.80 -
KV784371_1:163262-164869   -            536 1312453at2759        -            678   8.5e-06   20.8   0.0   2   3     0.025      0.21    6.3   0.0   164   182   418   435   414   458 0.82 -
KV784371_1:163262-164869   -            536 1312453at2759        -            678   8.5e-06   20.8   0.0   3   3       1.1       9.2    0.8   0.0   208   233   511   536   502   536 0.91 -
KV784353_1:931422-932570   -            383 1312453at2759        -            678   8.8e-06   20.7   0.8   1   4   3.1e-05   0.00026   15.9   0.0    72   125   145   198   141   205 0.90 -
KV784353_1:931422-932570   -            383 1312453at2759        -            678   8.8e-06   20.7   0.8   2   4       2.4        20   -0.3   0.0   161   178   280   297   278   311 0.85 -
KV784353_1:931422-932570   -            383 1312453at2759        -            678   8.8e-06   20.7   0.8   3   4       4.9        42   -1.3   0.0   385   412   315   342   305   346 0.75 -
KV784353_1:931422-932570   -            383 1312453at2759        -            678   8.8e-06   20.7   0.8   4   4       1.8        15    0.1   0.0   206   234   353   381   349   383 0.89 -
KV784433_1:2040-2888       -            283 1312453at2759        -            678     9e-06   20.7   0.0   1   1   1.5e-06   1.3e-05   20.2   0.0    44   116    57   136    48   202 0.80 -
KV784359_1:2146185-2147009 -            275 1312453at2759        -            678   9.2e-06   20.7   0.7   1   1   8.8e-06   7.4e-05   17.7   0.7    34   199    48   223    31   273 0.69 -
KV784427_1:68336-68722     -            129 1312453at2759        -            678   9.2e-06   20.7   0.1   1   1   8.5e-06   7.2e-05   17.7   0.1    89   201     7   117     2   128 0.67 -
KV784420_1:49727-50230     -            168 1312453at2759        -            678   1.1e-05   20.5   0.0   1   1   2.5e-06   2.2e-05   19.4   0.0    98   174    23    97     9   106 0.66 -
KV784358_1:1390876-1391181 -            102 1312453at2759        -            678   1.3e-05   20.1   0.9   1   2   0.00046    0.0039   12.0   0.0   576   616    21    63    11    70 0.75 -
KV784358_1:1390876-1391181 -            102 1312453at2759        -            678   1.3e-05   20.1   0.9   2   2    0.0029     0.024    9.4   0.3   555   594    48    90    42    96 0.73 -
KV784379_1:792104-793018   -            305 1312453at2759        -            678   1.8e-05   19.7   0.0   1   1   6.8e-06   5.8e-05   18.0   0.0    83   229   103   260    93   264 0.70 -
KV784429_1:21711-22625     -            305 1312453at2759        -            678   1.8e-05   19.7   0.0   1   1   6.8e-06   5.8e-05   18.0   0.0    83   229   103   260    93   264 0.70 -
KV784370_1:893346-894580   -            355 1312453at2759        -            678   1.9e-05   19.7   0.2   1   2    0.0044     0.037    8.7   0.0   563   624    50   115    22   130 0.75 -
KV784370_1:893346-894580   -            355 1312453at2759        -            678   1.9e-05   19.7   0.2   2   2    0.0035     0.029    9.1   0.0   562   614   193   248   152   265 0.74 -
KV784379_1:745512-746156   -            215 1312453at2759        -            678   1.9e-05   19.6   0.0   1   1   2.7e-06   2.3e-05   19.4   0.0    80   178   101   210    90   215 0.78 -
KV784377_1:330052-331307   -            355 1312453at2759        -            678   1.9e-05   19.6   0.2   1   2    0.0044     0.037    8.7   0.0   563   624    50   115    22   130 0.75 -
KV784377_1:330052-331307   -            355 1312453at2759        -            678   1.9e-05   19.6   0.2   2   2    0.0035     0.029    9.1   0.0   562   614   193   248   152   265 0.74 -
KV784354_1:1188362-1189264 -            301 1312453at2759        -            678   2.4e-05   19.3   0.3   1   3       3.9        33   -1.0   0.0   575   593    22    40     6    60 0.78 -
KV784354_1:1188362-1189264 -            301 1312453at2759        -            678   2.4e-05   19.3   0.3   2   3    0.0012    0.0098   10.7   0.2   542   596   114   170    26   203 0.74 -
KV784354_1:1188362-1189264 -            301 1312453at2759        -            678   2.4e-05   19.3   0.3   3   3     0.031      0.27    5.9   0.0   575   637   202   265   196   275 0.86 -
KV784422_1:111096-111428   -            111 1312453at2759        -            678   2.8e-05   19.1   0.0   1   2     0.022      0.18    6.5   0.0   573   590    34    51    14    55 0.83 -
KV784422_1:111096-111428   -            111 1312453at2759        -            678   2.8e-05   19.1   0.0   2   2   0.00088    0.0075   11.1   0.0   561   591    76   110    66   111 0.78 -
KV784393_1:134795-135349   -            185 1312453at2759        -            678   2.8e-05   19.1   0.4   1   2   8.4e-05   0.00071   14.4   0.1   562   601     3    46     1    68 0.81 -
KV784393_1:134795-135349   -            185 1312453at2759        -            678   2.8e-05   19.1   0.4   2   2       0.2       1.7    3.3   0.0   578   591   169   182   121   184 0.73 -
KV784357_1:1909370-1909924 -            185 1312453at2759        -            678   3.1e-05   18.9   0.5   1   2   9.5e-05    0.0008   14.3   0.1   562   601     3    46     1    66 0.82 -
KV784357_1:1909370-1909924 -            185 1312453at2759        -            678   3.1e-05   18.9   0.5   2   2      0.19       1.6    3.3   0.0   578   591   169   182   121   184 0.72 -
KV784353_1:217098-217619   -            174 1312453at2759        -            678   3.3e-05   18.8   0.0   1   1   2.6e-05   0.00022   16.1   0.0    78   226     1   157     1   163 0.76 -
KV784389_1:416568-417923   -            452 1312453at2759        -            678   3.8e-05   18.6   0.0   1   2   4.7e-05    0.0004   15.3   0.0    72   114   165   208   160   222 0.89 -
KV784389_1:416568-417923   -            452 1312453at2759        -            678   3.8e-05   18.6   0.0   2   2       1.3        11    0.6   0.0   164   185   280   301   276   306 0.90 -
KV784383_1:219088-219765   -            226 1312453at2759        -            678   4.5e-05   18.4   0.0   1   1   5.3e-06   4.5e-05   18.4   0.0    82   186    74   184    11   226 0.80 -
KV784375_1:277960-278598   -            213 1312453at2759        -            678   4.6e-05   18.4   0.0   1   1   7.8e-06   6.6e-05   17.8   0.0    82   172   117   213    83   213 0.80 -
KV784376_1:641151-641672   -            174 1312453at2759        -            678     5e-05   18.2   0.0   1   1   3.8e-05   0.00032   15.6   0.0    78   226     1   157     1   165 0.75 -
KV784355_1:1796996-1797577 -            194 1312453at2759        -            678   5.6e-05   18.1   0.0   1   2   0.00022    0.0019   13.0   0.0    86   120     2    37     1    51 0.79 -
KV784355_1:1796996-1797577 -            194 1312453at2759        -            678   5.6e-05   18.1   0.0   2   2      0.24         2    3.0   0.0   208   231   154   177   144   186 0.86 -
KV784364_1:349851-350339   -            163 1312453at2759        -            678   6.7e-05   17.8   1.3   1   2      0.31       2.6    2.6   0.4   580   606     1    27     1    46 0.74 -
KV784364_1:349851-350339   -            163 1312453at2759        -            678   6.7e-05   17.8   1.3   2   2     5e-05   0.00042   15.2   0.1   563   592    31    65    17    71 0.71 -
KV784361_1:2391551-2391988 -            146 1312453at2759        -            678   8.7e-05   17.4   0.1   1   2   0.00046    0.0039   12.0   0.1   563   596    18    55     7    72 0.78 -
KV784361_1:2391551-2391988 -            146 1312453at2759        -            678   8.7e-05   17.4   0.1   2   2      0.13       1.1    3.9   0.0   575   600    79   104    58   108 0.86 -
KV784363_1:886051-886488   -            146 1312453at2759        -            678   8.7e-05   17.4   0.1   1   2   0.00046    0.0039   12.0   0.1   563   596    18    55     7    72 0.78 -
KV784363_1:886051-886488   -            146 1312453at2759        -            678   8.7e-05   17.4   0.1   2   2      0.13       1.1    3.9   0.0   575   600    79   104    58   108 0.86 -
KV784428_1:72071-72709     -            213 1312453at2759        -            678    0.0001   17.2   0.0   1   1   1.3e-05   0.00011   17.1   0.0    82   171   117   212    27   213 0.81 -
KV784376_1:857205-858223   -            278 1312453at2759        -            678   0.00011   17.1   0.0   1   1   8.8e-05   0.00074   14.4   0.0    78   227    95   255    67   261 0.66 -
KV784353_1:94158-94673     -            172 1312453at2759        -            678   0.00016   16.5   0.0   1   1   2.4e-05    0.0002   16.3   0.0    87   184    64   169    51   171 0.82 -
KV784369_1:566802-568394   -            531 1312453at2759        -            678   0.00017   16.5   0.0   1   3      0.04      0.34    5.6   0.0    83   113   263   294   251   320 0.77 -
KV784369_1:566802-568394   -            531 1312453at2759        -            678   0.00017   16.5   0.0   2   3     0.025      0.22    6.2   0.0   164   182   415   432   411   453 0.83 -
KV784369_1:566802-568394   -            531 1312453at2759        -            678   0.00017   16.5   0.0   3   3       1.2        10    0.7   0.0   209   233   507   531   501   531 0.92 -
KV784395_1:249368-249862   -            165 1312453at2759        -            678   0.00017   16.5   0.0   1   1   2.5e-05   0.00021   16.2   0.0    49   115    25    91    10   165 0.69 -
KV784357_1:2348243-2348737 -            165 1312453at2759        -            678   0.00019   16.4   0.0   1   1   2.5e-05   0.00021   16.2   0.0    49   115    25    91     8   165 0.72 -
KV784357_1:87981-88766     -            262 1312453at2759        -            678    0.0002   16.2   0.0   1   1   5.6e-05   0.00048   15.0   0.0    44   116    55   134    47   150 0.78 -
KV784361_1:649282-649869   -            196 1312453at2759        -            678   0.00021   16.2   0.2   1   2   0.00014    0.0012   13.6   0.1    80   115    95   132    43   138 0.85 -
KV784361_1:649282-649869   -            196 1312453at2759        -            678   0.00021   16.2   0.2   2   2       1.2        10    0.7   0.0   161   179   174   192   164   196 0.86 -
KV784354_1:988854-990065   -            404 1312453at2759        -            678   0.00022   16.1   0.6   1   4       1.1       9.3    0.8   0.0   576   591    87   102    83   106 0.88 -
KV784354_1:988854-990065   -            404 1312453at2759        -            678   0.00022   16.1   0.6   2   4     0.089      0.75    4.4   0.1   575   629   204   262   193   269 0.54 -
KV784354_1:988854-990065   -            404 1312453at2759        -            678   0.00022   16.1   0.6   3   4      0.25       2.1    2.9   0.0   573   592   245   264   231   305 0.85 -
KV784354_1:988854-990065   -            404 1312453at2759        -            678   0.00022   16.1   0.6   4   4      0.07      0.59    4.8   0.0   575   594   349   368   335   386 0.86 -
KV784353_1:2443804-2444151 -            116 1312453at2759        -            678   0.00023   16.0   0.4   1   2    0.0029     0.025    9.3   0.0   572   638    11    80     1    94 0.70 -
KV784353_1:2443804-2444151 -            116 1312453at2759        -            678   0.00023   16.0   0.4   2   2      0.03      0.26    6.0   0.1   573   592    96   115    82   116 0.79 -
KV784446_1:78715-79062     -            116 1312453at2759        -            678   0.00023   16.0   0.4   1   2    0.0029     0.025    9.3   0.0   572   638    11    80     1    94 0.70 -
KV784446_1:78715-79062     -            116 1312453at2759        -            678   0.00023   16.0   0.4   2   2      0.03      0.26    6.0   0.1   573   592    96   115    82   116 0.79 -
KV784376_1:758803-759462   -            220 1312453at2759        -            678   0.00026   15.9   0.0   1   1   3.9e-05   0.00033   15.5   0.0    87   184    64   169    52   179 0.82 -
KV784354_1:17892-19007     -            372 1312453at2759        -            678   0.00031   15.6   0.0   1   2   0.00025    0.0021   12.9   0.0    74   125   147   198   144   204 0.88 -
KV784354_1:17892-19007     -            372 1312453at2759        -            678   0.00031   15.6   0.0   2   2       2.5        21   -0.3   0.0   161   178   275   292   273   301 0.85 -
KV784379_1:794394-795044   -            217 1312453at2759        -            678   0.00045   15.1   0.0   1   1   6.9e-05   0.00058   14.7   0.0    37   132    54   157    40   166 0.77 -
KV784429_1:23996-24646     -            217 1312453at2759        -            678   0.00045   15.1   0.0   1   1   6.9e-05   0.00058   14.7   0.0    37   132    54   157    40   166 0.77 -
KV784370_1:228225-228836   -            204 1312453at2759        -            678   0.00046   15.1   0.0   1   1   5.9e-05    0.0005   14.9   0.0    67   134    79   149    42   196 0.79 -
KV784358_1:1868735-1869112 -            126 1312453at2759        -            678   0.00049   15.0   1.2   1   2   0.00033    0.0028   12.5   0.3   572   600    15    43     1    81 0.73 -
KV784358_1:1868735-1869112 -            126 1312453at2759        -            678   0.00049   15.0   1.2   2   2      0.73       6.2    1.4   0.0   576   593   108   125    77   126 0.88 -
KV784360_1:1407073-1408521 -            483 1312453at2759        -            678   0.00055   14.8   0.0   1   2   0.00063    0.0053   11.5   0.0    76   114   193   232   188   250 0.88 -
KV784360_1:1407073-1408521 -            483 1312453at2759        -            678   0.00055   14.8   0.0   2   2       1.4        12    0.4   0.0   164   185   304   325   301   330 0.90 -
KV784356_1:1767862-1768518 -            173 1312453at2759        -            678   0.00064   14.6   0.0   1   1   0.00011   0.00094   14.0   0.0    99   125    12    38     2    44 0.90 -
KV784404_1:79489-79782     -             98 1312453at2759        -            678   0.00065   14.6   0.4   1   2     0.015      0.12    7.0   0.2   577   625     2    53     1    55 0.73 -
KV784404_1:79489-79782     -             98 1312453at2759        -            678   0.00065   14.6   0.4   2   2   0.00045    0.0038   12.0   0.1   563   596    27    63    21    98 0.66 -
KV784356_1:920299-920979   -            227 1312453at2759        -            678   0.00075   14.3   0.3   1   3     0.052      0.44    5.2   0.1   574   628    19    75     4    81 0.77 -
KV784356_1:920299-920979   -            227 1312453at2759        -            678   0.00075   14.3   0.3   2   3      0.95         8    1.0   0.0   575   591    61    77    42    96 0.87 -
KV784356_1:920299-920979   -            227 1312453at2759        -            678   0.00075   14.3   0.3   3   3     0.014      0.12    7.1   0.0   571   597   101   127    83   202 0.71 -
KV784354_1:231987-232805   -            273 1312453at2759        -            678   0.00077   14.3   0.2   1   1    0.0038     0.032    9.0   0.2    60   187    69   212    52   272 0.55 -
KV784357_1:314273-314563   -             97 1312453at2759        -            678   0.00083   14.2   0.0   1   1    0.0001   0.00087   14.1   0.0   548   598    39    95    20    97 0.71 -
KV784403_1:6983-7273       -             97 1312453at2759        -            678   0.00083   14.2   0.0   1   1    0.0001   0.00087   14.1   0.0   548   598    39    95    20    97 0.71 -
KV784353_1:714057-714875   -            273 1312453at2759        -            678   0.00093   14.0   0.1   1   1    0.0041     0.035    8.9   0.1    60   187    69   212    52   272 0.56 -
KV784353_1:2953385-2953654 -             90 1312453at2759        -            678     0.001   13.9   0.4   1   2     0.029      0.25    6.0   0.1   574   592    16    34     1    64 0.72 -
KV784353_1:2953385-2953654 -             90 1312453at2759        -            678     0.001   13.9   0.4   2   2     0.016      0.14    6.9   0.0   572   590    71    89    67    90 0.87 -
KV784358_1:2337656-2338591 -            312 1312453at2759        -            678    0.0011   13.8   0.0   1   1   0.00019    0.0016   13.3   0.0    80   222    72   217    47   236 0.75 -
KV784438_1:54677-55612     -            312 1312453at2759        -            678    0.0011   13.8   0.0   1   1   0.00019    0.0016   13.3   0.0    80   222    72   217    47   236 0.75 -
KV784464_1:35879-37453     -            525 1312453at2759        -            678    0.0011   13.8   0.6   1   3      0.25       2.1    2.9   0.1   549   595    71   118    50   156 0.73 -
KV784464_1:35879-37453     -            525 1312453at2759        -            678    0.0011   13.8   0.6   2   3       8.3        70   -2.1   0.0   563   600   311   351   295   371 0.78 -
KV784464_1:35879-37453     -            525 1312453at2759        -            678    0.0011   13.8   0.6   3   3    0.0068     0.058    8.1   0.0   574   603   380   409   361   416 0.84 -
KV784371_1:175216-175785   -            190 1312453at2759        -            678    0.0013   13.6   0.1   1   1     0.003     0.026    9.3   0.1    82   233     5   181     1   184 0.53 -
KV784369_1:793039-793443   -            135 1312453at2759        -            678    0.0014   13.4   0.1   1   1   0.00023     0.002   13.0   0.1    89   126    26    65    19    74 0.81 -
KV784431_1:45672-46340     -            223 1312453at2759        -            678    0.0015   13.4   2.1   1   3     0.069      0.59    4.8   0.0   577   616     2    41     1    56 0.77 -
KV784431_1:45672-46340     -            223 1312453at2759        -            678    0.0015   13.4   2.1   2   3       1.1       9.2    0.8   0.1   574   604    52    82    44   139 0.75 -
KV784431_1:45672-46340     -            223 1312453at2759        -            678    0.0015   13.4   2.1   3   3     0.017      0.15    6.8   0.1   569   590   145   166   132   201 0.82 -
KV784383_1:391136-392710   -            525 1312453at2759        -            678    0.0016   13.3   0.6   1   3      0.42       3.6    2.2   0.1   549   592    71   115    50   155 0.76 -
KV784383_1:391136-392710   -            525 1312453at2759        -            678    0.0016   13.3   0.6   2   3       4.9        41   -1.3   0.0   563   600   311   351   264   371 0.75 -
KV784383_1:391136-392710   -            525 1312453at2759        -            678    0.0016   13.3   0.6   3   3    0.0075     0.064    8.0   0.0   574   603   380   409   364   415 0.84 -
KV784374_1:541896-542414   -            173 1312453at2759        -            678    0.0017   13.2   0.2   1   1   0.00023    0.0019   13.0   0.2   563   610    29    77    11   119 0.83 -
KV784357_1:1665166-1665813 -            216 1312453at2759        -            678    0.0018   13.1   0.0   1   2   0.00045    0.0038   12.0   0.0    84   124     5    46     1    54 0.84 -
KV784357_1:1665166-1665813 -            216 1312453at2759        -            678    0.0018   13.1   0.0   2   2       8.7        74   -2.2   0.0   205   223   165   183   105   188 0.84 -
KV784356_1:986021-986347   -            109 1312453at2759        -            678    0.0018   13.1   0.0   1   1   0.00025    0.0022   12.8   0.0   571   592    31    52    17    62 0.83 -
KV784447_1:96023-97375     -            451 1312453at2759        -            678    0.0019   13.0   1.3   1   3       0.2       1.7    3.3   0.0   462   501   126   165   123   174 0.90 -
KV784447_1:96023-97375     -            451 1312453at2759        -            678    0.0019   13.0   1.3   2   3     0.036       0.3    5.7   0.0   445   504   181   243   173   265 0.82 -
KV784447_1:96023-97375     -            451 1312453at2759        -            678    0.0019   13.0   1.3   3   3      0.99       8.4    1.0   0.1   441   484   340   384   329   414 0.75 -
KV784361_1:2468797-2469474 -            226 1312453at2759        -            678    0.0021   12.9   0.8   1   1   0.00041    0.0034   12.2   0.8   562   654    34   132    24   161 0.72 -
KV784363_1:1024955-1025632 -            226 1312453at2759        -            678    0.0021   12.9   0.8   1   1   0.00041    0.0034   12.2   0.8   562   654    34   132    24   161 0.72 -
KV784386_1:382078-382635   -            186 1312453at2759        -            678    0.0021   12.9   0.0   1   1   0.00031    0.0026   12.6   0.0    54   114   122   186   112   186 0.78 -
KV784373_1:574406-574939   -            178 1312453at2759        -            678    0.0021   12.9   2.1   1   3     0.015      0.13    7.0   0.0   570   616     9    55     2    70 0.75 -
KV784373_1:574406-574939   -            178 1312453at2759        -            678    0.0021   12.9   2.1   2   3      0.87       7.3    1.2   0.1   573   603    65    95    53   124 0.73 -
KV784373_1:574406-574939   -            178 1312453at2759        -            678    0.0021   12.9   2.1   3   3      0.16       1.4    3.6   0.2   569   588   159   178   149   178 0.80 -
KV784462_1:52062-52643     -            194 1312453at2759        -            678    0.0022   12.8   0.0   1   2     0.074      0.63    4.7   0.0   573   592    35    54    20   103 0.84 -
KV784462_1:52062-52643     -            194 1312453at2759        -            678    0.0022   12.8   0.0   2   2     0.023      0.19    6.4   0.0   575   594   139   158   122   178 0.84 -
KV784425_1:37557-38108     -            184 1312453at2759        -            678    0.0022   12.8   0.0   1   1   0.00034    0.0029   12.4   0.0    55   114   121   184   105   184 0.77 -
KV784359_1:1680776-1683933 -           1007 1312453at2759        -            678    0.0023   12.7  13.9   1   6       0.1      0.86    4.3   0.0   573   591   220   238   193   246 0.79 -
KV784359_1:1680776-1683933 -           1007 1312453at2759        -            678    0.0023   12.7  13.9   2   6      0.86       7.3    1.2   0.1   576   600   284   308   273   328 0.84 -
KV784359_1:1680776-1683933 -           1007 1312453at2759        -            678    0.0023   12.7  13.9   3   6       1.7        14    0.2   0.1   573   648   547   630   507   633 0.65 -
KV784359_1:1680776-1683933 -           1007 1312453at2759        -            678    0.0023   12.7  13.9   4   6      0.42       3.6    2.2   0.1   575   611   643   679   636   698 0.80 -
KV784359_1:1680776-1683933 -           1007 1312453at2759        -            678    0.0023   12.7  13.9   5   6     0.019      0.16    6.7   0.1   563   594   765   799   729   817 0.59 -
KV784359_1:1680776-1683933 -           1007 1312453at2759        -            678    0.0023   12.7  13.9   6   6     0.014      0.12    7.1   0.1   563   612   765   819   761   847 0.63 -
KV784353_1:1815000-1816947 -            475 1312453at2759        -            678    0.0024   12.7   0.0   1   3     0.026      0.22    6.2   0.0   575   641   242   313   219   319 0.69 -
KV784353_1:1815000-1816947 -            475 1312453at2759        -            678    0.0024   12.7   0.0   2   3       1.5        13    0.4   0.0   576   592   349   365   336   397 0.79 -
KV784353_1:1815000-1816947 -            475 1312453at2759        -            678    0.0024   12.7   0.0   3   3      0.48       4.1    2.0   0.0   572   628   401   465   386   471 0.60 -
KV784391_1:444597-445757   -            270 1312453at2759        -            678    0.0026   12.6   1.1   1   2      0.39       3.3    2.3   0.0   572   590   132   150   120   158 0.82 -
KV784391_1:444597-445757   -            270 1312453at2759        -            678    0.0026   12.6   1.1   2   2    0.0042     0.035    8.8   0.2   547   610   201   264   186   270 0.76 -
KV784362_1:330522-331043   -            174 1312453at2759        -            678    0.0028   12.4   0.1   1   2    0.0024      0.02    9.6   0.1   571   592    50    71     6    88 0.78 -
KV784362_1:330522-331043   -            174 1312453at2759        -            678    0.0028   12.4   0.1   2   2       3.7        31   -0.9   0.0   573   587   160   174   139   174 0.87 -
KV784354_1:1212899-1213090 -             64 1312453at2759        -            678    0.0031   12.3   0.0   1   1   0.00046    0.0039   12.0   0.0   573   628     3    61     1    64 0.75 -
KV784354_1:3013214-3014164 -            317 1312453at2759        -            678    0.0031   12.3   0.0   1   2     0.038      0.32    5.6   0.0   563   635    51   128    32   136 0.74 -
KV784354_1:3013214-3014164 -            317 1312453at2759        -            678    0.0031   12.3   0.0   2   2     0.097      0.82    4.3   0.0   563   588   288   316   257   317 0.66 -
KV784359_1:1348714-1349076 -            121 1312453at2759        -            678    0.0032   12.3   5.3   1   2      0.13       1.1    3.9   0.2   577   594     2    19     1    57 0.67 -
KV784359_1:1348714-1349076 -            121 1312453at2759        -            678    0.0032   12.3   5.3   2   2    0.0048     0.041    8.6   0.4   575   591    95   111    77   118 0.71 -
KV784404_1:77373-80295     -            927 1312453at2759        -            678    0.0035   12.1  15.0   1   6     0.097      0.82    4.3   0.0   573   591   143   161   120   173 0.81 -
KV784404_1:77373-80295     -            927 1312453at2759        -            678    0.0035   12.1  15.0   2   6       0.7       5.9    1.5   0.1   576   601   207   232   195   254 0.83 -
KV784404_1:77373-80295     -            927 1312453at2759        -            678    0.0035   12.1  15.0   3   6       1.5        13    0.4   0.1   573   648   470   553   430   556 0.65 -
KV784404_1:77373-80295     -            927 1312453at2759        -            678    0.0035   12.1  15.0   4   6      0.47       3.9    2.1   0.1   576   610   567   601   559   614 0.78 -
KV784404_1:77373-80295     -            927 1312453at2759        -            678    0.0035   12.1  15.0   5   6     0.025      0.21    6.3   0.1   563   594   685   719   654   721 0.59 -
KV784404_1:77373-80295     -            927 1312453at2759        -            678    0.0035   12.1  15.0   6   6     0.012       0.1    7.3   0.1   563   613   685   740   681   768 0.63 -
KV784354_1:768583-769866   -            259 1312453at2759        -            678    0.0043   11.8   0.0   1   2      0.23       1.9    3.1   0.0    56   109    74   131    53   134 0.80 -
KV784354_1:768583-769866   -            259 1312453at2759        -            678    0.0043   11.8   0.0   2   2     0.018      0.16    6.7   0.0   204   229   200   225   131   228 0.65 -
KV784356_1:1261586-1262194 -            203 1312453at2759        -            678    0.0043   11.8   0.1   1   3       2.9        24   -0.5   0.0   574   595    34    55    12    78 0.70 -
KV784356_1:1261586-1262194 -            203 1312453at2759        -            678    0.0043   11.8   0.1   2   3     0.003     0.026    9.3   0.1   571   592    79   100    38   117 0.82 -
KV784356_1:1261586-1262194 -            203 1312453at2759        -            678    0.0043   11.8   0.1   3   3       4.8        40   -1.3   0.0   573   587   189   203   171   203 0.88 -
KV784353_1:1735052-1735888 -            279 1312453at2759        -            678    0.0052   11.6   0.0   1   2    0.0036      0.03    9.1   0.0   577   635    74   135    69   144 0.74 -
KV784353_1:1735052-1735888 -            279 1312453at2759        -            678    0.0052   11.6   0.0   2   2       2.1        18   -0.1   0.0   573   595   202   224   171   234 0.74 -
KV784355_1:2661717-2663666 -            650 1312453at2759        -            678    0.0055   11.5   0.2   1   2     0.099      0.84    4.3   0.0   571   599   203   231   185   260 0.84 -
KV784355_1:2661717-2663666 -            650 1312453at2759        -            678    0.0055   11.5   0.2   2   2     0.069      0.59    4.8   0.1   572   609   266   303   253   312 0.73 -
KV784358_1:1491971-1493815 -            615 1312453at2759        -            678    0.0056   11.5   1.2   1   3      0.31       2.6    2.7   0.0   462   501   126   165   123   173 0.90 -
KV784358_1:1491971-1493815 -            615 1312453at2759        -            678    0.0056   11.5   1.2   2   3     0.056      0.47    5.1   0.0   445   504   181   243   173   265 0.82 -
KV784358_1:1491971-1493815 -            615 1312453at2759        -            678    0.0056   11.5   1.2   3   3       1.6        14    0.3   0.0   441   484   340   384   330   413 0.76 -
KV784353_1:528087-528773   -            229 1312453at2759        -            678    0.0057   11.4   0.0   1   1   0.00086    0.0073   11.1   0.0    68   127    72   132    44   137 0.77 -
KV784414_1:252780-253328   -            183 1312453at2759        -            678    0.0065   11.3   0.1   1   2      0.42       3.5    2.2   0.0   581   618     3    40     1    73 0.81 -
KV784414_1:252780-253328   -            183 1312453at2759        -            678    0.0065   11.3   0.1   2   2     0.012     0.099    7.3   0.1   570   592    98   120    81   167 0.83 -
KV784373_1:615234-615884   -            217 1312453at2759        -            678    0.0065   11.2   0.0   1   1    0.0018     0.015   10.1   0.0    82   128    98   145    87   211 0.85 -
KV784431_1:4487-5137       -            217 1312453at2759        -            678    0.0065   11.2   0.0   1   1    0.0018     0.015   10.1   0.0    82   128    98   145    87   211 0.85 -
KV784357_1:158410-159099   -            230 1312453at2759        -            678    0.0067   11.2   0.1   1   1    0.0028     0.023    9.4   0.1    88   182    67   170    57   218 0.73 -
KV784370_1:136712-137971   -            420 1312453at2759        -            678    0.0073   11.1   0.0   1   3         1       8.6    0.9   0.0    85   113   130   160   123   172 0.79 -
KV784370_1:136712-137971   -            420 1312453at2759        -            678    0.0073   11.1   0.0   2   3       3.6        31   -0.9   0.0   151   181   281   314   268   317 0.72 -
KV784370_1:136712-137971   -            420 1312453at2759        -            678    0.0073   11.1   0.0   3   3     0.024       0.2    6.3   0.0   198   229   384   416   372   419 0.81 -
KV784357_1:15402-16214     -            271 1312453at2759        -            678    0.0084   10.9   0.1   1   1    0.0044     0.038    8.7   0.1    88   182   107   210    99   258 0.72 -
KV784353_1:2444547-2445173 -            209 1312453at2759        -            678     0.009   10.8   0.0   1   1    0.0013     0.011   10.5   0.0   573   596    22    45     2    79 0.72 -
KV784446_1:77693-78319     -            209 1312453at2759        -            678     0.009   10.8   0.0   1   1    0.0013     0.011   10.5   0.0   573   596    22    45     2    79 0.72 -
KV784374_1:898909-899361   -            151 1312453at2759        -            678      0.01   10.6   0.0   1   1    0.0012      0.01   10.6   0.0    72   123    95   147    43   150 0.90 -
KV784399_1:375099-376037   -            313 1312453at2759        -            678     0.013   10.2   4.2   1   4      0.47         4    2.1   0.0   571   592    21    42     7    46 0.79 -
KV784399_1:375099-376037   -            313 1312453at2759        -            678     0.013   10.2   4.2   2   4      0.04      0.34    5.6   0.5   539   590    35    86    18    90 0.79 -
KV784399_1:375099-376037   -            313 1312453at2759        -            678     0.013   10.2   4.2   3   4       1.7        14    0.2   0.0   575   591   131   147   128   192 0.59 -
KV784399_1:375099-376037   -            313 1312453at2759        -            678     0.013   10.2   4.2   4   4      0.43       3.6    2.2   0.0   574   589   296   311   270   313 0.80 -
KV784361_1:1192035-1192967 -            311 1312453at2759        -            678     0.013   10.2   0.0   1   2       1.6        14    0.3   0.0   571   601    99   129    50   152 0.84 -
KV784361_1:1192035-1192967 -            311 1312453at2759        -            678     0.013   10.2   0.0   2   2     0.011     0.092    7.5   0.0   574   616   262   306   251   311 0.75 -
KV784359_1:217230-218132   -            301 1312453at2759        -            678     0.014   10.1   0.0   1   1    0.0048     0.041    8.6   0.0   101   228   166   295   156   298 0.63 -
KV784371_1:1091946-1095213 -            595 1312453at2759        -            678     0.015   10.1   0.0   1   1    0.0024      0.02    9.6   0.0   576   635    83   144    36   195 0.82 -
KV784383_1:18729-22204     -            611 1312453at2759        -            678     0.015   10.0   0.0   1   1    0.0025     0.022    9.5   0.0   576   635   133   194    90   245 0.82 -
KV784398_1:113577-113885   -            103 1312453at2759        -            678     0.019    9.7   0.3   1   2     0.005     0.043    8.6   0.1   578   600     3    25     1    64 0.76 -
KV784398_1:113577-113885   -            103 1312453at2759        -            678     0.019    9.7   0.3   2   2       1.4        11    0.5   0.0   574   600    46    72    26   103 0.52 -
KV784374_1:541300-541527   -             76 1312453at2759        -            678      0.02    9.7   0.0   1   1    0.0024      0.02    9.6   0.0   574   625    20    75     5    76 0.71 -
KV784407_1:85048-85275     -             76 1312453at2759        -            678      0.02    9.7   0.0   1   1    0.0024      0.02    9.6   0.0   574   625    20    75     5    76 0.71 -
KV784358_1:1390145-1390612 -            156 1312453at2759        -            678     0.021    9.6   1.5   1   3       0.2       1.7    3.3   0.0   577   591     2    16     1    36 0.88 -
KV784358_1:1390145-1390612 -            156 1312453at2759        -            678     0.021    9.6   1.5   2   3      0.79       6.7    1.3   0.0   573   593    48    68    43    80 0.80 -
KV784358_1:1390145-1390612 -            156 1312453at2759        -            678     0.021    9.6   1.5   3   3      0.25       2.1    3.0   0.1   557   591    93   131    69   135 0.80 -
KV784362_1:79440-79766     -            109 1312453at2759        -            678     0.022    9.5   0.0   1   1     0.003     0.026    9.3   0.0   571   592    31    52    17    62 0.83 -
KV784426_1:198566-199069   -            168 1312453at2759        -            678     0.032    9.0   0.0   1   1    0.0037     0.032    9.0   0.0   574   633    95   158    89   166 0.80 -
KV784353_1:2311213-2312638 -            372 1312453at2759        -            678     0.055    8.2   2.2   1   2      0.47       3.9    2.1   0.3   607   658   131   184    99   209 0.64 -
KV784353_1:2311213-2312638 -            372 1312453at2759        -            678     0.055    8.2   2.2   2   2     0.032      0.27    5.9   0.1   551   622   215   291   200   327 0.71 -
KV784354_1:1999035-1999907 -            291 1312453at2759        -            678     0.076    7.7   4.9   1   3     0.046      0.39    5.4   0.7   540   590    17    67     1    72 0.80 -
KV784354_1:1999035-1999907 -            291 1312453at2759        -            678     0.076    7.7   4.9   2   3       1.5        13    0.4   0.0   575   591   112   128   109   173 0.58 -
KV784354_1:1999035-1999907 -            291 1312453at2759        -            678     0.076    7.7   4.9   3   3       1.2        11    0.6   0.0   574   588   277   291   253   291 0.80 -
#
# Program:         hmmsearch
# Version:         3.1b2 (February 2015)
# Pipeline mode:   SEARCH
# Query file:      /Users/aholzer/ownCloud/PhD/Publications/2021 Liavero-Pasquina et al./analysis/TPP_aptamer_search/busco_downloads/lineages/eukaryota_odb10/hmms/1312453at2759.hmm
# Target file:     /Users/aholzer/ownCloud/PhD/Publications/2021 Liavero-Pasquina et al./analysis/TPP_aptamer_search/genomes/BUSCO_eukaryota_obd10/Fragilariopsis_cylindrus_Fracy1/run_eukaryota_odb10/metaeuk_output/initial_results/GCA_001750085.1_Fracy1_genomic.fna.modified.fas
# Option settings: hmmsearch --domtblout /Users/aholzer/ownCloud/PhD/Publications/2021 Liavero-Pasquina et al./analysis/TPP_aptamer_search/genomes/BUSCO_eukaryota_obd10/Fragilariopsis_cylindrus_Fracy1/run_eukaryota_odb10/hmmer_output/initial_run_results/1312453at2759.out --cpu 1 /Users/aholzer/ownCloud/PhD/Publications/2021 Liavero-Pasquina et al./analysis/TPP_aptamer_search/busco_downloads/lineages/eukaryota_odb10/hmms/1312453at2759.hmm /Users/aholzer/ownCloud/PhD/Publications/2021 Liavero-Pasquina et al./analysis/TPP_aptamer_search/genomes/BUSCO_eukaryota_obd10/Fragilariopsis_cylindrus_Fracy1/run_eukaryota_odb10/metaeuk_output/initial_results/GCA_001750085.1_Fracy1_genomic.fna.modified.fas 
# Current dir:     /Users/aholzer/ownCloud/PhD/Publications/2021 Liavero-Pasquina et al./analysis/TPP_aptamer_search
# Date:            Sat Apr 17 20:51:46 2021
# [ok]
