#                                                                                  --- full sequence --- -------------- this domain -------------   hmm coord   ali coord   env coord
# target name              accession   tlen query name           accession   qlen   E-value  score  bias   #  of  c-Evalue  i-Evalue  score  bias  from    to  from    to  from    to  acc description of target
#      ------------------- ---------- ----- -------------------- ---------- ----- --------- ------ ----- --- --- --------- --------- ------ ----- ----- ----- ----- ----- ----- ----- ---- ---------------------
KV784367_1:1198567-1198965 -            133 1421503at2759        -            114   1.1e-37  125.2   0.1   1   1   3.3e-39   1.3e-37  125.0   0.1     4   103    23   126    20   133 0.91 -
KV784491_1:8152-8550       -            133 1421503at2759        -            114   1.1e-37  125.2   0.1   1   1   3.3e-39   1.3e-37  125.0   0.1     4   103    23   126    20   133 0.91 -
KV784369_1:116144-116653   -            170 1421503at2759        -            114   1.7e-17   60.1   0.0   1   2   2.2e-07   8.7e-06   22.4   0.0     7    74     5    73     2    80 0.83 -
KV784369_1:116144-116653   -            170 1421503at2759        -            114   1.7e-17   60.1   0.0   2   2   1.5e-11   6.2e-10   35.8   0.0     6    76    94   167    89   169 0.89 -
KV784394_1:393245-393802   -            186 1421503at2759        -            114     9e-17   57.8   0.0   1   2   2.6e-08     1e-06   25.4   0.0     8    84     4    86     1   106 0.78 -
KV784394_1:393245-393802   -            186 1421503at2759        -            114     9e-17   57.8   0.0   2   2   5.4e-10   2.1e-08   30.8   0.0     7    76   107   179   101   182 0.90 -
KV784353_1:1634933-1635442 -            170 1421503at2759        -            114   5.5e-15   52.1   0.0   1   2   5.5e-07   2.2e-05   21.1   0.0    23    77     6    64     1    83 0.80 -
KV784353_1:1634933-1635442 -            170 1421503at2759        -            114   5.5e-15   52.1   0.0   2   2   1.7e-09   6.7e-08   29.2   0.0     5    76    90   164    86   167 0.89 -
KV784396_1:374204-376660   -            603 1421503at2759        -            114   6.9e-11   38.9   0.1   1   3   0.00012    0.0048   13.6   0.0     7    66   220   279   216   289 0.87 -
KV784396_1:374204-376660   -            603 1421503at2759        -            114   6.9e-11   38.9   0.1   2   3    0.0049       0.2    8.4   0.1     6    36   371   401   368   460 0.85 -
KV784396_1:374204-376660   -            603 1421503at2759        -            114   6.9e-11   38.9   0.1   3   3   0.00088     0.035   10.8   0.0     8    76   486   557   482   565 0.77 -
KV784360_1:1775019-1777841 -            928 1421503at2759        -            114   1.5e-10   37.8   0.0   1   4   0.00024    0.0094   12.6   0.0     7    66   354   413   350   423 0.88 -
KV784360_1:1775019-1777841 -            928 1421503at2759        -            114   1.5e-10   37.8   0.0   2   4       8.5   3.4e+02   -2.0   0.0     4    31   559   586   557   594 0.86 -
KV784360_1:1775019-1777841 -            928 1421503at2759        -            114   1.5e-10   37.8   0.0   3   4    0.0083      0.33    7.7   0.1     6    36   696   726   693   784 0.84 -
KV784360_1:1775019-1777841 -            928 1421503at2759        -            114   1.5e-10   37.8   0.0   4   4    0.0015     0.059   10.1   0.0     8    77   811   883   807   894 0.78 -
KV784421_1:100888-101211   -            108 1421503at2759        -            114   8.7e-10   35.3   0.0   1   1   2.6e-11   1.1e-09   35.0   0.0     3    67    32    97    30   108 0.82 -
KV784365_1:1427969-1428241 -             91 1421503at2759        -            114   1.1e-09   35.0   0.0   1   1     3e-11   1.2e-09   34.9   0.0     3    67    15    80    13    91 0.81 -
KV784530_1:2680-3939       -            420 1421503at2759        -            114   2.9e-09   33.6   0.2   1   2   1.7e-08   6.7e-07   26.0   0.0     5    74    12    85     8    88 0.84 -
KV784530_1:2680-3939       -            420 1421503at2759        -            114   2.9e-09   33.6   0.2   2   2     0.043       1.7    5.4   0.0     9    77   108   183   102   189 0.71 -
KV784469_1:27963-28304     -            114 1421503at2759        -            114     4e-08   30.0   0.0   1   2   1.2e-08   4.8e-07   26.5   0.0    10    77     2    73     1    92 0.85 -
KV784469_1:27963-28304     -            114 1421503at2759        -            114     4e-08   30.0   0.0   2   2      0.54        22    1.8   0.0     5    18    99   112    95   114 0.79 -
KV784363_1:1494137-1496107 -            657 1421503at2759        -            114   6.7e-08   29.2   7.7   1   4   0.00039     0.015   12.0   0.0     7    67     2    63     1    79 0.87 -
KV784363_1:1494137-1496107 -            657 1421503at2759        -            114   6.7e-08   29.2   7.7   2   4    0.0048      0.19    8.4   0.0     8    74    91   161    85   175 0.79 -
KV784363_1:1494137-1496107 -            657 1421503at2759        -            114   6.7e-08   29.2   7.7   3   4      0.26        10    2.8   0.0    42    67   264   289   258   332 0.69 -
KV784363_1:1494137-1496107 -            657 1421503at2759        -            114   6.7e-08   29.2   7.7   4   4     0.012      0.48    7.1   0.0     7    67   340   402   335   414 0.76 -
KV784355_1:3380581-3382551 -            657 1421503at2759        -            114     2e-07   27.7   9.2   1   4   0.00031     0.012   12.3   0.0     7    68     2    64     1    91 0.83 -
KV784355_1:3380581-3382551 -            657 1421503at2759        -            114     2e-07   27.7   9.2   2   4    0.0049       0.2    8.4   0.1     8    74    91   161    85   175 0.79 -
KV784355_1:3380581-3382551 -            657 1421503at2759        -            114     2e-07   27.7   9.2   3   4      0.26        10    2.8   0.0    42    67   264   289   258   332 0.69 -
KV784355_1:3380581-3382551 -            657 1421503at2759        -            114     2e-07   27.7   9.2   4   4     0.012      0.48    7.1   0.0     7    67   340   402   335   414 0.76 -
KV784358_1:253155-253454   -            100 1421503at2759        -            114   3.4e-07   27.0   0.0   1   1   1.1e-08   4.3e-07   26.6   0.0     8    78     1    75     1    78 0.82 -
KV784367_1:921862-922161   -            100 1421503at2759        -            114   3.4e-07   27.0   0.0   1   1   1.1e-08   4.3e-07   26.6   0.0     8    78     1    75     1    78 0.82 -
KV784358_1:2391582-2392769 -            396 1421503at2759        -            114   4.5e-07   26.6   0.7   1   3      0.01       0.4    7.4   0.0    19    62     6    50     3    57 0.88 -
KV784358_1:2391582-2392769 -            396 1421503at2759        -            114   4.5e-07   26.6   0.7   2   3    0.0015      0.06   10.1   0.0     8    65    81   138    77   145 0.85 -
KV784358_1:2391582-2392769 -            396 1421503at2759        -            114   4.5e-07   26.6   0.7   3   3     0.049       1.9    5.2   0.0    37    74   351   391   322   395 0.75 -
KV784438_1:105707-106897   -            397 1421503at2759        -            114   4.5e-07   26.6   0.7   1   3      0.01       0.4    7.4   0.0    19    62     6    50     3    57 0.88 -
KV784438_1:105707-106897   -            397 1421503at2759        -            114   4.5e-07   26.6   0.7   2   3    0.0015      0.06   10.1   0.0     8    65    81   138    77   145 0.85 -
KV784438_1:105707-106897   -            397 1421503at2759        -            114   4.5e-07   26.6   0.7   3   3     0.049         2    5.2   0.0    37    74   352   392   323   396 0.75 -
KV784361_1:832063-832425   -            121 1421503at2759        -            114   1.2e-06   25.2   0.0   1   1   3.5e-08   1.4e-06   25.0   0.0     8    83     1    79     1   101 0.85 -
KV784369_1:115618-115920   -            101 1421503at2759        -            114   1.2e-06   25.2   0.0   1   1   6.7e-08   2.7e-06   24.1   0.0     6    76     8    90     4    93 0.74 -
KV784358_1:409880-410125   -             82 1421503at2759        -            114   1.5e-06   24.9   0.0   1   1   3.9e-08   1.6e-06   24.8   0.0    17    80    13    80     3    82 0.75 -
KV784367_1:758127-758372   -             82 1421503at2759        -            114   1.5e-06   24.9   0.0   1   1   3.9e-08   1.6e-06   24.8   0.0    17    80    13    80     3    82 0.75 -
KV784394_1:188403-188750   -            116 1421503at2759        -            114   4.6e-06   23.3   0.0   1   1   1.4e-07   5.7e-06   23.0   0.0     8    74    45   114    39   116 0.84 -
KV784415_1:86645-87007     -            121 1421503at2759        -            114   4.8e-06   23.3   0.0   1   1   1.4e-07   5.5e-06   23.1   0.0     8    83     1    79     1   100 0.85 -
KV784358_1:2392224-2392757 -            178 1421503at2759        -            114   6.8e-06   22.8   0.0   1   2     0.004      0.16    8.7   0.0    19    62     2    46     1    53 0.88 -
KV784358_1:2392224-2392757 -            178 1421503at2759        -            114   6.8e-06   22.8   0.0   2   2   0.00035     0.014   12.1   0.0     8    65    77   134    73   142 0.85 -
KV784354_1:1161070-1161633 -            188 1421503at2759        -            114   8.6e-06   22.4   0.0   1   2     0.021      0.82    6.4   0.0    10    77     2    70     1    80 0.77 -
KV784354_1:1161070-1161633 -            188 1421503at2759        -            114   8.6e-06   22.4   0.0   2   2     8e-05    0.0032   14.2   0.0     7    78   113   188   108   188 0.84 -
KV784371_1:612768-613040   -             91 1421503at2759        -            114   2.1e-05   21.2   0.0   1   1   1.1e-06   4.3e-05   20.2   0.0     9    76     1    80     1    83 0.73 -
KV784436_1:9359-9859       -            167 1421503at2759        -            114   3.2e-05   20.6   0.0   1   2    0.0028      0.11    9.2   0.0    24    60     6    43     1    53 0.80 -
KV784436_1:9359-9859       -            167 1421503at2759        -            114   3.2e-05   20.6   0.0   2   2    0.0022     0.088    9.5   0.0     8    57    77   127    70   141 0.76 -
KV784358_1:1568065-1568283 -             73 1421503at2759        -            114   7.8e-05   19.4   0.0   1   1     2e-06   7.8e-05   19.4   0.0     9    65     3    60     1    73 0.80 -
KV784506_1:1672-1890       -             73 1421503at2759        -            114   7.8e-05   19.4   0.0   1   1     2e-06   7.8e-05   19.4   0.0     9    65     3    60     1    73 0.80 -
KV784356_1:1145339-1145851 -            171 1421503at2759        -            114   9.8e-05   19.0   0.0   1   1   4.4e-06   0.00018   18.2   0.0     7    78    93   167    88   170 0.88 -
KV784362_1:215123-215635   -            171 1421503at2759        -            114   9.8e-05   19.0   0.0   1   1   4.4e-06   0.00018   18.2   0.0     7    78    93   167    88   170 0.88 -
KV784363_1:215011-215283   -             91 1421503at2759        -            114   0.00021   18.0   0.0   1   1   6.3e-06   0.00025   17.7   0.0     7    79    16    91    12    91 0.72 -
KV784361_1:1781989-1782261 -             91 1421503at2759        -            114   0.00029   17.5   0.0   1   1   8.9e-06   0.00035   17.2   0.0     7    79    16    91    12    91 0.72 -
KV784361_1:551477-551797   -            107 1421503at2759        -            114   0.00056   16.6   0.0   1   1   1.8e-05   0.00071   16.3   0.0     3    77    17   100    15   105 0.76 -
KV784560_1:2405-2725       -            107 1421503at2759        -            114   0.00056   16.6   0.0   1   1   1.8e-05   0.00071   16.3   0.0     3    77    17   100    15   105 0.76 -
KV784373_1:170512-170721   -             70 1421503at2759        -            114    0.0055   13.4   0.0   1   1   0.00015    0.0059   13.3   0.0     8    61     4    58     1    65 0.87 -
KV784417_1:15115-15324     -             70 1421503at2759        -            114    0.0055   13.4   0.0   1   1   0.00015    0.0059   13.3   0.0     8    61     4    58     1    65 0.87 -
#
# Program:         hmmsearch
# Version:         3.1b2 (February 2015)
# Pipeline mode:   SEARCH
# Query file:      /Users/aholzer/ownCloud/PhD/Publications/2021 Liavero-Pasquina et al./analysis/TPP_aptamer_search/busco_downloads/lineages/eukaryota_odb10/hmms/1421503at2759.hmm
# Target file:     /Users/aholzer/ownCloud/PhD/Publications/2021 Liavero-Pasquina et al./analysis/TPP_aptamer_search/genomes/BUSCO_eukaryota_obd10/Fragilariopsis_cylindrus_Fracy1/run_eukaryota_odb10/metaeuk_output/initial_results/GCA_001750085.1_Fracy1_genomic.fna.modified.fas
# Option settings: hmmsearch --domtblout /Users/aholzer/ownCloud/PhD/Publications/2021 Liavero-Pasquina et al./analysis/TPP_aptamer_search/genomes/BUSCO_eukaryota_obd10/Fragilariopsis_cylindrus_Fracy1/run_eukaryota_odb10/hmmer_output/initial_run_results/1421503at2759.out --cpu 1 /Users/aholzer/ownCloud/PhD/Publications/2021 Liavero-Pasquina et al./analysis/TPP_aptamer_search/busco_downloads/lineages/eukaryota_odb10/hmms/1421503at2759.hmm /Users/aholzer/ownCloud/PhD/Publications/2021 Liavero-Pasquina et al./analysis/TPP_aptamer_search/genomes/BUSCO_eukaryota_obd10/Fragilariopsis_cylindrus_Fracy1/run_eukaryota_odb10/metaeuk_output/initial_results/GCA_001750085.1_Fracy1_genomic.fna.modified.fas 
# Current dir:     /Users/aholzer/ownCloud/PhD/Publications/2021 Liavero-Pasquina et al./analysis/TPP_aptamer_search
# Date:            Sat Apr 17 20:51:49 2021
# [ok]
