#                                                                                  --- full sequence --- -------------- this domain -------------   hmm coord   ali coord   env coord
# target name              accession   tlen query name           accession   qlen   E-value  score  bias   #  of  c-Evalue  i-Evalue  score  bias  from    to  from    to  from    to  acc description of target
#      ------------------- ---------- ----- -------------------- ---------- ----- --------- ------ ----- --- --- --------- --------- ------ ----- ----- ----- ----- ----- ----- ----- ---- ---------------------
KV784357_1:1883035-1886347 -           1013 293315at2759         -            638  1.2e-167  555.3  10.3   1   5   0.00092      0.19    6.2   0.0    33    86     2    84     1    89 0.58 -
KV784357_1:1883035-1886347 -           1013 293315at2759         -            638  1.2e-167  555.3  10.3   2   5   2.6e-14   5.4e-12   41.1   0.1   113   195   194   301   184   308 0.77 -
KV784357_1:1883035-1886347 -           1013 293315at2759         -            638  1.2e-167  555.3  10.3   3   5   7.2e-55   1.5e-52  175.1   0.0   192   307   333   455   321   460 0.91 -
KV784357_1:1883035-1886347 -           1013 293315at2759         -            638  1.2e-167  555.3  10.3   4   5    2e-101   4.1e-99  328.9   2.0   304   601   486   843   481   862 0.82 -
KV784357_1:1883035-1886347 -           1013 293315at2759         -            638  1.2e-167  555.3  10.3   5   5    0.0096         2    2.9   0.0   602   631   940   970   932   973 0.77 -
KV784393_1:158444-161754   -           1008 293315at2759         -            638    1e-159  529.1  11.5   1   5   0.00092      0.19    6.3   0.0    33    86     2    84     1    89 0.58 -
KV784393_1:158444-161754   -           1008 293315at2759         -            638    1e-159  529.1  11.5   2   5   2.5e-14   5.2e-12   41.2   0.1   113   195   194   301   181   307 0.77 -
KV784393_1:158444-161754   -           1008 293315at2759         -            638    1e-159  529.1  11.5   3   5   7.9e-55   1.7e-52  175.0   0.0   192   307   333   455   321   460 0.91 -
KV784393_1:158444-161754   -           1008 293315at2759         -            638    1e-159  529.1  11.5   4   5   1.2e-93   2.5e-91  303.2   2.8   304   599   486   836   481   857 0.82 -
KV784393_1:158444-161754   -           1008 293315at2759         -            638    1e-159  529.1  11.5   5   5    0.0096         2    2.9   0.0   602   631   935   965   927   968 0.77 -
KV784354_1:601262-603133   -            624 293315at2759         -            638   1.1e-61  205.3   1.6   1   3   2.2e-05    0.0047   11.6   0.0   117   155     2    40     1    74 0.86 -
KV784354_1:601262-603133   -            624 293315at2759         -            638   1.1e-61  205.3   1.6   2   3   1.1e-19   2.2e-17   58.9   0.1   171   300   130   262    81   271 0.86 -
KV784354_1:601262-603133   -            624 293315at2759         -            638   1.1e-61  205.3   1.6   3   3     6e-42   1.3e-39  132.4   0.2   305   579   288   619   282   623 0.77 -
KV784421_1:232647-233819   -            391 293315at2759         -            638   1.1e-49  165.6   3.3   1   2     3e-13   6.2e-11   37.6   0.2   263   300     1    38     1    46 0.92 -
KV784421_1:232647-233819   -            391 293315at2759         -            638   1.1e-49  165.6   3.3   2   2   7.5e-41   1.6e-38  128.8   0.3   305   575    64   391    58   391 0.76 -
KV784353_1:2873794-2876280 -            829 293315at2759         -            638   3.4e-26   88.0   0.1   1   3    0.0039      0.82    4.2   0.0   114   153    24    63    14    70 0.90 -
KV784353_1:2873794-2876280 -            829 293315at2759         -            638   3.4e-26   88.0   0.1   2   3   1.3e-10   2.6e-08   28.9   0.0   259   299   345   385   329   393 0.84 -
KV784353_1:2873794-2876280 -            829 293315at2759         -            638   3.4e-26   88.0   0.1   3   3   1.2e-16   2.4e-14   48.9   0.0   320   465   489   669   454   741 0.73 -
KV784361_1:493493-500269   -           2259 293315at2759         -            638   1.7e-07   26.3   0.0   1   3    0.0028      0.59    4.6   0.0   115   154   264   303   242   309 0.86 -
KV784361_1:493493-500269   -           2259 293315at2759         -            638   1.7e-07   26.3   0.0   2   3   2.1e-06   0.00045   15.0   0.0   320   394   714   788   709   825 0.90 -
KV784361_1:493493-500269   -           2259 293315at2759         -            638   1.7e-07   26.3   0.0   3   3     0.016       3.4    2.1   0.0   435   489   873   933   844   966 0.82 -
KV784437_1:95239-101271    -           1546 293315at2759         -            638   7.1e-06   20.9   0.0   1   2   1.3e-06   0.00028   15.6   0.0   320   394   389   463   384   502 0.90 -
KV784437_1:95239-101271    -           1546 293315at2759         -            638   7.1e-06   20.9   0.0   2   2      0.01       2.2    2.8   0.0   435   489   548   608   518   643 0.82 -
#
# Program:         hmmsearch
# Version:         3.1b2 (February 2015)
# Pipeline mode:   SEARCH
# Query file:      /Users/aholzer/ownCloud/PhD/Publications/2021 Liavero-Pasquina et al./analysis/TPP_aptamer_search/busco_downloads/lineages/eukaryota_odb10/hmms/293315at2759.hmm
# Target file:     /Users/aholzer/ownCloud/PhD/Publications/2021 Liavero-Pasquina et al./analysis/TPP_aptamer_search/genomes/BUSCO_eukaryota_obd10/Fragilariopsis_cylindrus_Fracy1/run_eukaryota_odb10/metaeuk_output/initial_results/GCA_001750085.1_Fracy1_genomic.fna.modified.fas
# Option settings: hmmsearch --domtblout /Users/aholzer/ownCloud/PhD/Publications/2021 Liavero-Pasquina et al./analysis/TPP_aptamer_search/genomes/BUSCO_eukaryota_obd10/Fragilariopsis_cylindrus_Fracy1/run_eukaryota_odb10/hmmer_output/initial_run_results/293315at2759.out --cpu 1 /Users/aholzer/ownCloud/PhD/Publications/2021 Liavero-Pasquina et al./analysis/TPP_aptamer_search/busco_downloads/lineages/eukaryota_odb10/hmms/293315at2759.hmm /Users/aholzer/ownCloud/PhD/Publications/2021 Liavero-Pasquina et al./analysis/TPP_aptamer_search/genomes/BUSCO_eukaryota_obd10/Fragilariopsis_cylindrus_Fracy1/run_eukaryota_odb10/metaeuk_output/initial_results/GCA_001750085.1_Fracy1_genomic.fna.modified.fas 
# Current dir:     /Users/aholzer/ownCloud/PhD/Publications/2021 Liavero-Pasquina et al./analysis/TPP_aptamer_search
# Date:            Sat Apr 17 20:52:05 2021
# [ok]
