#                                                                                  --- full sequence --- -------------- this domain -------------   hmm coord   ali coord   env coord
# target name              accession   tlen query name           accession   qlen   E-value  score  bias   #  of  c-Evalue  i-Evalue  score  bias  from    to  from    to  from    to  acc description of target
#      ------------------- ---------- ----- -------------------- ---------- ----- --------- ------ ----- --- --- --------- --------- ------ ----- ----- ----- ----- ----- ----- ----- ---- ---------------------
KV784358_1:2022372-2024372 -            667 325552at2759         -            426   7.4e-67  222.4   9.1   1   5   1.5e-54   1.8e-53  178.4   0.2     8   229    43   298    38   318 0.80 -
KV784358_1:2022372-2024372 -            667 325552at2759         -            426   7.4e-67  222.4   9.1   2   5    0.0035     0.039    9.2   0.0   168   230   339   403   333   419 0.82 -
KV784358_1:2022372-2024372 -            667 325552at2759         -            426   7.4e-67  222.4   9.1   3   5       2.9        32   -0.4   0.0   193   222   418   446   410   473 0.75 -
KV784358_1:2022372-2024372 -            667 325552at2759         -            426   7.4e-67  222.4   9.1   4   5    0.0028     0.032    9.5   0.1   159   213   503   557   499   571 0.91 -
KV784358_1:2022372-2024372 -            667 325552at2759         -            426   7.4e-67  222.4   9.1   5   5   2.1e-08   2.3e-07   26.4   0.6   156   234   586   666   563   667 0.90 -
KV784398_1:243260-245383   -            708 325552at2759         -            426   4.3e-49  163.9  11.6   1   6   4.3e-16   4.9e-15   51.7   0.0    11    94    47   145    39   151 0.79 -
KV784398_1:243260-245383   -            708 325552at2759         -            426   4.3e-49  163.9  11.6   2   6   1.3e-21   1.4e-20   69.9   0.2   155   229   264   339   259   359 0.87 -
KV784398_1:243260-245383   -            708 325552at2759         -            426   4.3e-49  163.9  11.6   3   6    0.0046     0.052    8.8   0.0   168   229   380   443   374   458 0.84 -
KV784398_1:243260-245383   -            708 325552at2759         -            426   4.3e-49  163.9  11.6   4   6       3.1        35   -0.5   0.0   192   222   458   487   451   510 0.76 -
KV784398_1:243260-245383   -            708 325552at2759         -            426   4.3e-49  163.9  11.6   5   6    0.0038     0.043    9.1   0.1   159   213   544   598   539   619 0.89 -
KV784398_1:243260-245383   -            708 325552at2759         -            426   4.3e-49  163.9  11.6   6   6   2.3e-08   2.6e-07   26.2   0.7   156   234   627   707   604   708 0.90 -
KV784361_1:2299155-2299934 -            260 325552at2759         -            426   5.8e-31  104.2   7.9   1   3   0.00095     0.011   11.0   0.1   193   228     2    36     1    44 0.90 -
KV784361_1:2299155-2299934 -            260 325552at2759         -            426   5.8e-31  104.2   7.9   2   3   9.6e-24   1.1e-22   76.9   0.5   133   229   119   222   106   229 0.84 -
KV784361_1:2299155-2299934 -            260 325552at2759         -            426   5.8e-31  104.2   7.9   3   3     2e-06   2.3e-05   19.9   0.1   189   224   225   260   220   260 0.92 -
KV784363_1:787988-788767   -            260 325552at2759         -            426   8.4e-31  103.6   8.0   1   3   0.00095     0.011   11.0   0.1   193   228     2    36     1    44 0.90 -
KV784363_1:787988-788767   -            260 325552at2759         -            426   8.4e-31  103.6   8.0   2   3   9.6e-24   1.1e-22   76.9   0.5   133   229   119   222   106   229 0.84 -
KV784363_1:787988-788767   -            260 325552at2759         -            426   8.4e-31  103.6   8.0   3   3   2.7e-06     3e-05   19.4   0.1   189   224   225   260   220   260 0.92 -
KV784353_1:3194273-3195743 -            413 325552at2759         -            426   2.1e-30  102.3   7.0   1   4   5.9e-07   6.7e-06   21.6   0.0   154   230    27   103    20   114 0.90 -
KV784353_1:3194273-3195743 -            413 325552at2759         -            426   2.1e-30  102.3   7.0   2   4   4.1e-12   4.7e-11   38.6   0.7   156   227   113   184   104   194 0.94 -
KV784353_1:3194273-3195743 -            413 325552at2759         -            426   2.1e-30  102.3   7.0   3   4   1.6e-10   1.8e-09   33.4   0.0   154   230   195   272   186   281 0.91 -
KV784353_1:3194273-3195743 -            413 325552at2759         -            426   2.1e-30  102.3   7.0   4   4    0.0013     0.015   10.5   0.2   195   226   283   314   269   328 0.87 -
KV784359_1:2229277-2230170 -            298 325552at2759         -            426   2.9e-28   95.3   1.1   1   5       0.4       4.5    2.4   0.0   214   227     1    14     1    22 0.86 -
KV784359_1:2229277-2230170 -            298 325552at2759         -            426   2.9e-28   95.3   1.1   2   5   1.5e-05   0.00017   16.9   0.1   188   228    32    73    23    81 0.86 -
KV784359_1:2229277-2230170 -            298 325552at2759         -            426   2.9e-28   95.3   1.1   3   5   8.2e-17   9.3e-16   54.1   0.0   151   228    80   157    75   168 0.94 -
KV784359_1:2229277-2230170 -            298 325552at2759         -            426   2.9e-28   95.3   1.1   4   5     0.016      0.18    7.0   0.0    38    68   174   204   168   212 0.83 -
KV784359_1:2229277-2230170 -            298 325552at2759         -            426   2.9e-28   95.3   1.1   5   5    0.0023     0.026    9.7   0.0   168   225   235   295   207   298 0.79 -
KV784358_1:1041734-1042891 -            343 325552at2759         -            426   6.8e-27   90.8   3.2   1   5         4        46   -0.9   0.0   212   232     5    25     2    40 0.69 -
KV784358_1:1041734-1042891 -            343 325552at2759         -            426   6.8e-27   90.8   3.2   2   5     5e-08   5.7e-07   25.1   0.0   157   230    34   109    27   125 0.79 -
KV784358_1:1041734-1042891 -            343 325552at2759         -            426   6.8e-27   90.8   3.2   3   5    0.0084     0.095    7.9   0.2    48    76   132   160   121   164 0.89 -
KV784358_1:1041734-1042891 -            343 325552at2759         -            426   6.8e-27   90.8   3.2   4   5     0.055      0.63    5.2   0.1   197   231   194   228   175   234 0.80 -
KV784358_1:1041734-1042891 -            343 325552at2759         -            426   6.8e-27   90.8   3.2   5   5   1.3e-15   1.5e-14   50.1   0.1   142   238   230   329   224   339 0.85 -
KV784359_1:1680776-1683933 -           1007 325552at2759         -            426   3.6e-25   85.1  14.7   1   7      0.62         7    1.8   0.1    47    84   107   143   100   151 0.79 -
KV784359_1:1680776-1683933 -           1007 325552at2759         -            426   3.6e-25   85.1  14.7   2   7     2e-07   2.3e-06   23.2   0.0   164   230   171   241   158   252 0.84 -
KV784359_1:1680776-1683933 -           1007 325552at2759         -            426   3.6e-25   85.1  14.7   3   7      0.27         3    3.0   0.1   210   235   282   307   270   317 0.79 -
KV784359_1:1680776-1683933 -           1007 325552at2759         -            426   3.6e-25   85.1  14.7   4   7     0.011      0.12    7.6   0.0   189   240   528   579   508   588 0.81 -
KV784359_1:1680776-1683933 -           1007 325552at2759         -            426   3.6e-25   85.1  14.7   5   7   1.6e-07   1.8e-06   23.5   0.0   160   250   586   682   578   687 0.80 -
KV784359_1:1680776-1683933 -           1007 325552at2759         -            426   3.6e-25   85.1  14.7   6   7    0.0001    0.0011   14.3   0.1   158   227   681   754   671   768 0.83 -
KV784359_1:1680776-1683933 -           1007 325552at2759         -            426   3.6e-25   85.1  14.7   7   7   2.5e-05   0.00028   16.2   0.0   157   231   768   842   763   851 0.93 -
KV784354_1:988854-990065   -            404 325552at2759         -            426   1.2e-24   83.4   0.2   1   5     0.093       1.1    4.5   0.0    36    65    11    41     7    55 0.77 -
KV784354_1:988854-990065   -            404 325552at2759         -            426   1.2e-24   83.4   0.2   2   5   5.1e-05   0.00058   15.2   0.0   196   228    69   103    57   112 0.84 -
KV784354_1:988854-990065   -            404 325552at2759         -            426   1.2e-24   83.4   0.2   3   5   3.4e-11   3.8e-10   35.6   0.0   158   228   193   264   182   275 0.91 -
KV784354_1:988854-990065   -            404 325552at2759         -            426   1.2e-24   83.4   0.2   4   5   0.00075    0.0085   11.4   0.0    42    67   284   309   277   315 0.88 -
KV784354_1:988854-990065   -            404 325552at2759         -            426   1.2e-24   83.4   0.2   5   5     0.002     0.023    9.9   0.0    40    74   342   376   331   385 0.75 -
KV784354_1:1211685-1212725 -            347 325552at2759         -            426   8.2e-24   80.6   6.7   1   3   0.00057    0.0065   11.8   0.0   189   226   105   143    19   150 0.80 -
KV784354_1:1211685-1212725 -            347 325552at2759         -            426   8.2e-24   80.6   6.7   2   3   6.6e-12   7.4e-11   37.9   0.2   154   228   168   241   162   260 0.89 -
KV784354_1:1211685-1212725 -            347 325552at2759         -            426   8.2e-24   80.6   6.7   3   3   1.3e-10   1.4e-09   33.7   0.5   165   232   263   330   249   347 0.88 -
KV784404_1:77373-80295     -            927 325552at2759         -            426     1e-23   80.3  16.4   1   7      0.42       4.8    2.3   0.1    47    84    30    66    23    74 0.80 -
KV784404_1:77373-80295     -            927 325552at2759         -            426     1e-23   80.3  16.4   2   7   1.8e-07     2e-06   23.3   0.0   164   230    94   164    81   175 0.84 -
KV784404_1:77373-80295     -            927 325552at2759         -            426     1e-23   80.3  16.4   3   7      0.25       2.8    3.1   0.2   210   235   205   230   193   240 0.79 -
KV784404_1:77373-80295     -            927 325552at2759         -            426     1e-23   80.3  16.4   4   7     0.009       0.1    7.8   0.0   189   241   451   503   440   513 0.80 -
KV784404_1:77373-80295     -            927 325552at2759         -            426     1e-23   80.3  16.4   5   7     1e-07   1.2e-06   24.1   0.0   160   252   509   607   500   613 0.81 -
KV784404_1:77373-80295     -            927 325552at2759         -            426     1e-23   80.3  16.4   6   7   1.3e-06   1.5e-05   20.5   0.3   164   226   653   715   648   720 0.95 -
KV784404_1:77373-80295     -            927 325552at2759         -            426     1e-23   80.3  16.4   7   7      0.16       1.8    3.7   0.0   368   397   726   757   717   762 0.70 -
KV784354_1:3013214-3014164 -            317 325552at2759         -            426   4.3e-23   78.2   0.1   1   4   9.2e-09     1e-07   27.6   0.2   167   227    22    82    12    91 0.92 -
KV784354_1:3013214-3014164 -            317 325552at2759         -            426   4.3e-23   78.2   0.1   2   4   0.00044     0.005   12.1   0.0    33    61    93   121    86   132 0.67 -
KV784354_1:3013214-3014164 -            317 325552at2759         -            426   4.3e-23   78.2   0.1   3   4       1.8        20    0.3   0.0   340   370   154   184   148   196 0.83 -
KV784354_1:3013214-3014164 -            317 325552at2759         -            426   4.3e-23   78.2   0.1   4   4   2.7e-10   3.1e-09   32.6   0.0   164   225   256   317   250   317 0.97 -
KV784370_1:893346-894580   -            355 325552at2759         -            426     5e-23   78.0   0.1   1   4   1.3e-15   1.5e-14   50.1   0.0   148   229     2    83     1    91 0.92 -
KV784370_1:893346-894580   -            355 325552at2759         -            426     5e-23   78.0   0.1   2   4     0.017      0.19    6.9   0.0   194   216    89   111    81   116 0.82 -
KV784370_1:893346-894580   -            355 325552at2759         -            426     5e-23   78.0   0.1   3   4   7.4e-05   0.00083   14.7   0.0   173   228   171   226   148   245 0.81 -
KV784370_1:893346-894580   -            355 325552at2759         -            426     5e-23   78.0   0.1   4   4      0.65       7.4    1.7   0.0   158   180   295   317   275   338 0.72 -
KV784354_1:1829091-1829858 -            256 325552at2759         -            426   5.7e-23   77.8   4.5   1   3     6e-06   6.8e-05   18.3   0.0   153   195     6    48     2    52 0.67 -
KV784354_1:1829091-1829858 -            256 325552at2759         -            426   5.7e-23   77.8   4.5   2   3   1.7e-11     2e-10   36.5   0.2   156   226    50   124    44   134 0.88 -
KV784354_1:1829091-1829858 -            256 325552at2759         -            426   5.7e-23   77.8   4.5   3   3   9.2e-08     1e-06   24.3   0.1   141   224   163   256   137   256 0.78 -
KV784377_1:330052-331307   -            355 325552at2759         -            426   9.5e-23   77.1   0.1   1   4   1.3e-15   1.5e-14   50.1   0.0   148   229     2    83     1    91 0.92 -
KV784377_1:330052-331307   -            355 325552at2759         -            426   9.5e-23   77.1   0.1   2   4     0.017      0.19    6.9   0.0   194   216    89   111    81   116 0.82 -
KV784377_1:330052-331307   -            355 325552at2759         -            426   9.5e-23   77.1   0.1   3   4   7.4e-05   0.00083   14.7   0.0   173   228   171   226   148   245 0.81 -
KV784377_1:330052-331307   -            355 325552at2759         -            426   9.5e-23   77.1   0.1   4   4       1.5        17    0.5   0.0    38    58   297   317   276   327 0.66 -
KV784394_1:349492-353149   -            981 325552at2759         -            426   2.3e-22   75.8   5.0   1   5     3e-06   3.3e-05   19.3   0.0   150   228   110   192    97   207 0.81 -
KV784394_1:349492-353149   -            981 325552at2759         -            426   2.3e-22   75.8   5.0   2   5   7.1e-07   8.1e-06   21.3   0.1   155   228   437   520   430   540 0.75 -
KV784394_1:349492-353149   -            981 325552at2759         -            426   2.3e-22   75.8   5.0   3   5   2.9e-06   3.3e-05   19.3   0.0   160   239   537   618   523   626 0.83 -
KV784394_1:349492-353149   -            981 325552at2759         -            426   2.3e-22   75.8   5.0   4   5     0.043      0.49    5.6   0.0    38    67   623   651   616   674 0.82 -
KV784394_1:349492-353149   -            981 325552at2759         -            426   2.3e-22   75.8   5.0   5   5    0.0091       0.1    7.8   0.0   152   191   677   716   672   721 0.86 -
KV784363_1:1402145-1403065 -            307 325552at2759         -            426   1.9e-21   72.8   3.2   1   5     0.032      0.37    6.0   0.2   374   416    23    65    17    66 0.89 -
KV784363_1:1402145-1403065 -            307 325552at2759         -            426   1.9e-21   72.8   3.2   2   5   0.00013    0.0014   13.9   0.1    32    69    60    97    56   101 0.88 -
KV784363_1:1402145-1403065 -            307 325552at2759         -            426   1.9e-21   72.8   3.2   3   5    0.0013     0.015   10.5   0.0   368   397   101   130    96   141 0.84 -
KV784363_1:1402145-1403065 -            307 325552at2759         -            426   1.9e-21   72.8   3.2   4   5   6.4e-07   7.3e-06   21.5   0.0   153   226   142   220   137   230 0.86 -
KV784363_1:1402145-1403065 -            307 325552at2759         -            426   1.9e-21   72.8   3.2   5   5   2.2e-06   2.5e-05   19.7   0.0   154   226   231   305   221   306 0.87 -
KV784369_1:167646-170630   -            995 325552at2759         -            426   9.4e-21   70.5   9.3   1   6    0.0017      0.02   10.2   0.1    36    65    53    82    42   131 0.77 -
KV784369_1:167646-170630   -            995 325552at2759         -            426   9.4e-21   70.5   9.3   2   6       3.3        37   -0.6   0.0   253   341   319   411   272   418 0.53 -
KV784369_1:167646-170630   -            995 325552at2759         -            426   9.4e-21   70.5   9.3   3   6    0.0058     0.066    8.4   0.0    19    66   404   454   385   464 0.54 -
KV784369_1:167646-170630   -            995 325552at2759         -            426   9.4e-21   70.5   9.3   4   6       1.1        12    1.0   0.0   212   226   505   519   500   522 0.89 -
KV784369_1:167646-170630   -            995 325552at2759         -            426   9.4e-21   70.5   9.3   5   6   7.9e-12     9e-11   37.6   0.2   157   234   552   630   545   635 0.90 -
KV784369_1:167646-170630   -            995 325552at2759         -            426   9.4e-21   70.5   9.3   6   6   0.00041    0.0046   12.2   0.0   152   210   631   689   627   731 0.70 -
KV784422_1:111448-112059   -            204 325552at2759         -            426   2.3e-20   69.3   0.2   1   3   6.6e-17   7.5e-16   54.4   0.0   152   228     2    78     1    91 0.94 -
KV784422_1:111448-112059   -            204 325552at2759         -            426   2.3e-20   69.3   0.2   2   3    0.0092       0.1    7.8   0.0    38    68    95   125    89   133 0.83 -
KV784422_1:111448-112059   -            204 325552at2759         -            426   2.3e-20   69.3   0.2   3   3      0.13       1.5    4.0   0.0   168   204   156   193   127   203 0.62 -
KV784365_1:367787-368764   -            326 325552at2759         -            426   4.7e-20   68.2   9.7   1   5   2.2e-06   2.5e-05   19.7   0.2   191   231     6    46     2    64 0.80 -
KV784365_1:367787-368764   -            326 325552at2759         -            426   4.7e-20   68.2   9.7   2   5   1.4e-07   1.6e-06   23.6   0.2   166   229    66   136    50   146 0.83 -
KV784365_1:367787-368764   -            326 325552at2759         -            426   4.7e-20   68.2   9.7   3   5   1.6e-09   1.8e-08   30.1   0.6   157   234   106   182   102   189 0.89 -
KV784365_1:367787-368764   -            326 325552at2759         -            426   4.7e-20   68.2   9.7   4   5   0.00013    0.0015   13.8   0.1   189   228   187   228   181   241 0.80 -
KV784365_1:367787-368764   -            326 325552at2759         -            426   4.7e-20   68.2   9.7   5   5      0.36       4.1    2.5   0.0   153   181   297   325   289   326 0.83 -
KV784353_1:1575780-1576349 -            190 325552at2759         -            426   1.6e-19   66.5   0.2   1   3   6.3e-06   7.2e-05   18.2   0.1   192   231     8    47     4    56 0.90 -
KV784353_1:1575780-1576349 -            190 325552at2759         -            426   1.6e-19   66.5   0.2   2   3   1.4e-09   1.6e-08   30.3   0.0   158   239    64   145    55   152 0.90 -
KV784353_1:1575780-1576349 -            190 325552at2759         -            426   1.6e-19   66.5   0.2   3   3   9.2e-09     1e-07   27.5   0.0   156   233   104   182    98   189 0.87 -
KV784361_1:1596047-1596883 -            279 325552at2759         -            426   1.8e-19   66.3   0.1   1   3   2.5e-07   2.9e-06   22.8   0.0   158   230     7    82     1    90 0.91 -
KV784361_1:1596047-1596883 -            279 325552at2759         -            426   1.8e-19   66.3   0.1   2   3   2.8e-05   0.00032   16.1   0.0    33    69    91   127    85   132 0.84 -
KV784361_1:1596047-1596883 -            279 325552at2759         -            426   1.8e-19   66.3   0.1   3   3   1.4e-07   1.6e-06   23.6   0.0   153   230   169   248   147   258 0.88 -
KV784363_1:24009-24845     -            279 325552at2759         -            426   2.2e-19   66.0   0.1   1   3   2.5e-07   2.9e-06   22.8   0.0   158   230     7    82     1    90 0.91 -
KV784363_1:24009-24845     -            279 325552at2759         -            426   2.2e-19   66.0   0.1   2   3   3.3e-05   0.00037   15.8   0.0    33    68    91   126    84   132 0.82 -
KV784363_1:24009-24845     -            279 325552at2759         -            426   2.2e-19   66.0   0.1   3   3   1.4e-07   1.6e-06   23.6   0.0   153   230   169   248   148   258 0.88 -
KV784426_1:48466-49110     -            215 325552at2759         -            426   3.2e-19   65.5   3.1   1   3   3.9e-06   4.4e-05   18.9   0.0   152   194     7    49     2    54 0.63 -
KV784426_1:48466-49110     -            215 325552at2759         -            426   3.2e-19   65.5   3.1   2   3   1.3e-11   1.4e-10   37.0   0.2   157   227    53   127    49   143 0.88 -
KV784426_1:48466-49110     -            215 325552at2759         -            426   3.2e-19   65.5   3.1   3   3     0.007      0.08    8.2   0.0    40    61   194   215   176   215 0.77 -
KV784380_1:390134-390904   -            257 325552at2759         -            426   1.5e-18   63.2   1.0   1   5   1.2e-07   1.4e-06   23.8   0.0   152   221    15    84     6    91 0.93 -
KV784380_1:390134-390904   -            257 325552at2759         -            426   1.5e-18   63.2   1.0   2   5   0.00027     0.003   12.9   0.1   207   230    91   114    87   124 0.84 -
KV784380_1:390134-390904   -            257 325552at2759         -            426   1.5e-18   63.2   1.0   3   5   0.00063    0.0071   11.6   0.0   150   205   118   176   113   181 0.83 -
KV784380_1:390134-390904   -            257 325552at2759         -            426   1.5e-18   63.2   1.0   4   5      0.56       6.4    1.9   0.0   381   399   200   218   196   227 0.60 -
KV784380_1:390134-390904   -            257 325552at2759         -            426   1.5e-18   63.2   1.0   5   5    0.0088     0.099    7.8   0.0   151   183   225   257   223   257 0.85 -
KV784361_1:1771299-1771787 -            163 325552at2759         -            426   2.8e-18   62.4   0.0   1   3   2.1e-10   2.4e-09   33.0   0.0   154   227     3    78     1    79 0.93 -
KV784361_1:1771299-1771787 -            163 325552at2759         -            426   2.8e-18   62.4   0.0   2   3   1.1e-10   1.2e-09   33.9   0.0   155   231    48   122    46   130 0.90 -
KV784361_1:1771299-1771787 -            163 325552at2759         -            426   2.8e-18   62.4   0.0   3   3       2.3        26   -0.1   0.0   159   182   140   163   133   163 0.79 -
KV784363_1:204235-204723   -            163 325552at2759         -            426   2.8e-18   62.4   0.0   1   3   2.1e-10   2.4e-09   33.0   0.0   154   227     3    78     1    79 0.93 -
KV784363_1:204235-204723   -            163 325552at2759         -            426   2.8e-18   62.4   0.0   2   3   1.1e-10   1.2e-09   33.9   0.0   155   231    48   122    46   130 0.90 -
KV784363_1:204235-204723   -            163 325552at2759         -            426   2.8e-18   62.4   0.0   3   3       2.3        26   -0.1   0.0   159   182   140   163   133   163 0.79 -
KV784391_1:444597-445757   -            270 325552at2759         -            426   4.3e-18   61.8   3.6   1   5       2.5        29   -0.2   0.0   212   233     5    26     2    41 0.69 -
KV784391_1:444597-445757   -            270 325552at2759         -            426   4.3e-18   61.8   3.6   2   5       9.6   1.1e+02   -2.2   0.0   336   358    27    49    24    56 0.84 -
KV784391_1:444597-445757   -            270 325552at2759         -            426   4.3e-18   61.8   3.6   3   5      0.17       1.9    3.6   0.0    51    76    62    87    59    91 0.89 -
KV784391_1:444597-445757   -            270 325552at2759         -            426   4.3e-18   61.8   3.6   4   5     0.051      0.58    5.3   0.1   198   231   122   155   118   160 0.77 -
KV784391_1:444597-445757   -            270 325552at2759         -            426   4.3e-18   61.8   3.6   5   5   8.3e-16   9.4e-15   50.8   0.1   142   238   157   256   151   266 0.85 -
KV784356_1:715746-716711   -            322 325552at2759         -            426   3.9e-17   58.6   9.7   1   5       3.4        39   -0.7   0.4   376   397    25    46    21    75 0.71 -
KV784356_1:715746-716711   -            322 325552at2759         -            426   3.9e-17   58.6   9.7   2   5      0.46       5.2    2.2   0.2    33    67    65    99    56   105 0.82 -
KV784356_1:715746-716711   -            322 325552at2759         -            426   3.9e-17   58.6   9.7   3   5   0.00042    0.0048   12.2   0.2   369   404   106   141    99   152 0.86 -
KV784356_1:715746-716711   -            322 325552at2759         -            426   3.9e-17   58.6   9.7   4   5   2.9e-09   3.2e-08   29.2   0.3   150   229   143   232   132   250 0.78 -
KV784356_1:715746-716711   -            322 325552at2759         -            426   3.9e-17   58.6   9.7   5   5     5e-06   5.7e-05   18.5   0.0   175   226   263   314   239   320 0.85 -
KV784420_1:36086-37051     -            322 325552at2759         -            426   4.7e-17   58.3   9.8   1   5       3.3        37   -0.6   0.3   376   397    25    46    21    75 0.71 -
KV784420_1:36086-37051     -            322 325552at2759         -            426   4.7e-17   58.3   9.8   2   5      0.46       5.2    2.2   0.2    33    67    65    99    56   105 0.82 -
KV784420_1:36086-37051     -            322 325552at2759         -            426   4.7e-17   58.3   9.8   3   5   0.00035     0.004   12.4   0.2   369   404   106   141    94   152 0.85 -
KV784420_1:36086-37051     -            322 325552at2759         -            426   4.7e-17   58.3   9.8   4   5   3.2e-09   3.6e-08   29.1   0.4   150   229   143   232   132   250 0.78 -
KV784420_1:36086-37051     -            322 325552at2759         -            426   4.7e-17   58.3   9.8   5   5     5e-06   5.7e-05   18.5   0.0   175   226   263   314   239   320 0.85 -
KV784353_1:1815000-1816947 -            475 325552at2759         -            426   1.3e-16   56.9   1.8   1   5       4.2        48   -1.0   0.0   190   212    75    98    60   115 0.67 -
KV784353_1:1815000-1816947 -            475 325552at2759         -            426   1.3e-16   56.9   1.8   2   5      0.54       6.1    2.0   0.0   379   396   155   172   134   191 0.60 -
KV784353_1:1815000-1816947 -            475 325552at2759         -            426   1.3e-16   56.9   1.8   3   5   1.8e-08     2e-07   26.6   0.0   158   232   188   263   180   319 0.82 -
KV784353_1:1815000-1816947 -            475 325552at2759         -            426   1.3e-16   56.9   1.8   4   5   4.4e-05    0.0005   15.4   0.0    34    66   334   367   322   388 0.83 -
KV784353_1:1815000-1816947 -            475 325552at2759         -            426   1.3e-16   56.9   1.8   5   5    0.0093      0.11    7.8   0.0    41   103   398   464   380   469 0.68 -
KV784414_1:252780-253328   -            183 325552at2759         -            426     1e-13   47.3   1.5   1   3       6.2        70   -1.5   0.0    53    64     3    14     1    28 0.70 -
KV784414_1:252780-253328   -            183 325552at2759         -            426     1e-13   47.3   1.5   2   3   6.4e-09   7.3e-08   28.1   0.0   153   242    38   133    27   137 0.78 -
KV784414_1:252780-253328   -            183 325552at2759         -            426     1e-13   47.3   1.5   3   3   5.3e-08     6e-07   25.0   0.4   158   231    91   169    84   180 0.83 -
KV784378_1:213516-214136   -            207 325552at2759         -            426   2.1e-13   46.3   0.6   1   4   0.00022    0.0025   13.1   0.1   208   230     5    27     2    37 0.84 -
KV784378_1:213516-214136   -            207 325552at2759         -            426   2.1e-13   46.3   0.6   2   4   0.00045    0.0051   12.1   0.0   150   205    31    89    28    94 0.83 -
KV784378_1:213516-214136   -            207 325552at2759         -            426   2.1e-13   46.3   0.6   3   4      0.19       2.2    3.4   0.0   381   403   113   135   106   149 0.65 -
KV784378_1:213516-214136   -            207 325552at2759         -            426   2.1e-13   46.3   0.6   4   4   6.1e-05    0.0007   14.9   0.0   151   206   138   194   136   207 0.81 -
KV784399_1:375099-376037   -            313 325552at2759         -            426   3.1e-13   45.8   7.5   1   3   2.1e-07   2.4e-06   23.1   0.1   153   225     7    85     2    89 0.85 -
KV784399_1:375099-376037   -            313 325552at2759         -            426   3.1e-13   45.8   7.5   2   3   5.1e-07   5.7e-06   21.8   1.6   154   256    56   175    52   202 0.71 -
KV784399_1:375099-376037   -            313 325552at2759         -            426   3.1e-13   45.8   7.5   3   3   9.6e-05    0.0011   14.3   0.1   155   226   228   312   223   313 0.75 -
KV784376_1:557101-558321   -            407 325552at2759         -            426   8.8e-13   44.3   5.9   1   4      0.08      0.91    4.7   0.5   212   242    93   123    18   131 0.72 -
KV784376_1:557101-558321   -            407 325552at2759         -            426   8.8e-13   44.3   5.9   2   4     0.084      0.95    4.6   0.1   125   176   152   208   130   226 0.62 -
KV784376_1:557101-558321   -            407 325552at2759         -            426   8.8e-13   44.3   5.9   3   4     5e-08   5.7e-07   25.1   0.0   189   232   252   295   245   301 0.87 -
KV784376_1:557101-558321   -            407 325552at2759         -            426   8.8e-13   44.3   5.9   4   4    0.0037     0.042    9.1   0.1   152   195   299   342   294   346 0.89 -
KV784354_1:1188362-1189264 -            301 325552at2759         -            426   9.9e-13   44.1   0.5   1   3   0.00039    0.0044   12.3   0.0   191   225     2    36     1    41 0.94 -
KV784354_1:1188362-1189264 -            301 325552at2759         -            426   9.9e-13   44.1   0.5   2   3   3.4e-06   3.8e-05   19.1   0.1   172   238   109   176    92   214 0.80 -
KV784354_1:1188362-1189264 -            301 325552at2759         -            426   9.9e-13   44.1   0.5   3   3    0.0026      0.03    9.6   0.0   158   224   231   300   223   301 0.84 -
KV784353_1:290129-291343   -            405 325552at2759         -            426   1.1e-12   44.0   6.6   1   4     0.051      0.58    5.3   0.6   213   244    94   125    19   154 0.72 -
KV784353_1:290129-291343   -            405 325552at2759         -            426   1.1e-12   44.0   6.6   2   4     0.096       1.1    4.4   0.1   130   176   157   208   136   226 0.61 -
KV784353_1:290129-291343   -            405 325552at2759         -            426   1.1e-12   44.0   6.6   3   4   6.4e-08   7.2e-07   24.8   0.0   191   232   254   295   245   299 0.87 -
KV784353_1:290129-291343   -            405 325552at2759         -            426   1.1e-12   44.0   6.6   4   4    0.0028     0.031    9.5   0.1   152   195   299   342   294   346 0.89 -
KV784462_1:52062-52643     -            194 325552at2759         -            426   1.2e-12   43.9   0.2   1   2   0.00031    0.0035   12.6   0.1    42    68    74   100    71   109 0.88 -
KV784462_1:52062-52643     -            194 325552at2759         -            426   1.2e-12   43.9   0.2   2   2   0.00072    0.0082   11.4   0.0    40    77   132   169   124   176 0.76 -
KV784371_1:1091946-1095213 -            595 325552at2759         -            426   2.7e-12   42.7   0.0   1   2   3.1e-06   3.5e-05   19.2   0.1   170   264    83   174    17   193 0.83 -
KV784371_1:1091946-1095213 -            595 325552at2759         -            426   2.7e-12   42.7   0.0   2   2   6.9e-07   7.8e-06   21.4   0.0   109   221   201   320   163   326 0.80 -
KV784358_1:1868735-1869112 -            126 325552at2759         -            426   3.6e-12   42.3   1.5   1   2   3.8e-07   4.3e-06   22.2   1.5   196   243     2    50     1    59 0.81 -
KV784358_1:1868735-1869112 -            126 325552at2759         -            426   3.6e-12   42.3   1.5   2   2   1.8e-06   2.1e-05   20.0   0.0   153   228    48   124    45   126 0.86 -
KV784353_1:1735052-1735888 -            279 325552at2759         -            426   6.7e-12   41.4   2.6   1   3       8.9     1e+02   -2.1   0.1   204   229     9    37     7    48 0.65 -
KV784353_1:1735052-1735888 -            279 325552at2759         -            426   6.7e-12   41.4   2.6   2   3   4.2e-07   4.8e-06   22.1   0.0   167   237    70   140    49   146 0.90 -
KV784353_1:1735052-1735888 -            279 325552at2759         -            426   6.7e-12   41.4   2.6   3   3   6.5e-06   7.4e-05   18.2   0.1   174   228   165   221   152   229 0.79 -
KV784383_1:18729-22204     -            611 325552at2759         -            426   7.3e-12   41.2   0.0   1   2   5.1e-06   5.7e-05   18.5   0.1   170   262   133   222   116   237 0.84 -
KV784383_1:18729-22204     -            611 325552at2759         -            426   7.3e-12   41.2   0.0   2   2   1.1e-06   1.2e-05   20.7   0.0   109   220   251   369   213   494 0.83 -
KV784353_1:3074076-3075092 -            339 325552at2759         -            426   1.8e-11   40.0   2.0   1   3    0.0017     0.019   10.2   0.5   196   257     3    65     1    73 0.65 -
KV784353_1:3074076-3075092 -            339 325552at2759         -            426   1.8e-11   40.0   2.0   2   3   1.2e-08   1.4e-07   27.2   0.1   165   245    64   146    42   184 0.80 -
KV784353_1:3074076-3075092 -            339 325552at2759         -            426   1.8e-11   40.0   2.0   3   3      0.93        11    1.2   0.0   156   185   217   247   205   256 0.63 -
KV784353_1:2311213-2312638 -            372 325552at2759         -            426   2.6e-11   39.4  12.3   1   5      0.26         3    3.0   0.8   374   416    83   125    80   132 0.82 -
KV784353_1:2311213-2312638 -            372 325552at2759         -            426   2.6e-11   39.4  12.3   2   5    0.0004    0.0046   12.3   0.8    39    84   130   176   121   178 0.79 -
KV784353_1:2311213-2312638 -            372 325552at2759         -            426   2.6e-11   39.4  12.3   3   5    0.0092       0.1    7.8   0.1   368   401   164   197   157   211 0.85 -
KV784353_1:2311213-2312638 -            372 325552at2759         -            426   2.6e-11   39.4  12.3   4   5    0.0069     0.078    8.2   0.1   193   247   223   279   216   286 0.79 -
KV784353_1:2311213-2312638 -            372 325552at2759         -            426   2.6e-11   39.4  12.3   5   5   3.2e-06   3.6e-05   19.2   0.0   186   226   307   347   291   357 0.89 -
KV784361_1:2391551-2391988 -            146 325552at2759         -            426   5.6e-11   38.3   0.7   1   3   6.7e-05   0.00076   14.8   0.0   194   230    16    53     3    60 0.75 -
KV784361_1:2391551-2391988 -            146 325552at2759         -            426   5.6e-11   38.3   0.7   2   3   5.3e-09     6e-08   28.3   0.2   158   228    22    96    16   109 0.81 -
KV784361_1:2391551-2391988 -            146 325552at2759         -            426   5.6e-11   38.3   0.7   3   3      0.18       2.1    3.5   0.0   369   389   120   143   113   146 0.70 -
KV784363_1:886051-886488   -            146 325552at2759         -            426   5.6e-11   38.3   0.7   1   3   6.7e-05   0.00076   14.8   0.0   194   230    16    53     3    60 0.75 -
KV784363_1:886051-886488   -            146 325552at2759         -            426   5.6e-11   38.3   0.7   2   3   5.3e-09     6e-08   28.3   0.2   158   228    22    96    16   109 0.81 -
KV784363_1:886051-886488   -            146 325552at2759         -            426   5.6e-11   38.3   0.7   3   3      0.18       2.1    3.5   0.0   369   389   120   143   113   146 0.70 -
KV784358_1:1390145-1390612 -            156 325552at2759         -            426   7.3e-11   37.9   1.2   1   3      0.17       1.9    3.6   0.0   213   245     2    34     1    39 0.71 -
KV784358_1:1390145-1390612 -            156 325552at2759         -            426   7.3e-11   37.9   1.2   2   3    0.0013     0.015   10.6   0.1   210   242    49    81    45    94 0.84 -
KV784358_1:1390145-1390612 -            156 325552at2759         -            426   7.3e-11   37.9   1.2   3   3     7e-07     8e-06   21.3   0.0   159   209   105   155    96   156 0.92 -
KV784355_1:3347873-3349885 -            671 325552at2759         -            426   1.8e-10   36.6   0.0   1   4   6.5e-05   0.00074   14.9   0.0   157   200   308   351   298   362 0.82 -
KV784355_1:3347873-3349885 -            671 325552at2759         -            426   1.8e-10   36.6   0.0   2   4      0.11       1.3    4.2   0.0   152   229   454   533   384   543 0.77 -
KV784355_1:3347873-3349885 -            671 325552at2759         -            426   1.8e-10   36.6   0.0   3   4   0.00014    0.0016   13.8   0.0   108   224   492   613   483   619 0.84 -
KV784355_1:3347873-3349885 -            671 325552at2759         -            426   1.8e-10   36.6   0.0   4   4      0.35       3.9    2.6   0.0   156   183   642   669   636   670 0.87 -
KV784361_1:1192035-1192967 -            311 325552at2759         -            426     2e-10   36.5   1.7   1   3      0.14       1.6    3.9   0.4   285   398    91   119    48   134 0.36 -
KV784361_1:1192035-1192967 -            311 325552at2759         -            426     2e-10   36.5   1.7   2   3       3.2        37   -0.6   0.0    35    57   195   217   183   219 0.74 -
KV784361_1:1192035-1192967 -            311 325552at2759         -            426     2e-10   36.5   1.7   3   3   1.4e-08   1.6e-07   26.9   0.0   158   216   251   310   236   311 0.91 -
KV784363_1:1527406-1529418 -            671 325552at2759         -            426   2.8e-10   36.0   0.0   1   4   6.5e-05   0.00074   14.9   0.0   157   200   308   351   298   362 0.82 -
KV784363_1:1527406-1529418 -            671 325552at2759         -            426   2.8e-10   36.0   0.0   2   4       0.1       1.2    4.3   0.0   152   229   454   533   384   551 0.78 -
KV784363_1:1527406-1529418 -            671 325552at2759         -            426   2.8e-10   36.0   0.0   3   4   0.00021    0.0024   13.2   0.0   108   224   492   613   483   619 0.84 -
KV784363_1:1527406-1529418 -            671 325552at2759         -            426   2.8e-10   36.0   0.0   4   4      0.35       3.9    2.6   0.0   156   183   642   669   636   670 0.87 -
KV784353_1:2527270-2527890 -            207 325552at2759         -            426     3e-10   35.9   0.0   1   3     0.003     0.034    9.4   0.0   374   404    14    44     4    55 0.61 -
KV784353_1:2527270-2527890 -            207 325552at2759         -            426     3e-10   35.9   0.0   2   3   6.7e-07   7.6e-06   21.4   0.0   158   231    68   146    61   159 0.83 -
KV784353_1:2527270-2527890 -            207 325552at2759         -            426     3e-10   35.9   0.0   3   3      0.25       2.8    3.1   0.0   187   231   144   187   139   196 0.80 -
KV784353_1:2443804-2444151 -            116 325552at2759         -            426   3.8e-10   35.6   0.1   1   2     0.065      0.73    5.0   0.0    42    64     9    31     2    41 0.82 -
KV784353_1:2443804-2444151 -            116 325552at2759         -            426   3.8e-10   35.6   0.1   2   2   2.5e-09   2.8e-08   29.4   0.0   151   227    38   114    29   116 0.94 -
KV784446_1:78715-79062     -            116 325552at2759         -            426   3.8e-10   35.6   0.1   1   2     0.065      0.73    5.0   0.0    42    64     9    31     2    41 0.82 -
KV784446_1:78715-79062     -            116 325552at2759         -            426   3.8e-10   35.6   0.1   2   2   2.5e-09   2.8e-08   29.4   0.0   151   227    38   114    29   116 0.94 -
KV784354_1:1999035-1999907 -            291 325552at2759         -            426   6.3e-10   34.9   9.9   1   3   4.7e-05   0.00053   15.3   0.7   169   225     6    66     2    85 0.86 -
KV784354_1:1999035-1999907 -            291 325552at2759         -            426   6.3e-10   34.9   9.9   2   3   6.6e-07   7.5e-06   21.4   2.3   154   256    37   156    30   178 0.71 -
KV784354_1:1999035-1999907 -            291 325552at2759         -            426   6.3e-10   34.9   9.9   3   3   0.00047    0.0054   12.0   0.1   155   224   209   291   204   291 0.74 -
KV784357_1:1909370-1909924 -            185 325552at2759         -            426   1.1e-09   34.1   0.2   1   2   6.2e-05    0.0007   14.9   0.0   193   228     1    37     1    56 0.83 -
KV784357_1:1909370-1909924 -            185 325552at2759         -            426   1.1e-09   34.1   0.2   2   2     1e-05   0.00011   17.5   0.0   160   229   111   184   100   185 0.81 -
KV784356_1:920299-920979   -            227 325552at2759         -            426   1.1e-09   34.0   0.6   1   3   7.1e-08     8e-07   24.6   0.0   157   229     8    79     1    90 0.86 -
KV784356_1:920299-920979   -            227 325552at2759         -            426   1.1e-09   34.0   0.6   2   3   0.00027    0.0031   12.8   0.4   168   230    60   123    50   139 0.79 -
KV784356_1:920299-920979   -            227 325552at2759         -            426   1.1e-09   34.0   0.6   3   3      0.45       5.2    2.2   0.0   203   228   173   198   155   208 0.78 -
KV784393_1:134795-135349   -            185 325552at2759         -            426   1.4e-09   33.8   0.3   1   2   5.8e-05   0.00066   15.0   0.0   193   228     1    37     1    60 0.83 -
KV784393_1:134795-135349   -            185 325552at2759         -            426   1.4e-09   33.8   0.3   2   2   1.2e-05   0.00014   17.2   0.0   168   229   120   184   100   185 0.81 -
KV784356_1:2132734-2133357 -            208 325552at2759         -            426   1.5e-09   33.6   0.2   1   2   7.9e-07     9e-06   21.2   0.1   140   229    32   125    11   133 0.82 -
KV784356_1:2132734-2133357 -            208 325552at2759         -            426   1.5e-09   33.6   0.2   2   2    0.0023     0.026    9.8   0.0   304   345   153   194   139   207 0.83 -
KV784354_1:1212899-1213090 -             64 325552at2759         -            426   2.3e-09   33.0   0.1   1   1   9.1e-07     1e-05   21.0   0.0    35    63    35    63    30    64 0.87 -
KV784354_1:2520510-2520944 -            145 325552at2759         -            426   3.2e-09   32.5   0.2   1   2   5.5e-08   6.3e-07   25.0   0.1   158   220     1    61     1    81 0.89 -
KV784354_1:2520510-2520944 -            145 325552at2759         -            426   3.2e-09   32.5   0.2   2   2     0.032      0.36    6.0   0.0   161   206    96   140    80   144 0.60 -
KV784383_1:391136-392710   -            525 325552at2759         -            426   3.6e-09   32.4   0.5   1   2    0.0052     0.059    8.6   0.0   202   289    88   179    72   213 0.69 -
KV784383_1:391136-392710   -            525 325552at2759         -            426   3.6e-09   32.4   0.5   2   2   2.3e-06   2.6e-05   19.6   0.1   156   228   313   398   308   409 0.76 -
KV784362_1:1164262-1164885 -            208 325552at2759         -            426   5.3e-09   31.8   0.6   1   3   2.9e-06   3.3e-05   19.3   0.2   140   229    32   125    17   131 0.81 -
KV784362_1:1164262-1164885 -            208 325552at2759         -            426   5.3e-09   31.8   0.6   2   3    0.0081     0.092    8.0   0.0    46    71   106   131   100   140 0.82 -
KV784362_1:1164262-1164885 -            208 325552at2759         -            426   5.3e-09   31.8   0.6   3   3    0.0021     0.024    9.9   0.0   304   345   153   194   138   207 0.83 -
KV784464_1:35879-37453     -            525 325552at2759         -            426   5.6e-09   31.7   0.5   1   3    0.0045     0.051    8.8   0.0   202   287    88   177    71   212 0.68 -
KV784464_1:35879-37453     -            525 325552at2759         -            426   5.6e-09   31.7   0.5   2   3   0.00027     0.003   12.8   0.0   156   186   313   343   275   352 0.67 -
KV784464_1:35879-37453     -            525 325552at2759         -            426   5.6e-09   31.7   0.5   3   3   6.1e-06   6.9e-05   18.3   0.1   156   228   313   398   306   406 0.74 -
KV784353_1:2953385-2953654 -             90 325552at2759         -            426   5.9e-09   31.7   1.2   1   2   8.4e-09   9.5e-08   27.7   0.1   196   230     2    36     1    59 0.86 -
KV784353_1:2953385-2953654 -             90 325552at2759         -            426   5.9e-09   31.7   1.2   2   2      0.16       1.8    3.7   0.1   212   225    75    88    56    90 0.66 -
KV784374_1:541300-541527   -             76 325552at2759         -            426     9e-09   31.1   0.0   1   1   9.7e-10   1.1e-08   30.8   0.0   156   222     8    75     3    76 0.92 -
KV784407_1:85048-85275     -             76 325552at2759         -            426     9e-09   31.1   0.0   1   1   9.7e-10   1.1e-08   30.8   0.0   156   222     8    75     3    76 0.92 -
KV784359_1:1512115-1512438 -            108 325552at2759         -            426   2.3e-08   29.7   0.6   1   2   2.8e-08   3.2e-07   26.0   0.3   168   230    14    80     1    85 0.84 -
KV784359_1:1512115-1512438 -            108 325552at2759         -            426   2.3e-08   29.7   0.6   2   2      0.19       2.2    3.4   0.0   186   213    80   107    77   108 0.86 -
KV784404_1:79489-79782     -             98 325552at2759         -            426   2.3e-08   29.7   0.3   1   2   4.8e-07   5.5e-06   21.9   0.2   170   227     1    58     1    76 0.93 -
KV784404_1:79489-79782     -             98 325552at2759         -            426   2.3e-08   29.7   0.3   2   2     0.016      0.18    7.0   0.0   367   396    67    98    58    98 0.76 -
KV784373_1:574406-574939   -            178 325552at2759         -            426   3.6e-08   29.1   4.4   1   3      0.39       4.4    2.4   0.0   210   229    13    32     8    49 0.81 -
KV784373_1:574406-574939   -            178 325552at2759         -            426   3.6e-08   29.1   4.4   2   3   9.3e-08     1e-06   24.2   0.2   154   230    52   128    42   165 0.81 -
KV784373_1:574406-574939   -            178 325552at2759         -            426   3.6e-08   29.1   4.4   3   3      0.27       3.1    2.9   0.4   211   224   165   178   157   178 0.76 -
KV784363_1:204991-205284   -             98 325552at2759         -            426   3.7e-08   29.0   0.2   1   2      0.43       4.8    2.3   0.0   385   406     2    26     1    33 0.58 -
KV784363_1:204991-205284   -             98 325552at2759         -            426   3.7e-08   29.0   0.2   2   2   4.6e-08   5.2e-07   25.3   0.1   154   212    40    98    33    98 0.96 -
KV784361_1:2468797-2469474 -            226 325552at2759         -            426   4.7e-08   28.7   1.7   1   2   7.9e-06     9e-05   17.9   0.1   189   236    28    77    19    88 0.72 -
KV784361_1:2468797-2469474 -            226 325552at2759         -            426   4.7e-08   28.7   1.7   2   2    0.0005    0.0057   12.0   0.4   153   249    76   180    68   200 0.78 -
KV784363_1:1024955-1025632 -            226 325552at2759         -            426   4.7e-08   28.7   1.7   1   2   7.9e-06     9e-05   17.9   0.1   189   236    28    77    19    88 0.72 -
KV784363_1:1024955-1025632 -            226 325552at2759         -            426   4.7e-08   28.7   1.7   2   2    0.0005    0.0057   12.0   0.4   153   249    76   180    68   200 0.78 -
KV784431_1:45672-46340     -            223 325552at2759         -            426   5.2e-08   28.6   4.5   1   3       1.5        17    0.5   0.0   212   229     1    18     1    35 0.79 -
KV784431_1:45672-46340     -            223 325552at2759         -            426   5.2e-08   28.6   4.5   2   3   1.7e-07   1.9e-06   23.4   0.1   154   229    38   113    32   149 0.81 -
KV784431_1:45672-46340     -            223 325552at2759         -            426   5.2e-08   28.6   4.5   3   3     0.063      0.71    5.0   0.3   211   225   151   165   143   173 0.80 -
KV784361_1:1772050-1772343 -             98 325552at2759         -            426   5.9e-08   28.4   0.3   1   2      0.64       7.2    1.7   0.0   214   238     2    25     1    37 0.54 -
KV784361_1:1772050-1772343 -             98 325552at2759         -            426   5.9e-08   28.4   0.3   2   2   4.8e-08   5.4e-07   25.2   0.1   154   212    40    98    35    98 0.96 -
KV784422_1:111096-111428   -            111 325552at2759         -            426   6.7e-08   28.2   0.1   1   2    0.0064     0.073    8.3   0.0   211   226    36    51    10    59 0.59 -
KV784422_1:111096-111428   -            111 325552at2759         -            426   6.7e-08   28.2   0.1   2   2     6e-06   6.8e-05   18.3   0.1   188   228    70   111    61   111 0.86 -
KV784398_1:113577-113885   -            103 325552at2759         -            426   7.5e-08   28.0   0.5   1   2    0.0019     0.021   10.0   0.4   214   242     3    31     1    40 0.78 -
KV784398_1:113577-113885   -            103 325552at2759         -            426   7.5e-08   28.0   0.5   2   2   7.6e-06   8.6e-05   17.9   0.0   153   225    30   103    27   103 0.86 -
KV784376_1:194084-195045   -            239 325552at2759         -            426   1.2e-07   27.4   1.7   1   4     0.039      0.45    5.7   0.1    40    72     5    37     1    41 0.75 -
KV784376_1:194084-195045   -            239 325552at2759         -            426   1.2e-07   27.4   1.7   2   4   0.00065    0.0073   11.6   0.0   198   228    52    82    40    93 0.83 -
KV784376_1:194084-195045   -            239 325552at2759         -            426   1.2e-07   27.4   1.7   3   4       6.6        75   -1.6   0.0   167   185   102   120    95   130 0.70 -
KV784376_1:194084-195045   -            239 325552at2759         -            426   1.2e-07   27.4   1.7   4   4     0.018       0.2    6.9   0.1   155   196   184   225   171   238 0.78 -
KV784380_1:582637-583606   -            239 325552at2759         -            426   1.2e-07   27.4   1.7   1   4     0.039      0.45    5.7   0.1    40    72     5    37     1    41 0.75 -
KV784380_1:582637-583606   -            239 325552at2759         -            426   1.2e-07   27.4   1.7   2   4   0.00065    0.0073   11.6   0.0   198   228    52    82    40    93 0.83 -
KV784380_1:582637-583606   -            239 325552at2759         -            426   1.2e-07   27.4   1.7   3   4       6.6        75   -1.6   0.0   167   185   102   120    95   130 0.70 -
KV784380_1:582637-583606   -            239 325552at2759         -            426   1.2e-07   27.4   1.7   4   4     0.018       0.2    6.9   0.1   155   196   184   225   171   238 0.78 -
KV784367_1:812851-814656   -            538 325552at2759         -            426   2.7e-07   26.2   9.2   1   4    0.0046     0.052    8.8   0.4   195   259   253   319   241   330 0.67 -
KV784367_1:812851-814656   -            538 325552at2759         -            426   2.7e-07   26.2   9.2   2   4      0.78       8.9    1.4   0.1   169   233   308   377   297   387 0.61 -
KV784367_1:812851-814656   -            538 325552at2759         -            426   2.7e-07   26.2   9.2   3   4       6.5        74   -1.6   0.0    41    65   401   425   382   439 0.81 -
KV784367_1:812851-814656   -            538 325552at2759         -            426   2.7e-07   26.2   9.2   4   4   1.8e-06     2e-05   20.0   0.9    33   111   439   519   423   533 0.85 -
KV784362_1:330522-331043   -            174 325552at2759         -            426   4.4e-07   25.5   1.3   1   2   6.8e-08   7.7e-07   24.7   0.2   164   232     1    75     1    94 0.83 -
KV784362_1:330522-331043   -            174 325552at2759         -            426   4.4e-07   25.5   1.3   2   2       3.3        37   -0.6   0.1    56   312   120   129    93   157 0.51 -
KV784358_1:1390876-1391181 -            102 325552at2759         -            426   4.8e-07   25.4   0.1   1   2   4.9e-06   5.6e-05   18.6   0.0    36    67     9    40     2    62 0.72 -
KV784358_1:1390876-1391181 -            102 325552at2759         -            426   4.8e-07   25.4   0.1   2   2     0.073      0.83    4.8   0.1   167   198    69   100    55   102 0.67 -
KV784364_1:1090358-1090849 -            164 325552at2759         -            426   5.1e-07   25.3   0.0   1   3      0.81       9.2    1.4   0.0   163   186    14    37     4    51 0.68 -
KV784364_1:1090358-1090849 -            164 325552at2759         -            426   5.1e-07   25.3   0.0   2   3     7e-07   7.9e-06   21.4   0.0    37    70    59    92    49   144 0.83 -
KV784364_1:1090358-1090849 -            164 325552at2759         -            426   5.1e-07   25.3   0.0   3   3       8.8     1e+02   -2.0   0.0   155   169   149   163   134   164 0.81 -
KV784355_1:2661717-2663666 -            650 325552at2759         -            426   5.4e-07   25.2   3.3   1   3   4.1e-06   4.7e-05   18.8   0.0   160   234   156   230   143   248 0.89 -
KV784355_1:2661717-2663666 -            650 325552at2759         -            426   5.4e-07   25.2   3.3   2   3      0.22       2.5    3.2   0.3   378   399   266   286   244   293 0.73 -
KV784355_1:2661717-2663666 -            650 325552at2759         -            426   5.4e-07   25.2   3.3   3   3      0.99        11    1.1   0.1   380   421   406   449   355   453 0.78 -
KV784364_1:349851-350339   -            163 325552at2759         -            426   5.6e-07   25.1   1.3   1   3      0.23       2.6    3.2   0.3   216   232     1    17     1    25 0.83 -
KV784364_1:349851-350339   -            163 325552at2759         -            426   5.6e-07   25.1   1.3   2   3   4.3e-05   0.00049   15.5   0.1   189   228    24    65    18    78 0.81 -
KV784364_1:349851-350339   -            163 325552at2759         -            426   5.6e-07   25.1   1.3   3   3      0.13       1.5    3.9   0.0   153   181   134   162   126   163 0.83 -
KV784356_1:1261586-1262194 -            203 325552at2759         -            426   6.6e-07   24.9   1.0   1   2   1.1e-07   1.3e-06   24.0   0.1   164   232    30   104    25   123 0.83 -
KV784356_1:1261586-1262194 -            203 325552at2759         -            426   6.6e-07   24.9   1.0   2   2       4.2        48   -1.0   0.1    56   312   149   158   122   186 0.52 -
KV784432_1:35110-35802     -            231 325552at2759         -            426     1e-06   24.3   0.0   1   2     2e-05   0.00023   16.6   0.0   161   185     4    28     1    42 0.54 -
KV784432_1:35110-35802     -            231 325552at2759         -            426     1e-06   24.3   0.0   2   2     0.043      0.49    5.6   0.0     4    48   165   208   162   213 0.85 -
KV784357_1:2668525-2669268 -            248 325552at2759         -            426   1.4e-06   23.9   0.0   1   2   2.4e-05   0.00028   16.3   0.0   160   185     3    28     1    41 0.58 -
KV784357_1:2668525-2669268 -            248 325552at2759         -            426   1.4e-06   23.9   0.0   2   2     0.049      0.55    5.4   0.0     4    48   165   208   162   213 0.85 -
KV784357_1:753055-753414   -            120 325552at2759         -            426   1.7e-06   23.6   0.1   1   1   2.1e-07   2.4e-06   23.1   0.1   163   219    63   118    53   120 0.91 -
KV784419_1:148670-149314   -            215 325552at2759         -            426   2.4e-06   23.1   0.0   1   1   3.8e-07   4.3e-06   22.2   0.0    39    69    21    51    13    86 0.85 -
KV784353_1:2825091-2825747 -            219 325552at2759         -            426   2.4e-06   23.1   0.4   1   2      0.19       2.2    3.4   0.0   155   208    28    85    21    91 0.74 -
KV784353_1:2825091-2825747 -            219 325552at2759         -            426   2.4e-06   23.1   0.4   2   2     1e-05   0.00012   17.5   0.1   150   225   136   219   128   219 0.78 -
KV784401_1:29200-29856     -            219 325552at2759         -            426   3.1e-06   22.7   0.7   1   2      0.19       2.2    3.4   0.0   155   208    28    85    21    91 0.74 -
KV784401_1:29200-29856     -            219 325552at2759         -            426   3.1e-06   22.7   0.7   2   2   1.2e-05   0.00014   17.2   0.2   151   225   137   219   131   219 0.77 -
KV784358_1:353468-355335   -            560 325552at2759         -            426   3.4e-06   22.6   9.9   1   4    0.0046     0.052    8.8   0.4   195   259   253   319   243   329 0.66 -
KV784358_1:353468-355335   -            560 325552at2759         -            426   3.4e-06   22.6   9.9   2   4      0.85       9.6    1.3   0.1   169   233   308   377   297   387 0.61 -
KV784358_1:353468-355335   -            560 325552at2759         -            426   3.4e-06   22.6   9.9   3   4       6.9        78   -1.7   0.0    41    65   401   425   379   437 0.81 -
KV784358_1:353468-355335   -            560 325552at2759         -            426   3.4e-06   22.6   9.9   4   4   1.6e-05   0.00018   16.8   1.0    33   111   439   519   429   537 0.84 -
KV784462_1:52958-53227     -             90 325552at2759         -            426   4.2e-06   22.3   0.0   1   2    0.0086     0.098    7.9   0.0    37    65     3    32     1    48 0.76 -
KV784462_1:52958-53227     -             90 325552at2759         -            426   4.2e-06   22.3   0.0   2   2   0.00022    0.0025   13.1   0.0   195   224    59    90    46    90 0.83 -
KV784361_1:1306457-1308466 -            615 325552at2759         -            426   5.3e-06   21.9   5.9   1   5       2.4        28   -0.2   0.1    40    64    57    81    47    89 0.82 -
KV784361_1:1306457-1308466 -            615 325552at2759         -            426   5.3e-06   21.9   5.9   2   5       1.7        19    0.4   0.0   187   216   112   141   108   154 0.83 -
KV784361_1:1306457-1308466 -            615 325552at2759         -            426   5.3e-06   21.9   5.9   3   5       3.3        37   -0.6   0.0   153   183   351   381   345   385 0.81 -
KV784361_1:1306457-1308466 -            615 325552at2759         -            426   5.3e-06   21.9   5.9   4   5       2.7        30   -0.3   0.0   161   187   416   442   408   452 0.86 -
KV784361_1:1306457-1308466 -            615 325552at2759         -            426   5.3e-06   21.9   5.9   5   5   3.2e-06   3.6e-05   19.2   0.2   156   225   464   536   449   544 0.82 -
KV784354_1:3001358-3002197 -            280 325552at2759         -            426   9.5e-06   21.1   0.8   1   2       4.7        53   -1.1   0.0   158   213    30    86    20   106 0.56 -
KV784354_1:3001358-3002197 -            280 325552at2759         -            426   9.5e-06   21.1   0.8   2   2   2.3e-05   0.00026   16.4   0.3    41   184   121   278   119   280 0.75 -
KV784378_1:393978-394595   -            206 325552at2759         -            426   1.7e-05   20.3   0.3   1   4    0.0019     0.021   10.1   0.1    48    97     1    56     1    65 0.68 -
KV784378_1:393978-394595   -            206 325552at2759         -            426   1.7e-05   20.3   0.3   2   4     0.021      0.24    6.6   0.0    40    73    40    74    35    88 0.79 -
KV784378_1:393978-394595   -            206 325552at2759         -            426   1.7e-05   20.3   0.3   3   4      0.17       1.9    3.6   0.0   367   398    74   109    63   115 0.74 -
KV784378_1:393978-394595   -            206 325552at2759         -            426   1.7e-05   20.3   0.3   4   4      0.37       4.1    2.5   0.0   190   226   124   160   115   169 0.65 -
KV784508_1:3352-3969       -            206 325552at2759         -            426   1.7e-05   20.3   0.3   1   4    0.0019     0.021   10.1   0.1    48    97     1    56     1    65 0.68 -
KV784508_1:3352-3969       -            206 325552at2759         -            426   1.7e-05   20.3   0.3   2   4     0.021      0.24    6.6   0.0    40    73    40    74    35    88 0.79 -
KV784508_1:3352-3969       -            206 325552at2759         -            426   1.7e-05   20.3   0.3   3   4      0.17       1.9    3.6   0.0   367   398    74   109    63   115 0.74 -
KV784508_1:3352-3969       -            206 325552at2759         -            426   1.7e-05   20.3   0.3   4   4      0.37       4.1    2.5   0.0   190   226   124   160   115   169 0.65 -
KV784466_1:29788-30018     -             77 325552at2759         -            426   2.2e-05   19.9   0.2   1   1     1e-05   0.00012   17.5   0.2   163   197     1    35     1    77 0.65 -
KV784354_1:2873999-2877250 -           1084 325552at2759         -            426   2.6e-05   19.7   0.0   1   2         3        34   -0.5   0.0   196   228   562   595   550   604 0.74 -
KV784354_1:2873999-2877250 -           1084 325552at2759         -            426   2.6e-05   19.7   0.0   2   2   1.6e-05   0.00018   16.9   0.0   166   234   618   692   611   715 0.83 -
KV784356_1:1546956-1547504 -            183 325552at2759         -            426     3e-05   19.4   0.1   1   2      0.14       1.5    3.9   0.0    48    73    17    42    11    54 0.81 -
KV784356_1:1546956-1547504 -            183 325552at2759         -            426     3e-05   19.4   0.1   2   2   0.00015    0.0017   13.7   0.0   162   218   127   182   115   183 0.91 -
KV784354_1:3538596-3539336 -            247 325552at2759         -            426   3.8e-05   19.1   0.1   1   3    0.0068     0.078    8.2   0.0   191   228     8    47     2    62 0.60 -
KV784354_1:3538596-3539336 -            247 325552at2759         -            426   3.8e-05   19.1   0.1   2   3      0.35       3.9    2.6   0.0   153   190   138   175   126   183 0.85 -
KV784354_1:3538596-3539336 -            247 325552at2759         -            426   3.8e-05   19.1   0.1   3   3     0.088         1    4.6   0.0   159   194   191   226   177   231 0.68 -
KV784354_1:619556-620113   -            186 325552at2759         -            426   3.9e-05   19.1   0.0   1   2    0.0079      0.09    8.0   0.0    35    68     3    36     1    46 0.85 -
KV784354_1:619556-620113   -            186 325552at2759         -            426   3.9e-05   19.1   0.0   2   2    0.0033     0.038    9.2   0.0   169   228   105   169    94   182 0.77 -
KV784362_1:642471-643019   -            183 325552at2759         -            426   4.6e-05   18.8   0.1   1   2      0.14       1.6    3.9   0.0    48    73    17    42    11    53 0.82 -
KV784362_1:642471-643019   -            183 325552at2759         -            426   4.6e-05   18.8   0.1   2   2   0.00021    0.0024   13.2   0.0   162   218   127   182   115   183 0.91 -
KV784401_1:199592-204163   -           1430 325552at2759         -            426   4.7e-05   18.8   1.7   1   6       2.6        30   -0.3   0.1   196   221   864   889   849   903 0.85 -
KV784401_1:199592-204163   -           1430 325552at2759         -            426   4.7e-05   18.8   1.7   2   6     0.013      0.14    7.3   0.0   196   231   994  1029   984  1040 0.82 -
KV784401_1:199592-204163   -           1430 325552at2759         -            426   4.7e-05   18.8   1.7   3   6       3.5        39   -0.7   0.1    47    61  1063  1077  1059  1089 0.75 -
KV784401_1:199592-204163   -           1430 325552at2759         -            426   4.7e-05   18.8   1.7   4   6      0.46       5.3    2.2   0.0   188   227  1102  1142  1096  1159 0.87 -
KV784401_1:199592-204163   -           1430 325552at2759         -            426   4.7e-05   18.8   1.7   5   6       1.7        19    0.3   0.0   207   237  1318  1348  1302  1373 0.75 -
KV784401_1:199592-204163   -           1430 325552at2759         -            426   4.7e-05   18.8   1.7   6   6       1.7        20    0.3   0.0   210   224  1415  1429  1397  1430 0.50 -
KV784359_1:727054-732244   -           1670 325552at2759         -            426   6.2e-05   18.4   0.9   1   6       3.2        36   -0.6   0.0   196   221  1104  1129  1089  1140 0.85 -
KV784359_1:727054-732244   -           1670 325552at2759         -            426   6.2e-05   18.4   0.9   2   6     0.015      0.17    7.1   0.0   196   231  1234  1269  1224  1280 0.82 -
KV784359_1:727054-732244   -           1670 325552at2759         -            426   6.2e-05   18.4   0.9   3   6       4.1        46   -0.9   0.1    47    61  1303  1317  1299  1329 0.75 -
KV784359_1:727054-732244   -           1670 325552at2759         -            426   6.2e-05   18.4   0.9   4   6      0.55       6.2    1.9   0.0   188   227  1342  1382  1336  1399 0.87 -
KV784359_1:727054-732244   -           1670 325552at2759         -            426   6.2e-05   18.4   0.9   5   6       2.1        24    0.0   0.0   207   237  1558  1588  1544  1612 0.75 -
KV784359_1:727054-732244   -           1670 325552at2759         -            426   6.2e-05   18.4   0.9   6   6         2        23    0.0   0.0   210   224  1655  1669  1637  1670 0.50 -
KV784358_1:1637660-1637941 -             94 325552at2759         -            426   7.3e-05   18.2   0.1   1   2    0.0017     0.019   10.2   0.0   394   426     6    36     2    36 0.92 -
KV784358_1:1637660-1637941 -             94 325552at2759         -            426   7.3e-05   18.2   0.1   2   2     0.024      0.27    6.4   0.0   157   399    58    88    43    92 0.56 -
KV784374_1:541896-542414   -            173 325552at2759         -            426   9.5e-05   17.8   4.6   1   3   2.7e-05   0.00031   16.1   1.8   364   417    24    77     7    79 0.87 -
KV784374_1:541896-542414   -            173 325552at2759         -            426   9.5e-05   17.8   4.6   2   3       1.5        18    0.5   0.1   379   397   102   120    71   138 0.57 -
KV784374_1:541896-542414   -            173 325552at2759         -            426   9.5e-05   17.8   4.6   3   3       3.5        40   -0.7   0.0    46    61   158   173   148   173 0.90 -
KV784357_1:314273-314563   -             97 325552at2759         -            426   0.00012   17.5   0.0   1   1   1.2e-05   0.00014   17.3   0.0   165   228    25    89     8    96 0.82 -
KV784403_1:6983-7273       -             97 325552at2759         -            426   0.00012   17.5   0.0   1   1   1.2e-05   0.00014   17.3   0.0   165   228    25    89     8    96 0.82 -
KV784372_1:347522-348259   -            246 325552at2759         -            426   0.00012   17.5   0.0   1   2   0.00022    0.0025   13.1   0.0   157   186     4    33     1    47 0.74 -
KV784372_1:347522-348259   -            246 325552at2759         -            426   0.00012   17.5   0.0   2   2      0.46       5.3    2.2   0.0    37    63   215   241   186   246 0.75 -
KV784359_1:1348714-1349076 -            121 325552at2759         -            426   0.00014   17.2   7.5   1   3     0.093       1.1    4.5   0.1   213   230     2    19     1    35 0.82 -
KV784359_1:1348714-1349076 -            121 325552at2759         -            426   0.00014   17.2   7.5   2   3      0.28       3.2    2.9   0.0    48    66    43    61    33    75 0.67 -
KV784359_1:1348714-1349076 -            121 325552at2759         -            426   0.00014   17.2   7.5   3   3   0.00046    0.0052   12.1   1.7   195   229    78   113    73   119 0.84 -
KV784359_1:493648-494406   -            253 325552at2759         -            426   0.00015   17.1   0.2   1   3       3.1        36   -0.6   0.0   210   229    32    51    24    95 0.67 -
KV784359_1:493648-494406   -            253 325552at2759         -            426   0.00015   17.1   0.2   2   3    0.0032     0.036    9.3   0.1   166   232   145   214   100   221 0.76 -
KV784359_1:493648-494406   -            253 325552at2759         -            426   0.00015   17.1   0.2   3   3     0.092         1    4.5   0.0   203   219   237   253   228   253 0.75 -
KV784375_1:164833-166341   -            503 325552at2759         -            426   0.00016   17.1   0.3   1   2      0.11       1.2    4.2   0.2   305   380    73   157    17   169 0.56 -
KV784375_1:164833-166341   -            503 325552at2759         -            426   0.00016   17.1   0.3   2   2    0.0012     0.014   10.7   0.0   193   277   247   332   217   342 0.75 -
KV784435_1:194434-195480   -            349 325552at2759         -            426   0.00019   16.8   0.0   1   1   2.7e-05   0.00031   16.1   0.0   157   200   242   285   231   296 0.82 -
KV784375_1:73862-74668     -            269 325552at2759         -            426   0.00026   16.4   0.1   1   2       5.8        65   -1.4   0.0   195   231    49    90    45    97 0.68 -
KV784375_1:73862-74668     -            269 325552at2759         -            426   0.00026   16.4   0.1   2   2   0.00012    0.0013   14.0   0.0   169   228   119   179   105   193 0.83 -
KV784353_1:2444547-2445173 -            209 325552at2759         -            426   0.00026   16.4   0.1   1   1   5.1e-05   0.00058   15.2   0.1    38    89    15    67     1   175 0.54 -
KV784446_1:77693-78319     -            209 325552at2759         -            426   0.00026   16.4   0.1   1   1   5.1e-05   0.00058   15.2   0.1    38    89    15    67     1   175 0.54 -
KV784428_1:172124-173650   -            509 325552at2759         -            426   0.00041   15.7   0.4   1   2      0.11       1.2    4.2   0.1   318   368   105   155    55   169 0.71 -
KV784428_1:172124-173650   -            509 325552at2759         -            426   0.00041   15.7   0.4   2   2     0.003     0.034    9.4   0.0   171   231   225   286   213   347 0.64 -
KV784364_1:1303304-1303909 -            202 325552at2759         -            426    0.0014   13.9   0.1   1   3    0.0013     0.014   10.6   0.0    40    66     2    28     1    38 0.63 -
KV784364_1:1303304-1303909 -            202 325552at2759         -            426    0.0014   13.9   0.1   2   3         8        91   -1.9   0.0   222   262    33    72    30    83 0.67 -
KV784364_1:1303304-1303909 -            202 325552at2759         -            426    0.0014   13.9   0.1   3   3       1.6        18    0.4   0.1   358   378   134   153   121   163 0.77 -
KV784356_1:986021-986347   -            109 325552at2759         -            426    0.0018   13.6   0.6   1   2    0.0068     0.077    8.2   0.3    47    65    35    53    16    61 0.79 -
KV784356_1:986021-986347   -            109 325552at2759         -            426    0.0018   13.6   0.6   2   2      0.19       2.2    3.4   0.0    41    66    83   108    80   109 0.75 -
KV784427_1:139702-140415   -            238 325552at2759         -            426    0.0025   13.1   2.9   1   4      0.77       8.7    1.4   0.0   211   229     3    21     1    35 0.67 -
KV784427_1:139702-140415   -            238 325552at2759         -            426    0.0025   13.1   2.9   2   4     0.077      0.87    4.7   0.1   212   227    53    68    31    75 0.59 -
KV784427_1:139702-140415   -            238 325552at2759         -            426    0.0025   13.1   2.9   3   4     0.084      0.95    4.6   0.0   164   192   120   148   100   167 0.63 -
KV784427_1:139702-140415   -            238 325552at2759         -            426    0.0025   13.1   2.9   4   4       4.5        51   -1.1   0.0   169   184   222   237   212   238 0.85 -
KV784361_1:1437628-1438341 -            238 325552at2759         -            426    0.0029   12.9   3.0   1   4      0.77       8.7    1.4   0.0   211   229     3    21     1    35 0.67 -
KV784361_1:1437628-1438341 -            238 325552at2759         -            426    0.0029   12.9   3.0   2   4     0.077      0.88    4.7   0.1   212   227    53    68    31    75 0.59 -
KV784361_1:1437628-1438341 -            238 325552at2759         -            426    0.0029   12.9   3.0   3   4     0.084      0.95    4.6   0.0   164   192   120   148   100   167 0.63 -
KV784361_1:1437628-1438341 -            238 325552at2759         -            426    0.0029   12.9   3.0   4   4       4.5        51   -1.1   0.0   169   184   222   237   212   238 0.85 -
KV784353_1:2698521-2699285 -            255 325552at2759         -            426    0.0051   12.1   0.0   1   2     0.002     0.023   10.0   0.0   195   240    62   107    14   109 0.69 -
KV784353_1:2698521-2699285 -            255 325552at2759         -            426    0.0051   12.1   0.0   2   2       5.2        59   -1.3   0.0   340   367   169   197   153   204 0.72 -
KV784361_1:2343804-2344274 -            157 325552at2759         -            426     0.006   11.9   0.0   1   3       5.4        61   -1.3   0.0   204   229     3    28     2    47 0.61 -
KV784361_1:2343804-2344274 -            157 325552at2759         -            426     0.006   11.9   0.0   2   3    0.0083     0.094    7.9   0.0   181   240    38    98    28   104 0.77 -
KV784361_1:2343804-2344274 -            157 325552at2759         -            426     0.006   11.9   0.0   3   3      0.89        10    1.2   0.0   203   225   132   155   120   157 0.54 -
KV784413_1:192744-192992   -             83 325552at2759         -            426    0.0073   11.6   0.1   1   1   0.00075    0.0085   11.4   0.1   167   232     1    69     1    75 0.81 -
KV784356_1:2261743-2262339 -            199 325552at2759         -            426    0.0082   11.4   0.0   1   2    0.0054     0.062    8.5   0.1   169   235    15    80     4    94 0.69 -
KV784356_1:2261743-2262339 -            199 325552at2759         -            426    0.0082   11.4   0.0   2   2       1.1        12    1.0   0.0   157   194   114   151   103   190 0.81 -
KV784362_1:79440-79766     -            109 325552at2759         -            426    0.0087   11.3   0.4   1   2     0.026      0.29    6.3   0.2   208   228    32    52     1    66 0.63 -
KV784362_1:79440-79766     -            109 325552at2759         -            426    0.0087   11.3   0.4   2   2      0.19       2.1    3.5   0.0    41    66    83   108    79   109 0.75 -
KV784363_1:229470-230243   -            258 325552at2759         -            426    0.0097   11.2   2.0   1   4      0.14       1.6    3.9   0.0    48    62     1    15     1    18 0.91 -
KV784363_1:229470-230243   -            258 325552at2759         -            426    0.0097   11.2   2.0   2   4       0.8       9.1    1.4   0.0   155   225    44    81    34   100 0.50 -
KV784363_1:229470-230243   -            258 325552at2759         -            426    0.0097   11.2   2.0   3   4      0.82       9.3    1.4   0.0   166   223   111   168   107   175 0.84 -
KV784363_1:229470-230243   -            258 325552at2759         -            426    0.0097   11.2   2.0   4   4         2        23    0.1   0.0   205   226   211   232   197   239 0.72 -
KV784361_1:1796539-1797303 -            255 325552at2759         -            426     0.011   11.0   2.1   1   4      0.14       1.5    3.9   0.0    48    62     1    15     1    18 0.91 -
KV784361_1:1796539-1797303 -            255 325552at2759         -            426     0.011   11.0   2.1   2   4      0.75       8.5    1.5   0.0   153   225    40    79    31   103 0.54 -
KV784361_1:1796539-1797303 -            255 325552at2759         -            426     0.011   11.0   2.1   3   4       0.8       9.1    1.4   0.0   166   223   109   166   105   173 0.84 -
KV784361_1:1796539-1797303 -            255 325552at2759         -            426     0.011   11.0   2.1   4   4       1.9        21    0.2   0.0   205   226   209   230   191   237 0.74 -
KV784362_1:1308262-1308858 -            199 325552at2759         -            426     0.012   10.9   0.0   1   2     0.019      0.22    6.7   0.0   191   227    39    75     5    92 0.75 -
KV784362_1:1308262-1308858 -            199 325552at2759         -            426     0.012   10.9   0.0   2   2      0.42       4.7    2.3   0.0   156   194   113   151   103   192 0.80 -
#
# Program:         hmmsearch
# Version:         3.1b2 (February 2015)
# Pipeline mode:   SEARCH
# Query file:      /Users/aholzer/ownCloud/PhD/Publications/2021 Liavero-Pasquina et al./analysis/TPP_aptamer_search/busco_downloads/lineages/eukaryota_odb10/hmms/325552at2759.hmm
# Target file:     /Users/aholzer/ownCloud/PhD/Publications/2021 Liavero-Pasquina et al./analysis/TPP_aptamer_search/genomes/BUSCO_eukaryota_obd10/Fragilariopsis_cylindrus_Fracy1/run_eukaryota_odb10/metaeuk_output/initial_results/GCA_001750085.1_Fracy1_genomic.fna.modified.fas
# Option settings: hmmsearch --domtblout /Users/aholzer/ownCloud/PhD/Publications/2021 Liavero-Pasquina et al./analysis/TPP_aptamer_search/genomes/BUSCO_eukaryota_obd10/Fragilariopsis_cylindrus_Fracy1/run_eukaryota_odb10/hmmer_output/initial_run_results/325552at2759.out --cpu 1 /Users/aholzer/ownCloud/PhD/Publications/2021 Liavero-Pasquina et al./analysis/TPP_aptamer_search/busco_downloads/lineages/eukaryota_odb10/hmms/325552at2759.hmm /Users/aholzer/ownCloud/PhD/Publications/2021 Liavero-Pasquina et al./analysis/TPP_aptamer_search/genomes/BUSCO_eukaryota_obd10/Fragilariopsis_cylindrus_Fracy1/run_eukaryota_odb10/metaeuk_output/initial_results/GCA_001750085.1_Fracy1_genomic.fna.modified.fas 
# Current dir:     /Users/aholzer/ownCloud/PhD/Publications/2021 Liavero-Pasquina et al./analysis/TPP_aptamer_search
# Date:            Sat Apr 17 20:52:10 2021
# [ok]
