#                                                                                  --- full sequence --- -------------- this domain -------------   hmm coord   ali coord   env coord
# target name              accession   tlen query name           accession   qlen   E-value  score  bias   #  of  c-Evalue  i-Evalue  score  bias  from    to  from    to  from    to  acc description of target
#      ------------------- ---------- ----- -------------------- ---------- ----- --------- ------ ----- --- --- --------- --------- ------ ----- ----- ----- ----- ----- ----- ----- ---- ---------------------
KV784461_1:37768-39601     -            542 392369at2759         -            352  2.1e-114  378.6   0.0   1   3   3.7e-14   7.8e-12   41.3   0.0     6    48    64   112    61   126 0.85 -
KV784461_1:37768-39601     -            542 392369at2759         -            352  2.1e-114  378.6   0.0   2   3   2.9e-80   6.2e-78  258.7   0.0    50   279   148   432   127   450 0.83 -
KV784461_1:37768-39601     -            542 392369at2759         -            352  2.1e-114  378.6   0.0   3   3   1.5e-22   3.1e-20   68.9   0.0   280   352   459   542   456   542 0.91 -
KV784358_1:1211863-1213708 -            542 392369at2759         -            352  2.9e-114  378.2   0.0   1   3   6.6e-14   1.4e-11   40.5   0.0     6    48    64   112    61   126 0.85 -
KV784358_1:1211863-1213708 -            542 392369at2759         -            352  2.9e-114  378.2   0.0   2   3   3.2e-80   6.8e-78  258.6   0.0    50   279   148   432   127   449 0.83 -
KV784358_1:1211863-1213708 -            542 392369at2759         -            352  2.9e-114  378.2   0.0   3   3   1.1e-22   2.2e-20   69.4   0.0   280   352   459   542   456   542 0.91 -
KV784357_1:977643-978080   -            146 392369at2759         -            352   2.1e-05   20.1   0.1   1   2   0.00074      0.16    7.4   0.0    11    48     2    41     1    49 0.65 -
KV784357_1:977643-978080   -            146 392369at2759         -            352   2.1e-05   20.1   0.1   2   2   5.3e-05     0.011   11.2   0.0    75    96   114   135    92   146 0.76 -
KV784354_1:1714873-1715454 -            194 392369at2759         -            352    0.0046   12.4   0.1   1   2    0.0096         2    3.7   0.0     7    48    47    90    41   113 0.76 -
KV784354_1:1714873-1715454 -            194 392369at2759         -            352    0.0046   12.4   0.1   2   2     0.001      0.22    6.9   0.0    73    97   160   184   135   191 0.81 -
KV784426_1:154220-154801   -            194 392369at2759         -            352    0.0046   12.4   0.1   1   2    0.0096         2    3.7   0.0     7    48    47    90    41   113 0.76 -
KV784426_1:154220-154801   -            194 392369at2759         -            352    0.0046   12.4   0.1   2   2     0.001      0.22    6.9   0.0    73    97   160   184   135   191 0.81 -
KV784381_1:591255-592241   -            329 392369at2759         -            352    0.0064   12.0   0.0   1   2      0.09        19    0.5   0.0    36    48    75    87    39    99 0.83 -
KV784381_1:591255-592241   -            329 392369at2759         -            352    0.0064   12.0   0.0   2   2   0.00027     0.057    8.8   0.0    75   103   149   177   143   192 0.82 -
KV784390_1:1760-2746       -            329 392369at2759         -            352    0.0067   11.9   0.0   1   2      0.09        19    0.5   0.0    36    48    75    87    39    99 0.83 -
KV784390_1:1760-2746       -            329 392369at2759         -            352    0.0067   11.9   0.0   2   2   0.00028     0.059    8.8   0.0    75   102   149   176   143   193 0.80 -
#
# Program:         hmmsearch
# Version:         3.1b2 (February 2015)
# Pipeline mode:   SEARCH
# Query file:      /Users/aholzer/ownCloud/PhD/Publications/2021 Liavero-Pasquina et al./analysis/TPP_aptamer_search/busco_downloads/lineages/eukaryota_odb10/hmms/392369at2759.hmm
# Target file:     /Users/aholzer/ownCloud/PhD/Publications/2021 Liavero-Pasquina et al./analysis/TPP_aptamer_search/genomes/BUSCO_eukaryota_obd10/Fragilariopsis_cylindrus_Fracy1/run_eukaryota_odb10/metaeuk_output/initial_results/GCA_001750085.1_Fracy1_genomic.fna.modified.fas
# Option settings: hmmsearch --domtblout /Users/aholzer/ownCloud/PhD/Publications/2021 Liavero-Pasquina et al./analysis/TPP_aptamer_search/genomes/BUSCO_eukaryota_obd10/Fragilariopsis_cylindrus_Fracy1/run_eukaryota_odb10/hmmer_output/initial_run_results/392369at2759.out --cpu 1 /Users/aholzer/ownCloud/PhD/Publications/2021 Liavero-Pasquina et al./analysis/TPP_aptamer_search/busco_downloads/lineages/eukaryota_odb10/hmms/392369at2759.hmm /Users/aholzer/ownCloud/PhD/Publications/2021 Liavero-Pasquina et al./analysis/TPP_aptamer_search/genomes/BUSCO_eukaryota_obd10/Fragilariopsis_cylindrus_Fracy1/run_eukaryota_odb10/metaeuk_output/initial_results/GCA_001750085.1_Fracy1_genomic.fna.modified.fas 
# Current dir:     /Users/aholzer/ownCloud/PhD/Publications/2021 Liavero-Pasquina et al./analysis/TPP_aptamer_search
# Date:            Sat Apr 17 20:52:15 2021
# [ok]
