#                                                                                  --- full sequence --- -------------- this domain -------------   hmm coord   ali coord   env coord
# target name              accession   tlen query name           accession   qlen   E-value  score  bias   #  of  c-Evalue  i-Evalue  score  bias  from    to  from    to  from    to  acc description of target
#      ------------------- ---------- ----- -------------------- ---------- ----- --------- ------ ----- --- --- --------- --------- ------ ----- ----- ----- ----- ----- ----- ----- ---- ---------------------
KV784392_1:22641-23783     -            381 655400at2759         -            301   3.4e-46  154.0   0.2   1   2     6e-19   5.2e-17   58.2   0.0    83   171    41   144    20   157 0.82 -
KV784392_1:22641-23783     -            381 655400at2759         -            301   3.4e-46  154.0   0.2   2   2   8.7e-30   7.6e-28   93.7   0.1   180   297   239   372   237   376 0.81 -
KV784429_1:190118-190921   -            268 655400at2759         -            301     2e-29   98.9   1.8   1   2     0.043       3.7    2.8   0.2   148   171     4    27     2    31 0.82 -
KV784429_1:190118-190921   -            268 655400at2759         -            301     2e-29   98.9   1.8   2   2   2.8e-30   2.4e-28   95.4   0.1   180   297   126   259   124   263 0.81 -
KV784353_1:3756983-3758164 -            394 655400at2759         -            301   1.7e-13   46.6   0.0   1   1   6.4e-15   5.6e-13   44.9   0.0    67   282   126   362   117   384 0.74 -
KV784423_1:21135-22316     -            394 655400at2759         -            301   3.4e-13   45.6   0.0   1   1   1.2e-14     1e-12   44.1   0.0    71   280   130   360   117   382 0.72 -
KV784368_1:38599-39363     -            255 655400at2759         -            301   4.9e-13   45.1   0.3   1   2   1.3e-05    0.0011   14.4   0.0    86   109    14    37     2    52 0.77 -
KV784368_1:38599-39363     -            255 655400at2759         -            301   4.9e-13   45.1   0.3   2   2   4.9e-10   4.3e-08   28.9   0.1   207   249   195   237   183   242 0.90 -
KV784392_1:194997-196181   -            395 655400at2759         -            301   3.3e-12   42.4   0.0   1   2   2.7e-06   0.00023   16.6   0.0    76   128   174   228   153   238 0.70 -
KV784392_1:194997-196181   -            395 655400at2759         -            301   3.3e-12   42.4   0.0   2   2   1.8e-08   1.5e-06   23.8   0.0   208   247   350   389   315   394 0.90 -
KV784367_1:177155-177760   -            202 655400at2759         -            301   3.5e-11   39.0   0.2   1   2   5.9e-05    0.0051   12.2   0.0    88   110     8    30     3    54 0.78 -
KV784367_1:177155-177760   -            202 655400at2759         -            301   3.5e-11   39.0   0.2   2   2   8.3e-09   7.2e-07   24.9   0.2   208   244   166   202   162   202 0.95 -
KV784355_1:171314-172468   -            385 655400at2759         -            301   5.9e-11   38.3   0.1   1   2   0.00014     0.012   11.0   0.0    87   110   187   210   181   233 0.79 -
KV784355_1:171314-172468   -            385 655400at2759         -            301   5.9e-11   38.3   0.1   2   2   6.8e-09   5.9e-07   25.1   0.1   208   245   346   383   342   385 0.95 -
KV784408_1:280916-281461   -            182 655400at2759         -            301   3.3e-10   35.8   0.1   1   2     0.001     0.091    8.1   0.0    93   110     1    18     1    27 0.84 -
KV784408_1:280916-281461   -            182 655400at2759         -            301   3.3e-10   35.8   0.1   2   2   3.5e-09     3e-07   26.1   0.0   202   244   138   180    91   182 0.83 -
KV784441_1:21729-22445     -            239 655400at2759         -            301   1.1e-09   34.1   0.0   1   2   7.2e-05    0.0063   11.9   0.0    78   110    47    79    32    89 0.82 -
KV784441_1:21729-22445     -            239 655400at2759         -            301   1.1e-09   34.1   0.0   2   2   1.9e-07   1.7e-05   20.4   0.0   194   242   191   238   162   239 0.84 -
KV784374_1:904728-905438   -            237 655400at2759         -            301   2.9e-09   32.7   0.0   1   2   5.9e-05    0.0051   12.2   0.0    78   110    47    79    28    89 0.77 -
KV784374_1:904728-905438   -            237 655400at2759         -            301   2.9e-09   32.7   0.0   2   2   6.4e-07   5.6e-05   18.7   0.0   194   240   191   236   162   237 0.82 -
KV784368_1:33481-34140     -            220 655400at2759         -            301   7.6e-09   31.3   0.0   1   2   0.00034      0.03    9.7   0.0    87   107     7    27     2    34 0.88 -
KV784368_1:33481-34140     -            220 655400at2759         -            301   7.6e-09   31.3   0.0   2   2   2.9e-07   2.5e-05   19.8   0.0   208   257   168   218   128   220 0.88 -
KV784356_1:1859702-1860496 -            265 655400at2759         -            301   2.1e-08   29.9   0.1   1   2   0.00052     0.045    9.1   0.0    92   126    60    94    44    99 0.86 -
KV784356_1:1859702-1860496 -            265 655400at2759         -            301   2.1e-08   29.9   0.1   2   2   5.6e-07   4.8e-05   18.9   0.0   209   240   233   264   224   265 0.90 -
KV784458_1:43675-44334     -            220 655400at2759         -            301   2.7e-08   29.5   0.0   1   2   0.00091     0.079    8.3   0.0    87   107     7    27     2    34 0.88 -
KV784458_1:43675-44334     -            220 655400at2759         -            301   2.7e-08   29.5   0.0   2   2   3.9e-07   3.4e-05   19.4   0.0   208   257   168   218   130   220 0.87 -
KV784362_1:904082-904876   -            265 655400at2759         -            301   3.9e-08   29.0   0.1   1   2   0.00052     0.045    9.1   0.0    92   126    60    94    44    99 0.86 -
KV784362_1:904082-904876   -            265 655400at2759         -            301   3.9e-08   29.0   0.1   2   2     1e-06   8.8e-05   18.0   0.1   209   240   233   264   224   265 0.90 -
KV784353_1:947308-948426   -            373 655400at2759         -            301   2.6e-07   26.3   0.0   1   2   0.00011    0.0099   11.3   0.0    76   109   146   181   133   191 0.80 -
KV784353_1:947308-948426   -            373 655400at2759         -            301   2.6e-07   26.3   0.0   2   2   3.9e-05    0.0033   12.8   0.0   208   268   304   369   294   372 0.80 -
KV784402_1:151191-152258   -            356 655400at2759         -            301   1.7e-05   20.4   0.0   1   2    0.0013      0.11    7.8   0.0    82   107   134   161   104   166 0.83 -
KV784402_1:151191-152258   -            356 655400at2759         -            301   1.7e-05   20.4   0.0   2   2    0.0002     0.017   10.5   0.0   204   232   323   351   266   356 0.76 -
#
# Program:         hmmsearch
# Version:         3.1b2 (February 2015)
# Pipeline mode:   SEARCH
# Query file:      /Users/aholzer/ownCloud/PhD/Publications/2021 Liavero-Pasquina et al./analysis/TPP_aptamer_search/busco_downloads/lineages/eukaryota_odb10/hmms/655400at2759.hmm
# Target file:     /Users/aholzer/ownCloud/PhD/Publications/2021 Liavero-Pasquina et al./analysis/TPP_aptamer_search/genomes/BUSCO_eukaryota_obd10/Fragilariopsis_cylindrus_Fracy1/run_eukaryota_odb10/metaeuk_output/initial_results/GCA_001750085.1_Fracy1_genomic.fna.modified.fas
# Option settings: hmmsearch --domtblout /Users/aholzer/ownCloud/PhD/Publications/2021 Liavero-Pasquina et al./analysis/TPP_aptamer_search/genomes/BUSCO_eukaryota_obd10/Fragilariopsis_cylindrus_Fracy1/run_eukaryota_odb10/hmmer_output/initial_run_results/655400at2759.out --cpu 1 /Users/aholzer/ownCloud/PhD/Publications/2021 Liavero-Pasquina et al./analysis/TPP_aptamer_search/busco_downloads/lineages/eukaryota_odb10/hmms/655400at2759.hmm /Users/aholzer/ownCloud/PhD/Publications/2021 Liavero-Pasquina et al./analysis/TPP_aptamer_search/genomes/BUSCO_eukaryota_obd10/Fragilariopsis_cylindrus_Fracy1/run_eukaryota_odb10/metaeuk_output/initial_results/GCA_001750085.1_Fracy1_genomic.fna.modified.fas 
# Current dir:     /Users/aholzer/ownCloud/PhD/Publications/2021 Liavero-Pasquina et al./analysis/TPP_aptamer_search
# Date:            Sat Apr 17 20:52:27 2021
# [ok]
