#                                                                                  --- full sequence --- -------------- this domain -------------   hmm coord   ali coord   env coord
# target name              accession   tlen query name           accession   qlen   E-value  score  bias   #  of  c-Evalue  i-Evalue  score  bias  from    to  from    to  from    to  acc description of target
#      ------------------- ---------- ----- -------------------- ---------- ----- --------- ------ ----- --- --- --------- --------- ------ ----- ----- ----- ----- ----- ----- ----- ---- ---------------------
KV784358_1:2114795-2116855 -            456 719531at2759         -            284   3.1e-99  328.3  11.0   1   3     1e-58   3.7e-56  187.0   0.6     1   157    15   189    15   192 0.90 -
KV784358_1:2114795-2116855 -            456 719531at2759         -            284   3.1e-99  328.3  11.0   2   3   1.5e-46   5.5e-44  147.0   1.0   157   269   210   334   203   341 0.90 -
KV784358_1:2114795-2116855 -            456 719531at2759         -            284   3.1e-99  328.3  11.0   3   3      0.16        59   -0.7   0.1   269   283   364   378   361   379 0.86 -
KV784398_1:340067-342068   -            456 719531at2759         -            284   3.5e-99  328.1  10.8   1   3   8.1e-59     3e-56  187.3   0.5     1   157    15   189    15   191 0.90 -
KV784398_1:340067-342068   -            456 719531at2759         -            284   3.5e-99  328.1  10.8   2   3   2.4e-46   8.8e-44  146.4   1.1   157   269   210   334   203   343 0.90 -
KV784398_1:340067-342068   -            456 719531at2759         -            284   3.5e-99  328.1  10.8   3   3      0.16        59   -0.7   0.1   269   283   364   378   361   379 0.86 -
KV784357_1:1140948-1142702 -            585 719531at2759         -            284    0.0071   12.1   0.0   1   1   3.2e-05     0.012   11.4   0.0   214   256   452   494   429   503 0.88 -
KV784402_1:110266-111945   -            443 719531at2759         -            284    0.0084   11.9   0.0   1   1   3.9e-05     0.014   11.1   0.0   214   256   329   371   306   387 0.87 -
#
# Program:         hmmsearch
# Version:         3.1b2 (February 2015)
# Pipeline mode:   SEARCH
# Query file:      /Users/aholzer/ownCloud/PhD/Publications/2021 Liavero-Pasquina et al./analysis/TPP_aptamer_search/busco_downloads/lineages/eukaryota_odb10/hmms/719531at2759.hmm
# Target file:     /Users/aholzer/ownCloud/PhD/Publications/2021 Liavero-Pasquina et al./analysis/TPP_aptamer_search/genomes/BUSCO_eukaryota_obd10/Fragilariopsis_cylindrus_Fracy1/run_eukaryota_odb10/metaeuk_output/initial_results/GCA_001750085.1_Fracy1_genomic.fna.modified.fas
# Option settings: hmmsearch --domtblout /Users/aholzer/ownCloud/PhD/Publications/2021 Liavero-Pasquina et al./analysis/TPP_aptamer_search/genomes/BUSCO_eukaryota_obd10/Fragilariopsis_cylindrus_Fracy1/run_eukaryota_odb10/hmmer_output/initial_run_results/719531at2759.out --cpu 1 /Users/aholzer/ownCloud/PhD/Publications/2021 Liavero-Pasquina et al./analysis/TPP_aptamer_search/busco_downloads/lineages/eukaryota_odb10/hmms/719531at2759.hmm /Users/aholzer/ownCloud/PhD/Publications/2021 Liavero-Pasquina et al./analysis/TPP_aptamer_search/genomes/BUSCO_eukaryota_obd10/Fragilariopsis_cylindrus_Fracy1/run_eukaryota_odb10/metaeuk_output/initial_results/GCA_001750085.1_Fracy1_genomic.fna.modified.fas 
# Current dir:     /Users/aholzer/ownCloud/PhD/Publications/2021 Liavero-Pasquina et al./analysis/TPP_aptamer_search
# Date:            Sat Apr 17 20:52:30 2021
# [ok]
