#                                                                                  --- full sequence --- -------------- this domain -------------   hmm coord   ali coord   env coord
# target name              accession   tlen query name           accession   qlen   E-value  score  bias   #  of  c-Evalue  i-Evalue  score  bias  from    to  from    to  from    to  acc description of target
#      ------------------- ---------- ----- -------------------- ---------- ----- --------- ------ ----- --- --- --------- --------- ------ ----- ----- ----- ----- ----- ----- ----- ---- ---------------------
KV784359_1:2128275-2130451 -            623 834694at2759         -            349   3.4e-99  328.6   0.2   1   4   6.4e-30   4.7e-27   91.3   0.0     1    86     2    92     2    98 0.90 -
KV784359_1:2128275-2130451 -            623 834694at2759         -            349   3.4e-99  328.6   0.2   2   4   6.3e-35   4.6e-32  107.8   0.0    87   165   126   216   118   228 0.86 -
KV784359_1:2128275-2130451 -            623 834694at2759         -            349   3.4e-99  328.6   0.2   3   4   8.7e-36   6.4e-33  110.6   0.0   172   275   249   359   246   381 0.89 -
KV784359_1:2128275-2130451 -            623 834694at2759         -            349   3.4e-99  328.6   0.2   4   4   3.1e-06    0.0023   13.4   0.0   282   327   430   482   423   487 0.76 -
KV784422_1:231889-234075   -            626 834694at2759         -            349   3.8e-98  325.1   0.1   1   4   6.1e-30   4.5e-27   91.4   0.0     1    87     2    93     2    99 0.90 -
KV784422_1:231889-234075   -            626 834694at2759         -            349   3.8e-98  325.1   0.1   2   4   1.8e-34   1.3e-31  106.3   0.0    87   165   127   217   119   229 0.86 -
KV784422_1:231889-234075   -            626 834694at2759         -            349   3.8e-98  325.1   0.1   3   4   8.7e-36   6.4e-33  110.6   0.0   172   275   249   359   246   382 0.89 -
KV784422_1:231889-234075   -            626 834694at2759         -            349   3.8e-98  325.1   0.1   4   4   1.2e-05    0.0092   11.5   0.0   282   327   433   485   425   490 0.77 -
#
# Program:         hmmsearch
# Version:         3.1b2 (February 2015)
# Pipeline mode:   SEARCH
# Query file:      /Users/aholzer/ownCloud/PhD/Publications/2021 Liavero-Pasquina et al./analysis/TPP_aptamer_search/busco_downloads/lineages/eukaryota_odb10/hmms/834694at2759.hmm
# Target file:     /Users/aholzer/ownCloud/PhD/Publications/2021 Liavero-Pasquina et al./analysis/TPP_aptamer_search/genomes/BUSCO_eukaryota_obd10/Fragilariopsis_cylindrus_Fracy1/run_eukaryota_odb10/metaeuk_output/initial_results/GCA_001750085.1_Fracy1_genomic.fna.modified.fas
# Option settings: hmmsearch --domtblout /Users/aholzer/ownCloud/PhD/Publications/2021 Liavero-Pasquina et al./analysis/TPP_aptamer_search/genomes/BUSCO_eukaryota_obd10/Fragilariopsis_cylindrus_Fracy1/run_eukaryota_odb10/hmmer_output/initial_run_results/834694at2759.out --cpu 1 /Users/aholzer/ownCloud/PhD/Publications/2021 Liavero-Pasquina et al./analysis/TPP_aptamer_search/busco_downloads/lineages/eukaryota_odb10/hmms/834694at2759.hmm /Users/aholzer/ownCloud/PhD/Publications/2021 Liavero-Pasquina et al./analysis/TPP_aptamer_search/genomes/BUSCO_eukaryota_obd10/Fragilariopsis_cylindrus_Fracy1/run_eukaryota_odb10/metaeuk_output/initial_results/GCA_001750085.1_Fracy1_genomic.fna.modified.fas 
# Current dir:     /Users/aholzer/ownCloud/PhD/Publications/2021 Liavero-Pasquina et al./analysis/TPP_aptamer_search
# Date:            Sat Apr 17 20:52:37 2021
# [ok]
