#                                                                                --- full sequence --- -------------- this domain -------------   hmm coord   ali coord   env coord
# target name            accession   tlen query name           accession   qlen   E-value  score  bias   #  of  c-Evalue  i-Evalue  score  bias  from    to  from    to  from    to  acc description of target
#    ------------------- ---------- ----- -------------------- ---------- ----- --------- ------ ----- --- --- --------- --------- ------ ----- ----- ----- ----- ----- ----- ----- ---- ---------------------
KV784400_1:166700-167980 -            340 923657at2759         -            169   5.1e-20   67.9   0.1   1   4   1.3e-10   9.2e-08   28.0   0.0     6    42     5    41     2    50 0.89 -
KV784400_1:166700-167980 -            340 923657at2759         -            169   5.1e-20   67.9   0.1   2   4   2.7e-07    0.0002   17.1   0.0    42    75    65    98    55   102 0.87 -
KV784400_1:166700-167980 -            340 923657at2759         -            169   5.1e-20   67.9   0.1   3   4   5.8e-05     0.042    9.5   0.1    69   100   124   167   113   174 0.69 -
KV784400_1:166700-167980 -            340 923657at2759         -            169   5.1e-20   67.9   0.1   4   4   0.00039      0.29    6.9   0.0   146   169   307   330   286   330 0.85 -
KV784356_1:265404-266812 -            418 923657at2759         -            169   4.1e-19   64.9   0.2   1   4   1.4e-10     1e-07   27.8   0.0     6    42    77   113    72   123 0.89 -
KV784356_1:265404-266812 -            418 923657at2759         -            169   4.1e-19   64.9   0.2   2   4   6.5e-07   0.00048   15.9   0.0    43    75   144   176   135   180 0.88 -
KV784356_1:265404-266812 -            418 923657at2759         -            169   4.1e-19   64.9   0.2   3   4   0.00036      0.27    6.9   0.5    82   100   229   247   190   254 0.75 -
KV784356_1:265404-266812 -            418 923657at2759         -            169   4.1e-19   64.9   0.2   4   4   0.00045      0.33    6.6   0.0   146   169   385   408   353   408 0.85 -
#
# Program:         hmmsearch
# Version:         3.1b2 (February 2015)
# Pipeline mode:   SEARCH
# Query file:      /Users/aholzer/ownCloud/PhD/Publications/2021 Liavero-Pasquina et al./analysis/TPP_aptamer_search/busco_downloads/lineages/eukaryota_odb10/hmms/923657at2759.hmm
# Target file:     /Users/aholzer/ownCloud/PhD/Publications/2021 Liavero-Pasquina et al./analysis/TPP_aptamer_search/genomes/BUSCO_eukaryota_obd10/Fragilariopsis_cylindrus_Fracy1/run_eukaryota_odb10/metaeuk_output/initial_results/GCA_001750085.1_Fracy1_genomic.fna.modified.fas
# Option settings: hmmsearch --domtblout /Users/aholzer/ownCloud/PhD/Publications/2021 Liavero-Pasquina et al./analysis/TPP_aptamer_search/genomes/BUSCO_eukaryota_obd10/Fragilariopsis_cylindrus_Fracy1/run_eukaryota_odb10/hmmer_output/initial_run_results/923657at2759.out --cpu 1 /Users/aholzer/ownCloud/PhD/Publications/2021 Liavero-Pasquina et al./analysis/TPP_aptamer_search/busco_downloads/lineages/eukaryota_odb10/hmms/923657at2759.hmm /Users/aholzer/ownCloud/PhD/Publications/2021 Liavero-Pasquina et al./analysis/TPP_aptamer_search/genomes/BUSCO_eukaryota_obd10/Fragilariopsis_cylindrus_Fracy1/run_eukaryota_odb10/metaeuk_output/initial_results/GCA_001750085.1_Fracy1_genomic.fna.modified.fas 
# Current dir:     /Users/aholzer/ownCloud/PhD/Publications/2021 Liavero-Pasquina et al./analysis/TPP_aptamer_search
# Date:            Sat Apr 17 20:52:42 2021
# [ok]
