#                                                                                  --- full sequence --- -------------- this domain -------------   hmm coord   ali coord   env coord
# target name              accession   tlen query name           accession   qlen   E-value  score  bias   #  of  c-Evalue  i-Evalue  score  bias  from    to  from    to  from    to  acc description of target
#      ------------------- ---------- ----- -------------------- ---------- ----- --------- ------ ----- --- --- --------- --------- ------ ----- ----- ----- ----- ----- ----- ----- ---- ---------------------
KV784424_1:50079-51941     -            621 931188at2759         -            347  1.3e-103  342.9   6.8   1   4   1.4e-51   1.8e-49  164.9   0.0     1   137    39   188    39   195 0.91 -
KV784424_1:50079-51941     -            621 931188at2759         -            347  1.3e-103  342.9   6.8   2   4   1.1e-21   1.4e-19   66.7   0.0   138   205   225   293   222   303 0.94 -
KV784424_1:50079-51941     -            621 931188at2759         -            347  1.3e-103  342.9   6.8   3   4   1.1e-28   1.3e-26   89.7   0.2   212   302   377   478   367   505 0.87 -
KV784424_1:50079-51941     -            621 931188at2759         -            347  1.3e-103  342.9   6.8   4   4   5.4e-08   6.7e-06   21.6   0.1   298   347   540   609   516   609 0.69 -
KV784363_1:1256654-1258516 -            621 931188at2759         -            347  2.3e-103  342.1   7.3   1   4   1.3e-51   1.6e-49  165.1   0.0     1   137    39   188    39   196 0.91 -
KV784363_1:1256654-1258516 -            621 931188at2759         -            347  2.3e-103  342.1   7.3   2   4   1.1e-21   1.4e-19   66.7   0.0   138   205   225   293   222   303 0.94 -
KV784363_1:1256654-1258516 -            621 931188at2759         -            347  2.3e-103  342.1   7.3   3   4   1.5e-28   1.8e-26   89.3   0.2   213   303   378   479   370   508 0.87 -
KV784363_1:1256654-1258516 -            621 931188at2759         -            347  2.3e-103  342.1   7.3   4   4   5.1e-08   6.3e-06   21.7   0.2   296   347   538   609   513   609 0.69 -
KV784353_1:309379-310434   -            352 931188at2759         -            347   3.5e-15   52.1   0.0   1   3   4.8e-12   5.9e-10   34.9   0.0   104   205     1   116     1   126 0.79 -
KV784353_1:309379-310434   -            352 931188at2759         -            347   3.5e-15   52.1   0.0   2   3   6.5e-05     0.008   11.5   0.0   261   303   234   283   224   289 0.75 -
KV784353_1:309379-310434   -            352 931188at2759         -            347   3.5e-15   52.1   0.0   3   3      0.44        54   -1.1   0.0   320   346   323   349   305   350 0.84 -
KV784376_1:534987-536042   -            352 931188at2759         -            347   3.5e-15   52.1   0.0   1   3   4.8e-12   5.9e-10   34.9   0.0   104   205     1   116     1   126 0.79 -
KV784376_1:534987-536042   -            352 931188at2759         -            347   3.5e-15   52.1   0.0   2   3   6.5e-05     0.008   11.5   0.0   261   303   234   283   224   289 0.75 -
KV784376_1:534987-536042   -            352 931188at2759         -            347   3.5e-15   52.1   0.0   3   3      0.44        54   -1.1   0.0   320   346   323   349   305   350 0.84 -
KV784391_1:365400-366479   -            360 931188at2759         -            347   2.5e-13   46.0   0.0   1   2   6.1e-10   7.5e-08   28.0   0.0    96   205    15   138     4   145 0.79 -
KV784391_1:365400-366479   -            360 931188at2759         -            347   2.5e-13   46.0   0.0   2   2   1.5e-05    0.0019   13.6   0.0   249   299   235   288   181   308 0.77 -
KV784358_1:973887-974966   -            360 931188at2759         -            347   2.8e-13   45.9   0.0   1   2   5.9e-10   7.3e-08   28.1   0.0    96   205    15   138     4   145 0.79 -
KV784358_1:973887-974966   -            360 931188at2759         -            347   2.8e-13   45.9   0.0   2   2   1.7e-05    0.0021   13.4   0.0   251   299   237   288   181   309 0.80 -
KV784361_1:927558-928175   -            206 931188at2759         -            347   3.4e-07   25.9   0.2   1   3   2.1e-06   0.00026   16.4   0.0   105   138     1    34     1    43 0.92 -
KV784361_1:927558-928175   -            206 931188at2759         -            347   3.4e-07   25.9   0.2   2   3    0.0024       0.3    6.3   0.0   149   204    76   135    51   142 0.69 -
KV784361_1:927558-928175   -            206 931188at2759         -            347   3.4e-07   25.9   0.2   3   3      0.35        44   -0.8   0.0   198   225   178   205   164   206 0.83 -
KV784415_1:187551-188168   -            206 931188at2759         -            347   3.4e-07   25.9   0.2   1   3   2.1e-06   0.00026   16.4   0.0   105   138     1    34     1    43 0.92 -
KV784415_1:187551-188168   -            206 931188at2759         -            347   3.4e-07   25.9   0.2   2   3    0.0024       0.3    6.3   0.0   149   204    76   135    51   142 0.69 -
KV784415_1:187551-188168   -            206 931188at2759         -            347   3.4e-07   25.9   0.2   3   3      0.35        44   -0.8   0.0   198   225   178   205   164   206 0.83 -
KV784359_1:2367622-2368170 -            183 931188at2759         -            347   9.1e-07   24.5   0.0   1   2     0.017       2.1    3.6   0.0   112   139     2    29     1    38 0.86 -
KV784359_1:2367622-2368170 -            183 931188at2759         -            347   9.1e-07   24.5   0.0   2   2   3.7e-07   4.5e-05   18.9   0.0   140   205    48   112    44   119 0.90 -
KV784373_1:297512-298372   -            287 931188at2759         -            347   2.1e-06   23.3   0.7   1   3     0.015       1.9    3.7   0.0   105   133     1    29     1    34 0.90 -
KV784373_1:297512-298372   -            287 931188at2759         -            347   2.1e-06   23.3   0.7   2   3   4.2e-05    0.0051   12.1   0.1   157   216    89   147    86   180 0.76 -
KV784373_1:297512-298372   -            287 931188at2759         -            347   2.1e-06   23.3   0.7   3   3      0.01       1.2    4.3   0.0   258   302   239   284   187   286 0.82 -
KV784362_1:835449-836075   -            209 931188at2759         -            347   1.1e-05   20.9   0.0   1   3   4.1e-05     0.005   12.2   0.0   112   140     2    30     1    36 0.85 -
KV784362_1:835449-836075   -            209 931188at2759         -            347   1.1e-05   20.9   0.0   2   3     0.016         2    3.6   0.0   171   203    97   128    79   141 0.77 -
KV784362_1:835449-836075   -            209 931188at2759         -            347   1.1e-05   20.9   0.0   3   3     0.073       8.9    1.5   0.0   173   225   149   202   136   206 0.81 -
KV784353_1:1897016-1897357 -            114 931188at2759         -            347   0.00051   15.4   0.1   1   1   7.5e-06   0.00093   14.6   0.1   260   298     4    44     2    47 0.81 -
#
# Program:         hmmsearch
# Version:         3.1b2 (February 2015)
# Pipeline mode:   SEARCH
# Query file:      /Users/aholzer/ownCloud/PhD/Publications/2021 Liavero-Pasquina et al./analysis/TPP_aptamer_search/busco_downloads/lineages/eukaryota_odb10/hmms/931188at2759.hmm
# Target file:     /Users/aholzer/ownCloud/PhD/Publications/2021 Liavero-Pasquina et al./analysis/TPP_aptamer_search/genomes/BUSCO_eukaryota_obd10/Fragilariopsis_cylindrus_Fracy1/run_eukaryota_odb10/metaeuk_output/initial_results/GCA_001750085.1_Fracy1_genomic.fna.modified.fas
# Option settings: hmmsearch --domtblout /Users/aholzer/ownCloud/PhD/Publications/2021 Liavero-Pasquina et al./analysis/TPP_aptamer_search/genomes/BUSCO_eukaryota_obd10/Fragilariopsis_cylindrus_Fracy1/run_eukaryota_odb10/hmmer_output/initial_run_results/931188at2759.out --cpu 1 /Users/aholzer/ownCloud/PhD/Publications/2021 Liavero-Pasquina et al./analysis/TPP_aptamer_search/busco_downloads/lineages/eukaryota_odb10/hmms/931188at2759.hmm /Users/aholzer/ownCloud/PhD/Publications/2021 Liavero-Pasquina et al./analysis/TPP_aptamer_search/genomes/BUSCO_eukaryota_obd10/Fragilariopsis_cylindrus_Fracy1/run_eukaryota_odb10/metaeuk_output/initial_results/GCA_001750085.1_Fracy1_genomic.fna.modified.fas 
# Current dir:     /Users/aholzer/ownCloud/PhD/Publications/2021 Liavero-Pasquina et al./analysis/TPP_aptamer_search
# Date:            Sat Apr 17 20:52:43 2021
# [ok]
