#                                                                                --- full sequence --- -------------- this domain -------------   hmm coord   ali coord   env coord
# target name            accession   tlen query name           accession   qlen   E-value  score  bias   #  of  c-Evalue  i-Evalue  score  bias  from    to  from    to  from    to  acc description of target
#    ------------------- ---------- ----- -------------------- ---------- ----- --------- ------ ----- --- --- --------- --------- ------ ----- ----- ----- ----- ----- ----- ----- ---- ---------------------
AGNL01018336_1:8-967     -            320 97116at2759          -            956   6.1e-65  216.3   0.0   1   1   2.3e-67   8.3e-65  215.9   0.0   700   955     5   319     3   320 0.81 -
AGNL01011127_1:2335-3772 -            456 97116at2759          -            956   1.4e-64  215.1   0.0   1   1   5.1e-67   1.9e-64  214.7   0.0   699   955   140   455   110   456 0.81 -
AGNL01011128_1:351-1442  -            364 97116at2759          -            956   5.2e-64  213.2   0.0   1   2     5e-21   1.8e-18   62.5   0.0   203   312     1   140     1   154 0.77 -
AGNL01011128_1:351-1442  -            364 97116at2759          -            956   5.2e-64  213.2   0.0   2   2   5.2e-47   1.9e-44  148.5   0.0   312   477   174   359   157   363 0.87 -
AGNL01005303_1:140-802   -            221 97116at2759          -            956     1e-41  139.4   0.0   1   1   7.6e-43   2.8e-40  134.7   0.0    44   164    80   219    70   221 0.85 -
AGNL01018334_1:154-561   -            136 97116at2759          -            956   4.3e-31  104.3   0.0   1   1   1.3e-33   4.7e-31  104.2   0.0   313   435     1   136     1   136 0.86 -
AGNL01018335_1:87-404    -            106 97116at2759          -            956   2.9e-15   51.9   0.0   1   1   8.7e-18   3.2e-15   51.8   0.0   547   639     1   106     1   106 0.83 -
#
# Program:         hmmsearch
# Version:         3.1b2 (February 2015)
# Pipeline mode:   SEARCH
# Query file:      /Users/aholzer/ownCloud/PhD/Publications/2021 Liavero-Pasquina et al./analysis/TPP_aptamer_search/busco_downloads/lineages/eukaryota_odb10/hmms/97116at2759.hmm
# Target file:     /Users/aholzer/ownCloud/PhD/Publications/2021 Liavero-Pasquina et al./analysis/TPP_aptamer_search/genomes/BUSCO_eukaryota_obd10/Thalassiosira_oceanica_ThaOc_1.0/run_eukaryota_odb10/metaeuk_output/rerun_results/GCA_000296195.2_ThaOc_1.0_genomic.fna.modified.fas
# Option settings: hmmsearch --domtblout /Users/aholzer/ownCloud/PhD/Publications/2021 Liavero-Pasquina et al./analysis/TPP_aptamer_search/genomes/BUSCO_eukaryota_obd10/Thalassiosira_oceanica_ThaOc_1.0/run_eukaryota_odb10/hmmer_output/rerun_results/97116at2759.out --cpu 1 /Users/aholzer/ownCloud/PhD/Publications/2021 Liavero-Pasquina et al./analysis/TPP_aptamer_search/busco_downloads/lineages/eukaryota_odb10/hmms/97116at2759.hmm /Users/aholzer/ownCloud/PhD/Publications/2021 Liavero-Pasquina et al./analysis/TPP_aptamer_search/genomes/BUSCO_eukaryota_obd10/Thalassiosira_oceanica_ThaOc_1.0/run_eukaryota_odb10/metaeuk_output/rerun_results/GCA_000296195.2_ThaOc_1.0_genomic.fna.modified.fas 
# Current dir:     /Users/aholzer/ownCloud/PhD/Publications/2021 Liavero-Pasquina et al./analysis/TPP_aptamer_search
# Date:            Mon Apr 19 03:05:40 2021
# [ok]
