#                                                                                     --- full sequence --- -------------- this domain -------------   hmm coord   ali coord   env coord
# target name                 accession   tlen query name           accession   qlen   E-value  score  bias   #  of  c-Evalue  i-Evalue  score  bias  from    to  from    to  from    to  acc description of target
#         ------------------- ---------- ----- -------------------- ---------- ----- --------- ------ ----- --- --- --------- --------- ------ ----- ----- ----- ----- ----- ----- ----- ---- ---------------------
JAACPG010000484_1:1398-2915   -            472 1014314at2759        -            222   7.3e-28   92.1   8.9   1   5   3.1e-08   3.6e-07   24.5   0.0   119   183    82   146    70   155 0.90 -
JAACPG010000484_1:1398-2915   -            472 1014314at2759        -            222   7.3e-28   92.1   8.9   2   5   6.5e-08   7.4e-07   23.4   0.9   118   187   163   234   158   234 0.90 -
JAACPG010000484_1:1398-2915   -            472 1014314at2759        -            222   7.3e-28   92.1   8.9   3   5   1.8e-09     2e-08   28.5   0.6     2    66   216   288   215   292 0.70 -
JAACPG010000484_1:1398-2915   -            472 1014314at2759        -            222   7.3e-28   92.1   8.9   4   5   0.00011    0.0013   12.9   0.0    30    62   294   327   290   335 0.87 -
JAACPG010000484_1:1398-2915   -            472 1014314at2759        -            222   7.3e-28   92.1   8.9   5   5   0.00078    0.0089   10.1   0.0     2    30   347   375   346   381 0.87 -
JAACPG010000755_1:9669-10688  -            340 1014314at2759        -            222   1.1e-25   85.0   3.7   1   5   0.00013    0.0015   12.6   0.0   132   155    34    57    24    63 0.80 -
JAACPG010000755_1:9669-10688  -            340 1014314at2759        -            222   1.1e-25   85.0   3.7   2   5   1.1e-06   1.3e-05   19.4   0.0    10    66    37   107    36   121 0.76 -
JAACPG010000755_1:9669-10688  -            340 1014314at2759        -            222   1.1e-25   85.0   3.7   3   5   9.4e-07   1.1e-05   19.7   0.0   125   168   170   213   154   216 0.84 -
JAACPG010000755_1:9669-10688  -            340 1014314at2759        -            222   1.1e-25   85.0   3.7   4   5   8.6e-10   9.8e-09   29.6   0.0   122   202   208   292   202   300 0.87 -
JAACPG010000755_1:9669-10688  -            340 1014314at2759        -            222   1.1e-25   85.0   3.7   5   5   0.00066    0.0075   10.3   0.1     2    28   312   338   305   340 0.63 -
JAACPG010002894_1:1423-2538   -            372 1014314at2759        -            222   3.2e-24   80.2   6.5   1   5     0.015      0.17    5.9   0.1    11    34    24    47    16    61 0.63 -
JAACPG010002894_1:1423-2538   -            372 1014314at2759        -            222   3.2e-24   80.2   6.5   2   5   0.00012    0.0013   12.8   0.1    30    64    81   115    66   120 0.87 -
JAACPG010002894_1:1423-2538   -            372 1014314at2759        -            222   3.2e-24   80.2   6.5   3   5   1.4e-14   1.6e-13   45.3   0.2   135   203   135   205   118   219 0.90 -
JAACPG010002894_1:1423-2538   -            372 1014314at2759        -            222   3.2e-24   80.2   6.5   4   5   5.7e-05   0.00064   13.8   0.0   123   173   244   294   236   321 0.73 -
JAACPG010002894_1:1423-2538   -            372 1014314at2759        -            222   3.2e-24   80.2   6.5   5   5      0.42       4.7    1.2   0.0   136   183   310   359   297   365 0.73 -
JAACPG010000411_1:981-1751    -            257 1014314at2759        -            222   2.4e-23   77.3   3.1   1   3   4.5e-09   5.1e-08   27.2   0.0   119   175    11    68     9    89 0.87 -
JAACPG010000411_1:981-1751    -            257 1014314at2759        -            222   2.4e-23   77.3   3.1   2   3   5.2e-07   5.9e-06   20.5   0.5   137   198    98   159    83   180 0.82 -
JAACPG010000411_1:981-1751    -            257 1014314at2759        -            222   2.4e-23   77.3   3.1   3   3     2e-09   2.3e-08   28.4   0.0   135   190   196   251   192   257 0.91 -
JAACPG010000758_1:9583-10986  -            468 1014314at2759        -            222   3.4e-19   63.8   2.4   1   5   2.3e-05   0.00026   15.1   0.0   139   187    83   132    63   141 0.84 -
JAACPG010000758_1:9583-10986  -            468 1014314at2759        -            222   3.4e-19   63.8   2.4   2   5    0.0013     0.015    9.4   0.4    43    82   185   225   181   226 0.84 -
JAACPG010000758_1:9583-10986  -            468 1014314at2759        -            222   3.4e-19   63.8   2.4   3   5    0.0013     0.015    9.4   0.0    31    69   218   257   211   267 0.88 -
JAACPG010000758_1:9583-10986  -            468 1014314at2759        -            222   3.4e-19   63.8   2.4   4   5      0.74       8.4    0.4   0.0    37    55   266   284   262   300 0.75 -
JAACPG010000758_1:9583-10986  -            468 1014314at2759        -            222   3.4e-19   63.8   2.4   5   5   5.2e-09   5.9e-08   27.0   0.0   121   197   302   382   297   390 0.83 -
JAACPG010002132_1:808-1470    -            221 1014314at2759        -            222   7.2e-18   59.4   0.9   1   4   4.2e-05   0.00047   14.3   0.0   126   153    19    46     8    56 0.73 -
JAACPG010002132_1:808-1470    -            221 1014314at2759        -            222   7.2e-18   59.4   0.9   2   4   5.7e-08   6.4e-07   23.6   0.3     2    69    20   100    19   108 0.82 -
JAACPG010002132_1:808-1470    -            221 1014314at2759        -            222   7.2e-18   59.4   0.9   3   4   5.1e-08   5.7e-07   23.8   0.0     3    64   110   177   108   183 0.84 -
JAACPG010002132_1:808-1470    -            221 1014314at2759        -            222   7.2e-18   59.4   0.9   4   4      0.01      0.12    6.4   0.0     3    26   198   221   195   221 0.74 -
JAACPG010003155_1:769-1242    -            158 1014314at2759        -            222   8.3e-18   59.2   0.8   1   3   9.7e-06   0.00011   16.3   0.0    30    66    26    62     1    66 0.91 -
JAACPG010003155_1:769-1242    -            158 1014314at2759        -            222   8.3e-18   59.2   0.8   2   3   1.4e-07   1.6e-06   22.4   0.1   120   172    66   119    62   122 0.88 -
JAACPG010003155_1:769-1242    -            158 1014314at2759        -            222   8.3e-18   59.2   0.8   3   3   6.6e-07   7.5e-06   20.1   0.1   121   169   109   158   104   158 0.84 -
JAACPG010003249_1:1963-2595   -            211 1014314at2759        -            222   5.5e-17   56.5   4.9   1   4     0.038      0.43    4.6   0.0     5    28     8    32     1    38 0.60 -
JAACPG010003249_1:1963-2595   -            211 1014314at2759        -            222   5.5e-17   56.5   4.9   2   4   4.9e-11   5.5e-10   33.7   0.1     2    66    61   132    60   135 0.87 -
JAACPG010003249_1:1963-2595   -            211 1014314at2759        -            222   5.5e-17   56.5   4.9   3   4   1.8e-07     2e-06   22.0   0.1   119   193    93   171    90   181 0.78 -
JAACPG010003249_1:1963-2595   -            211 1014314at2759        -            222   5.5e-17   56.5   4.9   4   4   0.00017    0.0019   12.3   0.1     2    26   187   211   186   211 0.96 -
JAACPG010002958_1:8119-9168   -            350 1014314at2759        -            222   7.3e-17   56.2   5.7   1   7     0.025      0.28    5.2   0.0    30    66     7    43     3    54 0.65 -
JAACPG010002958_1:8119-9168   -            350 1014314at2759        -            222   7.3e-17   56.2   5.7   2   7     0.024      0.27    5.3   0.1    10   184    64   113    54   126 0.50 -
JAACPG010002958_1:8119-9168   -            350 1014314at2759        -            222   7.3e-17   56.2   5.7   3   7    0.0057     0.065    7.3   0.1   121   175    91   145    86   149 0.79 -
JAACPG010002958_1:8119-9168   -            350 1014314at2759        -            222   7.3e-17   56.2   5.7   4   7   1.1e-05   0.00013   16.1   0.1    29    69   132   173   124   177 0.87 -
JAACPG010002958_1:8119-9168   -            350 1014314at2759        -            222   7.3e-17   56.2   5.7   5   7   9.4e-05    0.0011   13.1   0.0    30    66   177   214   171   221 0.89 -
JAACPG010002958_1:8119-9168   -            350 1014314at2759        -            222   7.3e-17   56.2   5.7   6   7     0.028      0.32    5.0   0.0   126   152   279   305   269   311 0.69 -
JAACPG010002958_1:8119-9168   -            350 1014314at2759        -            222   7.3e-17   56.2   5.7   7   7    0.0026     0.029    8.4   0.0   126   149   326   349   316   350 0.81 -
JAACPG010001838_1:2938-3759   -            274 1014314at2759        -            222   1.1e-16   55.5   0.0   1   4   1.8e-05    0.0002   15.5   0.1   121   185    18    82    14    84 0.87 -
JAACPG010001838_1:2938-3759   -            274 1014314at2759        -            222   1.1e-16   55.5   0.0   2   4    0.0021     0.024    8.7   0.0   128   154    67    93    60   100 0.83 -
JAACPG010001838_1:2938-3759   -            274 1014314at2759        -            222   1.1e-16   55.5   0.0   3   4     0.032      0.36    4.8   0.0   139   201   125   194   120   203 0.69 -
JAACPG010001838_1:2938-3759   -            274 1014314at2759        -            222   1.1e-16   55.5   0.0   4   4   9.8e-09   1.1e-07   26.1   0.0   131   190   208   267   205   274 0.90 -
JAACPG010002008_1:1760-2521   -            254 1014314at2759        -            222   1.2e-15   52.2   0.6   1   2   9.2e-10     1e-08   29.5   0.0   134   204    19    91     9   104 0.89 -
JAACPG010002008_1:1760-2521   -            254 1014314at2759        -            222   1.2e-15   52.2   0.6   2   2   0.00022    0.0025   11.9   0.5   110   184   166   244    98   247 0.65 -
JAACPG010001346_1:894-2037    -            340 1014314at2759        -            222   1.8e-14   48.3   0.0   1   4   0.00078    0.0088   10.1   0.0   164   200     7    45     3    48 0.85 -
JAACPG010001346_1:894-2037    -            340 1014314at2759        -            222   1.8e-14   48.3   0.0   2   4     7e-05    0.0008   13.5   0.1   120   186    46   112    43   117 0.84 -
JAACPG010001346_1:894-2037    -            340 1014314at2759        -            222   1.8e-14   48.3   0.0   3   4     0.048      0.54    4.3   0.0    38    63   155   180   148   186 0.89 -
JAACPG010001346_1:894-2037    -            340 1014314at2759        -            222   1.8e-14   48.3   0.0   4   4   0.00075    0.0085   10.2   0.0   123   154   287   319   280   326 0.82 -
JAACPG010001556_1:2326-5544   -           1073 1014314at2759        -            222   2.7e-14   47.8  23.1   1  10      0.19       2.1    2.3   0.1    12    52   103   143    89   147 0.80 -
JAACPG010001556_1:2326-5544   -           1073 1014314at2759        -            222   2.7e-14   47.8  23.1   2  10     0.026      0.29    5.1   0.0   137   156   194   213   183   239 0.59 -
JAACPG010001556_1:2326-5544   -           1073 1014314at2759        -            222   2.7e-14   47.8  23.1   3  10   9.4e-05    0.0011   13.1   0.1   137   169   239   271   218   282 0.79 -
JAACPG010001556_1:2326-5544   -           1073 1014314at2759        -            222   2.7e-14   47.8  23.1   4  10     0.023      0.26    5.3   0.0   138   158   289   309   274   329 0.65 -
JAACPG010001556_1:2326-5544   -           1073 1014314at2759        -            222   2.7e-14   47.8  23.1   5  10       5.2        59   -2.4   0.0    33    66   376   410   360   413 0.64 -
JAACPG010001556_1:2326-5544   -           1073 1014314at2759        -            222   2.7e-14   47.8  23.1   6  10      0.34       3.9    1.5   0.1   125   162   559   595   540   610 0.63 -
JAACPG010001556_1:2326-5544   -           1073 1014314at2759        -            222   2.7e-14   47.8  23.1   7  10      0.21       2.3    2.2   0.1    78   153   626   698   614   701 0.53 -
JAACPG010001556_1:2326-5544   -           1073 1014314at2759        -            222   2.7e-14   47.8  23.1   8  10      0.24       2.8    1.9   0.0    12    32   682   702   672   709 0.73 -
JAACPG010001556_1:2326-5544   -           1073 1014314at2759        -            222   2.7e-14   47.8  23.1   9  10   3.4e-07   3.8e-06   21.1   0.2     5    61   787   851   783   860 0.86 -
JAACPG010001556_1:2326-5544   -           1073 1014314at2759        -            222   2.7e-14   47.8  23.1  10  10     0.023      0.26    5.3   0.0     3    29   871   897   867   901 0.82 -
JAACPG010003249_1:2745-3077   -            111 1014314at2759        -            222   2.8e-14   47.7   0.0   1   2   8.1e-15   9.2e-14   46.0   0.0   135   201    16    84    11   101 0.89 -
JAACPG010003249_1:2745-3077   -            111 1014314at2759        -            222   2.8e-14   47.7   0.0   2   2         1        12   -0.1   0.0     2    18    91   107    90   111 0.77 -
JAACPG010001484_1:4682-5041   -            120 1014314at2759        -            222   3.3e-14   47.5   0.0   1   3   0.00044     0.005   10.9   0.0    32    62     1    31     1    41 0.90 -
JAACPG010001484_1:4682-5041   -            120 1014314at2759        -            222   3.3e-14   47.5   0.0   2   3   5.2e-07   5.9e-06   20.5   0.0    27    62    39    75    31    83 0.87 -
JAACPG010001484_1:4682-5041   -            120 1014314at2759        -            222   3.3e-14   47.5   0.0   3   3   6.2e-05    0.0007   13.7   0.0    30    62    85   119    77   120 0.87 -
JAACPG010003177_1:3919-4869   -            317 1014314at2759        -            222   2.4e-13   44.6   1.3   1   4    0.0061     0.069    7.2   0.1    36    68     1    33     1    38 0.84 -
JAACPG010003177_1:3919-4869   -            317 1014314at2759        -            222   2.4e-13   44.6   1.3   2   4   9.5e-05    0.0011   13.1   0.0     2    64    50   124    49   132 0.79 -
JAACPG010003177_1:3919-4869   -            317 1014314at2759        -            222   2.4e-13   44.6   1.3   3   4       3.6        41   -1.9   0.0   129   151   181   203   177   215 0.77 -
JAACPG010003177_1:3919-4869   -            317 1014314at2759        -            222   2.4e-13   44.6   1.3   4   4   1.5e-06   1.7e-05   19.0   0.0   127   185   228   286   217   292 0.93 -
JAACPG010001889_1:1355-2617   -            421 1014314at2759        -            222   2.6e-13   44.5  11.9   1   5      0.19       2.1    2.3   0.0     6    35    67    96    63   112 0.74 -
JAACPG010001889_1:1355-2617   -            421 1014314at2759        -            222   2.6e-13   44.5  11.9   2   5     0.063      0.72    3.9   0.0    13    47   128   162   114   168 0.86 -
JAACPG010001889_1:1355-2617   -            421 1014314at2759        -            222   2.6e-13   44.5  11.9   3   5      0.17       1.9    2.5   0.0    13    31   175   193   165   197 0.77 -
JAACPG010001889_1:1355-2617   -            421 1014314at2759        -            222   2.6e-13   44.5  11.9   4   5   3.5e-05    0.0004   14.5   1.1    12    70   265   331   256   337 0.80 -
JAACPG010001889_1:1355-2617   -            421 1014314at2759        -            222   2.6e-13   44.5  11.9   5   5   5.4e-08   6.2e-07   23.7   0.3    29    64   340   376   333   380 0.91 -
JAACPG010002029_1:2589-3281   -            231 1014314at2759        -            222     4e-13   43.9   1.5   1   3     0.017       0.2    5.7   0.0   139   156     1    18     1    30 0.85 -
JAACPG010002029_1:2589-3281   -            231 1014314at2759        -            222     4e-13   43.9   1.5   2   3   1.9e-09   2.1e-08   28.5   0.3   125   188    40   104    28   129 0.87 -
JAACPG010002029_1:2589-3281   -            231 1014314at2759        -            222     4e-13   43.9   1.5   3   3    0.0038     0.043    7.9   0.0    47    68   142   163   110   194 0.65 -
JAACPG010000263_1:13414-13848 -            145 1014314at2759        -            222   4.6e-12   40.5   0.4   1   2   0.00048    0.0054   10.8   0.0    32    67     1    37     1    51 0.87 -
JAACPG010000263_1:13414-13848 -            145 1014314at2759        -            222   4.6e-12   40.5   0.4   2   2   1.6e-08   1.8e-07   25.4   0.2   125   187    57   124    45   141 0.81 -
JAACPG010002365_1:6624-7316   -            231 1014314at2759        -            222   7.7e-12   39.7   2.5   1   5       1.2        13   -0.3   0.0    39    63     8    33     6    50 0.69 -
JAACPG010002365_1:6624-7316   -            231 1014314at2759        -            222   7.7e-12   39.7   2.5   2   5   3.7e-06   4.2e-05   17.7   0.0    31    90    55   115    46   118 0.85 -
JAACPG010002365_1:6624-7316   -            231 1014314at2759        -            222   7.7e-12   39.7   2.5   3   5    0.0052     0.059    7.4   0.1   137   156   117   136   112   142 0.87 -
JAACPG010002365_1:6624-7316   -            231 1014314at2759        -            222   7.7e-12   39.7   2.5   4   5    0.0004    0.0045   11.1   0.0    31    69   149   187   144   190 0.90 -
JAACPG010002365_1:6624-7316   -            231 1014314at2759        -            222   7.7e-12   39.7   2.5   5   5       3.2        36   -1.7   0.0    35    51   206   222   200   226 0.68 -
JAACPG010002327_1:8270-8911   -            116 1014314at2759        -            222     1e-11   39.3   0.4   1   3   6.7e-08   7.6e-07   23.4   0.0    30   153    17    50     9    52 0.54 -
JAACPG010002327_1:8270-8911   -            116 1014314at2759        -            222     1e-11   39.3   0.4   2   3   0.00015    0.0017   12.5   0.0    37    67    49    80    49    84 0.85 -
JAACPG010002327_1:8270-8911   -            116 1014314at2759        -            222     1e-11   39.3   0.4   3   3      0.19       2.2    2.3   0.0    28    45    97   114    87   116 0.86 -
JAACPG010000763_1:899-1567    -            223 1014314at2759        -            222   1.2e-10   35.9   0.2   1   4   3.2e-07   3.6e-06   21.2   0.0    30    66    33    70    24    76 0.90 -
JAACPG010000763_1:899-1567    -            223 1014314at2759        -            222   1.2e-10   35.9   0.2   2   4   0.00023    0.0026   11.8   0.1    34    70    80   116    70   140 0.70 -
JAACPG010000763_1:899-1567    -            223 1014314at2759        -            222   1.2e-10   35.9   0.2   3   4         7        79   -2.8   0.0    43    64   162   183   155   195 0.79 -
JAACPG010000763_1:899-1567    -            223 1014314at2759        -            222   1.2e-10   35.9   0.2   4   4       8.6        97   -3.1   0.0    49    62   188   201   179   205 0.68 -
JAACPG010000260_1:1-3099      -           1033 1014314at2759        -            222   2.2e-10   35.0   1.4   1   4       1.6        19   -0.8   0.0   125   155    72   102    62   143 0.67 -
JAACPG010000260_1:1-3099      -           1033 1014314at2759        -            222   2.2e-10   35.0   1.4   2   4      0.19       2.2    2.3   0.0   138   153   145   160    80   165 0.82 -
JAACPG010000260_1:1-3099      -           1033 1014314at2759        -            222   2.2e-10   35.0   1.4   3   4     0.011      0.13    6.3   0.0   126   157   487   518   481   552 0.77 -
JAACPG010000260_1:1-3099      -           1033 1014314at2759        -            222   2.2e-10   35.0   1.4   4   4   4.9e-07   5.5e-06   20.6   0.0   130   183   583   635   572   639 0.89 -
JAACPG010002346_1:1711-2721   -            337 1014314at2759        -            222   2.7e-10   34.7   2.6   1   3     0.061       0.7    3.9   0.1    99   185    58   149    20   151 0.63 -
JAACPG010002346_1:1711-2721   -            337 1014314at2759        -            222   2.7e-10   34.7   2.6   2   3   0.00018     0.002   12.2   0.1    28    65   183   217   177   226 0.84 -
JAACPG010002346_1:1711-2721   -            337 1014314at2759        -            222   2.7e-10   34.7   2.6   3   3   7.1e-06   8.1e-05   16.8   0.0   124   194   229   298   221   308 0.87 -
JAACPG010001290_1:1795-2661   -            289 1014314at2759        -            222   8.8e-10   33.0   0.6   1   4     0.075      0.85    3.6   0.0   168   185     4    21     2    32 0.64 -
JAACPG010001290_1:1795-2661   -            289 1014314at2759        -            222   8.8e-10   33.0   0.6   2   4    0.0088       0.1    6.7   0.0    48    67    89   108    81   117 0.84 -
JAACPG010001290_1:1795-2661   -            289 1014314at2759        -            222   8.8e-10   33.0   0.6   3   4   5.4e-05   0.00061   13.9   0.1    13    68   146   209   139   214 0.74 -
JAACPG010001290_1:1795-2661   -            289 1014314at2759        -            222   8.8e-10   33.0   0.6   4   4     0.076      0.86    3.6   0.0   137   156   238   257   216   265 0.67 -
JAACPG010001125_1:3904-4206   -            101 1014314at2759        -            222   3.2e-08   27.9   0.2   1   2    0.0034     0.038    8.0   0.0    30    64     5    40     1    46 0.68 -
JAACPG010001125_1:3904-4206   -            101 1014314at2759        -            222   3.2e-08   27.9   0.2   2   2   2.1e-06   2.4e-05   18.5   0.1    29    63    50    84    39    98 0.54 -
JAACPG010002240_1:3231-3857   -            209 1014314at2759        -            222   3.4e-08   27.8   7.6   1   4    0.0091       0.1    6.6   0.0    14    29    35    50    11    60 0.55 -
JAACPG010002240_1:3231-3857   -            209 1014314at2759        -            222   3.4e-08   27.8   7.6   2   4   1.7e-06   1.9e-05   18.8   0.2     2    28    69    95    68   100 0.93 -
JAACPG010002240_1:3231-3857   -            209 1014314at2759        -            222   3.4e-08   27.8   7.6   3   4         2        23   -1.0   0.0   152   175   110   133    97   139 0.70 -
JAACPG010002240_1:3231-3857   -            209 1014314at2759        -            222   3.4e-08   27.8   7.6   4   4     0.044       0.5    4.4   0.7   138   188   145   198   138   209 0.82 -
JAACPG010001562_1:2158-2748   -            197 1014314at2759        -            222   7.5e-08   26.7   0.0   1   2   0.00034    0.0039   11.3   0.0    34    64    64    94    52    99 0.75 -
JAACPG010001562_1:2158-2748   -            197 1014314at2759        -            222   7.5e-08   26.7   0.0   2   2   0.00011    0.0013   12.8   0.0   126   186   128   189   119   197 0.81 -
JAACPG010002968_1:1212-1709   -            166 1014314at2759        -            222   1.1e-07   26.2   0.2   1   2   1.3e-06   1.5e-05   19.2   0.0   122   159    10    48     4    61 0.57 -
JAACPG010002968_1:1212-1709   -            166 1014314at2759        -            222   1.1e-07   26.2   0.2   2   2     0.028      0.32    5.0   0.1     6    61   145   166   129   166 0.43 -
JAACPG010001331_1:1452-2096   -            215 1014314at2759        -            222   1.9e-07   25.4   0.2   1   2   1.7e-06   1.9e-05   18.8   0.0   145   187   113   156    75   181 0.86 -
JAACPG010001331_1:1452-2096   -            215 1014314at2759        -            222   1.9e-07   25.4   0.2   2   2     0.029      0.33    5.0   0.1    30    60   184   215   169   215 0.60 -
JAACPG010002805_1:3308-3538   -             77 1014314at2759        -            222   3.9e-07   24.3   0.8   1   1     1e-07   1.2e-06   22.8   0.7     1    64     5    77     5    77 0.85 -
JAACPG010000857_1:1136-1681   -            182 1014314at2759        -            222     5e-07   24.0   0.4   1   2   0.00027    0.0031   11.6   0.0     2    27    36    61    35    70 0.92 -
JAACPG010000857_1:1136-1681   -            182 1014314at2759        -            222     5e-07   24.0   0.4   2   2    0.0014     0.016    9.3   0.0   127   163   144   180   125   182 0.70 -
JAACPG010001045_1:2-1001      -            304 1014314at2759        -            222   1.4e-06   22.6   0.0   1   3     0.041      0.46    4.5   0.0    40   145   145   200    95   207 0.52 -
JAACPG010001045_1:2-1001      -            304 1014314at2759        -            222   1.4e-06   22.6   0.0   2   3   0.00041    0.0047   11.0   0.0   106   189   154   245   150   256 0.76 -
JAACPG010001045_1:2-1001      -            304 1014314at2759        -            222   1.4e-06   22.6   0.0   3   3     0.007     0.079    7.0   0.0   113   151   266   304   249   304 0.91 -
JAACPG010002960_1:7884-8441   -            186 1014314at2759        -            222   1.9e-06   22.1   0.1   1   2    0.0027     0.031    8.3   0.0   125   182     4    64     1    86 0.79 -
JAACPG010002960_1:7884-8441   -            186 1014314at2759        -            222   1.9e-06   22.1   0.1   2   2   0.00041    0.0047   11.0   0.0    30    65   136   170   128   176 0.77 -
JAACPG010001484_1:3979-4569   -            197 1014314at2759        -            222   2.6e-06   21.7   0.0   1   2   2.2e-06   2.5e-05   18.5   0.0    26    68     3    45     1    99 0.78 -
JAACPG010001484_1:3979-4569   -            197 1014314at2759        -            222   2.6e-06   21.7   0.0   2   2      0.79       8.9    0.3   0.0     5    29   142   165   138   180 0.75 -
JAACPG010000837_1:5234-5476   -             81 1014314at2759        -            222     1e-05   19.7   0.0   1   1   1.5e-06   1.7e-05   19.0   0.0     4    63     4    76     1    80 0.73 -
JAACPG010002050_1:1340-2206   -            289 1014314at2759        -            222   1.5e-05   19.2   6.9   1   3     0.014      0.16    6.0   0.1   117   180    95   162    16   186 0.63 -
JAACPG010002050_1:1340-2206   -            289 1014314at2759        -            222   1.5e-05   19.2   6.9   2   3     0.026       0.3    5.1   0.3    31    62   210   245   194   254 0.74 -
JAACPG010002050_1:1340-2206   -            289 1014314at2759        -            222   1.5e-05   19.2   6.9   3   3    0.0033     0.037    8.1   0.2     2    27   264   289   263   289 0.85 -
JAACPG010002083_1:351-2690    -            780 1014314at2759        -            222   2.9e-05   18.2   0.5   1   3      0.42       4.8    1.2   0.0   139   174    89   124    58   130 0.76 -
JAACPG010002083_1:351-2690    -            780 1014314at2759        -            222   2.9e-05   18.2   0.5   2   3    0.0043     0.049    7.7   0.2   136   171   138   173   134   209 0.79 -
JAACPG010002083_1:351-2690    -            780 1014314at2759        -            222   2.9e-05   18.2   0.5   3   3     0.049      0.56    4.2   0.0    30    65   278   313   247   335 0.65 -
JAACPG010000278_1:10422-11102 -            227 1014314at2759        -            222   4.3e-05   17.7   1.4   1   2    0.0053      0.06    7.4   0.2   127   156    53    82    37    87 0.72 -
JAACPG010000278_1:10422-11102 -            227 1014314at2759        -            222   4.3e-05   17.7   1.4   2   2    0.0026      0.03    8.4   0.1   126   165    97   136    83   184 0.78 -
JAACPG010002637_1:1987-2172   -             62 1014314at2759        -            222   7.9e-05   16.8   0.2   1   2     0.011      0.13    6.3   0.0    50    68     5    23     1    28 0.71 -
JAACPG010002637_1:1987-2172   -             62 1014314at2759        -            222   7.9e-05   16.8   0.2   2   2   0.00087    0.0099    9.9   0.0    25    61    24    61    21    62 0.73 -
JAACPG010000184_1:14-193      -             60 1014314at2759        -            222   0.00054   14.1   0.0   1   2    0.0016     0.018    9.1   0.0    53    80     6    33     1    51 0.63 -
JAACPG010000184_1:14-193      -             60 1014314at2759        -            222   0.00054   14.1   0.0   2   2     0.013      0.15    6.1   0.0    33    63    29    60    18    60 0.67 -
JAACPG010000283_1:3349-3999   -            217 1014314at2759        -            222   0.00062   13.9   0.1   1   2       1.2        13   -0.3   0.0    20    62    16    63     6    73 0.71 -
JAACPG010000283_1:3349-3999   -            217 1014314at2759        -            222   0.00062   13.9   0.1   2   2   0.00081    0.0092   10.0   0.1   121   155   125   161   118   217 0.60 -
JAACPG010002242_1:58-3246     -           1004 1014314at2759        -            222    0.0013   12.8   4.5   1   6       2.8        31   -1.5   0.0    71    97    56    82    51    89 0.88 -
JAACPG010002242_1:58-3246     -           1004 1014314at2759        -            222    0.0013   12.8   4.5   2   6    0.0036      0.04    7.9   0.0   120   156   548   584   537   597 0.81 -
JAACPG010002242_1:58-3246     -           1004 1014314at2759        -            222    0.0013   12.8   4.5   3   6       1.3        15   -0.4   0.1    37    66   612   641   589   649 0.64 -
JAACPG010002242_1:58-3246     -           1004 1014314at2759        -            222    0.0013   12.8   4.5   4   6         2        23   -1.1   0.0   129   172   726   770   722   775 0.70 -
JAACPG010002242_1:58-3246     -           1004 1014314at2759        -            222    0.0013   12.8   4.5   5   6      0.89        10    0.1   0.0   135   154   889   908   872   915 0.76 -
JAACPG010002242_1:58-3246     -           1004 1014314at2759        -            222    0.0013   12.8   4.5   6   6       3.6        41   -1.9   0.0    27    60   972  1003   960  1004 0.75 -
#
# Program:         hmmsearch
# Version:         3.1b2 (February 2015)
# Pipeline mode:   SEARCH
# Query file:      /Users/aholzer/ownCloud/PhD/Publications/2021 Liavero-Pasquina et al./analysis/TPP_aptamer_search/busco_downloads/lineages/eukaryota_odb10/hmms/1014314at2759.hmm
# Target file:     /Users/aholzer/ownCloud/PhD/Publications/2021 Liavero-Pasquina et al./analysis/TPP_aptamer_search/genomes/BUSCO_eukaryota_obd10/Bacillariophyta_sp_ASM1036717v1/run_eukaryota_odb10/metaeuk_output/initial_results/GCA_010367175.1_ASM1036717v1_genomic.fna.modified.fas
# Option settings: hmmsearch --domtblout /Users/aholzer/ownCloud/PhD/Publications/2021 Liavero-Pasquina et al./analysis/TPP_aptamer_search/genomes/BUSCO_eukaryota_obd10/Bacillariophyta_sp_ASM1036717v1/run_eukaryota_odb10/hmmer_output/initial_run_results/1014314at2759.out --cpu 1 /Users/aholzer/ownCloud/PhD/Publications/2021 Liavero-Pasquina et al./analysis/TPP_aptamer_search/busco_downloads/lineages/eukaryota_odb10/hmms/1014314at2759.hmm /Users/aholzer/ownCloud/PhD/Publications/2021 Liavero-Pasquina et al./analysis/TPP_aptamer_search/genomes/BUSCO_eukaryota_obd10/Bacillariophyta_sp_ASM1036717v1/run_eukaryota_odb10/metaeuk_output/initial_results/GCA_010367175.1_ASM1036717v1_genomic.fna.modified.fas 
# Current dir:     /Users/aholzer/ownCloud/PhD/Publications/2021 Liavero-Pasquina et al./analysis/TPP_aptamer_search
# Date:            Mon Apr 19 14:29:44 2021
# [ok]
