#                                                                                     --- full sequence --- -------------- this domain -------------   hmm coord   ali coord   env coord
# target name                 accession   tlen query name           accession   qlen   E-value  score  bias   #  of  c-Evalue  i-Evalue  score  bias  from    to  from    to  from    to  acc description of target
#         ------------------- ---------- ----- -------------------- ---------- ----- --------- ------ ----- --- --- --------- --------- ------ ----- ----- ----- ----- ----- ----- ----- ---- ---------------------
JAACPG010000755_1:9669-10688  -            340 779909at2759         -            227   7.1e-22   72.9   0.1   1   5     0.015      0.18    6.1   0.0    77    98    37    58    34    75 0.81 -
JAACPG010000755_1:9669-10688  -            340 779909at2759         -            227   7.1e-22   72.9   0.1   2   5   1.6e-07   1.9e-06   22.4   0.0    45    98    48   106    46   121 0.87 -
JAACPG010000755_1:9669-10688  -            340 779909at2759         -            227   7.1e-22   72.9   0.1   3   5    0.0031     0.038    8.4   0.0    67   103   170   207   155   214 0.76 -
JAACPG010000755_1:9669-10688  -            340 779909at2759         -            227   7.1e-22   72.9   0.1   4   5   3.6e-07   4.3e-06   21.2   0.0    58   125   203   283   198   298 0.65 -
JAACPG010000755_1:9669-10688  -            340 779909at2759         -            227   7.1e-22   72.9   0.1   5   5   4.7e-05   0.00057   14.3   0.0    69    96   312   339   300   340 0.92 -
JAACPG010002894_1:1423-2538   -            372 779909at2759         -            227   2.4e-21   71.2   0.8   1   7     0.012      0.14    6.5   0.0    79    99    25    45     7    66 0.75 -
JAACPG010002894_1:1423-2538   -            372 779909at2759         -            227   2.4e-21   71.2   0.8   2   7   1.6e-05   0.00019   15.9   0.1     2    96    26   114    25   127 0.80 -
JAACPG010002894_1:1423-2538   -            372 779909at2759         -            227   2.4e-21   71.2   0.8   3   7   0.00041     0.005   11.2   0.0     2    24   138   160   137   167 0.87 -
JAACPG010002894_1:1423-2538   -            372 779909at2759         -            227   2.4e-21   71.2   0.8   4   7   1.4e-07   1.7e-06   22.6   0.0    64   100   164   200   158   215 0.86 -
JAACPG010002894_1:1423-2538   -            372 779909at2759         -            227   2.4e-21   71.2   0.8   5   7    0.0032     0.039    8.3   0.0    51    98   229   277   206   300 0.77 -
JAACPG010002894_1:1423-2538   -            372 779909at2759         -            227   2.4e-21   71.2   0.8   6   7     0.057       0.7    4.2   0.0    76   104   308   336   285   354 0.85 -
JAACPG010002894_1:1423-2538   -            372 779909at2759         -            227   2.4e-21   71.2   0.8   7   7      0.04      0.49    4.7   0.0    80   104   312   336   303   372 0.60 -
JAACPG010000484_1:1398-2915   -            472 779909at2759         -            227   2.2e-19   64.7   4.1   1   6     0.021      0.26    5.6   0.0    65   104    86   125    76   157 0.71 -
JAACPG010000484_1:1398-2915   -            472 779909at2759         -            227   2.2e-19   64.7   4.1   2   6     0.013      0.16    6.3   0.0    64   110   127   173   122   178 0.88 -
JAACPG010000484_1:1398-2915   -            472 779909at2759         -            227   2.2e-19   64.7   4.1   3   6   7.1e-08   8.6e-07   23.5   0.1     5    98   146   245   143   252 0.83 -
JAACPG010000484_1:1398-2915   -            472 779909at2759         -            227   2.2e-19   64.7   4.1   4   6   2.1e-08   2.6e-07   25.3   0.1    60    98   249   287   244   289 0.91 -
JAACPG010000484_1:1398-2915   -            472 779909at2759         -            227   2.2e-19   64.7   4.1   5   6     0.067      0.82    4.0   0.0    58    95   289   327   285   332 0.81 -
JAACPG010000484_1:1398-2915   -            472 779909at2759         -            227   2.2e-19   64.7   4.1   6   6       0.3       3.6    1.9   0.0    68    94   346   372   335   380 0.74 -
JAACPG010002958_1:8119-9168   -            350 779909at2759         -            227   3.6e-19   64.1   0.7   1   5   0.00013    0.0016   12.8   0.1    62   107     6    52     2    64 0.84 -
JAACPG010002958_1:8119-9168   -            350 779909at2759         -            227   3.6e-19   64.1   0.7   2   5      0.36       4.4    1.6   0.0    59    95    45    82    39    95 0.75 -
JAACPG010002958_1:8119-9168   -            350 779909at2759         -            227   3.6e-19   64.1   0.7   3   5   6.8e-12   8.3e-11   36.7   0.0     4    98   110   213   107   232 0.81 -
JAACPG010002958_1:8119-9168   -            350 779909at2759         -            227   3.6e-19   64.1   0.7   4   5    0.0036     0.044    8.1   0.0    67    96   278   307   269   313 0.87 -
JAACPG010002958_1:8119-9168   -            350 779909at2759         -            227   3.6e-19   64.1   0.7   5   5       1.3        16   -0.2   0.0    64    92   322   350   310   350 0.75 -
JAACPG010003155_1:769-1242    -            158 779909at2759         -            227   2.2e-17   58.2   0.1   1   4       1.8        22   -0.7   0.0    87   100     2    15     1    21 0.65 -
JAACPG010003155_1:769-1242    -            158 779909at2759         -            227   2.2e-17   58.2   0.1   2   4   5.4e-06   6.5e-05   17.4   0.0    58   100    21    63    14    65 0.88 -
JAACPG010003155_1:769-1242    -            158 779909at2759         -            227   2.2e-17   58.2   0.1   3   4   6.3e-07   7.6e-06   20.4   0.0    57   113    62   119    59   125 0.85 -
JAACPG010003155_1:769-1242    -            158 779909at2759         -            227   2.2e-17   58.2   0.1   4   4   6.6e-06   8.1e-05   17.1   0.1     3    29   128   155   126   158 0.80 -
JAACPG010000411_1:981-1751    -            257 779909at2759         -            227   8.8e-15   49.7   2.5   1   4   0.00022    0.0027   12.1   0.0    58    97     9    48     1    62 0.88 -
JAACPG010000411_1:981-1751    -            257 779909at2759         -            227   8.8e-15   49.7   2.5   2   4     0.021      0.25    5.7   0.1    65   110   126   172   121   181 0.79 -
JAACPG010000411_1:981-1751    -            257 779909at2759         -            227   8.8e-15   49.7   2.5   3   4    0.0055     0.067    7.5   0.0     3    25   200   222   198   227 0.88 -
JAACPG010000411_1:981-1751    -            257 779909at2759         -            227   8.8e-15   49.7   2.5   4   4   1.6e-05   0.00019   15.9   0.0    47    95   209   256   207   257 0.91 -
JAACPG010002132_1:808-1470    -            221 779909at2759         -            227   3.3e-14   47.8   0.1   1   3   7.7e-07   9.3e-06   20.2   0.0    57    95     8    46     1    62 0.86 -
JAACPG010002132_1:808-1470    -            221 779909at2759         -            227   3.3e-14   47.8   0.1   2   3   8.9e-08   1.1e-06   23.2   0.0     2   102    78   182    77   190 0.79 -
JAACPG010002132_1:808-1470    -            221 779909at2759         -            227   3.3e-14   47.8   0.1   3   3   4.5e-05   0.00055   14.4   0.0     4    93   122   221   119   221 0.69 -
JAACPG010003249_1:1963-2595   -            211 779909at2759         -            227   8.9e-14   46.4   3.2   1   5     0.074      0.91    3.8   0.0    78    95    15    32     1    37 0.73 -
JAACPG010003249_1:1963-2595   -            211 779909at2759         -            227   8.9e-14   46.4   3.2   2   5   6.9e-05   0.00084   13.8   0.0    63    94    55    86    50    92 0.91 -
JAACPG010003249_1:1963-2595   -            211 779909at2759         -            227   8.9e-14   46.4   3.2   3   5   0.00015    0.0019   12.6   0.0    61    97    94   130    88   150 0.88 -
JAACPG010003249_1:1963-2595   -            211 779909at2759         -            227   8.9e-14   46.4   3.2   4   5       1.6        19   -0.5   0.0   167   181   157   171   142   175 0.82 -
JAACPG010003249_1:1963-2595   -            211 779909at2759         -            227   8.9e-14   46.4   3.2   5   5   0.00011    0.0014   13.1   0.0    57    93   175   211   165   211 0.93 -
JAACPG010000758_1:9583-10986  -            468 779909at2759         -            227     1e-13   46.2   0.1   1   5     0.087       1.1    3.6   0.0    64    98    65   100    52   106 0.73 -
JAACPG010000758_1:9583-10986  -            468 779909at2759         -            227     1e-13   46.2   0.1   2   5   3.7e-05   0.00045   14.7   0.0    47    99    92   144    87   147 0.90 -
JAACPG010000758_1:9583-10986  -            468 779909at2759         -            227     1e-13   46.2   0.1   3   5       4.2        51   -1.9   0.0    65    99   219   254   198   272 0.68 -
JAACPG010000758_1:9583-10986  -            468 779909at2759         -            227     1e-13   46.2   0.1   4   5     2e-06   2.5e-05   18.8   0.0    49   103   289   343   234   353 0.82 -
JAACPG010000758_1:9583-10986  -            468 779909at2759         -            227     1e-13   46.2   0.1   5   5    0.0059     0.072    7.5   0.0    66    98   349   381   341   384 0.88 -
JAACPG010001838_1:2938-3759   -            274 779909at2759         -            227   7.9e-12   40.0   0.0   1   4     0.016      0.19    6.0   0.0    60    96    16    52    10    58 0.86 -
JAACPG010001838_1:2938-3759   -            274 779909at2759         -            227   7.9e-12   40.0   0.0   2   4     0.009      0.11    6.9   0.0    65   103    62   100    54   117 0.85 -
JAACPG010001838_1:2938-3759   -            274 779909at2759         -            227   7.9e-12   40.0   0.0   3   4    0.0034     0.041    8.2   0.0     2    97   124   232   123   235 0.67 -
JAACPG010001838_1:2938-3759   -            274 779909at2759         -            227   7.9e-12   40.0   0.0   4   4   9.3e-06   0.00011   16.6   0.0    47    95   225   272   223   274 0.90 -
JAACPG010001556_1:2326-5544   -           1073 779909at2759         -            227   5.2e-11   37.3   7.4   1   5   0.00056    0.0068   10.8   0.1     3    99   196   308   195   320 0.66 -
JAACPG010001556_1:2326-5544   -           1073 779909at2759         -            227   5.2e-11   37.3   7.4   2   5       1.4        17   -0.3   0.0   166   182   571   587   536   608 0.65 -
JAACPG010001556_1:2326-5544   -           1073 779909at2759         -            227   5.2e-11   37.3   7.4   3   5      0.68       8.3    0.7   0.0   167   182   684   699   679   706 0.64 -
JAACPG010001556_1:2326-5544   -           1073 779909at2759         -            227   5.2e-11   37.3   7.4   4   5      0.24         3    2.2   0.0   152   180   778   809   752   812 0.69 -
JAACPG010001556_1:2326-5544   -           1073 779909at2759         -            227   5.2e-11   37.3   7.4   5   5   2.6e-05   0.00032   15.1   0.5     2    95   795   896   794   903 0.67 -
JAACPG010002029_1:2589-3281   -            231 779909at2759         -            227   1.6e-10   35.8   0.0   1   2   7.7e-06   9.3e-05   16.9   0.0    21    99    31   115     1   128 0.82 -
JAACPG010002029_1:2589-3281   -            231 779909at2759         -            227   1.6e-10   35.8   0.0   2   2   5.6e-08   6.8e-07   23.9   0.0     2   104    53   166    52   190 0.81 -
JAACPG010002008_1:1760-2521   -            254 779909at2759         -            227   8.5e-10   33.4   0.3   1   4     0.099       1.2    3.4   0.0    67    95     9    38     1    42 0.75 -
JAACPG010002008_1:1760-2521   -            254 779909at2759         -            227   8.5e-10   33.4   0.3   2   4   7.3e-05   0.00088   13.7   0.0    56    98    41    83    38    94 0.87 -
JAACPG010002008_1:1760-2521   -            254 779909at2759         -            227   8.5e-10   33.4   0.3   3   4   0.00069    0.0083   10.5   0.1    50    96   120   166   114   181 0.80 -
JAACPG010002008_1:1760-2521   -            254 779909at2759         -            227   8.5e-10   33.4   0.3   4   4      0.77       9.3    0.5   0.0   181   206   225   250   194   253 0.76 -
JAACPG010001484_1:4682-5041   -            120 779909at2759         -            227   8.9e-10   33.3   0.3   1   3     0.036      0.43    4.9   0.1    80    95    16    31     3    40 0.59 -
JAACPG010001484_1:4682-5041   -            120 779909at2759         -            227   8.9e-10   33.3   0.3   2   3   4.4e-05   0.00054   14.4   0.6    46    96    25    76    17    79 0.90 -
JAACPG010001484_1:4682-5041   -            120 779909at2759         -            227   8.9e-10   33.3   0.3   3   3   1.5e-05   0.00019   15.9   0.0    56    95    78   119    74   120 0.88 -
JAACPG010003177_1:3919-4869   -            317 779909at2759         -            227   2.3e-09   32.0   0.1   1   2   1.1e-07   1.4e-06   22.9   0.0     2    97    12   124    11   148 0.77 -
JAACPG010003177_1:3919-4869   -            317 779909at2759         -            227   2.3e-09   32.0   0.1   2   2     0.036      0.43    4.9   0.0    67    95   226   254   204   261 0.68 -
JAACPG010001346_1:894-2037    -            340 779909at2759         -            227   3.3e-09   31.5   0.0   1   4    0.0033      0.04    8.3   0.0    62    94     5    37     2    42 0.90 -
JAACPG010001346_1:894-2037    -            340 779909at2759         -            227   3.3e-09   31.5   0.0   2   4    0.0053     0.064    7.6   0.0   162   182    61    81    49   112 0.74 -
JAACPG010001346_1:894-2037    -            340 779909at2759         -            227   3.3e-09   31.5   0.0   3   4     0.019      0.23    5.8   0.0     7    43   168   206   164   212 0.82 -
JAACPG010001346_1:894-2037    -            340 779909at2759         -            227   3.3e-09   31.5   0.0   4   4      0.13       1.5    3.1   0.0    61    96   284   319   259   334 0.85 -
JAACPG010001889_1:1355-2617   -            421 779909at2759         -            227   4.9e-09   30.9   1.3   1   2      0.24       2.9    2.2   0.0    54    98   149   193    73   197 0.71 -
JAACPG010001889_1:1355-2617   -            421 779909at2759         -            227   4.9e-09   30.9   1.3   2   2   2.6e-08   3.2e-07   25.0   0.6     2    97   266   376   265   386 0.72 -
JAACPG010001125_1:3904-4206   -            101 779909at2759         -            227   4.5e-08   27.7   0.1   1   2    0.0035     0.042    8.2   0.0     2    22    23    43    22    47 0.92 -
JAACPG010001125_1:3904-4206   -            101 779909at2759         -            227   4.5e-08   27.7   0.1   2   2   4.2e-06   5.1e-05   17.8   0.0    62    95    50    83    44    93 0.90 -
JAACPG010000763_1:899-1567    -            223 779909at2759         -            227   8.5e-08   26.8   0.3   1   3   6.8e-05   0.00082   13.8   0.0    56    99    26    70    23    75 0.83 -
JAACPG010000763_1:899-1567    -            223 779909at2759         -            227   8.5e-08   26.8   0.3   2   3   0.00066    0.0081   10.6   0.1    58   109    71   122    68   131 0.87 -
JAACPG010000763_1:899-1567    -            223 779909at2759         -            227   8.5e-08   26.8   0.3   3   3       2.2        26   -0.9   0.0    63    63   169   169   137   205 0.48 -
JAACPG010002327_1:8270-8911   -            116 779909at2759         -            227     9e-08   26.8   0.2   1   1   3.2e-08     4e-07   24.7   0.2    50   132     2    82     1    85 0.71 -
JAACPG010001045_1:2-1001      -            304 779909at2759         -            227   1.6e-07   25.9   0.0   1   3      0.11       1.4    3.3   0.0   102   129   143   170   135   187 0.85 -
JAACPG010001045_1:2-1001      -            304 779909at2759         -            227   1.6e-07   25.9   0.0   2   3   8.7e-05    0.0011   13.4   0.0    10    94   159   250   156   261 0.74 -
JAACPG010001045_1:2-1001      -            304 779909at2759         -            227   1.6e-07   25.9   0.0   3   3    0.0078     0.095    7.0   0.0    68    90   279   301   263   304 0.84 -
JAACPG010002240_1:3231-3857   -            209 779909at2759         -            227   1.6e-07   25.9   0.5   1   3     0.073      0.89    3.9   0.0     2    19    34    51    33    58 0.83 -
JAACPG010002240_1:3231-3857   -            209 779909at2759         -            227   1.6e-07   25.9   0.5   2   3    0.0011     0.014    9.8   0.0    60    95    60    95    54    98 0.92 -
JAACPG010002240_1:3231-3857   -            209 779909at2759         -            227   1.6e-07   25.9   0.5   3   3    0.0025      0.03    8.7   0.0     2    22   145   165   144   195 0.67 -
JAACPG010002805_1:3308-3538   -             77 779909at2759         -            227   1.8e-07   25.8   0.2   1   1   1.6e-07     2e-06   22.4   0.2    64   126     1    76     1    77 0.68 -
JAACPG010000263_1:13414-13848 -            145 779909at2759         -            227   1.9e-07   25.7   0.1   1   3      0.12       1.4    3.2   0.0    68    97     4    34     1    46 0.61 -
JAACPG010000263_1:13414-13848 -            145 779909at2759         -            227   1.9e-07   25.7   0.1   2   3    0.0018     0.022    9.1   0.0    64    96    54    86    43    92 0.79 -
JAACPG010000263_1:13414-13848 -            145 779909at2759         -            227   1.9e-07   25.7   0.1   3   3   0.00079    0.0096   10.3   0.0    57    97    94   135    88   140 0.85 -
JAACPG010002242_1:58-3246     -           1004 779909at2759         -            227     2e-07   25.6   0.8   1   4    0.0013     0.016    9.6   0.1    63   110   549   596   541   651 0.70 -
JAACPG010002242_1:58-3246     -           1004 779909at2759         -            227     2e-07   25.6   0.8   2   4    0.0026     0.032    8.6   0.0    46   106   700   761   666   770 0.80 -
JAACPG010002242_1:58-3246     -           1004 779909at2759         -            227     2e-07   25.6   0.8   3   4      0.43       5.2    1.4   0.0     3    18   893   908   885   923 0.69 -
JAACPG010002242_1:58-3246     -           1004 779909at2759         -            227     2e-07   25.6   0.8   4   4       3.7        45   -1.7   0.0    81    93   991  1003   982  1004 0.69 -
JAACPG010002365_1:6624-7316   -            231 779909at2759         -            227   2.2e-07   25.5   0.0   1   2   8.8e-05    0.0011   13.4   0.0    46    99    81   137    59   141 0.82 -
JAACPG010002365_1:6624-7316   -            231 779909at2759         -            227   2.2e-07   25.5   0.0   2   2     0.001     0.012   10.0   0.0    54    95   139   180   135   184 0.93 -
JAACPG010003249_1:2745-3077   -            111 779909at2759         -            227     3e-07   25.0   0.0   1   1   1.4e-07   1.8e-06   22.5   0.0     2    75    19    97    18   101 0.64 -
JAACPG010000857_1:1136-1681   -            182 779909at2759         -            227   9.6e-07   23.4   0.1   1   2   3.9e-07   4.8e-06   21.1   0.0    47    94    10    61     7    71 0.83 -
JAACPG010000857_1:1136-1681   -            182 779909at2759         -            227   9.6e-07   23.4   0.1   2   2       1.3        16   -0.2   0.0    31   114   143   158   121   178 0.48 -
JAACPG010000260_1:1-3099      -           1033 779909at2759         -            227   1.1e-06   23.2   0.0   1   4      0.25       3.1    2.1   0.0    66    96   124   161    95   170 0.64 -
JAACPG010000260_1:1-3099      -           1033 779909at2759         -            227   1.1e-06   23.2   0.0   2   4       1.8        22   -0.7   0.0    81   189   272   294   254   304 0.65 -
JAACPG010000260_1:1-3099      -           1033 779909at2759         -            227   1.1e-06   23.2   0.0   3   4       3.7        45   -1.7   0.0    68    97   487   516   472   524 0.73 -
JAACPG010000260_1:1-3099      -           1033 779909at2759         -            227   1.1e-06   23.2   0.0   4   4   2.3e-05   0.00028   15.3   0.0    64   115   575   627   555   664 0.78 -
JAACPG010001484_1:3979-4569   -            197 779909at2759         -            227   1.6e-06   22.6   0.0   1   1   3.3e-07     4e-06   21.4   0.0    59    96     3    40     1    50 0.91 -
JAACPG010000278_1:10422-11102 -            227 779909at2759         -            227   2.4e-06   22.1   1.0   1   3   1.7e-05   0.00021   15.8   0.3    75   130    59   129    37   136 0.70 -
JAACPG010000278_1:10422-11102 -            227 779909at2759         -            227   2.4e-06   22.1   1.0   2   3    0.0028     0.034    8.5   0.0    72   110   101   140    88   154 0.66 -
JAACPG010000278_1:10422-11102 -            227 779909at2759         -            227   2.4e-06   22.1   1.0   3   3      0.95        12    0.2   0.0    47    93   171   222   141   225 0.52 -
JAACPG010001290_1:1795-2661   -            289 779909at2759         -            227   3.7e-06   21.5   1.2   1   4     0.035      0.43    4.9   0.0    69    96     5    32     2    54 0.86 -
JAACPG010001290_1:1795-2661   -            289 779909at2759         -            227   3.7e-06   21.5   1.2   2   4     0.048      0.59    4.5   0.0    81    99    89   107    81   119 0.74 -
JAACPG010001290_1:1795-2661   -            289 779909at2759         -            227   3.7e-06   21.5   1.2   3   4     0.039      0.47    4.8   0.1    64    97   173   205   146   209 0.82 -
JAACPG010001290_1:1795-2661   -            289 779909at2759         -            227   3.7e-06   21.5   1.2   4   4      0.18       2.2    2.6   0.0    78    99   237   258   229   270 0.76 -
JAACPG010001331_1:1452-2096   -            215 779909at2759         -            227   6.2e-06   20.8   0.0   1   2   5.9e-06   7.2e-05   17.3   0.0    45    94   114   163    71   171 0.85 -
JAACPG010001331_1:1452-2096   -            215 779909at2759         -            227   6.2e-06   20.8   0.0   2   2      0.47       5.8    1.2   0.0    69    93   190   215   175   215 0.51 -
JAACPG010002968_1:1212-1709   -            166 779909at2759         -            227   8.8e-06   20.2   0.0   1   2   0.00083      0.01   10.2   0.0    80   109    27    56     7    87 0.72 -
JAACPG010002968_1:1212-1709   -            166 779909at2759         -            227   8.8e-06   20.2   0.0   2   2    0.0035     0.043    8.2   0.0    60    94   130   166    95   166 0.82 -
JAACPG010002083_1:351-2690    -            780 779909at2759         -            227   1.7e-05   19.3   0.2   1   2    0.0024      0.03    8.7   0.0    46   108    97   169    93   178 0.65 -
JAACPG010002083_1:351-2690    -            780 779909at2759         -            227   1.7e-05   19.3   0.2   2   2     0.026      0.31    5.4   0.2    80   179   245   348   198   352 0.49 -
JAACPG010001511_1:2624-3304   -            227 779909at2759         -            227   1.9e-05   19.2   0.0   1   4      0.58       7.1    0.9   0.0    82    96     2    16     1    23 0.77 -
JAACPG010001511_1:2624-3304   -            227 779909at2759         -            227   1.9e-05   19.2   0.0   2   4    0.0011     0.014    9.8   0.0    47    97    10    61     8    76 0.80 -
JAACPG010001511_1:2624-3304   -            227 779909at2759         -            227   1.9e-05   19.2   0.0   3   4     0.096       1.2    3.5   0.0     4    29   114   139    89   156 0.75 -
JAACPG010001511_1:2624-3304   -            227 779909at2759         -            227   1.9e-05   19.2   0.0   4   4      0.76       9.3    0.5   0.0    79    95   207   223   188   226 0.60 -
JAACPG010001562_1:2158-2748   -            197 779909at2759         -            227     5e-05   17.8   0.0   1   2      0.12       1.5    3.1   0.0    83    97    80    94    67   100 0.88 -
JAACPG010001562_1:2158-2748   -            197 779909at2759         -            227     5e-05   17.8   0.0   2   2   0.00017    0.0021   12.5   0.0    66   113   126   173   118   195 0.84 -
JAACPG010002960_1:7884-8441   -            186 779909at2759         -            227   5.1e-05   17.7   0.1   1   2    0.0014     0.017    9.5   0.0    65   101     2    39     1    53 0.82 -
JAACPG010002960_1:7884-8441   -            186 779909at2759         -            227   5.1e-05   17.7   0.1   2   2     0.013      0.16    6.3   0.0    99   126   141   168   122   183 0.79 -
JAACPG010000184_1:14-193      -             60 779909at2759         -            227   0.00027   15.4   0.0   1   2   8.4e-05     0.001   13.5   0.0    82   107     2    28     1    41 0.76 -
JAACPG010000184_1:14-193      -             60 779909at2759         -            227   0.00027   15.4   0.0   2   2       1.5        18   -0.4   0.0     3    16    45    58    43    60 0.68 -
JAACPG010000837_1:5234-5476   -             81 779909at2759         -            227    0.0026   12.2   0.0   1   2     0.042      0.52    4.6   0.0    81   107    15    43     5    61 0.54 -
JAACPG010000837_1:5234-5476   -             81 779909at2759         -            227    0.0026   12.2   0.0   2   2     0.037      0.45    4.8   0.0     6    21    64    79    57    80 0.78 -
#
# Program:         hmmsearch
# Version:         3.1b2 (February 2015)
# Pipeline mode:   SEARCH
# Query file:      /Users/aholzer/ownCloud/PhD/Publications/2021 Liavero-Pasquina et al./analysis/TPP_aptamer_search/busco_downloads/lineages/eukaryota_odb10/hmms/779909at2759.hmm
# Target file:     /Users/aholzer/ownCloud/PhD/Publications/2021 Liavero-Pasquina et al./analysis/TPP_aptamer_search/genomes/BUSCO_eukaryota_obd10/Bacillariophyta_sp_ASM1036717v1/run_eukaryota_odb10/metaeuk_output/initial_results/GCA_010367175.1_ASM1036717v1_genomic.fna.modified.fas
# Option settings: hmmsearch --domtblout /Users/aholzer/ownCloud/PhD/Publications/2021 Liavero-Pasquina et al./analysis/TPP_aptamer_search/genomes/BUSCO_eukaryota_obd10/Bacillariophyta_sp_ASM1036717v1/run_eukaryota_odb10/hmmer_output/initial_run_results/779909at2759.out --cpu 1 /Users/aholzer/ownCloud/PhD/Publications/2021 Liavero-Pasquina et al./analysis/TPP_aptamer_search/busco_downloads/lineages/eukaryota_odb10/hmms/779909at2759.hmm /Users/aholzer/ownCloud/PhD/Publications/2021 Liavero-Pasquina et al./analysis/TPP_aptamer_search/genomes/BUSCO_eukaryota_obd10/Bacillariophyta_sp_ASM1036717v1/run_eukaryota_odb10/metaeuk_output/initial_results/GCA_010367175.1_ASM1036717v1_genomic.fna.modified.fas 
# Current dir:     /Users/aholzer/ownCloud/PhD/Publications/2021 Liavero-Pasquina et al./analysis/TPP_aptamer_search
# Date:            Mon Apr 19 14:30:22 2021
# [ok]
