#                                                                                    --- full sequence --- -------------- this domain -------------   hmm coord   ali coord   env coord
# target name                accession   tlen query name           accession   qlen   E-value  score  bias   #  of  c-Evalue  i-Evalue  score  bias  from    to  from    to  from    to  acc description of target
#        ------------------- ---------- ----- -------------------- ---------- ----- --------- ------ ----- --- --- --------- --------- ------ ----- ----- ----- ----- ----- ----- ----- ---- ---------------------
JAACPG010000411_1:981-1751   -            257 937275at2759         -             94   1.3e-06   23.2   0.7   1   4     0.057       1.7    3.6   0.0    73    94    30    51    13    51 0.88 -
JAACPG010000411_1:981-1751   -            257 937275at2759         -             94   1.3e-06   23.2   0.7   2   4    0.0099       0.3    6.0   0.0    72    90    97   115    91   119 0.87 -
JAACPG010000411_1:981-1751   -            257 937275at2759         -             94   1.3e-06   23.2   0.7   3   4    0.0069      0.21    6.5   0.0    67    91   191   216   189   219 0.78 -
JAACPG010000411_1:981-1751   -            257 937275at2759         -             94   1.3e-06   23.2   0.7   4   4       0.2       6.1    1.8   0.0    45    59   239   253   231   257 0.79 -
JAACPG010000755_1:9669-10688 -            340 937275at2759         -             94   1.7e-06   22.8   7.8   1   6      0.77        23   -0.1   0.0    18    36    53    71    39    73 0.58 -
JAACPG010000755_1:9669-10688 -            340 937275at2759         -             94   1.7e-06   22.8   7.8   2   6    0.0044      0.13    7.1   0.1    74    90    88   104    83   107 0.88 -
JAACPG010000755_1:9669-10688 -            340 937275at2759         -             94   1.7e-06   22.8   7.8   3   6      0.42        13    0.8   0.0    76    88   185   197   183   200 0.88 -
JAACPG010000755_1:9669-10688 -            340 937275at2759         -             94   1.7e-06   22.8   7.8   4   6      0.19       5.8    1.9   0.0    27    42   201   216   198   221 0.86 -
JAACPG010000755_1:9669-10688 -            340 937275at2759         -             94   1.7e-06   22.8   7.8   5   6    0.0021     0.064    8.1   0.0    71    90   223   242   215   246 0.84 -
JAACPG010000755_1:9669-10688 -            340 937275at2759         -             94   1.7e-06   22.8   7.8   6   6     0.068       2.1    3.3   0.0    73    89   322   338   298   340 0.81 -
JAACPG010002894_1:1423-2538  -            372 937275at2759         -             94   1.1e-05   20.2   8.3   1   6     0.032      0.97    4.4   0.0    76    91    28    43    19    46 0.88 -
JAACPG010002894_1:1423-2538  -            372 937275at2759         -             94   1.1e-05   20.2   8.3   2   6      0.31       9.6    1.2   0.0    75    90    99   114    76   117 0.86 -
JAACPG010002894_1:1423-2538  -            372 937275at2759         -             94   1.1e-05   20.2   8.3   3   6    0.0078      0.24    6.3   0.0    64    91   128   155   124   158 0.78 -
JAACPG010002894_1:1423-2538  -            372 937275at2759         -             94   1.1e-05   20.2   8.3   4   6    0.0062      0.19    6.6   0.0    73    93   179   199   175   200 0.89 -
JAACPG010002894_1:1423-2538  -            372 937275at2759         -             94   1.1e-05   20.2   8.3   5   6       1.1        32   -0.5   0.0    75    89   260   274   257   276 0.84 -
JAACPG010002894_1:1423-2538  -            372 937275at2759         -             94   1.1e-05   20.2   8.3   6   6      0.62        19    0.2   0.0     9    35   306   332   302   356 0.74 -
JAACPG010001556_1:2326-5544  -           1073 937275at2759         -             94   1.7e-05   19.6  12.1   1   7     0.013       0.4    5.6   0.1    73    90   194   211   191   214 0.90 -
JAACPG010001556_1:2326-5544  -           1073 937275at2759         -             94   1.7e-05   19.6  12.1   2   7     0.046       1.4    3.9   0.0    68    93   234   259   226   260 0.83 -
JAACPG010001556_1:2326-5544  -           1073 937275at2759         -             94   1.7e-05   19.6  12.1   3   7     0.064       1.9    3.4   0.0    70    90   285   305   278   308 0.84 -
JAACPG010001556_1:2326-5544  -           1073 937275at2759         -             94   1.7e-05   19.6  12.1   4   7      0.21       6.3    1.8   0.1    73    89   682   698   636   700 0.90 -
JAACPG010001556_1:2326-5544  -           1073 937275at2759         -             94   1.7e-05   19.6  12.1   5   7     0.068       2.1    3.3   0.1    75    89   796   810   792   814 0.88 -
JAACPG010001556_1:2326-5544  -           1073 937275at2759         -             94   1.7e-05   19.6  12.1   6   7       0.2       6.2    1.8   0.0    74    88   837   851   827   857 0.85 -
JAACPG010001556_1:2326-5544  -           1073 937275at2759         -             94   1.7e-05   19.6  12.1   7   7       1.2        35   -0.6   0.0    75    88   882   895   877   898 0.90 -
JAACPG010003155_1:769-1242   -            158 937275at2759         -             94   4.5e-05   18.2   0.8   1   5       2.9        88   -1.9   0.0    81    89     2    10     1    15 0.81 -
JAACPG010003155_1:769-1242   -            158 937275at2759         -             94   4.5e-05   18.2   0.8   2   5         3        90   -2.0   0.0    33    46    25    38    21    55 0.62 -
JAACPG010003155_1:769-1242   -            158 937275at2759         -             94   4.5e-05   18.2   0.8   3   5      0.23         7    1.6   0.0    75    91    44    60    37    63 0.85 -
JAACPG010003155_1:769-1242   -            158 937275at2759         -             94   4.5e-05   18.2   0.8   4   5     0.005      0.15    6.9   0.0    64    91    75   102    72   105 0.92 -
JAACPG010003155_1:769-1242   -            158 937275at2759         -             94   4.5e-05   18.2   0.8   5   5     0.015      0.44    5.4   0.1    74    91   127   144   107   147 0.88 -
JAACPG010002805_1:3308-3538  -             77 937275at2759         -             94   5.7e-05   17.9   1.2   1   2   0.00027    0.0082   11.0   0.1    74    90    17    33     1    37 0.87 -
JAACPG010002805_1:3308-3538  -             77 937275at2759         -             94   5.7e-05   17.9   1.2   2   2     0.009      0.27    6.1   0.1    74    89    60    75    39    77 0.84 -
JAACPG010000763_1:899-1567   -            223 937275at2759         -             94   0.00036   15.3   0.0   1   3    0.0011     0.034    9.0   0.0    73    90    50    67    32    70 0.87 -
JAACPG010000763_1:899-1567   -            223 937275at2759         -             94   0.00036   15.3   0.0   2   3     0.071       2.2    3.2   0.0    59    91   126   158   115   161 0.85 -
JAACPG010000763_1:899-1567   -            223 937275at2759         -             94   0.00036   15.3   0.0   3   3       5.2   1.6e+02   -2.7   0.0    77    87   189   199   187   201 0.81 -
JAACPG010000758_1:9583-10986 -            468 937275at2759         -             94   0.00075   14.3   0.0   1   3    0.0033       0.1    7.5   0.0    75    92    83   100    76   102 0.87 -
JAACPG010000758_1:9583-10986 -            468 937275at2759         -             94   0.00075   14.3   0.0   2   3       2.3        69   -1.6   0.0    75    90   126   141   124   144 0.84 -
JAACPG010000758_1:9583-10986 -            468 937275at2759         -             94   0.00075   14.3   0.0   3   3      0.12       3.7    2.5   0.0    73    89   362   378   351   382 0.79 -
JAACPG010000484_1:1398-2915  -            472 937275at2759         -             94    0.0011   13.7   4.0   1   4       1.9        58   -1.3   0.0    74    92   101   119   100   121 0.84 -
JAACPG010000484_1:1398-2915  -            472 937275at2759         -             94    0.0011   13.7   4.0   2   4     0.028      0.86    4.5   0.1    74    91   185   202   178   204 0.88 -
JAACPG010000484_1:1398-2915  -            472 937275at2759         -             94    0.0011   13.7   4.0   3   4       0.3         9    1.2   0.1    73    88   226   241   218   244 0.86 -
JAACPG010000484_1:1398-2915  -            472 937275at2759         -             94    0.0011   13.7   4.0   4   4     0.064         2    3.4   0.0    71    89   309   327   244   330 0.52 -
JAACPG010001484_1:4682-5041  -            120 937275at2759         -             94    0.0018   13.1   0.7   1   3     0.055       1.7    3.6   0.1    75    88    17    30    10    32 0.90 -
JAACPG010001484_1:4682-5041  -            120 937275at2759         -             94    0.0018   13.1   0.7   2   3      0.19       5.8    1.9   0.1    73    89    59    75    39    79 0.83 -
JAACPG010001484_1:4682-5041  -            120 937275at2759         -             94    0.0018   13.1   0.7   3   3     0.029      0.87    4.5   0.0    75    89   105   119    84   120 0.91 -
JAACPG010002132_1:808-1470   -            221 937275at2759         -             94    0.0019   13.0   7.4   1   4    0.0066       0.2    6.6   0.1    74    89    31    46    27    51 0.90 -
JAACPG010002132_1:808-1470   -            221 937275at2759         -             94    0.0019   13.0   7.4   2   4     0.015      0.45    5.4   0.3    59    91    65    95    48    98 0.66 -
JAACPG010002132_1:808-1470   -            221 937275at2759         -             94    0.0019   13.0   7.4   3   4      0.17       5.2    2.0   0.0    76    90   122   136   102   138 0.88 -
JAACPG010002132_1:808-1470   -            221 937275at2759         -             94    0.0019   13.0   7.4   4   4       1.5        45   -1.0   0.1    78    90   164   176   159   180 0.79 -
JAACPG010001511_1:2624-3304  -            227 937275at2759         -             94    0.0026   12.6   3.2   1   5      0.25       7.5    1.5   0.1    75    89     1    15     1    19 0.86 -
JAACPG010001511_1:2624-3304  -            227 937275at2759         -             94    0.0026   12.6   3.2   2   5     0.018      0.55    5.2   0.0    75    90    45    60    22    62 0.91 -
JAACPG010001511_1:2624-3304  -            227 937275at2759         -             94    0.0026   12.6   3.2   3   5       8.9   2.7e+02   -3.5   0.0    66    75    92   101    75   104 0.66 -
JAACPG010001511_1:2624-3304  -            227 937275at2759         -             94    0.0026   12.6   3.2   4   5      0.66        20    0.1   0.1    75    88   113   126   109   132 0.87 -
JAACPG010001511_1:2624-3304  -            227 937275at2759         -             94    0.0026   12.6   3.2   5   5      0.12       3.8    2.5   0.0    73    89   207   223   198   225 0.87 -
JAACPG010002958_1:8119-9168  -            350 937275at2759         -             94    0.0044   11.9   1.5   1   4         1        32   -0.5   0.0    74    90    24    40    20    43 0.84 -
JAACPG010002958_1:8119-9168  -            350 937275at2759         -             94    0.0044   11.9   1.5   2   4     0.022      0.66    4.9   0.1    73    89   107   123   103   127 0.93 -
JAACPG010002958_1:8119-9168  -            350 937275at2759         -             94    0.0044   11.9   1.5   3   4     0.088       2.7    2.9   0.0    75    90   152   167   141   170 0.89 -
JAACPG010002958_1:8119-9168  -            350 937275at2759         -             94    0.0044   11.9   1.5   4   4       8.7   2.6e+02   -3.4   0.0     6    25   281   301   278   305 0.57 -
JAACPG010001889_1:1355-2617  -            421 937275at2759         -             94     0.061    8.2   6.0   1   4      0.32       9.8    1.1   0.1    73    89   174   190   165   193 0.86 -
JAACPG010001889_1:1355-2617  -            421 937275at2759         -             94     0.061    8.2   6.0   2   4      0.36        11    1.0   0.1    73    89   265   281   259   285 0.86 -
JAACPG010001889_1:1355-2617  -            421 937275at2759         -             94     0.061    8.2   6.0   3   4      0.31       9.5    1.2   0.0    75    91   309   325   297   328 0.77 -
JAACPG010001889_1:1355-2617  -            421 937275at2759         -             94     0.061    8.2   6.0   4   4     0.046       1.4    3.8   0.1    74    89   359   374   323   377 0.73 -
JAACPG010003249_1:1963-2595  -            211 937275at2759         -             94     0.074    7.9   7.7   1   5     0.012      0.35    5.8   0.1    70    89    13    32     5    34 0.85 -
JAACPG010003249_1:1963-2595  -            211 937275at2759         -             94     0.074    7.9   7.7   2   5       5.8   1.8e+02   -2.9   0.1    75    87    73    85    59    86 0.68 -
JAACPG010003249_1:1963-2595  -            211 937275at2759         -             94     0.074    7.9   7.7   3   5     0.026      0.78    4.7   0.1    72    89   111   128   102   131 0.81 -
JAACPG010003249_1:1963-2595  -            211 937275at2759         -             94     0.074    7.9   7.7   4   5       4.2   1.3e+02   -2.4   0.0    75    88   157   170   154   175 0.72 -
JAACPG010003249_1:1963-2595  -            211 937275at2759         -             94     0.074    7.9   7.7   5   5       1.3        40   -0.8   0.1    75    87   199   211   172   211 0.73 -
JAACPG010003177_1:3919-4869  -            317 937275at2759         -             94      0.16    6.9   5.3   1   4      0.88        27   -0.3   0.1    75    90    13    28     7    31 0.86 -
JAACPG010003177_1:3919-4869  -            317 937275at2759         -             94      0.16    6.9   5.3   2   4     0.028      0.86    4.5   0.1    73    89    60    76    58    79 0.91 -
JAACPG010003177_1:3919-4869  -            317 937275at2759         -             94      0.16    6.9   5.3   3   4      0.19       5.7    1.9   0.1    73    89   106   122   100   124 0.88 -
JAACPG010003177_1:3919-4869  -            317 937275at2759         -             94      0.16    6.9   5.3   4   4       5.4   1.6e+02   -2.8   0.0    75    88   240   253   234   254 0.79 -
#
# Program:         hmmsearch
# Version:         3.1b2 (February 2015)
# Pipeline mode:   SEARCH
# Query file:      /Users/aholzer/ownCloud/PhD/Publications/2021 Liavero-Pasquina et al./analysis/TPP_aptamer_search/busco_downloads/lineages/eukaryota_odb10/hmms/937275at2759.hmm
# Target file:     /Users/aholzer/ownCloud/PhD/Publications/2021 Liavero-Pasquina et al./analysis/TPP_aptamer_search/genomes/BUSCO_eukaryota_obd10/Bacillariophyta_sp_ASM1036717v1/run_eukaryota_odb10/metaeuk_output/initial_results/GCA_010367175.1_ASM1036717v1_genomic.fna.modified.fas
# Option settings: hmmsearch --domtblout /Users/aholzer/ownCloud/PhD/Publications/2021 Liavero-Pasquina et al./analysis/TPP_aptamer_search/genomes/BUSCO_eukaryota_obd10/Bacillariophyta_sp_ASM1036717v1/run_eukaryota_odb10/hmmer_output/initial_run_results/937275at2759.out --cpu 1 /Users/aholzer/ownCloud/PhD/Publications/2021 Liavero-Pasquina et al./analysis/TPP_aptamer_search/busco_downloads/lineages/eukaryota_odb10/hmms/937275at2759.hmm /Users/aholzer/ownCloud/PhD/Publications/2021 Liavero-Pasquina et al./analysis/TPP_aptamer_search/genomes/BUSCO_eukaryota_obd10/Bacillariophyta_sp_ASM1036717v1/run_eukaryota_odb10/metaeuk_output/initial_results/GCA_010367175.1_ASM1036717v1_genomic.fna.modified.fas 
# Current dir:     /Users/aholzer/ownCloud/PhD/Publications/2021 Liavero-Pasquina et al./analysis/TPP_aptamer_search
# Date:            Mon Apr 19 14:30:26 2021
# [ok]
