#                                                                                  --- full sequence --- -------------- this domain -------------   hmm coord   ali coord   env coord
# target name              accession   tlen query name           accession   qlen   E-value  score  bias   #  of  c-Evalue  i-Evalue  score  bias  from    to  from    to  from    to  acc description of target
#      ------------------- ---------- ----- -------------------- ---------- ----- --------- ------ ----- --- --- --------- --------- ------ ----- ----- ----- ----- ----- ----- ----- ---- ---------------------
WKLE02000186_1:37073-39076 -            668 464990at2759         -            394   4.1e-52  171.8  24.6   1   5   7.5e-08   1.1e-06   22.3   0.0    30    94    95   176    80   183 0.79 -
WKLE02000186_1:37073-39076 -            668 464990at2759         -            394   4.1e-52  171.8  24.6   2   5   9.2e-30   1.3e-28   94.4   0.0   100   250   208   388   190   392 0.81 -
WKLE02000186_1:37073-39076 -            668 464990at2759         -            394   4.1e-52  171.8  24.6   3   5   2.9e-14   4.1e-13   43.4   0.0   249   311   406   469   401   488 0.83 -
WKLE02000186_1:37073-39076 -            668 464990at2759         -            394   4.1e-52  171.8  24.6   4   5      0.14         2    1.7   0.1   303   319   510   526   505   552 0.74 -
WKLE02000186_1:37073-39076 -            668 464990at2759         -            394   4.1e-52  171.8  24.6   5   5   0.00061    0.0088    9.4  17.6   304   393   578   668   575   668 0.75 -
WKLE02001169_1:47373-49187 -            605 464990at2759         -            394   9.6e-22   71.9   0.1   1   2   1.2e-10   1.8e-09   31.5   0.0    31   202   218   430   189   439 0.73 -
WKLE02001169_1:47373-49187 -            605 464990at2759         -            394   9.6e-22   71.9   0.1   2   2   8.6e-12   1.2e-10   35.3   0.0   215   323   471   598   464   605 0.77 -
WKLE02000682_1:192-1049    -            286 464990at2759         -            394     2e-12   41.2   0.9   1   4   0.00069    0.0099    9.3   0.0   221   266     9    62     4    67 0.77 -
WKLE02000682_1:192-1049    -            286 464990at2759         -            394     2e-12   41.2   0.9   2   4   0.00023    0.0033   10.8   0.0   209   269    81   149    71   161 0.77 -
WKLE02000682_1:192-1049    -            286 464990at2759         -            394     2e-12   41.2   0.9   3   4   0.00029    0.0041   10.5   0.0   209   269   123   191   121   203 0.75 -
WKLE02000682_1:192-1049    -            286 464990at2759         -            394     2e-12   41.2   0.9   4   4   0.00011    0.0016   11.9   0.0   183   266   180   272   176   285 0.69 -
WKLE02001713_1:81-671      -            197 464990at2759         -            394   7.8e-12   39.2   0.8   1   3   0.00095     0.014    8.8   0.0   220   269     6    62     2    64 0.74 -
WKLE02001713_1:81-671      -            197 464990at2759         -            394   7.8e-12   39.2   0.8   2   3   1.4e-06     2e-05   18.1   0.1     7    65    66   128    63   133 0.82 -
WKLE02001713_1:81-671      -            197 464990at2759         -            394   7.8e-12   39.2   0.8   3   3   8.1e-05    0.0012   12.3   0.0    15    59   117   163   116   176 0.83 -
WKLE02000872_1:9661-10419  -            253 464990at2759         -            394     2e-11   37.9   2.7   1   6      0.15       2.2    1.5   0.0    31    58     9    38     6    47 0.70 -
WKLE02000872_1:9661-10419  -            253 464990at2759         -            394     2e-11   37.9   2.7   2   6   3.8e-05   0.00054   13.4   0.1    13    66    33    88    20    93 0.82 -
WKLE02000872_1:9661-10419  -            253 464990at2759         -            394     2e-11   37.9   2.7   3   6    0.0071       0.1    5.9   0.0    15    57    77   121    76   131 0.81 -
WKLE02000872_1:9661-10419  -            253 464990at2759         -            394     2e-11   37.9   2.7   4   6     7e-05     0.001   12.5   0.1    10    57   113   163   104   176 0.82 -
WKLE02000872_1:9661-10419  -            253 464990at2759         -            394     2e-11   37.9   2.7   5   6     0.036      0.52    3.6   0.0    32    59   185   214   180   226 0.77 -
WKLE02000872_1:9661-10419  -            253 464990at2759         -            394     2e-11   37.9   2.7   6   6      0.01      0.15    5.4   0.0    14    56   209   253   200   253 0.78 -
WKLE02000680_1:24985-25842 -            286 464990at2759         -            394   1.5e-10   35.0   0.4   1   4   7.8e-05    0.0011   12.4   0.0   180   266     9   104     3   107 0.73 -
WKLE02000680_1:24985-25842 -            286 464990at2759         -            394   1.5e-10   35.0   0.4   2   4   0.00021     0.003   11.0   0.0   209   267    81   147    78   157 0.76 -
WKLE02000680_1:24985-25842 -            286 464990at2759         -            394   1.5e-10   35.0   0.4   3   4     0.063      0.91    2.8   0.0    14    63   161   212   147   216 0.64 -
WKLE02000680_1:24985-25842 -            286 464990at2759         -            394   1.5e-10   35.0   0.4   4   4    0.0003    0.0043   10.4   0.0   181   267   178   273   165   283 0.71 -
WKLE02006381_1:622-1455    -            278 464990at2759         -            394   2.9e-09   30.8   0.1   1   4   3.9e-05   0.00056   13.4   0.0   182   266    11   104     2   115 0.71 -
WKLE02006381_1:622-1455    -            278 464990at2759         -            394   2.9e-09   30.8   0.1   2   4     0.013      0.18    5.1   0.0   209   266    81   146    71   162 0.76 -
WKLE02006381_1:622-1455    -            278 464990at2759         -            394   2.9e-09   30.8   0.1   3   4    0.0025     0.036    7.4   0.0   209   269   123   191   119   204 0.71 -
WKLE02006381_1:622-1455    -            278 464990at2759         -            394   2.9e-09   30.8   0.1   4   4   0.00035     0.005   10.2   0.0   217   271   173   235   161   245 0.75 -
WKLE02000293_1:20352-21176 -            275 464990at2759         -            394     6e-09   29.7   0.7   1   5      0.19       2.7    1.2   0.0   255   291     2    32     1    35 0.70 -
WKLE02000293_1:20352-21176 -            275 464990at2759         -            394     6e-09   29.7   0.7   2   5     0.057      0.82    2.9   0.0   175   189    38    52    30    74 0.67 -
WKLE02000293_1:20352-21176 -            275 464990at2759         -            394     6e-09   29.7   0.7   3   5    0.0027     0.039    7.3   0.0   217   250   124   157   115   182 0.77 -
WKLE02000293_1:20352-21176 -            275 464990at2759         -            394     6e-09   29.7   0.7   4   5   0.00022    0.0031   10.9   0.0   206   248   208   250   166   258 0.79 -
WKLE02000293_1:20352-21176 -            275 464990at2759         -            394     6e-09   29.7   0.7   5   5         2        28   -2.1   0.0   174   188   258   272   253   274 0.80 -
WKLE02002750_1:61448-62158 -            237 464990at2759         -            394   1.5e-08   28.4   3.4   1   3      0.11       1.5    2.1   0.0   255   285     7    31     2    42 0.71 -
WKLE02002750_1:61448-62158 -            237 464990at2759         -            394   1.5e-08   28.4   3.4   2   3   5.3e-06   7.6e-05   16.2   0.3   182   285    51   157    48   167 0.77 -
WKLE02002750_1:61448-62158 -            237 464990at2759         -            394   1.5e-08   28.4   3.4   3   3   7.2e-05     0.001   12.5   0.1   180   266   133   228   131   232 0.76 -
WKLE02005502_1:10178-10645 -            156 464990at2759         -            394   2.1e-07   24.6   0.0   1   3    0.0014      0.02    8.2   0.0   209   254     8    53     5    55 0.87 -
WKLE02005502_1:10178-10645 -            156 464990at2759         -            394   2.1e-07   24.6   0.0   2   3   3.5e-06     5e-05   16.8   0.0   178   266    18   115    18   120 0.81 -
WKLE02005502_1:10178-10645 -            156 464990at2759         -            394   2.1e-07   24.6   0.0   3   3      0.11       1.6    2.0   0.0   221   247   127   153   122   156 0.78 -
WKLE02003975_1:2145-2585   -            147 464990at2759         -            394   2.9e-07   24.2   0.0   1   2    0.0021      0.03    7.7   0.0   222   252    36    67    12    73 0.76 -
WKLE02003975_1:2145-2585   -            147 464990at2759         -            394   2.9e-07   24.2   0.0   2   2   1.4e-06     2e-05   18.1   0.0   180   276    35   142    34   144 0.77 -
WKLE02000061_1:19128-20102 -            325 464990at2759         -            394     3e-07   24.1   0.1   1   4    0.0052     0.076    6.3   0.0   222   246    70    94    63    99 0.90 -
WKLE02000061_1:19128-20102 -            325 464990at2759         -            394     3e-07   24.1   0.1   2   4     0.045      0.64    3.3   0.0   216   269   145   207   140   215 0.72 -
WKLE02000061_1:19128-20102 -            325 464990at2759         -            394     3e-07   24.1   0.1   3   4    0.0047     0.068    6.5   0.0   207   247   221   261   192   268 0.78 -
WKLE02000061_1:19128-20102 -            325 464990at2759         -            394     3e-07   24.1   0.1   4   4      0.07         1    2.6   0.0   222   246   300   324   283   325 0.83 -
WKLE02000687_1:18448-19377 -            310 464990at2759         -            394   3.6e-07   23.9   3.6   1   4   2.8e-05   0.00041   13.8   0.1   179   286     2   111     1   115 0.77 -
WKLE02000687_1:18448-19377 -            310 464990at2759         -            394   3.6e-07   23.9   3.6   2   4   0.00013    0.0019   11.6   0.4   181   268    87   183    85   206 0.79 -
WKLE02000687_1:18448-19377 -            310 464990at2759         -            394   3.6e-07   23.9   3.6   3   4     0.036      0.52    3.6   0.1   223   269   130   184   127   238 0.52 -
WKLE02000687_1:18448-19377 -            310 464990at2759         -            394   3.6e-07   23.9   3.6   4   4     0.055       0.8    3.0   0.0    16    60   240   286   227   294 0.64 -
WKLE02002975_1:418-1158    -            247 464990at2759         -            394   1.2e-06   22.1   0.4   1   3     0.011      0.16    5.2   0.0   218   269     3    62     1    66 0.79 -
WKLE02002975_1:418-1158    -            247 464990at2759         -            394   1.2e-06   22.1   0.4   2   3      0.28       4.1    0.6   0.0   216   247    85   116    71   123 0.72 -
WKLE02002975_1:418-1158    -            247 464990at2759         -            394   1.2e-06   22.1   0.4   3   3   9.4e-05    0.0014   12.1   0.0   179   250   131   203   124   222 0.88 -
WKLE02006493_1:1195-2055   -            287 464990at2759         -            394   3.6e-06   20.6   0.4   1   5       2.6        37   -2.5   0.0   233   248     2    17     1    20 0.82 -
WKLE02006493_1:1195-2055   -            287 464990at2759         -            394   3.6e-06   20.6   0.4   2   5      0.87        13   -1.0   0.0   222   248    95   121    83   126 0.81 -
WKLE02006493_1:1195-2055   -            287 464990at2759         -            394   3.6e-06   20.6   0.4   3   5    0.0077      0.11    5.8   0.0   223   251   139   167   132   174 0.88 -
WKLE02006493_1:1195-2055   -            287 464990at2759         -            394   3.6e-06   20.6   0.4   4   5    0.0014     0.021    8.2   0.0   222   250   180   208   166   216 0.82 -
WKLE02006493_1:1195-2055   -            287 464990at2759         -            394   3.6e-06   20.6   0.4   5   5      0.19       2.7    1.2   0.0   223   250   223   251   215   256 0.80 -
WKLE02002948_1:10703-11407 -            235 464990at2759         -            394   9.6e-06   19.2   0.0   1   3   0.00069      0.01    9.2   0.0   221   254    25    58     9    64 0.77 -
WKLE02002948_1:10703-11407 -            235 464990at2759         -            394   9.6e-06   19.2   0.0   2   3    0.0088      0.13    5.6   0.0   172   234    65   126    56   145 0.49 -
WKLE02002948_1:10703-11407 -            235 464990at2759         -            394   9.6e-06   19.2   0.0   3   3      0.41         6    0.1   0.0   220   238   182   200   178   220 0.79 -
WKLE02002382_1:3-422       -            140 464990at2759         -            394   1.5e-05   18.5   0.0   1   1   1.8e-05   0.00027   14.4   0.0   183   267     5    98     1   120 0.63 -
WKLE02005065_1:2177-3070   -            298 464990at2759         -            394   1.6e-05   18.4   0.0   1   3     0.087       1.2    2.3   0.0   218   246    65    93    55    99 0.56 -
WKLE02005065_1:2177-3070   -            298 464990at2759         -            394   1.6e-05   18.4   0.0   2   3     0.014      0.21    4.9   0.0   159   194    92   126    83   130 0.83 -
WKLE02005065_1:2177-3070   -            298 464990at2759         -            394   1.6e-05   18.4   0.0   3   3     0.001     0.015    8.7   0.0   221   270   214   272   206   278 0.77 -
WKLE02003647_1:19399-19869 -            157 464990at2759         -            394     3e-05   17.5   0.0   1   2   4.1e-05   0.00059   13.3   0.0   220   247     5    32     2    41 0.90 -
WKLE02003647_1:19399-19869 -            157 464990at2759         -            394     3e-05   17.5   0.0   2   2      0.11       1.6    2.0   0.0   173   193    53    73    42    89 0.74 -
WKLE02000159_1:22585-23415 -            277 464990at2759         -            394   3.2e-05   17.5   0.1   1   2     0.011      0.15    5.3   0.0   222   247    94   119    88   167 0.93 -
WKLE02000159_1:22585-23415 -            277 464990at2759         -            394   3.2e-05   17.5   0.1   2   2   0.00037    0.0053   10.1   0.0   199   256   196   256   187   277 0.69 -
WKLE02006381_1:211-609     -            133 464990at2759         -            394   3.6e-05   17.3   0.0   1   2   0.00056    0.0081    9.5   0.0   209   247     8    46     5    54 0.92 -
WKLE02006381_1:211-609     -            133 464990at2759         -            394   3.6e-05   17.3   0.0   2   2     0.012      0.17    5.2   0.0   221   266    62   115    49   121 0.76 -
WKLE02000079_1:48624-49613 -            330 464990at2759         -            394   4.6e-05   16.9   0.4   1   2       2.1        30   -2.2   0.0   224   235    10    21     3    36 0.56 -
WKLE02000079_1:48624-49613 -            330 464990at2759         -            394   4.6e-05   16.9   0.4   2   2   1.9e-05   0.00027   14.4   0.1   218   270   220   280   215   320 0.79 -
WKLE02005110_1:0-311       -            104 464990at2759         -            394   8.6e-05   16.0   0.1   1   2     0.003     0.043    7.2   0.0    31    61    20    52    10    62 0.72 -
WKLE02005110_1:0-311       -            104 464990at2759         -            394   8.6e-05   16.0   0.1   2   2   0.00045    0.0064    9.9   0.2    14    61    45    94    37   101 0.71 -
WKLE02003470_1:18795-19613 -            273 464990at2759         -            394   0.00015   15.2   0.1   1   3     0.016      0.23    4.7   0.0    30   248    13    40     4    58 0.60 -
WKLE02003470_1:18795-19613 -            273 464990at2759         -            394   0.00015   15.2   0.1   2   3      0.67       9.7   -0.6   0.0    10    58   118   170   107   184 0.72 -
WKLE02003470_1:18795-19613 -            273 464990at2759         -            394   0.00015   15.2   0.1   3   3    0.0053     0.076    6.3   0.0    31    66   183   220   166   226 0.84 -
WKLE02000150_1:2417-3247   -            277 464990at2759         -            394   0.00018   15.0   0.1   1   4      0.17       2.4    1.4   0.0   182   248    10    77     6    91 0.57 -
WKLE02000150_1:2417-3247   -            277 464990at2759         -            394   0.00018   15.0   0.1   2   4      0.13       1.8    1.8   0.0   209   264    93   156    87   162 0.64 -
WKLE02000150_1:2417-3247   -            277 464990at2759         -            394   0.00018   15.0   0.1   3   4      0.21         3    1.1   0.0   217   262   143   188   132   193 0.84 -
WKLE02000150_1:2417-3247   -            277 464990at2759         -            394   0.00018   15.0   0.1   4   4    0.0095      0.14    5.5   0.0   208   251   230   273   200   277 0.72 -
WKLE02002361_1:20245-20754 -            170 464990at2759         -            394   0.00048   13.6   0.0   1   2   0.00027    0.0039   10.6   0.0   218   268    91   148    87   151 0.74 -
WKLE02002361_1:20245-20754 -            170 464990at2759         -            394   0.00048   13.6   0.0   2   2     0.032      0.46    3.8   0.0    23    45   128   150   123   163 0.85 -
WKLE02000993_1:13246-13785 -            180 464990at2759         -            394     0.001   12.5   0.3   1   3      0.45       6.5   -0.0   0.0   236   250    13    27     4    38 0.63 -
WKLE02000993_1:13246-13785 -            180 464990at2759         -            394     0.001   12.5   0.3   2   3    0.0069       0.1    6.0   0.0    15    56    70   113    56   124 0.79 -
WKLE02000993_1:13246-13785 -            180 464990at2759         -            394     0.001   12.5   0.3   3   3     0.047      0.68    3.2   0.0    21    55   118   154   111   161 0.69 -
WKLE02004714_1:1685-2101   -            139 464990at2759         -            394    0.0013   12.2   0.1   1   2   0.00083     0.012    9.0   0.0   219   255    22    59    12    70 0.83 -
WKLE02004714_1:1685-2101   -            139 464990at2759         -            394    0.0013   12.2   0.1   2   2      0.18       2.7    1.3   0.0   176   194    71    89    64    95 0.81 -
WKLE02000384_1:3-452       -            150 464990at2759         -            394    0.0014   12.1   0.0   1   2   0.00075     0.011    9.1   0.0   209   294    18   105     9   120 0.76 -
WKLE02000384_1:3-452       -            150 464990at2759         -            394    0.0014   12.1   0.0   2   2      0.12       1.7    1.9   0.0   209   248   102   141    99   147 0.82 -
WKLE02000786_1:23261-24733 -            324 464990at2759         -            394     0.003   11.0   0.0   1   3     0.021       0.3    4.4   0.0   218   250     5    37     3    44 0.80 -
WKLE02000786_1:23261-24733 -            324 464990at2759         -            394     0.003   11.0   0.0   2   3       5.7        82   -3.7   0.0    47    58   101   112    91   122 0.55 -
WKLE02000786_1:23261-24733 -            324 464990at2759         -            394     0.003   11.0   0.0   3   3     0.031      0.44    3.8   0.0   208   251   211   254   205   265 0.87 -
WKLE02000025_1:19827-20660 -            278 464990at2759         -            394     0.005   10.2   0.0   1   2    0.0058     0.084    6.2   0.0   178   249   102   186    94   196 0.67 -
WKLE02000025_1:19827-20660 -            278 464990at2759         -            394     0.005   10.2   0.0   2   2      0.32       4.7    0.4   0.0   218   254   202   239   191   248 0.78 -
WKLE02000217_1:4153-4422   -             90 464990at2759         -            394    0.0065    9.9   0.0   1   1   0.00073     0.011    9.2   0.0   225   269     6    51     3    65 0.75 -
WKLE02000779_1:8198-8911   -            238 464990at2759         -            394    0.0069    9.8   0.0   1   2     0.086       1.2    2.4   0.0   249   269    29    49     1    52 0.65 -
WKLE02000779_1:8198-8911   -            238 464990at2759         -            394    0.0069    9.8   0.0   2   2      0.01      0.15    5.4   0.0   218   248   199   230   187   234 0.81 -
#
# Program:         hmmsearch
# Version:         3.1b2 (February 2015)
# Pipeline mode:   SEARCH
# Query file:      /Users/aholzer/ownCloud/PhD/Publications/2021 Liavero-Pasquina et al./analysis/TPP_aptamer_search/busco_downloads/lineages/eukaryota_odb10/hmms/464990at2759.hmm
# Target file:     /Users/aholzer/ownCloud/PhD/Publications/2021 Liavero-Pasquina et al./analysis/TPP_aptamer_search/genomes/BUSCO_eukaryota_obd10/Asterionellopsis_glacialis_ASM1488511v2/run_eukaryota_odb10/metaeuk_output/rerun_results/GCA_014885115.2_ASM1488511v2_genomic.fna.modified.fas
# Option settings: hmmsearch --domtblout /Users/aholzer/ownCloud/PhD/Publications/2021 Liavero-Pasquina et al./analysis/TPP_aptamer_search/genomes/BUSCO_eukaryota_obd10/Asterionellopsis_glacialis_ASM1488511v2/run_eukaryota_odb10/hmmer_output/rerun_results/464990at2759.out --cpu 1 /Users/aholzer/ownCloud/PhD/Publications/2021 Liavero-Pasquina et al./analysis/TPP_aptamer_search/busco_downloads/lineages/eukaryota_odb10/hmms/464990at2759.hmm /Users/aholzer/ownCloud/PhD/Publications/2021 Liavero-Pasquina et al./analysis/TPP_aptamer_search/genomes/BUSCO_eukaryota_obd10/Asterionellopsis_glacialis_ASM1488511v2/run_eukaryota_odb10/metaeuk_output/rerun_results/GCA_014885115.2_ASM1488511v2_genomic.fna.modified.fas 
# Current dir:     /Users/aholzer/ownCloud/PhD/Publications/2021 Liavero-Pasquina et al./analysis/TPP_aptamer_search
# Date:            Mon Apr 19 06:49:47 2021
# [ok]
