#                                                                                  --- full sequence --- -------------- this domain -------------   hmm coord   ali coord   env coord
# target name              accession   tlen query name           accession   qlen   E-value  score  bias   #  of  c-Evalue  i-Evalue  score  bias  from    to  from    to  from    to  acc description of target
#      ------------------- ---------- ----- -------------------- ---------- ----- --------- ------ ----- --- --- --------- --------- ------ ----- ----- ----- ----- ----- ----- ----- ---- ---------------------
NKIB01003982_1:2544-4365   -            458 341721at2759         -            387   5.1e-40  132.9  12.6   1   3      0.04       5.6    1.0   0.0    14    35     7    28     3    31 0.85 -
NKIB01003982_1:2544-4365   -            458 341721at2759         -            387   5.1e-40  132.9  12.6   2   3   1.6e-27   2.2e-25   84.7   4.6    39   181    56   232    35   239 0.78 -
NKIB01003982_1:2544-4365   -            458 341721at2759         -            387   5.1e-40  132.9  12.6   3   3   1.2e-15   1.7e-13   45.6   0.3   268   384   239   389   231   392 0.75 -
NKIB01010618_1:2-532       -            177 341721at2759         -            387   2.8e-32  107.4   1.1   1   1   3.7e-34   5.2e-32  106.5   1.1   167   294    35   177     2   177 0.88 -
NKIB01010620_1:2-532       -            177 341721at2759         -            387   4.6e-32  106.7   1.1   1   1   6.1e-34   8.6e-32  105.8   1.1   167   294    35   177     2   177 0.88 -
NKIB01014093_1:21652-21954 -            101 341721at2759         -            387   1.1e-09   33.0   0.3   1   1   2.7e-11   3.7e-09   31.3   0.3   303   381     7   100     1   101 0.74 -
NKIB01013392_1:19013-20560 -            516 341721at2759         -            387   0.00021   15.6   1.8   1   1   2.3e-05    0.0032   11.7   1.8   304   385   392   497   362   499 0.60 -
#
# Program:         hmmsearch
# Version:         3.1b2 (February 2015)
# Pipeline mode:   SEARCH
# Query file:      /Users/aholzer/ownCloud/PhD/Publications/2021 Liavero-Pasquina et al./analysis/TPP_aptamer_search/busco_downloads/lineages/eukaryota_odb10/hmms/341721at2759.hmm
# Target file:     /Users/aholzer/ownCloud/PhD/Publications/2021 Liavero-Pasquina et al./analysis/TPP_aptamer_search/genomes/BUSCO_eukaryota_obd10/Asterionella_formosa_ASM225602v1/run_eukaryota_odb10/metaeuk_output/rerun_results/GCA_002256025.1_ASM225602v1_genomic.fna.modified.fas
# Option settings: hmmsearch --domtblout /Users/aholzer/ownCloud/PhD/Publications/2021 Liavero-Pasquina et al./analysis/TPP_aptamer_search/genomes/BUSCO_eukaryota_obd10/Asterionella_formosa_ASM225602v1/run_eukaryota_odb10/hmmer_output/rerun_results/341721at2759.out --cpu 1 /Users/aholzer/ownCloud/PhD/Publications/2021 Liavero-Pasquina et al./analysis/TPP_aptamer_search/busco_downloads/lineages/eukaryota_odb10/hmms/341721at2759.hmm /Users/aholzer/ownCloud/PhD/Publications/2021 Liavero-Pasquina et al./analysis/TPP_aptamer_search/genomes/BUSCO_eukaryota_obd10/Asterionella_formosa_ASM225602v1/run_eukaryota_odb10/metaeuk_output/rerun_results/GCA_002256025.1_ASM225602v1_genomic.fna.modified.fas 
# Current dir:     /Users/aholzer/ownCloud/PhD/Publications/2021 Liavero-Pasquina et al./analysis/TPP_aptamer_search
# Date:            Mon Apr 19 05:27:23 2021
# [ok]
