#                                                                                  --- full sequence --- -------------- this domain -------------   hmm coord   ali coord   env coord
# target name              accession   tlen query name           accession   qlen   E-value  score  bias   #  of  c-Evalue  i-Evalue  score  bias  from    to  from    to  from    to  acc description of target
#      ------------------- ---------- ----- -------------------- ---------- ----- --------- ------ ----- --- --- --------- --------- ------ ----- ----- ----- ----- ----- ----- ----- ---- ---------------------
OLMU01001959_1:3987-5936   -            650 325552at2759         -            426   8.2e-81  267.0   9.8   1   4   5.5e-65   3.8e-64  212.1   0.1     6   230    40   290    35   320 0.84 -
OLMU01001959_1:3987-5936   -            650 325552at2759         -            426   8.2e-81  267.0   9.8   2   4    0.0008    0.0055   10.5   0.2   171   282   326   437   320   457 0.73 -
OLMU01001959_1:3987-5936   -            650 325552at2759         -            426   8.2e-81  267.0   9.8   3   4    0.0012    0.0082   10.0   0.2   162   230   485   556   480   564 0.82 -
OLMU01001959_1:3987-5936   -            650 325552at2759         -            426   8.2e-81  267.0   9.8   4   4   3.7e-11   2.5e-10   34.7   0.1   154   233   568   649   561   650 0.88 -
OLMU01003579_1:2584-3645   -            354 325552at2759         -            426   1.5e-45  150.7   7.4   1   4     6e-07   4.1e-06   20.8   0.0   192   230    23    61    16    67 0.88 -
OLMU01003579_1:2584-3645   -            354 325552at2759         -            426   1.5e-45  150.7   7.4   2   4   3.3e-13   2.2e-12   41.5   0.0   151   229    66   150    61   155 0.87 -
OLMU01003579_1:2584-3645   -            354 325552at2759         -            426   1.5e-45  150.7   7.4   3   4    0.0013    0.0092    9.8   0.1   186   227   149   189   147   199 0.90 -
OLMU01003579_1:2584-3645   -            354 325552at2759         -            426   1.5e-45  150.7   7.4   4   4   1.3e-25   8.6e-25   82.4   0.5   129   226   250   354   232   354 0.86 -
OLMU01000931_1:2411-3496   -            362 325552at2759         -            426   1.3e-36  121.3  10.1   1   5   0.00032    0.0022   11.9   0.0   189   226     6    44     2    48 0.84 -
OLMU01000931_1:2411-3496   -            362 325552at2759         -            426   1.3e-36  121.3  10.1   2   5   1.7e-12   1.2e-11   39.1   0.1   154   228    69   142    66   153 0.93 -
OLMU01000931_1:2411-3496   -            362 325552at2759         -            426   1.3e-36  121.3  10.1   3   5   4.8e-09   3.3e-08   27.8   0.3   166   229   165   228   160   232 0.94 -
OLMU01000931_1:2411-3496   -            362 325552at2759         -            426   1.3e-36  121.3  10.1   4   5   2.2e-06   1.5e-05   19.0   0.0   146   206   231   300   229   300 0.84 -
OLMU01000931_1:2411-3496   -            362 325552at2759         -            426   1.3e-36  121.3  10.1   5   5   2.5e-10   1.7e-09   32.0   0.1    35    92   293   350   286   354 0.89 -
OLMU01001380_1:270-1031    -            254 325552at2759         -            426   2.2e-28   94.2   0.2   1   4   5.8e-14     4e-13   44.0   0.4   154   234     6    86     3    94 0.92 -
OLMU01001380_1:270-1031    -            254 325552at2759         -            426   2.2e-28   94.2   0.2   2   4   0.00069    0.0048   10.8   0.0   153   198    93   140    87   145 0.88 -
OLMU01001380_1:270-1031    -            254 325552at2759         -            426   2.2e-28   94.2   0.2   3   4   6.8e-12   4.7e-11   37.1   0.0   155   233   139   215   137   240 0.89 -
OLMU01001380_1:270-1031    -            254 325552at2759         -            426   2.2e-28   94.2   0.2   4   4       3.4        24   -1.4   0.0   155   182   227   254   221   254 0.73 -
OLMU01002643_1:1873-3128   -            391 325552at2759         -            426   2.2e-26   87.6   6.1   1   5     3e-06   2.1e-05   18.5   0.0   154   227    81   154    70   164 0.91 -
OLMU01002643_1:1873-3128   -            391 325552at2759         -            426   2.2e-26   87.6   6.1   2   5   2.6e-06   1.8e-05   18.7   0.1   190   231   158   200   153   207 0.86 -
OLMU01002643_1:1873-3128   -            391 325552at2759         -            426   2.2e-26   87.6   6.1   3   5   1.5e-11     1e-10   36.0   0.1   158   241   211   293   205   304 0.89 -
OLMU01002643_1:1873-3128   -            391 325552at2759         -            426   2.2e-26   87.6   6.1   4   5   5.5e-08   3.8e-07   24.3   0.0   155   229   250   325   245   335 0.88 -
OLMU01002643_1:1873-3128   -            391 325552at2759         -            426   2.2e-26   87.6   6.1   5   5   4.1e-05   0.00028   14.8   0.1   168   226   306   368   291   375 0.80 -
OLMU01003908_1:3439-4125   -            229 325552at2759         -            426   8.3e-26   85.7   0.7   1   4   0.00048    0.0033   11.3   0.0   193   235     4    53     1    62 0.68 -
OLMU01003908_1:3439-4125   -            229 325552at2759         -            426   8.3e-26   85.7   0.7   2   4     7e-05   0.00048   14.0   0.0   198   228    78   109    65   111 0.84 -
OLMU01003908_1:3439-4125   -            229 325552at2759         -            426   8.3e-26   85.7   0.7   3   4   9.8e-17   6.8e-16   53.1   0.0   151   228   116   193   112   202 0.95 -
OLMU01003908_1:3439-4125   -            229 325552at2759         -            426   8.3e-26   85.7   0.7   4   4      0.16       1.1    3.0   0.0   158   178   208   228   200   229 0.63 -
OLMU01002127_1:1842-2827   -            274 325552at2759         -            426   1.3e-24   81.8   1.9   1   2   9.8e-09   6.8e-08   26.7   0.1   172   228     3    59     1    70 0.90 -
OLMU01002127_1:1842-2827   -            274 325552at2759         -            426   1.3e-24   81.8   1.9   2   2   2.1e-14   1.4e-13   45.4   0.2    33   226    69   272    65   274 0.84 -
OLMU01005918_1:43-855      -            271 325552at2759         -            426   8.8e-24   79.1   0.7   1   3     3e-11     2e-10   35.0   0.0   150   229    24   104    19   115 0.90 -
OLMU01005918_1:43-855      -            271 325552at2759         -            426   8.8e-24   79.1   0.7   2   3   8.7e-12     6e-11   36.8   0.1   156   226   114   186   103   194 0.86 -
OLMU01005918_1:43-855      -            271 325552at2759         -            426   8.8e-24   79.1   0.7   3   3     0.037      0.25    5.1   0.0   155   214   200   264   188   271 0.71 -
OLMU01003094_1:10817-11731 -            305 325552at2759         -            426   3.8e-22   73.7   6.7   1   4   1.2e-07   8.3e-07   23.1   0.3   158   228    16    87     8    99 0.85 -
OLMU01003094_1:10817-11731 -            305 325552at2759         -            426   3.8e-22   73.7   6.7   2   4   1.3e-10   8.7e-10   32.9   0.1   153   228    97   172    92   186 0.85 -
OLMU01003094_1:10817-11731 -            305 325552at2759         -            426   3.8e-22   73.7   6.7   3   4     0.021      0.15    5.9   0.0   157   194   186   223   176   229 0.72 -
OLMU01003094_1:10817-11731 -            305 325552at2759         -            426   3.8e-22   73.7   6.7   4   4   7.9e-05   0.00054   13.9   0.1   152   224   231   304   226   305 0.91 -
OLMU01003259_1:5141-6028   -            296 325552at2759         -            426   2.4e-20   67.8   0.0   1   3   9.3e-08   6.4e-07   23.5   0.0   151   230    40   122    38   130 0.91 -
OLMU01003259_1:5141-6028   -            296 325552at2759         -            426   2.4e-20   67.8   0.0   2   3   1.4e-05   9.5e-05   16.4   0.0    33    70   131   168   125   176 0.83 -
OLMU01003259_1:5141-6028   -            296 325552at2759         -            426   2.4e-20   67.8   0.0   3   3   6.1e-08   4.2e-07   24.1   0.0   153   230   213   292   202   296 0.89 -
OLMU01005352_1:8714-9223   -            170 325552at2759         -            426   8.1e-19   62.7   0.3   1   2   3.2e-10   2.2e-09   31.6   0.2   158   227     8    77     4    88 0.95 -
OLMU01005352_1:8714-9223   -            170 325552at2759         -            426   8.1e-19   62.7   0.3   2   2   1.6e-09   1.1e-08   29.3   0.0   156   221   100   165    89   169 0.91 -
OLMU01000925_1:1260-1772   -            171 325552at2759         -            426   1.1e-18   62.3   2.7   1   3     2e-08   1.4e-07   25.7   0.0   159   228     2    72     1    85 0.92 -
OLMU01000925_1:1260-1772   -            171 325552at2759         -            426   1.1e-18   62.3   2.7   2   3   3.7e-09   2.5e-08   28.1   0.1    36    68    86   118    82   133 0.86 -
OLMU01000925_1:1260-1772   -            171 325552at2759         -            426   1.1e-18   62.3   2.7   3   3    0.0053     0.036    7.8   0.1    39    62   147   170   140   171 0.88 -
OLMU01005512_1:2958-3527   -            190 325552at2759         -            426   1.4e-18   61.9   0.8   1   3     4e-05   0.00027   14.8   0.1   192   231     8    47     4    56 0.89 -
OLMU01005512_1:2958-3527   -            190 325552at2759         -            426   1.4e-18   61.9   0.8   2   3   1.3e-10   8.7e-10   33.0   0.0   158   230    64   136    55   140 0.94 -
OLMU01005512_1:2958-3527   -            190 325552at2759         -            426   1.4e-18   61.9   0.8   3   3   0.00017    0.0012   12.8   0.1   187   232   135   180   133   189 0.83 -
OLMU01000248_1:2636-3654   -            309 325552at2759         -            426   6.8e-18   59.7   0.1   1   4   0.00039    0.0027   11.6   0.0   176   228     6    59     1    71 0.86 -
OLMU01000248_1:2636-3654   -            309 325552at2759         -            426   6.8e-18   59.7   0.1   2   4     0.045      0.31    4.8   0.0   160   190    84   114    73   125 0.81 -
OLMU01000248_1:2636-3654   -            309 325552at2759         -            426   6.8e-18   59.7   0.1   3   4   8.1e-08   5.5e-07   23.7   0.0   151   231   130   219   125   227 0.80 -
OLMU01000248_1:2636-3654   -            309 325552at2759         -            426   6.8e-18   59.7   0.1   4   4   7.5e-05   0.00052   13.9   0.1   153   209   225   279   220   292 0.81 -
OLMU01001292_1:15551-16438 -            296 325552at2759         -            426   9.2e-17   55.9   1.4   1   4   1.1e-06   7.6e-06   20.0   0.0   165   230     2    69     1    78 0.88 -
OLMU01001292_1:15551-16438 -            296 325552at2759         -            426   9.2e-17   55.9   1.4   2   4   5.4e-10   3.7e-09   30.9   0.3   153   230    33   114    29   131 0.84 -
OLMU01001292_1:15551-16438 -            296 325552at2759         -            426   9.2e-17   55.9   1.4   3   4     0.026      0.18    5.6   0.0   369   403   159   193   150   198 0.88 -
OLMU01001292_1:15551-16438 -            296 325552at2759         -            426   9.2e-17   55.9   1.4   4   4    0.0031     0.021    8.6   0.1    42    93   231   288   218   289 0.72 -
OLMU01003597_1:4924-5451   -            176 325552at2759         -            426   2.9e-16   54.3   3.9   1   2   6.5e-13   4.5e-12   40.5   0.2   155   230     5    80     1    98 0.88 -
OLMU01003597_1:4924-5451   -            176 325552at2759         -            426   2.9e-16   54.3   3.9   2   2   2.8e-05   0.00019   15.3   0.4   208   231   135   158   108   169 0.78 -
OLMU01000632_1:6127-6714   -            196 325552at2759         -            426   5.7e-16   53.3   4.1   1   2    0.0096     0.066    7.0   0.1    48    64    35    51    22    56 0.86 -
OLMU01000632_1:6127-6714   -            196 325552at2759         -            426   5.7e-16   53.3   4.1   2   2   1.2e-14   8.3e-14   46.2   0.2   151   228   106   185   101   191 0.88 -
OLMU01004180_1:4438-5148   -            237 325552at2759         -            426   6.9e-16   53.1   0.1   1   4     1e-05   7.1e-05   16.8   0.1   171   229     1    60     1    76 0.88 -
OLMU01004180_1:4438-5148   -            237 325552at2759         -            426   6.9e-16   53.1   0.1   2   4      0.11      0.78    3.5   0.2   374   398    85   108    66   120 0.78 -
OLMU01004180_1:4438-5148   -            237 325552at2759         -            426   6.9e-16   53.1   0.1   3   4     0.016      0.11    6.3   0.0   155   191   123   160   117   168 0.87 -
OLMU01004180_1:4438-5148   -            237 325552at2759         -            426   6.9e-16   53.1   0.1   4   4   2.3e-07   1.6e-06   22.2   0.0   159   223   169   235   156   237 0.86 -
OLMU01004252_1:209-874     -            222 325552at2759         -            426     1e-15   52.5   0.7   1   3    0.0024     0.017    9.0   0.0   167   232     1    66     1    76 0.88 -
OLMU01004252_1:209-874     -            222 325552at2759         -            426     1e-15   52.5   0.7   2   3   0.00012   0.00084   13.2   0.0   157   216   115   173    96   176 0.56 -
OLMU01004252_1:209-874     -            222 325552at2759         -            426     1e-15   52.5   0.7   3   3   3.2e-09   2.2e-08   28.3   0.3   173   224   171   222   158   222 0.89 -
OLMU01003000_1:4761-5303   -            181 325552at2759         -            426   1.5e-15   51.9   0.6   1   2   1.5e-07     1e-06   22.8   0.1   180   234    17    71     4    79 0.87 -
OLMU01003000_1:4761-5303   -            181 325552at2759         -            426   1.5e-15   51.9   0.6   2   2     4e-09   2.7e-08   28.0   0.1   159   256    81   179    73   181 0.87 -
OLMU01003465_1:1-2161      -            662 325552at2759         -            426   2.7e-15   51.1   6.9   1   6    0.0024     0.016    9.0   0.0    41    64   173   196   158   208 0.65 -
OLMU01003465_1:1-2161      -            662 325552at2759         -            426   2.7e-15   51.1   6.9   2   6   0.00012   0.00081   13.3   0.1   165   235   229   302   219   319 0.81 -
OLMU01003465_1:1-2161      -            662 325552at2759         -            426   2.7e-15   51.1   6.9   3   6     0.024      0.17    5.7   0.1    37    65   330   358   312   366 0.81 -
OLMU01003465_1:1-2161      -            662 325552at2759         -            426   2.7e-15   51.1   6.9   4   6     0.003     0.021    8.6   0.0   191   231   491   531   456   546 0.76 -
OLMU01003465_1:1-2161      -            662 325552at2759         -            426   2.7e-15   51.1   6.9   5   6      0.44         3    1.5   0.0   212   227   568   583   560   595 0.86 -
OLMU01003465_1:1-2161      -            662 325552at2759         -            426   2.7e-15   51.1   6.9   6   6   0.00067    0.0046   10.8   0.0   191   230   606   645   585   659 0.74 -
OLMU01001653_1:464-1042    -            193 325552at2759         -            426   5.9e-15   50.0   0.2   1   2     1e-05     7e-05   16.8   0.0   155   229    11    94     2   106 0.75 -
OLMU01001653_1:464-1042    -            193 325552at2759         -            426   5.9e-15   50.0   0.2   2   2   3.8e-10   2.6e-09   31.4   0.0   153   229   103   183    98   188 0.86 -
OLMU01001348_1:9080-9982   -            301 325552at2759         -            426     4e-14   47.2   2.1   1   4      0.11      0.72    3.6   0.0   204   225    29    50    26    55 0.83 -
OLMU01001348_1:9080-9982   -            301 325552at2759         -            426     4e-14   47.2   2.1   2   4   5.6e-09   3.8e-08   27.5   0.8   155   253    88   185    81   242 0.73 -
OLMU01001348_1:9080-9982   -            301 325552at2759         -            426     4e-14   47.2   2.1   3   4      0.12      0.82    3.4   0.0   155   203   215   264   207   267 0.86 -
OLMU01001348_1:9080-9982   -            301 325552at2759         -            426     4e-14   47.2   2.1   4   4   0.00037    0.0025   11.7   0.0   154   196   259   301   251   301 0.89 -
OLMU01004545_1:9-704       -            232 325552at2759         -            426   1.2e-13   45.6   0.7   1   2   8.6e-12   5.9e-11   36.8   0.1   158   228     8    79     1    98 0.83 -
OLMU01004545_1:9-704       -            232 325552at2759         -            426   1.2e-13   45.6   0.7   2   2     0.013     0.091    6.5   0.0   167   226   143   203   125   218 0.80 -
OLMU01003573_1:801-1954    -            293 325552at2759         -            426   2.5e-13   44.6   0.2   1   4   0.00012   0.00079   13.3   0.0   152   202     5    53     1    67 0.87 -
OLMU01003573_1:801-1954    -            293 325552at2759         -            426   2.5e-13   44.6   0.2   2   4       0.1       0.7    3.6   0.0    53    90    49    86    47    99 0.79 -
OLMU01003573_1:801-1954    -            293 325552at2759         -            426   2.5e-13   44.6   0.2   3   4   1.5e-08     1e-07   26.2   0.0   169   235   143   209   123   221 0.80 -
OLMU01003573_1:801-1954    -            293 325552at2759         -            426   2.5e-13   44.6   0.2   4   4       1.9        13   -0.5   0.0   158   179   270   291   257   293 0.64 -
OLMU01000130_1:4019-4396   -            126 325552at2759         -            426   9.2e-13   42.7   1.9   1   2   6.7e-06   4.6e-05   17.4   0.7   196   229     1    35     1    44 0.84 -
OLMU01000130_1:4019-4396   -            126 325552at2759         -            426   9.2e-13   42.7   1.9   2   2   2.8e-08   1.9e-07   25.2   0.0   150   227    44   123    36   125 0.92 -
OLMU01000932_1:6224-7879   -            552 325552at2759         -            426   9.7e-13   42.7   4.8   1   5      0.31       2.2    2.0   0.0   155   188   107   140    21   145 0.82 -
OLMU01000932_1:6224-7879   -            552 325552at2759         -            426   9.7e-13   42.7   4.8   2   5   3.2e-05   0.00022   15.2   0.1   154   220   163   235   159   248 0.73 -
OLMU01000932_1:6224-7879   -            552 325552at2759         -            426   9.7e-13   42.7   4.8   3   5    0.0057     0.039    7.7   0.2   158   197   215   254   204   304 0.79 -
OLMU01000932_1:6224-7879   -            552 325552at2759         -            426   9.7e-13   42.7   4.8   4   5      0.99       6.8    0.4   0.1   155   195   253   293   229   327 0.66 -
OLMU01000932_1:6224-7879   -            552 325552at2759         -            426   9.7e-13   42.7   4.8   5   5   0.00071    0.0049   10.7   0.0   160   221   344   407   337   421 0.78 -
OLMU01007388_1:3-572       -            190 325552at2759         -            426   2.6e-12   41.2   0.0   1   2     0.007     0.048    7.4   0.1    37    66    44    73    40    87 0.75 -
OLMU01007388_1:3-572       -            190 325552at2759         -            426   2.6e-12   41.2   0.0   2   2   2.4e-10   1.7e-09   32.0   0.0   136   233    86   185    82   189 0.90 -
OLMU01000643_1:1517-1864   -            116 325552at2759         -            426   3.3e-12   40.9   0.1   1   1   7.3e-13     5e-12   40.3   0.1   120   227     2   114     1   116 0.89 -
OLMU01003464_1:4393-5300   -            271 325552at2759         -            426   4.4e-12   40.5   0.2   1   2    0.0076     0.052    7.3   0.1   212   234     4    27     1    34 0.78 -
OLMU01003464_1:4393-5300   -            271 325552at2759         -            426   4.4e-12   40.5   0.2   2   2   2.2e-10   1.5e-09   32.2   0.0   159   238    35   114    25   176 0.88 -
OLMU01005783_1:50-661      -            204 325552at2759         -            426   5.5e-12   40.2   0.5   1   4   8.5e-06   5.8e-05   17.1   0.0    42    67     1    26     1    31 0.91 -
OLMU01005783_1:50-661      -            204 325552at2759         -            426   5.5e-12   40.2   0.5   2   4   0.00016    0.0011   12.9   0.0   150   187    31    68    25   118 0.84 -
OLMU01005783_1:50-661      -            204 325552at2759         -            426   5.5e-12   40.2   0.5   3   4     0.082      0.56    3.9   0.0   160   223    92   155    81   162 0.84 -
OLMU01005783_1:50-661      -            204 325552at2759         -            426   5.5e-12   40.2   0.5   4   4    0.0094     0.064    7.0   0.0   166   226   140   201   135   203 0.92 -
OLMU01004948_1:15981-16634 -            218 325552at2759         -            426   7.6e-12   39.7   1.3   1   3     9e-06   6.2e-05   17.0   0.0   153   233    12    98     7   106 0.79 -
OLMU01004948_1:15981-16634 -            218 325552at2759         -            426   7.6e-12   39.7   1.3   2   3     6e-07   4.1e-06   20.8   0.5   159   223   106   173    99   200 0.78 -
OLMU01004948_1:15981-16634 -            218 325552at2759         -            426   7.6e-12   39.7   1.3   3   3   0.00014   0.00095   13.1   0.1   155   218   147   212   143   216 0.81 -
OLMU01003376_1:1713-1991   -             93 325552at2759         -            426   1.7e-11   38.6   0.0   1   1   2.7e-12   1.9e-11   38.4   0.0   153   228     6    88     2    92 0.84 -
OLMU01003141_1:9201-9812   -            204 325552at2759         -            426   3.2e-11   37.7   0.1   1   2   5.5e-06   3.8e-05   17.7   0.0   167   230    51   115    38   127 0.87 -
OLMU01003141_1:9201-9812   -            204 325552at2759         -            426   3.2e-11   37.7   0.1   2   2   4.4e-06     3e-05   18.0   0.0   177   228   150   203   133   204 0.78 -
OLMU01001942_1:7418-8101   -            228 325552at2759         -            426   3.4e-11   37.6   1.0   1   3     3e-06   2.1e-05   18.5   0.1   195   232     3    41     1    52 0.81 -
OLMU01001942_1:7418-8101   -            228 325552at2759         -            426   3.4e-11   37.6   1.0   2   3   0.00038    0.0026   11.6   0.0   191   227    89   125    82   134 0.86 -
OLMU01001942_1:7418-8101   -            228 325552at2759         -            426   3.4e-11   37.6   1.0   3   3     0.039      0.27    5.0   0.0   173   232   166   226   157   228 0.77 -
OLMU01006518_1:1216-1614   -            133 325552at2759         -            426   4.2e-11   37.3   0.7   1   2   4.3e-05   0.00029   14.7   0.1   212   234     2    24     1    41 0.85 -
OLMU01006518_1:1216-1614   -            133 325552at2759         -            426   4.2e-11   37.3   0.7   2   2   3.1e-07   2.1e-06   21.8   0.1   155   226    42   117    28   131 0.85 -
OLMU01000435_1:21279-21947 -            223 325552at2759         -            426     5e-11   37.0   1.8   1   2   1.9e-06   1.3e-05   19.2   0.1   188   247    27    87    18    89 0.77 -
OLMU01000435_1:21279-21947 -            223 325552at2759         -            426     5e-11   37.0   1.8   2   2   3.6e-06   2.4e-05   18.3   0.3   160   249    84   178    74   189 0.76 -
OLMU01002469_1:3591-3932   -            114 325552at2759         -            426   5.9e-11   36.8   0.0   1   1     1e-11     7e-11   36.6   0.0   153   226    37   113    28   114 0.88 -
OLMU01003601_1:88-897      -            270 325552at2759         -            426   1.7e-10   35.3   1.5   1   2     7e-08   4.8e-07   23.9   0.1   158   228     2    75     1    85 0.89 -
OLMU01003601_1:88-897      -            270 325552at2759         -            426   1.7e-10   35.3   1.5   2   2    0.0012    0.0083   10.0   0.1   157   206   179   229   157   244 0.81 -
OLMU01003236_1:295-906     -            204 325552at2759         -            426   2.3e-10   34.9   0.2   1   3       2.4        16   -0.9   0.0   380   395    34    49    13    60 0.62 -
OLMU01003236_1:295-906     -            204 325552at2759         -            426   2.3e-10   34.9   0.2   2   3     9e-07   6.2e-06   20.3   0.1   167   230    82   151    62   157 0.79 -
OLMU01003236_1:295-906     -            204 325552at2759         -            426   2.3e-10   34.9   0.2   3   3   0.00028    0.0019   12.1   0.0   189   227   154   193   149   198 0.86 -
OLMU01001458_1:5527-7695   -            723 325552at2759         -            426   2.7e-10   34.7   4.3   1   2   4.2e-09   2.9e-08   27.9   0.9   166   232    76   141    65   177 0.83 -
OLMU01001458_1:5527-7695   -            723 325552at2759         -            426   2.7e-10   34.7   4.3   2   2     0.013     0.089    6.6   0.0   166   229   261   321   256   343 0.84 -
OLMU01001169_1:2595-4178   -            528 325552at2759         -            426   1.5e-09   32.1   8.4   1   3    0.0099     0.068    6.9   0.1   170   196   254   280   240   292 0.80 -
OLMU01001169_1:2595-4178   -            528 325552at2759         -            426   1.5e-09   32.1   8.4   2   3   1.1e-07   7.4e-07   23.3   0.5    85   230   292   449   281   461 0.77 -
OLMU01001169_1:2595-4178   -            528 325552at2759         -            426   1.5e-09   32.1   8.4   3   3     0.029       0.2    5.4   0.4   157   216   460   517   453   523 0.85 -
OLMU01000816_1:9143-10060  -            306 325552at2759         -            426   2.3e-09   31.5   0.6   1   3   1.5e-07   1.1e-06   22.8   0.3   155   232     4    86     1    94 0.84 -
OLMU01000816_1:9143-10060  -            306 325552at2759         -            426   2.3e-09   31.5   0.6   2   3     0.032      0.22    5.3   0.0    34    64   117   149    94   159 0.77 -
OLMU01000816_1:9143-10060  -            306 325552at2759         -            426   2.3e-09   31.5   0.6   3   3       2.1        15   -0.7   0.0   153   222   277   304   253   306 0.44 -
OLMU01000172_1:5751-6116   -            122 325552at2759         -            426   2.4e-09   31.5   3.1   1   2     8e-06   5.5e-05   17.1   0.2   194   227     2    35     1    44 0.90 -
OLMU01000172_1:5751-6116   -            122 325552at2759         -            426   2.4e-09   31.5   3.1   2   2   4.4e-05    0.0003   14.7   0.7   365   397    44    76    37    86 0.90 -
OLMU01000188_1:4539-5297   -            253 325552at2759         -            426   3.3e-09   31.0   0.1   1   3    0.0092     0.063    7.1   0.0   176   220     1    49     1    59 0.75 -
OLMU01000188_1:4539-5297   -            253 325552at2759         -            426   3.3e-09   31.0   0.1   2   3    0.0029      0.02    8.7   0.1   156   219    73   140    67   174 0.73 -
OLMU01000188_1:4539-5297   -            253 325552at2759         -            426   3.3e-09   31.0   0.1   3   3   0.00063    0.0043   10.9   0.0   150   219   176   252   171   253 0.79 -
OLMU01000266_1:3343-3960   -            206 325552at2759         -            426   3.5e-09   30.9   4.0   1   3      0.74       5.1    0.8   0.0   111   343    22    52     3    81 0.45 -
OLMU01000266_1:3343-3960   -            206 325552at2759         -            426   3.5e-09   30.9   4.0   2   3   4.2e-05   0.00029   14.8   0.1    33    73    81   120    69   123 0.87 -
OLMU01000266_1:3343-3960   -            206 325552at2759         -            426   3.5e-09   30.9   4.0   3   3   2.3e-05   0.00016   15.6   0.3   199   258   132   191   123   200 0.70 -
OLMU01004435_1:532-1407    -            292 325552at2759         -            426   5.8e-09   30.2   0.6   1   3   0.00054    0.0037   11.1   0.0   187   228     2    43     1    66 0.77 -
OLMU01004435_1:532-1407    -            292 325552at2759         -            426   5.8e-09   30.2   0.6   2   3   0.00015     0.001   12.9   0.2   168   227    96   157    84   162 0.80 -
OLMU01004435_1:532-1407    -            292 325552at2759         -            426   5.8e-09   30.2   0.6   3   3      0.35       2.4    1.8   0.0   209   226   216   233   205   250 0.72 -
OLMU01000292_1:4685-5128   -            148 325552at2759         -            426     6e-09   30.2   1.1   1   1   3.9e-08   2.7e-07   24.7   0.7   154   243     8   117     4   125 0.72 -
OLMU01000435_1:8676-9218   -            181 325552at2759         -            426   9.8e-09   29.5   1.1   1   3   7.5e-05   0.00051   13.9   0.1   369   399     2    35     1    44 0.61 -
OLMU01000435_1:8676-9218   -            181 325552at2759         -            426   9.8e-09   29.5   1.1   2   3     0.015       0.1    6.3   0.0    36    64    60    88    52    97 0.87 -
OLMU01000435_1:8676-9218   -            181 325552at2759         -            426   9.8e-09   29.5   1.1   3   3     0.018      0.12    6.1   0.0   152   186   101   136    92   149 0.65 -
OLMU01004682_1:1371-1649   -             93 325552at2759         -            426   1.3e-08   29.1   0.0   1   1   2.3e-09   1.6e-08   28.8   0.0   155   226    11    87     4    91 0.85 -
OLMU01005349_1:475-1194    -            240 325552at2759         -            426     2e-08   28.5   0.0   1   2   1.3e-07   9.1e-07   23.0   0.0   161   228    17    87     9   105 0.85 -
OLMU01005349_1:475-1194    -            240 325552at2759         -            426     2e-08   28.5   0.0   2   2      0.11      0.73    3.5   0.0    35    66   164   195   151   230 0.87 -
OLMU01000932_1:6935-7888   -            318 325552at2759         -            426   1.1e-07   26.1   1.4   1   3      0.13      0.92    3.2   0.0   155   188   110   143    23   148 0.80 -
OLMU01000932_1:6935-7888   -            318 325552at2759         -            426   1.1e-07   26.1   1.4   2   3   2.1e-05   0.00014   15.8   0.1   154   215   166   233   162   241 0.72 -
OLMU01000932_1:6935-7888   -            318 325552at2759         -            426   1.1e-07   26.1   1.4   3   3    0.0028     0.019    8.8   0.3   158   197   218   257   212   308 0.77 -
OLMU01001386_1:5883-7385   -            501 325552at2759         -            426   1.3e-07   25.8   0.7   1   3    0.0082     0.057    7.2   0.0    33    64   136   167   128   173 0.90 -
OLMU01001386_1:5883-7385   -            501 325552at2759         -            426   1.3e-07   25.8   0.7   2   3   5.7e-05   0.00039   14.3   0.1   160   230   141   218   140   233 0.77 -
OLMU01001386_1:5883-7385   -            501 325552at2759         -            426   1.3e-07   25.8   0.7   3   3     0.015       0.1    6.4   0.0   359   405   235   280   221   285 0.82 -
OLMU01000115_1:7142-7492   -            117 325552at2759         -            426   1.7e-07   25.4   0.1   1   2    0.0011    0.0076   10.1   0.1    38    73     6    42     1    45 0.67 -
OLMU01000115_1:7142-7492   -            117 325552at2759         -            426   1.7e-07   25.4   0.1   2   2   9.6e-05   0.00066   13.6   0.0   154   183    48    77    43    80 0.89 -
OLMU01003028_1:466-1149    -            228 325552at2759         -            426   2.3e-07   25.0   0.8   1   3   0.00027    0.0019   12.1   0.1    38    71    12    45     4    63 0.82 -
OLMU01003028_1:466-1149    -            228 325552at2759         -            426   2.3e-07   25.0   0.8   2   3    0.0078     0.054    7.3   0.0   164   216   101   153    88   169 0.87 -
OLMU01003028_1:466-1149    -            228 325552at2759         -            426   2.3e-07   25.0   0.8   3   3      0.19       1.3    2.7   0.0    34    65   177   208   158   216 0.82 -
OLMU01000073_1:4900-5565   -            222 325552at2759         -            426   2.5e-07   24.8   1.9   1   2   4.5e-07   3.1e-06   21.3   0.3    45   186     4   163     1   166 0.65 -
OLMU01000073_1:4900-5565   -            222 325552at2759         -            426   2.5e-07   24.8   1.9   2   2      0.22       1.5    2.5   0.1   339   392   164   220   160   222 0.65 -
OLMU01005161_1:2556-3035   -            160 325552at2759         -            426   3.4e-07   24.4   0.4   1   3      0.45       3.1    1.5   0.0    48    64     2    18     1    27 0.82 -
OLMU01005161_1:2556-3035   -            160 325552at2759         -            426   3.4e-07   24.4   0.4   2   3     0.048      0.33    4.7   0.0    32    66    38    73    29    81 0.79 -
OLMU01005161_1:2556-3035   -            160 325552at2759         -            426   3.4e-07   24.4   0.4   3   3   4.2e-05   0.00029   14.8   0.0   168   221   100   155    82   160 0.81 -
OLMU01001683_1:10635-11144 -            170 325552at2759         -            426   3.6e-07   24.3   8.9   1   3    0.0015      0.01    9.6   0.8   197   229     2    38     1    47 0.75 -
OLMU01001683_1:10635-11144 -            170 325552at2759         -            426   3.6e-07   24.3   8.9   2   3     0.052      0.36    4.6   0.0    44    69    58    83    46    92 0.61 -
OLMU01001683_1:10635-11144 -            170 325552at2759         -            426   3.6e-07   24.3   8.9   3   3   7.4e-05   0.00051   14.0   0.6   368   425    97   168    89   169 0.57 -
OLMU01000125_1:2075-2542   -            156 325552at2759         -            426   5.8e-07   23.6   0.2   1   2    0.0042     0.029    8.2   0.1   374   400    36    62    15    78 0.77 -
OLMU01000125_1:2075-2542   -            156 325552at2759         -            426   5.8e-07   23.6   0.2   2   2   7.6e-05   0.00052   13.9   0.0   162   221    90   155    80   156 0.82 -
OLMU01005511_1:313-603     -             97 325552at2759         -            426     1e-06   22.8   0.3   1   2    0.0079     0.054    7.3   0.0   196   229     1    34     1    45 0.80 -
OLMU01005511_1:313-603     -             97 325552at2759         -            426     1e-06   22.8   0.3   2   2   6.5e-05   0.00045   14.1   0.1   190   228    52    93    42    96 0.82 -
OLMU01005245_1:4158-4442   -             95 325552at2759         -            426   1.1e-06   22.7   0.1   1   2      0.22       1.5    2.5   0.0   160   187     1    28     1    41 0.76 -
OLMU01005245_1:4158-4442   -             95 325552at2759         -            426   1.1e-06   22.7   0.1   2   2   2.3e-06   1.6e-05   18.9   0.0   186   227    53    94    37    95 0.84 -
OLMU01001435_1:19996-23655 -           1220 325552at2759         -            426     3e-06   21.3   0.1   1   3       4.4        30   -1.8   0.0   374   398   364   388   303   394 0.59 -
OLMU01001435_1:19996-23655 -           1220 325552at2759         -            426     3e-06   21.3   0.1   2   3       1.2       8.2    0.1   0.0   195   229   698   733   686   740 0.77 -
OLMU01001435_1:19996-23655 -           1220 325552at2759         -            426     3e-06   21.3   0.1   3   3   7.6e-06   5.2e-05   17.2   0.0   168   232   757   827   749   863 0.79 -
OLMU01003274_1:3833-4540   -            236 325552at2759         -            426   3.3e-06   21.2   4.4   1   4    0.0042     0.029    8.2   0.1    34    62     1    29     1    39 0.77 -
OLMU01003274_1:3833-4540   -            236 325552at2759         -            426   3.3e-06   21.2   4.4   2   4     0.026      0.18    5.6   0.1   365   397    41    73    31    80 0.89 -
OLMU01003274_1:3833-4540   -            236 325552at2759         -            426   3.3e-06   21.2   4.4   3   4    0.0059     0.041    7.7   0.0   164   199   120   154   101   168 0.57 -
OLMU01003274_1:3833-4540   -            236 325552at2759         -            426   3.3e-06   21.2   4.4   4   4       7.9        54   -2.6   0.0   168   224   221   235   203   236 0.47 -
OLMU01005414_1:2251-2874   -            208 325552at2759         -            426   8.5e-06   19.8   0.1   1   1   2.2e-06   1.5e-05   19.0   0.1    38    85    89   136    85   167 0.88 -
OLMU01005203_1:342-890     -            183 325552at2759         -            426   9.9e-06   19.6   0.1   1   3    0.0097     0.067    7.0   0.1   203   262     4    74     1    78 0.37 -
OLMU01005203_1:342-890     -            183 325552at2759         -            426   9.9e-06   19.6   0.1   2   3    0.0051     0.035    7.9   0.0   193   235    42    84    32    93 0.70 -
OLMU01005203_1:342-890     -            183 325552at2759         -            426   9.9e-06   19.6   0.1   3   3      0.03      0.21    5.4   0.0    41    61   161   181   140   183 0.65 -
OLMU01000320_1:6719-7576   -            286 325552at2759         -            426   2.1e-05   18.5   1.7   1   3     0.025      0.17    5.6   0.1   169   204     2    37     1    49 0.91 -
OLMU01000320_1:6719-7576   -            286 325552at2759         -            426   2.1e-05   18.5   1.7   2   3     0.069      0.48    4.2   0.0   168   238    53   139    47   153 0.62 -
OLMU01000320_1:6719-7576   -            286 325552at2759         -            426   2.1e-05   18.5   1.7   3   3     0.014     0.094    6.5   0.1   169   220   191   244   185   249 0.78 -
OLMU01000154_1:17087-17308 -             74 325552at2759         -            426   2.3e-05   18.4   0.3   1   1    0.0026     0.018    8.9   0.0    49    68     2    21     1    41 0.63 -
OLMU01000643_1:2219-2959   -            247 325552at2759         -            426   2.4e-05   18.3   0.6   1   4   0.00013   0.00087   13.2   0.0   192   233     3    45     1    58 0.70 -
OLMU01000643_1:2219-2959   -            247 325552at2759         -            426   2.4e-05   18.3   0.6   2   4       1.3       8.7    0.0   0.0    48    68    84   103    61   121 0.81 -
OLMU01000643_1:2219-2959   -            247 325552at2759         -            426   2.4e-05   18.3   0.6   3   4       2.3        16   -0.9   0.0   160   188   139   166   133   178 0.72 -
OLMU01000643_1:2219-2959   -            247 325552at2759         -            426   2.4e-05   18.3   0.6   4   4       1.8        12   -0.5   0.0   151   193   201   246   187   247 0.61 -
OLMU01002478_1:971-1615    -            215 325552at2759         -            426   2.7e-05   18.2   0.1   1   2      0.17       1.1    2.9   0.0    33    56    29    52    21    64 0.69 -
OLMU01002478_1:971-1615    -            215 325552at2759         -            426   2.7e-05   18.2   0.1   2   2   0.00019    0.0013   12.6   0.1   161   224   143   210   124   214 0.81 -
OLMU01000076_1:619-1150    -            128 325552at2759         -            426   9.8e-05   16.3   2.0   1   3    0.0026     0.018    8.9   0.1   194   227    18    52     1    55 0.69 -
OLMU01000076_1:619-1150    -            128 325552at2759         -            426   9.8e-05   16.3   2.0   2   3    0.0061     0.042    7.6   0.0   205   228    54    78    52    91 0.76 -
OLMU01000076_1:619-1150    -            128 325552at2759         -            426   9.8e-05   16.3   2.0   3   3         9        62   -2.8   0.1   369   381   102   114   101   127 0.56 -
OLMU01006545_1:6-188       -             61 325552at2759         -            426    0.0001   16.3   0.0   1   1     2e-05   0.00014   15.8   0.0   168   224     5    61     2    61 0.96 -
OLMU01003961_1:8196-8558   -            121 325552at2759         -            426   0.00022   15.2   0.0   1   1     4e-05   0.00028   14.8   0.0   148   215    10    83     3    87 0.76 -
OLMU01000350_1:2373-2783   -            137 325552at2759         -            426   0.00042   14.2   0.1   1   1   8.9e-05   0.00061   13.7   0.1   357   402    38    79     4    90 0.72 -
OLMU01000154_1:16419-16886 -            156 325552at2759         -            426   0.00048   14.0   3.9   1   2      0.39       2.7    1.7   2.0   173   188     4    19     1    85 0.46 -
OLMU01000154_1:16419-16886 -            156 325552at2759         -            426   0.00048   14.0   3.9   2   2   0.00076    0.0052   10.6   0.0   191   228    90   127    83   141 0.87 -
OLMU01000115_1:7940-8191   -             84 325552at2759         -            426    0.0006   13.7   0.1   1   1   0.00011   0.00072   13.4   0.1   158   224     6    84     1    84 0.69 -
OLMU01006035_1:5-4270      -            955 325552at2759         -            426   0.00098   13.0   4.7   1   3    0.0085     0.059    7.2   0.0   196   226   527   557   517   564 0.61 -
OLMU01006035_1:5-4270      -            955 325552at2759         -            426   0.00098   13.0   4.7   2   3      0.02      0.14    5.9   0.4   157   229   588   670   579   690 0.72 -
OLMU01006035_1:5-4270      -            955 325552at2759         -            426   0.00098   13.0   4.7   3   3       9.4        65   -2.9   0.0    46    65   695   714   684   727 0.68 -
OLMU01000276_1:3110-3703   -            198 325552at2759         -            426    0.0012   12.7   0.0   1   2    0.0042     0.029    8.2   0.0   252   390    28    71    18    82 0.67 -
OLMU01000276_1:3110-3703   -            198 325552at2759         -            426    0.0012   12.7   0.0   2   2      0.19       1.3    2.7   0.0   149   183   161   196   116   198 0.48 -
OLMU01004948_1:15233-15505 -             91 325552at2759         -            426    0.0013   12.6   0.0   1   1   0.00031    0.0021   11.9   0.0   154   208    22    77     2    91 0.86 -
#
# Program:         hmmsearch
# Version:         3.1b2 (February 2015)
# Pipeline mode:   SEARCH
# Query file:      /Users/aholzer/ownCloud/PhD/Publications/2021 Liavero-Pasquina et al./analysis/TPP_aptamer_search/busco_downloads/lineages/eukaryota_odb10/hmms/325552at2759.hmm
# Target file:     /Users/aholzer/ownCloud/PhD/Publications/2021 Liavero-Pasquina et al./analysis/TPP_aptamer_search/genomes/BUSCO_eukaryota_obd10/Licmophora_abbreviata_CCMP470/run_eukaryota_odb10/metaeuk_output/rerun_results/GCA_900291995.1_CCMP470_genomic.fna.modified.fas
# Option settings: hmmsearch --domtblout /Users/aholzer/ownCloud/PhD/Publications/2021 Liavero-Pasquina et al./analysis/TPP_aptamer_search/genomes/BUSCO_eukaryota_obd10/Licmophora_abbreviata_CCMP470/run_eukaryota_odb10/hmmer_output/rerun_results/325552at2759.out --cpu 1 /Users/aholzer/ownCloud/PhD/Publications/2021 Liavero-Pasquina et al./analysis/TPP_aptamer_search/busco_downloads/lineages/eukaryota_odb10/hmms/325552at2759.hmm /Users/aholzer/ownCloud/PhD/Publications/2021 Liavero-Pasquina et al./analysis/TPP_aptamer_search/genomes/BUSCO_eukaryota_obd10/Licmophora_abbreviata_CCMP470/run_eukaryota_odb10/metaeuk_output/rerun_results/GCA_900291995.1_CCMP470_genomic.fna.modified.fas 
# Current dir:     /Users/aholzer/ownCloud/PhD/Publications/2021 Liavero-Pasquina et al./analysis/TPP_aptamer_search
# Date:            Mon Apr 19 10:04:29 2021
# [ok]
