#                                                                                  --- full sequence --- -------------- this domain -------------   hmm coord   ali coord   env coord
# target name              accession   tlen query name           accession   qlen   E-value  score  bias   #  of  c-Evalue  i-Evalue  score  bias  from    to  from    to  from    to  acc description of target
#      ------------------- ---------- ----- -------------------- ---------- ----- --------- ------ ----- --- --- --------- --------- ------ ----- ----- ----- ----- ----- ----- ----- ---- ---------------------
Sro_contig17:46143-47177   -            345 1107630at2759        -            210   4.7e-48  159.2   1.0   1   3   5.5e-09   1.2e-06   23.8   0.0     2    28    61    87    60    90 0.93 -
Sro_contig17:46143-47177   -            345 1107630at2759        -            210   4.7e-48  159.2   1.0   2   3   2.6e-17   5.9e-15   51.0   0.0    32    97   119   191   115   205 0.85 -
Sro_contig17:46143-47177   -            345 1107630at2759        -            210   4.7e-48  159.2   1.0   3   3   1.1e-26   2.4e-24   81.7   0.1   102   198   216   316   208   336 0.82 -
Sro_contig287:29692-30528  -            279 1107630at2759        -            210   8.4e-29   96.3   0.1   1   2   3.1e-12   7.1e-10   34.4   0.0     2    98     1   127     1   136 0.67 -
Sro_contig287:29692-30528  -            279 1107630at2759        -            210   8.4e-29   96.3   0.1   2   2   1.9e-19   4.3e-17   58.0   0.0   102   199   152   253   145   272 0.81 -
Sro_contig179:78800-84606  -            223 1107630at2759        -            210   3.6e-22   74.6   0.0   1   1   2.2e-24     5e-22   74.1   0.0     2   178    17   208    16   220 0.84 -
Sro_contig1175:33174-33464 -             97 1107630at2759        -            210   2.9e-10   35.7   0.0   1   1   1.5e-12   3.4e-10   35.5   0.0     2    90     1    97     1    97 0.79 -
#
# Program:         hmmsearch
# Version:         3.1b2 (February 2015)
# Pipeline mode:   SEARCH
# Query file:      /Users/aholzer/ownCloud/PhD/Publications/2021 Liavero-Pasquina et al./analysis/TPP_aptamer_search/busco_downloads/lineages/eukaryota_odb10/hmms/1107630at2759.hmm
# Target file:     /Users/aholzer/ownCloud/PhD/Publications/2021 Liavero-Pasquina et al./analysis/TPP_aptamer_search/genomes/BUSCO_eukaryota_obd10/Seminavis_robusta_version1.2/run_eukaryota_odb10/metaeuk_output/rerun_results/Seminavis_robusta_genomeV1.fna.modified.fas
# Option settings: hmmsearch --domtblout /Users/aholzer/ownCloud/PhD/Publications/2021 Liavero-Pasquina et al./analysis/TPP_aptamer_search/genomes/BUSCO_eukaryota_obd10/Seminavis_robusta_version1.2/run_eukaryota_odb10/hmmer_output/rerun_results/1107630at2759.out --cpu 1 /Users/aholzer/ownCloud/PhD/Publications/2021 Liavero-Pasquina et al./analysis/TPP_aptamer_search/busco_downloads/lineages/eukaryota_odb10/hmms/1107630at2759.hmm /Users/aholzer/ownCloud/PhD/Publications/2021 Liavero-Pasquina et al./analysis/TPP_aptamer_search/genomes/BUSCO_eukaryota_obd10/Seminavis_robusta_version1.2/run_eukaryota_odb10/metaeuk_output/rerun_results/Seminavis_robusta_genomeV1.fna.modified.fas 
# Current dir:     /Users/aholzer/ownCloud/PhD/Publications/2021 Liavero-Pasquina et al./analysis/TPP_aptamer_search
# Date:            Sun Apr 18 13:41:08 2021
# [ok]
