#                                                                                   --- full sequence --- -------------- this domain -------------   hmm coord   ali coord   env coord
# target name               accession   tlen query name           accession   qlen   E-value  score  bias   #  of  c-Evalue  i-Evalue  score  bias  from    to  from    to  from    to  acc description of target
#       ------------------- ---------- ----- -------------------- ---------- ----- --------- ------ ----- --- --- --------- --------- ------ ----- ----- ----- ----- ----- ----- ----- ---- ---------------------
Sro_contig2407:10895-11827  -            311 866359at2759         -            265   1.3e-72  240.0   0.3   1   3   7.8e-33   9.3e-32  106.1   0.0     2   105     1   115     1   124 0.89 -
Sro_contig2407:10895-11827  -            311 866359at2759         -            265   1.3e-72  240.0   0.3   2   3      0.73       8.7    1.3   0.0     8    25   189   206   185   208 0.85 -
Sro_contig2407:10895-11827  -            311 866359at2759         -            265   1.3e-72  240.0   0.3   3   3   2.3e-40   2.7e-39  130.8   0.1   144   241   203   302   191   306 0.93 -
Sro_contig602:29166-30035   -            290 866359at2759         -            265   7.5e-31  103.1  11.5   1   6   8.1e-07   9.6e-06   20.8   0.0    45    84    10    49     5    52 0.93 -
Sro_contig602:29166-30035   -            290 866359at2759         -            265   7.5e-31  103.1  11.5   2   6   0.00016    0.0019   13.3   0.1    45    83    52    92    48    95 0.83 -
Sro_contig602:29166-30035   -            290 866359at2759         -            265   7.5e-31  103.1  11.5   3   6   1.5e-06   1.8e-05   20.0   0.0    45    83    96   134    93   137 0.94 -
Sro_contig602:29166-30035   -            290 866359at2759         -            265   7.5e-31  103.1  11.5   4   6   4.1e-08   4.9e-07   25.1   0.1    45    83   138   176   134   179 0.95 -
Sro_contig602:29166-30035   -            290 866359at2759         -            265   7.5e-31  103.1  11.5   5   6   0.00033    0.0039   12.3   0.0    45    82   180   216   178   226 0.87 -
Sro_contig602:29166-30035   -            290 866359at2759         -            265   7.5e-31  103.1  11.5   6   6   0.00048    0.0057   11.7   0.1    49    94   224   276   217   287 0.69 -
Sro_contig1558:10433-11293  -            287 866359at2759         -            265   1.7e-27   92.1   7.1   1   5   3.2e-10   3.8e-09   32.0   1.3    37    82    17    63    13    71 0.93 -
Sro_contig1558:10433-11293  -            287 866359at2759         -            265   1.7e-27   92.1   7.1   2   5    0.0024     0.029    9.4   0.0   229   258    71   100    66   107 0.83 -
Sro_contig1558:10433-11293  -            287 866359at2759         -            265   1.7e-27   92.1   7.1   3   5     0.012      0.14    7.2   0.0    57    83   129   155   120   174 0.81 -
Sro_contig1558:10433-11293  -            287 866359at2759         -            265   1.7e-27   92.1   7.1   4   5    0.0011     0.013   10.6   0.0   231   256   218   243   194   247 0.84 -
Sro_contig1558:10433-11293  -            287 866359at2759         -            265   1.7e-27   92.1   7.1   5   5     1e-10   1.2e-09   33.6   0.0   212   257   241   286   240   287 0.89 -
Sro_contig77:85213-87141    -            643 866359at2759         -            265   1.1e-23   79.7  24.3   1   7     1e-08   1.2e-07   27.1   2.2     6    81     1    82     1    95 0.87 -
Sro_contig77:85213-87141    -            643 866359at2759         -            265   1.1e-23   79.7  24.3   2   7    0.0008    0.0095   11.0   0.1    26    79   106   162    92   168 0.81 -
Sro_contig77:85213-87141    -            643 866359at2759         -            265   1.1e-23   79.7  24.3   3   7     0.021      0.24    6.4   0.5    45    77   170   201   167   210 0.80 -
Sro_contig77:85213-87141    -            643 866359at2759         -            265   1.1e-23   79.7  24.3   4   7    0.0067      0.08    8.0   0.0   222   253   265   295   236   304 0.79 -
Sro_contig77:85213-87141    -            643 866359at2759         -            265   1.1e-23   79.7  24.3   5   7   6.1e-06   7.2e-05   18.0   0.1    32    81   338   388   318   393 0.87 -
Sro_contig77:85213-87141    -            643 866359at2759         -            265   1.1e-23   79.7  24.3   6   7   4.5e-06   5.3e-05   18.4   0.2    45    84   394   433   387   469 0.90 -
Sro_contig77:85213-87141    -            643 866359at2759         -            265   1.1e-23   79.7  24.3   7   7       1.4        16    0.4   0.1   105   141   550   587   459   596 0.51 -
Sro_contig465:43711-44862   -            384 866359at2759         -            265   4.2e-21   71.2  16.3   1   6   2.1e-07   2.5e-06   22.8   1.5    45   170     4   134     2   138 0.75 -
Sro_contig465:43711-44862   -            384 866359at2759         -            265   4.2e-21   71.2  16.3   2   6      0.01      0.12    7.4   0.7    23    75   109   165   105   194 0.54 -
Sro_contig465:43711-44862   -            384 866359at2759         -            265   4.2e-21   71.2  16.3   3   6       0.5       5.9    1.8   0.0   148   187   153   198   147   210 0.54 -
Sro_contig465:43711-44862   -            384 866359at2759         -            265   4.2e-21   71.2  16.3   4   6       3.2        38   -0.8   0.0    59    78   240   259   233   265 0.82 -
Sro_contig465:43711-44862   -            384 866359at2759         -            265   4.2e-21   71.2  16.3   5   6   7.5e-13   8.9e-12   40.6   0.6     6    81   267   347   262   353 0.89 -
Sro_contig465:43711-44862   -            384 866359at2759         -            265   4.2e-21   71.2  16.3   6   6    0.0047     0.056    8.5   0.1    45    74   355   384   347   384 0.94 -
Sro_contig3059:4426-5289    -            288 866359at2759         -            265   1.2e-20   69.7  12.0   1   6    0.0029     0.035    9.2   0.0    46    75     1    30     1    39 0.77 -
Sro_contig3059:4426-5289    -            288 866359at2759         -            265   1.2e-20   69.7  12.0   2   6   6.2e-09   7.4e-08   27.8   1.4     5    86    39   127    38   129 0.84 -
Sro_contig3059:4426-5289    -            288 866359at2759         -            265   1.2e-20   69.7  12.0   3   6    0.0073     0.086    7.9   0.1    41    82   123   164   121   168 0.90 -
Sro_contig3059:4426-5289    -            288 866359at2759         -            265   1.2e-20   69.7  12.0   4   6   0.00091     0.011   10.8   0.1    41    77   165   201   161   218 0.82 -
Sro_contig3059:4426-5289    -            288 866359at2759         -            265   1.2e-20   69.7  12.0   5   6      0.17         2    3.4   0.0   234   257   229   250   224   254 0.78 -
Sro_contig3059:4426-5289    -            288 866359at2759         -            265   1.2e-20   69.7  12.0   6   6   2.6e-05    0.0003   15.9   0.0   210   249   247   286   245   288 0.92 -
Sro_contig925:26738-27649   -            267 866359at2759         -            265     6e-19   64.1   4.3   1   3   2.6e-07   3.1e-06   22.5   1.8    13   109     1   110     1   117 0.77 -
Sro_contig925:26738-27649   -            267 866359at2759         -            265     6e-19   64.1   4.3   2   3   4.4e-10   5.2e-09   31.5   0.1     7    83   121   204   114   208 0.84 -
Sro_contig925:26738-27649   -            267 866359at2759         -            265     6e-19   64.1   4.3   3   3    0.0037     0.044    8.8   0.0    46    86   209   249   206   261 0.90 -
Sro_contig69:56339-56908    -            190 866359at2759         -            265   4.6e-17   58.0   0.9   1   3   0.00019    0.0022   13.1   0.0    45    76    11    42     5    49 0.71 -
Sro_contig69:56339-56908    -            190 866359at2759         -            265   4.6e-17   58.0   0.9   2   3   8.4e-08   9.9e-07   24.1   0.0     4    83    55   139    53   142 0.90 -
Sro_contig69:56339-56908    -            190 866359at2759         -            265   4.6e-17   58.0   0.9   3   3   5.8e-06   6.9e-05   18.0   0.2    45    85   143   183   140   189 0.91 -
Sro_contig1589:3435-3818    -            128 866359at2759         -            265   2.7e-16   55.4   1.8   1   2   2.3e-11   2.7e-10   35.7   0.3     5    84     3    85     2    90 0.91 -
Sro_contig1589:3435-3818    -            128 866359at2759         -            265   2.7e-16   55.4   1.8   2   2   1.6e-05   0.00019   16.6   0.1    46    84    89   127    87   128 0.90 -
Sro_contig245:78793-79563   -            257 866359at2759         -            265   7.1e-15   50.8   5.0   1   4     2e-06   2.4e-05   19.6   0.3    32    97     2    68     1    96 0.86 -
Sro_contig245:78793-79563   -            257 866359at2759         -            265   7.1e-15   50.8   5.0   2   4   0.00013    0.0015   13.6   0.2    59    84    98   123    87   177 0.64 -
Sro_contig245:78793-79563   -            257 866359at2759         -            265   7.1e-15   50.8   5.0   3   4   0.00026    0.0031   12.6   0.0    61    85   200   224   193   230 0.86 -
Sro_contig245:78793-79563   -            257 866359at2759         -            265   7.1e-15   50.8   5.0   4   4     0.073      0.87    4.6   0.0   226   253   227   254   222   257 0.84 -
Sro_contig3892:2835-3287    -            151 866359at2759         -            265   1.8e-14   49.5   1.2   1   4   7.3e-05   0.00086   14.4   0.0    45    90     3    48     2    62 0.85 -
Sro_contig3892:2835-3287    -            151 866359at2759         -            265   1.8e-14   49.5   1.2   2   4    0.0012     0.014   10.4   0.0    50    85    50    86    42    88 0.78 -
Sro_contig3892:2835-3287    -            151 866359at2759         -            265   1.8e-14   49.5   1.2   3   4   2.6e-09   3.1e-08   29.0   0.2    32    86    74   129    73   131 0.91 -
Sro_contig3892:2835-3287    -            151 866359at2759         -            265   1.8e-14   49.5   1.2   4   4       1.6        19    0.2   0.0    45    66   130   151   126   151 0.85 -
Sro_contig1810:10969-11670  -            234 866359at2759         -            265   6.3e-14   47.7   4.6   1   3    0.0012     0.014   10.5   0.2    46    78     1    43     1    52 0.66 -
Sro_contig1810:10969-11670  -            234 866359at2759         -            265   6.3e-14   47.7   4.6   2   3   1.1e-06   1.4e-05   20.3   0.0    41    81   121   161   105   164 0.91 -
Sro_contig1810:10969-11670  -            234 866359at2759         -            265   6.3e-14   47.7   4.6   3   3   1.5e-05   0.00018   16.7   0.2     5    69   164   233   161   234 0.82 -
Sro_contig1033:37034-37867  -            278 866359at2759         -            265   2.5e-12   42.4   7.5   1   5       2.6        31   -0.5   0.0   110   134    33    57    26    70 0.70 -
Sro_contig1033:37034-37867  -            278 866359at2759         -            265   2.5e-12   42.4   7.5   2   5   0.00093     0.011   10.8   0.3    32    78    58   105    42   127 0.84 -
Sro_contig1033:37034-37867  -            278 866359at2759         -            265   2.5e-12   42.4   7.5   3   5   1.6e-06   1.8e-05   19.9   0.0    44    86   158   200   156   203 0.91 -
Sro_contig1033:37034-37867  -            278 866359at2759         -            265   2.5e-12   42.4   7.5   4   5   0.00053    0.0063   11.6   0.1    45    84   201   239   199   248 0.87 -
Sro_contig1033:37034-37867  -            278 866359at2759         -            265   2.5e-12   42.4   7.5   5   5      0.63       7.4    1.5   0.1    52    74   256   278   239   278 0.81 -
Sro_contig565:3804-4637     -            278 866359at2759         -            265   2.5e-12   42.4   7.5   1   5       2.6        31   -0.5   0.0   110   134    33    57    26    70 0.70 -
Sro_contig565:3804-4637     -            278 866359at2759         -            265   2.5e-12   42.4   7.5   2   5   0.00093     0.011   10.8   0.3    32    78    58   105    42   127 0.84 -
Sro_contig565:3804-4637     -            278 866359at2759         -            265   2.5e-12   42.4   7.5   3   5   1.6e-06   1.8e-05   19.9   0.0    44    86   158   200   156   203 0.91 -
Sro_contig565:3804-4637     -            278 866359at2759         -            265   2.5e-12   42.4   7.5   4   5   0.00053    0.0063   11.6   0.1    45    84   201   239   199   248 0.87 -
Sro_contig565:3804-4637     -            278 866359at2759         -            265   2.5e-12   42.4   7.5   5   5      0.63       7.4    1.5   0.1    52    74   256   278   239   278 0.81 -
Sro_contig1308:11462-11935  -            158 866359at2759         -            265   4.4e-12   41.6   3.0   1   4   3.3e-05   0.00039   15.5   0.1    45    84     4    43     2    45 0.92 -
Sro_contig1308:11462-11935  -            158 866359at2759         -            265   4.4e-12   41.6   3.0   2   4    0.0023     0.027    9.5   0.0     6    31    44    69    41    73 0.92 -
Sro_contig1308:11462-11935  -            158 866359at2759         -            265   4.4e-12   41.6   3.0   3   4   6.5e-05   0.00077   14.6   0.0   210   250    73   114    71   121 0.89 -
Sro_contig1308:11462-11935  -            158 866359at2759         -            265   4.4e-12   41.6   3.0   4   4       1.6        18    0.2   0.0    44    68   134   158   131   158 0.77 -
Sro_contig2445:2056-2529    -            158 866359at2759         -            265   4.4e-12   41.6   3.0   1   4   3.3e-05   0.00039   15.5   0.1    45    84     4    43     2    45 0.92 -
Sro_contig2445:2056-2529    -            158 866359at2759         -            265   4.4e-12   41.6   3.0   2   4    0.0023     0.027    9.5   0.0     6    31    44    69    41    73 0.92 -
Sro_contig2445:2056-2529    -            158 866359at2759         -            265   4.4e-12   41.6   3.0   3   4   6.5e-05   0.00077   14.6   0.0   210   250    73   114    71   121 0.89 -
Sro_contig2445:2056-2529    -            158 866359at2759         -            265   4.4e-12   41.6   3.0   4   4       1.6        18    0.2   0.0    44    68   134   158   131   158 0.77 -
Sro_contig669:33359-36042   -            778 866359at2759         -            265   7.4e-12   40.9   3.3   1   4   0.00053    0.0063   11.6   0.0    32    83    35    87    29   108 0.81 -
Sro_contig669:33359-36042   -            778 866359at2759         -            265   7.4e-12   40.9   3.3   2   4     0.027      0.32    6.0   0.0    45    83    91   132    88   135 0.71 -
Sro_contig669:33359-36042   -            778 866359at2759         -            265   7.4e-12   40.9   3.3   3   4     0.026       0.3    6.1   0.1    45    77   136   168   134   177 0.90 -
Sro_contig669:33359-36042   -            778 866359at2759         -            265   7.4e-12   40.9   3.3   4   4   8.1e-05   0.00096   14.3   0.1     5    87   212   301   209   338 0.83 -
Sro_contig925:31088-31597   -            170 866359at2759         -            265   3.4e-11   38.7   1.0   1   2   0.00079    0.0094   11.0   0.0    46    76     1    31     1    42 0.86 -
Sro_contig925:31088-31597   -            170 866359at2759         -            265   3.4e-11   38.7   1.0   2   2   3.2e-08   3.7e-07   25.4   0.2    42   111    86   161    43   170 0.74 -
Sro_contig795:33144-33953   -            270 866359at2759         -            265   1.4e-10   36.6   4.5   1   4   0.00037    0.0044   12.1   0.1    45    83    55    92    45    96 0.85 -
Sro_contig795:33144-33953   -            270 866359at2759         -            265   1.4e-10   36.6   4.5   2   4     0.011      0.13    7.3   0.1    45    81    96   133    91   138 0.73 -
Sro_contig795:33144-33953   -            270 866359at2759         -            265   1.4e-10   36.6   4.5   3   4   3.7e-05   0.00044   15.4   0.1   221   258   136   172   130   179 0.85 -
Sro_contig795:33144-33953   -            270 866359at2759         -            265   1.4e-10   36.6   4.5   4   4      0.73       8.6    1.3   0.0    46    72   242   268   197   270 0.55 -
Sro_contig484:31205-31951   -            249 866359at2759         -            265   3.2e-10   35.5   7.3   1   4   2.1e-07   2.5e-06   22.8   0.2    45    81     4    40     2    60 0.88 -
Sro_contig484:31205-31951   -            249 866359at2759         -            265   3.2e-10   35.5   7.3   2   4     0.017       0.2    6.7   0.8    45    77    61    92    50   136 0.77 -
Sro_contig484:31205-31951   -            249 866359at2759         -            265   3.2e-10   35.5   7.3   3   4       1.7        20    0.1   0.0    52    78   110   137   101   155 0.69 -
Sro_contig484:31205-31951   -            249 866359at2759         -            265   3.2e-10   35.5   7.3   4   4    0.0097      0.11    7.5   0.0    59    87   205   233   192   248 0.81 -
Sro_contig50:129072-129635  -            188 866359at2759         -            265   6.4e-10   34.5   1.1   1   2   6.6e-05   0.00078   14.6   0.2    49    85     7    43     1    48 0.89 -
Sro_contig50:129072-129635  -            188 866359at2759         -            265   6.4e-10   34.5   1.1   2   2   6.2e-06   7.3e-05   17.9   0.0     8    94    45   140    43   158 0.73 -
Sro_contig2616:5944-6885    -            314 866359at2759         -            265     8e-10   34.2   4.9   1   5     0.018      0.21    6.6   0.0    46    83     2    40     1    44 0.72 -
Sro_contig2616:5944-6885    -            314 866359at2759         -            265     8e-10   34.2   4.9   2   5    0.0045     0.053    8.6   0.0     7    31    44    68    38    76 0.86 -
Sro_contig2616:5944-6885    -            314 866359at2759         -            265     8e-10   34.2   4.9   3   5       3.6        43   -1.0   0.1    43    79   104   139   100   159 0.79 -
Sro_contig2616:5944-6885    -            314 866359at2759         -            265     8e-10   34.2   4.9   4   5    0.0023     0.028    9.5   0.0    45    79   236   270   227   283 0.71 -
Sro_contig2616:5944-6885    -            314 866359at2759         -            265     8e-10   34.2   4.9   5   5    0.0068     0.081    8.0   0.0    49    77   283   311   275   314 0.90 -
Sro_contig369:21604-22350   -            249 866359at2759         -            265   9.4e-10   34.0   2.4   1   3    0.0071     0.084    7.9   0.0     6    33     1    30     1    44 0.83 -
Sro_contig369:21604-22350   -            249 866359at2759         -            265   9.4e-10   34.0   2.4   2   3     0.006     0.071    8.1   0.4     5    74    52   136    48   148 0.73 -
Sro_contig369:21604-22350   -            249 866359at2759         -            265   9.4e-10   34.0   2.4   3   3   3.9e-05   0.00047   15.3   0.0   222   256   211   246   207   249 0.89 -
Sro_contig827:26729-27810   -            327 866359at2759         -            265   1.7e-09   33.2   0.5   1   2   0.00092     0.011   10.8   0.1    43    92    33    82    26   122 0.81 -
Sro_contig827:26729-27810   -            327 866359at2759         -            265   1.7e-09   33.2   0.5   2   2   1.1e-06   1.3e-05   20.4   0.1    45   103   210   275   175   295 0.80 -
Sro_contig169:41758-42321   -            188 866359at2759         -            265   3.7e-09   32.0   0.1   1   2   0.00041    0.0049   12.0   0.0    45   116    25   106     1   109 0.60 -
Sro_contig169:41758-42321   -            188 866359at2759         -            265   3.7e-09   32.0   0.1   2   2   0.00085      0.01   10.9   0.0   207   253   137   183   128   188 0.88 -
Sro_contig755:48410-48685   -             92 866359at2759         -            265     4e-09   31.9   0.1   1   1   3.6e-10   4.2e-09   31.8   0.1    31    86     5    61     2    86 0.91 -
Sro_contig9:182783-183523   -            247 866359at2759         -            265   5.3e-09   31.5   1.0   1   4   2.3e-07   2.7e-06   22.6   0.0    18    86    14    87     2    98 0.84 -
Sro_contig9:182783-183523   -            247 866359at2759         -            265   5.3e-09   31.5   1.0   2   4     0.023      0.27    6.3   0.1    60   103   103   153    93   169 0.60 -
Sro_contig9:182783-183523   -            247 866359at2759         -            265   5.3e-09   31.5   1.0   3   4      0.12       1.4    3.9   0.1    37    78   121   164   109   200 0.69 -
Sro_contig9:182783-183523   -            247 866359at2759         -            265   5.3e-09   31.5   1.0   4   4       7.7        91   -2.0   0.0   228   249   224   245   214   246 0.66 -
Sro_contig1141:31347-32246  -            300 866359at2759         -            265   5.4e-09   31.5   0.8   1   1   2.8e-09   3.3e-08   28.9   0.6     5   104    23   131    21   156 0.78 -
Sro_contig1:199513-199917   -            135 866359at2759         -            265   6.2e-09   31.3   1.3   1   3    0.0097      0.12    7.5   0.0    59    78    16    35     7    43 0.86 -
Sro_contig1:199513-199917   -            135 866359at2759         -            265   6.2e-09   31.3   1.3   2   3   0.00045    0.0053   11.8   0.4    45    87    58   101    54   111 0.79 -
Sro_contig1:199513-199917   -            135 866359at2759         -            265   6.2e-09   31.3   1.3   3   3     0.001     0.012   10.6   0.0    45    76   102   134    96   135 0.82 -
Sro_contig274:57783-58064   -             94 866359at2759         -            265     1e-08   30.6   1.0   1   2   1.7e-05    0.0002   16.5   0.1    45    78     3    36     1    43 0.91 -
Sro_contig274:57783-58064   -             94 866359at2759         -            265     1e-08   30.6   1.0   2   2   0.00014    0.0016   13.5   0.2    43    83    44    84    38    93 0.90 -
Sro_contig14:89022-90014    -            331 866359at2759         -            265   1.4e-08   30.2  10.2   1   6      0.11       1.3    4.0   0.0    46    81    24    63    17    71 0.71 -
Sro_contig14:89022-90014    -            331 866359at2759         -            265   1.4e-08   30.2  10.2   2   6    0.0067     0.079    8.0   0.0   216   247    90   120    82   121 0.86 -
Sro_contig14:89022-90014    -            331 866359at2759         -            265   1.4e-08   30.2  10.2   3   6    0.0047     0.056    8.5   0.2    48    85   101   138    98   145 0.78 -
Sro_contig14:89022-90014    -            331 866359at2759         -            265   1.4e-08   30.2  10.2   4   6     0.013      0.16    7.0   0.1    44    82   148   187   137   190 0.80 -
Sro_contig14:89022-90014    -            331 866359at2759         -            265   1.4e-08   30.2  10.2   5   6     0.024      0.29    6.2   0.0    43    80   190   228   185   235 0.77 -
Sro_contig14:89022-90014    -            331 866359at2759         -            265   1.4e-08   30.2  10.2   6   6      0.36       4.3    2.3   0.2     9    57   243   298   238   331 0.52 -
Sro_contig341:52863-54881   -            673 866359at2759         -            265   1.5e-08   30.0   5.0   1   6      0.14       1.6    3.7   0.0   225   259    80   115    75   121 0.77 -
Sro_contig341:52863-54881   -            673 866359at2759         -            265   1.5e-08   30.0   5.0   2   6   0.00013    0.0016   13.6   0.2    11    85   228   309   222   316 0.79 -
Sro_contig341:52863-54881   -            673 866359at2759         -            265   1.5e-08   30.0   5.0   3   6      0.14       1.6    3.7   0.2    36    81   356   402   340   456 0.80 -
Sro_contig341:52863-54881   -            673 866359at2759         -            265   1.5e-08   30.0   5.0   4   6         3        36   -0.7   0.0   224   243   543   562   505   589 0.58 -
Sro_contig341:52863-54881   -            673 866359at2759         -            265   1.5e-08   30.0   5.0   5   6     0.049      0.58    5.2   0.0   226   260   590   624   582   629 0.78 -
Sro_contig341:52863-54881   -            673 866359at2759         -            265   1.5e-08   30.0   5.0   6   6       8.4        99   -2.2   0.0    44    78   631   667   625   670 0.73 -
Sro_contig1039:9585-10142   -            186 866359at2759         -            265   3.8e-08   28.7   0.1   1   3    0.0054     0.064    8.3   0.0   223   257     1    36     1    45 0.80 -
Sro_contig1039:9585-10142   -            186 866359at2759         -            265   3.8e-08   28.7   0.1   2   3      0.13       1.6    3.7   0.1    49    85    95   138    83   150 0.69 -
Sro_contig1039:9585-10142   -            186 866359at2759         -            265   3.8e-08   28.7   0.1   3   3   0.00015    0.0017   13.4   0.0    57    86   154   183   140   185 0.87 -
Sro_contig2049:5601-6377    -            259 866359at2759         -            265     8e-08   27.6   3.6   1   4   4.6e-05   0.00054   15.1   0.1    44    86    28    70     3    85 0.85 -
Sro_contig2049:5601-6377    -            259 866359at2759         -            265     8e-08   27.6   3.6   2   4       1.3        15    0.5   0.0   143   194    92   148    76   158 0.58 -
Sro_contig2049:5601-6377    -            259 866359at2759         -            265     8e-08   27.6   3.6   3   4     0.044      0.52    5.3   0.0    60    89   157   187   149   200 0.80 -
Sro_contig2049:5601-6377    -            259 866359at2759         -            265     8e-08   27.6   3.6   4   4     0.043      0.51    5.3   0.1    31    58   220   248   194   259 0.76 -
Sro_contig512:23918-24487   -            190 866359at2759         -            265     1e-07   27.3   4.1   1   2   1.7e-06   2.1e-05   19.7   0.6    45   140     3    99     1   116 0.82 -
Sro_contig512:23918-24487   -            190 866359at2759         -            265     1e-07   27.3   4.1   2   2    0.0043     0.051    8.6   0.2    37    83   138   188   130   190 0.75 -
Sro_contig381:19818-20558   -            247 866359at2759         -            265   1.1e-07   27.1   5.7   1   3   0.00016    0.0019   13.3   0.1    45    77     1    34     1    44 0.89 -
Sro_contig381:19818-20558   -            247 866359at2759         -            265   1.1e-07   27.1   5.7   2   3   4.5e-05   0.00054   15.1   0.9    61   164    78   186    46   204 0.66 -
Sro_contig381:19818-20558   -            247 866359at2759         -            265   1.1e-07   27.1   5.7   3   3       4.3        52   -1.2   0.0   239   258   211   230   188   235 0.74 -
Sro_contig1080:32834-33607  -            258 866359at2759         -            265   1.3e-07   27.0   8.4   1   4       1.1        13    0.7   0.1    55    76    49    70     2    73 0.53 -
Sro_contig1080:32834-33607  -            258 866359at2759         -            265   1.3e-07   27.0   8.4   2   4     0.008     0.094    7.7   0.0    43    75    92   127    85   135 0.80 -
Sro_contig1080:32834-33607  -            258 866359at2759         -            265   1.3e-07   27.0   8.4   3   4   5.4e-05   0.00064   14.8   0.3    55    86   155   186   132   192 0.76 -
Sro_contig1080:32834-33607  -            258 866359at2759         -            265   1.3e-07   27.0   8.4   4   4     0.027      0.32    6.0   0.1    49    79   192   225   187   236 0.64 -
Sro_contig576:29290-29769   -            160 866359at2759         -            265   4.1e-07   25.3   0.3   1   3       9.9   1.2e+02   -2.4   0.0   238   255     1    18     1    24 0.76 -
Sro_contig576:29290-29769   -            160 866359at2759         -            265   4.1e-07   25.3   0.3   2   3   0.00042     0.005   11.9   0.0    45    84    34    75    22   108 0.71 -
Sro_contig576:29290-29769   -            160 866359at2759         -            265   4.1e-07   25.3   0.3   3   3   0.00056    0.0066   11.5   0.0    40    76   111   150    90   154 0.61 -
Sro_contig603:1-3276        -           1092 866359at2759         -            265   4.3e-07   25.2   2.0   1   5   0.00017     0.002   13.2   0.2    45    95   645   695   638   732 0.78 -
Sro_contig603:1-3276        -           1092 866359at2759         -            265   4.3e-07   25.2   2.0   2   5       4.8        57   -1.4   0.1    54    94   710   750   700   806 0.59 -
Sro_contig603:1-3276        -           1092 866359at2759         -            265   4.3e-07   25.2   2.0   3   5     0.075      0.88    4.6   0.0    61   101   889   929   876   980 0.71 -
Sro_contig603:1-3276        -           1092 866359at2759         -            265   4.3e-07   25.2   2.0   4   5      0.24       2.9    2.9   0.0    58    81   979  1002   969  1014 0.80 -
Sro_contig603:1-3276        -           1092 866359at2759         -            265   4.3e-07   25.2   2.0   5   5       3.3        40   -0.9   0.1    46    74  1064  1091  1057  1092 0.80 -
Sro_contig382:64673-65434   -            254 866359at2759         -            265   4.6e-07   25.1   4.2   1   5    0.0031     0.036    9.1   0.4    55    85     3    33     1    54 0.84 -
Sro_contig382:64673-65434   -            254 866359at2759         -            265   4.6e-07   25.1   4.2   2   5      0.22       2.6    3.0   0.1    35    81    39    85    30    90 0.80 -
Sro_contig382:64673-65434   -            254 866359at2759         -            265   4.6e-07   25.1   4.2   3   5    0.0017      0.02   10.0   0.0     7    77    90   164    88   172 0.53 -
Sro_contig382:64673-65434   -            254 866359at2759         -            265   4.6e-07   25.1   4.2   4   5       5.5        65   -1.6   0.0   121   146   188   216   172   233 0.62 -
Sro_contig382:64673-65434   -            254 866359at2759         -            265   4.6e-07   25.1   4.2   5   5       2.4        29   -0.4   0.0    59    75   237   253   226   254 0.68 -
Sro_contig165:25078-25203   -             42 866359at2759         -            265   6.2e-07   24.7   0.0   1   1   5.4e-08   6.4e-07   24.7   0.0    45    85     1    41     1    42 0.95 -
Sro_contig652:28970-29737   -            256 866359at2759         -            265   6.9e-07   24.6   0.9   1   3   0.00018    0.0022   13.1   0.0    31    96     2    67     1    93 0.87 -
Sro_contig652:28970-29737   -            256 866359at2759         -            265   6.9e-07   24.6   0.9   2   3       0.8       9.5    1.2   0.1    50    76    98   124    90   128 0.86 -
Sro_contig652:28970-29737   -            256 866359at2759         -            265   6.9e-07   24.6   0.9   3   3     0.009      0.11    7.6   0.0    33    91   179   232   167   249 0.77 -
Sro_contig1376:10853-11794  -            314 866359at2759         -            265   7.3e-07   24.5   3.5   1   4     0.036      0.42    5.6   0.2    57    98    21    64     1    83 0.65 -
Sro_contig1376:10853-11794  -            314 866359at2759         -            265   7.3e-07   24.5   3.5   2   4     0.018      0.21    6.6   0.0   230   256    88   114    79   122 0.82 -
Sro_contig1376:10853-11794  -            314 866359at2759         -            265   7.3e-07   24.5   3.5   3   4       1.9        22   -0.0   0.0   228   247   180   199   174   211 0.74 -
Sro_contig1376:10853-11794  -            314 866359at2759         -            265   7.3e-07   24.5   3.5   4   4    0.0024     0.029    9.4   0.1    39    75   276   314   235   314 0.65 -
Sro_contig1027:2546-2845    -            100 866359at2759         -            265   9.2e-07   24.2   1.0   1   2      0.18       2.1    3.3   0.0    63    82     2    21     1    25 0.85 -
Sro_contig1027:2546-2845    -            100 866359at2759         -            265   9.2e-07   24.2   1.0   2   2   1.2e-06   1.5e-05   20.2   0.2    45    84    26    64    22    95 0.78 -
Sro_contig639:15901-16599   -            233 866359at2759         -            265   2.6e-06   22.7   1.6   1   3   2.4e-05   0.00029   16.0   0.1    45    78     5    38     2    47 0.91 -
Sro_contig639:15901-16599   -            233 866359at2759         -            265   2.6e-06   22.7   1.6   2   3     0.079      0.94    4.5   0.0    44    86    71   113    51   120 0.83 -
Sro_contig639:15901-16599   -            233 866359at2759         -            265   2.6e-06   22.7   1.6   3   3       3.5        41   -0.9   0.0    34    73   148   187   125   200 0.76 -
Sro_contig85:33023-33283    -             87 866359at2759         -            265   3.1e-06   22.5   0.0   1   1   2.6e-07   3.1e-06   22.5   0.0    31    83     6    59     2    80 0.85 -
Sro_contig841:27727-28218   -            164 866359at2759         -            265   3.6e-06   22.2   3.9   1   2   9.7e-06   0.00012   17.3   0.8    41    81    14    55     6    58 0.79 -
Sro_contig841:27727-28218   -            164 866359at2759         -            265   3.6e-06   22.2   3.9   2   2     0.028      0.33    5.9   0.1    41    94    58   112    53   121 0.74 -
Sro_contig1027:1670-1906    -             79 866359at2759         -            265   8.6e-06   21.0   0.2   1   1     1e-06   1.2e-05   20.5   0.1    45    84    26    65    20    77 0.91 -
Sro_contig1313:18967-22860  -           1298 866359at2759         -            265   8.8e-06   21.0   0.1   1   2      0.12       1.4    3.9   0.0    46    78   757   790   750   800 0.87 -
Sro_contig1313:18967-22860  -           1298 866359at2759         -            265   8.8e-06   21.0   0.1   2   2   0.00017    0.0021   13.2   0.0   223   254   848   879   842   888 0.74 -
Sro_contig1730:11361-11891  -            177 866359at2759         -            265   1.1e-05   20.6   3.0   1   2   5.5e-06   6.6e-05   18.1   0.7    29    96    25    93     1   107 0.78 -
Sro_contig1730:11361-11891  -            177 866359at2759         -            265   1.1e-05   20.6   3.0   2   2      0.47       5.6    1.9   0.1    58    74   159   175    98   177 0.48 -
Sro_contig26:73123-73518    -            132 866359at2759         -            265   1.6e-05   20.1   0.6   1   3      0.12       1.4    3.9   0.1    58    79    11    32     1    37 0.48 -
Sro_contig26:73123-73518    -            132 866359at2759         -            265   1.6e-05   20.1   0.6   2   3   0.00011    0.0013   13.8   0.0    44    81    39    76    36   103 0.90 -
Sro_contig26:73123-73518    -            132 866359at2759         -            265   1.6e-05   20.1   0.6   3   3         4        47   -1.1   0.0   232   253   109   130   105   132 0.81 -
Sro_contig589:14577-14852   -             92 866359at2759         -            265   1.8e-05   20.0   0.9   1   1   1.8e-05   0.00022   16.4   0.9     6    82     4    91     2    92 0.80 -
Sro_contig2353:1212-1823    -            204 866359at2759         -            265   2.1e-05   19.7   2.2   1   4       4.5        53   -1.3   0.0    59    79    18    38    12    59 0.60 -
Sro_contig2353:1212-1823    -            204 866359at2759         -            265   2.1e-05   19.7   2.2   2   4     0.095       1.1    4.2   0.0    47    90    55   102    50   140 0.66 -
Sro_contig2353:1212-1823    -            204 866359at2759         -            265   2.1e-05   19.7   2.2   3   4     0.002     0.024    9.7   0.3    56    85   142   171   130   178 0.83 -
Sro_contig2353:1212-1823    -            204 866359at2759         -            265   2.1e-05   19.7   2.2   4   4       0.1       1.2    4.1   0.0    49    76   176   204   166   204 0.81 -
Sro_contig1192:18365-19159  -            265 866359at2759         -            265     3e-05   19.2   1.3   1   4       2.5        29   -0.4   0.0    59    78    16    35     6    59 0.64 -
Sro_contig1192:18365-19159  -            265 866359at2759         -            265     3e-05   19.2   1.3   2   4     0.063      0.75    4.8   0.0    57    76    63    82    48    88 0.65 -
Sro_contig1192:18365-19159  -            265 866359at2759         -            265     3e-05   19.2   1.3   3   4     0.007     0.083    7.9   0.0    46   102    98   158    86   170 0.75 -
Sro_contig1192:18365-19159  -            265 866359at2759         -            265     3e-05   19.2   1.3   4   4      0.41       4.9    2.1   0.2   229   255   233   259   203   264 0.84 -
Sro_contig328:40909-41910   -            334 866359at2759         -            265   5.3e-05   18.4   0.7   1   4       4.5        53   -1.3   0.0    59    79    10    30     3    56 0.67 -
Sro_contig328:40909-41910   -            334 866359at2759         -            265   5.3e-05   18.4   0.7   2   4      0.11       1.3    4.0   0.0    57    76    57    76    52    85 0.63 -
Sro_contig328:40909-41910   -            334 866359at2759         -            265   5.3e-05   18.4   0.7   3   4     0.011      0.13    7.3   0.0    46   102    92   152    82   163 0.75 -
Sro_contig328:40909-41910   -            334 866359at2759         -            265   5.3e-05   18.4   0.7   4   4      0.47       5.6    1.9   0.1   229   256   227   254   197   261 0.84 -
Sro_contig93:93475-93759    -             95 866359at2759         -            265   6.2e-05   18.2   0.2   1   2    0.0039     0.046    8.8   0.0   125   174    14    63     2    73 0.75 -
Sro_contig93:93475-93759    -             95 866359at2759         -            265   6.2e-05   18.2   0.2   2   2    0.0045     0.054    8.5   0.0    46    79    62    95    60    95 0.88 -
Sro_contig1677:12800-13486  -            229 866359at2759         -            265   7.2e-05   18.0   0.4   1   3    0.0014     0.016   10.3   0.0   231   254    24    47    15    58 0.83 -
Sro_contig1677:12800-13486  -            229 866359at2759         -            265   7.2e-05   18.0   0.4   2   3      0.15       1.8    3.6   0.0    47    86    61   101    52   123 0.72 -
Sro_contig1677:12800-13486  -            229 866359at2759         -            265   7.2e-05   18.0   0.4   3   3       2.9        34   -0.7   0.0    84   106   163   185   147   210 0.67 -
Sro_contig108:105331-105615 -             95 866359at2759         -            265   7.7e-05   17.9   0.3   1   2    0.0039     0.046    8.8   0.0   124   173    13    62     2    73 0.73 -
Sro_contig108:105331-105615 -             95 866359at2759         -            265   7.7e-05   17.9   0.3   2   2     0.011      0.13    7.3   0.0    48    79    64    95    61    95 0.82 -
Sro_contig103:46389-46487   -             33 866359at2759         -            265    0.0001   17.5   0.0   1   1   8.7e-06    0.0001   17.5   0.0    45    75     3    33     1    33 0.96 -
Sro_contig1781:7772-8557    -            262 866359at2759         -            265    0.0001   17.5   0.7   1   4    0.0049     0.058    8.4   0.0    50    82    26    58    14    68 0.75 -
Sro_contig1781:7772-8557    -            262 866359at2759         -            265    0.0001   17.5   0.7   2   4      0.73       8.6    1.3   0.0    58    78    77    97    63   113 0.74 -
Sro_contig1781:7772-8557    -            262 866359at2759         -            265    0.0001   17.5   0.7   3   4      0.32       3.8    2.5   0.0    57    84   146   173   128   189 0.76 -
Sro_contig1781:7772-8557    -            262 866359at2759         -            265    0.0001   17.5   0.7   4   4       1.8        22   -0.0   0.0   225   249   231   254   226   261 0.63 -
Sro_contig925:30732-30998   -             89 866359at2759         -            265   0.00017   16.7   0.2   1   1   5.2e-05   0.00062   14.9   0.2    40    85    43    88     9    89 0.88 -
Sro_contig103:45927-46256   -            110 866359at2759         -            265   0.00019   16.6   0.2   1   2    0.0043     0.051    8.6   0.0     7    76     7    39     2    78 0.59 -
Sro_contig103:45927-46256   -            110 866359at2759         -            265   0.00019   16.6   0.2   2   2     0.015      0.17    6.9   0.0    45    82    69   109    62   110 0.73 -
Sro_contig1589:3948-4328    -            127 866359at2759         -            265   0.00021   16.4   0.0   1   2   0.00013    0.0015   13.6   0.0    55   138     6    87     1    96 0.78 -
Sro_contig1589:3948-4328    -            127 866359at2759         -            265   0.00021   16.4   0.0   2   2      0.72       8.5    1.3   0.1    45    67    97   119    82   127 0.73 -
Sro_contig1:199133-199659   -            125 866359at2759         -            265   0.00024   16.2   0.1   1   2    0.0008    0.0095   11.0   0.0    45    76    16    48     8    55 0.83 -
Sro_contig1:199133-199659   -            125 866359at2759         -            265   0.00024   16.2   0.1   2   2      0.19       2.3    3.2   0.0    60    78    57    75    49    84 0.80 -
Sro_contig791:5616-6431     -            272 866359at2759         -            265   0.00031   15.9   0.0   1   1   4.6e-05   0.00054   15.1   0.0    45    78   164   198   147   214 0.85 -
Sro_contig1058:36348-38566  -            683 866359at2759         -            265   0.00046   15.3   0.5   1   1   9.7e-05    0.0011   14.0   0.5    45    96   478   529   471   575 0.76 -
Sro_contig345:72562-74652   -            697 866359at2759         -            265   0.00048   15.3   0.0   1   2   0.00061    0.0072   11.4   0.0    52    82   432   462   425   472 0.74 -
Sro_contig345:72562-74652   -            697 866359at2759         -            265   0.00048   15.3   0.0   2   2      0.77       9.2    1.2   0.0     3    29   570   596   569   602 0.89 -
Sro_contig203:78477-80378   -            634 866359at2759         -            265   0.00077   14.6   1.3   1   5      0.62       7.4    1.5   0.0   230   256   204   230   201   236 0.79 -
Sro_contig203:78477-80378   -            634 866359at2759         -            265   0.00077   14.6   1.3   2   5      0.66       7.9    1.4   0.1    61    78   283   300   264   306 0.82 -
Sro_contig203:78477-80378   -            634 866359at2759         -            265   0.00077   14.6   1.3   3   5       1.2        14    0.7   0.0    65    89   343   367   328   390 0.80 -
Sro_contig203:78477-80378   -            634 866359at2759         -            265   0.00077   14.6   1.3   4   5      0.99        12    0.9   0.0   243   260   397   414   386   419 0.71 -
Sro_contig203:78477-80378   -            634 866359at2759         -            265   0.00077   14.6   1.3   5   5      0.25         3    2.8   0.0   225   257   426   458   417   466 0.84 -
Sro_contig294:27943-28800   -            286 866359at2759         -            265   0.00083   14.5   0.3   1   3       1.3        15    0.5   0.0   230   262    60    92    47    95 0.73 -
Sro_contig294:27943-28800   -            286 866359at2759         -            265   0.00083   14.5   0.3   2   3    0.0016     0.019   10.0   0.0    45    75   102   132    96   150 0.69 -
Sro_contig294:27943-28800   -            286 866359at2759         -            265   0.00083   14.5   0.3   3   3       2.3        28   -0.4   0.0    53    88   219   254   204   261 0.79 -
Sro_contig108:105944-106321 -            126 866359at2759         -            265    0.0022   13.1   0.0   1   1   0.00053    0.0062   11.6   0.0   221   255    11    45     6    54 0.88 -
Sro_contig627:53958-55577   -            540 866359at2759         -            265    0.0032   12.6   0.3   1   4      0.27       3.2    2.7   0.1   147   195   243   295   227   307 0.76 -
Sro_contig627:53958-55577   -            540 866359at2759         -            265    0.0032   12.6   0.3   2   4       3.6        42   -0.9   0.0   235   254   364   383   360   392 0.78 -
Sro_contig627:53958-55577   -            540 866359at2759         -            265    0.0032   12.6   0.3   3   4       1.5        17    0.3   0.0   231   257   434   460   430   468 0.82 -
Sro_contig627:53958-55577   -            540 866359at2759         -            265    0.0032   12.6   0.3   4   4      0.13       1.6    3.7   0.0   230   249   479   498   472   507 0.86 -
Sro_contig169:44568-45587   -            340 866359at2759         -            265    0.0035   12.4   4.9   1   4       0.3       3.5    2.6   0.1    61    82    11    32     4    49 0.80 -
Sro_contig169:44568-45587   -            340 866359at2759         -            265    0.0035   12.4   4.9   2   4      0.53       6.2    1.8   0.1    47    83   106   140    90   157 0.78 -
Sro_contig169:44568-45587   -            340 866359at2759         -            265    0.0035   12.4   4.9   3   4      0.48       5.7    1.9   0.1    62   153   178   269   174   300 0.67 -
Sro_contig169:44568-45587   -            340 866359at2759         -            265    0.0035   12.4   4.9   4   4     0.075      0.89    4.5   0.0   218   252   307   339   300   340 0.84 -
Sro_contig1606:22052-22537  -            162 866359at2759         -            265    0.0048   12.0   0.1   1   1   0.00067     0.008   11.3   0.1    32    78    56   105    50   148 0.79 -
Sro_contig26:74485-75117    -            211 866359at2759         -            265    0.0049   12.0   0.1   1   2       2.5        30   -0.5   0.0    59    59    46    46     7   112 0.52 -
Sro_contig26:74485-75117    -            211 866359at2759         -            265    0.0049   12.0   0.1   2   2    0.0016     0.019   10.0   0.1    48    82   136   170   128   205 0.82 -
Sro_contig16:154502-155287  -            262 866359at2759         -            265    0.0051   11.9   0.4   1   2      0.13       1.6    3.7   0.1    57    79    14    36     1    51 0.75 -
Sro_contig16:154502-155287  -            262 866359at2759         -            265    0.0051   11.9   0.4   2   2     0.034      0.41    5.7   0.0    45    85    55    95    51   134 0.70 -
Sro_contig496:32699-33880   -            394 866359at2759         -            265    0.0077   11.3   0.1   1   4     0.084         1    4.4   0.0   228   248     5    25     1    34 0.89 -
Sro_contig496:32699-33880   -            394 866359at2759         -            265    0.0077   11.3   0.1   2   4       1.2        14    0.6   0.0    48    78    46    76    42    92 0.56 -
Sro_contig496:32699-33880   -            394 866359at2759         -            265    0.0077   11.3   0.1   3   4       2.5        30   -0.5   0.0   233   260   231   256   224   290 0.62 -
Sro_contig496:32699-33880   -            394 866359at2759         -            265    0.0077   11.3   0.1   4   4         3        35   -0.7   0.0   174   246   374   392   355   394 0.55 -
Sro_contig702:21750-22568   -            273 866359at2759         -            265       0.1    7.6   9.0   1   4      0.58       6.9    1.6   0.0   221   254    18    53     5    58 0.81 -
Sro_contig702:21750-22568   -            273 866359at2759         -            265       0.1    7.6   9.0   2   4      0.19       2.3    3.2   0.1    61    83   145   169   139   183 0.78 -
Sro_contig702:21750-22568   -            273 866359at2759         -            265       0.1    7.6   9.0   3   4       3.9        46   -1.1   0.0    51    75   190   214   178   225 0.80 -
Sro_contig702:21750-22568   -            273 866359at2759         -            265       0.1    7.6   9.0   4   4     0.082      0.97    4.4   1.4    49    79   233   263   226   273 0.82 -
#
# Program:         hmmsearch
# Version:         3.1b2 (February 2015)
# Pipeline mode:   SEARCH
# Query file:      /Users/aholzer/ownCloud/PhD/Publications/2021 Liavero-Pasquina et al./analysis/TPP_aptamer_search/busco_downloads/lineages/eukaryota_odb10/hmms/866359at2759.hmm
# Target file:     /Users/aholzer/ownCloud/PhD/Publications/2021 Liavero-Pasquina et al./analysis/TPP_aptamer_search/genomes/BUSCO_eukaryota_obd10/Seminavis_robusta_version1.2/run_eukaryota_odb10/metaeuk_output/rerun_results/Seminavis_robusta_genomeV1.fna.modified.fas
# Option settings: hmmsearch --domtblout /Users/aholzer/ownCloud/PhD/Publications/2021 Liavero-Pasquina et al./analysis/TPP_aptamer_search/genomes/BUSCO_eukaryota_obd10/Seminavis_robusta_version1.2/run_eukaryota_odb10/hmmer_output/rerun_results/866359at2759.out --cpu 1 /Users/aholzer/ownCloud/PhD/Publications/2021 Liavero-Pasquina et al./analysis/TPP_aptamer_search/busco_downloads/lineages/eukaryota_odb10/hmms/866359at2759.hmm /Users/aholzer/ownCloud/PhD/Publications/2021 Liavero-Pasquina et al./analysis/TPP_aptamer_search/genomes/BUSCO_eukaryota_obd10/Seminavis_robusta_version1.2/run_eukaryota_odb10/metaeuk_output/rerun_results/Seminavis_robusta_genomeV1.fna.modified.fas 
# Current dir:     /Users/aholzer/ownCloud/PhD/Publications/2021 Liavero-Pasquina et al./analysis/TPP_aptamer_search
# Date:            Sun Apr 18 13:41:02 2021
# [ok]
