#                                                                                       --- full sequence --- -------------- this domain -------------   hmm coord   ali coord   env coord
# target name                   accession   tlen query name           accession   qlen   E-value  score  bias   #  of  c-Evalue  i-Evalue  score  bias  from    to  from    to  from    to  acc description of target
#           ------------------- ---------- ----- -------------------- ---------- ----- --------- ------ ----- --- --- --------- --------- ------ ----- ----- ----- ----- ----- ----- ----- ---- ---------------------
CAACVS010000331_1:6945-8827     -            555 1049599at2759        -            340   4.3e-50  165.8   6.1   1   3   6.9e-35   7.2e-34  112.5   0.1     8   135    20   161    14   185 0.85 -
CAACVS010000331_1:6945-8827     -            555 1049599at2759        -            340   4.3e-50  165.8   6.1   2   3      0.76       7.9    0.6   0.1   177   261   263   284   202   310 0.58 -
CAACVS010000331_1:6945-8827     -            555 1049599at2759        -            340   4.3e-50  165.8   6.1   3   3   1.8e-15   1.9e-14   48.6   0.5   192   323   331   506   317   511 0.71 -
CAACVS010000132_1:38325-39557   -            411 1049599at2759        -            340   1.4e-15   52.4   1.0   1   4   0.00015    0.0016   12.7   0.0   199   262     8    77     5   106 0.74 -
CAACVS010000132_1:38325-39557   -            411 1049599at2759        -            340   1.4e-15   52.4   1.0   2   4     0.012      0.12    6.5   0.1   208   265   123   185   116   191 0.78 -
CAACVS010000132_1:38325-39557   -            411 1049599at2759        -            340   1.4e-15   52.4   1.0   3   4   0.00096      0.01   10.1   0.0   231   260   298   327   266   332 0.74 -
CAACVS010000132_1:38325-39557   -            411 1049599at2759        -            340   1.4e-15   52.4   1.0   4   4   2.7e-05   0.00028   15.2   0.0   197   259   342   411   335   411 0.85 -
CAACVS010000064_1:43539-44441   -            301 1049599at2759        -            340   9.7e-15   49.6   0.0   1   4      0.78       8.1    0.5   0.0   246   266     3    23     2    39 0.84 -
CAACVS010000064_1:43539-44441   -            301 1049599at2759        -            340   9.7e-15   49.6   0.0   2   4       9.9     1e+02   -3.1   0.0   245   266    48    69    46    73 0.85 -
CAACVS010000064_1:43539-44441   -            301 1049599at2759        -            340   9.7e-15   49.6   0.0   3   4     9e-10   9.4e-09   29.9   0.0   200   265   102   173    90   179 0.85 -
CAACVS010000064_1:43539-44441   -            301 1049599at2759        -            340   9.7e-15   49.6   0.0   4   4   3.9e-05   0.00041   14.6   0.0   233   264   183   214   173   222 0.89 -
CAACVS010000096_1:29303-30451   -            383 1049599at2759        -            340   2.1e-13   45.2   0.1   1   4   4.9e-05   0.00051   14.3   0.0   198   264    15    90    12    92 0.79 -
CAACVS010000096_1:29303-30451   -            383 1049599at2759        -            340   2.1e-13   45.2   0.1   2   4   1.2e-05   0.00012   16.3   0.0   201   262    60   130    56   139 0.78 -
CAACVS010000096_1:29303-30451   -            383 1049599at2759        -            340   2.1e-13   45.2   0.1   3   4   1.6e-05   0.00016   16.0   0.0   203   266   187   258   181   266 0.80 -
CAACVS010000096_1:29303-30451   -            383 1049599at2759        -            340   2.1e-13   45.2   0.1   4   4    0.0013     0.013    9.7   0.0   199   251   227   285   222   298 0.56 -
CAACVS010000168_1:57139-57882   -            248 1049599at2759        -            340   6.9e-13   43.5   0.4   1   3   9.8e-07     1e-05   19.9   0.0   208   265    15    78    11    84 0.86 -
CAACVS010000168_1:57139-57882   -            248 1049599at2759        -            340   6.9e-13   43.5   0.4   2   3   1.6e-05   0.00016   16.0   0.0   198   261    89   159    86   177 0.74 -
CAACVS010000168_1:57139-57882   -            248 1049599at2759        -            340   6.9e-13   43.5   0.4   3   3     0.043      0.45    4.6   0.1   207   245   194   229   143   247 0.65 -
CAACVS010000578_1:2055-3378     -            390 1049599at2759        -            340   8.4e-13   43.2   1.2   1   4       0.6       6.3    0.9   0.0   233   260    88   115    65   156 0.77 -
CAACVS010000578_1:2055-3378     -            390 1049599at2759        -            340   8.4e-13   43.2   1.2   2   4   6.2e-11   6.5e-10   33.7   0.2   198   295   173   288   162   295 0.79 -
CAACVS010000578_1:2055-3378     -            390 1049599at2759        -            340   8.4e-13   43.2   1.2   3   4   1.5e-05   0.00016   16.0   0.1   198   263   257   329   249   350 0.86 -
CAACVS010000578_1:2055-3378     -            390 1049599at2759        -            340   8.4e-13   43.2   1.2   4   4     0.046      0.48    4.6   0.0   197   260   298   371   294   378 0.64 -
CAACVS010000616_1:151593-152573 -            327 1049599at2759        -            340     3e-12   41.4   0.0   1   3   6.9e-05   0.00072   13.8   0.0   198   261    65   133    58   140 0.88 -
CAACVS010000616_1:151593-152573 -            327 1049599at2759        -            340     3e-12   41.4   0.0   2   3       1.3        13   -0.2   0.0   251   291   190   235   171   244 0.58 -
CAACVS010000616_1:151593-152573 -            327 1049599at2759        -            340     3e-12   41.4   0.0   3   3   6.6e-08   6.9e-07   23.8   0.0   195   261   252   324   219   327 0.81 -
CAACVS010000637_1:131574-132410 -            279 1049599at2759        -            340   8.1e-12   40.0   0.8   1   3   0.00044    0.0046   11.2   0.0   198   232     4    38     2    68 0.80 -
CAACVS010000637_1:131574-132410 -            279 1049599at2759        -            340   8.1e-12   40.0   0.8   2   3    0.0062     0.065    7.4   0.2   206   264    75   140    64   149 0.72 -
CAACVS010000637_1:131574-132410 -            279 1049599at2759        -            340   8.1e-12   40.0   0.8   3   3   3.9e-06   4.1e-05   17.9   0.0   144   232   168   248   138   261 0.65 -
CAACVS010000225_1:330064-330831 -            256 1049599at2759        -            340   9.3e-12   39.8   0.0   1   3    0.0034     0.035    8.3   0.0   250   283    65    98    23   118 0.80 -
CAACVS010000225_1:330064-330831 -            256 1049599at2759        -            340   9.3e-12   39.8   0.0   2   3   3.6e-06   3.8e-05   18.0   0.0   199   265   126   198   114   209 0.80 -
CAACVS010000225_1:330064-330831 -            256 1049599at2759        -            340   9.3e-12   39.8   0.0   3   3    0.0011     0.012    9.8   0.0   229   262   222   255   218   256 0.87 -
CAACVS010000169_1:22100-22876   -            259 1049599at2759        -            340   2.2e-10   35.3   0.8   1   5   1.5e-05   0.00016   16.0   0.0   201   266     3    74     1    83 0.82 -
CAACVS010000169_1:22100-22876   -            259 1049599at2759        -            340   2.2e-10   35.3   0.8   2   5   1.4e-05   0.00014   16.1   0.1   199   264    43   114    40   120 0.74 -
CAACVS010000169_1:22100-22876   -            259 1049599at2759        -            340   2.2e-10   35.3   0.8   3   5     0.075      0.79    3.9   0.1   201   233    87   119    78   153 0.77 -
CAACVS010000169_1:22100-22876   -            259 1049599at2759        -            340   2.2e-10   35.3   0.8   4   5     0.066      0.69    4.0   0.0   232   264   165   196   130   201 0.75 -
CAACVS010000169_1:22100-22876   -            259 1049599at2759        -            340   2.2e-10   35.3   0.8   5   5     0.013      0.13    6.4   0.0   234   268   216   250   209   253 0.88 -
CAACVS010000116_1:31216-31872   -            219 1049599at2759        -            340   7.8e-10   33.5   0.0   1   3   5.3e-05   0.00056   14.2   0.0   236   291    20    87     8   108 0.69 -
CAACVS010000116_1:31216-31872   -            219 1049599at2759        -            340   7.8e-10   33.5   0.0   2   3   0.00014    0.0014   12.9   0.0   206   294    68   176    59   183 0.69 -
CAACVS010000116_1:31216-31872   -            219 1049599at2759        -            340   7.8e-10   33.5   0.0   3   3   8.5e-05   0.00088   13.6   0.0   198   264   146   218   144   219 0.84 -
CAACVS010000007_1:66422-66994   -            191 1049599at2759        -            340   1.5e-09   32.6   0.0   1   1   8.4e-10   8.8e-09   30.0   0.0   232   339    76   189    33   190 0.74 -
CAACVS010000225_1:154789-155382 -            198 1049599at2759        -            340   5.3e-09   30.7   0.2   1   3   0.00077     0.008   10.4   0.0   233   262    44    73    39    79 0.91 -
CAACVS010000225_1:154789-155382 -            198 1049599at2759        -            340   5.3e-09   30.7   0.2   2   3    0.0059     0.061    7.5   0.0   199   234    87   122    79   130 0.83 -
CAACVS010000225_1:154789-155382 -            198 1049599at2759        -            340   5.3e-09   30.7   0.2   3   3    0.0015     0.016    9.4   0.1   208   261   139   198   127   198 0.79 -
CAACVS010000132_1:39237-39557   -            107 1049599at2759        -            340   1.3e-08   29.5   0.1   1   2    0.0029      0.03    8.5   0.0   238   260     1    23     1    32 0.92 -
CAACVS010000132_1:39237-39557   -            107 1049599at2759        -            340   1.3e-08   29.5   0.1   2   2   1.6e-06   1.7e-05   19.2   0.0   197   259    38   107    31   107 0.85 -
CAACVS010000572_1:7855-9009     -            385 1049599at2759        -            340   1.4e-07   26.1   0.2   1   3      0.17       1.8    2.7   0.0   235   270    37    71    20    84 0.71 -
CAACVS010000572_1:7855-9009     -            385 1049599at2759        -            340   1.4e-07   26.1   0.2   2   3     0.011      0.11    6.6   0.0   218   264   135   184   116   189 0.75 -
CAACVS010000572_1:7855-9009     -            385 1049599at2759        -            340   1.4e-07   26.1   0.2   3   3   0.00013    0.0014   12.9   0.0   265   309   316   363   308   385 0.76 -
CAACVS010000001_1:539454-539834 -            127 1049599at2759        -            340   2.3e-07   25.4   0.3   1   2   3.5e-06   3.6e-05   18.1   0.1   209   280    11    88     8    98 0.80 -
CAACVS010000001_1:539454-539834 -            127 1049599at2759        -            340   2.3e-07   25.4   0.3   2   2     0.024      0.25    5.5   0.0   243   264   103   124    92   126 0.73 -
CAACVS010000191_1:46480-47397   -            306 1049599at2759        -            340   2.7e-07   25.1   0.1   1   3   0.00069    0.0072   10.5   0.0   236   265    10    39     7    67 0.79 -
CAACVS010000191_1:46480-47397   -            306 1049599at2759        -            340   2.7e-07   25.1   0.1   2   3     0.015      0.15    6.2   0.0   198   265   159   234   153   241 0.72 -
CAACVS010000191_1:46480-47397   -            306 1049599at2759        -            340   2.7e-07   25.1   0.1   3   3     0.052      0.55    4.4   0.0   199   235   246   282   241   296 0.82 -
CAACVS010000340_1:24794-25429   -            212 1049599at2759        -            340   6.3e-07   23.9   0.1   1   3   1.2e-05   0.00012   16.4   0.0   232   265     9    42     3    85 0.75 -
CAACVS010000340_1:24794-25429   -            212 1049599at2759        -            340   6.3e-07   23.9   0.1   2   3      0.16       1.7    2.8   0.0   231   265   117   151   110   157 0.80 -
CAACVS010000340_1:24794-25429   -            212 1049599at2759        -            340   6.3e-07   23.9   0.1   3   3       0.8       8.3    0.5   0.0   237   263   175   201   161   205 0.85 -
CAACVS010000688_1:71958-72890   -            311 1049599at2759        -            340   6.5e-07   23.9   0.0   1   3       2.9        31   -1.4   0.0   240   263    25    48    17    56 0.77 -
CAACVS010000688_1:71958-72890   -            311 1049599at2759        -            340   6.5e-07   23.9   0.0   2   3   0.00046    0.0048   11.1   0.0   198   265    64   137    56   177 0.86 -
CAACVS010000688_1:71958-72890   -            311 1049599at2759        -            340   6.5e-07   23.9   0.0   3   3    0.0018     0.019    9.2   0.0   201   265   197   272   190   288 0.74 -
CAACVS010000006_1:99682-100872  -            397 1049599at2759        -            340   1.3e-06   22.9   0.0   1   3    0.0056     0.058    7.6   0.0   212   265    63   118     6   126 0.66 -
CAACVS010000006_1:99682-100872  -            397 1049599at2759        -            340   1.3e-06   22.9   0.0   2   3      0.67         7    0.7   0.0   246   312   152   219   140   235 0.80 -
CAACVS010000006_1:99682-100872  -            397 1049599at2759        -            340   1.3e-06   22.9   0.0   3   3    0.0016     0.017    9.4   0.0   236   263   263   290   246   322 0.86 -
CAACVS010000136_1:28743-30864   -            663 1049599at2759        -            340   1.4e-06   22.7   1.1   1   3   0.00067     0.007   10.6   0.0   199   269   225   302   216   305 0.80 -
CAACVS010000136_1:28743-30864   -            663 1049599at2759        -            340   1.4e-06   22.7   1.1   2   3       4.4        46   -1.9   0.0   238   265   372   399   367   409 0.77 -
CAACVS010000136_1:28743-30864   -            663 1049599at2759        -            340   1.4e-06   22.7   1.1   3   3     0.002     0.021    9.1   0.2   160   282   511   629   500   657 0.60 -
CAACVS010000582_1:20100-20801   -            234 1049599at2759        -            340   2.3e-06   22.0   0.7   1   3     0.057       0.6    4.2   0.0   243   263    17    37     5    54 0.85 -
CAACVS010000582_1:20100-20801   -            234 1049599at2759        -            340   2.3e-06   22.0   0.7   2   3   0.00034    0.0036   11.6   0.1   198   266    67   141    64   146 0.71 -
CAACVS010000582_1:20100-20801   -            234 1049599at2759        -            340   2.3e-06   22.0   0.7   3   3     0.072      0.75    3.9   0.1   219   268   142   194   110   197 0.67 -
CAACVS010000042_1:80326-80919   -            198 1049599at2759        -            340   3.4e-06   21.5   0.0   1   2       1.6        17   -0.5   0.0   296   318    16    38     8    63 0.65 -
CAACVS010000042_1:80326-80919   -            198 1049599at2759        -            340   3.4e-06   21.5   0.0   2   2   9.6e-06    0.0001   16.7   0.0   200   313    79   188    25   194 0.81 -
CAACVS010000254_1:46779-47702   -            308 1049599at2759        -            340   4.2e-06   21.2   1.6   1   4   0.00074    0.0078   10.4   0.1   196   269     8    88     3   103 0.73 -
CAACVS010000254_1:46779-47702   -            308 1049599at2759        -            340   4.2e-06   21.2   1.6   2   4    0.0098       0.1    6.8   0.1   211   264   110   168    98   180 0.64 -
CAACVS010000254_1:46779-47702   -            308 1049599at2759        -            340   4.2e-06   21.2   1.6   3   4       0.8       8.3    0.5   0.0   199   230   183   215   172   225 0.66 -
CAACVS010000254_1:46779-47702   -            308 1049599at2759        -            340   4.2e-06   21.2   1.6   4   4       3.9        40   -1.8   0.0   230   259   278   307   240   308 0.81 -
CAACVS010000282_1:55524-56447   -            308 1049599at2759        -            340   4.2e-06   21.2   1.6   1   4   0.00074    0.0078   10.4   0.1   196   269     8    88     3   103 0.73 -
CAACVS010000282_1:55524-56447   -            308 1049599at2759        -            340   4.2e-06   21.2   1.6   2   4    0.0098       0.1    6.8   0.1   211   264   110   168    98   180 0.64 -
CAACVS010000282_1:55524-56447   -            308 1049599at2759        -            340   4.2e-06   21.2   1.6   3   4       0.8       8.3    0.5   0.0   199   230   183   215   172   225 0.66 -
CAACVS010000282_1:55524-56447   -            308 1049599at2759        -            340   4.2e-06   21.2   1.6   4   4       3.9        40   -1.8   0.0   230   259   278   307   240   308 0.81 -
CAACVS010000070_1:263132-263425 -             98 1049599at2759        -            340   1.6e-05   19.3   0.0   1   2   4.5e-05   0.00048   14.4   0.0   234   264     5    35     2    44 0.84 -
CAACVS010000070_1:263132-263425 -             98 1049599at2759        -            340   1.6e-05   19.3   0.0   2   2      0.15       1.6    2.9   0.0   246   265    74    93    70    96 0.83 -
CAACVS010000506_1:119866-120312 -            149 1049599at2759        -            340     2e-05   19.0   0.1   1   3   3.3e-05   0.00035   14.9   0.0   234   262     5    33     2    41 0.89 -
CAACVS010000506_1:119866-120312 -            149 1049599at2759        -            340     2e-05   19.0   0.1   2   3      0.37       3.9    1.6   0.0   231   262    63    94    41    99 0.80 -
CAACVS010000506_1:119866-120312 -            149 1049599at2759        -            340     2e-05   19.0   0.1   3   3       6.8        71   -2.6   0.0   199   337   126   146   124   149 0.45 -
CAACVS010000081_1:60806-61597   -            264 1049599at2759        -            340   2.1e-05   18.9   0.0   1   3     0.096         1    3.5   0.0   239   266     2    29     1    34 0.84 -
CAACVS010000081_1:60806-61597   -            264 1049599at2759        -            340   2.1e-05   18.9   0.0   2   3   0.00023    0.0024   12.1   0.0   189   263    45   128    32   132 0.76 -
CAACVS010000081_1:60806-61597   -            264 1049599at2759        -            340   2.1e-05   18.9   0.0   3   3       2.5        26   -1.1   0.0   192   261   186   258   160   262 0.56 -
CAACVS010000440_1:169185-169934 -            250 1049599at2759        -            340   2.7e-05   18.6   0.2   1   2    0.0004    0.0041   11.3   0.0   199   262    97   166    93   170 0.78 -
CAACVS010000440_1:169185-169934 -            250 1049599at2759        -            340   2.7e-05   18.6   0.2   2   2   0.00062    0.0065   10.7   0.0   204   267   144   213   137   230 0.75 -
CAACVS010000235_1:2124-2525     -            134 1049599at2759        -            340   2.9e-05   18.4   0.1   1   2     0.034      0.35    5.0   0.0   245   265    23    43     7    50 0.81 -
CAACVS010000235_1:2124-2525     -            134 1049599at2759        -            340   2.9e-05   18.4   0.1   2   2   0.00036    0.0038   11.5   0.0   198   263    58   130    46   134 0.59 -
CAACVS010000163_1:49734-50384   -            217 1049599at2759        -            340   5.8e-05   17.4   0.0   1   3      0.96        10    0.2   0.0   206   229    11    34     8    48 0.83 -
CAACVS010000163_1:49734-50384   -            217 1049599at2759        -            340   5.8e-05   17.4   0.0   2   3       5.8        61   -2.4   0.0   200   227    49    76    37    84 0.79 -
CAACVS010000163_1:49734-50384   -            217 1049599at2759        -            340   5.8e-05   17.4   0.0   3   3   6.8e-05   0.00071   13.9   0.0   208   282   131   216   119   217 0.76 -
CAACVS010000146_1:96007-96378   -            124 1049599at2759        -            340   5.9e-05   17.4   0.1   1   1   1.3e-05   0.00013   16.3   0.1   222   295    20   110     5   114 0.72 -
CAACVS010000167_1:38552-38899   -            116 1049599at2759        -            340     7e-05   17.2   0.0   1   2     0.002     0.021    9.0   0.0   198   263     2    73     1    81 0.76 -
CAACVS010000167_1:38552-38899   -            116 1049599at2759        -            340     7e-05   17.2   0.0   2   2     0.011      0.12    6.6   0.0   199   225    87   113    75   116 0.88 -
CAACVS010000225_1:280716-281309 -            198 1049599at2759        -            340   7.2e-05   17.1   0.0   1   3       0.8       8.4    0.5   0.0   235   264    54    83    44    93 0.72 -
CAACVS010000225_1:280716-281309 -            198 1049599at2759        -            340   7.2e-05   17.1   0.0   2   3   0.00065    0.0068   10.6   0.0   235   264   122   151   111   154 0.92 -
CAACVS010000225_1:280716-281309 -            198 1049599at2759        -            340   7.2e-05   17.1   0.0   3   3   0.00066    0.0069   10.6   0.0   236   265   123   152   122   198 0.69 -
CAACVS010000531_1:313379-314140 -            254 1049599at2759        -            340   0.00011   16.5   0.0   1   3   0.00099      0.01   10.0   0.0   198   263    20    92    14    99 0.77 -
CAACVS010000531_1:313379-314140 -            254 1049599at2759        -            340   0.00011   16.5   0.0   2   3      0.15       1.5    2.9   0.0   246   263   183   200   167   210 0.82 -
CAACVS010000531_1:313379-314140 -            254 1049599at2759        -            340   0.00011   16.5   0.0   3   3       3.1        33   -1.5   0.0   235   263   219   247   209   250 0.77 -
CAACVS010000148_1:211141-212046 -            302 1049599at2759        -            340   0.00024   15.4   0.1   1   3     0.021      0.22    5.7   0.1   261   300    65   108    42   111 0.76 -
CAACVS010000148_1:211141-212046 -            302 1049599at2759        -            340   0.00024   15.4   0.1   2   3      0.89       9.3    0.3   0.0   227   265   176   212   172   218 0.78 -
CAACVS010000148_1:211141-212046 -            302 1049599at2759        -            340   0.00024   15.4   0.1   3   3     0.038       0.4    4.8   0.0   229   260   271   302   226   302 0.67 -
CAACVS010000616_1:140299-141258 -            320 1049599at2759        -            340   0.00029   15.1   1.0   1   3    0.0015     0.016    9.5   0.1   240   335     1   110     1   116 0.70 -
CAACVS010000616_1:140299-141258 -            320 1049599at2759        -            340   0.00029   15.1   1.0   2   3      0.63       6.6    0.8   0.1   238   262   135   159   131   164 0.84 -
CAACVS010000616_1:140299-141258 -            320 1049599at2759        -            340   0.00029   15.1   1.0   3   3      0.81       8.4    0.5   0.0   210   254   193   235   187   314 0.71 -
CAACVS010000385_1:143905-149137 -           1670 1049599at2759        -            340   0.00033   15.0   0.1   1   2         7        73   -2.6   0.0   237   264  1237  1264  1224  1274 0.66 -
CAACVS010000385_1:143905-149137 -           1670 1049599at2759        -            340   0.00033   15.0   0.1   2   2   0.00012    0.0012   13.1   0.1   181   283  1300  1403  1291  1433 0.83 -
CAACVS010000575_1:100716-101426 -            237 1049599at2759        -            340   0.00071   13.9   0.0   1   3       2.5        26   -1.1   0.0   251   265     2    16     1    34 0.77 -
CAACVS010000575_1:100716-101426 -            237 1049599at2759        -            340   0.00071   13.9   0.0   2   3    0.0014     0.015    9.5   0.0   182   235   110   164    90   176 0.80 -
CAACVS010000575_1:100716-101426 -            237 1049599at2759        -            340   0.00071   13.9   0.0   3   3      0.58         6    0.9   0.0   231   259   209   237   172   237 0.76 -
CAACVS010000158_1:16185-16703   -            173 1049599at2759        -            340   0.00083   13.6   0.0   1   1   8.6e-05    0.0009   13.5   0.0   235   264    74   103     3   119 0.76 -
CAACVS010000009_1:97020-97589   -            190 1049599at2759        -            340    0.0012   13.1   0.0   1   3     0.028      0.29    5.3   0.0   267   285    18    36    10    62 0.69 -
CAACVS010000009_1:97020-97589   -            190 1049599at2759        -            340    0.0012   13.1   0.0   2   3       4.8        50   -2.1   0.0   318   337    87   106    81   115 0.68 -
CAACVS010000009_1:97020-97589   -            190 1049599at2759        -            340    0.0012   13.1   0.0   3   3     0.032      0.33    5.1   0.0   198   223   161   186   156   190 0.61 -
CAACVS010000156_1:68451-69371   -            307 1049599at2759        -            340    0.0015   12.8   0.0   1   1   0.00066    0.0069   10.6   0.0   193   285   156   252   140   304 0.60 -
CAACVS010000690_1:21408-21896   -            163 1049599at2759        -            340     0.002   12.4   0.0   1   2     0.015      0.15    6.2   0.0   292   322     4    36     3    48 0.57 -
CAACVS010000690_1:21408-21896   -            163 1049599at2759        -            340     0.002   12.4   0.0   2   2     0.058       0.6    4.2   0.0   235   276    80   122    65   132 0.77 -
CAACVS010000453_1:16412-16693   -             94 1049599at2759        -            340     0.002   12.4   0.0   1   2    0.0035     0.037    8.2   0.0   232   269     5    42     1    45 0.84 -
CAACVS010000453_1:16412-16693   -             94 1049599at2759        -            340     0.002   12.4   0.0   2   2      0.13       1.3    3.1   0.0   232   264    58    90    35    92 0.64 -
CAACVS010000247_1:24438-25037   -            200 1049599at2759        -            340    0.0023   12.2   0.1   1   2       2.9        30   -1.3   0.0   243   264    25    46    18    59 0.81 -
CAACVS010000247_1:24438-25037   -            200 1049599at2759        -            340    0.0023   12.2   0.1   2   2     0.001      0.01   10.0   0.1   195   251   107   168    88   172 0.81 -
CAACVS010000060_1:32687-33046   -            120 1049599at2759        -            340    0.0023   12.2   0.0   1   2    0.0025     0.026    8.7   0.0   235   265    12    42     5    52 0.89 -
CAACVS010000060_1:32687-33046   -            120 1049599at2759        -            340    0.0023   12.2   0.0   2   2      0.33       3.4    1.7   0.0   236   264    73   101    46   107 0.62 -
CAACVS010000126_1:144756-145220 -            155 1049599at2759        -            340    0.0024   12.1   0.1   1   2      0.51       5.3    1.1   0.0   248   265     5    22     2    38 0.82 -
CAACVS010000126_1:144756-145220 -            155 1049599at2759        -            340    0.0024   12.1   0.1   2   2    0.0025     0.026    8.7   0.0   235   264    45    74    27    79 0.87 -
CAACVS010000694_1:162506-162889 -            128 1049599at2759        -            340    0.0024   12.1   0.1   1   1    0.0016     0.017    9.3   0.1   208   263    34    99    22   116 0.62 -
CAACVS010000428_1:78040-78735   -            232 1049599at2759        -            340    0.0031   11.8   0.1   1   3       3.3        34   -1.5   0.0   247   262    19    34    16    41 0.84 -
CAACVS010000428_1:78040-78735   -            232 1049599at2759        -            340    0.0031   11.8   0.1   2   3      0.13       1.4    3.0   0.0   244   264   108   128    51   133 0.62 -
CAACVS010000428_1:78040-78735   -            232 1049599at2759        -            340    0.0031   11.8   0.1   3   3     0.027      0.28    5.3   0.0   198   231   147   180   142   189 0.88 -
CAACVS010000002_1:240201-240458 -             86 1049599at2759        -            340    0.0034   11.6   0.0   1   1   0.00043    0.0045   11.2   0.0   199   230     5    36     3    83 0.60 -
CAACVS010000167_1:37310-38155   -            282 1049599at2759        -            340     0.005   11.1   0.0   1   1    0.0012     0.012    9.8   0.0   232   267     5    40     2    59 0.80 -
CAACVS010000582_1:102588-103022 -            145 1049599at2759        -            340    0.0053   11.0   0.0   1   1    0.0021     0.021    9.0   0.0   198   262    20    94    17   101 0.59 -
CAACVS010000046_1:120116-120784 -            223 1049599at2759        -            340    0.0057   10.9   0.0   1   2    0.0066     0.069    7.3   0.0   235   265    11    41     4    45 0.89 -
CAACVS010000046_1:120116-120784 -            223 1049599at2759        -            340    0.0057   10.9   0.0   2   2      0.67         7    0.7   0.0   246   262    80    96    75   104 0.85 -
CAACVS010000398_1:9402-9653     -             84 1049599at2759        -            340    0.0057   10.9   0.0   1   2    0.0011     0.012    9.9   0.0   236   266     7    37     3    43 0.86 -
CAACVS010000398_1:9402-9653     -             84 1049599at2759        -            340    0.0057   10.9   0.0   2   2       7.4        78   -2.7   0.0   199   212    54    67    52    73 0.77 -
#
# Program:         hmmsearch
# Version:         3.1b2 (February 2015)
# Pipeline mode:   SEARCH
# Query file:      /Users/aholzer/ownCloud/PhD/Publications/2021 Liavero-Pasquina et al./analysis/TPP_aptamer_search/busco_downloads/lineages/eukaryota_odb10/hmms/1049599at2759.hmm
# Target file:     /Users/aholzer/ownCloud/PhD/Publications/2021 Liavero-Pasquina et al./analysis/TPP_aptamer_search/genomes/BUSCO_eukaryota_obd10/Pseudo-nitzschia_multistriata_ASM90066040v1/run_eukaryota_odb10/metaeuk_output/rerun_results/GCA_900660405.1_ASM90066040v1_genomic.fna.modified.fas
# Option settings: hmmsearch --domtblout /Users/aholzer/ownCloud/PhD/Publications/2021 Liavero-Pasquina et al./analysis/TPP_aptamer_search/genomes/BUSCO_eukaryota_obd10/Pseudo-nitzschia_multistriata_ASM90066040v1/run_eukaryota_odb10/hmmer_output/rerun_results/1049599at2759.out --cpu 1 /Users/aholzer/ownCloud/PhD/Publications/2021 Liavero-Pasquina et al./analysis/TPP_aptamer_search/busco_downloads/lineages/eukaryota_odb10/hmms/1049599at2759.hmm /Users/aholzer/ownCloud/PhD/Publications/2021 Liavero-Pasquina et al./analysis/TPP_aptamer_search/genomes/BUSCO_eukaryota_obd10/Pseudo-nitzschia_multistriata_ASM90066040v1/run_eukaryota_odb10/metaeuk_output/rerun_results/GCA_900660405.1_ASM90066040v1_genomic.fna.modified.fas 
# Current dir:     /Users/aholzer/ownCloud/PhD/Publications/2021 Liavero-Pasquina et al./analysis/TPP_aptamer_search
# Date:            Sun Apr 18 05:05:28 2021
# [ok]
