#                                                                                     --- full sequence --- -------------- this domain -------------   hmm coord   ali coord   env coord
# target name                 accession   tlen query name           accession   qlen   E-value  score  bias   #  of  c-Evalue  i-Evalue  score  bias  from    to  from    to  from    to  acc description of target
#         ------------------- ---------- ----- -------------------- ---------- ----- --------- ------ ----- --- --- --------- --------- ------ ----- ----- ----- ----- ----- ----- ----- ---- ---------------------
JAAFKC010000241_1:18177-19916 -            580 11504at33634         -            390  3.6e-159  525.0   4.3   1   2  5.4e-148  5.4e-147  485.0   0.7     4   328    54   403    51   410 0.92 -
JAAFKC010000241_1:18177-19916 -            580 11504at33634         -            390  3.6e-159  525.0   4.3   2   2   3.2e-13   3.2e-12   41.3   0.2   325   390   426   507   407   507 0.78 -
JAAFKC010002898_1:1436-3910   -            825 11504at33634         -            390  2.7e-148  489.2  15.3   1   4   1.3e-75   1.3e-74  246.7   0.1    13   166    56   211    45   217 0.95 -
JAAFKC010002898_1:1436-3910   -            825 11504at33634         -            390  2.7e-148  489.2  15.3   2   4   5.3e-35   5.3e-34  113.0   2.5   156   267   223   337   215   342 0.87 -
JAAFKC010002898_1:1436-3910   -            825 11504at33634         -            390  2.7e-148  489.2  15.3   3   4   3.2e-31   3.2e-30  100.5   0.0   269   334   359   424   353   458 0.80 -
JAAFKC010002898_1:1436-3910   -            825 11504at33634         -            390  2.7e-148  489.2  15.3   4   4   1.9e-11   1.9e-10   35.4   0.7   326   390   462   542   447   542 0.76 -
JAAFKC010005848_1:1-1257      -            419 11504at33634         -            390   7.9e-90  296.8   2.0   1   2   3.6e-44   3.5e-43  143.2   0.2    15   166    24   193    13   207 0.84 -
JAAFKC010005848_1:1-1257      -            419 11504at33634         -            390   7.9e-90  296.8   2.0   2   2   3.6e-46   3.6e-45  149.8   0.1   163   326   212   403   211   417 0.79 -
JAAFKC010000437_1:6558-7934   -            459 11504at33634         -            390     1e-78  260.2   1.8   1   1     1e-78   9.8e-78  256.9   1.8    14   324    25   364    18   372 0.88 -
JAAFKC010001527_1:162-1538    -            459 11504at33634         -            390   1.2e-78  259.9   1.9   1   1   1.2e-78   1.2e-77  256.6   1.9    14   324    25   364    18   372 0.88 -
JAAFKC010004386_1:77-1486     -            470 11504at33634         -            390   5.7e-75  247.9   0.7   1   1   8.1e-76     8e-75  247.4   0.7    15   325    26   366    18   376 0.85 -
JAAFKC010000040_1:7606-8844   -            413 11504at33634         -            390   1.9e-73  242.8   0.3   1   3   2.3e-19   2.2e-18   61.5   0.0    15    99    18   105    11   113 0.85 -
JAAFKC010000040_1:7606-8844   -            413 11504at33634         -            390   1.9e-73  242.8   0.3   2   3   5.9e-16   5.8e-15   50.3   0.0   111   179   137   207   130   222 0.90 -
JAAFKC010000040_1:7606-8844   -            413 11504at33634         -            390   1.9e-73  242.8   0.3   3   3   1.8e-39   1.8e-38  127.7   0.0   192   332   251   406   227   412 0.82 -
JAAFKC010002380_1:4136-5407   -            424 11504at33634         -            390   2.2e-73  242.6   0.3   1   3   2.4e-19   2.3e-18   61.5   0.0    15    99    29   116    22   124 0.85 -
JAAFKC010002380_1:4136-5407   -            424 11504at33634         -            390   2.2e-73  242.6   0.3   2   3   6.2e-16   6.1e-15   50.2   0.0   111   179   148   218   141   233 0.90 -
JAAFKC010002380_1:4136-5407   -            424 11504at33634         -            390   2.2e-73  242.6   0.3   3   3   1.9e-39   1.9e-38  127.6   0.0   192   332   262   417   238   423 0.82 -
JAAFKC010000081_1:11335-12543 -            403 11504at33634         -            390   2.7e-72  239.0   0.5   1   1   5.9e-73   5.8e-72  237.9   0.5    12   329    20   381    13   400 0.80 -
JAAFKC010000355_1:13840-15048 -            403 11504at33634         -            390   2.7e-72  239.0   0.5   1   1   5.9e-73   5.8e-72  237.9   0.5    12   329    20   381    13   400 0.80 -
JAAFKC010000001_1:54799-55896 -            366 11504at33634         -            390   3.9e-71  235.2   0.1   1   2   5.1e-50   5.1e-49  162.4   0.1    14   192    26   210    16   219 0.91 -
JAAFKC010000001_1:54799-55896 -            366 11504at33634         -            390   3.9e-71  235.2   0.1   2   2   3.3e-22   3.3e-21   70.9   0.0   210   319   252   364   246   366 0.86 -
JAAFKC010000226_1:8726-9823   -            366 11504at33634         -            390   3.9e-71  235.2   0.1   1   2   5.1e-50   5.1e-49  162.4   0.1    14   192    26   210    16   219 0.91 -
JAAFKC010000226_1:8726-9823   -            366 11504at33634         -            390   3.9e-71  235.2   0.1   2   2   3.3e-22   3.3e-21   70.9   0.0   210   319   252   364   246   366 0.86 -
JAAFKC010002100_1:2889-4744   -            370 11504at33634         -            390   6.5e-67  221.3   0.0   1   1   8.7e-68   8.6e-67  220.9   0.0    15   329    24   354    20   368 0.87 -
JAAFKC010002064_1:3729-5149   -            418 11504at33634         -            390   1.1e-64  214.0   0.3   1   1   7.3e-65   7.1e-64  211.3   0.3    13   326    17   369     8   391 0.82 -
JAAFKC010000472_1:3281-4701   -            418 11504at33634         -            390   1.5e-64  213.5   0.3   1   1     1e-64   9.8e-64  210.9   0.3    13   326    17   369     8   391 0.82 -
JAAFKC010000465_1:10065-11462 -            466 11504at33634         -            390   1.5e-63  210.3   0.3   1   1   2.4e-64   2.4e-63  209.6   0.3     8   327    20   396    14   416 0.79 -
JAAFKC010001467_1:5541-6725   -            395 11504at33634         -            390   4.8e-60  198.7   0.0   1   1   6.5e-61   6.4e-60  198.3   0.0    15   324    25   361    14   380 0.78 -
JAAFKC010001553_1:1056-2240   -            395 11504at33634         -            390   4.8e-60  198.7   0.0   1   1   6.5e-61   6.4e-60  198.3   0.0    15   324    25   361    14   380 0.78 -
JAAFKC010000764_1:1676-3009   -            358 11504at33634         -            390   6.4e-60  198.3   0.0   1   1   7.8e-61   7.7e-60  198.0   0.0    16   321    25   354    18   358 0.83 -
JAAFKC010002414_1:4214-5352   -            333 11504at33634         -            390   3.9e-57  189.1   0.0   1   1   4.6e-58   4.5e-57  188.9   0.0    62   325    34   314     1   325 0.87 -
JAAFKC010002580_1:3947-5074   -            376 11504at33634         -            390   4.8e-56  185.5   0.2   1   1     8e-57   7.9e-56  184.8   0.2     7   315    22   362    17   368 0.81 -
JAAFKC010002194_1:1263-2390   -            376 11504at33634         -            390     8e-55  181.5   0.0   1   2   2.2e-35   2.2e-34  114.3   0.0    16   186    12   189     6   206 0.84 -
JAAFKC010002194_1:1263-2390   -            376 11504at33634         -            390     8e-55  181.5   0.0   2   2   1.6e-20   1.6e-19   65.3   0.0   239   327   277   365   240   373 0.91 -
JAAFKC010005229_1:1198-2325   -            376 11504at33634         -            390     8e-55  181.5   0.0   1   2   2.2e-35   2.2e-34  114.3   0.0    16   186    12   189     6   206 0.84 -
JAAFKC010005229_1:1198-2325   -            376 11504at33634         -            390     8e-55  181.5   0.0   2   2   1.6e-20   1.6e-19   65.3   0.0   239   327   277   365   240   373 0.91 -
JAAFKC010001351_1:1855-2994   -            380 11504at33634         -            390   1.1e-54  181.1   0.0   1   2   1.4e-35   1.4e-34  114.9   0.0    16   187     4   182     1   209 0.86 -
JAAFKC010001351_1:1855-2994   -            380 11504at33634         -            390   1.1e-54  181.1   0.0   2   2   2.7e-20   2.7e-19   64.6   0.0   238   327   273   362   216   371 0.87 -
JAAFKC010001725_1:1697-2785   -            363 11504at33634         -            390   3.9e-54  179.3   1.7   1   1   6.2e-55   6.1e-54  178.6   1.7    15   315    14   352     4   357 0.78 -
JAAFKC010000223_1:2117-3256   -            380 11504at33634         -            390   8.4e-54  178.1   0.0   1   2   1.1e-34   1.1e-33  111.9   0.0    16   187     4   182     1   209 0.86 -
JAAFKC010000223_1:2117-3256   -            380 11504at33634         -            390   8.4e-54  178.1   0.0   2   2   2.8e-20   2.7e-19   64.5   0.0   238   327   273   362   218   371 0.87 -
JAAFKC010000122_1:15368-16495 -            376 11504at33634         -            390   2.6e-53  176.5   0.1   1   1   3.6e-54   3.5e-53  176.1   0.1    16   325    26   349    21   361 0.89 -
JAAFKC010001515_1:5343-6470   -            376 11504at33634         -            390   2.6e-53  176.5   0.1   1   1   3.6e-54   3.5e-53  176.1   0.1    16   325    26   349    21   361 0.89 -
JAAFKC010004132_1:1094-3121   -            676 11504at33634         -            390   2.1e-52  173.5   0.2   1   5   0.00023    0.0022   12.2   0.0    34    55    61    82    31    97 0.75 -
JAAFKC010004132_1:1094-3121   -            676 11504at33634         -            390   2.1e-52  173.5   0.2   2   5   1.2e-20   1.2e-19   65.7   0.0    53   162   118   234   115   251 0.88 -
JAAFKC010004132_1:1094-3121   -            676 11504at33634         -            390   2.1e-52  173.5   0.2   3   5       2.3        23   -1.0   0.0   166   188   270   292   266   304 0.88 -
JAAFKC010004132_1:1094-3121   -            676 11504at33634         -            390   2.1e-52  173.5   0.2   4   5     0.002      0.02    9.0   0.0   207   237   363   395   340   406 0.77 -
JAAFKC010004132_1:1094-3121   -            676 11504at33634         -            390   2.1e-52  173.5   0.2   5   5   7.8e-25   7.7e-24   79.5   0.0   243   332   424   526   418   538 0.78 -
JAAFKC010005670_1:404-1591    -            396 11504at33634         -            390   9.2e-51  168.1   0.2   1   2   4.4e-30   4.3e-29   96.8   0.0    15   164    16   174     8   200 0.79 -
JAAFKC010005670_1:404-1591    -            396 11504at33634         -            390   9.2e-51  168.1   0.2   2   2   6.6e-22   6.5e-21   69.9   0.0   163   326   200   378   184   387 0.78 -
JAAFKC010000423_1:12427-13691 -            347 11504at33634         -            390   1.3e-50  167.6   0.0   1   1   1.7e-51   1.6e-50  167.3   0.0    16   322    17   344     8   347 0.81 -
JAAFKC010005448_1:112-1377    -            347 11504at33634         -            390   1.3e-50  167.6   0.0   1   1   1.7e-51   1.6e-50  167.3   0.0    16   322    17   344     8   347 0.81 -
JAAFKC010005525_1:0-1265      -            347 11504at33634         -            390   1.3e-50  167.6   0.0   1   1   1.7e-51   1.6e-50  167.3   0.0    16   322    17   344     8   347 0.81 -
JAAFKC010000552_1:3907-5931   -            675 11504at33634         -            390   4.9e-50  165.8   2.4   1   5   0.00031     0.003   11.7   0.0    32    53    59    80    50    83 0.83 -
JAAFKC010000552_1:3907-5931   -            675 11504at33634         -            390   4.9e-50  165.8   2.4   2   5   6.3e-20   6.3e-19   63.4   0.1    60   203   110   280   101   287 0.69 -
JAAFKC010000552_1:3907-5931   -            675 11504at33634         -            390   4.9e-50  165.8   2.4   3   5      0.14       1.4    2.9   0.0   196   236   317   365   295   371 0.69 -
JAAFKC010000552_1:3907-5931   -            675 11504at33634         -            390   4.9e-50  165.8   2.4   4   5   3.5e-25   3.4e-24   80.7   0.0   242   331   400   500   386   526 0.85 -
JAAFKC010000552_1:3907-5931   -            675 11504at33634         -            390   4.9e-50  165.8   2.4   5   5      0.65       6.4    0.8   0.1   336   367   581   612   566   630 0.76 -
JAAFKC010005625_1:587-1981    -            465 11504at33634         -            390   2.2e-44  147.2   1.6   1   4   0.00022    0.0022   12.2   0.0    27    56    51    80    35    87 0.80 -
JAAFKC010005625_1:587-1981    -            465 11504at33634         -            390   2.2e-44  147.2   1.6   2   4   3.8e-19   3.7e-18   60.8   0.1    63   160   110   211   105   218 0.89 -
JAAFKC010005625_1:587-1981    -            465 11504at33634         -            390   2.2e-44  147.2   1.6   3   4       6.6        65   -2.5   0.0   167   201   239   274   235   295 0.76 -
JAAFKC010005625_1:587-1981    -            465 11504at33634         -            390   2.2e-44  147.2   1.6   4   4   2.7e-22   2.6e-21   71.2   0.0   204   311   327   445   287   455 0.85 -
JAAFKC010000029_1:4868-6094   -            409 11504at33634         -            390   2.4e-44  147.0   0.1   1   2   4.3e-34   4.3e-33  110.0   0.1    15   274    14   311     6   317 0.70 -
JAAFKC010000029_1:4868-6094   -            409 11504at33634         -            390   2.4e-44  147.0   0.1   2   2   2.5e-11   2.4e-10   35.1   0.0   278   324   355   401   345   408 0.89 -
JAAFKC010000982_1:915-2141    -            409 11504at33634         -            390   2.4e-44  147.0   0.1   1   2   4.3e-34   4.3e-33  110.0   0.1    15   274    14   311     6   317 0.70 -
JAAFKC010000982_1:915-2141    -            409 11504at33634         -            390   2.4e-44  147.0   0.1   2   2   2.5e-11   2.4e-10   35.1   0.0   278   324   355   401   345   408 0.89 -
JAAFKC010005981_1:867-1955    -            330 11504at33634         -            390   3.3e-44  146.6   0.1   1   1   4.4e-44   4.3e-43  142.9   0.1    62   321    30   326     1   330 0.78 -
JAAFKC010003907_1:2097-3185   -            330 11504at33634         -            390   4.1e-44  146.3   0.1   1   1     6e-44   5.9e-43  142.5   0.1    62   320    30   325     1   329 0.78 -
JAAFKC010001733_1:5808-6695   -            296 11504at33634         -            390     9e-44  145.1   0.4   1   1   1.1e-44   1.1e-43  144.9   0.4    62   330     2   282     1   291 0.86 -
JAAFKC010005654_1:2-1051      -            350 11504at33634         -            390   1.8e-43  144.1   2.3   1   2   1.3e-37   1.3e-36  121.6   0.1    14   178    17   203    10   218 0.81 -
JAAFKC010005654_1:2-1051      -            350 11504at33634         -            390   1.8e-43  144.1   2.3   2   2   3.9e-07   3.9e-06   21.2   0.2   181   236   245   306   225   321 0.70 -
JAAFKC010003272_1:1663-2790   -            376 11504at33634         -            390   3.7e-43  143.1   0.4   1   1   1.7e-43   1.7e-42  140.9   0.4    16   328    24   370    20   375 0.80 -
JAAFKC010001076_1:2515-3408   -            298 11504at33634         -            390   6.8e-41  135.7   0.3   1   1   8.3e-42   8.1e-41  135.4   0.3    68   327     1   272     1   285 0.85 -
JAAFKC010005825_1:1224-1988   -            255 11504at33634         -            390   1.5e-37  124.6   0.0   1   1   1.9e-38   1.9e-37  124.3   0.0    94   324     5   254     2   255 0.78 -
JAAFKC010000583_1:10602-12263 -            554 11504at33634         -            390   5.6e-37  122.8   1.3   1   5   1.4e-05   0.00014   16.2   0.0    26    54    18    46     2    57 0.83 -
JAAFKC010000583_1:10602-12263 -            554 11504at33634         -            390   5.6e-37  122.8   1.3   2   5   9.4e-06   9.3e-05   16.7   0.0    62   107    79   124    76   128 0.94 -
JAAFKC010000583_1:10602-12263 -            554 11504at33634         -            390   5.6e-37  122.8   1.3   3   5   3.3e-14   3.3e-13   44.5   0.0   109   160   186   237   182   245 0.92 -
JAAFKC010000583_1:10602-12263 -            554 11504at33634         -            390   5.6e-37  122.8   1.3   4   5      0.85       8.4    0.4   0.0   157   195   300   340   284   371 0.75 -
JAAFKC010000583_1:10602-12263 -            554 11504at33634         -            390   5.6e-37  122.8   1.3   5   5   1.9e-12   1.9e-11   38.8   0.1   266   368   444   544   417   552 0.79 -
JAAFKC010006295_1:320-1696    -            459 11504at33634         -            390   3.9e-33  110.1   2.3   1   4   2.6e-06   2.6e-05   18.5   0.0    15    50    15    51    11    56 0.92 -
JAAFKC010006295_1:320-1696    -            459 11504at33634         -            390   3.9e-33  110.1   2.3   2   4   1.9e-06   1.9e-05   19.0   0.0    60   149    99   191    87   199 0.77 -
JAAFKC010006295_1:320-1696    -            459 11504at33634         -            390   3.9e-33  110.1   2.3   3   4    0.0027     0.027    8.6   0.1   151   193   246   290   243   300 0.81 -
JAAFKC010006295_1:320-1696    -            459 11504at33634         -            390   3.9e-33  110.1   2.3   4   4   4.3e-19   4.2e-18   60.6   0.1   217   325   337   448   325   456 0.88 -
JAAFKC010000172_1:5052-6438   -            439 11504at33634         -            390   6.1e-33  109.5   0.5   1   1   2.3e-32   2.2e-31  104.3   0.5    42   333     2   365     1   392 0.68 -
JAAFKC010000350_1:2109-3495   -            439 11504at33634         -            390   6.5e-33  109.4   0.6   1   1   2.4e-32   2.4e-31  104.2   0.6    42   333     2   365     1   392 0.68 -
JAAFKC010004956_1:0-1337      -            446 11504at33634         -            390   9.3e-33  108.9   2.2   1   4   2.5e-06   2.5e-05   18.6   0.0    15    50    15    51    11    56 0.92 -
JAAFKC010004956_1:0-1337      -            446 11504at33634         -            390   9.3e-33  108.9   2.2   2   4   1.8e-06   1.8e-05   19.1   0.0    60   149    99   191    87   199 0.77 -
JAAFKC010004956_1:0-1337      -            446 11504at33634         -            390   9.3e-33  108.9   2.2   3   4    0.0026     0.026    8.7   0.1   151   193   246   290   243   300 0.81 -
JAAFKC010004956_1:0-1337      -            446 11504at33634         -            390   9.3e-33  108.9   2.2   4   4   1.1e-18   1.1e-17   59.3   0.1   217   321   337   444   325   446 0.88 -
JAAFKC010000169_1:14464-15747 -            428 11504at33634         -            390   3.2e-32  107.1   0.2   1   3   6.5e-08   6.4e-07   23.8   0.0    15    50    24    60    21    63 0.94 -
JAAFKC010000169_1:14464-15747 -            428 11504at33634         -            390   3.2e-32  107.1   0.2   2   3   5.3e-07   5.2e-06   20.8   0.0    62   149   105   195    96   203 0.76 -
JAAFKC010000169_1:14464-15747 -            428 11504at33634         -            390   3.2e-32  107.1   0.2   3   3     2e-18     2e-17   58.4   0.0   151   315   246   428   243   428 0.79 -
JAAFKC010000031_1:22704-24137 -            478 11504at33634         -            390   5.5e-31  103.1   0.1   1   2   9.9e-15   9.8e-14   46.3   0.0    15   147     6   144     3   151 0.76 -
JAAFKC010000031_1:22704-24137 -            478 11504at33634         -            390   5.5e-31  103.1   0.1   2   2     3e-17     3e-16   54.5   0.0   270   326   409   465   405   473 0.94 -
JAAFKC010000143_1:12181-13614 -            478 11504at33634         -            390   5.5e-31  103.0   0.1   1   2   9.9e-15   9.8e-14   46.3   0.0    15   147     6   144     3   151 0.76 -
JAAFKC010000143_1:12181-13614 -            478 11504at33634         -            390   5.5e-31  103.0   0.1   2   2     3e-17     3e-16   54.5   0.0   270   326   409   465   405   473 0.94 -
JAAFKC010002639_1:2631-4076   -            482 11504at33634         -            390   8.4e-31  102.4   0.4   1   3   3.6e-06   3.5e-05   18.1   0.0    29    56    33    60    15    73 0.84 -
JAAFKC010002639_1:2631-4076   -            482 11504at33634         -            390   8.4e-31  102.4   0.4   2   3   2.8e-10   2.8e-09   31.6   0.1    62   166   104   225   101   233 0.73 -
JAAFKC010002639_1:2631-4076   -            482 11504at33634         -            390   8.4e-31  102.4   0.4   3   3   3.1e-15     3e-14   47.9   0.0   219   332   340   458   294   467 0.83 -
JAAFKC010000124_1:14538-15598 -            322 11504at33634         -            390   2.1e-30  101.1   0.0   1   1   2.9e-31   2.9e-30  100.7   0.0    45   326     4   303     1   312 0.78 -
JAAFKC010002144_1:824-2257    -            478 11504at33634         -            390   2.2e-30  101.1   0.6   1   3   3.5e-06   3.5e-05   18.1   0.0    29    56    33    60    15    73 0.84 -
JAAFKC010002144_1:824-2257    -            478 11504at33634         -            390   2.2e-30  101.1   0.6   2   3   6.6e-10   6.5e-09   30.4   0.1    62   166   104   225   101   233 0.73 -
JAAFKC010002144_1:824-2257    -            478 11504at33634         -            390   2.2e-30  101.1   0.6   3   3   2.9e-15   2.8e-14   48.0   0.0   219   332   340   458   294   472 0.83 -
JAAFKC010001478_1:6473-7417   -            315 11504at33634         -            390   4.1e-30  100.2   1.1   1   1   6.4e-30   6.3e-29   96.3   1.1    41   291     1   315     1   315 0.69 -
JAAFKC010000264_1:12576-14183 -            536 11504at33634         -            390   2.6e-28   94.2   0.1   1   4      0.03      0.29    5.2   0.0    28    54    47    73    22    82 0.79 -
JAAFKC010000264_1:12576-14183 -            536 11504at33634         -            390   2.6e-28   94.2   0.1   2   4   0.00039    0.0039   11.4   0.1    61   121   107   187    94   192 0.59 -
JAAFKC010000264_1:12576-14183 -            536 11504at33634         -            390   2.6e-28   94.2   0.1   3   4    0.0004    0.0039   11.3   0.0   133   176   276   327   269   343 0.77 -
JAAFKC010000264_1:12576-14183 -            536 11504at33634         -            390   2.6e-28   94.2   0.1   4   4   6.8e-19   6.7e-18   60.0   0.0   222   329   422   532   410   536 0.92 -
JAAFKC010000124_1:20784-21998 -            405 11504at33634         -            390   2.3e-25   84.5   3.0   1   2   1.9e-14   1.9e-13   45.3   0.1    16   160     3   184     1   220 0.67 -
JAAFKC010000124_1:20784-21998 -            405 11504at33634         -            390   2.3e-25   84.5   3.0   2   2   1.3e-12   1.3e-11   39.3   0.2   265   316   351   404   325   405 0.85 -
JAAFKC010001366_1:627-1841    -            405 11504at33634         -            390   2.3e-25   84.5   3.0   1   2   1.9e-14   1.9e-13   45.3   0.1    16   160     3   184     1   220 0.67 -
JAAFKC010001366_1:627-1841    -            405 11504at33634         -            390   2.3e-25   84.5   3.0   2   2   1.3e-12   1.3e-11   39.3   0.2   265   316   351   404   325   405 0.85 -
JAAFKC010006037_1:611-1608    -            295 11504at33634         -            390   1.3e-21   72.2   0.0   1   2   0.00018    0.0017   12.5   0.0   133   163     2    32     1    75 0.86 -
JAAFKC010006037_1:611-1608    -            295 11504at33634         -            390   1.3e-21   72.2   0.0   2   2   2.9e-18   2.9e-17   57.9   0.0   221   330   184   292   155   295 0.88 -
#
# Program:         hmmsearch
# Version:         3.1b2 (February 2015)
# Pipeline mode:   SEARCH
# Query file:      /Users/aholzer/ownCloud/PhD/Publications/2021 Liavero-Pasquina et al./analysis/TPP_aptamer_search/busco_downloads/lineages/stramenopiles_odb10/hmms/11504at33634.hmm
# Target file:     /Users/aholzer/ownCloud/PhD/Publications/2021 Liavero-Pasquina et al./analysis/TPP_aptamer_search/genomes/BUSCO/Bacillariophyta_sp_ASM1329908v1/run_stramenopiles_odb10/metaeuk_output/initial_results/GCA_013299085.1_ASM1329908v1_genomic.fna.modified.fas
# Option settings: hmmsearch --domtblout /Users/aholzer/ownCloud/PhD/Publications/2021 Liavero-Pasquina et al./analysis/TPP_aptamer_search/genomes/BUSCO/Bacillariophyta_sp_ASM1329908v1/run_stramenopiles_odb10/hmmer_output/initial_run_results/11504at33634.out --cpu 1 /Users/aholzer/ownCloud/PhD/Publications/2021 Liavero-Pasquina et al./analysis/TPP_aptamer_search/busco_downloads/lineages/stramenopiles_odb10/hmms/11504at33634.hmm /Users/aholzer/ownCloud/PhD/Publications/2021 Liavero-Pasquina et al./analysis/TPP_aptamer_search/genomes/BUSCO/Bacillariophyta_sp_ASM1329908v1/run_stramenopiles_odb10/metaeuk_output/initial_results/GCA_013299085.1_ASM1329908v1_genomic.fna.modified.fas 
# Current dir:     /Users/aholzer/ownCloud/PhD/Publications/2021 Liavero-Pasquina et al./analysis/TPP_aptamer_search
# Date:            Fri Apr 16 17:34:34 2021
# [ok]
