#                                                                                     --- full sequence --- -------------- this domain -------------   hmm coord   ali coord   env coord
# target name                 accession   tlen query name           accession   qlen   E-value  score  bias   #  of  c-Evalue  i-Evalue  score  bias  from    to  from    to  from    to  acc description of target
#         ------------------- ---------- ----- -------------------- ---------- ----- --------- ------ ----- --- --- --------- --------- ------ ----- ----- ----- ----- ----- ----- ----- ---- ---------------------
JAAFKC010002515_1:3007-4171   -            353 15177at33634         -            274  2.6e-128  422.2   1.2   1   2   1.2e-57   3.1e-56  185.8   0.0     2   117     1   116     1   132 0.95 -
JAAFKC010002515_1:3007-4171   -            353 15177at33634         -            274  2.6e-128  422.2   1.2   2   2   1.5e-72   3.8e-71  234.7   0.3   122   274   159   324   154   324 0.94 -
JAAFKC010002115_1:761-1630    -            290 15177at33634         -            274   6.6e-36  119.1   1.1   1   4   2.1e-23   5.5e-22   73.5   0.1    24   126     4   107     1   113 0.93 -
JAAFKC010002115_1:761-1630    -            290 15177at33634         -            274   6.6e-36  119.1   1.1   2   4       1.3        33   -1.2   0.0    65    84   136   155   125   187 0.71 -
JAAFKC010002115_1:761-1630    -            290 15177at33634         -            274   6.6e-36  119.1   1.1   3   4   8.6e-05    0.0022   12.5   0.1   194   270   181   253   153   256 0.56 -
JAAFKC010002115_1:761-1630    -            290 15177at33634         -            274   6.6e-36  119.1   1.1   4   4   3.1e-09   7.9e-08   27.0   0.0   231   265   256   290   253   290 0.94 -
JAAFKC010003902_1:1245-2339   -            365 15177at33634         -            274   1.4e-31  105.0  13.1   1   5   3.7e-07   9.6e-06   20.2   0.1    50   120     2    74     1    79 0.84 -
JAAFKC010003902_1:1245-2339   -            365 15177at33634         -            274   1.4e-31  105.0  13.1   2   5   2.3e-06   5.8e-05   17.6   0.8    47   102   126   181    82   183 0.67 -
JAAFKC010003902_1:1245-2339   -            365 15177at33634         -            274   1.4e-31  105.0  13.1   3   5   1.2e-06   3.1e-05   18.6   0.1     5    63   167   224   164   230 0.90 -
JAAFKC010003902_1:1245-2339   -            365 15177at33634         -            274   1.4e-31  105.0  13.1   4   5      0.36       9.2    0.6   0.0    65    84   264   283   256   288 0.69 -
JAAFKC010003902_1:1245-2339   -            365 15177at33634         -            274   1.4e-31  105.0  13.1   5   5   2.7e-19   7.1e-18   60.0   0.2     6    81   290   365   285   365 0.97 -
JAAFKC010002992_1:438-1478    -            347 15177at33634         -            274     2e-25   84.8   3.9   1   4   7.8e-17     2e-15   52.0   0.1    24   129     1   110     1   129 0.86 -
JAAFKC010002992_1:438-1478    -            347 15177at33634         -            274     2e-25   84.8   3.9   2   4     0.083       2.1    2.7   0.1    50   169    92   219    89   253 0.68 -
JAAFKC010002992_1:438-1478    -            347 15177at33634         -            274     2e-25   84.8   3.9   3   4    0.0067      0.17    6.3   0.7   239   271   269   301   137   304 0.63 -
JAAFKC010002992_1:438-1478    -            347 15177at33634         -            274     2e-25   84.8   3.9   4   4   1.3e-08   3.4e-07   25.0   0.0   228   265   310   347   306   347 0.92 -
JAAFKC010003307_1:2532-3005   -            158 15177at33634         -            274   2.3e-24   81.3   0.2   1   2   1.1e-17   2.7e-16   54.8   0.1     6   102     1    96     1   100 0.93 -
JAAFKC010003307_1:2532-3005   -            158 15177at33634         -            274   2.3e-24   81.3   0.2   2   2   1.9e-10   4.9e-09   31.0   0.0     6    79    83   158    81   158 0.95 -
JAAFKC010005844_1:146-619     -            158 15177at33634         -            274   2.3e-24   81.3   0.2   1   2   1.1e-17   2.7e-16   54.8   0.1     6   102     1    96     1   100 0.93 -
JAAFKC010005844_1:146-619     -            158 15177at33634         -            274   2.3e-24   81.3   0.2   2   2   1.9e-10   4.9e-09   31.0   0.0     6    79    83   158    81   158 0.95 -
JAAFKC010000787_1:9077-9778   -            234 15177at33634         -            274     3e-23   77.6   8.2   1   3     4e-07     1e-05   20.1   0.1    47    91    27    71     1    79 0.86 -
JAAFKC010000787_1:9077-9778   -            234 15177at33634         -            274     3e-23   77.6   8.2   2   3   1.9e-16   4.9e-15   50.7   0.9     7   112    71   180    67   185 0.89 -
JAAFKC010000787_1:9077-9778   -            234 15177at33634         -            274     3e-23   77.6   8.2   3   3   6.4e-05    0.0016   12.9   0.2    25    84   176   233   170   234 0.87 -
JAAFKC010004901_1:1482-2327   -            282 15177at33634         -            274   2.4e-20   68.1   7.0   1   4   6.4e-11   1.7e-09   32.6   0.5     5   105     1   102     1   131 0.83 -
JAAFKC010004901_1:1482-2327   -            282 15177at33634         -            274   2.4e-20   68.1   7.0   2   4       1.8        46   -1.7   0.0    66    83   109   126   104   139 0.79 -
JAAFKC010004901_1:1482-2327   -            282 15177at33634         -            274   2.4e-20   68.1   7.0   3   4   3.8e-05   0.00098   13.6   0.0    38    82   143   187   130   202 0.85 -
JAAFKC010004901_1:1482-2327   -            282 15177at33634         -            274   2.4e-20   68.1   7.0   4   4   2.1e-08   5.4e-07   24.3   0.3    33   109   198   276   189   281 0.78 -
JAAFKC010000267_1:13599-14369 -            257 15177at33634         -            274   1.2e-19   65.8   0.2   1   3     6e-06   0.00015   16.3   0.0    47   104     3    61     1    64 0.91 -
JAAFKC010000267_1:13599-14369 -            257 15177at33634         -            274   1.2e-19   65.8   0.2   2   3   3.1e-06     8e-05   17.2   0.1    25    82    66   123    64   145 0.87 -
JAAFKC010000267_1:13599-14369 -            257 15177at33634         -            274   1.2e-19   65.8   0.2   3   3   8.1e-10   2.1e-08   28.9   0.1     4    84   168   250   165   257 0.89 -
JAAFKC010000396_1:5381-6151   -            257 15177at33634         -            274   1.2e-19   65.8   0.2   1   3     6e-06   0.00015   16.3   0.0    47   104     3    61     1    64 0.91 -
JAAFKC010000396_1:5381-6151   -            257 15177at33634         -            274   1.2e-19   65.8   0.2   2   3   3.1e-06     8e-05   17.2   0.1    25    82    66   123    64   145 0.87 -
JAAFKC010000396_1:5381-6151   -            257 15177at33634         -            274   1.2e-19   65.8   0.2   3   3   8.1e-10   2.1e-08   28.9   0.1     4    84   168   250   165   257 0.89 -
JAAFKC010003538_1:1707-3374   -            556 15177at33634         -            274     2e-18   61.8   2.0   1   3   4.1e-18     1e-16   56.2   0.8     7   170   262   423   258   513 0.79 -
JAAFKC010003538_1:1707-3374   -            556 15177at33634         -            274     2e-18   61.8   2.0   2   3       1.2        32   -1.2   0.0    54    91   487   524   475   548 0.60 -
JAAFKC010003538_1:1707-3374   -            556 15177at33634         -            274     2e-18   61.8   2.0   3   3       2.4        61   -2.1   0.0    12    37   531   556   520   556 0.88 -
JAAFKC010002902_1:626-1609    -            328 15177at33634         -            274   8.5e-14   46.6   2.8   1   4     0.008      0.21    6.0   0.0    50    83     2    38     1    53 0.85 -
JAAFKC010002902_1:626-1609    -            328 15177at33634         -            274   8.5e-14   46.6   2.8   2   4   2.3e-08     6e-07   24.2   0.7    39    96    69   129    58   134 0.84 -
JAAFKC010002902_1:626-1609    -            328 15177at33634         -            274   8.5e-14   46.6   2.8   3   4     4e-11     1e-09   33.3   1.3     5   100    77   175    76   204 0.83 -
JAAFKC010002902_1:626-1609    -            328 15177at33634         -            274   8.5e-14   46.6   2.8   4   4      0.22       5.7    1.3   0.0    66    91   255   280   246   303 0.75 -
JAAFKC010000185_1:14498-15481 -            328 15177at33634         -            274   1.4e-13   46.0   8.1   1   4     0.008      0.21    6.0   0.0    50    83     2    38     1    53 0.85 -
JAAFKC010000185_1:14498-15481 -            328 15177at33634         -            274   1.4e-13   46.0   8.1   2   4   2.5e-08   6.3e-07   24.1   0.8    39    98    69   131    58   135 0.84 -
JAAFKC010000185_1:14498-15481 -            328 15177at33634         -            274   1.4e-13   46.0   8.1   3   4   3.7e-11   9.4e-10   33.4   1.2     5    99    77   174    75   197 0.83 -
JAAFKC010000185_1:14498-15481 -            328 15177at33634         -            274   1.4e-13   46.0   8.1   4   4      0.48        12    0.2   0.0    65    91   254   280   246   302 0.74 -
JAAFKC010000760_1:4299-5282   -            328 15177at33634         -            274   1.4e-13   46.0   8.1   1   4     0.008      0.21    6.0   0.0    50    83     2    38     1    53 0.85 -
JAAFKC010000760_1:4299-5282   -            328 15177at33634         -            274   1.4e-13   46.0   8.1   2   4   2.5e-08   6.3e-07   24.1   0.8    39    98    69   131    58   135 0.84 -
JAAFKC010000760_1:4299-5282   -            328 15177at33634         -            274   1.4e-13   46.0   8.1   3   4   3.7e-11   9.4e-10   33.4   1.2     5    99    77   174    75   197 0.83 -
JAAFKC010000760_1:4299-5282   -            328 15177at33634         -            274   1.4e-13   46.0   8.1   4   4      0.48        12    0.2   0.0    65    91   254   280   246   302 0.74 -
JAAFKC010003097_1:2317-2910   -            198 15177at33634         -            274   7.3e-11   37.0   1.3   1   2   1.9e-05   0.00049   14.6   0.1    50    81     2    34     1    39 0.84 -
JAAFKC010003097_1:2317-2910   -            198 15177at33634         -            274   7.3e-11   37.0   1.3   2   2   1.5e-07   3.9e-06   21.5   0.1     6   125    60   188    56   194 0.80 -
JAAFKC010000406_1:3856-4551   -            232 15177at33634         -            274   3.4e-10   34.8   0.5   1   3   1.1e-06   2.9e-05   18.6   0.0    49    82    16    49    12    73 0.88 -
JAAFKC010000406_1:3856-4551   -            232 15177at33634         -            274   3.4e-10   34.8   0.5   2   3     0.013      0.34    5.3   0.0   241   267    74   100    67   105 0.84 -
JAAFKC010000406_1:3856-4551   -            232 15177at33634         -            274   3.4e-10   34.8   0.5   3   3    0.0025     0.063    7.7   0.1    49   121   134   212   127   225 0.74 -
JAAFKC010000508_1:8846-11125  -            760 15177at33634         -            274     5e-06   21.2   0.4   1   3   3.1e-05   0.00079   13.9   0.1    60   135   397   474   390   493 0.67 -
JAAFKC010000508_1:8846-11125  -            760 15177at33634         -            274     5e-06   21.2   0.4   2   3      0.14       3.6    1.9   0.0    57    82   637   662   605   716 0.56 -
JAAFKC010000508_1:8846-11125  -            760 15177at33634         -            274     5e-06   21.2   0.4   3   3       5.3   1.4e+02   -3.3   0.0   237   263   729   754   719   757 0.81 -
JAAFKC010000740_1:6400-8766   -            789 15177at33634         -            274   7.2e-06   20.6   0.0   1   3   6.2e-05    0.0016   12.9   0.0    63    99   422   458   413   467 0.81 -
JAAFKC010000740_1:6400-8766   -            789 15177at33634         -            274   7.2e-06   20.6   0.0   2   3      0.51        13    0.1   0.0   221   269   643   689   636   694 0.78 -
JAAFKC010000740_1:6400-8766   -            789 15177at33634         -            274   7.2e-06   20.6   0.0   3   3     0.047       1.2    3.5   0.0    57   113   666   724   656   740 0.70 -
JAAFKC010001224_1:7440-8105   -            222 15177at33634         -            274   2.7e-05   18.7   2.9   1   2    0.0076       0.2    6.1   0.2    68   108     3    51     1    56 0.66 -
JAAFKC010001224_1:7440-8105   -            222 15177at33634         -            274   2.7e-05   18.7   2.9   2   2   2.8e-05   0.00073   14.0   0.9    46   184    30   171    22   182 0.76 -
JAAFKC010002845_1:2012-4300   -            763 15177at33634         -            274   5.2e-05   17.8   0.0   1   3    0.0001    0.0026   12.2   0.0   236   267   393   425   384   442 0.70 -
JAAFKC010002845_1:2012-4300   -            763 15177at33634         -            274   5.2e-05   17.8   0.0   2   3      0.51        13    0.1   0.0   222   269   618   663   612   667 0.80 -
JAAFKC010002845_1:2012-4300   -            763 15177at33634         -            274   5.2e-05   17.8   0.0   3   3      0.82        21   -0.6   0.0     6    38   674   706   670   709 0.84 -
JAAFKC010001155_1:7084-8928   -            615 15177at33634         -            274   6.6e-05   17.5   0.0   1   3   4.6e-05    0.0012   13.4   0.0    63    99   339   375   330   384 0.81 -
JAAFKC010001155_1:7084-8928   -            615 15177at33634         -            274   6.6e-05   17.5   0.0   2   3         4     1e+02   -2.8   0.0    10    29   492   511   485   520 0.76 -
JAAFKC010001155_1:7084-8928   -            615 15177at33634         -            274   6.6e-05   17.5   0.0   3   3      0.41        11    0.4   0.0   221   269   560   606   553   609 0.79 -
JAAFKC010006090_1:65-1894     -            610 15177at33634         -            274    0.0022   12.4   3.1   1   3    0.0037     0.095    7.1   0.4    50   100    13    64     8    78 0.80 -
JAAFKC010006090_1:65-1894     -            610 15177at33634         -            274    0.0022   12.4   3.1   2   3     0.033      0.85    4.0   0.0   237   266    91   121    79   136 0.77 -
JAAFKC010006090_1:65-1894     -            610 15177at33634         -            274    0.0022   12.4   3.1   3   3      0.79        20   -0.5   0.1    64   104   310   348   248   405 0.51 -
JAAFKC010003185_1:1344-3827   -            783 15177at33634         -            274    0.0039   11.6   2.1   1   3    0.0082      0.21    6.0   0.2    50    81    13    44     8    77 0.83 -
JAAFKC010003185_1:1344-3827   -            783 15177at33634         -            274    0.0039   11.6   2.1   2   3     0.039      0.99    3.8   0.0   235   266    92   124    56   134 0.80 -
JAAFKC010003185_1:1344-3827   -            783 15177at33634         -            274    0.0039   11.6   2.1   3   3       1.3        33   -1.2   0.1    55    84   321   350   251   401 0.53 -
#
# Program:         hmmsearch
# Version:         3.1b2 (February 2015)
# Pipeline mode:   SEARCH
# Query file:      /Users/aholzer/ownCloud/PhD/Publications/2021 Liavero-Pasquina et al./analysis/TPP_aptamer_search/busco_downloads/lineages/stramenopiles_odb10/hmms/15177at33634.hmm
# Target file:     /Users/aholzer/ownCloud/PhD/Publications/2021 Liavero-Pasquina et al./analysis/TPP_aptamer_search/genomes/BUSCO/Bacillariophyta_sp_ASM1329908v1/run_stramenopiles_odb10/metaeuk_output/initial_results/GCA_013299085.1_ASM1329908v1_genomic.fna.modified.fas
# Option settings: hmmsearch --domtblout /Users/aholzer/ownCloud/PhD/Publications/2021 Liavero-Pasquina et al./analysis/TPP_aptamer_search/genomes/BUSCO/Bacillariophyta_sp_ASM1329908v1/run_stramenopiles_odb10/hmmer_output/initial_run_results/15177at33634.out --cpu 1 /Users/aholzer/ownCloud/PhD/Publications/2021 Liavero-Pasquina et al./analysis/TPP_aptamer_search/busco_downloads/lineages/stramenopiles_odb10/hmms/15177at33634.hmm /Users/aholzer/ownCloud/PhD/Publications/2021 Liavero-Pasquina et al./analysis/TPP_aptamer_search/genomes/BUSCO/Bacillariophyta_sp_ASM1329908v1/run_stramenopiles_odb10/metaeuk_output/initial_results/GCA_013299085.1_ASM1329908v1_genomic.fna.modified.fas 
# Current dir:     /Users/aholzer/ownCloud/PhD/Publications/2021 Liavero-Pasquina et al./analysis/TPP_aptamer_search
# Date:            Fri Apr 16 17:34:39 2021
# [ok]
