#                                                                                   --- full sequence --- -------------- this domain -------------   hmm coord   ali coord   env coord
# target name               accession   tlen query name           accession   qlen   E-value  score  bias   #  of  c-Evalue  i-Evalue  score  bias  from    to  from    to  from    to  acc description of target
#       ------------------- ---------- ----- -------------------- ---------- ----- --------- ------ ----- --- --- --------- --------- ------ ----- ----- ----- ----- ----- ----- ----- ---- ---------------------
Sro_contig26:72142-75192    -            981 290630at2759         -            562  6.6e-168  556.0   4.6   1   3   2.8e-07   4.8e-06   21.6   0.3   154   225   158   236   150   240 0.81 -
Sro_contig26:72142-75192    -            981 290630at2759         -            562  6.6e-168  556.0   4.6   2   3  2.4e-145    4e-144  477.5   0.6    74   421   311   679   295   688 0.92 -
Sro_contig26:72142-75192    -            981 290630at2759         -            562  6.6e-168  556.0   4.6   3   3   1.5e-17   2.5e-16   55.6   0.0   440   540   791   901   753   919 0.83 -
Sro_contig77:85573-87084    -            504 290630at2759         -            562   4.2e-43  143.9  11.1   1   4     3e-12   5.1e-11   38.0   0.7   171   290     2   118     1   121 0.90 -
Sro_contig77:85573-87084    -            504 290630at2759         -            562   4.2e-43  143.9  11.1   2   4   5.1e-14   8.6e-13   43.9   0.8   153   306   108   277   107   286 0.80 -
Sro_contig77:85573-87084    -            504 290630at2759         -            562   4.2e-43  143.9  11.1   3   4   2.7e-16   4.5e-15   51.4   0.0   161   232   298   369   291   373 0.96 -
Sro_contig77:85573-87084    -            504 290630at2759         -            562   4.2e-43  143.9  11.1   4   4   7.7e-06   0.00013   16.9   0.1   154   213   375   435   371   503 0.68 -
Sro_contig669:34718-35551   -            278 290630at2759         -            562   4.2e-35  117.5   0.5   1   3   5.5e-12   9.3e-11   37.2   0.0   161   229     9    80     1    81 0.86 -
Sro_contig669:34718-35551   -            278 290630at2759         -            562   4.2e-35  117.5   0.5   2   3   2.9e-13   4.9e-12   41.4   0.1   154   231    44   124    44   165 0.88 -
Sro_contig669:34718-35551   -            278 290630at2759         -            562   4.2e-35  117.5   0.5   3   3     8e-16   1.3e-14   49.8   0.0   149   259   165   275   154   277 0.91 -
Sro_contig602:29187-30044   -            286 290630at2759         -            562   7.8e-34  113.4   3.2   1   3   7.4e-24   1.2e-22   76.4   1.0   154   319     3   173     1   202 0.86 -
Sro_contig602:29187-30044   -            286 290630at2759         -            562   7.8e-34  113.4   3.2   2   3     0.076       1.3    3.7   0.0   151   195   170   213   163   218 0.84 -
Sro_contig602:29187-30044   -            286 290630at2759         -            562   7.8e-34  113.4   3.2   3   3   4.7e-11     8e-10   34.1   0.1   157   227   216   286   213   286 0.97 -
Sro_contig1027:233-3388     -           1001 290630at2759         -            562   1.2e-33  112.7  12.1   1   5   1.8e-05    0.0003   15.7   0.2   196   278   131   220   116   236 0.72 -
Sro_contig1027:233-3388     -           1001 290630at2759         -            562   1.2e-33  112.7  12.1   2   5       2.6        44   -1.4   0.0   153   186   241   274   229   276 0.76 -
Sro_contig1027:233-3388     -           1001 290630at2759         -            562   1.2e-33  112.7  12.1   3   5     9e-10   1.5e-08   29.9   0.4   153   209   504   560   476   565 0.90 -
Sro_contig1027:233-3388     -           1001 290630at2759         -            562   1.2e-33  112.7  12.1   4   5     7e-14   1.2e-12   43.4   0.0   152   237   618   703   611   704 0.96 -
Sro_contig1027:233-3388     -           1001 290630at2759         -            562   1.2e-33  112.7  12.1   5   5   4.1e-09   6.8e-08   27.7   0.1   153   221   703   771   702   778 0.95 -
Sro_contig245:78760-79560   -            267 290630at2759         -            562   1.2e-32  109.4   9.5   1   4   3.9e-14   6.5e-13   44.3   0.4   140   210     1    71     1    85 0.94 -
Sro_contig245:78760-79560   -            267 290630at2759         -            562   1.2e-32  109.4   9.5   2   4   5.5e-10   9.3e-09   30.6   0.9   167   226    95   156    80   161 0.84 -
Sro_contig245:78760-79560   -            267 290630at2759         -            562   1.2e-32  109.4   9.5   3   4    0.0045     0.076    7.8   0.0   244   291   131   177   129   179 0.91 -
Sro_contig245:78760-79560   -            267 290630at2759         -            562   1.2e-32  109.4   9.5   4   4   2.6e-12   4.3e-11   38.3   0.0   169   228   198   257   194   262 0.96 -
Sro_contig465:43711-44532   -            274 290630at2759         -            562   1.2e-30  102.9   4.9   1   3   4.4e-09   7.4e-08   27.6   0.1   171   229     1    58     1    94 0.79 -
Sro_contig465:43711-44532   -            274 290630at2759         -            562   1.2e-30  102.9   4.9   2   3   2.2e-19   3.7e-18   61.6   0.3   130   228   134   233   122   244 0.91 -
Sro_contig465:43711-44532   -            274 290630at2759         -            562   1.2e-30  102.9   4.9   3   3   3.2e-05   0.00053   14.9   0.0   154   183   245   274   235   274 0.94 -
Sro_contig1308:11147-12660  -            471 290630at2759         -            562   2.5e-29   98.5   3.1   1   2     5e-07   8.4e-06   20.8   0.0   158   225    90   157    82   159 0.91 -
Sro_contig1308:11147-12660  -            471 290630at2759         -            562   2.5e-29   98.5   3.1   2   2   1.2e-21     2e-20   69.1   3.2   113   306   171   372   159   372 0.82 -
Sro_contig2445:1741-3258    -            471 290630at2759         -            562   2.5e-29   98.5   3.1   1   2     5e-07   8.4e-06   20.8   0.0   158   225    90   157    82   159 0.91 -
Sro_contig2445:1741-3258    -            471 290630at2759         -            562   2.5e-29   98.5   3.1   2   2   1.2e-21     2e-20   69.1   3.2   113   306   171   372   159   372 0.82 -
Sro_contig69:56345-57229    -            295 290630at2759         -            562   3.9e-29   97.8   7.2   1   3   5.4e-19     9e-18   60.3   0.2   154   290     9   150     5   154 0.91 -
Sro_contig69:56345-57229    -            295 290630at2759         -            562   3.9e-29   97.8   7.2   2   3   1.2e-08   2.1e-07   26.1   0.4   170   219   157   206   150   212 0.89 -
Sro_contig69:56345-57229    -            295 290630at2759         -            562   3.9e-29   97.8   7.2   3   3   2.8e-05   0.00046   15.1   0.3   140   221   208   287   200   291 0.66 -
Sro_contig1810:10441-13485  -           1015 290630at2759         -            562   1.5e-28   95.9  10.0   1   5       4.4        74   -2.1   0.0    75   106    88   119    81   129 0.65 -
Sro_contig1810:10441-13485  -           1015 290630at2759         -            562   1.5e-28   95.9  10.0   2   5     1e-11   1.7e-10   36.3   0.2   123   228   163   286   150   292 0.74 -
Sro_contig1810:10441-13485  -           1015 290630at2759         -            562   1.5e-28   95.9  10.0   3   5     0.074       1.2    3.7   0.0   278   316   503   544   494   566 0.76 -
Sro_contig1810:10441-13485  -           1015 290630at2759         -            562   1.5e-28   95.9  10.0   4   5     0.059      0.99    4.1   0.2   124   186   584   647   576   650 0.72 -
Sro_contig1810:10441-13485  -           1015 290630at2759         -            562   1.5e-28   95.9  10.0   5   5   5.5e-17   9.3e-16   53.7   0.4   150   268   726   843   716   848 0.93 -
Sro_contig169:41572-42315   -            248 290630at2759         -            562   9.5e-28   93.3   0.2   1   1   9.3e-29   1.6e-27   92.5   0.2    75   308     1   248     1   248 0.87 -
Sro_contig795:33147-34067   -            307 290630at2759         -            562   9.9e-28   93.2   8.0   1   4     5e-07   8.3e-06   20.8   0.1   153   216     7    70     4    74 0.91 -
Sro_contig795:33147-34067   -            307 290630at2759         -            562   9.9e-28   93.2   8.0   2   4   1.6e-05   0.00027   15.8   0.1   166   236    63   132    53   134 0.87 -
Sro_contig795:33147-34067   -            307 290630at2759         -            562   9.9e-28   93.2   8.0   3   4   1.5e-13   2.5e-12   42.4   0.3   154   233   134   216   128   222 0.88 -
Sro_contig795:33147-34067   -            307 290630at2759         -            562   9.9e-28   93.2   8.0   4   4   2.3e-07   3.8e-06   21.9   0.0   200   262   238   303   235   305 0.88 -
Sro_contig3059:4414-5304    -            297 290630at2759         -            562   1.5e-27   92.6   4.7   1   3   9.8e-13   1.6e-11   39.7   0.4   153   236     3    86     1   100 0.90 -
Sro_contig3059:4414-5304    -            297 290630at2759         -            562   1.5e-27   92.6   4.7   2   3   1.4e-09   2.3e-08   29.3   0.3   154   229   131   206   118   224 0.89 -
Sro_contig3059:4414-5304    -            297 290630at2759         -            562   1.5e-27   92.6   4.7   3   3     2e-07   3.4e-06   22.1   0.0   160   220   230   290   215   294 0.90 -
Sro_contig1589:3435-3791    -            119 290630at2759         -            562   3.5e-24   81.5   0.3   1   2   9.4e-10   1.6e-08   29.8   0.0   154   206     6    58     2    62 0.93 -
Sro_contig1589:3435-3791    -            119 290630at2759         -            562   3.5e-24   81.5   0.3   2   2     5e-16   8.4e-15   50.5   0.1   169   227    61   119    58   119 0.97 -
Sro_contig925:26489-27259   -            257 290630at2759         -            562     1e-21   73.4   1.1   1   2      0.18         3    2.5   0.0   147   185    16    55    12    62 0.72 -
Sro_contig925:26489-27259   -            257 290630at2759         -            562     1e-21   73.4   1.1   2   2   1.3e-21   2.2e-20   68.9   0.9   156   318    81   246    77   254 0.94 -
Sro_contig652:28776-30446   -            394 290630at2759         -            562   3.3e-21   71.7   0.1   1   6    0.0013     0.022    9.5   0.0   170   216     4    50     2    62 0.87 -
Sro_contig652:28776-30446   -            394 290630at2759         -            562   3.3e-21   71.7   0.1   2   6   3.2e-09   5.4e-08   28.1   0.0   159   229    35   116    33   127 0.67 -
Sro_contig652:28776-30446   -            394 290630at2759         -            562   3.3e-21   71.7   0.1   3   6     0.015      0.25    6.1   0.0   159   203   129   173   125   181 0.87 -
Sro_contig652:28776-30446   -            394 290630at2759         -            562   3.3e-21   71.7   0.1   4   6      0.18       2.9    2.5   0.0   159   187   206   234   200   255 0.84 -
Sro_contig652:28776-30446   -            394 290630at2759         -            562   3.3e-21   71.7   0.1   5   6   1.2e-05   0.00019   16.3   0.1   164   227   304   372   298   374 0.88 -
Sro_contig652:28776-30446   -            394 290630at2759         -            562   3.3e-21   71.7   0.1   6   6   0.00059    0.0099   10.7   0.0   162   208   349   391   344   394 0.90 -
Sro_contig1101:25231-26157  -            309 290630at2759         -            562   3.5e-21   71.6   3.7   1   4   5.3e-08   8.9e-07   24.0   0.2    83   207    31   155    12   158 0.79 -
Sro_contig1101:25231-26157  -            309 290630at2759         -            562   3.5e-21   71.6   3.7   2   4   2.6e-06   4.4e-05   18.4   0.0   153   217   143   209   135   224 0.80 -
Sro_contig1101:25231-26157  -            309 290630at2759         -            562   3.5e-21   71.6   3.7   3   4   6.4e-05    0.0011   13.9   0.1   171   225   162   220   158   254 0.51 -
Sro_contig1101:25231-26157  -            309 290630at2759         -            562   3.5e-21   71.6   3.7   4   4   3.2e-10   5.4e-09   31.3   0.1   131   185   253   307   235   309 0.91 -
Sro_contig925:30708-31597   -            259 290630at2759         -            562   5.8e-20   67.6   5.9   1   4     0.063         1    4.0   0.2   279   311     2    39     1    45 0.75 -
Sro_contig925:30708-31597   -            259 290630at2759         -            562   5.8e-20   67.6   5.9   2   4   4.6e-10   7.8e-09   30.8   0.7   279   354    54   129    47   133 0.85 -
Sro_contig925:30708-31597   -            259 290630at2759         -            562   5.8e-20   67.6   5.9   3   4     0.002     0.034    8.9   0.0   153   187   133   169   131   173 0.86 -
Sro_contig925:30708-31597   -            259 290630at2759         -            562   5.8e-20   67.6   5.9   4   4   7.7e-08   1.3e-06   23.5   0.0   154   228   178   250   169   258 0.90 -
Sro_contig1376:10853-11791  -            313 290630at2759         -            562   1.2e-18   63.2   4.0   1   4      0.48       8.1    1.1   0.0   154   188     2    42     1    59 0.68 -
Sro_contig1376:10853-11791  -            313 290630at2759         -            562   1.2e-18   63.2   4.0   2   4   1.6e-05   0.00026   15.9   0.0   186   279    72   169    70   177 0.89 -
Sro_contig1376:10853-11791  -            313 290630at2759         -            562   1.2e-18   63.2   4.0   3   4    0.0011     0.018    9.8   0.0   159   185   181   207   173   211 0.92 -
Sro_contig1376:10853-11791  -            313 290630at2759         -            562   1.2e-18   63.2   4.0   4   4     3e-11     5e-10   34.8   0.1   148   226   230   313   227   313 0.91 -
Sro_contig1558:10433-11293  -            287 290630at2759         -            562   1.3e-18   63.0   0.1   1   2     1e-08   1.8e-07   26.4   0.1   153   229    25   100    14   107 0.92 -
Sro_contig1558:10433-11293  -            287 290630at2759         -            562   1.3e-18   63.0   0.1   2   2     1e-09   1.7e-08   29.7   0.0   123   225   180   283   121   286 0.69 -
Sro_contig1033:37166-37795  -            210 290630at2759         -            562   2.6e-18   62.1   1.6   1   2   1.1e-08   1.9e-07   26.3   0.2   171   228     3    60     1    64 0.94 -
Sro_contig1033:37166-37795  -            210 290630at2759         -            562   2.6e-18   62.1   1.6   2   2   1.4e-10   2.3e-09   32.6   0.1   153   247   114   207   107   209 0.87 -
Sro_contig565:3936-4565     -            210 290630at2759         -            562   2.6e-18   62.1   1.6   1   2   1.1e-08   1.9e-07   26.3   0.2   171   228     3    60     1    64 0.94 -
Sro_contig565:3936-4565     -            210 290630at2759         -            562   2.6e-18   62.1   1.6   2   2   1.4e-10   2.3e-09   32.6   0.1   153   247   114   207   107   209 0.87 -
Sro_contig9:182765-183484   -            240 290630at2759         -            562   3.6e-18   61.6   0.6   1   2   3.8e-17   6.3e-16   54.2   0.3   167   345     4   192     1   193 0.90 -
Sro_contig9:182765-183484   -            240 290630at2759         -            562   3.6e-18   61.6   0.6   2   2     0.071       1.2    3.8   0.0   162   184   216   238   203   240 0.81 -
Sro_contig589:14160-15080   -            307 290630at2759         -            562   1.2e-17   60.0   3.2   1   3   1.2e-12     2e-11   39.4   0.4    77   216    68   210    53   212 0.86 -
Sro_contig589:14160-15080   -            307 290630at2759         -            562   1.2e-17   60.0   3.2   2   3   4.9e-05   0.00082   14.2   0.0   153   216   189   254   187   256 0.81 -
Sro_contig589:14160-15080   -            307 290630at2759         -            562   1.2e-17   60.0   3.2   3   3   2.7e-05   0.00045   15.1   0.0   133   183   257   307   253   307 0.94 -
Sro_contig14:89199-89723    -            175 290630at2759         -            562   2.4e-17   58.9   0.8   1   3    0.0011     0.019    9.7   0.2   281   312     1    36     1    47 0.68 -
Sro_contig14:89199-89723    -            175 290630at2759         -            562   2.4e-17   58.9   0.8   2   3   6.3e-13   1.1e-11   40.3   0.0   146   235    44   135    41   144 0.88 -
Sro_contig14:89199-89723    -            175 290630at2759         -            562   2.4e-17   58.9   0.8   3   3     0.013      0.22    6.2   0.0   154   183   145   175   143   175 0.71 -
Sro_contig2616:5686-7077    -            464 290630at2759         -            562   2.4e-17   58.9   0.4   1   3   2.5e-10   4.1e-09   31.7   0.0   153   228    64   141    62   146 0.93 -
Sro_contig2616:5686-7077    -            464 290630at2759         -            562   2.4e-17   58.9   0.4   2   3         3        50   -1.6   0.0   174   214   189   232   183   289 0.64 -
Sro_contig2616:5686-7077    -            464 290630at2759         -            562   2.4e-17   58.9   0.4   3   3   4.3e-08   7.1e-07   24.3   0.0   153   226   299   373   292   378 0.92 -
Sro_contig2407:10696-11827  -            342 290630at2759         -            562   6.4e-17   57.5   0.0   1   3   1.3e-09   2.2e-08   29.3   0.0   153   237     6    90     3    99 0.95 -
Sro_contig2407:10696-11827  -            342 290630at2759         -            562   6.4e-17   57.5   0.0   2   3    0.0002    0.0034   12.2   0.0   170   215    65   109    63   112 0.89 -
Sro_contig2407:10696-11827  -            342 290630at2759         -            562   6.4e-17   57.5   0.0   3   3   4.7e-08   7.9e-07   24.2   0.0   168   327   161   335   149   339 0.81 -
Sro_contig341:52863-54881   -            673 290630at2759         -            562   2.4e-16   55.6   9.6   1   5    0.0048      0.08    7.7   0.0   149   187    75   114    69   194 0.72 -
Sro_contig341:52863-54881   -            673 290630at2759         -            562   2.4e-16   55.6   9.6   2   5   1.4e-05   0.00024   16.0   0.4   117   185   230   299   226   310 0.51 -
Sro_contig341:52863-54881   -            673 290630at2759         -            562   2.4e-16   55.6   9.6   3   5     0.051      0.85    4.3   0.2   373   408   505   540   489   545 0.85 -
Sro_contig341:52863-54881   -            673 290630at2759         -            562   2.4e-16   55.6   9.6   4   5     0.058      0.98    4.1   0.0   372   399   549   575   543   581 0.79 -
Sro_contig341:52863-54881   -            673 290630at2759         -            562   2.4e-16   55.6   9.6   5   5   1.5e-07   2.5e-06   22.6   0.1   155   227   590   665   586   667 0.90 -
Sro_contig2049:5079-6431    -            451 290630at2759         -            562   3.7e-16   55.0   4.4   1   3   6.2e-13     1e-11   40.3   0.0   126   261   134   276   114   300 0.80 -
Sro_contig2049:5079-6431    -            451 290630at2759         -            562   3.7e-16   55.0   4.4   2   3      0.18       3.1    2.4   0.0   169   187   331   349   318   358 0.74 -
Sro_contig2049:5079-6431    -            451 290630at2759         -            562   3.7e-16   55.0   4.4   3   3   0.00025    0.0041   11.9   0.1   158   227   371   449   364   450 0.79 -
Sro_contig3892:2841-3281    -            147 290630at2759         -            562   4.4e-16   54.7   0.5   1   2   6.9e-07   1.2e-05   20.4   0.0   154   228     1    76     1    84 0.92 -
Sro_contig3892:2841-3281    -            147 290630at2759         -            562   4.4e-16   54.7   0.5   2   2     7e-12   1.2e-10   36.8   0.1   139   214    71   146    70   147 0.94 -
Sro_contig50:128967-129458  -            164 290630at2759         -            562   7.8e-16   53.9   0.3   1   3       4.1        69   -2.0   0.0   171   186     1    16     1    22 0.65 -
Sro_contig50:128967-129458  -            164 290630at2759         -            562   7.8e-16   53.9   0.3   2   3   5.4e-07   9.1e-06   20.7   0.0   158   202    42    86    26    86 0.89 -
Sro_contig50:128967-129458  -            164 290630at2759         -            562   7.8e-16   53.9   0.3   3   3   3.4e-11   5.7e-10   34.6   0.0   155   227    81   157    79   164 0.87 -
Sro_contig382:64643-65428   -            262 290630at2759         -            562   9.1e-16   53.7   4.9   1   4   5.3e-05   0.00088   14.1   0.1   153   198     2    47     1    54 0.94 -
Sro_contig382:64643-65428   -            262 290630at2759         -            562   9.1e-16   53.7   4.9   2   4   4.2e-12   7.1e-11   37.6   0.3   159   236    64   141    57   152 0.91 -
Sro_contig382:64643-65428   -            262 290630at2759         -            562   9.1e-16   53.7   4.9   3   4      0.23       3.9    2.1   0.0   276   314   138   179   133   190 0.74 -
Sro_contig382:64643-65428   -            262 290630at2759         -            562   9.1e-16   53.7   4.9   4   4      0.81        14    0.3   0.0    32    57   199   224   180   262 0.58 -
Sro_contig512:23801-24553   -            251 290630at2759         -            562   3.7e-15   51.7   5.8   1   3   3.6e-07     6e-06   21.3   0.2   182   244    11    76     1    94 0.61 -
Sro_contig512:23801-24553   -            251 290630at2759         -            562   3.7e-15   51.7   5.8   2   3    0.0008     0.013   10.2   0.0   169   238   102   169    97   175 0.86 -
Sro_contig512:23801-24553   -            251 290630at2759         -            562   3.7e-15   51.7   5.8   3   3   4.5e-08   7.5e-07   24.3   0.3   125   224   140   245   131   249 0.60 -
Sro_contig1141:31320-32180  -            287 290630at2759         -            562   1.5e-14   49.7   0.1   1   3   2.8e-06   4.8e-05   18.3   0.0   153   197     3    48     1    51 0.83 -
Sro_contig1141:31320-32180  -            287 290630at2759         -            562   1.5e-14   49.7   0.1   2   3   3.7e-06   6.2e-05   18.0   0.0   153   189    49    85    44    98 0.91 -
Sro_contig1141:31320-32180  -            287 290630at2759         -            562   1.5e-14   49.7   0.1   3   3   0.00052    0.0087   10.9   0.0   165   227   219   286   200   287 0.74 -
Sro_contig576:29221-30308   -            212 290630at2759         -            562     5e-14   48.0   0.0   1   2   3.2e-12   5.4e-11   37.9   0.0   166   276    23   138    15   147 0.86 -
Sro_contig576:29221-30308   -            212 290630at2759         -            562     5e-14   48.0   0.0   2   2    0.0049     0.082    7.6   0.0   158   186   155   183   148   187 0.90 -
Sro_contig1192:18365-19159  -            265 290630at2759         -            562   1.6e-13   46.3   1.0   1   4   0.00093     0.016   10.0   0.3   291   312    16    37     5    44 0.74 -
Sro_contig1192:18365-19159  -            265 290630at2759         -            562   1.6e-13   46.3   1.0   2   4    0.0037     0.062    8.0   0.0   163   185    60    82    45    87 0.74 -
Sro_contig1192:18365-19159  -            265 290630at2759         -            562   1.6e-13   46.3   1.0   3   4   9.6e-07   1.6e-05   19.9   0.0   279   350    95   172    92   193 0.84 -
Sro_contig1192:18365-19159  -            265 290630at2759         -            562   1.6e-13   46.3   1.0   4   4     0.072       1.2    3.8   0.1   151   186   226   261   218   264 0.88 -
Sro_contig103:45516-46571   -            352 290630at2759         -            562   2.2e-13   45.9   2.9   1   3   1.1e-06   1.9e-05   19.7   0.2    79   186    71   177    57   201 0.84 -
Sro_contig103:45516-46571   -            352 290630at2759         -            562   2.2e-13   45.9   2.9   2   3     0.018       0.3    5.8   0.1   155   216   207   270   201   272 0.71 -
Sro_contig103:45516-46571   -            352 290630at2759         -            562   2.2e-13   45.9   2.9   3   3   1.1e-06   1.9e-05   19.6   0.0   132   186   272   326   269   332 0.92 -
Sro_contig328:40909-41910   -            334 290630at2759         -            562   3.2e-13   45.3   1.6   1   4    0.0026     0.043    8.5   0.3   292   312    11    31     1    38 0.78 -
Sro_contig328:40909-41910   -            334 290630at2759         -            562   3.2e-13   45.3   1.6   2   4    0.0023     0.039    8.7   0.0   163   185    54    76    39    81 0.77 -
Sro_contig328:40909-41910   -            334 290630at2759         -            562   3.2e-13   45.3   1.6   3   4   1.5e-06   2.5e-05   19.2   0.0   279   350    89   166    86   186 0.84 -
Sro_contig328:40909-41910   -            334 290630at2759         -            562   3.2e-13   45.3   1.6   4   4     0.035      0.59    4.8   0.1   151   188   220   257   212   275 0.87 -
Sro_contig369:21607-22614   -            336 290630at2759         -            562   3.6e-13   45.1  10.8   1   4    0.0023     0.038    8.7   0.1   277   308    35    73     4    81 0.77 -
Sro_contig369:21607-22614   -            336 290630at2759         -            562   3.6e-13   45.1  10.8   2   4   1.6e-06   2.6e-05   19.2   0.3   153   225    90   179    81   179 0.78 -
Sro_contig369:21607-22614   -            336 290630at2759         -            562   3.6e-13   45.1  10.8   3   4   3.4e-06   5.8e-05   18.0   0.3   153   222   142   221   136   228 0.84 -
Sro_contig369:21607-22614   -            336 290630at2759         -            562   3.6e-13   45.1  10.8   4   4   0.00046    0.0078   11.0   0.1   154   186   302   335   299   336 0.89 -
Sro_contig827:26729-27810   -            327 290630at2759         -            562   6.4e-13   44.3   0.1   1   2    0.0057     0.095    7.4   0.0   193   227    32    67    24    73 0.72 -
Sro_contig827:26729-27810   -            327 290630at2759         -            562   6.4e-13   44.3   0.1   2   2   5.3e-11   8.9e-10   33.9   0.0   108   216   149   272   141   279 0.77 -
Sro_contig294:27889-28590   -            234 290630at2759         -            562     6e-11   37.8   0.1   1   2   4.8e-09   8.1e-08   27.5   0.0   129   192     2    70     1    78 0.85 -
Sro_contig294:27889-28590   -            234 290630at2759         -            562     6e-11   37.8   0.1   2   2    0.0025     0.041    8.6   0.0   102   185   131   172   111   203 0.70 -
Sro_contig355:19062-19913   -            284 290630at2759         -            562   6.2e-11   37.7   0.2   1   3   1.8e-07   2.9e-06   22.3   0.0   170   228     5    65     2    69 0.88 -
Sro_contig355:19062-19913   -            284 290630at2759         -            562   6.2e-11   37.7   0.2   2   3   0.00033    0.0055   11.5   0.0   193   227   150   186   146   196 0.69 -
Sro_contig355:19062-19913   -            284 290630at2759         -            562   6.2e-11   37.7   0.2   3   3       1.1        18   -0.1   0.0   153   180   257   284   254   284 0.84 -
Sro_contig2353:1143-2075    -            311 290630at2759         -            562   1.7e-10   36.3   2.2   1   3   0.00058    0.0098   10.7   0.0   255   315    44   118    20   125 0.65 -
Sro_contig2353:1143-2075    -            311 290630at2759         -            562   1.7e-10   36.3   2.2   2   3   1.9e-06   3.1e-05   18.9   0.3   291   351   168   233   158   244 0.75 -
Sro_contig2353:1143-2075    -            311 290630at2759         -            562   1.7e-10   36.3   2.2   3   3   0.00048     0.008   11.0   0.1   161   223   202   277   197   283 0.67 -
Sro_contig1:199501-199995   -            165 290630at2759         -            562   3.7e-10   35.2   0.3   1   3     0.093       1.6    3.4   0.0   155   187    28    61    25    65 0.59 -
Sro_contig1:199501-199995   -            165 290630at2759         -            562   3.7e-10   35.2   0.3   2   3   0.00016    0.0027   12.5   0.1   279   316    82   124    77   126 0.72 -
Sro_contig1:199501-199995   -            165 290630at2759         -            562   3.7e-10   35.2   0.3   3   3   7.2e-06   0.00012   17.0   0.0   150   186   124   161   123   164 0.88 -
Sro_contig1589:3945-4262    -            106 290630at2759         -            562   5.7e-10   34.6   0.1   1   2   8.7e-07   1.5e-05   20.0   0.0   160   214     3    60     1    65 0.78 -
Sro_contig1589:3945-4262    -            106 290630at2759         -            562   5.7e-10   34.6   0.1   2   2   7.5e-05    0.0013   13.6   0.1   162   204    64   106    52   106 0.91 -
Sro_contig203:78477-80378   -            634 290630at2759         -            562     1e-09   33.7   2.6   1   3   0.00014    0.0024   12.7   0.0   162   228   163   231   149   235 0.85 -
Sro_contig203:78477-80378   -            634 290630at2759         -            562     1e-09   33.7   2.6   2   3     0.021      0.34    5.6   0.1   291   313   280   303   272   340 0.81 -
Sro_contig203:78477-80378   -            634 290630at2759         -            562     1e-09   33.7   2.6   3   3   9.3e-05    0.0016   13.3   0.1   177   261   346   449   325   455 0.69 -
Sro_contig3376:2096-3559    -            488 290630at2759         -            562   2.3e-09   32.6   3.5   1   5       5.7        96   -2.5   0.0   322   344    12    35     7    44 0.50 -
Sro_contig3376:2096-3559    -            488 290630at2759         -            562   2.3e-09   32.6   3.5   2   5       2.6        43   -1.4   0.0   360   396    80   117    64   124 0.65 -
Sro_contig3376:2096-3559    -            488 290630at2759         -            562   2.3e-09   32.6   3.5   3   5         3        50   -1.6   0.0   166   185   161   180   124   185 0.87 -
Sro_contig3376:2096-3559    -            488 290630at2759         -            562   2.3e-09   32.6   3.5   4   5    0.0001    0.0017   13.2   0.1   190   229   213   252   204   261 0.92 -
Sro_contig3376:2096-3559    -            488 290630at2759         -            562   2.3e-09   32.6   3.5   5   5   9.7e-06   0.00016   16.6   0.1   114   227   272   390   257   393 0.79 -
Sro_contig1730:11361-11891  -            177 290630at2759         -            562   2.3e-09   32.6   1.3   1   2   3.1e-09   5.2e-08   28.1   0.2   119   191     7    82     2   119 0.79 -
Sro_contig1730:11361-11891  -            177 290630at2759         -            562   2.3e-09   32.6   1.3   2   2     0.075       1.3    3.7   0.0   166   184   158   176   146   177 0.87 -
Sro_contig1444:14347-15129  -            261 290630at2759         -            562   3.1e-09   32.1   0.1   1   2   8.4e-06   0.00014   16.8   0.0   126   186   117   183   114   194 0.82 -
Sro_contig1444:14347-15129  -            261 290630at2759         -            562   3.1e-09   32.1   0.1   2   2       2.3        39   -1.2   0.0    83   102   225   244   209   248 0.89 -
Sro_contig841:27619-28155   -            179 290630at2759         -            562   4.5e-09   31.6   2.9   1   2       4.4        74   -2.1   0.0   453   477     1    27     1    33 0.68 -
Sro_contig841:27619-28155   -            179 290630at2759         -            562   4.5e-09   31.6   2.9   2   2   9.6e-10   1.6e-08   29.8   2.1   145   227    45   131    41   178 0.73 -
Sro_contig30:4824-5510      -            229 290630at2759         -            562   6.9e-09   31.0   1.3   1   3   0.00055    0.0093   10.8   0.0   368   400     8    40     3    52 0.75 -
Sro_contig30:4824-5510      -            229 290630at2759         -            562   6.9e-09   31.0   1.3   2   3     0.069       1.2    3.8   0.0   153   186    62    97    53   114 0.73 -
Sro_contig30:4824-5510      -            229 290630at2759         -            562   6.9e-09   31.0   1.3   3   3   0.00011    0.0019   13.1   0.1   317   384   126   200   116   212 0.63 -
Sro_contig750:28384-28767   -            128 290630at2759         -            562   8.3e-09   30.7   1.4   1   2   4.7e-07   7.9e-06   20.9   0.4   158   225    20    88    14    90 0.89 -
Sro_contig750:28384-28767   -            128 290630at2759         -            562   8.3e-09   30.7   1.4   2   2   2.9e-05   0.00049   15.0   0.0   272   342    49   127    47   128 0.75 -
Sro_contig925:27395-27529   -             45 290630at2759         -            562   1.1e-08   30.3   0.0   1   1   7.1e-10   1.2e-08   30.2   0.0   171   215     1    45     1    45 0.95 -
Sro_contig484:31205-32044   -            280 290630at2759         -            562   1.4e-08   30.0   6.6   1   4   0.00068     0.011   10.5   0.0   279   310     2    37     1    47 0.67 -
Sro_contig484:31205-32044   -            280 290630at2759         -            562   1.4e-08   30.0   6.6   2   4   3.2e-06   5.4e-05   18.1   0.1   153   227    60   135    50   140 0.82 -
Sro_contig484:31205-32044   -            280 290630at2759         -            562   1.4e-08   30.0   6.6   3   4     0.089       1.5    3.5   0.1   267   297   219   250   204   254 0.74 -
Sro_contig484:31205-32044   -            280 290630at2759         -            562   1.4e-08   30.0   6.6   4   4       5.5        92   -2.4   0.1   295   305   270   280   265   280 0.70 -
Sro_contig755:48398-48685   -             96 290630at2759         -            562   2.3e-08   29.3   0.1   1   1   2.2e-09   3.7e-08   28.6   0.1   138   227     4    94     1    96 0.68 -
Sro_contig1677:12809-13450  -            214 290630at2759         -            562   2.5e-08   29.2   0.2   1   1   6.3e-09   1.1e-07   27.1   0.2   116   239    10   134     7   155 0.75 -
Sro_contig1781:7865-8449    -            195 290630at2759         -            562   2.9e-08   28.9   0.1   1   2   7.1e-05    0.0012   13.7   0.0   171   228     2    60     1    73 0.70 -
Sro_contig1781:7865-8449    -            195 290630at2759         -            562   2.9e-08   28.9   0.1   2   2   8.1e-05    0.0014   13.5   0.0   196   226    94   128    91   162 0.80 -
Sro_contig57:115734-116483  -            250 290630at2759         -            562   3.1e-08   28.8   0.5   1   2   2.6e-07   4.4e-06   21.7   0.1   166   228    73   135    57   147 0.90 -
Sro_contig57:115734-116483  -            250 290630at2759         -            562   3.1e-08   28.8   0.5   2   2     0.023      0.39    5.4   0.0   154   186   192   225   187   227 0.88 -
Sro_contig495:34778-37075   -            766 290630at2759         -            562   3.5e-08   28.7   0.7   1   2   8.5e-08   1.4e-06   23.4   0.2   247   336    82   188    58   249 0.60 -
Sro_contig495:34778-37075   -            766 290630at2759         -            562   3.5e-08   28.7   0.7   2   2      0.18         3    2.5   0.0   169   225   287   341   263   347 0.75 -
Sro_contig1313:18967-22860  -           1298 290630at2759         -            562   4.7e-08   28.2   0.3   1   2      0.47         8    1.1   0.0   158   196   347   385   338   431 0.75 -
Sro_contig1313:18967-22860  -           1298 290630at2759         -            562   4.7e-08   28.2   0.3   2   2   6.5e-08   1.1e-06   23.7   0.0   193   269   847   922   833   927 0.85 -
Sro_contig108:105331-105615 -             95 290630at2759         -            562   5.5e-08   28.0   0.1   1   1   3.9e-09   6.6e-08   27.8   0.1   136   229     1    94     1    95 0.84 -
Sro_contig93:93475-93759    -             95 290630at2759         -            562   1.5e-07   26.6   0.0   1   1   1.1e-08   1.8e-07   26.3   0.0   179   270     2    92     1    95 0.45 -
Sro_contig791:5646-6149     -            168 290630at2759         -            562   2.7e-07   25.7   0.0   1   1     2e-08   3.3e-07   25.4   0.0   127   190    43   107    34   119 0.86 -
Sro_contig603:1-3276        -           1092 290630at2759         -            562   2.9e-07   25.6   5.7   1   4     9e-05    0.0015   13.4   0.4   277   313   641   681   628   753 0.79 -
Sro_contig603:1-3276        -           1092 290630at2759         -            562   2.9e-07   25.6   5.7   2   4    0.0031     0.052    8.3   0.3    54   187   711   847   688   869 0.79 -
Sro_contig603:1-3276        -           1092 290630at2759         -            562   2.9e-07   25.6   5.7   3   4      0.26       4.4    1.9   0.0   166   186   978   998   964  1009 0.81 -
Sro_contig603:1-3276        -           1092 290630at2759         -            562   2.9e-07   25.6   5.7   4   4      0.51       8.5    1.0   0.0   206   306  1073  1091  1056  1092 0.56 -
Sro_contig108:105971-106426 -            152 290630at2759         -            562   3.4e-07   25.4   0.0   1   1   2.5e-08   4.1e-07   25.1   0.0   194   252     4    62     1    74 0.86 -
Sro_contig93:94115-94570    -            152 290630at2759         -            562   6.5e-07   24.5   0.0   1   1   5.1e-08   8.6e-07   24.1   0.0   194   250     4    60     1    78 0.78 -
Sro_contig2248:5107-5895    -            263 290630at2759         -            562   1.1e-06   23.7   0.0   1   2     0.002     0.034    8.9   0.0   173   246     3    81     1    91 0.76 -
Sro_contig2248:5107-5895    -            263 290630at2759         -            562   1.1e-06   23.7   0.0   2   2   0.00012     0.002   12.9   0.0   211   340   206   257   180   263 0.46 -
Sro_contig869:26178-26663   -            162 290630at2759         -            562   1.1e-06   23.7   0.1   1   2   0.00082     0.014   10.2   0.0   363   399    61    97     3   102 0.54 -
Sro_contig869:26178-26663   -            162 290630at2759         -            562   1.1e-06   23.7   0.1   2   2   3.6e-06     6e-05   18.0   0.0   116   188    69   145    66   160 0.82 -
Sro_contig3321:134-778      -            215 290630at2759         -            562   1.2e-06   23.6   0.0   1   1   1.1e-07   1.8e-06   23.0   0.0   194   249     4    59     1    76 0.78 -
Sro_contig801:6057-8045     -            663 290630at2759         -            562   1.5e-06   23.3   0.2   1   5       3.9        65   -1.9   0.0    78   105    66    93    61   104 0.72 -
Sro_contig801:6057-8045     -            663 290630at2759         -            562   1.5e-06   23.3   0.2   2   5      0.74        12    0.4   0.0   152   186   120   155   116   159 0.71 -
Sro_contig801:6057-8045     -            663 290630at2759         -            562   1.5e-06   23.3   0.2   3   5       3.1        52   -1.6   0.0   156   178   374   396   361   419 0.55 -
Sro_contig801:6057-8045     -            663 290630at2759         -            562   1.5e-06   23.3   0.2   4   5       5.2        87   -2.4   0.0   163   186   441   464   436   468 0.76 -
Sro_contig801:6057-8045     -            663 290630at2759         -            562   1.5e-06   23.3   0.2   5   5   5.6e-06   9.4e-05   17.3   0.1   233   306   492   573   487   579 0.79 -
Sro_contig1080:32930-33451  -            174 290630at2759         -            562   2.6e-06   22.5   2.7   1   2    0.0086      0.14    6.8   0.1   279   307    40    75    36    82 0.65 -
Sro_contig1080:32930-33451  -            174 290630at2759         -            562   2.6e-06   22.5   2.7   2   2   7.4e-05    0.0012   13.7   0.3   163   226   102   169    93   172 0.80 -
Sro_contig627:53958-55577   -            540 290630at2759         -            562   2.8e-06   22.4   1.6   1   4     0.049      0.82    4.3   0.1   165   196   237   268   224   300 0.74 -
Sro_contig627:53958-55577   -            540 290630at2759         -            562   2.8e-06   22.4   1.6   2   4      0.06         1    4.0   0.0   324   345   364   385   345   397 0.72 -
Sro_contig627:53958-55577   -            540 290630at2759         -            562   2.8e-06   22.4   1.6   3   4    0.0018     0.031    9.0   0.0   196   230   428   462   415   474 0.85 -
Sro_contig627:53958-55577   -            540 290630at2759         -            562   2.8e-06   22.4   1.6   4   4       1.3        22   -0.4   0.0   157   178   477   498   473   510 0.61 -
Sro_contig1:199133-199659   -            125 290630at2759         -            562     3e-06   22.3   0.6   1   2   1.7e-06   2.9e-05   19.0   0.0   145   185     7    48     1    54 0.84 -
Sro_contig1:199133-199659   -            125 290630at2759         -            562     3e-06   22.3   0.6   2   2      0.27       4.6    1.9   0.0   211   229    57    75    48    80 0.56 -
Sro_contig109:35534-36229   -            232 290630at2759         -            562   5.3e-06   21.5   0.1   1   3      0.15       2.5    2.8   0.0   142   226    43    86     1   100 0.52 -
Sro_contig109:35534-36229   -            232 290630at2759         -            562   5.3e-06   21.5   0.1   2   3    0.0019     0.031    9.0   0.1   141   230    42   136    34   138 0.77 -
Sro_contig109:35534-36229   -            232 290630at2759         -            562   5.3e-06   21.5   0.1   3   3   9.8e-06   0.00016   16.5   0.0   153   227   100   181    95   183 0.79 -
Sro_contig865:21195-21686   -            164 290630at2759         -            562     6e-06   21.3   1.2   1   2   5.8e-06   9.7e-05   17.3   0.5   138   220     9    91     2    98 0.80 -
Sro_contig865:21195-21686   -            164 290630at2759         -            562     6e-06   21.3   1.2   2   2      0.14       2.3    2.8   0.0   162   185   124   145   102   151 0.61 -
Sro_contig702:21792-22574   -            261 290630at2759         -            562   9.5e-06   20.6   5.1   1   4    0.0038     0.064    8.0   0.0   177   222     3    52     1    58 0.69 -
Sro_contig702:21792-22574   -            261 290630at2759         -            562   9.5e-06   20.6   5.1   2   4     0.065       1.1    3.9   0.0   154   210    72   132    61   144 0.73 -
Sro_contig702:21792-22574   -            261 290630at2759         -            562   9.5e-06   20.6   5.1   3   4      0.68        11    0.6   0.0   170   187   147   164   140   170 0.87 -
Sro_contig702:21792-22574   -            261 290630at2759         -            562   9.5e-06   20.6   5.1   4   4    0.0085      0.14    6.8   0.6   291   343   200   260   193   261 0.74 -
Sro_contig381:19899-20567   -            223 290630at2759         -            562   1.3e-05   20.1   0.1   1   1   1.2e-06     2e-05   19.6   0.1   153   228    33   109    24   161 0.75 -
Sro_contig440:45619-46497   -            293 290630at2759         -            562   1.7e-05   19.8   0.0   1   3      0.17       2.9    2.5   0.0   368   393    33    57    15    93 0.70 -
Sro_contig440:45619-46497   -            293 290630at2759         -            562   1.7e-05   19.8   0.0   2   3      0.19       3.2    2.4   0.0   152   187   114   148   106   151 0.87 -
Sro_contig440:45619-46497   -            293 290630at2759         -            562   1.7e-05   19.8   0.0   3   3   0.00048     0.008   11.0   0.0   158   210   173   225   158   286 0.88 -
Sro_contig1058:36348-38566  -            683 290630at2759         -            562   4.2e-05   18.5   0.7   1   2   5.6e-05   0.00094   14.0   0.1   277   313   474   514   462   530 0.74 -
Sro_contig1058:36348-38566  -            683 290630at2759         -            562   4.2e-05   18.5   0.7   2   2      0.71        12    0.5   0.1   154   187   534   567   530   574 0.73 -
Sro_contig165:25078-25203   -             42 290630at2759         -            562   4.9e-05   18.3   0.1   1   1     3e-06     5e-05   18.2   0.1   154   194     1    41     1    42 0.82 -
Sro_contig496:32696-33871   -            392 290630at2759         -            562   5.4e-05   18.1   0.0   1   3     0.013      0.22    6.2   0.0   159   346     8    76     2    90 0.46 -
Sro_contig496:32696-33871   -            392 290630at2759         -            562   5.4e-05   18.1   0.0   2   3      0.15       2.5    2.7   0.0   160   187   230   257   218   286 0.75 -
Sro_contig496:32696-33871   -            392 290630at2759         -            562   5.4e-05   18.1   0.0   3   3     0.039      0.65    4.7   0.0    76   132   337   392   329   392 0.90 -
Sro_contig345:72562-74652   -            697 290630at2759         -            562   0.00014   16.8   0.0   1   1   1.7e-05   0.00028   15.8   0.0   159   189   430   460   425   464 0.92 -
Sro_contig464:60266-60469   -             68 290630at2759         -            562   0.00017   16.5   0.0   1   1   1.1e-05   0.00019   16.3   0.0   154   186    35    67    31    68 0.69 -
Sro_contig5:96982-97767     -            262 290630at2759         -            562   0.00044   15.1   1.1   1   4       7.5   1.3e+02   -2.9   0.0   164   185     3    24     1    26 0.75 -
Sro_contig5:96982-97767     -            262 290630at2759         -            562   0.00044   15.1   1.1   2   4      0.14       2.4    2.8   0.1   169   186    73    90    44   144 0.79 -
Sro_contig5:96982-97767     -            262 290630at2759         -            562   0.00044   15.1   1.1   3   4     0.036       0.6    4.8   0.1   169   225   127   186   103   191 0.73 -
Sro_contig5:96982-97767     -            262 290630at2759         -            562   0.00044   15.1   1.1   4   4   0.00097     0.016   10.0   0.0   155   228   159   238   153   244 0.75 -
Sro_contig278:52509-53207   -            233 290630at2759         -            562    0.0023   12.8   0.2   1   2      0.27       4.6    1.9   0.0    84   123    35    74    13    81 0.87 -
Sro_contig278:52509-53207   -            233 290630at2759         -            562    0.0023   12.8   0.2   2   2    0.0021     0.035    8.9   0.1   153   183   199   232   190   233 0.86 -
Sro_contig32:160984-162444  -            487 290630at2759         -            562    0.0068   11.2   0.1   1   1   0.00075     0.013   10.3   0.1   157   232   129   213   120   223 0.71 -
Sro_contig142:33418-33900   -            161 290630at2759         -            562     0.016   10.0   0.0   1   3      0.13       2.2    2.9   0.1   294   344    10    67     5    90 0.62 -
Sro_contig142:33418-33900   -            161 290630at2759         -            562     0.016   10.0   0.0   2   3      0.75        13    0.4   0.0   318   341    87   110    75   125 0.67 -
Sro_contig142:33418-33900   -            161 290630at2759         -            562     0.016   10.0   0.0   3   3      0.04      0.68    4.6   0.0   123   180    94   161    87   161 0.64 -
Sro_contig169:44829-45509   -            227 290630at2759         -            562     0.023    9.4   0.5   1   2      0.28       4.7    1.8   0.0   170   190    92   112    27   132 0.72 -
Sro_contig169:44829-45509   -            227 290630at2759         -            562     0.023    9.4   0.5   2   2     0.025      0.42    5.3   0.1   157   184   199   226   171   227 0.81 -
#
# Program:         hmmsearch
# Version:         3.1b2 (February 2015)
# Pipeline mode:   SEARCH
# Query file:      /Users/aholzer/ownCloud/PhD/Publications/2021 Liavero-Pasquina et al./analysis/TPP_aptamer_search/busco_downloads/lineages/eukaryota_odb10/hmms/290630at2759.hmm
# Target file:     /Users/aholzer/ownCloud/PhD/Publications/2021 Liavero-Pasquina et al./analysis/TPP_aptamer_search/genomes/BUSCO_eukaryota_obd10/Seminavis_robusta_version1.2/run_eukaryota_odb10/metaeuk_output/initial_results/Seminavis_robusta_genomeV1.fna.modified.fas
# Option settings: hmmsearch --domtblout /Users/aholzer/ownCloud/PhD/Publications/2021 Liavero-Pasquina et al./analysis/TPP_aptamer_search/genomes/BUSCO_eukaryota_obd10/Seminavis_robusta_version1.2/run_eukaryota_odb10/hmmer_output/initial_run_results/290630at2759.out --cpu 1 /Users/aholzer/ownCloud/PhD/Publications/2021 Liavero-Pasquina et al./analysis/TPP_aptamer_search/busco_downloads/lineages/eukaryota_odb10/hmms/290630at2759.hmm /Users/aholzer/ownCloud/PhD/Publications/2021 Liavero-Pasquina et al./analysis/TPP_aptamer_search/genomes/BUSCO_eukaryota_obd10/Seminavis_robusta_version1.2/run_eukaryota_odb10/metaeuk_output/initial_results/Seminavis_robusta_genomeV1.fna.modified.fas 
# Current dir:     /Users/aholzer/ownCloud/PhD/Publications/2021 Liavero-Pasquina et al./analysis/TPP_aptamer_search
# Date:            Sun Apr 18 11:11:34 2021
# [ok]
