#                                                                                 --- full sequence --- -------------- this domain -------------   hmm coord   ali coord   env coord
# target name             accession   tlen query name           accession   qlen   E-value  score  bias   #  of  c-Evalue  i-Evalue  score  bias  from    to  from    to  from    to  acc description of target
#     ------------------- ---------- ----- -------------------- ---------- ----- --------- ------ ----- --- --- --------- --------- ------ ----- ----- ----- ----- ----- ----- ----- ---- ---------------------
Sro_contig864:16180-18321 -            714 306227at2759         -            481  1.1e-131  436.5  18.8   1   5   4.1e-75   3.1e-72  240.4   0.2     1   206    11   244    11   257 0.84 -
Sro_contig864:16180-18321 -            714 306227at2759         -            481  1.1e-131  436.5  18.8   2   5   3.6e-06    0.0027   13.0   0.0   206   261   265   332   255   335 0.82 -
Sro_contig864:16180-18321 -            714 306227at2759         -            481  1.1e-131  436.5  18.8   3   5     1e-07   7.7e-05   18.1   1.4   127   198   327   398   326   415 0.84 -
Sro_contig864:16180-18321 -            714 306227at2759         -            481  1.1e-131  436.5  18.8   4   5   9.5e-22   7.1e-19   64.4   0.2   301   380   434   527   423   530 0.83 -
Sro_contig864:16180-18321 -            714 306227at2759         -            481  1.1e-131  436.5  18.8   5   5   2.4e-36   1.8e-33  112.6   0.5   383   480   554   661   538   662 0.88 -
Sro_contig174:92957-96268 -           1076 306227at2759         -            481   7.9e-55  183.0  10.2   1   2   1.3e-38   9.9e-36  120.0   0.8     3   199    55   280    53   302 0.80 -
Sro_contig174:92957-96268 -           1076 306227at2759         -            481   7.9e-55  183.0  10.2   2   2   1.7e-21   1.3e-18   63.6   2.0   348   480   793   956   787   957 0.83 -
#
# Program:         hmmsearch
# Version:         3.1b2 (February 2015)
# Pipeline mode:   SEARCH
# Query file:      /Users/aholzer/ownCloud/PhD/Publications/2021 Liavero-Pasquina et al./analysis/TPP_aptamer_search/busco_downloads/lineages/eukaryota_odb10/hmms/306227at2759.hmm
# Target file:     /Users/aholzer/ownCloud/PhD/Publications/2021 Liavero-Pasquina et al./analysis/TPP_aptamer_search/genomes/BUSCO_eukaryota_obd10/Seminavis_robusta_version1.2/run_eukaryota_odb10/metaeuk_output/initial_results/Seminavis_robusta_genomeV1.fna.modified.fas
# Option settings: hmmsearch --domtblout /Users/aholzer/ownCloud/PhD/Publications/2021 Liavero-Pasquina et al./analysis/TPP_aptamer_search/genomes/BUSCO_eukaryota_obd10/Seminavis_robusta_version1.2/run_eukaryota_odb10/hmmer_output/initial_run_results/306227at2759.out --cpu 1 /Users/aholzer/ownCloud/PhD/Publications/2021 Liavero-Pasquina et al./analysis/TPP_aptamer_search/busco_downloads/lineages/eukaryota_odb10/hmms/306227at2759.hmm /Users/aholzer/ownCloud/PhD/Publications/2021 Liavero-Pasquina et al./analysis/TPP_aptamer_search/genomes/BUSCO_eukaryota_obd10/Seminavis_robusta_version1.2/run_eukaryota_odb10/metaeuk_output/initial_results/Seminavis_robusta_genomeV1.fna.modified.fas 
# Current dir:     /Users/aholzer/ownCloud/PhD/Publications/2021 Liavero-Pasquina et al./analysis/TPP_aptamer_search
# Date:            Sun Apr 18 11:11:35 2021
# [ok]
