#                                                                                   --- full sequence --- -------------- this domain -------------   hmm coord   ali coord   env coord
# target name               accession   tlen query name           accession   qlen   E-value  score  bias   #  of  c-Evalue  i-Evalue  score  bias  from    to  from    to  from    to  acc description of target
#       ------------------- ---------- ----- -------------------- ---------- ----- --------- ------ ----- --- --- --------- --------- ------ ----- ----- ----- ----- ----- ----- ----- ---- ---------------------
Sro_contig203:78477-80378   -            634 621827at2759         -            349   6.1e-42  140.3   2.4   1   3      0.78        14    1.0   0.0    18    45   102   129    93   143 0.84 -
Sro_contig203:78477-80378   -            634 621827at2759         -            349   6.1e-42  140.3   2.4   2   3   2.5e-22   4.6e-21   71.7   1.3    44   256   157   458   143   468 0.70 -
Sro_contig203:78477-80378   -            634 621827at2759         -            349   6.1e-42  140.3   2.4   3   3   4.8e-18   8.8e-17   57.6   0.0   251   331   501   593   484   611 0.83 -
Sro_contig602:29187-30044   -            286 621827at2759         -            349   1.3e-37  126.1   1.0   1   6   4.7e-05   0.00086   14.9   0.0   115   145     2    34     1    38 0.88 -
Sro_contig602:29187-30044   -            286 621827at2759         -            349   1.3e-37  126.1   1.0   2   6   2.6e-09   4.8e-08   28.9   0.1    93   146    21    79    15    85 0.86 -
Sro_contig602:29187-30044   -            286 621827at2759         -            349   1.3e-37  126.1   1.0   3   6   3.9e-09   7.1e-08   28.3   0.0    75   147    39   122    37   130 0.76 -
Sro_contig602:29187-30044   -            286 621827at2759         -            349   1.3e-37  126.1   1.0   4   6   1.4e-06   2.5e-05   19.9   0.0    75   129    83   144    80   146 0.80 -
Sro_contig602:29187-30044   -            286 621827at2759         -            349   1.3e-37  126.1   1.0   5   6   9.2e-09   1.7e-07   27.1   0.0    93   170   149   232   145   234 0.78 -
Sro_contig602:29187-30044   -            286 621827at2759         -            349   1.3e-37  126.1   1.0   6   6   6.5e-11   1.2e-09   34.2   0.3    93   145   231   286   228   286 0.89 -
Sro_contig669:34718-35551   -            278 621827at2759         -            349   8.4e-32  107.0   6.2   1   3   1.8e-07   3.2e-06   22.9   0.0    82   129     3    57     1    60 0.78 -
Sro_contig669:34718-35551   -            278 621827at2759         -            349   8.4e-32  107.0   6.2   2   3   2.6e-16   4.8e-15   51.9   0.5    90   146    62   121    55   129 0.87 -
Sro_contig669:34718-35551   -            278 621827at2759         -            349   8.4e-32  107.0   6.2   3   3   4.3e-11   7.8e-10   34.7   0.2    77   147   164   245   154   254 0.79 -
Sro_contig77:85573-87084    -            504 621827at2759         -            349   1.1e-30  103.4  10.8   1   4   3.6e-14   6.6e-13   44.8   0.5    92   213     2   135     1   137 0.84 -
Sro_contig77:85573-87084    -            504 621827at2759         -            349   1.1e-30  103.4  10.8   2   4   4.8e-08   8.7e-07   24.7   0.8    92   145   126   181   123   200 0.80 -
Sro_contig77:85573-87084    -            504 621827at2759         -            349   1.1e-30  103.4  10.8   3   4       3.9        71   -1.3   0.0   176   213   233   274   218   277 0.63 -
Sro_contig77:85573-87084    -            504 621827at2759         -            349   1.1e-30  103.4  10.8   4   4   1.1e-14   2.1e-13   46.5   0.1    51   219   300   494   290   499 0.77 -
Sro_contig465:43711-44532   -            274 621827at2759         -            349   2.2e-29   99.0   2.5   1   3   6.6e-11   1.2e-09   34.1   0.2    92   145     1    56     1    62 0.88 -
Sro_contig465:43711-44532   -            274 621827at2759         -            349   2.2e-29   99.0   2.5   2   3   8.9e-10   1.6e-08   30.4   0.0    54   144    96   189    89   212 0.84 -
Sro_contig465:43711-44532   -            274 621827at2759         -            349   2.2e-29   99.0   2.5   3   3     1e-10   1.9e-09   33.5   0.1    78   143   198   274   192   274 0.76 -
Sro_contig69:56345-57229    -            295 621827at2759         -            349   1.9e-27   92.7   1.4   1   3   0.00015    0.0027   13.3   0.0   114   145     7    40     2    45 0.83 -
Sro_contig69:56345-57229    -            295 621827at2759         -            349   1.9e-27   92.7   1.4   2   3   1.3e-13   2.4e-12   43.0   0.0    79   152    55   137    48   140 0.79 -
Sro_contig69:56345-57229    -            295 621827at2759         -            349   1.9e-27   92.7   1.4   3   3   1.3e-10   2.4e-09   33.1   0.3    92   210   158   285   138   288 0.55 -
Sro_contig169:41572-42315   -            248 621827at2759         -            349   2.8e-24   82.2   1.8   1   3   3.7e-05   0.00068   15.2   0.1    89   128    59    99    44   103 0.90 -
Sro_contig169:41572-42315   -            248 621827at2759         -            349   2.8e-24   82.2   1.8   2   3   3.1e-12   5.7e-11   38.5   0.0    91   147   103   164    96   172 0.84 -
Sro_contig169:41572-42315   -            248 621827at2759         -            349   2.8e-24   82.2   1.8   3   3   5.4e-09   9.9e-08   27.8   0.0    78   144   171   247   165   248 0.78 -
Sro_contig245:78760-79560   -            267 621827at2759         -            349   7.8e-24   80.8  12.4   1   3   9.2e-05    0.0017   13.9   0.2   103   173     1    79     1    84 0.69 -
Sro_contig245:78760-79560   -            267 621827at2759         -            349   7.8e-24   80.8  12.4   2   3   1.9e-10   3.5e-09   32.6   2.3    90   146    98   158    86   182 0.87 -
Sro_contig245:78760-79560   -            267 621827at2759         -            349   7.8e-24   80.8  12.4   3   3   1.5e-12   2.7e-11   39.5   0.2    83   148   191   259   182   264 0.85 -
Sro_contig1589:3435-3791    -            119 621827at2759         -            349   4.1e-22   75.1   0.9   1   1   6.5e-23   1.2e-21   73.6   0.9    92   181    23   119     3   119 0.86 -
Sro_contig1027:233-3388     -           1001 621827at2759         -            349   8.1e-22   74.2   8.5   1   6     0.091       1.7    4.1   0.0   127   147   144   164   107   174 0.80 -
Sro_contig1027:233-3388     -           1001 621827at2759         -            349   8.1e-22   74.2   8.5   2   6      0.85        16    0.9   0.0   119   144   247   272   238   276 0.82 -
Sro_contig1027:233-3388     -           1001 621827at2759         -            349   8.1e-22   74.2   8.5   3   6   1.1e-06   1.9e-05   20.3   0.3    76   147   465   538   454   558 0.84 -
Sro_contig1027:233-3388     -           1001 621827at2759         -            349   8.1e-22   74.2   8.5   4   6       3.9        72   -1.3   0.0    91   110   578   597   576   606 0.82 -
Sro_contig1027:233-3388     -           1001 621827at2759         -            349   8.1e-22   74.2   8.5   5   6   9.8e-05    0.0018   13.8   0.1    91   144   636   692   628   696 0.85 -
Sro_contig1027:233-3388     -           1001 621827at2759         -            349   8.1e-22   74.2   8.5   6   6   1.9e-10   3.5e-09   32.6   0.0    72   148   695   780   692   790 0.84 -
Sro_contig3059:4414-5304    -            297 621827at2759         -            349   4.2e-21   71.8   7.0   1   4     3e-10   5.4e-09   32.0   1.9    44   151     6   127     1   133 0.81 -
Sro_contig3059:4414-5304    -            297 621827at2759         -            349   4.2e-21   71.8   7.0   2   4   1.5e-07   2.7e-06   23.1   0.3    91   147   106   164   101   166 0.88 -
Sro_contig3059:4414-5304    -            297 621827at2759         -            349   4.2e-21   71.8   7.0   3   4   2.2e-07   4.1e-06   22.5   0.1    95   147   151   206   148   211 0.85 -
Sro_contig3059:4414-5304    -            297 621827at2759         -            349   4.2e-21   71.8   7.0   4   4   1.7e-05    0.0003   16.3   0.0    91   140   240   292   235   294 0.78 -
Sro_contig1308:11147-12660  -            471 621827at2759         -            349   4.3e-21   71.8   1.8   1   3      0.55        10    1.5   0.0    45   118    89   171    78   184 0.60 -
Sro_contig1308:11147-12660  -            471 621827at2759         -            349   4.3e-21   71.8   1.8   2   3   2.2e-18   4.1e-17   58.7   0.6    52   211   138   321   120   324 0.76 -
Sro_contig1308:11147-12660  -            471 621827at2759         -            349   4.3e-21   71.8   1.8   3   3   1.1e-06   1.9e-05   20.3   0.0    90   145   269   328   251   387 0.67 -
Sro_contig2445:1741-3258    -            471 621827at2759         -            349   4.3e-21   71.8   1.8   1   3      0.55        10    1.5   0.0    45   118    89   171    78   184 0.60 -
Sro_contig2445:1741-3258    -            471 621827at2759         -            349   4.3e-21   71.8   1.8   2   3   2.2e-18   4.1e-17   58.7   0.6    52   211   138   321   120   324 0.76 -
Sro_contig2445:1741-3258    -            471 621827at2759         -            349   4.3e-21   71.8   1.8   3   3   1.1e-06   1.9e-05   20.3   0.0    90   145   269   328   251   387 0.67 -
Sro_contig1810:10441-13485  -           1015 621827at2759         -            349   6.3e-20   67.9  12.3   1   7       8.9   1.6e+02   -2.5   0.0   164   187    40    63    36    65 0.87 -
Sro_contig1810:10441-13485  -           1015 621827at2759         -            349   6.3e-20   67.9  12.3   2   7   2.6e-07   4.8e-06   22.3   0.0    84   151   161   236   157   241 0.80 -
Sro_contig1810:10441-13485  -           1015 621827at2759         -            349   6.3e-20   67.9  12.3   3   7      0.12       2.2    3.7   0.0   128   146   268   286   254   293 0.87 -
Sro_contig1810:10441-13485  -           1015 621827at2759         -            349   6.3e-20   67.9  12.3   4   7       9.3   1.7e+02   -2.5   0.7   208   260   324   376   320   391 0.73 -
Sro_contig1810:10441-13485  -           1015 621827at2759         -            349   6.3e-20   67.9  12.3   5   7       2.1        38   -0.4   0.0   156   186   511   541   507   546 0.86 -
Sro_contig1810:10441-13485  -           1015 621827at2759         -            349   6.3e-20   67.9  12.3   6   7     0.058       1.1    4.7   0.0   128   146   629   647   578   651 0.74 -
Sro_contig1810:10441-13485  -           1015 621827at2759         -            349   6.3e-20   67.9  12.3   7   7   1.6e-11   2.9e-10   36.2   2.4    47   145   735   845   705   857 0.75 -
Sro_contig925:26489-27259   -            257 621827at2759         -            349     1e-19   67.2   0.5   1   3     0.037      0.68    5.3   0.0   106   144    13    54     7    61 0.66 -
Sro_contig925:26489-27259   -            257 621827at2759         -            349     1e-19   67.2   0.5   2   3   1.9e-11   3.4e-10   35.9   0.2    43   142    80   191    75   194 0.77 -
Sro_contig925:26489-27259   -            257 621827at2759         -            349     1e-19   67.2   0.5   3   3     2e-08   3.7e-07   25.9   0.2    39   121   161   254   157   257 0.68 -
Sro_contig1558:10433-11293  -            287 621827at2759         -            349   1.2e-19   67.0   0.0   1   3   1.2e-08   2.2e-07   26.7   0.0    78   170    23   124    18   128 0.82 -
Sro_contig1558:10433-11293  -            287 621827at2759         -            349   1.2e-19   67.0   0.0   2   3   0.00079     0.014   10.8   0.0    87   111   129   153   125   167 0.56 -
Sro_contig1558:10433-11293  -            287 621827at2759         -            349   1.2e-19   67.0   0.0   3   3   1.7e-08     3e-07   26.2   0.0    89   144   227   284   186   286 0.85 -
Sro_contig925:30708-31597   -            259 621827at2759         -            349   3.9e-19   65.3   3.2   1   3     0.084       1.5    4.2   0.0   114   145     2    36     1    45 0.79 -
Sro_contig925:30708-31597   -            259 621827at2759         -            349   3.9e-19   65.3   3.2   2   3   1.1e-05    0.0002   16.9   0.7    90   145    71   120    50   129 0.78 -
Sro_contig925:30708-31597   -            259 621827at2759         -            349   3.9e-19   65.3   3.2   3   3   1.6e-13   2.9e-12   42.7   0.0    85   184   146   252   140   256 0.87 -
Sro_contig26:72142-75192    -            981 621827at2759         -            349   1.3e-18   63.6   5.8   1   7      0.27       4.9    2.5   0.0   160   206    36    86    33    95 0.72 -
Sro_contig26:72142-75192    -            981 621827at2759         -            349   1.3e-18   63.6   5.8   2   7    0.0084      0.15    7.5   0.1    39    86   155   207   104   235 0.64 -
Sro_contig26:72142-75192    -            981 621827at2759         -            349   1.3e-18   63.6   5.8   3   7       1.3        24    0.3   0.0   213   250   293   333   287   344 0.76 -
Sro_contig26:72142-75192    -            981 621827at2759         -            349   1.3e-18   63.6   5.8   4   7    0.0054     0.099    8.1   0.0   103   145   379   424   371   430 0.75 -
Sro_contig26:72142-75192    -            981 621827at2759         -            349   1.3e-18   63.6   5.8   5   7   1.4e-06   2.5e-05   19.9   0.0   187   247   435   501   429   506 0.88 -
Sro_contig26:72142-75192    -            981 621827at2759         -            349   1.3e-18   63.6   5.8   6   7   3.9e-05   0.00071   15.1   0.0    92   148   537   596   509   599 0.86 -
Sro_contig26:72142-75192    -            981 621827at2759         -            349   1.3e-18   63.6   5.8   7   7      0.21       3.8    2.9   0.0    47    80   629   662   615   670 0.80 -
Sro_contig652:28776-30446   -            394 621827at2759         -            349   2.4e-17   59.5   1.1   1   3   3.4e-05   0.00062   15.3   0.0   129   185     3    64     1    69 0.84 -
Sro_contig652:28776-30446   -            394 621827at2759         -            349   2.4e-17   59.5   1.1   2   3   3.1e-08   5.7e-07   25.3   0.0    78   145    80   155    74   161 0.78 -
Sro_contig652:28776-30446   -            394 621827at2759         -            349   2.4e-17   59.5   1.1   3   3   0.00016    0.0028   13.2   0.1    90   199   356   390   297   394 0.66 -
Sro_contig795:33147-34067   -            307 621827at2759         -            349     3e-16   55.8   4.9   1   5      0.04      0.73    5.2   0.0    90   140    23    77     2    84 0.49 -
Sro_contig795:33147-34067   -            307 621827at2759         -            349     3e-16   55.8   4.9   2   5   4.5e-11   8.2e-10   34.7   0.5    56   149    65   170    62   175 0.81 -
Sro_contig795:33147-34067   -            307 621827at2759         -            349     3e-16   55.8   4.9   3   5     4e-09   7.2e-08   28.3   0.1    93   152   153   217   151   222 0.87 -
Sro_contig795:33147-34067   -            307 621827at2759         -            349     3e-16   55.8   4.9   4   5      0.03      0.55    5.6   0.1    45    85   237   277   231   289 0.78 -
Sro_contig795:33147-34067   -            307 621827at2759         -            349     3e-16   55.8   4.9   5   5       1.6        29   -0.0   0.0   118   141   281   306   270   307 0.52 -
Sro_contig1:199501-199995   -            165 621827at2759         -            349   8.1e-16   54.4   0.4   1   2    0.0026     0.047    9.1   0.0    87   108    40    61    37    63 0.89 -
Sro_contig1:199501-199995   -            165 621827at2759         -            349   8.1e-16   54.4   0.4   2   2     9e-14   1.6e-12   43.5   0.2    91   148   101   163    76   165 0.82 -
Sro_contig512:23801-24553   -            251 621827at2759         -            349   2.3e-15   52.9   5.8   1   3   5.3e-10   9.6e-09   31.2   0.7    96   150     4    61     1    86 0.86 -
Sro_contig512:23801-24553   -            251 621827at2759         -            349   2.3e-15   52.9   5.8   2   3      0.07       1.3    4.4   0.2   122   147    95   120    66   127 0.71 -
Sro_contig512:23801-24553   -            251 621827at2759         -            349   2.3e-15   52.9   5.8   3   3   3.1e-06   5.7e-05   18.7   0.1    89   143   186   246   126   250 0.67 -
Sro_contig1033:37166-37795  -            210 621827at2759         -            349     5e-15   51.8   1.6   1   2     3e-06   5.5e-05   18.8   0.1    58   113     2    66     1    78 0.84 -
Sro_contig1033:37166-37795  -            210 621827at2759         -            349     5e-15   51.8   1.6   2   2   2.1e-10   3.8e-09   32.5   0.1    87   145   127   187   107   195 0.81 -
Sro_contig565:3936-4565     -            210 621827at2759         -            349     5e-15   51.8   1.6   1   2     3e-06   5.5e-05   18.8   0.1    58   113     2    66     1    78 0.84 -
Sro_contig565:3936-4565     -            210 621827at2759         -            349     5e-15   51.8   1.6   2   2   2.1e-10   3.8e-09   32.5   0.1    87   145   127   187   107   195 0.81 -
Sro_contig3892:2841-3281    -            147 621827at2759         -            349   2.3e-14   49.7   0.0   1   2   5.1e-07   9.2e-06   21.3   0.0    93   145    19    75    12    81 0.87 -
Sro_contig3892:2841-3281    -            147 621827at2759         -            349   2.3e-14   49.7   0.0   2   2   1.2e-08   2.1e-07   26.7   0.0    76   129    81   141    76   143 0.81 -
Sro_contig841:27619-28155   -            179 621827at2759         -            349   1.8e-13   46.7   0.3   1   3       6.5   1.2e+02   -2.0   0.0   127   151     4    28     3    33 0.81 -
Sro_contig841:27619-28155   -            179 621827at2759         -            349   1.8e-13   46.7   0.3   2   3   1.7e-13   3.2e-12   42.6   0.7    90   152    70   138    54   146 0.83 -
Sro_contig841:27619-28155   -            179 621827at2759         -            349   1.8e-13   46.7   0.3   3   3      0.93        17    0.7   0.0   128   147   158   177   154   179 0.67 -
Sro_contig1141:31320-32180  -            287 621827at2759         -            349   3.2e-13   45.9   0.2   1   3   5.3e-10   9.6e-09   31.2   0.0    90   149    20    85     2   112 0.84 -
Sro_contig1141:31320-32180  -            287 621827at2759         -            349   3.2e-13   45.9   0.2   2   3       1.6        29   -0.0   0.0   147   165   144   162   136   179 0.58 -
Sro_contig1141:31320-32180  -            287 621827at2759         -            349   3.2e-13   45.9   0.2   3   3    0.0021     0.039    9.4   0.0    56   106   222   286   194   287 0.68 -
Sro_contig93:93475-93759    -             95 621827at2759         -            349   6.3e-13   44.9   0.2   1   1   4.3e-14   7.8e-13   44.6   0.2    66   145    12    92     1    94 0.73 -
Sro_contig9:182765-183484   -            240 621827at2759         -            349   6.6e-13   44.8   1.4   1   3     4e-12   7.3e-11   38.1   0.4    90   199     6   128     3   144 0.73 -
Sro_contig9:182765-183484   -            240 621827at2759         -            349   6.6e-13   44.8   1.4   2   3   0.00076     0.014   10.9   0.2    90   148    91   152    85   202 0.66 -
Sro_contig9:182765-183484   -            240 621827at2759         -            349   6.6e-13   44.8   1.4   3   3      0.23       4.2    2.7   0.0    45    72   211   238   181   240 0.74 -
Sro_contig589:14160-15080   -            307 621827at2759         -            349   1.2e-12   44.0   1.0   1   3   5.3e-06   9.7e-05   18.0   0.2   100   148    87   136    77   142 0.88 -
Sro_contig589:14160-15080   -            307 621827at2759         -            349   1.2e-12   44.0   1.0   2   3   6.4e-06   0.00012   17.7   0.0    78   152   142   231   136   256 0.79 -
Sro_contig589:14160-15080   -            307 621827at2759         -            349   1.2e-12   44.0   1.0   3   3     0.042      0.77    5.2   0.0   102   143   263   307   259   307 0.85 -
Sro_contig382:64643-65428   -            262 621827at2759         -            349   1.4e-12   43.8   2.4   1   2    0.0079      0.14    7.6   0.0   132   148    21    37     5    48 0.65 -
Sro_contig382:64643-65428   -            262 621827at2759         -            349   1.4e-12   43.8   2.4   2   2   3.8e-11   6.9e-10   34.9   0.5    42   145    59   173    53   182 0.85 -
Sro_contig484:31205-32044   -            280 621827at2759         -            349   1.8e-12   43.4   2.6   1   3   0.00091     0.017   10.6   0.1   115   145     3    35     1    40 0.78 -
Sro_contig484:31205-32044   -            280 621827at2759         -            349   1.8e-12   43.4   2.6   2   3   7.8e-08   1.4e-06   24.0   0.1   111   182    56   136    51   148 0.77 -
Sro_contig484:31205-32044   -            280 621827at2759         -            349   1.8e-12   43.4   2.6   3   3     0.011       0.2    7.1   0.0    91   123   207   241   202   254 0.79 -
Sro_contig108:105331-105615 -             95 621827at2759         -            349   1.8e-12   43.4   0.3   1   1   1.3e-13   2.4e-12   43.0   0.3    67   145     2    92     1    94 0.78 -
Sro_contig1101:25231-26157  -            309 621827at2759         -            349   8.4e-12   41.2   0.6   1   1   2.8e-12     5e-11   38.7   0.6    40   251    59   303    41   306 0.79 -
Sro_contig50:128967-129458  -            164 621827at2759         -            349   1.4e-11   40.5   0.1   1   2      0.26       4.8    2.6   0.0   131   146     1    16     1    26 0.82 -
Sro_contig50:128967-129458  -            164 621827at2759         -            349   1.4e-11   40.5   0.1   2   2   1.5e-11   2.8e-10   36.2   0.0    49   150    45   162    36   164 0.81 -
Sro_contig2407:10696-11827  -            342 621827at2759         -            349   2.9e-11   39.5   0.1   1   3   4.9e-08     9e-07   24.7   0.0    79   176     5   115     3   120 0.83 -
Sro_contig2407:10696-11827  -            342 621827at2759         -            349   2.9e-11   39.5   0.1   2   3   0.00042    0.0076   11.8   0.0    97   190   169   269   156   286 0.74 -
Sro_contig2407:10696-11827  -            342 621827at2759         -            349   2.9e-11   39.5   0.1   3   3       3.8        69   -1.3   0.0   114   143   284   315   273   325 0.70 -
Sro_contig14:89199-89723    -            175 621827at2759         -            349   4.2e-11   38.9   1.7   1   2   7.7e-07   1.4e-05   20.7   1.2    90   149    16    88    13    91 0.78 -
Sro_contig14:89199-89723    -            175 621827at2759         -            349   4.2e-11   38.9   1.7   2   2   8.1e-08   1.5e-06   24.0   0.1    45   143    55   175    50   175 0.77 -
Sro_contig755:48398-48685   -             96 621827at2759         -            349   1.2e-10   37.4   0.1   1   1   8.1e-11   1.5e-09   33.8   0.1    98   182     1    95     1    96 0.75 -
Sro_contig2616:5686-7077    -            464 621827at2759         -            349   1.1e-09   34.2   4.8   1   5     0.015      0.27    6.7   0.0   116   151    65   103    62   107 0.72 -
Sro_contig2616:5686-7077    -            464 621827at2759         -            349   1.1e-09   34.2   4.8   2   5   0.00049    0.0089   11.5   0.1    92   148    83   143    80   153 0.79 -
Sro_contig2616:5686-7077    -            464 621827at2759         -            349   1.1e-09   34.2   4.8   3   5       5.8   1.1e+02   -1.9   0.0   121   152   222   253   183   261 0.63 -
Sro_contig2616:5686-7077    -            464 621827at2759         -            349   1.1e-09   34.2   4.8   4   5   0.00034    0.0062   12.0   0.0   110   146   294   332   267   352 0.79 -
Sro_contig2616:5686-7077    -            464 621827at2759         -            349   1.1e-09   34.2   4.8   5   5    0.0019     0.034    9.6   0.1    88   109   356   377   338   392 0.75 -
Sro_contig1080:32930-33451  -            174 621827at2759         -            349   1.3e-09   34.0   1.4   1   2    0.0061      0.11    7.9   0.2    91   105    61    75    54    97 0.77 -
Sro_contig1080:32930-33451  -            174 621827at2759         -            349   1.3e-09   34.0   1.4   2   2   3.9e-08   7.2e-07   25.0   0.0    82   145   100   170    93   173 0.86 -
Sro_contig103:45516-46571   -            352 621827at2759         -            349   1.4e-09   33.9   0.5   1   3     9e-07   1.6e-05   20.5   0.0    57   146    77   177    66   187 0.70 -
Sro_contig103:45516-46571   -            352 621827at2759         -            349   1.4e-09   33.9   0.5   2   3      0.33       6.1    2.2   0.0   116   152   206   247   197   281 0.60 -
Sro_contig103:45516-46571   -            352 621827at2759         -            349   1.4e-09   33.9   0.5   3   3      0.01      0.18    7.2   0.0   103   145   280   325   271   330 0.84 -
Sro_contig2049:5079-6431    -            451 621827at2759         -            349   2.8e-09   32.9   6.4   1   5       1.1        21    0.5   0.1   112   163    52   111    46   127 0.60 -
Sro_contig2049:5079-6431    -            451 621827at2759         -            349   2.8e-09   32.9   6.4   2   5   9.5e-07   1.7e-05   20.4   0.0    92   146   178   235   175   241 0.85 -
Sro_contig2049:5079-6431    -            451 621827at2759         -            349   2.8e-09   32.9   6.4   3   5       8.7   1.6e+02   -2.5   0.0    55    79   266   290   259   298 0.68 -
Sro_contig2049:5079-6431    -            451 621827at2759         -            349   2.8e-09   32.9   6.4   4   5     0.081       1.5    4.2   0.0   127   147   329   349   314   361 0.77 -
Sro_contig2049:5079-6431    -            451 621827at2759         -            349   2.8e-09   32.9   6.4   5   5     0.025      0.46    5.9   0.3   102   144   394   448   380   451 0.55 -
Sro_contig495:34778-37075   -            766 621827at2759         -            349   3.1e-09   32.8   0.1   1   3   3.7e-06   6.7e-05   18.5   0.0    91   153    89   161    71   197 0.77 -
Sro_contig495:34778-37075   -            766 621827at2759         -            349   3.1e-09   32.8   0.1   2   3       7.5   1.4e+02   -2.2   0.0    87   102   238   253   202   256 0.61 -
Sro_contig495:34778-37075   -            766 621827at2759         -            349   3.1e-09   32.8   0.1   3   3   0.00083     0.015   10.8   0.0    86   144   283   342   280   352 0.87 -
Sro_contig1192:18365-19159  -            265 621827at2759         -            349     7e-09   31.6   0.0   1   3    0.0015     0.028    9.9   0.0    90   145    17    82    13    94 0.66 -
Sro_contig1192:18365-19159  -            265 621827at2759         -            349     7e-09   31.6   0.0   2   3     6e-08   1.1e-06   24.4   0.0    92   182    68   168    67   178 0.75 -
Sro_contig1192:18365-19159  -            265 621827at2759         -            349     7e-09   31.6   0.0   3   3       2.6        47   -0.7   0.0   156   180   234   259   226   264 0.65 -
Sro_contig1376:10853-11791  -            313 621827at2759         -            349   1.1e-08   30.9   1.2   1   3     0.072       1.3    4.4   0.1   147   192    78   125    20   137 0.75 -
Sro_contig1376:10853-11791  -            313 621827at2759         -            349   1.1e-08   30.9   1.2   2   3      0.23       4.1    2.8   0.0   227   252   179   204   168   218 0.65 -
Sro_contig1376:10853-11791  -            313 621827at2759         -            349   1.1e-08   30.9   1.2   3   3   4.4e-06   7.9e-05   18.3   0.1    97   144   262   313   250   313 0.81 -
Sro_contig328:40909-41910   -            334 621827at2759         -            349   2.4e-08   29.8   0.1   1   3    0.0032     0.058    8.9   0.0    91   145    12    76     7    86 0.63 -
Sro_contig328:40909-41910   -            334 621827at2759         -            349   2.4e-08   29.8   0.1   2   3   7.8e-08   1.4e-06   24.0   0.0    92   182    62   162    60   172 0.75 -
Sro_contig328:40909-41910   -            334 621827at2759         -            349   2.4e-08   29.8   0.1   3   3       3.1        57   -1.0   0.0   156   180   228   253   221   263 0.66 -
Sro_contig369:21607-22614   -            336 621827at2759         -            349   4.8e-08   28.9   0.7   1   4      0.04      0.72    5.3   0.0   117   147    41    75    17    82 0.78 -
Sro_contig369:21607-22614   -            336 621827at2759         -            349   4.8e-08   28.9   0.7   2   4     0.014      0.25    6.7   0.1    92   163    59   142    58   160 0.73 -
Sro_contig369:21607-22614   -            336 621827at2759         -            349   4.8e-08   28.9   0.7   3   4    0.0029     0.053    9.0   0.1   128   173   164   209   127   237 0.68 -
Sro_contig369:21607-22614   -            336 621827at2759         -            349   4.8e-08   28.9   0.7   4   4     0.015      0.27    6.7   0.0    53    72   314   333   271   336 0.73 -
Sro_contig2353:1143-2075    -            311 621827at2759         -            349   7.8e-08   28.2   3.8   1   4       1.4        26    0.1   0.0   129   147    42    62    19    72 0.74 -
Sro_contig2353:1143-2075    -            311 621827at2759         -            349   7.8e-08   28.2   3.8   2   4      0.92        17    0.8   0.1   128   144    94   110    43   117 0.52 -
Sro_contig2353:1143-2075    -            311 621827at2759         -            349   7.8e-08   28.2   3.8   3   4   2.7e-08     5e-07   25.5   0.3    82   154   161   236   155   255 0.85 -
Sro_contig2353:1143-2075    -            311 621827at2759         -            349   7.8e-08   28.2   3.8   4   4       4.6        83   -1.5   0.0   128   142   264   278   241   281 0.61 -
Sro_contig3376:2096-3559    -            488 621827at2759         -            349   1.4e-07   27.3   1.5   1   3   6.4e-06   0.00012   17.7   0.1    56   150   163   255   158   261 0.86 -
Sro_contig3376:2096-3559    -            488 621827at2759         -            349   1.4e-07   27.3   1.5   2   3      0.34       6.1    2.2   0.0    49    72   277   300   263   304 0.73 -
Sro_contig3376:2096-3559    -            488 621827at2759         -            349   1.4e-07   27.3   1.5   3   3     0.091       1.7    4.1   0.0    89   108   373   392   325   402 0.66 -
Sro_contig1781:7865-8449    -            195 621827at2759         -            349   1.9e-07   26.9   0.0   1   2   0.00034    0.0061   12.1   0.0    92   145     2    59     1    69 0.83 -
Sro_contig1781:7865-8449    -            195 621827at2759         -            349   1.9e-07   26.9   0.0   2   2   0.00019    0.0034   12.9   0.0    81   129   104   152    95   154 0.87 -
Sro_contig440:45619-46497   -            293 621827at2759         -            349   2.3e-07   26.6   0.0   1   4      0.12       2.1    3.7   0.0   150   209    31    96    26   117 0.74 -
Sro_contig440:45619-46497   -            293 621827at2759         -            349   2.3e-07   26.6   0.0   2   4    0.0064      0.12    7.9   0.0   164   188   129   153   114   156 0.79 -
Sro_contig440:45619-46497   -            293 621827at2759         -            349   2.3e-07   26.6   0.0   3   4   0.00081     0.015   10.8   0.0   137   187   157   206   154   214 0.90 -
Sro_contig440:45619-46497   -            293 621827at2759         -            349   2.3e-07   26.6   0.0   4   4       5.7     1e+02   -1.8   0.0   166   183   273   290   253   293 0.49 -
Sro_contig827:26729-27810   -            327 621827at2759         -            349   3.5e-07   26.0   0.2   1   4     0.006      0.11    7.9   0.0   117   150    39    72    24    82 0.68 -
Sro_contig827:26729-27810   -            327 621827at2759         -            349   3.5e-07   26.0   0.2   2   4       3.9        72   -1.3   0.0    26   147   108   122    91   131 0.58 -
Sro_contig827:26729-27810   -            327 621827at2759         -            349   3.5e-07   26.0   0.2   3   4   0.00019    0.0035   12.9   0.0   105   147   199   243   190   247 0.86 -
Sro_contig827:26729-27810   -            327 621827at2759         -            349   3.5e-07   26.0   0.2   4   4       1.7        31   -0.1   0.0    39    71   249   281   243   286 0.85 -
Sro_contig1:199133-199659   -            125 621827at2759         -            349   3.5e-07   26.0   0.1   1   2   8.3e-06   0.00015   17.4   0.0   103   145     1    48     1    52 0.83 -
Sro_contig1:199133-199659   -            125 621827at2759         -            349   3.5e-07   26.0   0.1   2   2     0.011       0.2    7.1   0.0    87   108    54    75    49    87 0.80 -
Sro_contig576:29221-30308   -            212 621827at2759         -            349     6e-07   25.2   0.0   1   3      0.23       4.2    2.7   0.0    54    72    23    41    16    44 0.88 -
Sro_contig576:29221-30308   -            212 621827at2759         -            349     6e-07   25.2   0.0   2   3   6.6e-05    0.0012   14.4   0.0   130   185    75   136    70   146 0.79 -
Sro_contig576:29221-30308   -            212 621827at2759         -            349     6e-07   25.2   0.0   3   3     0.082       1.5    4.2   0.0    93   114   169   190   154   208 0.70 -
Sro_contig57:115734-116483  -            250 621827at2759         -            349   1.3e-06   24.2   3.2   1   2   8.2e-07   1.5e-05   20.7   0.3    92   148    78   137    73   142 0.85 -
Sro_contig57:115734-116483  -            250 621827at2759         -            349   1.3e-06   24.2   3.2   2   2      0.14       2.6    3.4   0.0    86   108   204   226   193   232 0.85 -
Sro_contig1677:12809-13450  -            214 621827at2759         -            349   3.4e-06   22.8   0.1   1   3   0.00012    0.0022   13.5   0.0    54   119    18    92     2   104 0.71 -
Sro_contig1677:12809-13450  -            214 621827at2759         -            349   3.4e-06   22.8   0.1   2   3     0.049      0.89    5.0   0.1   229   268    95   134    89   179 0.48 -
Sro_contig1677:12809-13450  -            214 621827at2759         -            349   3.4e-06   22.8   0.1   3   3      0.12       2.2    3.6   0.0    38    75   143   182   140   204 0.73 -
Sro_contig355:19062-19913   -            284 621827at2759         -            349   4.2e-06   22.5   0.0   1   2   2.4e-05   0.00044   15.8   0.0    97   147    11    66     3    69 0.74 -
Sro_contig355:19062-19913   -            284 621827at2759         -            349   4.2e-06   22.5   0.0   2   2      0.07       1.3    4.4   0.0   129   147   170   188   143   193 0.66 -
Sro_contig1730:11361-11891  -            177 621827at2759         -            349   4.3e-06   22.4   3.0   1   2   3.8e-06   6.9e-05   18.5   2.7    90   152    15    83     7   137 0.87 -
Sro_contig1730:11361-11891  -            177 621827at2759         -            349   4.3e-06   22.4   3.0   2   2      0.65        12    1.2   0.0    48    72   152   176   143   177 0.84 -
Sro_contig381:19899-20567   -            223 621827at2759         -            349   5.4e-06   22.1   1.1   1   1     5e-07   9.2e-06   21.4   0.6   112   225    30   159    25   177 0.48 -
Sro_contig627:53958-55577   -            540 621827at2759         -            349   9.4e-06   21.3   0.2   1   4     0.057         1    4.7   0.1    86   182   237   300   224   337 0.60 -
Sro_contig627:53958-55577   -            540 621827at2759         -            349   9.4e-06   21.3   0.2   2   4      0.02      0.36    6.2   0.0    38    74   349   386   325   392 0.80 -
Sro_contig627:53958-55577   -            540 621827at2759         -            349   9.4e-06   21.3   0.2   3   4      0.95        17    0.7   0.0    54    75   440   461   427   471 0.51 -
Sro_contig627:53958-55577   -            540 621827at2759         -            349   9.4e-06   21.3   0.2   4   4       0.1       1.8    3.9   0.0    46    99   478   535   469   540 0.84 -
Sro_contig702:21792-22574   -            261 621827at2759         -            349   1.2e-05   20.9   3.0   1   3    0.0054     0.099    8.1   0.0    98   143     3    55     1   105 0.70 -
Sro_contig702:21792-22574   -            261 621827at2759         -            349   1.2e-05   20.9   3.0   2   3     0.033       0.6    5.5   0.0   125   144   142   161   129   166 0.85 -
Sro_contig702:21792-22574   -            261 621827at2759         -            349   1.2e-05   20.9   3.0   3   3     0.059       1.1    4.7   2.0   108   179   174   260   166   261 0.63 -
Sro_contig925:27395-27529   -             45 621827at2759         -            349   1.7e-05   20.5   0.0   1   1   9.3e-07   1.7e-05   20.5   0.0    92   129     1    39     1    45 0.85 -
Sro_contig165:25078-25203   -             42 621827at2759         -            349   2.6e-05   19.9   0.0   1   1   1.4e-06   2.6e-05   19.9   0.0   116   151     1    38     1    42 0.82 -
Sro_contig341:52863-54881   -            673 621827at2759         -            349   2.8e-05   19.8   8.6   1   4       1.2        22    0.4   0.0    46    74    85   113    75   125 0.84 -
Sro_contig341:52863-54881   -            673 621827at2759         -            349   2.8e-05   19.8   8.6   2   4    0.0014     0.026   10.0   0.2   152   214   226   295   220   302 0.78 -
Sro_contig341:52863-54881   -            673 621827at2759         -            349   2.8e-05   19.8   8.6   3   4     0.001     0.019   10.5   0.3    48   155   505   630   499   633 0.78 -
Sro_contig341:52863-54881   -            673 621827at2759         -            349   2.8e-05   19.8   8.6   4   4       1.4        25    0.2   0.1    93   110   652   669   640   673 0.83 -
Sro_contig791:5646-6149     -            168 621827at2759         -            349   4.6e-05   19.1   0.1   1   1   3.4e-06   6.2e-05   18.6   0.1    99   150    52   107    42   113 0.75 -
Sro_contig869:26178-26663   -            162 621827at2759         -            349   4.6e-05   19.0   0.0   1   2      0.39       7.2    2.0   0.0   230   257     6    33     2    48 0.83 -
Sro_contig869:26178-26663   -            162 621827at2759         -            349   4.6e-05   19.0   0.0   2   2   0.00016     0.003   13.1   0.0    48    74    71    97    61   121 0.82 -
Sro_contig169:44829-45509   -            227 621827at2759         -            349   6.4e-05   18.6   0.3   1   4      0.48       8.8    1.7   0.0   126   144    28    46    20    51 0.84 -
Sro_contig169:44829-45509   -            227 621827at2759         -            349   6.4e-05   18.6   0.3   2   4      0.01      0.18    7.2   0.0    92   116    93   117    87   130 0.77 -
Sro_contig169:44829-45509   -            227 621827at2759         -            349   6.4e-05   18.6   0.3   3   4     0.052      0.95    4.9   0.0   128   151   149   172   144   176 0.81 -
Sro_contig169:44829-45509   -            227 621827at2759         -            349   6.4e-05   18.6   0.3   4   4       3.3        61   -1.1   0.1   131   144   213   226   208   227 0.81 -
Sro_contig2248:5107-5895    -            263 621827at2759         -            349   9.2e-05   18.1   0.0   1   1     1e-05   0.00018   17.1   0.0    76   151   186   228   158   263 0.49 -
Sro_contig1444:14347-15129  -            261 621827at2759         -            349   0.00019   17.1   0.2   1   1   2.5e-05   0.00046   15.8   0.2    89   144   117   181    43   192 0.71 -
Sro_contig1589:3945-4262    -            106 621827at2759         -            349   0.00028   16.5   0.0   1   2      0.12       2.1    3.7   0.0   164   183    10    30     1    64 0.57 -
Sro_contig1589:3945-4262    -            106 621827at2759         -            349   0.00028   16.5   0.0   2   2   0.00054    0.0099   11.4   0.0    91   122    72   104    61   106 0.67 -
Sro_contig603:1-3276        -           1092 621827at2759         -            349   0.00029   16.4   7.4   1   3   0.00032    0.0058   12.1   1.4   112   148   641   679   634   798 0.85 -
Sro_contig603:1-3276        -           1092 621827at2759         -            349   0.00029   16.4   7.4   2   3      0.95        17    0.7   0.0    90   145   981   997   973  1007 0.66 -
Sro_contig603:1-3276        -           1092 621827at2759         -            349   0.00029   16.4   7.4   3   3      0.34       6.1    2.2   0.1   187   214  1062  1089  1054  1092 0.74 -
Sro_contig1058:36348-38566  -            683 621827at2759         -            349   0.00032   16.3   0.5   1   1   0.00011     0.002   13.7   0.5   112   148   474   512   467   571 0.82 -
Sro_contig93:94115-94570    -            152 621827at2759         -            349   0.00052   15.6   0.0   1   2   0.00066     0.012   11.1   0.0   112   147     2    39     1    50 0.82 -
Sro_contig93:94115-94570    -            152 621827at2759         -            349   0.00052   15.6   0.0   2   2      0.12       2.2    3.7   0.0   216   281    39   105    37   109 0.73 -
Sro_contig750:28384-28767   -            128 621827at2759         -            349   0.00054   15.5   0.0   1   1   5.2e-05   0.00095   14.7   0.0    93   179    34   128    28   128 0.78 -
Sro_contig109:35534-36229   -            232 621827at2759         -            349    0.0006   15.4   0.0   1   3       5.6     1e+02   -1.8   0.0   128   153    15    40    12    49 0.82 -
Sro_contig109:35534-36229   -            232 621827at2759         -            349    0.0006   15.4   0.0   2   3     0.076       1.4    4.3   0.0   150   183    54    89    35   101 0.71 -
Sro_contig109:35534-36229   -            232 621827at2759         -            349    0.0006   15.4   0.0   3   3    0.0061      0.11    7.9   0.0    57   109   117   184   115   191 0.77 -
Sro_contig5:96982-97767     -            262 621827at2759         -            349   0.00066   15.2   0.3   1   3      0.02      0.37    6.2   0.0   127   150    71    94    64   116 0.83 -
Sro_contig5:96982-97767     -            262 621827at2759         -            349   0.00066   15.2   0.3   2   3      0.41       7.5    1.9   0.1    92   147   129   190   124   198 0.68 -
Sro_contig5:96982-97767     -            262 621827at2759         -            349   0.00066   15.2   0.3   3   3      0.11       1.9    3.9   0.1   121   148   213   240   159   244 0.72 -
Sro_contig496:32696-33871   -            392 621827at2759         -            349   0.00098   14.7   0.1   1   2    0.0045     0.081    8.4   0.0   118   157     5    46     1    80 0.66 -
Sro_contig496:32696-33871   -            392 621827at2759         -            349   0.00098   14.7   0.1   2   2      0.25       4.5    2.6   0.0    50    78   232   260   220   286 0.82 -
Sro_contig3321:134-778      -            215 621827at2759         -            349    0.0013   14.3   0.0   1   2    0.0012     0.022   10.3   0.0   112   147     2    39     1    50 0.82 -
Sro_contig3321:134-778      -            215 621827at2759         -            349    0.0013   14.3   0.0   2   2      0.24       4.4    2.7   0.0   216   281    39   105    37   109 0.72 -
Sro_contig294:27889-28590   -            234 621827at2759         -            349    0.0015   14.1   0.0   1   2     0.015      0.27    6.7   0.1   101   146    11    64     2    75 0.59 -
Sro_contig294:27889-28590   -            234 621827at2759         -            349    0.0015   14.1   0.0   2   2     0.041      0.76    5.2   0.0    48    83   147   182   134   193 0.76 -
Sro_contig108:105971-106426 -            152 621827at2759         -            349    0.0017   13.9   0.0   1   2   0.00037    0.0068   11.9   0.0   112   147     2    39     1    50 0.82 -
Sro_contig108:105971-106426 -            152 621827at2759         -            349    0.0017   13.9   0.0   2   2      0.93        17    0.7   0.0   217   258    40    82    37   107 0.67 -
Sro_contig1313:18967-22860  -           1298 621827at2759         -            349    0.0026   13.3   0.1   1   2       3.5        63   -1.1   0.0   129   145   541   557   535   564 0.63 -
Sro_contig1313:18967-22860  -           1298 621827at2759         -            349    0.0026   13.3   0.1   2   2    0.0019     0.035    9.6   0.0   130   150   866   886   841   921 0.69 -
Sro_contig464:60266-60469   -             68 621827at2759         -            349    0.0046   12.5   0.0   1   1   0.00025    0.0046   12.5   0.0    90   107    50    67    29    68 0.81 -
#
# Program:         hmmsearch
# Version:         3.1b2 (February 2015)
# Pipeline mode:   SEARCH
# Query file:      /Users/aholzer/ownCloud/PhD/Publications/2021 Liavero-Pasquina et al./analysis/TPP_aptamer_search/busco_downloads/lineages/eukaryota_odb10/hmms/621827at2759.hmm
# Target file:     /Users/aholzer/ownCloud/PhD/Publications/2021 Liavero-Pasquina et al./analysis/TPP_aptamer_search/genomes/BUSCO_eukaryota_obd10/Seminavis_robusta_version1.2/run_eukaryota_odb10/metaeuk_output/initial_results/Seminavis_robusta_genomeV1.fna.modified.fas
# Option settings: hmmsearch --domtblout /Users/aholzer/ownCloud/PhD/Publications/2021 Liavero-Pasquina et al./analysis/TPP_aptamer_search/genomes/BUSCO_eukaryota_obd10/Seminavis_robusta_version1.2/run_eukaryota_odb10/hmmer_output/initial_run_results/621827at2759.out --cpu 1 /Users/aholzer/ownCloud/PhD/Publications/2021 Liavero-Pasquina et al./analysis/TPP_aptamer_search/busco_downloads/lineages/eukaryota_odb10/hmms/621827at2759.hmm /Users/aholzer/ownCloud/PhD/Publications/2021 Liavero-Pasquina et al./analysis/TPP_aptamer_search/genomes/BUSCO_eukaryota_obd10/Seminavis_robusta_version1.2/run_eukaryota_odb10/metaeuk_output/initial_results/Seminavis_robusta_genomeV1.fna.modified.fas 
# Current dir:     /Users/aholzer/ownCloud/PhD/Publications/2021 Liavero-Pasquina et al./analysis/TPP_aptamer_search
# Date:            Sun Apr 18 11:11:58 2021
# [ok]
