#                                                                                   --- full sequence --- -------------- this domain -------------   hmm coord   ali coord   env coord
# target name               accession   tlen query name           accession   qlen   E-value  score  bias   #  of  c-Evalue  i-Evalue  score  bias  from    to  from    to  from    to  acc description of target
#       ------------------- ---------- ----- -------------------- ---------- ----- --------- ------ ----- --- --- --------- --------- ------ ----- ----- ----- ----- ----- ----- ----- ---- ---------------------
Sro_contig2407:10696-11827  -            342 866359at2759         -            265   4.2e-84  278.4   0.6   1   2   9.4e-33   1.9e-31  105.8   0.0     2   105     1   115     1   124 0.89 -
Sro_contig2407:10696-11827  -            342 866359at2759         -            265   4.2e-84  278.4   0.6   2   2   2.6e-52   5.1e-51  170.0   0.2   143   264   202   325   187   326 0.94 -
Sro_contig602:29187-30044   -            286 866359at2759         -            265   8.6e-33  110.2  12.8   1   7     1e-06     2e-05   20.5   0.0    45    83     3    41     1    44 0.94 -
Sro_contig602:29187-30044   -            286 866359at2759         -            265   8.6e-33  110.2  12.8   2   7   0.00016    0.0032   13.2   0.1    45    83    45    85    42    88 0.82 -
Sro_contig602:29187-30044   -            286 866359at2759         -            265   8.6e-33  110.2  12.8   3   7   1.4e-06   2.8e-05   20.0   0.0    45    83    89   127    86   130 0.94 -
Sro_contig602:29187-30044   -            286 866359at2759         -            265   8.6e-33  110.2  12.8   4   7   4.1e-08     8e-07   25.1   0.1    45    83   131   169   129   173 0.95 -
Sro_contig602:29187-30044   -            286 866359at2759         -            265   8.6e-33  110.2  12.8   5   7   0.00027    0.0053   12.5   0.0    45    82   173   209   170   221 0.86 -
Sro_contig602:29187-30044   -            286 866359at2759         -            265   8.6e-33  110.2  12.8   6   7     0.002      0.04    9.7   0.0    49    84   217   252   210   255 0.86 -
Sro_contig602:29187-30044   -            286 866359at2759         -            265   8.6e-33  110.2  12.8   7   7   0.00011    0.0022   13.8   0.1    45    76   255   286   251   286 0.95 -
Sro_contig1558:10433-11293  -            287 866359at2759         -            265   2.8e-27   92.1   7.1   1   5   3.2e-10   6.3e-09   32.0   1.3    37    82    17    63    13    71 0.93 -
Sro_contig1558:10433-11293  -            287 866359at2759         -            265   2.8e-27   92.1   7.1   2   5    0.0024     0.047    9.4   0.0   229   258    71   100    66   107 0.83 -
Sro_contig1558:10433-11293  -            287 866359at2759         -            265   2.8e-27   92.1   7.1   3   5     0.012      0.23    7.2   0.0    57    83   129   155   120   174 0.81 -
Sro_contig1558:10433-11293  -            287 866359at2759         -            265   2.8e-27   92.1   7.1   4   5    0.0011     0.021   10.6   0.0   231   256   218   243   194   247 0.84 -
Sro_contig1558:10433-11293  -            287 866359at2759         -            265   2.8e-27   92.1   7.1   5   5     1e-10     2e-09   33.6   0.0   212   257   241   286   240   287 0.89 -
Sro_contig77:85573-87084    -            504 866359at2759         -            265   4.5e-23   78.4  21.0   1   6   7.3e-07   1.4e-05   21.0   2.2    32    81    13    63     2    76 0.89 -
Sro_contig77:85573-87084    -            504 866359at2759         -            265   4.5e-23   78.4  21.0   2   6   0.00061     0.012   11.4   0.1    32    79    95   143    77   149 0.81 -
Sro_contig77:85573-87084    -            504 866359at2759         -            265   4.5e-23   78.4  21.0   3   6     0.012      0.24    7.1   0.4    45    77   151   182   145   194 0.81 -
Sro_contig77:85573-87084    -            504 866359at2759         -            265   4.5e-23   78.4  21.0   4   6    0.0049     0.096    8.4   0.0   221   253   245   276   217   285 0.79 -
Sro_contig77:85573-87084    -            504 866359at2759         -            265   4.5e-23   78.4  21.0   5   6   4.4e-06   8.7e-05   18.4   0.1    32    81   319   369   300   374 0.87 -
Sro_contig77:85573-87084    -            504 866359at2759         -            265   4.5e-23   78.4  21.0   6   6   3.4e-06   6.7e-05   18.8   0.1    45    83   375   413   368   436 0.91 -
Sro_contig3059:4414-5304    -            297 866359at2759         -            265   3.7e-21   72.1  13.8   1   6   0.00024    0.0047   12.7   0.1    45    75     4    34     1    44 0.59 -
Sro_contig3059:4414-5304    -            297 866359at2759         -            265   3.7e-21   72.1  13.8   2   6   5.2e-09     1e-07   28.0   1.2     5    86    43   131    42   134 0.84 -
Sro_contig3059:4414-5304    -            297 866359at2759         -            265   3.7e-21   72.1  13.8   3   6    0.0075      0.15    7.8   0.1    41    82   127   168   125   172 0.90 -
Sro_contig3059:4414-5304    -            297 866359at2759         -            265   3.7e-21   72.1  13.8   4   6   0.00084     0.016   10.9   0.1    40    77   168   205   164   223 0.82 -
Sro_contig3059:4414-5304    -            297 866359at2759         -            265   3.7e-21   72.1  13.8   5   6      0.17       3.3    3.4   0.0   234   257   233   254   228   258 0.78 -
Sro_contig3059:4414-5304    -            297 866359at2759         -            265   3.7e-21   72.1  13.8   6   6   1.4e-05   0.00027   16.8   0.0   210   251   251   292   249   297 0.90 -
Sro_contig69:56345-57229    -            295 866359at2759         -            265   7.4e-19   64.5   5.8   1   4   0.00036    0.0071   12.1   0.0    45    76     9    40     3    47 0.71 -
Sro_contig69:56345-57229    -            295 866359at2759         -            265   7.4e-19   64.5   5.8   2   4     2e-07   3.9e-06   22.8   0.0     4    83    53   137    51   141 0.90 -
Sro_contig69:56345-57229    -            295 866359at2759         -            265   7.4e-19   64.5   5.8   3   4   6.1e-06   0.00012   17.9   0.1    45    89   141   185   138   202 0.88 -
Sro_contig69:56345-57229    -            295 866359at2759         -            265   7.4e-19   64.5   5.8   4   4   0.00031    0.0061   12.3   0.6    32    83   210   262   180   272 0.75 -
Sro_contig465:43711-44532   -            274 866359at2759         -            265   2.9e-16   56.0  11.5   1   7      0.08       1.6    4.4   0.1   148   170     2    24     1    30 0.59 -
Sro_contig465:43711-44532   -            274 866359at2759         -            265   2.9e-16   56.0  11.5   2   7     0.066       1.3    4.7   0.3    37    78    17    58    11    85 0.68 -
Sro_contig465:43711-44532   -            274 866359at2759         -            265   2.9e-16   56.0  11.5   3   7      0.25       4.9    2.8   0.0   148   187    43    88    38   124 0.65 -
Sro_contig465:43711-44532   -            274 866359at2759         -            265   2.9e-16   56.0  11.5   4   7         2        40   -0.2   0.0    59    78   130   149   122   155 0.83 -
Sro_contig465:43711-44532   -            274 866359at2759         -            265   2.9e-16   56.0  11.5   5   7    0.0003    0.0059   12.4   0.1   220   252   154   186   135   189 0.88 -
Sro_contig465:43711-44532   -            274 866359at2759         -            265   2.9e-16   56.0  11.5   6   7   4.4e-13   8.7e-12   41.3   0.7     6    81   157   237   152   243 0.89 -
Sro_contig465:43711-44532   -            274 866359at2759         -            265   2.9e-16   56.0  11.5   7   7    0.0032     0.063    9.0   0.1    45    74   245   274   239   274 0.95 -
Sro_contig652:28776-30446   -            394 866359at2759         -            265     5e-16   55.3   5.4   1   5      0.57        11    1.6   0.0    60    87     3    30     1    69 0.69 -
Sro_contig652:28776-30446   -            394 866359at2759         -            265     5e-16   55.3   5.4   2   5   5.9e-10   1.1e-08   31.1   0.1     4    96    79   175    76   204 0.90 -
Sro_contig652:28776-30446   -            394 866359at2759         -            265     5e-16   55.3   5.4   3   5       1.3        26    0.5   0.1    50    76   206   232   194   236 0.86 -
Sro_contig652:28776-30446   -            394 866359at2759         -            265     5e-16   55.3   5.4   4   5     0.021      0.41    6.3   0.1    34    90   288   339   277   350 0.74 -
Sro_contig652:28776-30446   -            394 866359at2759         -            265     5e-16   55.3   5.4   5   5    0.0001     0.002   13.9   0.0    53    82   349   378   343   393 0.76 -
Sro_contig1027:233-3388     -           1001 866359at2759         -            265   1.9e-15   53.4  12.8   1   4     0.047      0.91    5.2   0.1    42    89   128   175   119   208 0.82 -
Sro_contig1027:233-3388     -           1001 866359at2759         -            265   1.9e-15   53.4  12.8   2   4   6.3e-05    0.0012   14.6   0.2    45    85   505   545   500   563 0.90 -
Sro_contig1027:233-3388     -           1001 866359at2759         -            265   1.9e-15   53.4  12.8   3   4   1.1e-05   0.00022   17.0   0.1     8    81   620   698   615   703 0.86 -
Sro_contig1027:233-3388     -           1001 866359at2759         -            265   1.9e-15   53.4  12.8   4   4   1.1e-06   2.2e-05   20.4   0.5     6    81   702   781   699   819 0.80 -
Sro_contig1810:10441-13485  -           1015 866359at2759         -            265   9.4e-15   51.1  18.8   1   6     0.018      0.36    6.5   0.5    44   102   193   256   143   268 0.80 -
Sro_contig1810:10441-13485  -           1015 866359at2759         -            265   9.4e-15   51.1  18.8   2   6         1        20    0.8   0.0    60    81   269   290   265   359 0.73 -
Sro_contig1810:10441-13485  -           1015 866359at2759         -            265   9.4e-15   51.1  18.8   3   6       1.7        33    0.1   0.0    46    85   507   545   505   569 0.75 -
Sro_contig1810:10441-13485  -           1015 866359at2759         -            265   9.4e-15   51.1  18.8   4   6    0.0036      0.07    8.9   0.2    46    78   606   648   583   655 0.74 -
Sro_contig1810:10441-13485  -           1015 866359at2759         -            265   9.4e-15   51.1  18.8   5   6   8.5e-06   0.00017   17.5   0.0    41    81   726   766   712   769 0.92 -
Sro_contig1810:10441-13485  -           1015 866359at2759         -            265   9.4e-15   51.1  18.8   6   6   1.4e-07   2.7e-06   23.3   0.2     5    76   769   845   767   852 0.84 -
Sro_contig245:78760-79560   -            267 866359at2759         -            265   1.1e-14   50.8   4.6   1   4   4.1e-06     8e-05   18.5   0.2    32    97     1    67     1    91 0.86 -
Sro_contig245:78760-79560   -            267 866359at2759         -            265   1.1e-14   50.8   4.6   2   4   0.00013    0.0025   13.6   0.2    59    84    97   122    85   177 0.65 -
Sro_contig245:78760-79560   -            267 866359at2759         -            265   1.1e-14   50.8   4.6   3   4   0.00027    0.0053   12.5   0.0    61    85   199   223   192   229 0.86 -
Sro_contig245:78760-79560   -            267 866359at2759         -            265   1.1e-14   50.8   4.6   4   4     0.042      0.82    5.4   0.0   226   254   226   254   221   262 0.81 -
Sro_contig1589:3435-3791    -            119 866359at2759         -            265   1.9e-14   50.1   0.3   1   2   2.1e-11   4.1e-10   35.9   0.3     5    84     3    85     2    88 0.91 -
Sro_contig1589:3435-3791    -            119 866359at2759         -            265   1.9e-14   50.1   0.3   2   2    0.0014     0.027   10.2   0.0   226   253    89   116    83   119 0.73 -
Sro_contig3892:2841-3281    -            147 866359at2759         -            265     5e-14   48.7   0.8   1   3   6.8e-05    0.0013   14.5   0.0    45    97     1    53     1    62 0.84 -
Sro_contig3892:2841-3281    -            147 866359at2759         -            265     5e-14   48.7   0.8   2   3    0.0013     0.025   10.3   0.0    50    85    48    84    43    86 0.78 -
Sro_contig3892:2841-3281    -            147 866359at2759         -            265     5e-14   48.7   0.8   3   3   9.4e-10   1.8e-08   30.4   0.1    32    86    72   127    66   144 0.89 -
Sro_contig1308:11147-12660  -            471 866359at2759         -            265   1.8e-13   46.9   7.6   1   6         3        59   -0.7   0.0    56    75    97   116    82   161 0.60 -
Sro_contig1308:11147-12660  -            471 866359at2759         -            265   1.8e-13   46.9   7.6   2   6     0.038      0.75    5.5   0.0   229   255   174   200   163   209 0.65 -
Sro_contig1308:11147-12660  -            471 866359at2759         -            265   1.8e-13   46.9   7.6   3   6   8.9e-05    0.0018   14.1   0.2    45    84   212   251   200   253 0.86 -
Sro_contig1308:11147-12660  -            471 866359at2759         -            265   1.8e-13   46.9   7.6   4   6    0.0087      0.17    7.6   0.1     5    31   251   277   248   282 0.90 -
Sro_contig1308:11147-12660  -            471 866359at2759         -            265   1.8e-13   46.9   7.6   5   6   0.00035    0.0069   12.2   0.0   210   250   281   322   279   328 0.89 -
Sro_contig1308:11147-12660  -            471 866359at2759         -            265   1.8e-13   46.9   7.6   6   6     0.011      0.21    7.3   0.0    44    75   342   373   339   393 0.93 -
Sro_contig2445:1741-3258    -            471 866359at2759         -            265   1.8e-13   46.9   7.6   1   6         3        59   -0.7   0.0    56    75    97   116    82   161 0.60 -
Sro_contig2445:1741-3258    -            471 866359at2759         -            265   1.8e-13   46.9   7.6   2   6     0.038      0.75    5.5   0.0   229   255   174   200   163   209 0.65 -
Sro_contig2445:1741-3258    -            471 866359at2759         -            265   1.8e-13   46.9   7.6   3   6   8.9e-05    0.0018   14.1   0.2    45    84   212   251   200   253 0.86 -
Sro_contig2445:1741-3258    -            471 866359at2759         -            265   1.8e-13   46.9   7.6   4   6    0.0087      0.17    7.6   0.1     5    31   251   277   248   282 0.90 -
Sro_contig2445:1741-3258    -            471 866359at2759         -            265   1.8e-13   46.9   7.6   5   6   0.00035    0.0069   12.2   0.0   210   250   281   322   279   328 0.89 -
Sro_contig2445:1741-3258    -            471 866359at2759         -            265   1.8e-13   46.9   7.6   6   6     0.011      0.21    7.3   0.0    44    75   342   373   339   393 0.93 -
Sro_contig669:34718-35551   -            278 866359at2759         -            265   4.5e-13   45.5   3.3   1   4    0.0013     0.025   10.4   0.0    45    82     2    39     1    43 0.92 -
Sro_contig669:34718-35551   -            278 866359at2759         -            265   4.5e-13   45.5   3.3   2   4    0.0068      0.13    7.9   0.0    45    83    44    85    40    88 0.73 -
Sro_contig669:34718-35551   -            278 866359at2759         -            265   4.5e-13   45.5   3.3   3   4    0.0066      0.13    8.0   0.1    45    77    89   121    86   130 0.90 -
Sro_contig669:34718-35551   -            278 866359at2759         -            265   4.5e-13   45.5   3.3   4   4     2e-05   0.00039   16.3   0.1     5    85   165   252   161   262 0.84 -
Sro_contig1033:37166-37795  -            210 866359at2759         -            265   8.7e-13   44.6   3.0   1   3   0.00056     0.011   11.5   0.2    32    78    14    61     3    87 0.84 -
Sro_contig1033:37166-37795  -            210 866359at2759         -            265   8.7e-13   44.6   3.0   2   3   1.1e-06   2.1e-05   20.4   0.0    44    86   114   156   111   158 0.92 -
Sro_contig1033:37166-37795  -            210 866359at2759         -            265   8.7e-13   44.6   3.0   3   3   0.00034    0.0066   12.2   0.0    45    84   157   195   155   204 0.87 -
Sro_contig565:3936-4565     -            210 866359at2759         -            265   8.7e-13   44.6   3.0   1   3   0.00056     0.011   11.5   0.2    32    78    14    61     3    87 0.84 -
Sro_contig565:3936-4565     -            210 866359at2759         -            265   8.7e-13   44.6   3.0   2   3   1.1e-06   2.1e-05   20.4   0.0    44    86   114   156   111   158 0.92 -
Sro_contig565:3936-4565     -            210 866359at2759         -            265   8.7e-13   44.6   3.0   3   3   0.00034    0.0066   12.2   0.0    45    84   157   195   155   204 0.87 -
Sro_contig925:30708-31597   -            259 866359at2759         -            265   1.3e-12   44.0   6.0   1   3    0.0013     0.025   10.3   0.5    39    78    50    89     1    93 0.69 -
Sro_contig925:30708-31597   -            259 866359at2759         -            265   1.3e-12   44.0   6.0   2   3   0.00081     0.016   11.0   0.0    46    76    90   120    88   131 0.88 -
Sro_contig925:30708-31597   -            259 866359at2759         -            265   1.3e-12   44.0   6.0   3   3   8.5e-08   1.7e-06   24.0   0.1    42   111   175   250   132   259 0.75 -
Sro_contig925:26489-27259   -            257 866359at2759         -            265   1.5e-12   43.9   5.6   1   3    0.0052       0.1    8.3   0.0    37    77    15    56     8    71 0.79 -
Sro_contig925:26489-27259   -            257 866359at2759         -            265   1.5e-12   43.9   5.6   2   3   4.8e-08   9.5e-07   24.8   1.9    10   109    81   193    78   201 0.78 -
Sro_contig925:26489-27259   -            257 866359at2759         -            265   1.5e-12   43.9   5.6   3   3    0.0015     0.029   10.1   0.0     7    32   204   229   199   242 0.73 -
Sro_contig795:33147-34067   -            307 866359at2759         -            265   1.9e-11   40.2  10.6   1   5     0.003     0.059    9.1   0.3    45    82     8    45     3    68 0.64 -
Sro_contig795:33147-34067   -            307 866359at2759         -            265   1.9e-11   40.2  10.6   2   5   0.00044    0.0087   11.8   0.1    45    83    93   130    83   134 0.85 -
Sro_contig795:33147-34067   -            307 866359at2759         -            265   1.9e-11   40.2  10.6   3   5    0.0083      0.16    7.7   0.1    43    81   131   171   126   176 0.73 -
Sro_contig795:33147-34067   -            307 866359at2759         -            265   1.9e-11   40.2  10.6   4   5   4.8e-05   0.00094   15.0   0.1   222   258   175   210   170   217 0.85 -
Sro_contig795:33147-34067   -            307 866359at2759         -            265   1.9e-11   40.2  10.6   5   5         1        21    0.8   0.0    46    71   280   305   235   307 0.54 -
Sro_contig2616:5686-7077    -            464 866359at2759         -            265   1.1e-10   37.7   2.9   1   5     0.016      0.32    6.7   0.0    45    83    65   104    58   108 0.75 -
Sro_contig2616:5686-7077    -            464 866359at2759         -            265   1.1e-10   37.7   2.9   2   5    0.0076      0.15    7.8   0.0     7    31   108   132   102   138 0.86 -
Sro_contig2616:5686-7077    -            464 866359at2759         -            265   1.1e-10   37.7   2.9   3   5       4.6        91   -1.3   0.0    43    80   168   204   165   255 0.76 -
Sro_contig2616:5686-7077    -            464 866359at2759         -            265   1.1e-10   37.7   2.9   4   5    0.0042     0.082    8.6   0.0    45    79   300   334   292   346 0.70 -
Sro_contig2616:5686-7077    -            464 866359at2759         -            265   1.1e-10   37.7   2.9   5   5   0.00069     0.014   11.2   0.0    50    89   348   387   340   435 0.73 -
Sro_contig484:31205-32044   -            280 866359at2759         -            265   2.8e-10   36.4   6.8   1   4   2.5e-07   4.9e-06   22.5   0.2    45    81     4    40     2    60 0.88 -
Sro_contig484:31205-32044   -            280 866359at2759         -            265   2.8e-10   36.4   6.8   2   4     0.018      0.36    6.5   0.7    45    78    61    93    50   137 0.76 -
Sro_contig484:31205-32044   -            280 866359at2759         -            265   2.8e-10   36.4   6.8   3   4       1.9        38   -0.1   0.0    52    78   110   137   101   155 0.69 -
Sro_contig484:31205-32044   -            280 866359at2759         -            265   2.8e-10   36.4   6.8   4   4    0.0044     0.087    8.6   0.0    59   102   205   248   192   273 0.82 -
Sro_contig26:72142-75192    -            981 866359at2759         -            265     3e-10   36.3   7.8   1   5     0.014      0.27    7.0   0.1    49    82   162   195   154   234 0.83 -
Sro_contig26:72142-75192    -            981 866359at2759         -            265     3e-10   36.3   7.8   2   5     0.002     0.039    9.7   0.0   222   254   390   422   378   433 0.81 -
Sro_contig26:72142-75192    -            981 866359at2759         -            265     3e-10   36.3   7.8   3   5      0.55        11    1.7   0.0   146   184   451   491   442   514 0.71 -
Sro_contig26:72142-75192    -            981 866359at2759         -            265     3e-10   36.3   7.8   4   5      0.01       0.2    7.4   0.5    32    81   507   556   491   560 0.92 -
Sro_contig26:72142-75192    -            981 866359at2759         -            265     3e-10   36.3   7.8   5   5    0.0018     0.036    9.8   0.0    44    81   561   598   557   666 0.89 -
Sro_contig369:21607-22614   -            336 866359at2759         -            265   1.5e-09   34.0   1.8   1   3    0.0043     0.085    8.6   0.0     5    33    88   118    85   131 0.85 -
Sro_contig369:21607-22614   -            336 866359at2759         -            265   1.5e-09   34.0   1.8   2   3    0.0093      0.18    7.5   0.3     5    74   140   224   135   240 0.73 -
Sro_contig369:21607-22614   -            336 866359at2759         -            265   1.5e-09   34.0   1.8   3   3     7e-05    0.0014   14.5   0.0   222   256   299   334   296   336 0.89 -
Sro_contig169:41572-42315   -            248 866359at2759         -            265   2.2e-09   33.4   0.3   1   3   7.2e-05    0.0014   14.4   0.0    20   112    57   164    50   170 0.68 -
Sro_contig169:41572-42315   -            248 866359at2759         -            265   2.2e-09   33.4   0.3   2   3    0.0047     0.093    8.5   0.0     7    79   129   209   127   215 0.58 -
Sro_contig169:41572-42315   -            248 866359at2759         -            265   2.2e-09   33.4   0.3   3   3    0.0035     0.068    8.9   0.0   210   253   202   245   199   248 0.89 -
Sro_contig9:182765-183484   -            240 866359at2759         -            265   2.7e-09   33.2   0.7   1   4   4.8e-07   9.4e-06   21.6   0.0    21    86     4    74     1    85 0.83 -
Sro_contig9:182765-183484   -            240 866359at2759         -            265   2.7e-09   33.2   0.7   2   4     0.025       0.5    6.1   0.1    60   102    90   139    81   151 0.60 -
Sro_contig9:182765-183484   -            240 866359at2759         -            265   2.7e-09   33.2   0.7   3   4      0.11       2.2    4.0   0.1    37    78   108   151    97   195 0.72 -
Sro_contig9:182765-183484   -            240 866359at2759         -            265   2.7e-09   33.2   0.7   4   4       0.6        12    1.6   0.0    48    76   211   239   199   240 0.77 -
Sro_contig827:26729-27810   -            327 866359at2759         -            265   2.7e-09   33.2   0.5   1   2   0.00091     0.018   10.8   0.1    43    92    33    82    26   122 0.81 -
Sro_contig827:26729-27810   -            327 866359at2759         -            265   2.7e-09   33.2   0.5   2   2   1.1e-06   2.1e-05   20.4   0.1    45   103   210   275   175   295 0.80 -
Sro_contig755:48398-48685   -             96 866359at2759         -            265   3.6e-09   32.8   0.3   1   2   4.4e-10   8.7e-09   31.5   0.1    31    86     5    61     2    77 0.91 -
Sro_contig755:48398-48685   -             96 866359at2759         -            265   3.6e-09   32.8   0.3   2   2         3        58   -0.7   0.0    61    76    79    94    67    96 0.69 -
Sro_contig1141:31320-32180  -            287 866359at2759         -            265   6.7e-09   31.9   0.7   1   2   5.2e-09     1e-07   28.0   0.7     6   105     2   110     1   134 0.77 -
Sro_contig1141:31320-32180  -            287 866359at2759         -            265   6.7e-09   31.9   0.7   2   2       3.4        68   -0.9   0.0    85   249   260   279   226   285 0.70 -
Sro_contig1:199501-199995   -            165 866359at2759         -            265   7.7e-09   31.7   1.0   1   3      0.01       0.2    7.3   0.0    58    78    41    61    19    69 0.87 -
Sro_contig1:199501-199995   -            165 866359at2759         -            265   7.7e-09   31.7   1.0   2   3   0.00043    0.0084   11.9   0.1    45    87    84   127    80   142 0.77 -
Sro_contig1:199501-199995   -            165 866359at2759         -            265   7.7e-09   31.7   1.0   3   3   0.00064     0.012   11.3   0.0    45    78   128   162   123   165 0.81 -
Sro_contig50:128967-129458  -            164 866359at2759         -            265   9.4e-09   31.4   1.0   1   2         7   1.4e+02   -1.9   0.0    62    77     1    16     1    23 0.72 -
Sro_contig50:128967-129458  -            164 866359at2759         -            265   9.4e-09   31.4   1.0   2   2   4.7e-08   9.3e-07   24.9   0.8    31   168    25   164    10   164 0.69 -
Sro_contig103:45516-46571   -            352 866359at2759         -            265   1.1e-08   31.2   1.5   1   4       6.6   1.3e+02   -1.9   0.0    56    85    26    55    22    88 0.80 -
Sro_contig103:45516-46571   -            352 866359at2759         -            265   1.1e-08   31.2   1.5   2   4       6.7   1.3e+02   -1.9   0.0   221   251   100   128    84   141 0.62 -
Sro_contig103:45516-46571   -            352 866359at2759         -            265   1.1e-08   31.2   1.5   3   4    0.0052       0.1    8.3   0.2    45    87   206   251   140   270 0.75 -
Sro_contig103:45516-46571   -            352 866359at2759         -            265   1.1e-08   31.2   1.5   4   4   0.00011    0.0023   13.8   0.0    45    76   294   325   280   344 0.91 -
Sro_contig341:52863-54881   -            673 866359at2759         -            265   2.5e-08   30.0   5.0   1   6      0.14       2.7    3.7   0.0   225   259    80   115    75   121 0.77 -
Sro_contig341:52863-54881   -            673 866359at2759         -            265   2.5e-08   30.0   5.0   2   6   0.00013    0.0026   13.6   0.2    11    85   228   309   222   316 0.79 -
Sro_contig341:52863-54881   -            673 866359at2759         -            265   2.5e-08   30.0   5.0   3   6      0.14       2.7    3.7   0.2    36    81   356   402   340   456 0.80 -
Sro_contig341:52863-54881   -            673 866359at2759         -            265   2.5e-08   30.0   5.0   4   6         3        58   -0.7   0.0   224   243   543   562   505   589 0.58 -
Sro_contig341:52863-54881   -            673 866359at2759         -            265   2.5e-08   30.0   5.0   5   6     0.048      0.95    5.2   0.0   226   260   590   624   582   629 0.78 -
Sro_contig341:52863-54881   -            673 866359at2759         -            265   2.5e-08   30.0   5.0   6   6       8.3   1.6e+02   -2.2   0.0    44    78   631   667   625   670 0.73 -
Sro_contig576:29221-30308   -            212 866359at2759         -            265   7.6e-08   28.4   0.4   1   4      0.49       9.6    1.9   0.0   235   255    21    41    11    47 0.84 -
Sro_contig576:29221-30308   -            212 866359at2759         -            265   7.6e-08   28.4   0.4   2   4   3.1e-05   0.00061   15.6   0.0    49    92    63   106    47   118 0.79 -
Sro_contig576:29221-30308   -            212 866359at2759         -            265   7.6e-08   28.4   0.4   3   4     0.036      0.71    5.6   0.0    65    90   121   146   105   163 0.73 -
Sro_contig576:29221-30308   -            212 866359at2759         -            265   7.6e-08   28.4   0.4   4   4      0.82        16    1.1   0.0   232   255   158   181   153   190 0.68 -
Sro_contig1080:32930-33451  -            174 866359at2759         -            265   1.1e-07   27.8   6.4   1   3    0.0043     0.085    8.6   0.0    44    75    41    75    34    83 0.80 -
Sro_contig1080:32930-33451  -            174 866359at2759         -            265   1.1e-07   27.8   6.4   2   3   2.6e-05   0.00051   15.9   0.2    55    86   103   134    82   141 0.75 -
Sro_contig1080:32930-33451  -            174 866359at2759         -            265   1.1e-07   27.8   6.4   3   3     0.026      0.51    6.0   0.1    49    77   140   171   133   174 0.60 -
Sro_contig382:64643-65428   -            262 866359at2759         -            265   1.1e-07   27.8   4.8   1   5   0.00015    0.0029   13.4   0.7    45    85     3    43     2    68 0.82 -
Sro_contig382:64643-65428   -            262 866359at2759         -            265   1.1e-07   27.8   4.8   2   5      0.29       5.7    2.6   0.1    39    80    53    94    45    99 0.80 -
Sro_contig382:64643-65428   -            262 866359at2759         -            265   1.1e-07   27.8   4.8   3   5    0.0017     0.034    9.9   0.0     7    77   100   174    98   183 0.54 -
Sro_contig382:64643-65428   -            262 866359at2759         -            265   1.1e-07   27.8   4.8   4   5       5.9   1.2e+02   -1.7   0.0   120   145   197   225   181   238 0.60 -
Sro_contig382:64643-65428   -            262 866359at2759         -            265   1.1e-07   27.8   4.8   5   5       7.9   1.5e+02   -2.1   0.0   241   252   249   260   236   262 0.62 -
Sro_contig14:89199-89723    -            175 866359at2759         -            265   1.6e-07   27.4   3.1   1   4    0.0019     0.038    9.8   0.3    46    85     2    41     1    48 0.79 -
Sro_contig14:89199-89723    -            175 866359at2759         -            265   1.6e-07   27.4   3.1   2   4    0.0049     0.095    8.4   0.1    44    82    51    90    41    93 0.80 -
Sro_contig14:89199-89723    -            175 866359at2759         -            265   1.6e-07   27.4   3.1   3   4    0.0087      0.17    7.6   0.0    43    81    93   132    89   141 0.78 -
Sro_contig14:89199-89723    -            175 866359at2759         -            265   1.6e-07   27.4   3.1   4   4         2        39   -0.1   0.0     9    65   146   166   138   175 0.54 -
Sro_contig512:23801-24553   -            251 866359at2759         -            265   2.5e-07   26.7   6.6   1   2     3e-06   5.9e-05   18.9   0.6    45   140    25   121    21   139 0.81 -
Sro_contig512:23801-24553   -            251 866359at2759         -            265   2.5e-07   26.7   6.6   2   2    0.0027     0.053    9.3   0.9    38    87   161   214   157   250 0.72 -
Sro_contig603:1-3276        -           1092 866359at2759         -            265   7.1e-07   25.2   2.0   1   5   0.00017    0.0033   13.2   0.2    45    95   645   695   638   732 0.78 -
Sro_contig603:1-3276        -           1092 866359at2759         -            265   7.1e-07   25.2   2.0   2   5       4.7        93   -1.4   0.1    54    94   710   750   700   806 0.59 -
Sro_contig603:1-3276        -           1092 866359at2759         -            265   7.1e-07   25.2   2.0   3   5     0.074       1.4    4.6   0.0    61   101   889   929   876   980 0.71 -
Sro_contig603:1-3276        -           1092 866359at2759         -            265   7.1e-07   25.2   2.0   4   5      0.24       4.7    2.9   0.0    58    81   979  1002   969  1014 0.80 -
Sro_contig603:1-3276        -           1092 866359at2759         -            265   7.1e-07   25.2   2.0   5   5       3.3        65   -0.9   0.1    46    74  1064  1091  1057  1092 0.80 -
Sro_contig1376:10853-11791  -            313 866359at2759         -            265     9e-07   24.9   2.8   1   4     0.037      0.73    5.5   0.1    57    98    20    63     1    81 0.67 -
Sro_contig1376:10853-11791  -            313 866359at2759         -            265     9e-07   24.9   2.8   2   4     0.017      0.34    6.6   0.0   230   256    87   113    77   121 0.82 -
Sro_contig1376:10853-11791  -            313 866359at2759         -            265     9e-07   24.9   2.8   3   4       1.9        36   -0.0   0.0   228   247   179   198   173   210 0.74 -
Sro_contig1376:10853-11791  -            313 866359at2759         -            265     9e-07   24.9   2.8   4   4    0.0024     0.047    9.4   0.1    39    75   275   313   234   313 0.65 -
Sro_contig165:25078-25203   -             42 866359at2759         -            265     1e-06   24.7   0.0   1   1   5.4e-08   1.1e-06   24.7   0.0    45    85     1    41     1    42 0.95 -
Sro_contig142:33418-33900   -            161 866359at2759         -            265   1.7e-06   24.0   0.9   1   4       3.2        63   -0.8   0.0    62    82    10    30     5    37 0.71 -
Sro_contig142:33418-33900   -            161 866359at2759         -            265   1.7e-06   24.0   0.9   2   4       1.2        24    0.5   0.0    46    84    37    76    23    91 0.76 -
Sro_contig142:33418-33900   -            161 866359at2759         -            265   1.7e-06   24.0   0.9   3   4      0.25         5    2.8   0.0   232   258    90   116    85   123 0.87 -
Sro_contig142:33418-33900   -            161 866359at2759         -            265   1.7e-06   24.0   0.9   4   4   1.3e-05   0.00026   16.8   0.1   228   251   138   161   127   161 0.92 -
Sro_contig2049:5079-6431    -            451 866359at2759         -            265   1.9e-06   23.8   7.6   1   4   8.8e-05    0.0017   14.1   0.1    44    85   202   243   171   251 0.79 -
Sro_contig2049:5079-6431    -            451 866359at2759         -            265   1.9e-06   23.8   7.6   2   4       3.2        63   -0.8   0.0   144   194   267   322   250   329 0.55 -
Sro_contig2049:5079-6431    -            451 866359at2759         -            265   1.9e-06   23.8   7.6   3   4     0.089       1.7    4.3   0.0    60    90   331   362   324   378 0.80 -
Sro_contig2049:5079-6431    -            451 866359at2759         -            265   1.9e-06   23.8   7.6   4   4     0.015      0.29    6.9   0.2    31    75   394   448   371   451 0.72 -
Sro_contig2353:1143-2075    -            311 866359at2759         -            265   4.8e-06   22.5   1.8   1   4       1.6        32    0.2   0.0   225   259    20    61     8    67 0.66 -
Sro_contig2353:1143-2075    -            311 866359at2759         -            265   4.8e-06   22.5   1.8   2   4      0.18       3.6    3.3   0.0    47    90    78   125    71   165 0.67 -
Sro_contig2353:1143-2075    -            311 866359at2759         -            265   4.8e-06   22.5   1.8   3   4     0.004     0.078    8.7   0.3    56    85   165   194   154   200 0.83 -
Sro_contig2353:1143-2075    -            311 866359at2759         -            265   4.8e-06   22.5   1.8   4   4      0.02      0.38    6.4   0.1    49    81   199   232   193   277 0.80 -
Sro_contig841:27619-28155   -            179 866359at2759         -            265     9e-06   21.6   4.8   1   3       5.6   1.1e+02   -1.6   0.0    41    57    10    26     4    49 0.65 -
Sro_contig841:27619-28155   -            179 866359at2759         -            265     9e-06   21.6   4.8   2   3   1.2e-05   0.00023   17.0   1.1    41    82    50    92    42    96 0.79 -
Sro_contig841:27619-28155   -            179 866359at2759         -            265     9e-06   21.6   4.8   3   3     0.027      0.52    6.0   0.1    40    94    93   148    87   155 0.74 -
Sro_contig589:14160-15080   -            307 866359at2759         -            265   9.4e-06   21.6  10.7   1   5       2.9        57   -0.7   0.1    57    81    27    51    21    70 0.66 -
Sro_contig589:14160-15080   -            307 866359at2759         -            265   9.4e-06   21.6  10.7   2   5      0.44       8.7    2.0   0.1    56    85    73   102    60   106 0.81 -
Sro_contig589:14160-15080   -            307 866359at2759         -            265   9.4e-06   21.6  10.7   3   5     0.012      0.23    7.2   0.2    45    79   145   179   101   191 0.82 -
Sro_contig589:14160-15080   -            307 866359at2759         -            265   9.4e-06   21.6  10.7   4   5   5.4e-05    0.0011   14.8   0.9     6    87   143   235   141   252 0.81 -
Sro_contig589:14160-15080   -            307 866359at2759         -            265   9.4e-06   21.6  10.7   5   5     0.029      0.57    5.9   0.0    45    74   278   307   263   307 0.89 -
Sro_contig1313:18967-22860  -           1298 866359at2759         -            265   1.4e-05   21.0   0.1   1   2      0.12       2.3    3.9   0.0    46    78   757   790   750   800 0.87 -
Sro_contig1313:18967-22860  -           1298 866359at2759         -            265   1.4e-05   21.0   0.1   2   2   0.00017    0.0034   13.2   0.0   223   254   848   879   842   888 0.74 -
Sro_contig1730:11361-11891  -            177 866359at2759         -            265   1.8e-05   20.6   3.0   1   2   5.5e-06   0.00011   18.1   0.7    29    96    25    93     1   107 0.78 -
Sro_contig1730:11361-11891  -            177 866359at2759         -            265   1.8e-05   20.6   3.0   2   2      0.47       9.2    1.9   0.1    58    74   159   175    98   177 0.48 -
Sro_contig1192:18365-19159  -            265 866359at2759         -            265   4.9e-05   19.2   1.3   1   4       2.4        48   -0.4   0.0    59    78    16    35     6    59 0.64 -
Sro_contig1192:18365-19159  -            265 866359at2759         -            265   4.9e-05   19.2   1.3   2   4     0.062       1.2    4.8   0.0    57    76    63    82    48    88 0.65 -
Sro_contig1192:18365-19159  -            265 866359at2759         -            265   4.9e-05   19.2   1.3   3   4    0.0069      0.14    7.9   0.0    46   102    98   158    86   170 0.75 -
Sro_contig1192:18365-19159  -            265 866359at2759         -            265   4.9e-05   19.2   1.3   4   4       0.4       7.9    2.1   0.2   229   255   233   259   203   264 0.84 -
Sro_contig328:40909-41910   -            334 866359at2759         -            265   8.6e-05   18.4   0.7   1   4       4.4        87   -1.3   0.0    59    79    10    30     3    56 0.67 -
Sro_contig328:40909-41910   -            334 866359at2759         -            265   8.6e-05   18.4   0.7   2   4      0.11       2.1    4.0   0.0    57    76    57    76    52    85 0.63 -
Sro_contig328:40909-41910   -            334 866359at2759         -            265   8.6e-05   18.4   0.7   3   4     0.011      0.21    7.3   0.0    46   102    92   152    82   163 0.75 -
Sro_contig328:40909-41910   -            334 866359at2759         -            265   8.6e-05   18.4   0.7   4   4      0.47       9.2    1.9   0.1   229   256   227   254   197   261 0.84 -
Sro_contig93:93475-93759    -             95 866359at2759         -            265    0.0001   18.2   0.2   1   2    0.0038     0.075    8.8   0.0   125   174    14    63     2    73 0.75 -
Sro_contig93:93475-93759    -             95 866359at2759         -            265    0.0001   18.2   0.2   2   2    0.0045     0.088    8.5   0.0    46    79    62    95    60    95 0.88 -
Sro_contig1677:12809-13450  -            214 866359at2759         -            265   0.00011   18.1   0.4   1   3    0.0013     0.026   10.3   0.0   231   255    12    36     9    47 0.81 -
Sro_contig1677:12809-13450  -            214 866359at2759         -            265   0.00011   18.1   0.4   2   3     0.067       1.3    4.7   0.1    47    89    49    92    37   153 0.73 -
Sro_contig1677:12809-13450  -            214 866359at2759         -            265   0.00011   18.1   0.4   3   3       3.6        71   -1.0   0.0    85   107   152   174   146   192 0.60 -
Sro_contig108:105331-105615 -             95 866359at2759         -            265   0.00013   17.9   0.3   1   2    0.0039     0.076    8.8   0.0   124   173    13    62     2    73 0.73 -
Sro_contig108:105331-105615 -             95 866359at2759         -            265   0.00013   17.9   0.3   2   2     0.011      0.21    7.3   0.0    48    79    64    95    61    95 0.82 -
Sro_contig1444:14347-15129  -            261 866359at2759         -            265   0.00016   17.6   0.7   1   3       2.4        48   -0.4   0.0    69    82    83    96    37   101 0.64 -
Sro_contig1444:14347-15129  -            261 866359at2759         -            265   0.00016   17.6   0.7   2   3     0.032      0.62    5.8   0.1    31    75    86   133    77   149 0.65 -
Sro_contig1444:14347-15129  -            261 866359at2759         -            265   0.00016   17.6   0.7   3   3   0.00015    0.0029   13.4   0.2     7    78   101   184    97   205 0.78 -
Sro_contig791:5646-6149     -            168 866359at2759         -            265   0.00027   16.8   0.1   1   1   1.7e-05   0.00033   16.5   0.1    45    78    70   104    47   130 0.87 -
Sro_contig1101:25231-26157  -            309 866359at2759         -            265   0.00027   16.8   6.3   1   3       1.7        33    0.1   0.4    55   101    27    70    22   115 0.56 -
Sro_contig1101:25231-26157  -            309 866359at2759         -            265   0.00027   16.8   6.3   2   3     0.015      0.29    6.8   0.5    46    88   189   234   184   273 0.69 -
Sro_contig1101:25231-26157  -            309 866359at2759         -            265   0.00027   16.8   6.3   3   3   0.00087     0.017   10.9   0.0    43    76   274   307   255   308 0.85 -
Sro_contig464:60266-60469   -             68 866359at2759         -            265   0.00034   16.5   0.0   1   1   1.9e-05   0.00037   16.3   0.0    43    78    33    68    24    68 0.93 -
Sro_contig381:19899-20567   -            223 866359at2759         -            265   0.00036   16.4   2.1   1   2   3.9e-05   0.00077   15.3   1.0    61   164    51   159    28   179 0.65 -
Sro_contig381:19899-20567   -            223 866359at2759         -            265   0.00036   16.4   2.1   2   2         3        59   -0.7   0.0   238   258   183   203   143   209 0.76 -
Sro_contig1:199133-199659   -            125 866359at2759         -            265    0.0004   16.2   0.1   1   2   0.00079     0.016   11.0   0.0    45    76    16    48     8    55 0.83 -
Sro_contig1:199133-199659   -            125 866359at2759         -            265    0.0004   16.2   0.1   2   2      0.19       3.7    3.2   0.0    60    78    57    75    49    84 0.80 -
Sro_contig1058:36348-38566  -            683 866359at2759         -            265   0.00076   15.3   0.5   1   1   9.6e-05    0.0019   14.0   0.5    45    96   478   529   471   575 0.76 -
Sro_contig345:72562-74652   -            697 866359at2759         -            265   0.00078   15.3   0.0   1   2    0.0006     0.012   11.4   0.0    52    82   432   462   425   472 0.74 -
Sro_contig345:72562-74652   -            697 866359at2759         -            265   0.00078   15.3   0.0   2   2      0.76        15    1.2   0.0     3    29   570   596   569   602 0.89 -
Sro_contig1589:3945-4262    -            106 866359at2759         -            265   0.00088   15.1   0.0   1   1   5.3e-05     0.001   14.9   0.0    53   138     5    88     1   102 0.78 -
Sro_contig925:27395-27529   -             45 866359at2759         -            265    0.0011   14.8   0.1   1   1   9.3e-05    0.0018   14.1   0.1    62    87     1    26     1    45 0.67 -
Sro_contig203:78477-80378   -            634 866359at2759         -            265    0.0013   14.6   1.3   1   5      0.62        12    1.5   0.0   230   256   204   230   201   236 0.79 -
Sro_contig203:78477-80378   -            634 866359at2759         -            265    0.0013   14.6   1.3   2   5      0.66        13    1.4   0.1    61    78   283   300   264   306 0.82 -
Sro_contig203:78477-80378   -            634 866359at2759         -            265    0.0013   14.6   1.3   3   5       1.1        22    0.7   0.0    65    89   343   367   328   390 0.80 -
Sro_contig203:78477-80378   -            634 866359at2759         -            265    0.0013   14.6   1.3   4   5      0.98        19    0.9   0.0   243   260   397   414   386   419 0.71 -
Sro_contig203:78477-80378   -            634 866359at2759         -            265    0.0013   14.6   1.3   5   5      0.25       4.9    2.8   0.0   225   257   426   458   417   466 0.84 -
Sro_contig1781:7865-8449    -            195 866359at2759         -            265    0.0025   13.6   0.7   1   3     0.032      0.62    5.8   0.0    62    82     2    22     1    38 0.87 -
Sro_contig1781:7865-8449    -            195 866359at2759         -            265    0.0025   13.6   0.7   2   3      0.44       8.6    2.0   0.0    58    78    41    61    26    78 0.74 -
Sro_contig1781:7865-8449    -            195 866359at2759         -            265    0.0025   13.6   0.7   3   3       0.2       3.9    3.2   0.0    56    84   109   137    92   153 0.75 -
Sro_contig294:27889-28590   -            234 866359at2759         -            265    0.0029   13.4   0.1   1   2    0.0009     0.018   10.8   0.0    44    75    31    62     5    81 0.77 -
Sro_contig294:27889-28590   -            234 866359at2759         -            265    0.0029   13.4   0.1   2   2       1.6        31    0.2   0.0    53    88   149   184   131   193 0.79 -
Sro_contig57:115734-116483  -            250 866359at2759         -            265    0.0047   12.7   1.6   1   3     0.079       1.6    4.5   0.3    58    80    74    96    65   105 0.78 -
Sro_contig57:115734-116483  -            250 866359at2759         -            265    0.0047   12.7   1.6   2   3       1.2        24    0.5   0.0   233   253   111   131    98   141 0.60 -
Sro_contig57:115734-116483  -            250 866359at2759         -            265    0.0047   12.7   1.6   3   3     0.079       1.6    4.5   0.0   222   248   189   216   185   227 0.62 -
Sro_contig627:53958-55577   -            540 866359at2759         -            265    0.0053   12.6   0.3   1   4      0.27       5.2    2.7   0.1   147   195   243   295   227   307 0.76 -
Sro_contig627:53958-55577   -            540 866359at2759         -            265    0.0053   12.6   0.3   2   4       3.5        69   -0.9   0.0   235   254   364   383   360   392 0.78 -
Sro_contig627:53958-55577   -            540 866359at2759         -            265    0.0053   12.6   0.3   3   4       1.4        28    0.3   0.0   231   257   434   460   430   468 0.82 -
Sro_contig627:53958-55577   -            540 866359at2759         -            265    0.0053   12.6   0.3   4   4      0.13       2.6    3.7   0.0   230   249   479   498   472   507 0.86 -
Sro_contig869:26178-26663   -            162 866359at2759         -            265    0.0058   12.4   0.1   1   3         4        78   -1.1   0.0   232   253     7    28     5    40 0.83 -
Sro_contig869:26178-26663   -            162 866359at2759         -            265    0.0058   12.4   0.1   2   3         1        20    0.8   0.0   230   252    70    92    58   101 0.66 -
Sro_contig869:26178-26663   -            162 866359at2759         -            265    0.0058   12.4   0.1   3   3    0.0066      0.13    8.0   0.0    49    78   113   144   103   158 0.78 -
Sro_contig93:94115-94570    -            152 866359at2759         -            265    0.0062   12.3   0.0   1   2    0.0016     0.031   10.0   0.0   222   255     3    36     1    46 0.88 -
Sro_contig93:94115-94570    -            152 866359at2759         -            265    0.0062   12.3   0.0   2   2       5.6   1.1e+02   -1.6   0.0   232   253    55    76    48    84 0.85 -
Sro_contig108:105971-106426 -            152 866359at2759         -            265    0.0082   11.9   0.0   1   1     0.001      0.02   10.7   0.0   222   255     3    36     1    45 0.88 -
Sro_contig2248:5107-5895    -            263 866359at2759         -            265     0.011   11.5   0.1   1   2    0.0032     0.063    9.0   0.0    46    83   193   229   189   236 0.84 -
Sro_contig2248:5107-5895    -            263 866359at2759         -            265     0.011   11.5   0.1   2   2       3.6        70   -1.0   0.0    50    76   236   262   228   263 0.76 -
Sro_contig3321:134-778      -            215 866359at2759         -            265     0.012   11.4   0.0   1   3    0.0028     0.055    9.2   0.0   222   255     3    36     1    46 0.88 -
Sro_contig3321:134-778      -            215 866359at2759         -            265     0.012   11.4   0.0   2   3       9.2   1.8e+02   -2.3   0.0   232   253    55    76    52    90 0.85 -
Sro_contig3321:134-778      -            215 866359at2759         -            265     0.012   11.4   0.0   3   3       6.3   1.2e+02   -1.8   0.0   130   143    90   103    61   117 0.61 -
Sro_contig355:19062-19913   -            284 866359at2759         -            265     0.017   10.9   0.1   1   3      0.03      0.58    5.8   0.0   225   254    31    62    24    75 0.59 -
Sro_contig355:19062-19913   -            284 866359at2759         -            265     0.017   10.9   0.1   2   3      0.47       9.2    1.9   0.0    59    85   169   195   149   206 0.82 -
Sro_contig355:19062-19913   -            284 866359at2759         -            265     0.017   10.9   0.1   3   3       6.1   1.2e+02   -1.7   0.0    45    68   258   281   254   284 0.45 -
Sro_contig702:21792-22574   -            261 866359at2759         -            265      0.34    6.6   8.0   1   3      0.52        10    1.8   0.0   221   254    20    55     6    60 0.81 -
Sro_contig702:21792-22574   -            261 866359at2759         -            265      0.34    6.6   8.0   2   3      0.15       2.9    3.6   0.5    61    83   147   171   139   225 0.79 -
Sro_contig702:21792-22574   -            261 866359at2759         -            265      0.34    6.6   8.0   3   3      0.29       5.7    2.6   0.8    48    75   234   261   227   261 0.91 -
#
# Program:         hmmsearch
# Version:         3.1b2 (February 2015)
# Pipeline mode:   SEARCH
# Query file:      /Users/aholzer/ownCloud/PhD/Publications/2021 Liavero-Pasquina et al./analysis/TPP_aptamer_search/busco_downloads/lineages/eukaryota_odb10/hmms/866359at2759.hmm
# Target file:     /Users/aholzer/ownCloud/PhD/Publications/2021 Liavero-Pasquina et al./analysis/TPP_aptamer_search/genomes/BUSCO_eukaryota_obd10/Seminavis_robusta_version1.2/run_eukaryota_odb10/metaeuk_output/initial_results/Seminavis_robusta_genomeV1.fna.modified.fas
# Option settings: hmmsearch --domtblout /Users/aholzer/ownCloud/PhD/Publications/2021 Liavero-Pasquina et al./analysis/TPP_aptamer_search/genomes/BUSCO_eukaryota_obd10/Seminavis_robusta_version1.2/run_eukaryota_odb10/hmmer_output/initial_run_results/866359at2759.out --cpu 1 /Users/aholzer/ownCloud/PhD/Publications/2021 Liavero-Pasquina et al./analysis/TPP_aptamer_search/busco_downloads/lineages/eukaryota_odb10/hmms/866359at2759.hmm /Users/aholzer/ownCloud/PhD/Publications/2021 Liavero-Pasquina et al./analysis/TPP_aptamer_search/genomes/BUSCO_eukaryota_obd10/Seminavis_robusta_version1.2/run_eukaryota_odb10/metaeuk_output/initial_results/Seminavis_robusta_genomeV1.fna.modified.fas 
# Current dir:     /Users/aholzer/ownCloud/PhD/Publications/2021 Liavero-Pasquina et al./analysis/TPP_aptamer_search
# Date:            Sun Apr 18 11:12:11 2021
# [ok]
