#                                                                                 --- full sequence --- -------------- this domain -------------   hmm coord   ali coord   env coord
# target name             accession   tlen query name           accession   qlen   E-value  score  bias   #  of  c-Evalue  i-Evalue  score  bias  from    to  from    to  from    to  acc description of target
#     ------------------- ---------- ----- -------------------- ---------- ----- --------- ------ ----- --- --- --------- --------- ------ ----- ----- ----- ----- ----- ----- ----- ---- ---------------------
Sro_contig987:25026-27992 -            989 3405at33634          -            683  6.1e-271  894.5  39.1   1   3   4.8e-18   7.1e-16   51.6   0.7     1    71   126   213   126   221 0.78 -
Sro_contig987:25026-27992 -            989 3405at33634          -            683  6.1e-271  894.5  39.1   2   3  1.9e-181  2.7e-179  591.6  20.7    65   455   241   660   231   676 0.94 -
Sro_contig987:25026-27992 -            989 3405at33634          -            683  6.1e-271  894.5  39.1   3   3     1e-81   1.5e-79  262.0   3.3   453   680   691   983   685   986 0.83 -
Sro_contig216:68793-70541 -            583 3405at33634          -            683   7.8e-27   87.8   0.1   1   4     2e-09   2.9e-07   23.1   0.0   117   179    14    76     8   112 0.83 -
Sro_contig216:68793-70541 -            583 3405at33634          -            683   7.8e-27   87.8   0.1   2   4   3.2e-08   4.6e-06   19.1   0.0   110   211   110   209    99   221 0.85 -
Sro_contig216:68793-70541 -            583 3405at33634          -            683   7.8e-27   87.8   0.1   3   4   5.8e-15   8.5e-13   41.4   0.0   133   262   266   415   222   456 0.75 -
Sro_contig216:68793-70541 -            583 3405at33634          -            683   7.8e-27   87.8   0.1   4   4      0.23        33   -3.5   0.0   652   666   548   562   546   578 0.75 -
#
# Program:         hmmsearch
# Version:         3.1b2 (February 2015)
# Pipeline mode:   SEARCH
# Query file:      /Users/aholzer/ownCloud/PhD/Publications/2021 Liavero-Pasquina et al./analysis/TPP_aptamer_search/busco_downloads/lineages/stramenopiles_odb10/hmms/3405at33634.hmm
# Target file:     /Users/aholzer/ownCloud/PhD/Publications/2021 Liavero-Pasquina et al./analysis/TPP_aptamer_search/genomes/BUSCO/Seminavis_robusta_version1.2/run_stramenopiles_odb10/metaeuk_output/initial_results/Seminavis_robusta_genomeV1.fna.modified.fas
# Option settings: hmmsearch --domtblout /Users/aholzer/ownCloud/PhD/Publications/2021 Liavero-Pasquina et al./analysis/TPP_aptamer_search/genomes/BUSCO/Seminavis_robusta_version1.2/run_stramenopiles_odb10/hmmer_output/initial_run_results/3405at33634.out --cpu 1 /Users/aholzer/ownCloud/PhD/Publications/2021 Liavero-Pasquina et al./analysis/TPP_aptamer_search/busco_downloads/lineages/stramenopiles_odb10/hmms/3405at33634.hmm /Users/aholzer/ownCloud/PhD/Publications/2021 Liavero-Pasquina et al./analysis/TPP_aptamer_search/genomes/BUSCO/Seminavis_robusta_version1.2/run_stramenopiles_odb10/metaeuk_output/initial_results/Seminavis_robusta_genomeV1.fna.modified.fas 
# Current dir:     /Users/aholzer/ownCloud/PhD/Publications/2021 Liavero-Pasquina et al./analysis/TPP_aptamer_search
# Date:            Fri Apr 16 09:11:13 2021
# [ok]
