#                                                                                  --- full sequence --- -------------- this domain -------------   hmm coord   ali coord   env coord
# target name              accession   tlen query name           accession   qlen   E-value  score  bias   #  of  c-Evalue  i-Evalue  score  bias  from    to  from    to  from    to  acc description of target
#      ------------------- ---------- ----- -------------------- ---------- ----- --------- ------ ----- --- --- --------- --------- ------ ----- ----- ----- ----- ----- ----- ----- ---- ---------------------
Sro_contig1516:14267-15970 -            498 6436at33634          -            420  1.2e-223  736.4   0.1   1   1  2.3e-224  1.6e-223  735.9   0.1     6   409    16   450     2   462 0.93 -
Sro_contig625:47093-49416  -            744 6436at33634          -            420    5e-106  348.9   0.0   1   1    1e-106    7e-106  348.4   0.0    10   404    60   493    52   509 0.90 -
Sro_contig82:35518-37082   -            413 6436at33634          -            420   5.9e-78  256.4   0.1   1   1   1.1e-78   7.4e-78  256.1   0.1     6   341    35   392    30   404 0.87 -
Sro_contig72:98220-99734   -            505 6436at33634          -            420   1.4e-71  235.4   0.1   1   2   1.1e-70   7.7e-70  229.7   0.1     7   332    45   422    39   431 0.78 -
Sro_contig72:98220-99734   -            505 6436at33634          -            420   1.4e-71  235.4   0.1   2   2      0.25       1.7    1.2   0.0   337   381   460   504   447   505 0.83 -
Sro_contig1521:6430-7830   -            467 6436at33634          -            420   5.1e-65  213.8   0.7   1   1   1.3e-65     9e-65  213.0   0.7    10   379    16   434     8   456 0.81 -
Sro_contig286:23313-24641  -            443 6436at33634          -            420   7.2e-60  196.8   0.1   1   1   6.9e-60   4.7e-59  194.2   0.1    11   322    24   394    14   427 0.78 -
Sro_contig2115:12296-13467 -            365 6436at33634          -            420   4.5e-56  184.3   0.0   1   1     8e-57   5.4e-56  184.1   0.0     3   325     6   362     4   364 0.82 -
Sro_contig1103:31609-32887 -            357 6436at33634          -            420   5.9e-55  180.6   0.0   1   2   5.1e-37   3.5e-36  118.8   0.0    13   182    16   203     9   229 0.81 -
Sro_contig1103:31609-32887 -            357 6436at33634          -            420   5.9e-55  180.6   0.0   2   2   3.6e-19   2.5e-18   60.0   0.0   232   307   276   352   234   356 0.85 -
Sro_contig967:13837-15672  -            612 6436at33634          -            420   6.4e-53  173.9   7.3   1   3   3.3e-26   2.2e-25   83.2   0.3    17   176    26   222     8   238 0.71 -
Sro_contig967:13837-15672  -            612 6436at33634          -            420   6.4e-53  173.9   7.3   2   3   2.6e-25   1.8e-24   80.3   0.2   185   326   265   435   260   464 0.75 -
Sro_contig967:13837-15672  -            612 6436at33634          -            420   6.4e-53  173.9   7.3   3   3   0.00026    0.0018   11.1   0.1   334   402   542   612   520   612 0.84 -
Sro_contig482:49451-50587  -            379 6436at33634          -            420   1.4e-49  162.9   2.2   1   2   4.6e-21   3.1e-20   66.3   0.1    13   122    18   137     8   144 0.82 -
Sro_contig482:49451-50587  -            379 6436at33634          -            420   1.4e-49  162.9   2.2   2   2   1.6e-29   1.1e-28   94.1   0.4   120   305   156   368   151   374 0.78 -
Sro_contig311:67889-69148  -            420 6436at33634          -            420   4.2e-48  158.1   1.4   1   1   4.7e-48   3.2e-47  155.2   1.4     9   313    61   420    53   420 0.75 -
Sro_contig1046:22160-23449 -            395 6436at33634          -            420     3e-47  155.3   0.0   1   2   5.4e-32   3.7e-31  102.3   0.0    13   187    24   224    14   256 0.75 -
Sro_contig1046:22160-23449 -            395 6436at33634          -            420     3e-47  155.3   0.0   2   2   1.9e-16   1.3e-15   51.0   0.0   209   314   283   392   280   395 0.88 -
Sro_contig316:24734-26119  -            353 6436at33634          -            420   2.7e-46  152.1   0.3   1   3   4.7e-06   3.2e-05   16.8   0.0    11    41    36    66    29    75 0.90 -
Sro_contig316:24734-26119  -            353 6436at33634          -            420   2.7e-46  152.1   0.3   2   3   7.2e-21   4.9e-20   65.6   0.0   110   180   112   191   108   203 0.84 -
Sro_contig316:24734-26119  -            353 6436at33634          -            420   2.7e-46  152.1   0.3   3   3   4.6e-21   3.1e-20   66.3   0.0   183   309   216   349   211   353 0.86 -
Sro_contig2072:13609-14881 -            345 6436at33634          -            420   2.9e-46  152.0   0.1   1   2   1.1e-34   7.5e-34  111.1   0.0     8   216    20   260    13   262 0.73 -
Sro_contig2072:13609-14881 -            345 6436at33634          -            420   2.9e-46  152.0   0.1   2   2   2.7e-13   1.8e-12   40.7   0.0   261   321   258   320   238   333 0.82 -
Sro_contig72:48932-50577   -            517 6436at33634          -            420   1.2e-45  149.9   0.0   1   2   3.7e-24   2.5e-23   76.5   0.0    12   173    60   234    53   242 0.82 -
Sro_contig72:48932-50577   -            517 6436at33634          -            420   1.2e-45  149.9   0.0   2   2   1.4e-22   9.2e-22   71.3   0.0   207   319   359   472   357   480 0.92 -
Sro_contig902:34549-35529  -            327 6436at33634          -            420   9.8e-44  143.7   1.7   1   1   1.9e-44   1.3e-43  143.3   1.7    38   323     8   312     5   322 0.82 -
Sro_contig59:11884-13202   -            319 6436at33634          -            420   1.2e-43  143.4   0.0   1   1   2.2e-44   1.5e-43  143.1   0.0    33   314     1   312     1   319 0.79 -
Sro_contig78:34861-35958   -            366 6436at33634          -            420   1.1e-42  140.2   0.1   1   1     2e-43   1.4e-42  139.9   0.1    13   316    28   365    22   366 0.79 -
Sro_contig1274:16526-18068 -            377 6436at33634          -            420   2.6e-41  135.7   0.2   1   2   5.2e-29   3.5e-28   92.4   0.1    12   265    16   298     7   304 0.76 -
Sro_contig1274:16526-18068 -            377 6436at33634          -            420   2.6e-41  135.7   0.2   2   2   1.7e-13   1.1e-12   41.4   0.0   250   312   311   375   305   377 0.80 -
Sro_contig47:134785-136189 -            412 6436at33634          -            420     9e-41  133.9   1.5   1   2   2.7e-05   0.00019   14.3   0.0    13    41    32    60    27    75 0.92 -
Sro_contig47:134785-136189 -            412 6436at33634          -            420     9e-41  133.9   1.5   2   2   8.9e-37   6.1e-36  118.0   1.1    49   323   102   399    92   409 0.81 -
Sro_contig387:65014-66191  -            364 6436at33634          -            420   6.8e-38  124.4   0.0   1   2   3.7e-21   2.5e-20   66.6   0.0    38   202     2   214     1   224 0.65 -
Sro_contig387:65014-66191  -            364 6436at33634          -            420   6.8e-38  124.4   0.0   2   2     1e-17   6.8e-17   55.3   0.0   235   310   281   360   273   364 0.85 -
Sro_contig1505:8085-9206   -            374 6436at33634          -            420   1.6e-37  123.2   0.2   1   2   7.3e-35     5e-34  111.7   0.1    33   281     1   289     1   295 0.77 -
Sro_contig1505:8085-9206   -            374 6436at33634          -            420   1.6e-37  123.2   0.2   2   2   0.00076    0.0052    9.5   0.0   278   321   321   364   292   369 0.88 -
Sro_contig89:123175-124224 -            350 6436at33634          -            420   2.7e-35  115.9   1.3   1   2   1.5e-29     1e-28   94.2   0.1    11   166    30   212    23   222 0.79 -
Sro_contig89:123175-124224 -            350 6436at33634          -            420   2.7e-35  115.9   1.3   2   2   7.9e-07   5.4e-06   19.4   0.2   208   272   282   350   246   350 0.83 -
Sro_contig2415:8462-10080  -            515 6436at33634          -            420   4.8e-35  115.1   0.0   1   3   7.8e-16   5.3e-15   49.0   0.0    13   123    48   183    41   206 0.72 -
Sro_contig2415:8462-10080  -            515 6436at33634          -            420   4.8e-35  115.1   0.0   2   3     5e-08   3.4e-07   23.3   0.0   113   175   255   316   252   331 0.78 -
Sro_contig2415:8462-10080  -            515 6436at33634          -            420   4.8e-35  115.1   0.0   3   3   8.9e-13     6e-12   39.0   0.0   212   315   398   505   335   512 0.82 -
Sro_contig1581:8869-10292  -            403 6436at33634          -            420   3.5e-31  102.3   0.2   1   2   2.1e-22   1.4e-21   70.7   0.0    10   170    18   206    10   233 0.73 -
Sro_contig1581:8869-10292  -            403 6436at33634          -            420   3.5e-31  102.3   0.2   2   2   7.4e-10     5e-09   29.3   0.1   237   313   321   387   303   395 0.89 -
Sro_contig864:26773-27940  -            315 6436at33634          -            420   3.6e-31  102.3   0.2   1   2   2.1e-21   1.4e-20   67.4   0.0    14   167    26   191    21   201 0.82 -
Sro_contig864:26773-27940  -            315 6436at33634          -            420   3.6e-31  102.3   0.2   2   2   4.9e-11   3.3e-10   33.2   0.0   240   311   235   313   204   315 0.82 -
Sro_contig1369:18528-19714 -            359 6436at33634          -            420   2.2e-30   99.7   0.2   1   1   5.7e-31   3.8e-30   98.9   0.2    13   310    33   356    27   359 0.77 -
Sro_contig1441:11717-12775 -            353 6436at33634          -            420   4.8e-30   98.6   0.0   1   2   4.7e-15   3.2e-14   46.5   0.0    63   148    34   131    26   167 0.84 -
Sro_contig1441:11717-12775 -            353 6436at33634          -            420   4.8e-30   98.6   0.0   2   2   3.4e-16   2.3e-15   50.2   0.0   177   302   221   353   212   353 0.80 -
Sro_contig1828:8813-10204  -            464 6436at33634          -            420   1.1e-29   97.4   0.2   1   3   2.2e-08   1.5e-07   24.5   0.0    13    50     5    42     2    49 0.91 -
Sro_contig1828:8813-10204  -            464 6436at33634          -            420   1.1e-29   97.4   0.2   2   3    0.0027     0.018    7.7   0.1    62   136    96   185    85   189 0.67 -
Sro_contig1828:8813-10204  -            464 6436at33634          -            420   1.1e-29   97.4   0.2   3   3   1.2e-19   8.4e-19   61.5   0.0   138   323   258   457   241   463 0.78 -
Sro_contig3572:4162-5241   -            219 6436at33634          -            420     2e-27   90.0   0.1   1   2   5.7e-12   3.9e-11   36.3   0.0    64   144     1    95     1   105 0.71 -
Sro_contig3572:4162-5241   -            219 6436at33634          -            420     2e-27   90.0   0.1   2   2   3.9e-18   2.6e-17   56.6   0.0   191   315    74   204    73   214 0.86 -
Sro_contig216:80007-81023  -            339 6436at33634          -            420   1.1e-26   87.5   0.1   1   2   1.4e-16   9.3e-16   51.5   0.1    63   210     1   179     1   256 0.68 -
Sro_contig216:80007-81023  -            339 6436at33634          -            420   1.1e-26   87.5   0.1   2   2   3.2e-11   2.2e-10   33.8   0.0   270   315   282   327   279   338 0.88 -
Sro_contig785:15292-25743  -            231 6436at33634          -            420   2.5e-26   86.4   0.4   1   1   4.2e-27   2.8e-26   86.2   0.4    63   258     4   218     1   228 0.83 -
Sro_contig555:19309-20832  -            508 6436at33634          -            420     6e-25   81.8   0.0   1   4   2.6e-12   1.8e-11   37.4   0.0     8    84    23    97    16   112 0.88 -
Sro_contig555:19309-20832  -            508 6436at33634          -            420     6e-25   81.8   0.0   2   4       4.1        28   -2.8   0.0    85   119   139   173   134   197 0.75 -
Sro_contig555:19309-20832  -            508 6436at33634          -            420     6e-25   81.8   0.0   3   4       4.4        30   -2.9   0.0   186   210   305   330   302   344 0.66 -
Sro_contig555:19309-20832  -            508 6436at33634          -            420     6e-25   81.8   0.0   4   4   2.4e-13   1.6e-12   40.9   0.0   250   324   425   499   416   507 0.85 -
Sro_contig1814:5330-6472   -            381 6436at33634          -            420   2.5e-22   73.2   0.6   1   3   2.3e-08   1.6e-07   24.4   0.1    13    80    32    97    22   107 0.80 -
Sro_contig1814:5330-6472   -            381 6436at33634          -            420   2.5e-22   73.2   0.6   2   3       2.5        17   -2.1   0.0     6    65   148   211   145   221 0.71 -
Sro_contig1814:5330-6472   -            381 6436at33634          -            420   2.5e-22   73.2   0.6   3   3   5.4e-15   3.7e-14   46.3   0.0   257   307   308   358   292   377 0.87 -
Sro_contig1334:25143-26438 -            432 6436at33634          -            420   3.4e-22   72.7   0.3   1   2   1.7e-08   1.2e-07   24.9   0.1    29   170     2   183     1   193 0.63 -
Sro_contig1334:25143-26438 -            432 6436at33634          -            420   3.4e-22   72.7   0.3   2   2   1.6e-14   1.1e-13   44.7   0.0   211   303   316   414   306   422 0.84 -
Sro_contig730:19415-20695  -            427 6436at33634          -            420   1.1e-21   71.1   0.6   1   3   0.00051    0.0034   10.1   0.0    11    46     2    36     1    46 0.88 -
Sro_contig730:19415-20695  -            427 6436at33634          -            420   1.1e-21   71.1   0.6   2   3   1.7e-06   1.1e-05   18.3   0.0    37   134    68   180    56   220 0.64 -
Sro_contig730:19415-20695  -            427 6436at33634          -            420   1.1e-21   71.1   0.6   3   3   5.8e-13   3.9e-12   39.6   0.0   257   304   375   424   354   427 0.78 -
Sro_contig665:29615-30481  -            289 6436at33634          -            420     4e-19   62.6   0.0   1   1   7.8e-20   5.3e-19   62.2   0.0    13   165    25   189    19   199 0.79 -
Sro_contig521:25873-27201  -            443 6436at33634          -            420   4.9e-19   62.3   0.3   1   3   6.3e-06   4.3e-05   16.4   0.1    10    76    37   115    28   138 0.68 -
Sro_contig521:25873-27201  -            443 6436at33634          -            420   4.9e-19   62.3   0.3   2   3       0.5       3.4    0.2   0.0   123   147   207   231   182   254 0.84 -
Sro_contig521:25873-27201  -            443 6436at33634          -            420   4.9e-19   62.3   0.3   3   3   1.2e-13   8.2e-13   41.8   0.0   210   311   328   442   325   443 0.84 -
Sro_contig1190:13405-14419 -            283 6436at33634          -            420     3e-18   59.7   0.1   1   1   6.4e-15   4.4e-14   46.0   0.1   108   323     1   278     1   282 0.71 -
Sro_contig1020:971-1989    -            285 6436at33634          -            420   3.5e-18   59.5   0.1   1   2   3.1e-08   2.1e-07   24.0   0.0   108   174     1    84     1   103 0.76 -
Sro_contig1020:971-1989    -            285 6436at33634          -            420   3.5e-18   59.5   0.1   2   2   4.2e-11   2.9e-10   33.4   0.0   172   323   118   280    92   284 0.69 -
Sro_contig493:44270-45604  -            445 6436at33634          -            420   8.4e-17   55.0   0.0   1   3   3.5e-13   2.4e-12   40.3   0.0    13    84     7    77     3    85 0.90 -
Sro_contig493:44270-45604  -            445 6436at33634          -            420   8.4e-17   55.0   0.0   2   3       1.5       9.9   -1.3   0.0   117   138   141   162   135   170 0.80 -
Sro_contig493:44270-45604  -            445 6436at33634          -            420   8.4e-17   55.0   0.0   3   3   0.00025    0.0017   11.1   0.0   268   313   387   432   359   443 0.85 -
Sro_contig253:56759-57997  -            413 6436at33634          -            420   9.3e-14   44.9   0.0   1   2   2.7e-08   1.9e-07   24.2   0.0    38   172     1   160     1   182 0.69 -
Sro_contig253:56759-57997  -            413 6436at33634          -            420   9.3e-14   44.9   0.0   2   2   1.2e-06   7.9e-06   18.8   0.0   258   307   304   360   260   371 0.83 -
Sro_contig1:197325-198359  -            345 6436at33634          -            420   1.1e-08   28.2   0.0   1   3       1.5        10   -1.3   0.0    63    78     1    16     1    37 0.74 -
Sro_contig1:197325-198359  -            345 6436at33634          -            420   1.1e-08   28.2   0.0   2   3      0.26       1.8    1.2   0.0   124   173    92   145    64   161 0.78 -
Sro_contig1:197325-198359  -            345 6436at33634          -            420   1.1e-08   28.2   0.0   3   3   3.9e-08   2.6e-07   23.7   0.0   255   302   291   340   284   345 0.83 -
#
# Program:         hmmsearch
# Version:         3.1b2 (February 2015)
# Pipeline mode:   SEARCH
# Query file:      /Users/aholzer/ownCloud/PhD/Publications/2021 Liavero-Pasquina et al./analysis/TPP_aptamer_search/busco_downloads/lineages/stramenopiles_odb10/hmms/6436at33634.hmm
# Target file:     /Users/aholzer/ownCloud/PhD/Publications/2021 Liavero-Pasquina et al./analysis/TPP_aptamer_search/genomes/BUSCO/Seminavis_robusta_version1.2/run_stramenopiles_odb10/metaeuk_output/initial_results/Seminavis_robusta_genomeV1.fna.modified.fas
# Option settings: hmmsearch --domtblout /Users/aholzer/ownCloud/PhD/Publications/2021 Liavero-Pasquina et al./analysis/TPP_aptamer_search/genomes/BUSCO/Seminavis_robusta_version1.2/run_stramenopiles_odb10/hmmer_output/initial_run_results/6436at33634.out --cpu 1 /Users/aholzer/ownCloud/PhD/Publications/2021 Liavero-Pasquina et al./analysis/TPP_aptamer_search/busco_downloads/lineages/stramenopiles_odb10/hmms/6436at33634.hmm /Users/aholzer/ownCloud/PhD/Publications/2021 Liavero-Pasquina et al./analysis/TPP_aptamer_search/genomes/BUSCO/Seminavis_robusta_version1.2/run_stramenopiles_odb10/metaeuk_output/initial_results/Seminavis_robusta_genomeV1.fna.modified.fas 
# Current dir:     /Users/aholzer/ownCloud/PhD/Publications/2021 Liavero-Pasquina et al./analysis/TPP_aptamer_search
# Date:            Fri Apr 16 09:11:17 2021
# [ok]
