Tmp /Users/aholzer/ownCloud/PhD/Publications/2021 Liavero-Pasquina et al./analysis/TPP_aptamer_search/genomes/BUSCO_eukaryota_obd10/Thalassiosira_pseudonana_ASM14940v2/run_eukaryota_odb10/metaeuk_output/tmp folder does not exist or is not a directory.
Create dir /Users/aholzer/ownCloud/PhD/Publications/2021 Liavero-Pasquina et al./analysis/TPP_aptamer_search/genomes/BUSCO_eukaryota_obd10/Thalassiosira_pseudonana_ASM14940v2/run_eukaryota_odb10/metaeuk_output/tmp
easy-predict --threads 1 /Users/aholzer/ownCloud/PhD/Publications/2021 Liavero-Pasquina et al./analysis/TPP_aptamer_search/genomes/Thalassiosira_pseudonana_ASM14940v2/GCA_000149405.2_ASM14940v2_genomic.fna /Users/aholzer/ownCloud/PhD/Publications/2021 Liavero-Pasquina et al./analysis/TPP_aptamer_search/busco_downloads/lineages/eukaryota_odb10/refseq_db.faa /Users/aholzer/ownCloud/PhD/Publications/2021 Liavero-Pasquina et al./analysis/TPP_aptamer_search/genomes/BUSCO_eukaryota_obd10/Thalassiosira_pseudonana_ASM14940v2/run_eukaryota_odb10/metaeuk_output/initial_results/GCA_000149405.2_ASM14940v2_genomic.fna /Users/aholzer/ownCloud/PhD/Publications/2021 Liavero-Pasquina et al./analysis/TPP_aptamer_search/genomes/BUSCO_eukaryota_obd10/Thalassiosira_pseudonana_ASM14940v2/run_eukaryota_odb10/metaeuk_output/tmp --max-intron 130000 --max-seq-len 160000 --min-exon-aa 15 --max-overlap 15 --min-intron 5 --overlap 1 

MMseqs Version:                                             	4.a0f584d
Substitution matrix                                         	nucl:nucleotide.out,aa:blosum62.out
Add backtrace                                               	false
Alignment mode                                              	2
Allow wrapped scoring                                       	false
E-value threshold                                           	100
Seq. id. threshold                                          	0
Min alignment length                                        	0
Seq. id. mode                                               	0
Alternative alignments                                      	0
Coverage threshold                                          	0
Coverage mode                                               	0
Max sequence length                                         	160000
Compositional bias                                          	1
Max reject                                                  	2147483647
Max accept                                                  	2147483647
Include identical seq. id.                                  	false
Preload mode                                                	0
Pseudo count a                                              	1
Pseudo count b                                              	1.5
Score bias                                                  	0
Realign hits                                                	false
Realign score bias                                          	-0.2
Realign max seqs                                            	2147483647
Gap open cost                                               	nucl:5,aa:11
Gap extension cost                                          	nucl:2,aa:1
Zdrop                                                       	40
Threads                                                     	1
Compressed                                                  	0
Verbosity                                                   	3
Seed substitution matrix                                    	nucl:nucleotide.out,aa:VTML80.out
Sensitivity                                                 	4
k-mer length                                                	0
k-score                                                     	2147483647
Alphabet size                                               	nucl:5,aa:21
Max results per query                                       	300
Split database                                              	0
Split mode                                                  	2
Split memory limit                                          	0
Diagonal scoring                                            	true
Exact k-mer matching                                        	0
Mask residues                                               	1
Mask lower case residues                                    	0
Minimum diagonal score                                      	15
Spaced k-mers                                               	1
Spaced k-mer pattern                                        	
Local temporary path                                        	
Rescore mode                                                	0
Remove hits by seq. id. and coverage                        	false
Sort results                                                	0
Mask profile                                                	1
Profile E-value threshold                                   	0.001
Global sequence weighting                                   	false
Allow deletions                                             	false
Filter MSA                                                  	1
Maximum seq. id. threshold                                  	0.9
Minimum seq. id.                                            	0
Minimum score per column                                    	-20
Minimum coverage                                            	0
Select N most diverse seqs                                  	1000
Min codons in orf                                           	15
Max codons in length                                        	32734
Max orf gaps                                                	2147483647
Contig start mode                                           	2
Contig end mode                                             	2
Orf start mode                                              	1
Forward frames                                              	1,2,3
Reverse frames                                              	1,2,3
Translation table                                           	1
Translate orf                                               	0
Use all table starts                                        	false
Offset of numeric ids                                       	0
Create lookup                                               	0
Add orf stop                                                	false
Chain overlapping alignments                                	0
Merge query                                                 	1
Search type                                                 	0
Search iterations                                           	1
Start sensitivity                                           	4
Search steps                                                	1
Slice search mode                                           	false
Strand selection                                            	1
LCA search mode                                             	false
Disk space limit                                            	0
MPI runner                                                  	
Force restart with latest tmp                               	false
Remove temporary files                                      	false
maximal combined evalue of an optimal set                   	0.001
minimal length ratio between combined optimal set and target	0.5
Maximal intron length                                       	130000
Minimal intron length                                       	5
Minimal exon length aa                                      	15
Maximal overlap of exons                                    	15
Gap open penalty                                            	-1
Gap extend penalty                                          	-1
allow same-strand overlaps                                  	1
translate codons to AAs                                     	0
write target key instead of accession                       	0
Reverse AA Fragments                                        	0

createdb /Users/aholzer/ownCloud/PhD/Publications/2021 Liavero-Pasquina et al./analysis/TPP_aptamer_search/genomes/Thalassiosira_pseudonana_ASM14940v2/GCA_000149405.2_ASM14940v2_genomic.fna /Users/aholzer/ownCloud/PhD/Publications/2021 Liavero-Pasquina et al./analysis/TPP_aptamer_search/genomes/BUSCO_eukaryota_obd10/Thalassiosira_pseudonana_ASM14940v2/run_eukaryota_odb10/metaeuk_output/tmp/2864944522482459138/contigs --dbtype 2 --compressed 0 -v 3 

Converting sequences
[
Time for merging to contigs_h: 0h 0m 0s 16ms
Time for merging to contigs: 0h 0m 0s 95ms
Database type: Nucleotide
Time for processing: 0h 0m 0s 294ms
createdb /Users/aholzer/ownCloud/PhD/Publications/2021 Liavero-Pasquina et al./analysis/TPP_aptamer_search/busco_downloads/lineages/eukaryota_odb10/refseq_db.faa /Users/aholzer/ownCloud/PhD/Publications/2021 Liavero-Pasquina et al./analysis/TPP_aptamer_search/genomes/BUSCO_eukaryota_obd10/Thalassiosira_pseudonana_ASM14940v2/run_eukaryota_odb10/metaeuk_output/tmp/2864944522482459138/targets --dbtype 1 --compressed 0 -v 3 

Converting sequences
[==============================
Time for merging to targets_h: 0h 0m 0s 150ms
Time for merging to targets: 0h 0m 0s 518ms
Database type: Aminoacid
Time for processing: 0h 0m 2s 416ms
Tmp /Users/aholzer/ownCloud/PhD/Publications/2021 Liavero-Pasquina et al./analysis/TPP_aptamer_search/genomes/BUSCO_eukaryota_obd10/Thalassiosira_pseudonana_ASM14940v2/run_eukaryota_odb10/metaeuk_output/tmp/2864944522482459138/tmp_predict folder does not exist or is not a directory.
Create dir /Users/aholzer/ownCloud/PhD/Publications/2021 Liavero-Pasquina et al./analysis/TPP_aptamer_search/genomes/BUSCO_eukaryota_obd10/Thalassiosira_pseudonana_ASM14940v2/run_eukaryota_odb10/metaeuk_output/tmp/2864944522482459138/tmp_predict
predictexons /Users/aholzer/ownCloud/PhD/Publications/2021 Liavero-Pasquina et al./analysis/TPP_aptamer_search/genomes/BUSCO_eukaryota_obd10/Thalassiosira_pseudonana_ASM14940v2/run_eukaryota_odb10/metaeuk_output/tmp/2864944522482459138/contigs /Users/aholzer/ownCloud/PhD/Publications/2021 Liavero-Pasquina et al./analysis/TPP_aptamer_search/genomes/BUSCO_eukaryota_obd10/Thalassiosira_pseudonana_ASM14940v2/run_eukaryota_odb10/metaeuk_output/tmp/2864944522482459138/targets /Users/aholzer/ownCloud/PhD/Publications/2021 Liavero-Pasquina et al./analysis/TPP_aptamer_search/genomes/BUSCO_eukaryota_obd10/Thalassiosira_pseudonana_ASM14940v2/run_eukaryota_odb10/metaeuk_output/tmp/2864944522482459138/MetaEuk_calls /Users/aholzer/ownCloud/PhD/Publications/2021 Liavero-Pasquina et al./analysis/TPP_aptamer_search/genomes/BUSCO_eukaryota_obd10/Thalassiosira_pseudonana_ASM14940v2/run_eukaryota_odb10/metaeuk_output/tmp/2864944522482459138/tmp_predict --sub-mat nucl:nucleotide.out,aa:blosum62.out -a 0 --alignment-mode 2 --wrapped-scoring 0 -e 100 --min-seq-id 0 --min-aln-len 0 --seq-id-mode 0 --alt-ali 0 -c 0 --cov-mode 0 --max-seq-len 160000 --comp-bias-corr 1 --max-rejected 2147483647 --max-accept 2147483647 --add-self-matches 0 --db-load-mode 0 --pca 1 --pcb 1.5 --score-bias 0 --realign 0 --realign-score-bias -0.2 --realign-max-seqs 2147483647 --gap-open nucl:5,aa:11 --gap-extend nucl:2,aa:1 --zdrop 40 --threads 1 --compressed 0 -v 3 --seed-sub-mat nucl:nucleotide.out,aa:VTML80.out -s 4 -k 0 --k-score 2147483647 --alph-size nucl:5,aa:21 --max-seqs 300 --split 0 --split-mode 2 --split-memory-limit 0 --diag-score 1 --exact-kmer-matching 0 --mask 1 --mask-lower-case 0 --min-ungapped-score 15 --spaced-kmer-mode 1 --rescore-mode 0 --filter-hits 0 --sort-results 0 --mask-profile 1 --e-profile 0.001 --wg 0 --allow-deletion 0 --filter-msa 1 --max-seq-id 0.9 --qid 0 --qsc -20 --cov 0 --diff 1000 --min-length 15 --max-length 32734 --max-gaps 2147483647 --contig-start-mode 2 --contig-end-mode 2 --orf-start-mode 1 --forward-frames 1,2,3 --reverse-frames 1,2,3 --translation-table 1 --translate 0 --use-all-table-starts 0 --id-offset 0 --create-lookup 0 --add-orf-stop 0 --chain-alignments 0 --merge-query 1 --search-type 0 --num-iterations 1 --start-sens 4 --sens-steps 1 --slice-search 0 --strand 1 --orf-filter 0 --orf-filter-e 100 --orf-filter-s 2 --lca-search 0 --disk-space-limit 0 --force-reuse 0 --remove-tmp-files 0 --metaeuk-eval 0.001 --metaeuk-tcov 0.5 --max-intron 130000 --min-intron 5 --min-exon-aa 15 --max-overlap 15 --set-gap-open -1 --set-gap-extend -1 --reverse-fragments 0 

extractorfs /Users/aholzer/ownCloud/PhD/Publications/2021 Liavero-Pasquina et al./analysis/TPP_aptamer_search/genomes/BUSCO_eukaryota_obd10/Thalassiosira_pseudonana_ASM14940v2/run_eukaryota_odb10/metaeuk_output/tmp/2864944522482459138/contigs /Users/aholzer/ownCloud/PhD/Publications/2021 Liavero-Pasquina et al./analysis/TPP_aptamer_search/genomes/BUSCO_eukaryota_obd10/Thalassiosira_pseudonana_ASM14940v2/run_eukaryota_odb10/metaeuk_output/tmp/2864944522482459138/tmp_predict/14956874603721243020/nucl_6f --min-length 15 --max-length 32734 --max-gaps 2147483647 --contig-start-mode 2 --contig-end-mode 2 --orf-start-mode 1 --forward-frames 1,2,3 --reverse-frames 1,2,3 --translation-table 1 --translate 0 --use-all-table-starts 0 --id-offset 0 --create-lookup 0 --threads 1 --compressed 0 -v 3 

[=================================================================] 64 1s 904ms
Time for merging to nucl_6f_h: 0h 0m 0s 219ms
Time for merging to nucl_6f: 0h 0m 0s 247ms
Time for processing: 0h 0m 3s 306ms
translatenucs /Users/aholzer/ownCloud/PhD/Publications/2021 Liavero-Pasquina et al./analysis/TPP_aptamer_search/genomes/BUSCO_eukaryota_obd10/Thalassiosira_pseudonana_ASM14940v2/run_eukaryota_odb10/metaeuk_output/tmp/2864944522482459138/tmp_predict/14956874603721243020/nucl_6f /Users/aholzer/ownCloud/PhD/Publications/2021 Liavero-Pasquina et al./analysis/TPP_aptamer_search/genomes/BUSCO_eukaryota_obd10/Thalassiosira_pseudonana_ASM14940v2/run_eukaryota_odb10/metaeuk_output/tmp/2864944522482459138/tmp_predict/14956874603721243020/aa_6f --translation-table 1 --add-orf-stop 0 -v 3 --compressed 0 --threads 1 

[=================================================================] 1.20M 0s 988ms
Time for merging to aa_6f: 0h 0m 0s 286ms
Time for processing: 0h 0m 1s 569ms
Tmp /Users/aholzer/ownCloud/PhD/Publications/2021 Liavero-Pasquina et al./analysis/TPP_aptamer_search/genomes/BUSCO_eukaryota_obd10/Thalassiosira_pseudonana_ASM14940v2/run_eukaryota_odb10/metaeuk_output/tmp/2864944522482459138/tmp_predict/14956874603721243020/tmp_search folder does not exist or is not a directory.
Create dir /Users/aholzer/ownCloud/PhD/Publications/2021 Liavero-Pasquina et al./analysis/TPP_aptamer_search/genomes/BUSCO_eukaryota_obd10/Thalassiosira_pseudonana_ASM14940v2/run_eukaryota_odb10/metaeuk_output/tmp/2864944522482459138/tmp_predict/14956874603721243020/tmp_search
search /Users/aholzer/ownCloud/PhD/Publications/2021 Liavero-Pasquina et al./analysis/TPP_aptamer_search/genomes/BUSCO_eukaryota_obd10/Thalassiosira_pseudonana_ASM14940v2/run_eukaryota_odb10/metaeuk_output/tmp/2864944522482459138/tmp_predict/14956874603721243020/aa_6f /Users/aholzer/ownCloud/PhD/Publications/2021 Liavero-Pasquina et al./analysis/TPP_aptamer_search/genomes/BUSCO_eukaryota_obd10/Thalassiosira_pseudonana_ASM14940v2/run_eukaryota_odb10/metaeuk_output/tmp/2864944522482459138/targets /Users/aholzer/ownCloud/PhD/Publications/2021 Liavero-Pasquina et al./analysis/TPP_aptamer_search/genomes/BUSCO_eukaryota_obd10/Thalassiosira_pseudonana_ASM14940v2/run_eukaryota_odb10/metaeuk_output/tmp/2864944522482459138/tmp_predict/14956874603721243020/search_res /Users/aholzer/ownCloud/PhD/Publications/2021 Liavero-Pasquina et al./analysis/TPP_aptamer_search/genomes/BUSCO_eukaryota_obd10/Thalassiosira_pseudonana_ASM14940v2/run_eukaryota_odb10/metaeuk_output/tmp/2864944522482459138/tmp_predict/14956874603721243020/tmp_search --sub-mat nucl:nucleotide.out,aa:blosum62.out -a 0 --alignment-mode 2 --wrapped-scoring 0 -e 100 --min-seq-id 0 --min-aln-len 15 --seq-id-mode 0 --alt-ali 0 -c 0 --cov-mode 0 --max-seq-len 160000 --comp-bias-corr 1 --max-rejected 2147483647 --max-accept 2147483647 --add-self-matches 0 --db-load-mode 0 --pca 1 --pcb 1.5 --score-bias 0 --realign 0 --realign-score-bias -0.2 --realign-max-seqs 2147483647 --gap-open nucl:5,aa:11 --gap-extend nucl:2,aa:1 --zdrop 40 --threads 1 --compressed 0 -v 3 --seed-sub-mat nucl:nucleotide.out,aa:VTML80.out -s 4 -k 0 --k-score 2147483647 --alph-size nucl:5,aa:21 --max-seqs 300 --split 0 --split-mode 2 --split-memory-limit 0 --diag-score 1 --exact-kmer-matching 0 --mask 1 --mask-lower-case 0 --min-ungapped-score 15 --spaced-kmer-mode 1 --rescore-mode 0 --filter-hits 0 --sort-results 0 --mask-profile 1 --e-profile 0.001 --wg 0 --allow-deletion 0 --filter-msa 1 --max-seq-id 0.9 --qid 0 --qsc -20 --cov 0 --diff 1000 --min-length 15 --max-length 32734 --max-gaps 2147483647 --contig-start-mode 2 --contig-end-mode 2 --orf-start-mode 1 --forward-frames 1,2,3 --reverse-frames 1,2,3 --translation-table 1 --translate 0 --use-all-table-starts 0 --id-offset 0 --create-lookup 0 --add-orf-stop 0 --chain-alignments 0 --merge-query 1 --search-type 0 --num-iterations 1 --start-sens 4 --sens-steps 1 --slice-search 0 --strand 1 --orf-filter 0 --orf-filter-e 100 --orf-filter-s 2 --lca-search 0 --disk-space-limit 0 --force-reuse 0 --remove-tmp-files 0 

prefilter /Users/aholzer/ownCloud/PhD/Publications/2021 Liavero-Pasquina et al./analysis/TPP_aptamer_search/genomes/BUSCO_eukaryota_obd10/Thalassiosira_pseudonana_ASM14940v2/run_eukaryota_odb10/metaeuk_output/tmp/2864944522482459138/tmp_predict/14956874603721243020/aa_6f /Users/aholzer/ownCloud/PhD/Publications/2021 Liavero-Pasquina et al./analysis/TPP_aptamer_search/genomes/BUSCO_eukaryota_obd10/Thalassiosira_pseudonana_ASM14940v2/run_eukaryota_odb10/metaeuk_output/tmp/2864944522482459138/targets /Users/aholzer/ownCloud/PhD/Publications/2021 Liavero-Pasquina et al./analysis/TPP_aptamer_search/genomes/BUSCO_eukaryota_obd10/Thalassiosira_pseudonana_ASM14940v2/run_eukaryota_odb10/metaeuk_output/tmp/2864944522482459138/tmp_predict/14956874603721243020/tmp_search/9402118249418241583/pref_0 --sub-mat nucl:nucleotide.out,aa:blosum62.out --seed-sub-mat nucl:nucleotide.out,aa:VTML80.out -k 0 --k-score 2147483647 --alph-size nucl:5,aa:21 --max-seq-len 160000 --max-seqs 300 --split 0 --split-mode 2 --split-memory-limit 0 -c 0 --cov-mode 0 --comp-bias-corr 1 --diag-score 1 --exact-kmer-matching 0 --mask 1 --mask-lower-case 0 --min-ungapped-score 15 --add-self-matches 0 --spaced-kmer-mode 1 --db-load-mode 0 --pca 1 --pcb 1.5 --threads 1 --compressed 0 -v 3 -s 4.0 

Query database size: 1197390 type: Aminoacid
Estimated memory consumption: 1G
Target database size: 302957 type: Aminoacid
Index table k-mer threshold: 127 at k-mer size 6 
Index table: counting k-mers
[=================================================================] 302.96K 40s 619ms
Index table: Masked residues: 2249115
Index table: fill
[=================================================================] 302.96K 32s 400ms
Index statistics
Entries:          145543148
DB size:          1321 MB
Avg k-mer size:   2.274112
Top 10 k-mers
    GSDTLW	1615
    ASDTLW	1346
    SGATSL	1194
    FTGTNN	1191
    GGQRRS	1182
    TSSEYV	1171
    CTALSY	1157
    EQIRAT	1133
    LREGLY	1129
    FEDPAM	1111
Time for index table init: 0h 1m 14s 665ms
Process prefiltering step 1 of 1

k-mer similarity threshold: 127
Starting prefiltering scores calculation (step 1 of 1)
Query db start 1 to 1197390
Target db start 1 to 302957
[=================================================================] 1.20M 4m 32s 723ms

54.229316 k-mers per position
3059 DB matches per sequence
0 overflows
0 queries produce too many hits (truncated result)
15 sequences passed prefiltering per query sequence
6 median result list length
176397 sequences with 0 size result lists
Time for merging to pref_0: 0h 0m 0s 267ms
Time for processing: 0h 5m 51s 181ms
align /Users/aholzer/ownCloud/PhD/Publications/2021 Liavero-Pasquina et al./analysis/TPP_aptamer_search/genomes/BUSCO_eukaryota_obd10/Thalassiosira_pseudonana_ASM14940v2/run_eukaryota_odb10/metaeuk_output/tmp/2864944522482459138/tmp_predict/14956874603721243020/aa_6f /Users/aholzer/ownCloud/PhD/Publications/2021 Liavero-Pasquina et al./analysis/TPP_aptamer_search/genomes/BUSCO_eukaryota_obd10/Thalassiosira_pseudonana_ASM14940v2/run_eukaryota_odb10/metaeuk_output/tmp/2864944522482459138/targets /Users/aholzer/ownCloud/PhD/Publications/2021 Liavero-Pasquina et al./analysis/TPP_aptamer_search/genomes/BUSCO_eukaryota_obd10/Thalassiosira_pseudonana_ASM14940v2/run_eukaryota_odb10/metaeuk_output/tmp/2864944522482459138/tmp_predict/14956874603721243020/tmp_search/9402118249418241583/pref_0 /Users/aholzer/ownCloud/PhD/Publications/2021 Liavero-Pasquina et al./analysis/TPP_aptamer_search/genomes/BUSCO_eukaryota_obd10/Thalassiosira_pseudonana_ASM14940v2/run_eukaryota_odb10/metaeuk_output/tmp/2864944522482459138/tmp_predict/14956874603721243020/search_res --sub-mat nucl:nucleotide.out,aa:blosum62.out -a 0 --alignment-mode 2 --wrapped-scoring 0 -e 100 --min-seq-id 0 --min-aln-len 15 --seq-id-mode 0 --alt-ali 0 -c 0 --cov-mode 0 --max-seq-len 160000 --comp-bias-corr 1 --max-rejected 2147483647 --max-accept 2147483647 --add-self-matches 0 --db-load-mode 0 --pca 1 --pcb 1.5 --score-bias 0 --realign 0 --realign-score-bias -0.2 --realign-max-seqs 2147483647 --gap-open nucl:5,aa:11 --gap-extend nucl:2,aa:1 --zdrop 40 --threads 1 --compressed 0 -v 3 

Compute score and coverage
Query database size: 1197390 type: Aminoacid
Target database size: 302957 type: Aminoacid
Calculation of alignments
[=================================================================] 1.20M 7m 36s 18ms
Time for merging to search_res: 0h 0m 0s 245ms
18910292 alignments calculated
651252 sequence pairs passed the thresholds (0.034439 of overall calculated)
0.543893 hits per query sequence
Time for processing: 0h 7m 36s 616ms
resultspercontig /Users/aholzer/ownCloud/PhD/Publications/2021 Liavero-Pasquina et al./analysis/TPP_aptamer_search/genomes/BUSCO_eukaryota_obd10/Thalassiosira_pseudonana_ASM14940v2/run_eukaryota_odb10/metaeuk_output/tmp/2864944522482459138/contigs /Users/aholzer/ownCloud/PhD/Publications/2021 Liavero-Pasquina et al./analysis/TPP_aptamer_search/genomes/BUSCO_eukaryota_obd10/Thalassiosira_pseudonana_ASM14940v2/run_eukaryota_odb10/metaeuk_output/tmp/2864944522482459138/tmp_predict/14956874603721243020/nucl_6f /Users/aholzer/ownCloud/PhD/Publications/2021 Liavero-Pasquina et al./analysis/TPP_aptamer_search/genomes/BUSCO_eukaryota_obd10/Thalassiosira_pseudonana_ASM14940v2/run_eukaryota_odb10/metaeuk_output/tmp/2864944522482459138/tmp_predict/14956874603721243020/search_res /Users/aholzer/ownCloud/PhD/Publications/2021 Liavero-Pasquina et al./analysis/TPP_aptamer_search/genomes/BUSCO_eukaryota_obd10/Thalassiosira_pseudonana_ASM14940v2/run_eukaryota_odb10/metaeuk_output/tmp/2864944522482459138/tmp_predict/14956874603721243020/search_res_by_contig --threads 1 --compressed 0 -v 3 

Computing ORF lookup
Computing contig offsets
Computing contig lookup
Time for contig lookup: 0h 0m 0s 133ms
[=================================================================] 64 1s 101ms
Time for merging to search_res_by_contig: 0h 0m 0s 6ms
Time for processing: 0h 0m 1s 411ms
collectoptimalset /Users/aholzer/ownCloud/PhD/Publications/2021 Liavero-Pasquina et al./analysis/TPP_aptamer_search/genomes/BUSCO_eukaryota_obd10/Thalassiosira_pseudonana_ASM14940v2/run_eukaryota_odb10/metaeuk_output/tmp/2864944522482459138/tmp_predict/14956874603721243020/search_res_by_contig /Users/aholzer/ownCloud/PhD/Publications/2021 Liavero-Pasquina et al./analysis/TPP_aptamer_search/genomes/BUSCO_eukaryota_obd10/Thalassiosira_pseudonana_ASM14940v2/run_eukaryota_odb10/metaeuk_output/tmp/2864944522482459138/targets /Users/aholzer/ownCloud/PhD/Publications/2021 Liavero-Pasquina et al./analysis/TPP_aptamer_search/genomes/BUSCO_eukaryota_obd10/Thalassiosira_pseudonana_ASM14940v2/run_eukaryota_odb10/metaeuk_output/tmp/2864944522482459138/tmp_predict/14956874603721243020/dp_predictions --metaeuk-eval 0.001 --metaeuk-tcov 0.5 --max-intron 130000 --min-intron 5 --min-exon-aa 15 --max-overlap 15 --set-gap-open -1 --set-gap-extend -1 --score-bias 0 --threads 1 --compressed 0 -v 3 

[=================================================================] 64 0s 470ms
Time for merging to dp_predictions: 0h 0m 0s 1ms
Time for processing: 0h 0m 0s 509ms
mvdb /Users/aholzer/ownCloud/PhD/Publications/2021 Liavero-Pasquina et al./analysis/TPP_aptamer_search/genomes/BUSCO_eukaryota_obd10/Thalassiosira_pseudonana_ASM14940v2/run_eukaryota_odb10/metaeuk_output/tmp/2864944522482459138/tmp_predict/14956874603721243020/dp_predictions /Users/aholzer/ownCloud/PhD/Publications/2021 Liavero-Pasquina et al./analysis/TPP_aptamer_search/genomes/BUSCO_eukaryota_obd10/Thalassiosira_pseudonana_ASM14940v2/run_eukaryota_odb10/metaeuk_output/tmp/2864944522482459138/MetaEuk_calls 

Time for processing: 0h 0m 0s 3ms
reduceredundancy /Users/aholzer/ownCloud/PhD/Publications/2021 Liavero-Pasquina et al./analysis/TPP_aptamer_search/genomes/BUSCO_eukaryota_obd10/Thalassiosira_pseudonana_ASM14940v2/run_eukaryota_odb10/metaeuk_output/tmp/2864944522482459138/MetaEuk_calls /Users/aholzer/ownCloud/PhD/Publications/2021 Liavero-Pasquina et al./analysis/TPP_aptamer_search/genomes/BUSCO_eukaryota_obd10/Thalassiosira_pseudonana_ASM14940v2/run_eukaryota_odb10/metaeuk_output/tmp/2864944522482459138/MetaEuk_preds /Users/aholzer/ownCloud/PhD/Publications/2021 Liavero-Pasquina et al./analysis/TPP_aptamer_search/genomes/BUSCO_eukaryota_obd10/Thalassiosira_pseudonana_ASM14940v2/run_eukaryota_odb10/metaeuk_output/tmp/2864944522482459138/MetaEuk_preds_clust --overlap 1 --threads 1 --compressed 0 -v 3 

[=================================================================] 64 0s 87ms
Time for merging to MetaEuk_preds_clust: 0h 0m 0s 1ms
Time for merging to MetaEuk_preds: 0h 0m 0s 0ms
Time for processing: 0h 0m 0s 97ms
unitesetstofasta /Users/aholzer/ownCloud/PhD/Publications/2021 Liavero-Pasquina et al./analysis/TPP_aptamer_search/genomes/BUSCO_eukaryota_obd10/Thalassiosira_pseudonana_ASM14940v2/run_eukaryota_odb10/metaeuk_output/tmp/2864944522482459138/contigs /Users/aholzer/ownCloud/PhD/Publications/2021 Liavero-Pasquina et al./analysis/TPP_aptamer_search/genomes/BUSCO_eukaryota_obd10/Thalassiosira_pseudonana_ASM14940v2/run_eukaryota_odb10/metaeuk_output/tmp/2864944522482459138/targets /Users/aholzer/ownCloud/PhD/Publications/2021 Liavero-Pasquina et al./analysis/TPP_aptamer_search/genomes/BUSCO_eukaryota_obd10/Thalassiosira_pseudonana_ASM14940v2/run_eukaryota_odb10/metaeuk_output/tmp/2864944522482459138/MetaEuk_preds /Users/aholzer/ownCloud/PhD/Publications/2021 Liavero-Pasquina et al./analysis/TPP_aptamer_search/genomes/BUSCO_eukaryota_obd10/Thalassiosira_pseudonana_ASM14940v2/run_eukaryota_odb10/metaeuk_output/initial_results/GCA_000149405.2_ASM14940v2_genomic.fna --protein 0 --translation-table 1 --target-key 0 --threads 1 --compressed 0 -v 3 

[=================================================================] 64 0s 16ms
Time for merging to GCA_000149405.2_ASM14940v2_genomic.fna.fas: 0h 0m 0s 1ms
Time for merging to GCA_000149405.2_ASM14940v2_genomic.fna.codon.fas: 0h 0m 0s 0ms
Time for merging to GCA_000149405.2_ASM14940v2_genomic.fna.headersMap.tsv: 0h 0m 0s 1ms
Time for processing: 0h 0m 0s 49ms
easy-predict --threads 1 /Users/aholzer/ownCloud/PhD/Publications/2021 Liavero-Pasquina et al./analysis/TPP_aptamer_search/genomes/Thalassiosira_pseudonana_ASM14940v2/GCA_000149405.2_ASM14940v2_genomic.fna /Users/aholzer/ownCloud/PhD/Publications/2021 Liavero-Pasquina et al./analysis/TPP_aptamer_search/genomes/BUSCO_eukaryota_obd10/Thalassiosira_pseudonana_ASM14940v2/run_eukaryota_odb10/metaeuk_output/refseq_db_rerun.faa /Users/aholzer/ownCloud/PhD/Publications/2021 Liavero-Pasquina et al./analysis/TPP_aptamer_search/genomes/BUSCO_eukaryota_obd10/Thalassiosira_pseudonana_ASM14940v2/run_eukaryota_odb10/metaeuk_output/rerun_results/GCA_000149405.2_ASM14940v2_genomic.fna /Users/aholzer/ownCloud/PhD/Publications/2021 Liavero-Pasquina et al./analysis/TPP_aptamer_search/genomes/BUSCO_eukaryota_obd10/Thalassiosira_pseudonana_ASM14940v2/run_eukaryota_odb10/metaeuk_output/tmp --max-intron 130000 --max-seq-len 160000 --min-exon-aa 5 --max-overlap 5 --min-intron 1 --overlap 1 -s 6 

MMseqs Version:                                             	4.a0f584d
Substitution matrix                                         	nucl:nucleotide.out,aa:blosum62.out
Add backtrace                                               	false
Alignment mode                                              	2
Allow wrapped scoring                                       	false
E-value threshold                                           	100
Seq. id. threshold                                          	0
Min alignment length                                        	0
Seq. id. mode                                               	0
Alternative alignments                                      	0
Coverage threshold                                          	0
Coverage mode                                               	0
Max sequence length                                         	160000
Compositional bias                                          	1
Max reject                                                  	2147483647
Max accept                                                  	2147483647
Include identical seq. id.                                  	false
Preload mode                                                	0
Pseudo count a                                              	1
Pseudo count b                                              	1.5
Score bias                                                  	0
Realign hits                                                	false
Realign score bias                                          	-0.2
Realign max seqs                                            	2147483647
Gap open cost                                               	nucl:5,aa:11
Gap extension cost                                          	nucl:2,aa:1
Zdrop                                                       	40
Threads                                                     	1
Compressed                                                  	0
Verbosity                                                   	3
Seed substitution matrix                                    	nucl:nucleotide.out,aa:VTML80.out
Sensitivity                                                 	6
k-mer length                                                	0
k-score                                                     	2147483647
Alphabet size                                               	nucl:5,aa:21
Max results per query                                       	300
Split database                                              	0
Split mode                                                  	2
Split memory limit                                          	0
Diagonal scoring                                            	true
Exact k-mer matching                                        	0
Mask residues                                               	1
Mask lower case residues                                    	0
Minimum diagonal score                                      	15
Spaced k-mers                                               	1
Spaced k-mer pattern                                        	
Local temporary path                                        	
Rescore mode                                                	0
Remove hits by seq. id. and coverage                        	false
Sort results                                                	0
Mask profile                                                	1
Profile E-value threshold                                   	0.001
Global sequence weighting                                   	false
Allow deletions                                             	false
Filter MSA                                                  	1
Maximum seq. id. threshold                                  	0.9
Minimum seq. id.                                            	0
Minimum score per column                                    	-20
Minimum coverage                                            	0
Select N most diverse seqs                                  	1000
Min codons in orf                                           	15
Max codons in length                                        	32734
Max orf gaps                                                	2147483647
Contig start mode                                           	2
Contig end mode                                             	2
Orf start mode                                              	1
Forward frames                                              	1,2,3
Reverse frames                                              	1,2,3
Translation table                                           	1
Translate orf                                               	0
Use all table starts                                        	false
Offset of numeric ids                                       	0
Create lookup                                               	0
Add orf stop                                                	false
Chain overlapping alignments                                	0
Merge query                                                 	1
Search type                                                 	0
Search iterations                                           	1
Start sensitivity                                           	4
Search steps                                                	1
Slice search mode                                           	false
Strand selection                                            	1
LCA search mode                                             	false
Disk space limit                                            	0
MPI runner                                                  	
Force restart with latest tmp                               	false
Remove temporary files                                      	false
maximal combined evalue of an optimal set                   	0.001
minimal length ratio between combined optimal set and target	0.5
Maximal intron length                                       	130000
Minimal intron length                                       	1
Minimal exon length aa                                      	5
Maximal overlap of exons                                    	5
Gap open penalty                                            	-1
Gap extend penalty                                          	-1
allow same-strand overlaps                                  	1
translate codons to AAs                                     	0
write target key instead of accession                       	0
Reverse AA Fragments                                        	0

createdb /Users/aholzer/ownCloud/PhD/Publications/2021 Liavero-Pasquina et al./analysis/TPP_aptamer_search/genomes/Thalassiosira_pseudonana_ASM14940v2/GCA_000149405.2_ASM14940v2_genomic.fna /Users/aholzer/ownCloud/PhD/Publications/2021 Liavero-Pasquina et al./analysis/TPP_aptamer_search/genomes/BUSCO_eukaryota_obd10/Thalassiosira_pseudonana_ASM14940v2/run_eukaryota_odb10/metaeuk_output/tmp/426189919084086467/contigs --dbtype 2 --compressed 0 -v 3 

Converting sequences
[
Time for merging to contigs_h: 0h 0m 0s 20ms
Time for merging to contigs: 0h 0m 0s 83ms
Database type: Nucleotide
Time for processing: 0h 0m 0s 299ms
createdb /Users/aholzer/ownCloud/PhD/Publications/2021 Liavero-Pasquina et al./analysis/TPP_aptamer_search/genomes/BUSCO_eukaryota_obd10/Thalassiosira_pseudonana_ASM14940v2/run_eukaryota_odb10/metaeuk_output/refseq_db_rerun.faa /Users/aholzer/ownCloud/PhD/Publications/2021 Liavero-Pasquina et al./analysis/TPP_aptamer_search/genomes/BUSCO_eukaryota_obd10/Thalassiosira_pseudonana_ASM14940v2/run_eukaryota_odb10/metaeuk_output/tmp/426189919084086467/targets --dbtype 1 --compressed 0 -v 3 

Converting sequences
[=======
Time for merging to targets_h: 0h 0m 0s 39ms
Time for merging to targets: 0h 0m 0s 152ms
Database type: Aminoacid
Time for processing: 0h 0m 0s 656ms
Tmp /Users/aholzer/ownCloud/PhD/Publications/2021 Liavero-Pasquina et al./analysis/TPP_aptamer_search/genomes/BUSCO_eukaryota_obd10/Thalassiosira_pseudonana_ASM14940v2/run_eukaryota_odb10/metaeuk_output/tmp/426189919084086467/tmp_predict folder does not exist or is not a directory.
Create dir /Users/aholzer/ownCloud/PhD/Publications/2021 Liavero-Pasquina et al./analysis/TPP_aptamer_search/genomes/BUSCO_eukaryota_obd10/Thalassiosira_pseudonana_ASM14940v2/run_eukaryota_odb10/metaeuk_output/tmp/426189919084086467/tmp_predict
predictexons /Users/aholzer/ownCloud/PhD/Publications/2021 Liavero-Pasquina et al./analysis/TPP_aptamer_search/genomes/BUSCO_eukaryota_obd10/Thalassiosira_pseudonana_ASM14940v2/run_eukaryota_odb10/metaeuk_output/tmp/426189919084086467/contigs /Users/aholzer/ownCloud/PhD/Publications/2021 Liavero-Pasquina et al./analysis/TPP_aptamer_search/genomes/BUSCO_eukaryota_obd10/Thalassiosira_pseudonana_ASM14940v2/run_eukaryota_odb10/metaeuk_output/tmp/426189919084086467/targets /Users/aholzer/ownCloud/PhD/Publications/2021 Liavero-Pasquina et al./analysis/TPP_aptamer_search/genomes/BUSCO_eukaryota_obd10/Thalassiosira_pseudonana_ASM14940v2/run_eukaryota_odb10/metaeuk_output/tmp/426189919084086467/MetaEuk_calls /Users/aholzer/ownCloud/PhD/Publications/2021 Liavero-Pasquina et al./analysis/TPP_aptamer_search/genomes/BUSCO_eukaryota_obd10/Thalassiosira_pseudonana_ASM14940v2/run_eukaryota_odb10/metaeuk_output/tmp/426189919084086467/tmp_predict --sub-mat nucl:nucleotide.out,aa:blosum62.out -a 0 --alignment-mode 2 --wrapped-scoring 0 -e 100 --min-seq-id 0 --min-aln-len 0 --seq-id-mode 0 --alt-ali 0 -c 0 --cov-mode 0 --max-seq-len 160000 --comp-bias-corr 1 --max-rejected 2147483647 --max-accept 2147483647 --add-self-matches 0 --db-load-mode 0 --pca 1 --pcb 1.5 --score-bias 0 --realign 0 --realign-score-bias -0.2 --realign-max-seqs 2147483647 --gap-open nucl:5,aa:11 --gap-extend nucl:2,aa:1 --zdrop 40 --threads 1 --compressed 0 -v 3 --seed-sub-mat nucl:nucleotide.out,aa:VTML80.out -s 6 -k 0 --k-score 2147483647 --alph-size nucl:5,aa:21 --max-seqs 300 --split 0 --split-mode 2 --split-memory-limit 0 --diag-score 1 --exact-kmer-matching 0 --mask 1 --mask-lower-case 0 --min-ungapped-score 15 --spaced-kmer-mode 1 --rescore-mode 0 --filter-hits 0 --sort-results 0 --mask-profile 1 --e-profile 0.001 --wg 0 --allow-deletion 0 --filter-msa 1 --max-seq-id 0.9 --qid 0 --qsc -20 --cov 0 --diff 1000 --min-length 15 --max-length 32734 --max-gaps 2147483647 --contig-start-mode 2 --contig-end-mode 2 --orf-start-mode 1 --forward-frames 1,2,3 --reverse-frames 1,2,3 --translation-table 1 --translate 0 --use-all-table-starts 0 --id-offset 0 --create-lookup 0 --add-orf-stop 0 --chain-alignments 0 --merge-query 1 --search-type 0 --num-iterations 1 --start-sens 4 --sens-steps 1 --slice-search 0 --strand 1 --orf-filter 0 --orf-filter-e 100 --orf-filter-s 2 --lca-search 0 --disk-space-limit 0 --force-reuse 0 --remove-tmp-files 0 --metaeuk-eval 0.001 --metaeuk-tcov 0.5 --max-intron 130000 --min-intron 1 --min-exon-aa 5 --max-overlap 5 --set-gap-open -1 --set-gap-extend -1 --reverse-fragments 0 

extractorfs /Users/aholzer/ownCloud/PhD/Publications/2021 Liavero-Pasquina et al./analysis/TPP_aptamer_search/genomes/BUSCO_eukaryota_obd10/Thalassiosira_pseudonana_ASM14940v2/run_eukaryota_odb10/metaeuk_output/tmp/426189919084086467/contigs /Users/aholzer/ownCloud/PhD/Publications/2021 Liavero-Pasquina et al./analysis/TPP_aptamer_search/genomes/BUSCO_eukaryota_obd10/Thalassiosira_pseudonana_ASM14940v2/run_eukaryota_odb10/metaeuk_output/tmp/426189919084086467/tmp_predict/6418993221114161000/nucl_6f --min-length 15 --max-length 32734 --max-gaps 2147483647 --contig-start-mode 2 --contig-end-mode 2 --orf-start-mode 1 --forward-frames 1,2,3 --reverse-frames 1,2,3 --translation-table 1 --translate 0 --use-all-table-starts 0 --id-offset 0 --create-lookup 0 --threads 1 --compressed 0 -v 3 

[=================================================================] 64 1s 752ms
Time for merging to nucl_6f_h: 0h 0m 0s 213ms
Time for merging to nucl_6f: 0h 0m 0s 230ms
Time for processing: 0h 0m 2s 936ms
translatenucs /Users/aholzer/ownCloud/PhD/Publications/2021 Liavero-Pasquina et al./analysis/TPP_aptamer_search/genomes/BUSCO_eukaryota_obd10/Thalassiosira_pseudonana_ASM14940v2/run_eukaryota_odb10/metaeuk_output/tmp/426189919084086467/tmp_predict/6418993221114161000/nucl_6f /Users/aholzer/ownCloud/PhD/Publications/2021 Liavero-Pasquina et al./analysis/TPP_aptamer_search/genomes/BUSCO_eukaryota_obd10/Thalassiosira_pseudonana_ASM14940v2/run_eukaryota_odb10/metaeuk_output/tmp/426189919084086467/tmp_predict/6418993221114161000/aa_6f --translation-table 1 --add-orf-stop 0 -v 3 --compressed 0 --threads 1 

[=================================================================] 1.20M 0s 808ms
Time for merging to aa_6f: 0h 0m 0s 253ms
Time for processing: 0h 0m 1s 275ms
Tmp /Users/aholzer/ownCloud/PhD/Publications/2021 Liavero-Pasquina et al./analysis/TPP_aptamer_search/genomes/BUSCO_eukaryota_obd10/Thalassiosira_pseudonana_ASM14940v2/run_eukaryota_odb10/metaeuk_output/tmp/426189919084086467/tmp_predict/6418993221114161000/tmp_search folder does not exist or is not a directory.
Create dir /Users/aholzer/ownCloud/PhD/Publications/2021 Liavero-Pasquina et al./analysis/TPP_aptamer_search/genomes/BUSCO_eukaryota_obd10/Thalassiosira_pseudonana_ASM14940v2/run_eukaryota_odb10/metaeuk_output/tmp/426189919084086467/tmp_predict/6418993221114161000/tmp_search
search /Users/aholzer/ownCloud/PhD/Publications/2021 Liavero-Pasquina et al./analysis/TPP_aptamer_search/genomes/BUSCO_eukaryota_obd10/Thalassiosira_pseudonana_ASM14940v2/run_eukaryota_odb10/metaeuk_output/tmp/426189919084086467/tmp_predict/6418993221114161000/aa_6f /Users/aholzer/ownCloud/PhD/Publications/2021 Liavero-Pasquina et al./analysis/TPP_aptamer_search/genomes/BUSCO_eukaryota_obd10/Thalassiosira_pseudonana_ASM14940v2/run_eukaryota_odb10/metaeuk_output/tmp/426189919084086467/targets /Users/aholzer/ownCloud/PhD/Publications/2021 Liavero-Pasquina et al./analysis/TPP_aptamer_search/genomes/BUSCO_eukaryota_obd10/Thalassiosira_pseudonana_ASM14940v2/run_eukaryota_odb10/metaeuk_output/tmp/426189919084086467/tmp_predict/6418993221114161000/search_res /Users/aholzer/ownCloud/PhD/Publications/2021 Liavero-Pasquina et al./analysis/TPP_aptamer_search/genomes/BUSCO_eukaryota_obd10/Thalassiosira_pseudonana_ASM14940v2/run_eukaryota_odb10/metaeuk_output/tmp/426189919084086467/tmp_predict/6418993221114161000/tmp_search --sub-mat nucl:nucleotide.out,aa:blosum62.out -a 0 --alignment-mode 2 --wrapped-scoring 0 -e 100 --min-seq-id 0 --min-aln-len 5 --seq-id-mode 0 --alt-ali 0 -c 0 --cov-mode 0 --max-seq-len 160000 --comp-bias-corr 1 --max-rejected 2147483647 --max-accept 2147483647 --add-self-matches 0 --db-load-mode 0 --pca 1 --pcb 1.5 --score-bias 0 --realign 0 --realign-score-bias -0.2 --realign-max-seqs 2147483647 --gap-open nucl:5,aa:11 --gap-extend nucl:2,aa:1 --zdrop 40 --threads 1 --compressed 0 -v 3 --seed-sub-mat nucl:nucleotide.out,aa:VTML80.out -s 6 -k 0 --k-score 2147483647 --alph-size nucl:5,aa:21 --max-seqs 300 --split 0 --split-mode 2 --split-memory-limit 0 --diag-score 1 --exact-kmer-matching 0 --mask 1 --mask-lower-case 0 --min-ungapped-score 15 --spaced-kmer-mode 1 --rescore-mode 0 --filter-hits 0 --sort-results 0 --mask-profile 1 --e-profile 0.001 --wg 0 --allow-deletion 0 --filter-msa 1 --max-seq-id 0.9 --qid 0 --qsc -20 --cov 0 --diff 1000 --min-length 15 --max-length 32734 --max-gaps 2147483647 --contig-start-mode 2 --contig-end-mode 2 --orf-start-mode 1 --forward-frames 1,2,3 --reverse-frames 1,2,3 --translation-table 1 --translate 0 --use-all-table-starts 0 --id-offset 0 --create-lookup 0 --add-orf-stop 0 --chain-alignments 0 --merge-query 1 --search-type 0 --num-iterations 1 --start-sens 4 --sens-steps 1 --slice-search 0 --strand 1 --orf-filter 0 --orf-filter-e 100 --orf-filter-s 2 --lca-search 0 --disk-space-limit 0 --force-reuse 0 --remove-tmp-files 0 

prefilter /Users/aholzer/ownCloud/PhD/Publications/2021 Liavero-Pasquina et al./analysis/TPP_aptamer_search/genomes/BUSCO_eukaryota_obd10/Thalassiosira_pseudonana_ASM14940v2/run_eukaryota_odb10/metaeuk_output/tmp/426189919084086467/tmp_predict/6418993221114161000/aa_6f /Users/aholzer/ownCloud/PhD/Publications/2021 Liavero-Pasquina et al./analysis/TPP_aptamer_search/genomes/BUSCO_eukaryota_obd10/Thalassiosira_pseudonana_ASM14940v2/run_eukaryota_odb10/metaeuk_output/tmp/426189919084086467/targets /Users/aholzer/ownCloud/PhD/Publications/2021 Liavero-Pasquina et al./analysis/TPP_aptamer_search/genomes/BUSCO_eukaryota_obd10/Thalassiosira_pseudonana_ASM14940v2/run_eukaryota_odb10/metaeuk_output/tmp/426189919084086467/tmp_predict/6418993221114161000/tmp_search/17743401170483187538/pref_0 --sub-mat nucl:nucleotide.out,aa:blosum62.out --seed-sub-mat nucl:nucleotide.out,aa:VTML80.out -k 0 --k-score 2147483647 --alph-size nucl:5,aa:21 --max-seq-len 160000 --max-seqs 300 --split 0 --split-mode 2 --split-memory-limit 0 -c 0 --cov-mode 0 --comp-bias-corr 1 --diag-score 1 --exact-kmer-matching 0 --mask 1 --mask-lower-case 0 --min-ungapped-score 15 --add-self-matches 0 --spaced-kmer-mode 1 --db-load-mode 0 --pca 1 --pcb 1.5 --threads 1 --compressed 0 -v 3 -s 6.0 

Query database size: 1197390 type: Aminoacid
Estimated memory consumption: 1G
Target database size: 79984 type: Aminoacid
Index table k-mer threshold: 109 at k-mer size 6 
Index table: counting k-mers
[=================================================================] 79.98K 11s 521ms
Index table: Masked residues: 509921
Index table: fill
[=================================================================] 79.98K 8s 482ms
Index statistics
Entries:          42796033
DB size:          733 MB
Avg k-mer size:   0.668688
Top 10 k-mers
    PDSPVI	1074
    TPFMNV	1041
    GGVHGN	938
    EDSVGW	922
    WKNVDS	871
    AGYDAV	839
    ASDTVW	828
    LPPFPY	789
    VPERHV	761
    ASDTIW	746
Time for index table init: 0h 0m 21s 18ms
Process prefiltering step 1 of 1

k-mer similarity threshold: 109
Starting prefiltering scores calculation (step 1 of 1)
Query db start 1 to 1197390
Target db start 1 to 79984
[=================================================================] 1.20M 15m 4s 158ms

348.691759 k-mers per position
7471 DB matches per sequence
0 overflows
0 queries produce too many hits (truncated result)
49 sequences passed prefiltering per query sequence
23 median result list length
71506 sequences with 0 size result lists
Time for merging to pref_0: 0h 0m 0s 295ms
Time for processing: 0h 15m 28s 901ms
align /Users/aholzer/ownCloud/PhD/Publications/2021 Liavero-Pasquina et al./analysis/TPP_aptamer_search/genomes/BUSCO_eukaryota_obd10/Thalassiosira_pseudonana_ASM14940v2/run_eukaryota_odb10/metaeuk_output/tmp/426189919084086467/tmp_predict/6418993221114161000/aa_6f /Users/aholzer/ownCloud/PhD/Publications/2021 Liavero-Pasquina et al./analysis/TPP_aptamer_search/genomes/BUSCO_eukaryota_obd10/Thalassiosira_pseudonana_ASM14940v2/run_eukaryota_odb10/metaeuk_output/tmp/426189919084086467/targets /Users/aholzer/ownCloud/PhD/Publications/2021 Liavero-Pasquina et al./analysis/TPP_aptamer_search/genomes/BUSCO_eukaryota_obd10/Thalassiosira_pseudonana_ASM14940v2/run_eukaryota_odb10/metaeuk_output/tmp/426189919084086467/tmp_predict/6418993221114161000/tmp_search/17743401170483187538/pref_0 /Users/aholzer/ownCloud/PhD/Publications/2021 Liavero-Pasquina et al./analysis/TPP_aptamer_search/genomes/BUSCO_eukaryota_obd10/Thalassiosira_pseudonana_ASM14940v2/run_eukaryota_odb10/metaeuk_output/tmp/426189919084086467/tmp_predict/6418993221114161000/search_res --sub-mat nucl:nucleotide.out,aa:blosum62.out -a 0 --alignment-mode 2 --wrapped-scoring 0 -e 100 --min-seq-id 0 --min-aln-len 5 --seq-id-mode 0 --alt-ali 0 -c 0 --cov-mode 0 --max-seq-len 160000 --comp-bias-corr 1 --max-rejected 2147483647 --max-accept 2147483647 --add-self-matches 0 --db-load-mode 0 --pca 1 --pcb 1.5 --score-bias 0 --realign 0 --realign-score-bias -0.2 --realign-max-seqs 2147483647 --gap-open nucl:5,aa:11 --gap-extend nucl:2,aa:1 --zdrop 40 --threads 1 --compressed 0 -v 3 

Compute score and coverage
Query database size: 1197390 type: Aminoacid
Target database size: 79984 type: Aminoacid
Calculation of alignments
[=================================================================] 1.20M 20m 59s 646ms
Time for merging to search_res: 0h 0m 0s 264ms
59760277 alignments calculated
3996393 sequence pairs passed the thresholds (0.066874 of overall calculated)
3.337587 hits per query sequence
Time for processing: 0h 21m 0s 241ms
resultspercontig /Users/aholzer/ownCloud/PhD/Publications/2021 Liavero-Pasquina et al./analysis/TPP_aptamer_search/genomes/BUSCO_eukaryota_obd10/Thalassiosira_pseudonana_ASM14940v2/run_eukaryota_odb10/metaeuk_output/tmp/426189919084086467/contigs /Users/aholzer/ownCloud/PhD/Publications/2021 Liavero-Pasquina et al./analysis/TPP_aptamer_search/genomes/BUSCO_eukaryota_obd10/Thalassiosira_pseudonana_ASM14940v2/run_eukaryota_odb10/metaeuk_output/tmp/426189919084086467/tmp_predict/6418993221114161000/nucl_6f /Users/aholzer/ownCloud/PhD/Publications/2021 Liavero-Pasquina et al./analysis/TPP_aptamer_search/genomes/BUSCO_eukaryota_obd10/Thalassiosira_pseudonana_ASM14940v2/run_eukaryota_odb10/metaeuk_output/tmp/426189919084086467/tmp_predict/6418993221114161000/search_res /Users/aholzer/ownCloud/PhD/Publications/2021 Liavero-Pasquina et al./analysis/TPP_aptamer_search/genomes/BUSCO_eukaryota_obd10/Thalassiosira_pseudonana_ASM14940v2/run_eukaryota_odb10/metaeuk_output/tmp/426189919084086467/tmp_predict/6418993221114161000/search_res_by_contig --threads 1 --compressed 0 -v 3 

Computing ORF lookup
Computing contig offsets
Computing contig lookup
Time for contig lookup: 0h 0m 0s 133ms
[=================================================================] 64 6s 21ms
Time for merging to search_res_by_contig: 0h 0m 0s 6ms
Time for processing: 0h 0m 6s 371ms
collectoptimalset /Users/aholzer/ownCloud/PhD/Publications/2021 Liavero-Pasquina et al./analysis/TPP_aptamer_search/genomes/BUSCO_eukaryota_obd10/Thalassiosira_pseudonana_ASM14940v2/run_eukaryota_odb10/metaeuk_output/tmp/426189919084086467/tmp_predict/6418993221114161000/search_res_by_contig /Users/aholzer/ownCloud/PhD/Publications/2021 Liavero-Pasquina et al./analysis/TPP_aptamer_search/genomes/BUSCO_eukaryota_obd10/Thalassiosira_pseudonana_ASM14940v2/run_eukaryota_odb10/metaeuk_output/tmp/426189919084086467/targets /Users/aholzer/ownCloud/PhD/Publications/2021 Liavero-Pasquina et al./analysis/TPP_aptamer_search/genomes/BUSCO_eukaryota_obd10/Thalassiosira_pseudonana_ASM14940v2/run_eukaryota_odb10/metaeuk_output/tmp/426189919084086467/tmp_predict/6418993221114161000/dp_predictions --metaeuk-eval 0.001 --metaeuk-tcov 0.5 --max-intron 130000 --min-intron 1 --min-exon-aa 5 --max-overlap 5 --set-gap-open -1 --set-gap-extend -1 --score-bias 0 --threads 1 --compressed 0 -v 3 

[=================================================================] 64 2s 103ms
Time for merging to dp_predictions: 0h 0m 0s 2ms
Time for processing: 0h 0m 2s 141ms
mvdb /Users/aholzer/ownCloud/PhD/Publications/2021 Liavero-Pasquina et al./analysis/TPP_aptamer_search/genomes/BUSCO_eukaryota_obd10/Thalassiosira_pseudonana_ASM14940v2/run_eukaryota_odb10/metaeuk_output/tmp/426189919084086467/tmp_predict/6418993221114161000/dp_predictions /Users/aholzer/ownCloud/PhD/Publications/2021 Liavero-Pasquina et al./analysis/TPP_aptamer_search/genomes/BUSCO_eukaryota_obd10/Thalassiosira_pseudonana_ASM14940v2/run_eukaryota_odb10/metaeuk_output/tmp/426189919084086467/MetaEuk_calls 

Time for processing: 0h 0m 0s 4ms
reduceredundancy /Users/aholzer/ownCloud/PhD/Publications/2021 Liavero-Pasquina et al./analysis/TPP_aptamer_search/genomes/BUSCO_eukaryota_obd10/Thalassiosira_pseudonana_ASM14940v2/run_eukaryota_odb10/metaeuk_output/tmp/426189919084086467/MetaEuk_calls /Users/aholzer/ownCloud/PhD/Publications/2021 Liavero-Pasquina et al./analysis/TPP_aptamer_search/genomes/BUSCO_eukaryota_obd10/Thalassiosira_pseudonana_ASM14940v2/run_eukaryota_odb10/metaeuk_output/tmp/426189919084086467/MetaEuk_preds /Users/aholzer/ownCloud/PhD/Publications/2021 Liavero-Pasquina et al./analysis/TPP_aptamer_search/genomes/BUSCO_eukaryota_obd10/Thalassiosira_pseudonana_ASM14940v2/run_eukaryota_odb10/metaeuk_output/tmp/426189919084086467/MetaEuk_preds_clust --overlap 1 --threads 1 --compressed 0 -v 3 

[=================================================================] 64 0s 14ms
Time for merging to MetaEuk_preds_clust: 0h 0m 0s 1ms
Time for merging to MetaEuk_preds: 0h 0m 0s 0ms
Time for processing: 0h 0m 0s 22ms
unitesetstofasta /Users/aholzer/ownCloud/PhD/Publications/2021 Liavero-Pasquina et al./analysis/TPP_aptamer_search/genomes/BUSCO_eukaryota_obd10/Thalassiosira_pseudonana_ASM14940v2/run_eukaryota_odb10/metaeuk_output/tmp/426189919084086467/contigs /Users/aholzer/ownCloud/PhD/Publications/2021 Liavero-Pasquina et al./analysis/TPP_aptamer_search/genomes/BUSCO_eukaryota_obd10/Thalassiosira_pseudonana_ASM14940v2/run_eukaryota_odb10/metaeuk_output/tmp/426189919084086467/targets /Users/aholzer/ownCloud/PhD/Publications/2021 Liavero-Pasquina et al./analysis/TPP_aptamer_search/genomes/BUSCO_eukaryota_obd10/Thalassiosira_pseudonana_ASM14940v2/run_eukaryota_odb10/metaeuk_output/tmp/426189919084086467/MetaEuk_preds /Users/aholzer/ownCloud/PhD/Publications/2021 Liavero-Pasquina et al./analysis/TPP_aptamer_search/genomes/BUSCO_eukaryota_obd10/Thalassiosira_pseudonana_ASM14940v2/run_eukaryota_odb10/metaeuk_output/rerun_results/GCA_000149405.2_ASM14940v2_genomic.fna --protein 0 --translation-table 1 --target-key 0 --threads 1 --compressed 0 -v 3 

[=================================================================] 64 0s 7ms
Time for merging to GCA_000149405.2_ASM14940v2_genomic.fna.fas: 0h 0m 0s 1ms
Time for merging to GCA_000149405.2_ASM14940v2_genomic.fna.codon.fas: 0h 0m 0s 1ms
Time for merging to GCA_000149405.2_ASM14940v2_genomic.fna.headersMap.tsv: 0h 0m 0s 0ms
Time for processing: 0h 0m 0s 25ms
