#                                                                                      --- full sequence --- -------------- this domain -------------   hmm coord   ali coord   env coord
# target name                  accession   tlen query name           accession   qlen   E-value  score  bias   #  of  c-Evalue  i-Evalue  score  bias  from    to  from    to  from    to  acc description of target
#          ------------------- ---------- ----- -------------------- ---------- ----- --------- ------ ----- --- --- --------- --------- ------ ----- ----- ----- ----- ----- ----- ----- ---- ---------------------
BLYE01000029_1:311766-312293   -            176 1129824at2759        -            141   8.4e-25   83.5   6.5   1   1   4.8e-24     2e-22   75.9   6.5     8   141    12   174     1   174 0.75 -
BLYE01000072_1:35811-36347     -            179 1129824at2759        -            141   1.4e-24   82.8   6.7   1   1   8.2e-24   3.4e-22   75.1   6.7     7   141    14   177     3   177 0.74 -
BLYE01000190_1:2440-2976       -            179 1129824at2759        -            141   1.4e-24   82.8   6.7   1   1   8.2e-24   3.4e-22   75.1   6.7     7   141    14   177     3   177 0.74 -
BLYE01000004_1:704039-704239   -             67 1129824at2759        -            141   5.2e-09   32.4   0.9   1   1   1.6e-10   6.4e-09   32.1   0.9    11    63    13    65    10    65 0.96 -
BLYE01000106_1:204963-205163   -             67 1129824at2759        -            141   5.2e-09   32.4   0.9   1   1   1.6e-10   6.4e-09   32.1   0.9    11    63    13    65    10    65 0.96 -
BLYE01000014_1:204684-204845   -             54 1129824at2759        -            141   1.3e-08   31.0   0.1   1   1   3.6e-10   1.5e-08   30.9   0.1    12    54    13    54     9    54 0.94 -
BLYE01000070_1:52242-52403     -             54 1129824at2759        -            141   1.3e-08   31.0   0.1   1   1   3.6e-10   1.5e-08   30.9   0.1    12    54    13    54     9    54 0.94 -
BLYE01000028_1:364857-365042   -             62 1129824at2759        -            141     1e-07   28.1   1.1   1   1   2.7e-09   1.1e-07   28.1   1.1    10    55    16    61     7    62 0.95 -
BLYE01000015_1:209331-209522   -             64 1129824at2759        -            141   2.6e-07   26.9   0.0   1   1   6.7e-09   2.8e-07   26.8   0.0    10    63    13    62     1    62 0.90 -
BLYE01000011_1:721396-721602   -             69 1129824at2759        -            141   9.7e-07   25.0   0.7   1   1   2.7e-08   1.1e-06   24.8   0.7     9    63    17    66     5    66 0.88 -
BLYE01000001_1:157741-158082   -            114 1129824at2759        -            141   1.1e-06   24.9   0.1   1   1   3.6e-08   1.5e-06   24.4   0.1    10    63    24    71    21    72 0.94 -
BLYE01000011_1:497137-497373   -             79 1129824at2759        -            141   1.6e-06   24.3   0.1   1   1   4.6e-08   1.9e-06   24.1   0.1    12    63     5    50     3    65 0.92 -
BLYE01000004_1:755079-755270   -             64 1129824at2759        -            141   2.6e-06   23.6   0.0   1   1   7.3e-08     3e-06   23.4   0.0    11    63    14    62     2    62 0.92 -
BLYE01000106_1:256686-256877   -             64 1129824at2759        -            141   2.6e-06   23.6   0.0   1   1   7.3e-08     3e-06   23.4   0.0    11    63    14    62     2    62 0.92 -
BLYE01000001_1:801851-803022   -            353 1129824at2759        -            141   1.1e-05   21.6   0.1   1   1   4.3e-07   1.8e-05   20.9   0.1    10    63    31    78    19    94 0.87 -
BLYE01000062_1:54047-54211     -             55 1129824at2759        -            141     3e-05   20.2   0.6   1   1   7.7e-07   3.2e-05   20.1   0.6    10    54    11    53     6    55 0.86 -
BLYE01000002_1:318245-318409   -             55 1129824at2759        -            141   4.3e-05   19.7   0.3   1   1   1.2e-06     5e-05   19.5   0.3    10    56    11    55     9    55 0.92 -
BLYE01000012_1:626706-626891   -             62 1129824at2759        -            141   5.4e-05   19.4   0.1   1   1   1.4e-06   5.8e-05   19.3   0.1    12    63    15    60     1    60 0.88 -
BLYE01000012_1:256432-256617   -             62 1129824at2759        -            141   8.5e-05   18.7   0.2   1   1   2.4e-06   9.9e-05   18.5   0.2     9    41    11    42     8    60 0.76 -
BLYE01000018_1:273127-274302   -            352 1129824at2759        -            141     9e-05   18.6   0.2   1   1   5.5e-06   0.00023   17.3   0.2    11    63    15    58    12    70 0.91 -
BLYE01000012_1:807229-807498   -             90 1129824at2759        -            141   0.00012   18.2   0.2   1   1   4.5e-06   0.00019   17.6   0.2    11    63    14    59    10    68 0.87 -
BLYE01000021_1:189676-190710   -            345 1129824at2759        -            141   0.00018   17.7   0.2   1   1     1e-05   0.00042   16.5   0.2    10    63    13    57    11    58 0.86 -
BLYE01000024_1:236460-236681   -             74 1129824at2759        -            141   0.00027   17.1   1.9   1   1     1e-05   0.00042   16.5   1.9    11    63    14    73    11    73 0.73 -
BLYE01000178_1:2389-2610       -             74 1129824at2759        -            141   0.00027   17.1   1.9   1   1     1e-05   0.00042   16.5   1.9    11    63    14    73    11    73 0.73 -
BLYE01000018_1:16652-16837     -             62 1129824at2759        -            141   0.00046   16.3   0.6   1   1   2.6e-05    0.0011   15.2   0.6    13    63    19    61    14    61 0.91 -
BLYE01000002_1:818668-818829   -             54 1129824at2759        -            141   0.00053   16.1   0.1   1   1   1.7e-05   0.00072   15.7   0.1    10    63     5    53     3    53 0.81 -
BLYE01000001_1:927042-928179   -            351 1129824at2759        -            141     0.002   14.2   0.3   1   1   8.9e-05    0.0037   13.4   0.3    12    63    58   103    54   104 0.91 -
BLYE01000021_1:120169-120396   -             76 1129824at2759        -            141    0.0024   14.0   0.4   1   1   8.4e-05    0.0035   13.5   0.4    12    63    22    67    19    68 0.89 -
BLYE01000001_1:1819501-1819638 -             46 1129824at2759        -            141    0.0032   13.6   0.0   1   1   7.8e-05    0.0032   13.6   0.0    10    30    10    30     8    46 0.85 -
BLYE01000027_1:8071-8370       -            100 1129824at2759        -            141    0.0046   13.1   0.1   1   1   0.00016    0.0064   12.6   0.1    11    63    53    99    49    99 0.81 -
BLYE01000010_1:672587-672826   -             80 1129824at2759        -            141    0.0084   12.3   0.0   1   1   0.00022    0.0089   12.2   0.0    24    63     2    36     1    55 0.80 -
BLYE01000133_1:39451-39690     -             80 1129824at2759        -            141    0.0084   12.3   0.0   1   1   0.00022    0.0089   12.2   0.0    24    63     2    36     1    55 0.80 -
#
# Program:         hmmsearch
# Version:         3.1b2 (February 2015)
# Pipeline mode:   SEARCH
# Query file:      /Users/aholzer/ownCloud/PhD/Publications/2021 Liavero-Pasquina et al./analysis/TPP_aptamer_search/busco_downloads/lineages/eukaryota_odb10/hmms/1129824at2759.hmm
# Target file:     /Users/aholzer/ownCloud/PhD/Publications/2021 Liavero-Pasquina et al./analysis/TPP_aptamer_search/genomes/BUSCO_eukaryota_obd10/Nitzschia_putrida_Nputr_1.0/run_eukaryota_odb10/metaeuk_output/initial_results/GCA_016586335.1_Nputr_1.0_genomic.fna.modified.fas
# Option settings: hmmsearch --domtblout /Users/aholzer/ownCloud/PhD/Publications/2021 Liavero-Pasquina et al./analysis/TPP_aptamer_search/genomes/BUSCO_eukaryota_obd10/Nitzschia_putrida_Nputr_1.0/run_eukaryota_odb10/hmmer_output/initial_run_results/1129824at2759.out --cpu 1 /Users/aholzer/ownCloud/PhD/Publications/2021 Liavero-Pasquina et al./analysis/TPP_aptamer_search/busco_downloads/lineages/eukaryota_odb10/hmms/1129824at2759.hmm /Users/aholzer/ownCloud/PhD/Publications/2021 Liavero-Pasquina et al./analysis/TPP_aptamer_search/genomes/BUSCO_eukaryota_obd10/Nitzschia_putrida_Nputr_1.0/run_eukaryota_odb10/metaeuk_output/initial_results/GCA_016586335.1_Nputr_1.0_genomic.fna.modified.fas 
# Current dir:     /Users/aholzer/ownCloud/PhD/Publications/2021 Liavero-Pasquina et al./analysis/TPP_aptamer_search
# Date:            Sat Apr 17 17:48:07 2021
# [ok]
