#                                                                                    --- full sequence --- -------------- this domain -------------   hmm coord   ali coord   env coord
# target name                accession   tlen query name           accession   qlen   E-value  score  bias   #  of  c-Evalue  i-Evalue  score  bias  from    to  from    to  from    to  acc description of target
#        ------------------- ---------- ----- -------------------- ---------- ----- --------- ------ ----- --- --- --------- --------- ------ ----- ----- ----- ----- ----- ----- ----- ---- ---------------------
BLYE01000046_1:64102-64466   -             91 1558822at2759        -             67     4e-28   94.2   1.1   1   1   9.7e-29   1.2e-26   89.5   1.1     2    67     4    83     3    83 0.85 -
BLYE01000218_1:44728-45092   -             91 1558822at2759        -             67     4e-28   94.2   1.1   1   1   9.7e-29   1.2e-26   89.5   1.1     2    67     4    83     3    83 0.85 -
BLYE01000003_1:626896-627051 -             52 1558822at2759        -             67   4.2e-11   39.7   0.1   1   1   3.6e-13   4.3e-11   39.7   0.1    22    63     8    52     1    52 0.85 -
BLYE01000024_1:141095-141241 -             49 1558822at2759        -             67   5.7e-08   29.7   0.3   1   1   7.5e-10   9.1e-08   29.0   0.3    18    60     3    49     1    49 0.82 -
BLYE01000012_1:561366-561539 -             58 1558822at2759        -             67   2.9e-06   24.2   0.0   1   1   2.7e-08   3.3e-06   24.0   0.0    24    48    19    43     5    54 0.82 -
BLYE01000001_1:922017-922402 -             88 1558822at2759        -             67     1e-05   22.4   0.1   1   2   1.8e-07   2.1e-05   21.4   0.1     5    49     4    50     3    76 0.92 -
BLYE01000001_1:922017-922402 -             88 1558822at2759        -             67     1e-05   22.4   0.1   2   2       2.2   2.7e+02   -1.3   0.0    47    64    65    82    57    84 0.49 -
BLYE01000022_1:483760-484011 -             84 1558822at2759        -             67   0.00044   17.2   0.0   1   2   2.3e-05    0.0027   14.7   0.0    13    47     5    41     2    46 0.81 -
BLYE01000022_1:483760-484011 -             84 1558822at2759        -             67   0.00044   17.2   0.0   2   2      0.56        68    0.6   0.0    41    64    52    74    48    77 0.69 -
BLYE01000170_1:170621-170872 -             84 1558822at2759        -             67   0.00044   17.2   0.0   1   2   2.3e-05    0.0027   14.7   0.0    13    47     5    41     2    46 0.81 -
BLYE01000170_1:170621-170872 -             84 1558822at2759        -             67   0.00044   17.2   0.0   2   2      0.56        68    0.6   0.0    41    64    52    74    48    77 0.69 -
BLYE01000012_1:482446-482760 -            105 1558822at2759        -             67   0.00045   17.2   0.0   1   3   2.1e-05    0.0026   14.8   0.0    21    46    12    37     1    41 0.81 -
BLYE01000012_1:482446-482760 -            105 1558822at2759        -             67   0.00045   17.2   0.0   2   3       4.3   5.2e+02   -2.2   0.0    21    29    71    79    70    81 0.86 -
BLYE01000012_1:482446-482760 -            105 1558822at2759        -             67   0.00045   17.2   0.0   3   3       2.3   2.8e+02   -1.4   0.0    48    61    89   102    86   104 0.78 -
BLYE01000003_1:874333-874512 -             60 1558822at2759        -             67   0.00068   16.6   0.1   1   1   1.1e-05    0.0013   15.7   0.1    28    48     6    26     4    57 0.91 -
BLYE01000001_1:360540-360749 -             70 1558822at2759        -             67    0.0078   13.2   0.0   1   1   8.2e-05    0.0099   12.9   0.0     7    62     4    67     1    70 0.74 -
#
# Program:         hmmsearch
# Version:         3.1b2 (February 2015)
# Pipeline mode:   SEARCH
# Query file:      /Users/aholzer/ownCloud/PhD/Publications/2021 Liavero-Pasquina et al./analysis/TPP_aptamer_search/busco_downloads/lineages/eukaryota_odb10/hmms/1558822at2759.hmm
# Target file:     /Users/aholzer/ownCloud/PhD/Publications/2021 Liavero-Pasquina et al./analysis/TPP_aptamer_search/genomes/BUSCO_eukaryota_obd10/Nitzschia_putrida_Nputr_1.0/run_eukaryota_odb10/metaeuk_output/initial_results/GCA_016586335.1_Nputr_1.0_genomic.fna.modified.fas
# Option settings: hmmsearch --domtblout /Users/aholzer/ownCloud/PhD/Publications/2021 Liavero-Pasquina et al./analysis/TPP_aptamer_search/genomes/BUSCO_eukaryota_obd10/Nitzschia_putrida_Nputr_1.0/run_eukaryota_odb10/hmmer_output/initial_run_results/1558822at2759.out --cpu 1 /Users/aholzer/ownCloud/PhD/Publications/2021 Liavero-Pasquina et al./analysis/TPP_aptamer_search/busco_downloads/lineages/eukaryota_odb10/hmms/1558822at2759.hmm /Users/aholzer/ownCloud/PhD/Publications/2021 Liavero-Pasquina et al./analysis/TPP_aptamer_search/genomes/BUSCO_eukaryota_obd10/Nitzschia_putrida_Nputr_1.0/run_eukaryota_odb10/metaeuk_output/initial_results/GCA_016586335.1_Nputr_1.0_genomic.fna.modified.fas 
# Current dir:     /Users/aholzer/ownCloud/PhD/Publications/2021 Liavero-Pasquina et al./analysis/TPP_aptamer_search
# Date:            Sat Apr 17 17:48:23 2021
# [ok]
