#                                                                                      --- full sequence --- -------------- this domain -------------   hmm coord   ali coord   env coord
# target name                  accession   tlen query name           accession   qlen   E-value  score  bias   #  of  c-Evalue  i-Evalue  score  bias  from    to  from    to  from    to  acc description of target
#          ------------------- ---------- ----- -------------------- ---------- ----- --------- ------ ----- --- --- --------- --------- ------ ----- ----- ----- ----- ----- ----- ----- ---- ---------------------
BLYE01000017_1:751760-753172   -            471 604979at2759         -            307  4.6e-113  373.9   8.5   1   1  6.9e-113  8.4e-112  369.7   8.5    43   302    93   381    70   384 0.90 -
BLYE01000042_1:129563-130291   -            243 604979at2759         -            307   7.2e-37  123.6   1.4   1   2   2.7e-16   3.3e-15   52.5   0.1   126   243     8   139     1   140 0.85 -
BLYE01000042_1:129563-130291   -            243 604979at2759         -            307   7.2e-37  123.6   1.4   2   2   7.1e-24   8.7e-23   77.4   0.2   119   295    48   243    38   243 0.84 -
BLYE01000213_1:75337-76065     -            243 604979at2759         -            307   7.2e-37  123.6   1.4   1   2   2.7e-16   3.3e-15   52.5   0.1   126   243     8   139     1   140 0.85 -
BLYE01000213_1:75337-76065     -            243 604979at2759         -            307   7.2e-37  123.6   1.4   2   2   7.1e-24   8.7e-23   77.4   0.2   119   295    48   243    38   243 0.84 -
BLYE01000124_1:49909-50901     -            331 604979at2759         -            307   1.1e-30  103.3   6.9   1   3   2.5e-08   3.1e-07   26.3   0.3   121   244     3    94     1   104 0.49 -
BLYE01000124_1:49909-50901     -            331 604979at2759         -            307   1.1e-30  103.3   6.9   2   3   1.3e-10   1.5e-09   33.9   0.2   133   204   107   187   103   203 0.77 -
BLYE01000124_1:49909-50901     -            331 604979at2759         -            307   1.1e-30  103.3   6.9   3   3   9.4e-14   1.1e-12   44.1   0.1   125   224   222   330   211   331 0.84 -
BLYE01000009_1:236046-237038   -            331 604979at2759         -            307   1.8e-30  102.6   6.9   1   3   2.5e-08   3.1e-07   26.3   0.3   121   244     3    94     1   104 0.49 -
BLYE01000009_1:236046-237038   -            331 604979at2759         -            307   1.8e-30  102.6   6.9   2   3   1.3e-10   1.5e-09   33.9   0.2   133   204   107   187   103   203 0.77 -
BLYE01000009_1:236046-237038   -            331 604979at2759         -            307   1.8e-30  102.6   6.9   3   3   1.6e-13   1.9e-12   43.4   0.1   127   224   224   330   212   331 0.84 -
BLYE01000001_1:3281543-3283351 -            603 604979at2759         -            307   1.6e-29   99.5   2.6   1   3   4.8e-19   5.8e-18   61.5   0.1   157   263    15   127     1   135 0.87 -
BLYE01000001_1:3281543-3283351 -            603 604979at2759         -            307   1.6e-29   99.5   2.6   2   3   1.5e-11   1.8e-10   36.9   0.2   151   264   173   292   151   298 0.83 -
BLYE01000001_1:3281543-3283351 -            603 604979at2759         -            307   1.6e-29   99.5   2.6   3   3       9.3   1.1e+02   -1.8   0.0    40    57   479   496   446   514 0.64 -
BLYE01000088_1:188084-189892   -            603 604979at2759         -            307   1.6e-29   99.5   2.6   1   3   4.8e-19   5.8e-18   61.5   0.1   157   263    15   127     1   135 0.87 -
BLYE01000088_1:188084-189892   -            603 604979at2759         -            307   1.6e-29   99.5   2.6   2   3   1.5e-11   1.8e-10   36.9   0.2   151   264   173   292   151   298 0.83 -
BLYE01000088_1:188084-189892   -            603 604979at2759         -            307   1.6e-29   99.5   2.6   3   3       9.3   1.1e+02   -1.8   0.0    40    57   479   496   446   514 0.64 -
BLYE01000003_1:419226-420122   -            299 604979at2759         -            307   1.1e-28   96.7   0.6   1   4      0.14       1.7    4.2   0.1   136   152     1    17     1    34 0.82 -
BLYE01000003_1:419226-420122   -            299 604979at2759         -            307   1.1e-28   96.7   0.6   2   4   2.2e-23   2.7e-22   75.7   0.0   112   251    36   187    32   198 0.79 -
BLYE01000003_1:419226-420122   -            299 604979at2759         -            307   1.1e-28   96.7   0.6   3   4   0.00016    0.0019   13.9   0.0   180   236   155   214   154   238 0.80 -
BLYE01000003_1:419226-420122   -            299 604979at2759         -            307   1.1e-28   96.7   0.6   4   4    0.0028     0.033    9.8   0.0    50   258   236   289   210   299 0.51 -
BLYE01000022_1:312855-315770   -            972 604979at2759         -            307   5.7e-27   91.1   5.8   1   4     0.043      0.52    5.8   0.0   236   264   141   168    92   187 0.55 -
BLYE01000022_1:312855-315770   -            972 604979at2759         -            307   5.7e-27   91.1   5.8   2   4   0.00036    0.0043   12.7   0.4   160   262   145   262   140   267 0.72 -
BLYE01000022_1:312855-315770   -            972 604979at2759         -            307   5.7e-27   91.1   5.8   3   4    0.0004    0.0048   12.5   0.0   252   297   444   489   386   512 0.63 -
BLYE01000022_1:312855-315770   -            972 604979at2759         -            307   5.7e-27   91.1   5.8   4   4   3.2e-19     4e-18   62.1   0.5   115   265   570   729   561   737 0.83 -
BLYE01000170_1:307-3222        -            972 604979at2759         -            307   5.7e-27   91.1   5.8   1   4     0.043      0.52    5.8   0.0   236   264   141   168    92   187 0.55 -
BLYE01000170_1:307-3222        -            972 604979at2759         -            307   5.7e-27   91.1   5.8   2   4   0.00036    0.0043   12.7   0.4   160   262   145   262   140   267 0.72 -
BLYE01000170_1:307-3222        -            972 604979at2759         -            307   5.7e-27   91.1   5.8   3   4    0.0004    0.0048   12.5   0.0   252   297   444   489   386   512 0.63 -
BLYE01000170_1:307-3222        -            972 604979at2759         -            307   5.7e-27   91.1   5.8   4   4   3.2e-19     4e-18   62.1   0.5   115   265   570   729   561   737 0.83 -
BLYE01000027_1:287326-288090   -            255 604979at2759         -            307   8.2e-26   87.3   4.4   1   3   1.3e-11   1.5e-10   37.2   0.0   182   256     1    76     1    90 0.87 -
BLYE01000027_1:287326-288090   -            255 604979at2759         -            307   8.2e-26   87.3   4.4   2   3   1.3e-09   1.6e-08   30.5   0.4   170   246    90   171    73   198 0.77 -
BLYE01000027_1:287326-288090   -            255 604979at2759         -            307   8.2e-26   87.3   4.4   3   3   1.3e-06   1.6e-05   20.7   0.3   172   224   199   255   181   255 0.56 -
BLYE01000012_1:228716-229726   -            337 604979at2759         -            307   9.1e-26   87.1   6.7   1   5      0.18       2.2    3.8   0.0    55    88    42    78    26    86 0.76 -
BLYE01000012_1:228716-229726   -            337 604979at2759         -            307   9.1e-26   87.1   6.7   2   5       1.4        18    0.8   0.0   282   302    98   118    66   123 0.76 -
BLYE01000012_1:228716-229726   -            337 604979at2759         -            307   9.1e-26   87.1   6.7   3   5   5.5e-07   6.7e-06   21.9   0.2   195   257   141   201    88   210 0.84 -
BLYE01000012_1:228716-229726   -            337 604979at2759         -            307   9.1e-26   87.1   6.7   4   5   2.3e-16   2.8e-15   52.7   0.2   111   244   131   274   128   276 0.82 -
BLYE01000012_1:228716-229726   -            337 604979at2759         -            307   9.1e-26   87.1   6.7   5   5   2.2e-09   2.7e-08   29.8   0.1   180   260   250   331   250   336 0.89 -
BLYE01000001_1:1476434-1478750 -            728 604979at2759         -            307   1.7e-25   86.3   5.1   1   4    0.0022     0.027   10.1   0.0   230   293   394   428   384   438 0.64 -
BLYE01000001_1:1476434-1478750 -            728 604979at2759         -            307   1.7e-25   86.3   5.1   2   4     1e-09   1.3e-08   30.9   0.1   158   246   458   551   443   553 0.87 -
BLYE01000001_1:1476434-1478750 -            728 604979at2759         -            307   1.7e-25   86.3   5.1   3   4   1.1e-07   1.3e-06   24.2   0.8   131   188   553   616   551   619 0.82 -
BLYE01000001_1:1476434-1478750 -            728 604979at2759         -            307   1.7e-25   86.3   5.1   4   4   1.9e-06   2.3e-05   20.1   0.0   135   222   631   725   622   728 0.58 -
BLYE01000036_1:199350-200303   -            318 604979at2759         -            307     8e-24   80.8  22.9   1   3   2.4e-12   2.9e-11   39.5   4.9   160   294    64   172    17   184 0.55 -
BLYE01000036_1:199350-200303   -            318 604979at2759         -            307     8e-24   80.8  22.9   2   3   1.6e-13     2e-12   43.3   6.5   161   297    65   225    61   229 0.77 -
BLYE01000036_1:199350-200303   -            318 604979at2759         -            307     8e-24   80.8  22.9   3   3   1.8e-06   2.2e-05   20.2   0.1   161   259   196   302   193   315 0.48 -
BLYE01000046_1:112814-114208   -            465 604979at2759         -            307   8.4e-23   77.4   0.2   1   3   1.6e-05   0.00019   17.1   0.0    55   109    83   137    68   153 0.93 -
BLYE01000046_1:112814-114208   -            465 604979at2759         -            307   8.4e-23   77.4   0.2   2   3   1.8e-10   2.1e-09   33.4   0.0   132   250   182   312   168   315 0.83 -
BLYE01000046_1:112814-114208   -            465 604979at2759         -            307   8.4e-23   77.4   0.2   3   3   1.9e-09   2.3e-08   30.0   0.0   126   206   306   395   306   400 0.82 -
BLYE01000218_1:99301-100695    -            465 604979at2759         -            307   8.4e-23   77.4   0.2   1   3   1.6e-05   0.00019   17.1   0.0    55   109    83   137    68   153 0.93 -
BLYE01000218_1:99301-100695    -            465 604979at2759         -            307   8.4e-23   77.4   0.2   2   3   1.8e-10   2.1e-09   33.4   0.0   132   250   182   312   168   315 0.83 -
BLYE01000218_1:99301-100695    -            465 604979at2759         -            307   8.4e-23   77.4   0.2   3   3   1.9e-09   2.3e-08   30.0   0.0   126   206   306   395   306   400 0.82 -
BLYE01000160_1:134975-137950   -            911 604979at2759         -            307   1.8e-22   76.3   0.2   1   2   7.9e-06   9.6e-05   18.1   0.1    46   202    35   208    29   221 0.51 -
BLYE01000160_1:134975-137950   -            911 604979at2759         -            307   1.8e-22   76.3   0.2   2   2     7e-17   8.5e-16   54.4   0.0    79   265   401   599   355   629 0.52 -
BLYE01000019_1:151690-154665   -            911 604979at2759         -            307   1.8e-22   76.3   0.2   1   2   7.9e-06   9.6e-05   18.1   0.1    46   202    35   208    29   221 0.51 -
BLYE01000019_1:151690-154665   -            911 604979at2759         -            307   1.8e-22   76.3   0.2   2   2     7e-17   8.5e-16   54.4   0.0    79   265   401   599   355   629 0.52 -
BLYE01000003_1:540580-543619   -            951 604979at2759         -            307   7.3e-22   74.3   6.0   1   5   1.3e-07   1.6e-06   23.9   0.0   123   201   159   249   148   253 0.78 -
BLYE01000003_1:540580-543619   -            951 604979at2759         -            307   7.3e-22   74.3   6.0   2   5       2.2        27    0.2   0.0   160   190   334   367   326   387 0.80 -
BLYE01000003_1:540580-543619   -            951 604979at2759         -            307   7.3e-22   74.3   6.0   3   5      0.76       9.2    1.7   0.0   115   157   480   522   472   555 0.70 -
BLYE01000003_1:540580-543619   -            951 604979at2759         -            307   7.3e-22   74.3   6.0   4   5    0.0037     0.045    9.3   0.0   264   302   570   613   556   618 0.73 -
BLYE01000003_1:540580-543619   -            951 604979at2759         -            307   7.3e-22   74.3   6.0   5   5   2.3e-11   2.7e-10   36.3   0.7    85   224   630   783   623   801 0.80 -
BLYE01000060_1:6439-7494       -            352 604979at2759         -            307     1e-21   73.8   9.0   1   4      0.44       5.3    2.5   0.1   163   203    24    66    17    81 0.84 -
BLYE01000060_1:6439-7494       -            352 604979at2759         -            307     1e-21   73.8   9.0   2   4   2.2e-15   2.7e-14   49.5   1.7   161   264    64   172    52   181 0.79 -
BLYE01000060_1:6439-7494       -            352 604979at2759         -            307     1e-21   73.8   9.0   3   4   0.00016     0.002   13.8   0.1   155   210   203   265   195   271 0.71 -
BLYE01000060_1:6439-7494       -            352 604979at2759         -            307     1e-21   73.8   9.0   4   4    0.0021     0.026   10.1   0.1   265   296   295   326   258   330 0.82 -
BLYE01000037_1:128239-129102   -            288 604979at2759         -            307   8.2e-21   70.9   2.0   1   4   0.00077    0.0094   11.6   0.0    48   212     2    53     1   101 0.50 -
BLYE01000037_1:128239-129102   -            288 604979at2759         -            307   8.2e-21   70.9   2.0   2   4   5.5e-14   6.7e-13   44.9   0.0   155   262    75   188    27   189 0.75 -
BLYE01000037_1:128239-129102   -            288 604979at2759         -            307   8.2e-21   70.9   2.0   3   4   0.00033     0.004   12.8   0.0   128   163   172   208   170   243 0.79 -
BLYE01000037_1:128239-129102   -            288 604979at2759         -            307   8.2e-21   70.9   2.0   4   4     0.001     0.013   11.2   0.1   264   295   257   288   253   288 0.96 -
BLYE01000018_1:3234-4502       -            423 604979at2759         -            307   4.3e-19   65.2   0.2   1   2   9.5e-11   1.2e-09   34.3   0.0   136   267   129   269   101   293 0.83 -
BLYE01000018_1:3234-4502       -            423 604979at2759         -            307   4.3e-19   65.2   0.2   2   2     9e-09   1.1e-07   27.8   0.0   136   223   317   423   303   423 0.72 -
BLYE01000227_1:31514-32718     -            336 604979at2759         -            307   9.2e-19   64.2   1.8   1   4   3.5e-11   4.3e-10   35.7   0.1   155   246     5   100     2   108 0.84 -
BLYE01000227_1:31514-32718     -            336 604979at2759         -            307   9.2e-19   64.2   1.8   2   4       0.3       3.6    3.1   0.0   114   141    85   113    81   131 0.79 -
BLYE01000227_1:31514-32718     -            336 604979at2759         -            307   9.2e-19   64.2   1.8   3   4   6.2e-07   7.5e-06   21.7   0.1    87   159   153   229   142   259 0.79 -
BLYE01000227_1:31514-32718     -            336 604979at2759         -            307   9.2e-19   64.2   1.8   4   4      0.24         3    3.4   0.0   266   294   285   313   268   324 0.62 -
BLYE01000053_1:76238-77439     -            336 604979at2759         -            307   1.3e-18   63.7   2.3   1   4   3.5e-11   4.3e-10   35.7   0.1   155   246     5   100     2   108 0.84 -
BLYE01000053_1:76238-77439     -            336 604979at2759         -            307   1.3e-18   63.7   2.3   2   4       0.3       3.6    3.1   0.0   114   141    85   113    81   131 0.79 -
BLYE01000053_1:76238-77439     -            336 604979at2759         -            307   1.3e-18   63.7   2.3   3   4   6.6e-07     8e-06   21.7   0.1    88   159   154   229   145   260 0.79 -
BLYE01000053_1:76238-77439     -            336 604979at2759         -            307   1.3e-18   63.7   2.3   4   4      0.22       2.6    3.5   0.0   266   294   285   313   256   324 0.66 -
BLYE01000004_1:718344-719267   -            308 604979at2759         -            307   1.6e-18   63.4   6.7   1   3   9.2e-06   0.00011   17.9   2.3   161   246    24   113    10   114 0.86 -
BLYE01000004_1:718344-719267   -            308 604979at2759         -            307   1.6e-18   63.4   6.7   2   3   5.7e-14     7e-13   44.8   0.9   161   295    66   219    57   219 0.83 -
BLYE01000004_1:718344-719267   -            308 604979at2759         -            307   1.6e-18   63.4   6.7   3   3   7.1e-06   8.6e-05   18.3   0.1   159   257   190   296   182   299 0.75 -
BLYE01000106_1:219263-220186   -            308 604979at2759         -            307   1.6e-18   63.4   6.7   1   3   9.2e-06   0.00011   17.9   2.3   161   246    24   113    10   114 0.86 -
BLYE01000106_1:219263-220186   -            308 604979at2759         -            307   1.6e-18   63.4   6.7   2   3   5.7e-14     7e-13   44.8   0.9   161   295    66   219    57   219 0.83 -
BLYE01000106_1:219263-220186   -            308 604979at2759         -            307   1.6e-18   63.4   6.7   3   3   7.1e-06   8.6e-05   18.3   0.1   159   257   190   296   182   299 0.75 -
BLYE01000001_1:933239-934039   -            267 604979at2759         -            307   6.2e-18   61.4   3.5   1   4    0.0099      0.12    7.9   0.1   134   153     4    23     1    36 0.83 -
BLYE01000001_1:933239-934039   -            267 604979at2759         -            307   6.2e-18   61.4   3.5   2   4     0.014      0.17    7.5   0.0    46    70    49    73    43    83 0.78 -
BLYE01000001_1:933239-934039   -            267 604979at2759         -            307   6.2e-18   61.4   3.5   3   4   5.8e-07   7.1e-06   21.8   0.0   265   301   150   186   134   192 0.84 -
BLYE01000001_1:933239-934039   -            267 604979at2759         -            307   6.2e-18   61.4   3.5   4   4   3.6e-07   4.4e-06   22.5   0.0   156   225   192   267   187   267 0.74 -
BLYE01000014_1:75051-75968     -            306 604979at2759         -            307   1.4e-17   60.3   1.9   1   2   4.3e-12   5.2e-11   38.7   0.2   155   264    12   126     6   140 0.88 -
BLYE01000014_1:75051-75968     -            306 604979at2759         -            307   1.4e-17   60.3   1.9   2   2   1.9e-06   2.3e-05   20.2   0.2   131   264   155   303   125   306 0.76 -
BLYE01000143_1:33553-34470     -            306 604979at2759         -            307   1.4e-17   60.3   1.9   1   2   4.3e-12   5.2e-11   38.7   0.2   155   264    12   126     6   140 0.88 -
BLYE01000143_1:33553-34470     -            306 604979at2759         -            307   1.4e-17   60.3   1.9   2   2   1.9e-06   2.3e-05   20.2   0.2   131   264   155   303   125   306 0.76 -
BLYE01000046_1:66002-66871     -            290 604979at2759         -            307   8.6e-17   57.7   0.1   1   4   4.1e-08     5e-07   25.6   0.0   202   263     3    66     2    72 0.90 -
BLYE01000046_1:66002-66871     -            290 604979at2759         -            307   8.6e-17   57.7   0.1   2   4      0.03      0.36    6.4   0.0   180   236    66   134    63   166 0.55 -
BLYE01000046_1:66002-66871     -            290 604979at2759         -            307   8.6e-17   57.7   0.1   3   4      0.35       4.2    2.9   0.0    44    91   143   194   125   195 0.73 -
BLYE01000046_1:66002-66871     -            290 604979at2759         -            307   8.6e-17   57.7   0.1   4   4     5e-07   6.1e-06   22.0   0.0    45   101   190   246   179   251 0.93 -
BLYE01000218_1:46628-47497     -            290 604979at2759         -            307   8.6e-17   57.7   0.1   1   4   4.1e-08     5e-07   25.6   0.0   202   263     3    66     2    72 0.90 -
BLYE01000218_1:46628-47497     -            290 604979at2759         -            307   8.6e-17   57.7   0.1   2   4      0.03      0.36    6.4   0.0   180   236    66   134    63   166 0.55 -
BLYE01000218_1:46628-47497     -            290 604979at2759         -            307   8.6e-17   57.7   0.1   3   4      0.35       4.2    2.9   0.0    44    91   143   194   125   195 0.73 -
BLYE01000218_1:46628-47497     -            290 604979at2759         -            307   8.6e-17   57.7   0.1   4   4     5e-07   6.1e-06   22.0   0.0    45   101   190   246   179   251 0.93 -
BLYE01000036_1:245973-246929   -            319 604979at2759         -            307   3.4e-16   55.7   0.0   1   2   3.2e-07   3.9e-06   22.7   0.0   156   228    52   128    48   144 0.84 -
BLYE01000036_1:245973-246929   -            319 604979at2759         -            307   3.4e-16   55.7   0.0   2   2   1.2e-08   1.4e-07   27.4   0.0    45   184   150   318   146   319 0.64 -
BLYE01000002_1:1219740-1220827 -            332 604979at2759         -            307   4.2e-15   52.1   0.0   1   2   6.8e-08   8.2e-07   24.9   0.0   135   261     5   140     2   149 0.61 -
BLYE01000002_1:1219740-1220827 -            332 604979at2759         -            307   4.2e-15   52.1   0.0   2   2     1e-06   1.2e-05   21.0   0.4    40   155   180   305   162   312 0.41 -
BLYE01000017_1:702176-702805   -            210 604979at2759         -            307   4.2e-13   45.5   0.1   1   1   5.1e-14   6.2e-13   45.0   0.1   158   263    92   207    69   209 0.81 -
BLYE01000053_1:60456-61139     -            228 604979at2759         -            307   1.8e-12   43.5   0.2   1   3   3.1e-06   3.7e-05   19.4   0.1    51   150     8   121     1   122 0.74 -
BLYE01000053_1:60456-61139     -            228 604979at2759         -            307   1.8e-12   43.5   0.2   2   3   4.1e-09     5e-08   28.9   0.0   200   263    94   165    83   171 0.83 -
BLYE01000053_1:60456-61139     -            228 604979at2759         -            307   1.8e-12   43.5   0.2   3   3      0.22       2.6    3.5   0.0   234   261   197   224   179   227 0.73 -
BLYE01000227_1:15735-16418     -            228 604979at2759         -            307   1.8e-12   43.5   0.2   1   3   3.1e-06   3.7e-05   19.4   0.1    51   150     8   121     1   122 0.74 -
BLYE01000227_1:15735-16418     -            228 604979at2759         -            307   1.8e-12   43.5   0.2   2   3   4.1e-09     5e-08   28.9   0.0   200   263    94   165    83   171 0.83 -
BLYE01000227_1:15735-16418     -            228 604979at2759         -            307   1.8e-12   43.5   0.2   3   3      0.22       2.6    3.5   0.0   234   261   197   224   179   227 0.73 -
BLYE01000161_1:11503-12456     -            318 604979at2759         -            307   1.8e-12   43.5   0.2   1   4   7.4e-06     9e-05   18.2   0.0   266   297    10    41     5    45 0.92 -
BLYE01000161_1:11503-12456     -            318 604979at2759         -            307   1.8e-12   43.5   0.2   2   4     0.058       0.7    5.4   0.0   265   292   162   190   156   198 0.70 -
BLYE01000161_1:11503-12456     -            318 604979at2759         -            307   1.8e-12   43.5   0.2   3   4    0.0023     0.027   10.0   0.0   103   161   203   268   197   276 0.68 -
BLYE01000161_1:11503-12456     -            318 604979at2759         -            307   1.8e-12   43.5   0.2   4   4      0.14       1.7    4.1   0.0   267   296   281   310   275   316 0.74 -
BLYE01000024_1:170750-171097   -            116 604979at2759         -            307   2.3e-12   43.1   0.3   1   2   8.9e-13   1.1e-11   40.9   0.1   160   257     2   103     1   109 0.89 -
BLYE01000024_1:170750-171097   -            116 604979at2759         -            307   2.3e-12   43.1   0.3   2   2      0.27       3.3    3.2   0.1   136   150   100   114    98   116 0.83 -
BLYE01000004_1:1277798-1278583 -            262 604979at2759         -            307   3.3e-12   42.6   0.3   1   3   1.2e-06   1.5e-05   20.8   0.0   120   202     1    93     1   107 0.66 -
BLYE01000004_1:1277798-1278583 -            262 604979at2759         -            307   3.3e-12   42.6   0.3   2   3    0.0053     0.065    8.8   0.0   113   155   140   184   122   190 0.79 -
BLYE01000004_1:1277798-1278583 -            262 604979at2759         -            307   3.3e-12   42.6   0.3   3   3     0.022      0.26    6.8   0.0    99   147   213   262   190   262 0.74 -
BLYE01000101_1:50945-51730     -            262 604979at2759         -            307   3.3e-12   42.6   0.3   1   3   1.2e-06   1.5e-05   20.8   0.0   120   202     1    93     1   107 0.66 -
BLYE01000101_1:50945-51730     -            262 604979at2759         -            307   3.3e-12   42.6   0.3   2   3    0.0053     0.065    8.8   0.0   113   155   140   184   122   190 0.79 -
BLYE01000101_1:50945-51730     -            262 604979at2759         -            307   3.3e-12   42.6   0.3   3   3     0.022      0.26    6.8   0.0    99   147   213   262   190   262 0.74 -
BLYE01000003_1:599591-600355   -            255 604979at2759         -            307   1.3e-11   40.7   0.1   1   2    0.0053     0.065    8.8   0.0    42    82    46    86    17    91 0.76 -
BLYE01000003_1:599591-600355   -            255 604979at2759         -            307   1.3e-11   40.7   0.1   2   2   2.8e-09   3.4e-08   29.5   0.1   111   262    90   251    84   254 0.82 -
BLYE01000128_1:72646-73416     -            257 604979at2759         -            307     2e-11   40.0   4.1   1   1   1.2e-09   1.5e-08   30.6   2.3   168   263   116   226    34   226 0.68 -
BLYE01000010_1:399019-399789   -            257 604979at2759         -            307     2e-11   40.0   4.1   1   1   1.2e-09   1.5e-08   30.6   2.3   168   263   116   226    34   226 0.68 -
BLYE01000008_1:788590-789369   -            260 604979at2759         -            307   3.9e-11   39.1   0.5   1   2   0.00025     0.003   13.2   0.0   135   226    81   174    75   176 0.89 -
BLYE01000008_1:788590-789369   -            260 604979at2759         -            307   3.9e-11   39.1   0.5   2   2   7.4e-10     9e-09   31.3   0.2   153   264   138   255   134   258 0.86 -
BLYE01000012_1:412990-413766   -            259 604979at2759         -            307   4.4e-11   38.9   8.0   1   5   4.4e-05   0.00053   15.7   0.0   217   268     2    56     1    67 0.86 -
BLYE01000012_1:412990-413766   -            259 604979at2759         -            307   4.4e-11   38.9   8.0   2   5      0.51       6.3    2.3   0.0   237   276    72   114    63   132 0.59 -
BLYE01000012_1:412990-413766   -            259 604979at2759         -            307   4.4e-11   38.9   8.0   3   5      0.33         4    2.9   0.0   283   302   147   166   145   171 0.89 -
BLYE01000012_1:412990-413766   -            259 604979at2759         -            307   4.4e-11   38.9   8.0   4   5     0.056      0.68    5.5   0.1   119   149   180   215   167   221 0.60 -
BLYE01000012_1:412990-413766   -            259 604979at2759         -            307   4.4e-11   38.9   8.0   5   5   0.00018    0.0022   13.7   0.5   262   295   225   258   218   259 0.91 -
BLYE01000001_1:1383533-1384378 -            282 604979at2759         -            307   1.4e-10   37.3   1.7   1   3   1.3e-06   1.6e-05   20.6   0.5   125   190    11    87     2    91 0.70 -
BLYE01000001_1:1383533-1384378 -            282 604979at2759         -            307   1.4e-10   37.3   1.7   2   3     0.011      0.14    7.7   0.0   234   281    99   147    91   155 0.83 -
BLYE01000001_1:1383533-1384378 -            282 604979at2759         -            307   1.4e-10   37.3   1.7   3   3      0.08      0.98    4.9   0.0    73   109   243   280   206   282 0.56 -
BLYE01000012_1:29323-31302     -            660 604979at2759         -            307   2.9e-10   36.2   0.2   1   4       6.2        75   -1.3   0.0    79   109    77   108    71   140 0.72 -
BLYE01000012_1:29323-31302     -            660 604979at2759         -            307   2.9e-10   36.2   0.2   2   4    0.0014     0.017   10.8   0.0   161   226   226   296   217   308 0.63 -
BLYE01000012_1:29323-31302     -            660 604979at2759         -            307   2.9e-10   36.2   0.2   3   4         2        24    0.4   0.0   232   265   357   389   340   418 0.61 -
BLYE01000012_1:29323-31302     -            660 604979at2759         -            307   2.9e-10   36.2   0.2   4   4   6.4e-06   7.8e-05   18.4   0.1    42   151   494   609   472   655 0.78 -
BLYE01000100_1:150194-152663   -            798 604979at2759         -            307   3.1e-10   36.1   0.4   1   3     0.034      0.41    6.2   0.0    86   155   444   475   426   520 0.68 -
BLYE01000100_1:150194-152663   -            798 604979at2759         -            307   3.1e-10   36.1   0.4   2   3    0.0063     0.076    8.6   0.1   192   290   579   692   542   696 0.71 -
BLYE01000100_1:150194-152663   -            798 604979at2759         -            307   3.1e-10   36.1   0.4   3   3   1.4e-07   1.7e-06   23.9   0.1   158   279   629   753   626   757 0.84 -
BLYE01000004_1:980240-982712   -            799 604979at2759         -            307   3.1e-10   36.1   0.4   1   3     0.034      0.41    6.2   0.0    86   155   445   476   427   521 0.68 -
BLYE01000004_1:980240-982712   -            799 604979at2759         -            307   3.1e-10   36.1   0.4   2   3    0.0063     0.076    8.6   0.1   192   290   580   693   543   697 0.71 -
BLYE01000004_1:980240-982712   -            799 604979at2759         -            307   3.1e-10   36.1   0.4   3   3   1.4e-07   1.7e-06   23.9   0.1   158   279   630   754   627   758 0.84 -
BLYE01000002_1:1705162-1705656 -            165 604979at2759         -            307   3.7e-10   35.9   0.2   1   2   1.7e-09   2.1e-08   30.1   0.0   136   244     2   127     1   132 0.71 -
BLYE01000002_1:1705162-1705656 -            165 604979at2759         -            307   3.7e-10   35.9   0.2   2   2      0.38       4.6    2.7   0.0   135   149   143   157   134   163 0.70 -
BLYE01000012_1:345620-346540   -            272 604979at2759         -            307   1.6e-09   33.8   0.8   1   3   3.7e-09   4.4e-08   29.1   0.1   204   296    50   142     1   148 0.79 -
BLYE01000012_1:345620-346540   -            272 604979at2759         -            307   1.6e-09   33.8   0.8   2   3       4.3        52   -0.7   0.0   132   153   168   189   162   217 0.73 -
BLYE01000012_1:345620-346540   -            272 604979at2759         -            307   1.6e-09   33.8   0.8   3   3       9.3   1.1e+02   -1.8   0.0    56    70   221   235   213   242 0.70 -
BLYE01000028_1:272940-273608   -            223 604979at2759         -            307     2e-09   33.5   0.0   1   3       2.2        27    0.2   0.0   132   148    30    47     6    63 0.56 -
BLYE01000028_1:272940-273608   -            223 604979at2759         -            307     2e-09   33.5   0.0   2   3     0.012      0.15    7.6   0.0   231   264    81   114    69   124 0.88 -
BLYE01000028_1:272940-273608   -            223 604979at2759         -            307     2e-09   33.5   0.0   3   3   6.2e-07   7.6e-06   21.7   0.0   172   227   152   213   143   221 0.59 -
BLYE01000004_1:107898-108380   -            161 604979at2759         -            307   4.6e-09   32.3   0.0   1   1   9.1e-10   1.1e-08   31.0   0.0   123   240     7   130     1   158 0.75 -
BLYE01000104_1:104471-104953   -            161 604979at2759         -            307   4.6e-09   32.3   0.0   1   1   9.1e-10   1.1e-08   31.0   0.0   123   240     7   130     1   158 0.75 -
BLYE01000125_1:91739-92404     -            222 604979at2759         -            307   5.2e-09   32.1   0.3   1   2   2.1e-08   2.5e-07   26.6   0.2   155   256    32   140    23   146 0.74 -
BLYE01000125_1:91739-92404     -            222 604979at2759         -            307   5.2e-09   32.1   0.3   2   2      0.47       5.7    2.4   0.0   176   224   146   199   139   209 0.60 -
BLYE01000017_1:258948-259541   -            198 604979at2759         -            307   5.6e-09   32.0   0.2   1   3     0.031      0.38    6.3   0.0    82   111     2    32     1    40 0.60 -
BLYE01000017_1:258948-259541   -            198 604979at2759         -            307   5.6e-09   32.0   0.2   2   3    0.0027     0.033    9.8   0.0   193   238    57   104    50   130 0.77 -
BLYE01000017_1:258948-259541   -            198 604979at2759         -            307   5.6e-09   32.0   0.2   3   3   0.00028    0.0034   13.0   0.0    56   109   124   178   117   183 0.86 -
BLYE01000156_1:71333-71926     -            198 604979at2759         -            307   5.6e-09   32.0   0.2   1   3     0.031      0.38    6.3   0.0    82   111     2    32     1    40 0.60 -
BLYE01000156_1:71333-71926     -            198 604979at2759         -            307   5.6e-09   32.0   0.2   2   3    0.0027     0.033    9.8   0.0   193   238    57   104    50   130 0.77 -
BLYE01000156_1:71333-71926     -            198 604979at2759         -            307   5.6e-09   32.0   0.2   3   3   0.00028    0.0034   13.0   0.0    56   109   124   178   117   183 0.86 -
BLYE01000002_1:1058810-1059178 -            123 604979at2759         -            307   8.3e-09   31.5   0.0   1   1   1.4e-09   1.7e-08   30.4   0.0   177   261    10   100     2   104 0.81 -
BLYE01000009_1:98039-98704     -            222 604979at2759         -            307   8.8e-09   31.4   0.3   1   2   3.7e-08   4.5e-07   25.7   0.2   155   256    32   140    24   146 0.74 -
BLYE01000009_1:98039-98704     -            222 604979at2759         -            307   8.8e-09   31.4   0.3   2   2      0.44       5.3    2.5   0.0   176   224   146   199   137   208 0.60 -
BLYE01000006_1:194661-195494   -            278 604979at2759         -            307   2.3e-08   30.0   0.1   1   2     0.021      0.26    6.8   0.0    45    68    41    64    27    69 0.85 -
BLYE01000006_1:194661-195494   -            278 604979at2759         -            307   2.3e-08   30.0   0.1   2   2   1.1e-06   1.4e-05   20.9   0.0    44   150   162   271   131   277 0.73 -
BLYE01000001_1:385665-387416   -            584 604979at2759         -            307   2.6e-08   29.8   0.3   1   2   0.00037    0.0045   12.6   0.0    90   164   145   230   140   241 0.64 -
BLYE01000001_1:385665-387416   -            584 604979at2759         -            307   2.6e-08   29.8   0.3   2   2   0.00096     0.012   11.3   0.4   170   202   297   330   238   350 0.64 -
BLYE01000006_1:171482-172321   -            280 604979at2759         -            307   3.8e-08   29.3   0.6   1   2      0.34       4.1    2.9   0.0   126   149    42    65     1    79 0.58 -
BLYE01000006_1:171482-172321   -            280 604979at2759         -            307   3.8e-08   29.3   0.6   2   2   0.00049     0.006   12.2   0.3   261   296   239   272   226   278 0.81 -
BLYE01000002_1:1251047-1252710 -            497 604979at2759         -            307   4.1e-08   29.2   0.1   1   1   7.1e-09   8.7e-08   28.1   0.1   166   264   368   471   287   477 0.71 -
BLYE01000019_1:172068-172922   -            285 604979at2759         -            307   5.4e-08   28.8   1.0   1   4       1.3        16    1.0   0.0   124   150    11    37     2    53 0.52 -
BLYE01000019_1:172068-172922   -            285 604979at2759         -            307   5.4e-08   28.8   1.0   2   4      0.17       2.1    3.9   0.0   130   148    64    82    57    96 0.80 -
BLYE01000019_1:172068-172922   -            285 604979at2759         -            307   5.4e-08   28.8   1.0   3   4   0.00019    0.0023   13.6   0.0   163   239   118   207   107   230 0.75 -
BLYE01000019_1:172068-172922   -            285 604979at2759         -            307   5.4e-08   28.8   1.0   4   4     0.056      0.68    5.5   0.0   173   220   233   284   224   285 0.74 -
BLYE01000160_1:155611-156465   -            285 604979at2759         -            307   5.4e-08   28.8   1.0   1   4       1.3        16    1.0   0.0   124   150    11    37     2    53 0.52 -
BLYE01000160_1:155611-156465   -            285 604979at2759         -            307   5.4e-08   28.8   1.0   2   4      0.17       2.1    3.9   0.0   130   148    64    82    57    96 0.80 -
BLYE01000160_1:155611-156465   -            285 604979at2759         -            307   5.4e-08   28.8   1.0   3   4   0.00019    0.0023   13.6   0.0   163   239   118   207   107   230 0.75 -
BLYE01000160_1:155611-156465   -            285 604979at2759         -            307   5.4e-08   28.8   1.0   4   4     0.056      0.68    5.5   0.0   173   220   233   284   224   285 0.74 -
BLYE01000009_1:322706-322891   -             62 604979at2759         -            307   7.1e-08   28.4   0.1   1   1   6.5e-09   7.9e-08   28.2   0.1   210   263     2    57     1    60 0.88 -
BLYE01000124_1:138542-138727   -             62 604979at2759         -            307   7.1e-08   28.4   0.1   1   1   6.5e-09   7.9e-08   28.2   0.1   210   263     2    57     1    60 0.88 -
BLYE01000001_1:1490683-1491135 -            151 604979at2759         -            307     1e-07   27.8   0.0   1   3   0.00067    0.0081   11.8   0.0    43    68     8    33     3    65 0.80 -
BLYE01000001_1:1490683-1491135 -            151 604979at2759         -            307     1e-07   27.8   0.0   2   3     0.018      0.22    7.1   0.0    43    79    69   105    43   122 0.73 -
BLYE01000001_1:1490683-1491135 -            151 604979at2759         -            307     1e-07   27.8   0.0   3   3     0.028      0.34    6.5   0.0   267   294   123   150   119   151 0.91 -
BLYE01000013_1:747780-749093   -            438 604979at2759         -            307   1.3e-07   27.5   0.5   1   3       0.3       3.6    3.1   0.0   204   223    22    42     5    99 0.75 -
BLYE01000013_1:747780-749093   -            438 604979at2759         -            307   1.3e-07   27.5   0.5   2   3   3.3e-05    0.0004   16.1   0.1   180   263   229   326   207   328 0.69 -
BLYE01000013_1:747780-749093   -            438 604979at2759         -            307   1.3e-07   27.5   0.5   3   3   0.00061    0.0074   11.9   0.1   262   296   295   330   290   340 0.81 -
BLYE01000001_1:954957-955214   -             86 604979at2759         -            307   2.3e-07   26.7   0.0   1   1     2e-08   2.5e-07   26.6   0.0   102   152     9    62     1    69 0.80 -
BLYE01000004_1:697797-698465   -            223 604979at2759         -            307   2.9e-07   26.4   0.3   1   1   1.8e-06   2.2e-05   20.2   0.1    80   225    57   219    52   223 0.67 -
BLYE01000106_1:198721-199389   -            223 604979at2759         -            307   2.9e-07   26.4   0.3   1   1   1.8e-06   2.2e-05   20.2   0.1    80   225    57   219    52   223 0.67 -
BLYE01000014_1:577587-578201   -            205 604979at2759         -            307   1.4e-06   24.2   0.0   1   2   0.00038    0.0046   12.6   0.0    82   146     8    75     3    89 0.81 -
BLYE01000014_1:577587-578201   -            205 604979at2759         -            307   1.4e-06   24.2   0.0   2   2    0.0039     0.047    9.3   0.0    79   131   133   189    96   205 0.69 -
BLYE01000142_1:349473-350087   -            205 604979at2759         -            307   1.4e-06   24.2   0.0   1   2   0.00038    0.0046   12.6   0.0    82   146     8    75     3    89 0.81 -
BLYE01000142_1:349473-350087   -            205 604979at2759         -            307   1.4e-06   24.2   0.0   2   2    0.0039     0.047    9.3   0.0    79   131   133   189    96   205 0.69 -
BLYE01000023_1:180641-181198   -            186 604979at2759         -            307   2.3e-06   23.4   1.1   1   1   3.2e-07   3.9e-06   22.7   1.1    98   193    61   172    42   176 0.48 -
BLYE01000175_1:71533-72090     -            186 604979at2759         -            307   2.3e-06   23.4   1.1   1   1   3.2e-07   3.9e-06   22.7   1.1    98   193    61   172    42   176 0.48 -
BLYE01000001_1:569575-570939   -            455 604979at2759         -            307   2.4e-06   23.4   0.1   1   4      0.67       8.1    1.9   0.0   245   264    11    30     6    37 0.85 -
BLYE01000001_1:569575-570939   -            455 604979at2759         -            307   2.4e-06   23.4   0.1   2   4       3.3        40   -0.4   0.0   128   149   135   156   115   160 0.75 -
BLYE01000001_1:569575-570939   -            455 604979at2759         -            307   2.4e-06   23.4   0.1   3   4    0.0017      0.02   10.5   0.0   202   233   189   220   173   259 0.87 -
BLYE01000001_1:569575-570939   -            455 604979at2759         -            307   2.4e-06   23.4   0.1   4   4      0.15       1.9    4.0   0.0   122   187   277   350   271   353 0.73 -
BLYE01000004_1:107431-107718   -             96 604979at2759         -            307   2.7e-06   23.2   0.0   1   1   2.7e-07   3.3e-06   22.9   0.0   194   252    31    91    20    96 0.81 -
BLYE01000159_1:124966-125775   -            270 604979at2759         -            307   2.9e-06   23.1   0.1   1   2   9.7e-06   0.00012   17.8   0.0    52   119     3    71     1   149 0.70 -
BLYE01000159_1:124966-125775   -            270 604979at2759         -            307   2.9e-06   23.1   0.1   2   2      0.37       4.5    2.8   0.0   168   196   223   253   193   265 0.70 -
BLYE01000001_1:3204987-3205532 -            182 604979at2759         -            307   3.4e-06   22.9   0.2   1   3      0.34       4.2    2.9   0.0   133   151    14    32     5    49 0.80 -
BLYE01000001_1:3204987-3205532 -            182 604979at2759         -            307   3.4e-06   22.9   0.2   2   3    0.0038     0.046    9.3   0.0   118   153    99   134    90   153 0.73 -
BLYE01000001_1:3204987-3205532 -            182 604979at2759         -            307   3.4e-06   22.9   0.2   3   3     4e-05   0.00049   15.8   0.1   172   225   115   178   111   181 0.81 -
BLYE01000088_1:111625-112170   -            182 604979at2759         -            307   3.4e-06   22.9   0.2   1   3      0.34       4.2    2.9   0.0   133   151    14    32     5    49 0.80 -
BLYE01000088_1:111625-112170   -            182 604979at2759         -            307   3.4e-06   22.9   0.2   2   3    0.0038     0.046    9.3   0.0   118   153    99   134    90   153 0.73 -
BLYE01000088_1:111625-112170   -            182 604979at2759         -            307   3.4e-06   22.9   0.2   3   3     4e-05   0.00049   15.8   0.1   172   225   115   178   111   181 0.81 -
BLYE01000019_1:624326-625135   -            270 604979at2759         -            307   4.1e-06   22.6   0.1   1   2   1.2e-05   0.00015   17.5   0.0    52   118     3    70     1   145 0.76 -
BLYE01000019_1:624326-625135   -            270 604979at2759         -            307   4.1e-06   22.6   0.1   2   2      0.39       4.8    2.7   0.0   168   196   223   253   196   264 0.69 -
BLYE01000001_1:813289-814017   -            243 604979at2759         -            307   4.8e-06   22.4   0.0   1   3   4.7e-05   0.00057   15.6   0.0   208   260    11    65     4    68 0.78 -
BLYE01000001_1:813289-814017   -            243 604979at2759         -            307   4.8e-06   22.4   0.0   2   3      0.04      0.49    5.9   0.0   133   156    57    80    54    92 0.82 -
BLYE01000001_1:813289-814017   -            243 604979at2759         -            307   4.8e-06   22.4   0.0   3   3       4.1        50   -0.7   0.0    55    98   191   237   180   243 0.52 -
BLYE01000104_1:104000-104275   -             92 604979at2759         -            307     6e-06   22.1   0.0   1   1     6e-07   7.3e-06   21.8   0.0   194   247    31    86    20    92 0.84 -
BLYE01000006_1:1079917-1080579 -            221 604979at2759         -            307   9.3e-06   21.4   0.0   1   2     0.073      0.89    5.1   0.0   135   176    59   102    55   119 0.76 -
BLYE01000006_1:1079917-1080579 -            221 604979at2759         -            307   9.3e-06   21.4   0.0   2   2    0.0002    0.0024   13.5   0.0    41   100   126   184   112   189 0.80 -
BLYE01000019_1:519820-520353   -            178 604979at2759         -            307   1.1e-05   21.2   0.1   1   3      0.54       6.6    2.2   0.0   136   163     4    31     1    38 0.86 -
BLYE01000019_1:519820-520353   -            178 604979at2759         -            307   1.1e-05   21.2   0.1   2   3   0.00022    0.0027   13.3   0.0   112   151    37    80    23    87 0.73 -
BLYE01000019_1:519820-520353   -            178 604979at2759         -            307   1.1e-05   21.2   0.1   3   3      0.39       4.7    2.7   0.0    46    67   157   178   134   178 0.87 -
BLYE01000159_1:26165-26698     -            178 604979at2759         -            307   1.5e-05   20.8   0.1   1   3      0.73       8.9    1.8   0.0   136   162     4    30     1    33 0.85 -
BLYE01000159_1:26165-26698     -            178 604979at2759         -            307   1.5e-05   20.8   0.1   2   3   0.00031    0.0038   12.9   0.0   119   151    47    80    33    88 0.72 -
BLYE01000159_1:26165-26698     -            178 604979at2759         -            307   1.5e-05   20.8   0.1   3   3      0.39       4.7    2.7   0.0    46    67   157   178   134   178 0.87 -
BLYE01000024_1:445913-446461   -            183 604979at2759         -            307   1.6e-05   20.6   1.4   1   3   0.00057     0.007   12.0   0.1   267   304     2    39     1    43 0.84 -
BLYE01000024_1:445913-446461   -            183 604979at2759         -            307   1.6e-05   20.6   1.4   2   3     0.027      0.33    6.5   0.4    78   151    47   128    41   158 0.49 -
BLYE01000024_1:445913-446461   -            183 604979at2759         -            307   1.6e-05   20.6   1.4   3   3       9.9   1.2e+02   -1.9   0.0   210   225   167   182   164   183 0.84 -
BLYE01000142_1:67952-68857     -            302 604979at2759         -            307   1.9e-05   20.4   0.1   1   3       2.5        30    0.1   0.0   243   263    41    60    35    75 0.70 -
BLYE01000142_1:67952-68857     -            302 604979at2759         -            307   1.9e-05   20.4   0.1   2   3     0.032      0.39    6.3   0.0    35    97    72   138    58   155 0.71 -
BLYE01000142_1:67952-68857     -            302 604979at2759         -            307   1.9e-05   20.4   0.1   3   3    0.0018     0.022   10.3   0.0   149   250   166   274   164   292 0.73 -
BLYE01000004_1:1315264-1315920 -            219 604979at2759         -            307   2.2e-05   20.2   0.0   1   2       4.9        60   -0.9   0.0   126   152     4    30     1    40 0.62 -
BLYE01000004_1:1315264-1315920 -            219 604979at2759         -            307   2.2e-05   20.2   0.0   2   2   8.2e-06    0.0001   18.0   0.0   228   264    42    78    36    84 0.91 -
BLYE01000008_1:533683-534162   -            160 604979at2759         -            307   2.7e-05   19.9   0.0   1   2     0.089       1.1    4.8   0.0   172   234     4    71     1   106 0.53 -
BLYE01000008_1:533683-534162   -            160 604979at2759         -            307   2.7e-05   19.9   0.0   2   2    0.0002    0.0024   13.5   0.0   235   264   128   157   109   159 0.79 -
BLYE01000009_1:320222-320730   -            125 604979at2759         -            307   3.1e-05   19.7   0.2   1   1     4e-06   4.8e-05   19.1   0.0   224   303     2    79     1    82 0.81 -
BLYE01000124_1:136068-136575   -            125 604979at2759         -            307   3.1e-05   19.7   0.2   1   1     4e-06   4.8e-05   19.1   0.0   224   303     2    79     1    82 0.81 -
BLYE01000002_1:509734-510009   -             92 604979at2759         -            307   5.7e-05   18.9   0.8   1   2      0.15       1.9    4.0   0.1   128   128    24    24     2    50 0.42 -
BLYE01000002_1:509734-510009   -             92 604979at2759         -            307   5.7e-05   18.9   0.8   2   2   0.00039    0.0048   12.5   0.1   263   296    56    89    48    92 0.90 -
BLYE01000034_1:164463-164822   -            120 604979at2759         -            307     6e-05   18.8   0.0   1   1   5.7e-06   6.9e-05   18.6   0.0   180   255    10    89     1   114 0.67 -
BLYE01000001_1:584306-584968   -            221 604979at2759         -            307   6.8e-05   18.6   0.0   1   1     1e-05   0.00012   17.7   0.0   202   260   153   214   109   219 0.73 -
BLYE01000014_1:576448-577119   -            224 604979at2759         -            307   0.00011   18.0   0.0   1   3     0.098       1.2    4.7   0.0   227   264    41    79    10    98 0.68 -
BLYE01000014_1:576448-577119   -            224 604979at2759         -            307   0.00011   18.0   0.0   2   3     0.011      0.13    7.8   0.0   127   185   111   171   106   181 0.67 -
BLYE01000014_1:576448-577119   -            224 604979at2759         -            307   0.00011   18.0   0.0   3   3       2.4        29    0.1   0.0   269   290   195   216   176   220 0.68 -
BLYE01000142_1:348334-349005   -            224 604979at2759         -            307   0.00011   18.0   0.0   1   3     0.098       1.2    4.7   0.0   227   264    41    79    10    98 0.68 -
BLYE01000142_1:348334-349005   -            224 604979at2759         -            307   0.00011   18.0   0.0   2   3     0.011      0.13    7.8   0.0   127   185   111   171   106   181 0.67 -
BLYE01000142_1:348334-349005   -            224 604979at2759         -            307   0.00011   18.0   0.0   3   3       2.4        29    0.1   0.0   269   290   195   216   176   220 0.68 -
BLYE01000022_1:154274-155371   -            366 604979at2759         -            307   0.00011   17.9   0.1   1   2     0.029      0.36    6.4   0.0   118   148   139   170   129   188 0.74 -
BLYE01000022_1:154274-155371   -            366 604979at2759         -            307   0.00011   17.9   0.1   2   2    0.0069     0.084    8.4   0.0   175   256   277   363   261   366 0.75 -
BLYE01000001_1:877919-878470   -            184 604979at2759         -            307   0.00063   15.4   0.0   1   2       1.4        17    0.8   0.0   172   187    55    72    30    79 0.53 -
BLYE01000001_1:877919-878470   -            184 604979at2759         -            307   0.00063   15.4   0.0   2   2    0.0076     0.093    8.3   0.0   200   249   109   159    98   168 0.81 -
BLYE01000003_1:1102500-1107173 -           1503 604979at2759         -            307    0.0008   15.1   2.8   1   3    0.0051     0.062    8.9   0.0   123   157  1067  1101  1057  1116 0.82 -
BLYE01000003_1:1102500-1107173 -           1503 604979at2759         -            307    0.0008   15.1   2.8   2   3       0.3       3.7    3.1   0.1    82   120  1228  1267  1190  1282 0.67 -
BLYE01000003_1:1102500-1107173 -           1503 604979at2759         -            307    0.0008   15.1   2.8   3   3       7.1        86   -1.4   0.0   130   150  1390  1411  1374  1418 0.68 -
BLYE01000001_1:1536478-1537077 -            200 604979at2759         -            307    0.0011   14.6   0.0   1   2      0.77       9.3    1.7   0.0    53   225    11    27     2   119 0.58 -
BLYE01000001_1:1536478-1537077 -            200 604979at2759         -            307    0.0011   14.6   0.0   2   2    0.0011     0.014   11.0   0.0    74   112   121   161    79   177 0.67 -
BLYE01000012_1:665905-666423   -            173 604979at2759         -            307    0.0017   14.0   0.0   1   2   0.00088     0.011   11.4   0.0   137   248    13    93     3   123 0.54 -
BLYE01000012_1:665905-666423   -            173 604979at2759         -            307    0.0017   14.0   0.0   2   2       3.8        46   -0.6   0.0    94   130   100   134    95   143 0.67 -
BLYE01000024_1:169746-170351   -            202 604979at2759         -            307    0.0033   13.0   0.1   1   1   0.00068    0.0082   11.8   0.0   267   298     2    33     1    49 0.75 -
BLYE01000001_1:735839-736618   -            260 604979at2759         -            307     0.007   12.0   0.1   1   1    0.0016     0.019   10.6   0.0   149   295    66   104    32   144 0.63 -
BLYE01000017_1:460611-462296   -            562 604979at2759         -            307    0.0075   11.9   0.2   1   2       5.8        70   -1.2   0.0   205   226   365   386   359   394 0.74 -
BLYE01000017_1:460611-462296   -            562 604979at2759         -            307    0.0075   11.9   0.2   2   2    0.0086       0.1    8.1   0.0   144   187   436   485   409   491 0.73 -
BLYE01000156_1:266509-268194   -            562 604979at2759         -            307    0.0075   11.9   0.2   1   2       5.8        70   -1.2   0.0   205   226   365   386   359   394 0.74 -
BLYE01000156_1:266509-268194   -            562 604979at2759         -            307    0.0075   11.9   0.2   2   2    0.0086       0.1    8.1   0.0   144   187   436   485   409   491 0.73 -
BLYE01000003_1:1233342-1233860 -            173 604979at2759         -            307    0.0078   11.8   1.2   1   1   0.00069    0.0084   11.7   0.1   129   187    11    78     1    93 0.65 -
BLYE01000028_1:321021-322235   -            405 604979at2759         -            307      0.01   11.4   2.3   1   2    0.0042     0.051    9.1   0.0   121   160     2    42     1    57 0.63 -
BLYE01000028_1:321021-322235   -            405 604979at2759         -            307      0.01   11.4   2.3   2   2       1.2        15    1.1   0.0   281   304    74    97    66   100 0.75 -
#
# Program:         hmmsearch
# Version:         3.1b2 (February 2015)
# Pipeline mode:   SEARCH
# Query file:      /Users/aholzer/ownCloud/PhD/Publications/2021 Liavero-Pasquina et al./analysis/TPP_aptamer_search/busco_downloads/lineages/eukaryota_odb10/hmms/604979at2759.hmm
# Target file:     /Users/aholzer/ownCloud/PhD/Publications/2021 Liavero-Pasquina et al./analysis/TPP_aptamer_search/genomes/BUSCO_eukaryota_obd10/Nitzschia_putrida_Nputr_1.0/run_eukaryota_odb10/metaeuk_output/initial_results/GCA_016586335.1_Nputr_1.0_genomic.fna.modified.fas
# Option settings: hmmsearch --domtblout /Users/aholzer/ownCloud/PhD/Publications/2021 Liavero-Pasquina et al./analysis/TPP_aptamer_search/genomes/BUSCO_eukaryota_obd10/Nitzschia_putrida_Nputr_1.0/run_eukaryota_odb10/hmmer_output/initial_run_results/604979at2759.out --cpu 1 /Users/aholzer/ownCloud/PhD/Publications/2021 Liavero-Pasquina et al./analysis/TPP_aptamer_search/busco_downloads/lineages/eukaryota_odb10/hmms/604979at2759.hmm /Users/aholzer/ownCloud/PhD/Publications/2021 Liavero-Pasquina et al./analysis/TPP_aptamer_search/genomes/BUSCO_eukaryota_obd10/Nitzschia_putrida_Nputr_1.0/run_eukaryota_odb10/metaeuk_output/initial_results/GCA_016586335.1_Nputr_1.0_genomic.fna.modified.fas 
# Current dir:     /Users/aholzer/ownCloud/PhD/Publications/2021 Liavero-Pasquina et al./analysis/TPP_aptamer_search
# Date:            Sat Apr 17 17:48:55 2021
# [ok]
