#                                                                                      --- full sequence --- -------------- this domain -------------   hmm coord   ali coord   env coord
# target name                  accession   tlen query name           accession   qlen   E-value  score  bias   #  of  c-Evalue  i-Evalue  score  bias  from    to  from    to  from    to  acc description of target
#          ------------------- ---------- ----- -------------------- ---------- ----- --------- ------ ----- --- --- --------- --------- ------ ----- ----- ----- ----- ----- ----- ----- ---- ---------------------
BLYE01000002_1:1219740-1220827 -            332 779909at2759         -            227   1.5e-45  151.7   1.2   1   3   2.3e-31     3e-30  101.7   0.0     1   130     3   152     3   158 0.86 -
BLYE01000002_1:1219740-1220827 -            332 779909at2759         -            227   1.5e-45  151.7   1.2   2   3       1.2        15    1.2   0.0    65    94   179   208   171   227 0.71 -
BLYE01000002_1:1219740-1220827 -            332 779909at2759         -            227   1.5e-45  151.7   1.2   3   3     2e-11   2.6e-10   36.5   5.1   157   211   230   301   226   332 0.76 -
BLYE01000001_1:1476434-1478750 -            728 779909at2759         -            227   4.3e-22   75.0   3.7   1   5      0.21       2.6    3.7   0.0    54    95   390   432   386   449 0.80 -
BLYE01000001_1:1476434-1478750 -            728 779909at2759         -            227   4.3e-22   75.0   3.7   2   5   0.00044    0.0056   12.5   0.0    63   100   455   492   444   498 0.87 -
BLYE01000001_1:1476434-1478750 -            728 779909at2759         -            227   4.3e-22   75.0   3.7   3   5   0.00067    0.0085   11.9   0.0    59    98   492   531   486   547 0.89 -
BLYE01000001_1:1476434-1478750 -            728 779909at2759         -            227   4.3e-22   75.0   3.7   4   5     7e-10   8.9e-09   31.5   0.1     3    99   514   617   513   625 0.81 -
BLYE01000001_1:1476434-1478750 -            728 779909at2759         -            227   4.3e-22   75.0   3.7   5   5   1.1e-06   1.4e-05   21.0   0.0     2    94   630   727   629   728 0.83 -
BLYE01000003_1:419226-420122   -            299 779909at2759         -            227   1.6e-21   73.2   0.9   1   4    0.0036     0.046    9.5   0.0    57    97    37    78    30    81 0.81 -
BLYE01000003_1:419226-420122   -            299 779909at2759         -            227   1.6e-21   73.2   0.9   2   4   5.2e-05   0.00066   15.5   0.0    57    99    80   122    76   132 0.81 -
BLYE01000003_1:419226-420122   -            299 779909at2759         -            227   1.6e-21   73.2   0.9   3   4   1.6e-06   2.1e-05   20.4   0.0    59    97   124   162   120   174 0.87 -
BLYE01000003_1:419226-420122   -            299 779909at2759         -            227   1.6e-21   73.2   0.9   4   4    0.0029     0.037    9.8   0.0    47    93   251   299   244   299 0.92 -
BLYE01000009_1:236046-237038   -            331 779909at2759         -            227   6.9e-21   71.1   3.1   1   4   2.7e-07   3.4e-06   23.0   0.3     3    99    18   127    17   143 0.82 -
BLYE01000009_1:236046-237038   -            331 779909at2759         -            227   6.9e-21   71.1   3.1   2   4     0.005     0.064    9.0   0.0     3    40   150   192   148   197 0.82 -
BLYE01000009_1:236046-237038   -            331 779909at2759         -            227   6.9e-21   71.1   3.1   3   4   1.3e-05   0.00017   17.5   0.0    51    94   245   288   239   294 0.91 -
BLYE01000009_1:236046-237038   -            331 779909at2759         -            227   6.9e-21   71.1   3.1   4   4   8.7e-05    0.0011   14.8   0.1    61    94   297   330   291   331 0.78 -
BLYE01000124_1:49909-50901     -            331 779909at2759         -            227     7e-21   71.1   3.2   1   3   2.7e-07   3.4e-06   23.0   0.3     3    99    18   127    17   143 0.82 -
BLYE01000124_1:49909-50901     -            331 779909at2759         -            227     7e-21   71.1   3.2   2   3     0.005     0.064    9.0   0.0     3    40   150   192   148   197 0.82 -
BLYE01000124_1:49909-50901     -            331 779909at2759         -            227     7e-21   71.1   3.2   3   3   1.3e-05   0.00016   17.5   0.0    50    94   244   288   235   294 0.91 -
BLYE01000022_1:312855-315770   -            972 779909at2759         -            227     2e-20   69.6   4.0   1   6   4.1e-06   5.2e-05   19.1   0.0    63   103   140   180   112   183 0.91 -
BLYE01000022_1:312855-315770   -            972 779909at2759         -            227     2e-20   69.6   4.0   2   6       1.2        15    1.3   0.1    47    95   220   268   196   290 0.66 -
BLYE01000022_1:312855-315770   -            972 779909at2759         -            227     2e-20   69.6   4.0   3   6    0.0027     0.034    9.9   0.0    46   100   442   494   390   519 0.83 -
BLYE01000022_1:312855-315770   -            972 779909at2759         -            227     2e-20   69.6   4.0   4   6     0.083       1.1    5.0   0.0    59    95   570   606   565   621 0.79 -
BLYE01000022_1:312855-315770   -            972 779909at2759         -            227     2e-20   69.6   4.0   5   6   6.9e-07   8.8e-06   21.7   0.1     2    99   591   694   590   698 0.88 -
BLYE01000022_1:312855-315770   -            972 779909at2759         -            227     2e-20   69.6   4.0   6   6   7.2e-08   9.2e-07   24.9   0.0     2   117   633   754   632   761 0.80 -
BLYE01000170_1:307-3222        -            972 779909at2759         -            227     2e-20   69.6   4.0   1   6   4.1e-06   5.2e-05   19.1   0.0    63   103   140   180   112   183 0.91 -
BLYE01000170_1:307-3222        -            972 779909at2759         -            227     2e-20   69.6   4.0   2   6       1.2        15    1.3   0.1    47    95   220   268   196   290 0.66 -
BLYE01000170_1:307-3222        -            972 779909at2759         -            227     2e-20   69.6   4.0   3   6    0.0027     0.034    9.9   0.0    46   100   442   494   390   519 0.83 -
BLYE01000170_1:307-3222        -            972 779909at2759         -            227     2e-20   69.6   4.0   4   6     0.083       1.1    5.0   0.0    59    95   570   606   565   621 0.79 -
BLYE01000170_1:307-3222        -            972 779909at2759         -            227     2e-20   69.6   4.0   5   6   6.9e-07   8.8e-06   21.7   0.1     2    99   591   694   590   698 0.88 -
BLYE01000170_1:307-3222        -            972 779909at2759         -            227     2e-20   69.6   4.0   6   6   7.2e-08   9.2e-07   24.9   0.0     2   117   633   754   632   761 0.80 -
BLYE01000042_1:129563-130291   -            243 779909at2759         -            227   3.8e-20   68.7   0.1   1   3    0.0038     0.049    9.4   0.0    69   100     5    36     1    40 0.85 -
BLYE01000042_1:129563-130291   -            243 779909at2759         -            227   3.8e-20   68.7   0.1   2   3   5.6e-09   7.1e-08   28.5   0.0     3   100    17   126    16   144 0.77 -
BLYE01000042_1:129563-130291   -            243 779909at2759         -            227   3.8e-20   68.7   0.1   3   3   1.9e-07   2.4e-06   23.5   0.0     3    93   149   243   147   243 0.80 -
BLYE01000213_1:75337-76065     -            243 779909at2759         -            227   3.8e-20   68.7   0.1   1   3    0.0038     0.049    9.4   0.0    69   100     5    36     1    40 0.85 -
BLYE01000213_1:75337-76065     -            243 779909at2759         -            227   3.8e-20   68.7   0.1   2   3   5.6e-09   7.1e-08   28.5   0.0     3   100    17   126    16   144 0.77 -
BLYE01000213_1:75337-76065     -            243 779909at2759         -            227   3.8e-20   68.7   0.1   3   3   1.9e-07   2.4e-06   23.5   0.0     3    93   149   243   147   243 0.80 -
BLYE01000012_1:228716-229726   -            337 779909at2759         -            227     2e-19   66.3   4.5   1   6      0.94        12    1.6   0.0     3    25    42    64    40    86 0.79 -
BLYE01000012_1:228716-229726   -            337 779909at2759         -            227     2e-19   66.3   4.5   2   6    0.0027     0.034    9.9   0.0    60    97   136   173   128   176 0.82 -
BLYE01000012_1:228716-229726   -            337 779909at2759         -            227     2e-19   66.3   4.5   3   6   0.00024     0.003   13.4   0.0    61    98   179   216   173   223 0.88 -
BLYE01000012_1:228716-229726   -            337 779909at2759         -            227     2e-19   66.3   4.5   4   6   4.7e-05    0.0006   15.7   0.0    58    97   218   257   215   265 0.92 -
BLYE01000012_1:228716-229726   -            337 779909at2759         -            227     2e-19   66.3   4.5   5   6   4.8e-05   0.00061   15.6   0.0    59    97   261   299   257   305 0.89 -
BLYE01000012_1:228716-229726   -            337 779909at2759         -            227     2e-19   66.3   4.5   6   6      0.89        11    1.7   0.0     3    15   325   337   323   337 0.88 -
BLYE01000001_1:933239-934039   -            267 779909at2759         -            227   1.2e-18   63.8   0.2   1   4    0.0091      0.12    8.2   0.1    78    99     2    23     1    44 0.84 -
BLYE01000001_1:933239-934039   -            267 779909at2759         -            227   1.2e-18   63.8   0.2   2   4    0.0028     0.036    9.9   0.0    69   105    46    83    29    92 0.82 -
BLYE01000001_1:933239-934039   -            267 779909at2759         -            227   1.2e-18   63.8   0.2   3   4    0.0039     0.049    9.4   0.0    60    95   145   182   138   194 0.77 -
BLYE01000001_1:933239-934039   -            267 779909at2759         -            227   1.2e-18   63.8   0.2   4   4   5.9e-10   7.5e-09   31.7   0.0    56   125   185   267   181   267 0.76 -
BLYE01000017_1:751760-753172   -            471 779909at2759         -            227   3.5e-18   62.2   5.6   1   7      0.28       3.6    3.3   0.0    66    99    90   123    80   160 0.73 -
BLYE01000017_1:751760-753172   -            471 779909at2759         -            227   3.5e-18   62.2   5.6   2   7      0.22       2.8    3.7   0.0    64   109   130   175   124   177 0.87 -
BLYE01000017_1:751760-753172   -            471 779909at2759         -            227   3.5e-18   62.2   5.6   3   7   0.00064    0.0082   12.0   0.0    57    99   164   207   160   215 0.84 -
BLYE01000017_1:751760-753172   -            471 779909at2759         -            227   3.5e-18   62.2   5.6   4   7   6.5e-05   0.00083   15.2   0.1    45    98   196   248   196   254 0.90 -
BLYE01000017_1:751760-753172   -            471 779909at2759         -            227   3.5e-18   62.2   5.6   5   7   2.6e-07   3.3e-06   23.1   0.1    61    98   253   290   249   294 0.92 -
BLYE01000017_1:751760-753172   -            471 779909at2759         -            227   3.5e-18   62.2   5.6   6   7   5.7e-05   0.00072   15.4   0.0    47    96   282   331   281   340 0.87 -
BLYE01000017_1:751760-753172   -            471 779909at2759         -            227   3.5e-18   62.2   5.6   7   7      0.36       4.6    2.9   0.0    66    94   347   375   334   383 0.78 -
BLYE01000019_1:151690-154665   -            911 779909at2759         -            227   4.9e-17   58.5   2.0   1   7       3.3        42   -0.2   0.0    10    51    50    92    42   138 0.74 -
BLYE01000019_1:151690-154665   -            911 779909at2759         -            227   4.9e-17   58.5   2.0   2   7     0.001     0.013   11.3   0.1    61    98   155   192   142   204 0.88 -
BLYE01000019_1:151690-154665   -            911 779909at2759         -            227   4.9e-17   58.5   2.0   3   7       2.4        30    0.3   0.0    48    98   343   394   315   398 0.86 -
BLYE01000019_1:151690-154665   -            911 779909at2759         -            227   4.9e-17   58.5   2.0   4   7     0.003     0.038    9.8   0.0    59    98   397   436   389   452 0.72 -
BLYE01000019_1:151690-154665   -            911 779909at2759         -            227   4.9e-17   58.5   2.0   5   7     0.017      0.22    7.3   0.0    60   120   441   503   434   511 0.75 -
BLYE01000019_1:151690-154665   -            911 779909at2759         -            227   4.9e-17   58.5   2.0   6   7   2.5e-06   3.2e-05   19.9   0.0     2   128   460   606   459   613 0.72 -
BLYE01000019_1:151690-154665   -            911 779909at2759         -            227   4.9e-17   58.5   2.0   7   7     0.058      0.74    5.6   0.0    63    96   633   666   623   676 0.85 -
BLYE01000160_1:134975-137950   -            911 779909at2759         -            227   4.9e-17   58.5   2.0   1   7       3.3        42   -0.2   0.0    10    51    50    92    42   138 0.74 -
BLYE01000160_1:134975-137950   -            911 779909at2759         -            227   4.9e-17   58.5   2.0   2   7     0.001     0.013   11.3   0.1    61    98   155   192   142   204 0.88 -
BLYE01000160_1:134975-137950   -            911 779909at2759         -            227   4.9e-17   58.5   2.0   3   7       2.4        30    0.3   0.0    48    98   343   394   315   398 0.86 -
BLYE01000160_1:134975-137950   -            911 779909at2759         -            227   4.9e-17   58.5   2.0   4   7     0.003     0.038    9.8   0.0    59    98   397   436   389   452 0.72 -
BLYE01000160_1:134975-137950   -            911 779909at2759         -            227   4.9e-17   58.5   2.0   5   7     0.017      0.22    7.3   0.0    60   120   441   503   434   511 0.75 -
BLYE01000160_1:134975-137950   -            911 779909at2759         -            227   4.9e-17   58.5   2.0   6   7   2.5e-06   3.2e-05   19.9   0.0     2   128   460   606   459   613 0.72 -
BLYE01000160_1:134975-137950   -            911 779909at2759         -            227   4.9e-17   58.5   2.0   7   7     0.058      0.74    5.6   0.0    63    96   633   666   623   676 0.85 -
BLYE01000001_1:3281543-3283351 -            603 779909at2759         -            227   6.1e-17   58.2   0.2   1   5   0.00027    0.0034   13.2   0.0    61    96    11    46     4    51 0.91 -
BLYE01000001_1:3281543-3283351 -            603 779909at2759         -            227   6.1e-17   58.2   0.2   2   5   0.00073    0.0094   11.8   0.0    63   104    55    99    48   104 0.78 -
BLYE01000001_1:3281543-3283351 -            603 779909at2759         -            227   6.1e-17   58.2   0.2   3   5    0.0041     0.052    9.3   0.0    60    96    97   133    91   150 0.87 -
BLYE01000001_1:3281543-3283351 -            603 779909at2759         -            227   6.1e-17   58.2   0.2   4   5    0.0094      0.12    8.1   0.0     3    97   118   212   117   218 0.72 -
BLYE01000001_1:3281543-3283351 -            603 779909at2759         -            227   6.1e-17   58.2   0.2   5   5   4.3e-05   0.00055   15.8   0.1    57    96   216   255   205   266 0.82 -
BLYE01000088_1:188084-189892   -            603 779909at2759         -            227   6.1e-17   58.2   0.2   1   5   0.00027    0.0034   13.2   0.0    61    96    11    46     4    51 0.91 -
BLYE01000088_1:188084-189892   -            603 779909at2759         -            227   6.1e-17   58.2   0.2   2   5   0.00073    0.0094   11.8   0.0    63   104    55    99    48   104 0.78 -
BLYE01000088_1:188084-189892   -            603 779909at2759         -            227   6.1e-17   58.2   0.2   3   5    0.0041     0.052    9.3   0.0    60    96    97   133    91   150 0.87 -
BLYE01000088_1:188084-189892   -            603 779909at2759         -            227   6.1e-17   58.2   0.2   4   5    0.0094      0.12    8.1   0.0     3    97   118   212   117   218 0.72 -
BLYE01000088_1:188084-189892   -            603 779909at2759         -            227   6.1e-17   58.2   0.2   5   5   4.3e-05   0.00055   15.8   0.1    57    96   216   255   205   266 0.82 -
BLYE01000027_1:287326-288090   -            255 779909at2759         -            227   2.3e-15   53.0   3.5   1   3   1.8e-06   2.3e-05   20.3   0.0    59    98    10    49     1    68 0.84 -
BLYE01000027_1:287326-288090   -            255 779909at2759         -            227   2.3e-15   53.0   3.5   2   3   4.8e-05   0.00062   15.6   0.1     3    44    93   135    91   177 0.65 -
BLYE01000027_1:287326-288090   -            255 779909at2759         -            227   2.3e-15   53.0   3.5   3   3   3.8e-05   0.00048   16.0   0.1    46    94   208   255   179   255 0.83 -
BLYE01000018_1:3234-4502       -            423 779909at2759         -            227   9.2e-15   51.0   0.0   1   4   8.5e-08   1.1e-06   24.6   0.0     4    98   129   229   126   251 0.83 -
BLYE01000018_1:3234-4502       -            423 779909at2759         -            227   9.2e-15   51.0   0.0   2   4   2.4e-05   0.00031   16.6   0.0    39   105   271   341   250   349 0.74 -
BLYE01000018_1:3234-4502       -            423 779909at2759         -            227   9.2e-15   51.0   0.0   3   4      0.12       1.5    4.6   0.0    58   100   343   385   331   399 0.78 -
BLYE01000018_1:3234-4502       -            423 779909at2759         -            227   9.2e-15   51.0   0.0   4   4      0.52       6.6    2.4   0.0    47    92   375   422   373   423 0.52 -
BLYE01000060_1:6439-7494       -            352 779909at2759         -            227   1.7e-14   50.1   1.7   1   3   0.00092     0.012   11.4   0.4     8    96    37   134    31   137 0.68 -
BLYE01000060_1:6439-7494       -            352 779909at2759         -            227   1.7e-14   50.1   1.7   2   3   4.1e-06   5.2e-05   19.1   0.0    50   102   131   183   128   198 0.92 -
BLYE01000060_1:6439-7494       -            352 779909at2759         -            227   1.7e-14   50.1   1.7   3   3   1.2e-05   0.00015   17.6   0.0     6    95   228   327   222   334 0.82 -
BLYE01000006_1:171482-172321   -            280 779909at2759         -            227   3.7e-14   49.1   0.0   1   3   5.9e-05   0.00076   15.3   0.0    37    96     3    66     1    72 0.80 -
BLYE01000006_1:171482-172321   -            280 779909at2759         -            227   3.7e-14   49.1   0.0   2   3    0.0013     0.016   11.0   0.0    30    97   156   227   142   229 0.74 -
BLYE01000006_1:171482-172321   -            280 779909at2759         -            227   3.7e-14   49.1   0.0   3   3   4.3e-06   5.5e-05   19.1   0.1    55    97   235   275   231   278 0.87 -
BLYE01000036_1:199350-200303   -            318 779909at2759         -            227   2.6e-13   46.3   0.1   1   3    0.0042     0.054    9.3   0.2     9    99    38   136    31   142 0.72 -
BLYE01000036_1:199350-200303   -            318 779909at2759         -            227   2.6e-13   46.3   0.1   2   3   9.7e-06   0.00012   17.9   0.1    48   100   128   180   125   187 0.91 -
BLYE01000036_1:199350-200303   -            318 779909at2759         -            227   2.6e-13   46.3   0.1   3   3   4.6e-06   5.9e-05   19.0   0.0     6    96   214   311   207   317 0.79 -
BLYE01000037_1:128239-129102   -            288 779909at2759         -            227   3.1e-13   46.0   0.2   1   4      0.01      0.13    8.0   0.0     3   106     9   118     7   130 0.78 -
BLYE01000037_1:128239-129102   -            288 779909at2759         -            227   3.1e-13   46.0   0.2   2   4   4.1e-09   5.3e-08   28.9   0.1     5    98    95   197    93   203 0.71 -
BLYE01000037_1:128239-129102   -            288 779909at2759         -            227   3.1e-13   46.0   0.2   3   4      0.95        12    1.6   0.0    70    95   220   245   211   249 0.86 -
BLYE01000037_1:128239-129102   -            288 779909at2759         -            227   3.1e-13   46.0   0.2   4   4     0.021      0.27    7.0   0.0    43    93   236   288   225   288 0.85 -
BLYE01000004_1:107898-108380   -            161 779909at2759         -            227   6.9e-13   44.9   0.0   1   2   9.9e-09   1.3e-07   27.7   0.0     2   108    18   127    17   130 0.79 -
BLYE01000004_1:107898-108380   -            161 779909at2759         -            227   6.9e-13   44.9   0.0   2   2   6.7e-07   8.6e-06   21.7   0.0     4    93    62   161    60   161 0.84 -
BLYE01000104_1:104471-104953   -            161 779909at2759         -            227   6.9e-13   44.9   0.0   1   2   9.9e-09   1.3e-07   27.7   0.0     2   108    18   127    17   130 0.79 -
BLYE01000104_1:104471-104953   -            161 779909at2759         -            227   6.9e-13   44.9   0.0   2   2   6.7e-07   8.6e-06   21.7   0.0     4    93    62   161    60   161 0.84 -
BLYE01000004_1:718344-719267   -            308 779909at2759         -            227   7.7e-13   44.7   0.6   1   3    0.0065     0.083    8.7   0.1    54    99    51    96    30   108 0.78 -
BLYE01000004_1:718344-719267   -            308 779909at2759         -            227   7.7e-13   44.7   0.6   2   3      0.19       2.4    3.9   0.0    51    97   131   177    97   210 0.73 -
BLYE01000004_1:718344-719267   -            308 779909at2759         -            227   7.7e-13   44.7   0.6   3   3   3.8e-09   4.8e-08   29.1   0.0     6    94   210   305   203   307 0.87 -
BLYE01000106_1:219263-220186   -            308 779909at2759         -            227   7.7e-13   44.7   0.6   1   3    0.0065     0.083    8.7   0.1    54    99    51    96    30   108 0.78 -
BLYE01000106_1:219263-220186   -            308 779909at2759         -            227   7.7e-13   44.7   0.6   2   3      0.19       2.4    3.9   0.0    51    97   131   177    97   210 0.73 -
BLYE01000106_1:219263-220186   -            308 779909at2759         -            227   7.7e-13   44.7   0.6   3   3   3.8e-09   4.8e-08   29.1   0.0     6    94   210   305   203   307 0.87 -
BLYE01000012_1:345620-346540   -            272 779909at2759         -            227   1.1e-12   44.3   0.1   1   3     4e-09   5.2e-08   29.0   0.0    29   127    42   145     1   152 0.80 -
BLYE01000012_1:345620-346540   -            272 779909at2759         -            227   1.1e-12   44.3   0.1   2   3      0.87        11    1.7   0.0    79   106   169   198   162   202 0.79 -
BLYE01000012_1:345620-346540   -            272 779909at2759         -            227   1.1e-12   44.3   0.1   3   3     0.022      0.28    6.9   0.0     4    24   221   241   219   271 0.74 -
BLYE01000046_1:66002-66871     -            290 779909at2759         -            227   1.5e-12   43.8   0.0   1   3   4.8e-05   0.00061   15.6   0.0    58   100    33    76    22    82 0.81 -
BLYE01000046_1:66002-66871     -            290 779909at2759         -            227   1.5e-12   43.8   0.0   2   3   8.6e-07   1.1e-05   21.4   0.0    11   104   131   223   103   230 0.84 -
BLYE01000046_1:66002-66871     -            290 779909at2759         -            227   1.5e-12   43.8   0.0   3   3      0.93        12    1.6   0.0    71    87   232   248   224   260 0.69 -
BLYE01000218_1:46628-47497     -            290 779909at2759         -            227   1.5e-12   43.8   0.0   1   3   4.8e-05   0.00061   15.6   0.0    58   100    33    76    22    82 0.81 -
BLYE01000218_1:46628-47497     -            290 779909at2759         -            227   1.5e-12   43.8   0.0   2   3   8.6e-07   1.1e-05   21.4   0.0    11   104   131   223   103   230 0.84 -
BLYE01000218_1:46628-47497     -            290 779909at2759         -            227   1.5e-12   43.8   0.0   3   3      0.93        12    1.6   0.0    71    87   232   248   224   260 0.69 -
BLYE01000012_1:29323-31302     -            660 779909at2759         -            227     2e-12   43.4   0.1   1   6       1.2        15    1.3   0.0    54    95    68   109    64   116 0.89 -
BLYE01000012_1:29323-31302     -            660 779909at2759         -            227     2e-12   43.4   0.1   2   6       1.8        23    0.7   0.0    68    97   225   254   214   260 0.84 -
BLYE01000012_1:29323-31302     -            660 779909at2759         -            227     2e-12   43.4   0.1   3   6     0.087       1.1    5.0   0.0    65    97   265   297   247   304 0.84 -
BLYE01000012_1:29323-31302     -            660 779909at2759         -            227     2e-12   43.4   0.1   4   6   0.00054    0.0069   12.2   0.0    61   118   358   415   347   428 0.84 -
BLYE01000012_1:29323-31302     -            660 779909at2759         -            227     2e-12   43.4   0.1   5   6    0.0005    0.0063   12.3   0.0     6    94   510   606   505   615 0.77 -
BLYE01000012_1:29323-31302     -            660 779909at2759         -            227     2e-12   43.4   0.1   6   6      0.45       5.8    2.6   0.0    65    97   620   653   609   657 0.85 -
BLYE01000046_1:112814-114208   -            465 779909at2759         -            227   3.4e-12   42.6   2.1   1   4     0.065      0.83    5.4   0.0    46   124    91   168    85   181 0.71 -
BLYE01000046_1:112814-114208   -            465 779909at2759         -            227   3.4e-12   42.6   2.1   2   4       8.8   1.1e+02   -1.6   0.0    71   100   175   204   152   208 0.62 -
BLYE01000046_1:112814-114208   -            465 779909at2759         -            227   3.4e-12   42.6   2.1   3   4     1e-06   1.3e-05   21.1   0.0    49    99   283   333   228   346 0.83 -
BLYE01000046_1:112814-114208   -            465 779909at2759         -            227   3.4e-12   42.6   2.1   4   4   0.00019    0.0024   13.7   0.2    65    98   344   377   331   386 0.85 -
BLYE01000218_1:99301-100695    -            465 779909at2759         -            227   3.4e-12   42.6   2.1   1   4     0.065      0.83    5.4   0.0    46   124    91   168    85   181 0.71 -
BLYE01000218_1:99301-100695    -            465 779909at2759         -            227   3.4e-12   42.6   2.1   2   4       8.8   1.1e+02   -1.6   0.0    71   100   175   204   152   208 0.62 -
BLYE01000218_1:99301-100695    -            465 779909at2759         -            227   3.4e-12   42.6   2.1   3   4     1e-06   1.3e-05   21.1   0.0    49    99   283   333   228   346 0.83 -
BLYE01000218_1:99301-100695    -            465 779909at2759         -            227   3.4e-12   42.6   2.1   4   4   0.00019    0.0024   13.7   0.2    65    98   344   377   331   386 0.85 -
BLYE01000006_1:194661-195494   -            278 779909at2759         -            227   6.8e-12   41.7   0.2   1   3   0.00014    0.0018   14.1   0.0    48    98    18    68     1    82 0.78 -
BLYE01000006_1:194661-195494   -            278 779909at2759         -            227   6.8e-12   41.7   0.2   2   3    0.0052     0.067    9.0   0.0    32    98   161   231   155   246 0.77 -
BLYE01000006_1:194661-195494   -            278 779909at2759         -            227   6.8e-12   41.7   0.2   3   3   1.3e-05   0.00016   17.5   1.0    33    96   212   271   212   276 0.83 -
BLYE01000053_1:76238-77439     -            336 779909at2759         -            227   1.3e-11   40.7   0.3   1   5    0.0052     0.066    9.0   0.0    62    94     5    37     2    42 0.91 -
BLYE01000053_1:76238-77439     -            336 779909at2759         -            227   1.3e-11   40.7   0.3   2   5    0.0027     0.035    9.9   0.1   162   182    61    81    43    91 0.73 -
BLYE01000053_1:76238-77439     -            336 779909at2759         -            227   1.3e-11   40.7   0.3   3   5   0.00016     0.002   14.0   0.1     3    95    66   177    64   184 0.67 -
BLYE01000053_1:76238-77439     -            336 779909at2759         -            227   1.3e-11   40.7   0.3   4   5    0.0016      0.02   10.7   0.0    47    96   172   220   160   248 0.83 -
BLYE01000053_1:76238-77439     -            336 779909at2759         -            227   1.3e-11   40.7   0.3   5   5      0.94        12    1.6   0.0    61    95   282   316   258   327 0.85 -
BLYE01000014_1:75051-75968     -            306 779909at2759         -            227   1.4e-11   40.6   1.5   1   4    0.0024     0.031   10.1   0.0    56    99     6    50     3    53 0.87 -
BLYE01000014_1:75051-75968     -            306 779909at2759         -            227   1.4e-11   40.6   1.5   2   4   1.6e-05   0.00021   17.2   0.0    56   101    49    94    46   102 0.90 -
BLYE01000014_1:75051-75968     -            306 779909at2759         -            227   1.4e-11   40.6   1.5   3   4    0.0059     0.075    8.8   0.1    59    96   136   174   124   204 0.80 -
BLYE01000014_1:75051-75968     -            306 779909at2759         -            227   1.4e-11   40.6   1.5   4   4       3.3        42   -0.2   0.0   189   210   241   264   223   286 0.60 -
BLYE01000143_1:33553-34470     -            306 779909at2759         -            227   1.4e-11   40.6   1.5   1   4    0.0024     0.031   10.1   0.0    56    99     6    50     3    53 0.87 -
BLYE01000143_1:33553-34470     -            306 779909at2759         -            227   1.4e-11   40.6   1.5   2   4   1.6e-05   0.00021   17.2   0.0    56   101    49    94    46   102 0.90 -
BLYE01000143_1:33553-34470     -            306 779909at2759         -            227   1.4e-11   40.6   1.5   3   4    0.0059     0.075    8.8   0.1    59    96   136   174   124   204 0.80 -
BLYE01000143_1:33553-34470     -            306 779909at2759         -            227   1.4e-11   40.6   1.5   4   4       3.3        42   -0.2   0.0   189   210   241   264   223   286 0.60 -
BLYE01000227_1:31514-32718     -            336 779909at2759         -            227   1.6e-11   40.5   0.2   1   5    0.0052     0.066    9.0   0.0    62    94     5    37     2    42 0.91 -
BLYE01000227_1:31514-32718     -            336 779909at2759         -            227   1.6e-11   40.5   0.2   2   5    0.0027     0.035    9.9   0.1   162   182    61    81    43    91 0.73 -
BLYE01000227_1:31514-32718     -            336 779909at2759         -            227   1.6e-11   40.5   0.2   3   5   0.00016     0.002   14.0   0.1     3    95    66   177    64   184 0.67 -
BLYE01000227_1:31514-32718     -            336 779909at2759         -            227   1.6e-11   40.5   0.2   4   5    0.0021     0.027   10.3   0.0    47    96   172   220   160   248 0.83 -
BLYE01000227_1:31514-32718     -            336 779909at2759         -            227   1.6e-11   40.5   0.2   5   5      0.94        12    1.6   0.0    61    95   282   316   258   327 0.85 -
BLYE01000004_1:1277798-1278583 -            262 779909at2759         -            227   1.9e-11   40.2   0.3   1   3   7.1e-06     9e-05   18.4   0.0    45   100    24    81     3    98 0.80 -
BLYE01000004_1:1277798-1278583 -            262 779909at2759         -            227   1.9e-11   40.2   0.3   2   3   7.7e-05   0.00098   15.0   0.1    64   110   193   239   123   250 0.82 -
BLYE01000004_1:1277798-1278583 -            262 779909at2759         -            227   1.9e-11   40.2   0.3   3   3       1.8        23    0.6   0.0   164   179   247   262   237   262 0.76 -
BLYE01000101_1:50945-51730     -            262 779909at2759         -            227   1.9e-11   40.2   0.3   1   3   7.1e-06     9e-05   18.4   0.0    45   100    24    81     3    98 0.80 -
BLYE01000101_1:50945-51730     -            262 779909at2759         -            227   1.9e-11   40.2   0.3   2   3   7.7e-05   0.00098   15.0   0.1    64   110   193   239   123   250 0.82 -
BLYE01000101_1:50945-51730     -            262 779909at2759         -            227   1.9e-11   40.2   0.3   3   3       1.8        23    0.6   0.0   164   179   247   262   237   262 0.76 -
BLYE01000003_1:540580-543619   -            951 779909at2759         -            227     6e-11   38.6   6.0   1   5      0.09       1.1    4.9   0.0    65    95   156   187   145   192 0.76 -
BLYE01000003_1:540580-543619   -            951 779909at2759         -            227     6e-11   38.6   6.0   2   5     0.049      0.62    5.8   0.0    64   106   198   245   188   249 0.68 -
BLYE01000003_1:540580-543619   -            951 779909at2759         -            227     6e-11   38.6   6.0   3   5       6.2        79   -1.1   0.1   187   210   491   515   459   523 0.55 -
BLYE01000003_1:540580-543619   -            951 779909at2759         -            227     6e-11   38.6   6.0   4   5     0.073      0.94    5.2   0.0     2    25   593   616   592   668 0.69 -
BLYE01000003_1:540580-543619   -            951 779909at2759         -            227     6e-11   38.6   6.0   5   5   1.6e-05   0.00021   17.2   0.6     2    96   687   785   686   792 0.77 -
BLYE01000003_1:1102500-1107173 -           1503 779909at2759         -            227   1.7e-10   37.1   0.2   1   4    0.0017     0.022   10.6   0.0    63    98  1061  1096  1048  1106 0.84 -
BLYE01000003_1:1102500-1107173 -           1503 779909at2759         -            227   1.7e-10   37.1   0.2   2   4       2.7        34    0.1   0.0    69    96  1122  1149  1103  1163 0.79 -
BLYE01000003_1:1102500-1107173 -           1503 779909at2759         -            227   1.7e-10   37.1   0.2   3   4    0.0001    0.0013   14.6   0.0    12   107  1175  1269  1170  1275 0.81 -
BLYE01000003_1:1102500-1107173 -           1503 779909at2759         -            227   1.7e-10   37.1   0.2   4   4     0.068      0.87    5.3   0.0    61    96  1377  1411  1369  1426 0.74 -
BLYE01000013_1:747780-749093   -            438 779909at2759         -            227   4.6e-10   35.7   0.0   1   3     0.046      0.58    5.9   0.0    63    94    11    43     5   103 0.81 -
BLYE01000013_1:747780-749093   -            438 779909at2759         -            227   4.6e-10   35.7   0.0   2   3     4e-07     5e-06   22.5   0.0    43    94   225   276   204   283 0.88 -
BLYE01000013_1:747780-749093   -            438 779909at2759         -            227   4.6e-10   35.7   0.0   3   3      0.39       4.9    2.9   0.0    68    98   303   334   290   340 0.65 -
BLYE01000010_1:399019-399789   -            257 779909at2759         -            227   1.1e-09   34.5   0.9   1   2      0.12       1.6    4.5   0.0    73   128    44    70     7    91 0.63 -
BLYE01000010_1:399019-399789   -            257 779909at2759         -            227   1.1e-09   34.5   0.9   2   2   2.3e-07   2.9e-06   23.2   0.9     3   103   121   240   119   253 0.71 -
BLYE01000128_1:72646-73416     -            257 779909at2759         -            227   1.1e-09   34.4   1.1   1   2      0.11       1.4    4.6   0.0    69   128    40    70     5    91 0.61 -
BLYE01000128_1:72646-73416     -            257 779909at2759         -            227   1.1e-09   34.4   1.1   2   2   2.3e-07   2.9e-06   23.2   0.9     3   103   121   240   119   253 0.71 -
BLYE01000003_1:599591-600355   -            255 779909at2759         -            227   1.6e-09   33.9   0.4   1   2   5.7e-05   0.00073   15.4   0.0    55   102    33    80     4    97 0.83 -
BLYE01000003_1:599591-600355   -            255 779909at2759         -            227   1.6e-09   33.9   0.4   2   2   3.5e-05   0.00045   16.1   0.0     3   105   114   224   112   244 0.82 -
BLYE01000036_1:245973-246929   -            319 779909at2759         -            227   1.9e-09   33.7   0.1   1   5      0.11       1.4    4.7   0.0    61    97    50    86    42   100 0.83 -
BLYE01000036_1:245973-246929   -            319 779909at2759         -            227   1.9e-09   33.7   0.1   2   5      0.08         1    5.1   0.0    85   129   132   177    92   198 0.76 -
BLYE01000036_1:245973-246929   -            319 779909at2759         -            227   1.9e-09   33.7   0.1   3   5         2        26    0.5   0.0    71    97   201   227   178   237 0.63 -
BLYE01000036_1:245973-246929   -            319 779909at2759         -            227   1.9e-09   33.7   0.1   4   5      0.22       2.9    3.6   0.0    71    96   253   278   237   285 0.81 -
BLYE01000036_1:245973-246929   -            319 779909at2759         -            227   1.9e-09   33.7   0.1   5   5   0.00015    0.0019   14.1   0.0    47    94   272   318   270   319 0.89 -
BLYE01000001_1:1383533-1384378 -            282 779909at2759         -            227   2.4e-09   33.3   0.4   1   4   0.00024    0.0031   13.3   0.0    66    96     6    36     2    40 0.89 -
BLYE01000001_1:1383533-1384378 -            282 779909at2759         -            227   2.4e-09   33.3   0.4   2   4    0.0026     0.033   10.0   0.0    64   101    49    88    38   101 0.74 -
BLYE01000001_1:1383533-1384378 -            282 779909at2759         -            227   2.4e-09   33.3   0.4   3   4      0.14       1.7    4.3   0.0    62    95    99   134    87   141 0.69 -
BLYE01000001_1:1383533-1384378 -            282 779909at2759         -            227   2.4e-09   33.3   0.4   4   4       1.8        23    0.6   0.0    65    94   251   280   224   282 0.68 -
BLYE01000161_1:11503-12456     -            318 779909at2759         -            227   6.9e-09   31.8   0.0   1   4    0.0083      0.11    8.3   0.0    69    95    15    41     8    47 0.82 -
BLYE01000161_1:11503-12456     -            318 779909at2759         -            227   6.9e-09   31.8   0.0   2   4     0.023       0.3    6.8   0.0    67    97   167   197   153   211 0.83 -
BLYE01000161_1:11503-12456     -            318 779909at2759         -            227   6.9e-09   31.8   0.0   3   4       1.4        17    1.1   0.0   106   134   231   262   204   278 0.63 -
BLYE01000161_1:11503-12456     -            318 779909at2759         -            227   6.9e-09   31.8   0.0   4   4    0.0019     0.024   10.4   0.0    65    94   281   310   267   314 0.87 -
BLYE01000009_1:98039-98704     -            222 779909at2759         -            227   9.8e-09   31.3   0.6   1   2   1.4e-05   0.00018   17.4   0.0    58   104    28    73    24    84 0.79 -
BLYE01000009_1:98039-98704     -            222 779909at2759         -            227   9.8e-09   31.3   0.6   2   2    0.0014     0.018   10.8   0.3    55    99    68   112    66   175 0.89 -
BLYE01000125_1:91739-92404     -            222 779909at2759         -            227     1e-08   31.3   0.6   1   2   1.3e-05   0.00017   17.5   0.0    58   104    28    73    23    84 0.79 -
BLYE01000125_1:91739-92404     -            222 779909at2759         -            227     1e-08   31.3   0.6   2   2    0.0014     0.018   10.8   0.3    55    99    68   112    66   175 0.89 -
BLYE01000002_1:1705162-1705656 -            165 779909at2759         -            227   2.3e-08   30.1   0.2   1   2   4.6e-05   0.00059   15.7   0.0     3   100     1   113     1   121 0.73 -
BLYE01000002_1:1705162-1705656 -            165 779909at2759         -            227   2.3e-08   30.1   0.2   2   2   5.1e-05   0.00065   15.6   0.0     2    95    50   157    49   161 0.75 -
BLYE01000008_1:788590-789369   -            260 779909at2759         -            227   2.6e-08   29.9   0.1   1   3     0.071       0.9    5.3   0.0    81    98    81    98    57   110 0.83 -
BLYE01000008_1:788590-789369   -            260 779909at2759         -            227   2.6e-08   29.9   0.1   2   3    0.0027     0.034    9.9   0.0    59    98   137   176   133   188 0.86 -
BLYE01000008_1:788590-789369   -            260 779909at2759         -            227   2.6e-08   29.9   0.1   3   3     0.005     0.063    9.0   0.1    16    95   184   259   175   260 0.49 -
BLYE01000014_1:273795-275114   -            440 779909at2759         -            227   5.9e-08   28.8   0.2   1   4   1.1e-06   1.4e-05   21.0   0.0    17   117     5   116     2   130 0.72 -
BLYE01000014_1:273795-275114   -            440 779909at2759         -            227   5.9e-08   28.8   0.2   2   4      0.38       4.8    2.9   0.0   131   166   168   203   157   235 0.75 -
BLYE01000014_1:273795-275114   -            440 779909at2759         -            227   5.9e-08   28.8   0.2   3   4       6.6        84   -1.2   0.0    51    97   315   360   291   373 0.66 -
BLYE01000014_1:273795-275114   -            440 779909at2759         -            227   5.9e-08   28.8   0.2   4   4       6.3        80   -1.1   0.0    82    98   395   411   391   420 0.84 -
BLYE01000001_1:385665-387416   -            584 779909at2759         -            227   7.8e-08   28.4   0.4   1   3   0.00013    0.0017   14.2   0.0    47    98   161   211   144   219 0.83 -
BLYE01000001_1:385665-387416   -            584 779909at2759         -            227   7.8e-08   28.4   0.4   2   3    0.0055     0.071    8.9   0.0     4    21   247   264   244   276 0.81 -
BLYE01000001_1:385665-387416   -            584 779909at2759         -            227   7.8e-08   28.4   0.4   3   3       1.7        22    0.8   0.0    10    25   305   321   297   332 0.72 -
BLYE01000002_1:1058810-1059178 -            123 779909at2759         -            227   1.2e-07   27.7   0.0   1   1   2.4e-08   3.1e-07   26.4   0.0    10    99    11   111     2   122 0.74 -
BLYE01000001_1:813289-814017   -            243 779909at2759         -            227   1.5e-07   27.5   0.6   1   3     0.024      0.31    6.8   0.1     3    23    14    34    12    38 0.65 -
BLYE01000001_1:813289-814017   -            243 779909at2759         -            227   1.5e-07   27.5   0.6   2   3    0.0001    0.0013   14.6   0.0    61    98    39    76    35    93 0.88 -
BLYE01000001_1:813289-814017   -            243 779909at2759         -            227   1.5e-07   27.5   0.6   3   3      0.37       4.8    2.9   0.0   115   138   195   218   187   228 0.82 -
BLYE01000017_1:258948-259541   -            198 779909at2759         -            227   1.6e-07   27.4   0.2   1   2    0.0061     0.078    8.8   0.0    66    98     2    34     1    41 0.84 -
BLYE01000017_1:258948-259541   -            198 779909at2759         -            227   1.6e-07   27.4   0.2   2   2   0.00025    0.0032   13.3   0.0    64   127   116   181    53   189 0.60 -
BLYE01000156_1:71333-71926     -            198 779909at2759         -            227   1.6e-07   27.4   0.2   1   2    0.0061     0.078    8.8   0.0    66    98     2    34     1    41 0.84 -
BLYE01000156_1:71333-71926     -            198 779909at2759         -            227   1.6e-07   27.4   0.2   2   2   0.00025    0.0032   13.3   0.0    64   127   116   181    53   189 0.60 -
BLYE01000028_1:272940-273608   -            223 779909at2759         -            227   1.8e-07   27.2   0.0   1   3     0.098       1.3    4.8   0.0    64    95    16    48     2    56 0.79 -
BLYE01000028_1:272940-273608   -            223 779909at2759         -            227   1.8e-07   27.2   0.0   2   3       3.2        41   -0.2   0.0    63   104    85   128    78   133 0.67 -
BLYE01000028_1:272940-273608   -            223 779909at2759         -            227   1.8e-07   27.2   0.0   3   3   6.7e-06   8.5e-05   18.4   0.0    47    99   163   215   151   221 0.81 -
BLYE01000159_1:124966-125775   -            270 779909at2759         -            227   2.9e-07   26.5   0.1   1   3    0.0017     0.022   10.5   0.0    57    94    25    62    13    67 0.87 -
BLYE01000159_1:124966-125775   -            270 779909at2759         -            227   2.9e-07   26.5   0.1   2   3      0.13       1.6    4.5   0.0    57   111    79   132    72   163 0.79 -
BLYE01000159_1:124966-125775   -            270 779909at2759         -            227   2.9e-07   26.5   0.1   3   3     0.014      0.18    7.5   0.0    64   103   209   250   194   261 0.69 -
BLYE01000017_1:702176-702805   -            210 779909at2759         -            227   6.9e-07   25.3   0.7   1   2   0.00088     0.011   11.5   0.1    64   101    91   129    81   132 0.80 -
BLYE01000017_1:702176-702805   -            210 779909at2759         -            227   6.9e-07   25.3   0.7   2   2   0.00024     0.003   13.4   0.0    53   106   127   182   124   194 0.81 -
BLYE01000024_1:445913-446461   -            183 779909at2759         -            227   8.4e-07   25.0   1.1   1   2   9.2e-05    0.0012   14.7   0.1    65   108     2    48     1    58 0.73 -
BLYE01000024_1:445913-446461   -            183 779909at2759         -            227   8.4e-07   25.0   1.1   2   2     0.018      0.23    7.2   0.2    63    98    48    81    37   149 0.66 -
BLYE01000019_1:624326-625135   -            270 779909at2759         -            227   1.2e-06   24.5   0.1   1   3    0.0017     0.022   10.5   0.0    57    94    25    62    13    67 0.87 -
BLYE01000019_1:624326-625135   -            270 779909at2759         -            227   1.2e-06   24.5   0.1   2   3      0.55         7    2.4   0.0    57   110    79   131    72   163 0.77 -
BLYE01000019_1:624326-625135   -            270 779909at2759         -            227   1.2e-06   24.5   0.1   3   3     0.014      0.18    7.5   0.0    64   103   209   250   194   261 0.69 -
BLYE01000001_1:1490683-1491135 -            151 779909at2759         -            227   1.4e-06   24.2   0.0   1   3     0.026      0.33    6.7   0.0    65    94     4    33     1    42 0.65 -
BLYE01000001_1:1490683-1491135 -            151 779909at2759         -            227   1.4e-06   24.2   0.0   2   3     0.003     0.038    9.8   0.0    58   111    58   111    50   117 0.87 -
BLYE01000001_1:1490683-1491135 -            151 779909at2759         -            227   1.4e-06   24.2   0.0   3   3     0.092       1.2    4.9   0.0    61    93   119   151   110   151 0.86 -
BLYE01000100_1:150194-152663   -            798 779909at2759         -            227     2e-06   23.8   0.0   1   5      0.02      0.25    7.1   0.0    72    97   446   471   434   497 0.81 -
BLYE01000100_1:150194-152663   -            798 779909at2759         -            227     2e-06   23.8   0.0   2   5       5.2        67   -0.8   0.0    46    92   555   602   545   622 0.63 -
BLYE01000100_1:150194-152663   -            798 779909at2759         -            227     2e-06   23.8   0.0   3   5       4.6        59   -0.7   0.0   102   129   634   661   627   678 0.86 -
BLYE01000100_1:150194-152663   -            798 779909at2759         -            227     2e-06   23.8   0.0   4   5      0.01      0.13    8.0   0.0    49    94   696   741   690   747 0.93 -
BLYE01000100_1:150194-152663   -            798 779909at2759         -            227     2e-06   23.8   0.0   5   5       1.6        20    0.9   0.0    69    91   771   793   760   797 0.86 -
BLYE01000004_1:980240-982712   -            799 779909at2759         -            227     2e-06   23.8   0.0   1   5      0.02      0.25    7.1   0.0    72    97   447   472   435   498 0.81 -
BLYE01000004_1:980240-982712   -            799 779909at2759         -            227     2e-06   23.8   0.0   2   5       5.2        67   -0.8   0.0    46    92   556   603   546   623 0.63 -
BLYE01000004_1:980240-982712   -            799 779909at2759         -            227     2e-06   23.8   0.0   3   5       4.6        59   -0.7   0.0   102   129   635   662   628   679 0.86 -
BLYE01000004_1:980240-982712   -            799 779909at2759         -            227     2e-06   23.8   0.0   4   5    0.0086      0.11    8.3   0.0    49    94   697   742   677   750 0.93 -
BLYE01000004_1:980240-982712   -            799 779909at2759         -            227     2e-06   23.8   0.0   5   5       1.6        20    0.9   0.0    69    91   772   794   761   798 0.86 -
BLYE01000001_1:1536478-1537077 -            200 779909at2759         -            227   3.7e-06   22.9   0.0   1   2     0.033      0.43    6.3   0.0    70   109     2    41     1    77 0.77 -
BLYE01000001_1:1536478-1537077 -            200 779909at2759         -            227   3.7e-06   22.9   0.0   2   2   8.7e-05    0.0011   14.8   0.0    48   102   108   166    75   178 0.73 -
BLYE01000023_1:180641-181198   -            186 779909at2759         -            227   4.7e-06   22.6   2.5   1   2   4.5e-05   0.00058   15.7   0.1    57    94    82   119    69   126 0.85 -
BLYE01000023_1:180641-181198   -            186 779909at2759         -            227   4.7e-06   22.6   2.5   2   2     0.044      0.56    6.0   0.5    64   107   135   176   121   179 0.70 -
BLYE01000175_1:71533-72090     -            186 779909at2759         -            227   4.7e-06   22.6   2.5   1   2   4.5e-05   0.00058   15.7   0.1    57    94    82   119    69   126 0.85 -
BLYE01000175_1:71533-72090     -            186 779909at2759         -            227   4.7e-06   22.6   2.5   2   2     0.044      0.56    6.0   0.5    64   107   135   176   121   179 0.70 -
BLYE01000002_1:1251047-1252710 -            497 779909at2759         -            227   4.9e-06   22.5   0.0   1   3      0.04      0.52    6.1   0.0    57   136   318   400   314   403 0.75 -
BLYE01000002_1:1251047-1252710 -            497 779909at2759         -            227   4.9e-06   22.5   0.0   2   3     3e-05   0.00038   16.3   0.1    47   112   384   446   380   455 0.80 -
BLYE01000002_1:1251047-1252710 -            497 779909at2759         -            227   4.9e-06   22.5   0.0   3   3     0.011      0.14    7.9   0.1    45    90   423   470   423   486 0.78 -
BLYE01000024_1:170750-171097   -            116 779909at2759         -            227   6.5e-06   22.1   0.1   1   3     0.027      0.34    6.7   0.0   100   144     3    48     1    53 0.71 -
BLYE01000024_1:170750-171097   -            116 779909at2759         -            227   6.5e-06   22.1   0.1   2   3     0.044      0.57    5.9   0.0    68    97    44    73    33    75 0.80 -
BLYE01000024_1:170750-171097   -            116 779909at2759         -            227   6.5e-06   22.1   0.1   3   3    0.0035     0.044    9.6   0.0    48    95    67   113    66   115 0.86 -
BLYE01000004_1:697797-698465   -            223 779909at2759         -            227   8.2e-06   21.8   0.6   1   2   7.7e-05   0.00098   15.0   0.1    56   102    49    96    45   179 0.73 -
BLYE01000004_1:697797-698465   -            223 779909at2759         -            227   8.2e-06   21.8   0.6   2   2      0.11       1.4    4.6   0.0    76    96   200   220   185   223 0.80 -
BLYE01000106_1:198721-199389   -            223 779909at2759         -            227   8.2e-06   21.8   0.6   1   2   7.7e-05   0.00098   15.0   0.1    56   102    49    96    45   179 0.73 -
BLYE01000106_1:198721-199389   -            223 779909at2759         -            227   8.2e-06   21.8   0.6   2   2      0.11       1.4    4.6   0.0    76    96   200   220   185   223 0.80 -
BLYE01000001_1:877919-878470   -            184 779909at2759         -            227   2.5e-05   20.2   0.0   1   2      0.73       9.3    2.0   0.0    82    97    57    72    27    78 0.72 -
BLYE01000001_1:877919-878470   -            184 779909at2759         -            227   2.5e-05   20.2   0.0   2   2   0.00015     0.002   14.0   0.0    66   107   105   146    94   179 0.72 -
BLYE01000053_1:60456-61139     -            228 779909at2759         -            227   2.8e-05   20.0   0.1   1   2   0.00012    0.0015   14.4   0.0    47    97    69   122    10   126 0.68 -
BLYE01000053_1:60456-61139     -            228 779909at2759         -            227   2.8e-05   20.0   0.1   2   2      0.46       5.8    2.6   0.0    55    95   129   169   125   174 0.87 -
BLYE01000227_1:15735-16418     -            228 779909at2759         -            227   2.8e-05   20.0   0.1   1   2   0.00012    0.0015   14.4   0.0    47    97    69   122    10   126 0.68 -
BLYE01000227_1:15735-16418     -            228 779909at2759         -            227   2.8e-05   20.0   0.1   2   2      0.46       5.8    2.6   0.0    55    95   129   169   125   174 0.87 -
BLYE01000024_1:169746-170351   -            202 779909at2759         -            227   3.1e-05   19.9   0.0   1   1   6.9e-06   8.8e-05   18.4   0.0    64    98     1    35     1    43 0.90 -
BLYE01000019_1:519820-520353   -            178 779909at2759         -            227   3.8e-05   19.6   0.0   1   2   2.7e-05   0.00035   16.4   0.0    60   100    43    83    33    95 0.80 -
BLYE01000019_1:519820-520353   -            178 779909at2759         -            227   3.8e-05   19.6   0.0   2   2       1.6        21    0.8   0.0    65    93   150   178   118   178 0.57 -
BLYE01000159_1:26165-26698     -            178 779909at2759         -            227   4.3e-05   19.4   0.0   1   2     3e-05   0.00038   16.3   0.0    60   100    43    83    34    95 0.81 -
BLYE01000159_1:26165-26698     -            178 779909at2759         -            227   4.3e-05   19.4   0.0   2   2       1.6        21    0.8   0.0    65    93   150   178   118   178 0.57 -
BLYE01000003_1:977667-978428   -            254 779909at2759         -            227     5e-05   19.2   0.0   1   3   0.00024    0.0031   13.3   0.0    59    93    77   111    55   122 0.86 -
BLYE01000003_1:977667-978428   -            254 779909at2759         -            227     5e-05   19.2   0.0   2   3      0.35       4.5    3.0   0.0    57    98   142   183   134   216 0.80 -
BLYE01000003_1:977667-978428   -            254 779909at2759         -            227     5e-05   19.2   0.0   3   3       7.3        93   -1.3   0.0    58    91   192   223   184   246 0.67 -
BLYE01000014_1:576448-577119   -            224 779909at2759         -            227   5.3e-05   19.1   0.0   1   3       0.3       3.8    3.2   0.0    69    93     7    31     2    46 0.78 -
BLYE01000014_1:576448-577119   -            224 779909at2759         -            227   5.3e-05   19.1   0.0   2   3    0.0018     0.023   10.5   0.0    69   121   107   159    86   184 0.83 -
BLYE01000014_1:576448-577119   -            224 779909at2759         -            227   5.3e-05   19.1   0.0   3   3      0.83        11    1.8   0.0    58    95   186   223   178   224 0.80 -
BLYE01000142_1:348334-349005   -            224 779909at2759         -            227   5.3e-05   19.1   0.0   1   3       0.3       3.8    3.2   0.0    69    93     7    31     2    46 0.78 -
BLYE01000142_1:348334-349005   -            224 779909at2759         -            227   5.3e-05   19.1   0.0   2   3    0.0018     0.023   10.5   0.0    69   121   107   159    86   184 0.83 -
BLYE01000142_1:348334-349005   -            224 779909at2759         -            227   5.3e-05   19.1   0.0   3   3      0.83        11    1.8   0.0    58    95   186   223   178   224 0.80 -
BLYE01000001_1:569575-570939   -            455 779909at2759         -            227   5.5e-05   19.1   0.0   1   4       1.9        25    0.6   0.0    64    88    68    92    55   102 0.76 -
BLYE01000001_1:569575-570939   -            455 779909at2759         -            227   5.5e-05   19.1   0.0   2   4       0.6       7.7    2.2   0.0    73    98   134   159   119   162 0.80 -
BLYE01000001_1:569575-570939   -            455 779909at2759         -            227   5.5e-05   19.1   0.0   3   4    0.0051     0.065    9.0   0.0    58    98   175   215   170   220 0.91 -
BLYE01000001_1:569575-570939   -            455 779909at2759         -            227   5.5e-05   19.1   0.0   4   4       3.3        42   -0.2   0.0    69    96   322   349   299   353 0.84 -
BLYE01000004_1:107431-107718   -             96 779909at2759         -            227   6.2e-05   18.9   0.5   1   1   1.1e-05   0.00014   17.7   0.2   182   226    35    86    27    88 0.82 -
BLYE01000104_1:104000-104275   -             92 779909at2759         -            227   7.3e-05   18.7   0.3   1   1   7.6e-06   9.7e-05   18.2   0.3   182   226    35    86     9    87 0.84 -
BLYE01000121_1:7395-10991      -           1199 779909at2759         -            227   9.9e-05   18.2   0.0   1   3       9.2   1.2e+02   -1.6   0.0   116   126   352   362   328   371 0.75 -
BLYE01000121_1:7395-10991      -           1199 779909at2759         -            227   9.9e-05   18.2   0.0   2   3       4.9        63   -0.8   0.0   167   191   468   492   461   495 0.74 -
BLYE01000121_1:7395-10991      -           1199 779909at2759         -            227   9.9e-05   18.2   0.0   3   3   0.00013    0.0017   14.2   0.0    63    99   766   802   723   827 0.84 -
BLYE01000009_1:692472-696068   -           1199 779909at2759         -            227   9.9e-05   18.2   0.0   1   3       9.2   1.2e+02   -1.6   0.0   116   126   352   362   328   371 0.75 -
BLYE01000009_1:692472-696068   -           1199 779909at2759         -            227   9.9e-05   18.2   0.0   2   3       4.9        63   -0.8   0.0   167   191   468   492   461   495 0.74 -
BLYE01000009_1:692472-696068   -           1199 779909at2759         -            227   9.9e-05   18.2   0.0   3   3   0.00013    0.0017   14.2   0.0    63    99   766   802   723   827 0.84 -
BLYE01000009_1:322706-322891   -             62 779909at2759         -            227   0.00011   18.1   0.0   1   2    0.0016      0.02   10.7   0.0    81    99     3    21     1    39 0.79 -
BLYE01000009_1:322706-322891   -             62 779909at2759         -            227   0.00011   18.1   0.0   2   2    0.0016     0.021   10.6   0.0    46    94    11    61    10    62 0.83 -
BLYE01000124_1:138542-138727   -             62 779909at2759         -            227   0.00011   18.1   0.0   1   2    0.0016      0.02   10.7   0.0    81    99     3    21     1    39 0.79 -
BLYE01000124_1:138542-138727   -             62 779909at2759         -            227   0.00011   18.1   0.0   2   2    0.0016     0.021   10.6   0.0    46    94    11    61    10    62 0.83 -
BLYE01000022_1:154274-155371   -            366 779909at2759         -            227   0.00018   17.4   0.3   1   2     0.027      0.35    6.6   0.0    64    93   140   169   118   230 0.80 -
BLYE01000022_1:154274-155371   -            366 779909at2759         -            227   0.00018   17.4   0.3   2   2     0.045      0.58    5.9   0.0    71   101   307   338   283   358 0.79 -
BLYE01000002_1:198887-199564   -            226 779909at2759         -            227   0.00039   16.3   0.1   1   2    0.0091      0.12    8.2   0.0    64    97   106   140    95   149 0.65 -
BLYE01000002_1:198887-199564   -            226 779909at2759         -            227   0.00039   16.3   0.1   2   2     0.069      0.87    5.3   0.0    73   108   168   204   153   217 0.70 -
BLYE01000034_1:164463-164822   -            120 779909at2759         -            227    0.0004   16.2   0.0   1   1   6.3e-05   0.00081   15.2   0.0    47   105    10    67     1    78 0.62 -
BLYE01000001_1:3204987-3205532 -            182 779909at2759         -            227   0.00048   16.0   1.2   1   3       1.8        23    0.7   0.0    81    96    16    31     5    39 0.82 -
BLYE01000001_1:3204987-3205532 -            182 779909at2759         -            227   0.00048   16.0   1.2   2   3      0.23         3    3.6   0.0    77    97   112   132    93   136 0.80 -
BLYE01000001_1:3204987-3205532 -            182 779909at2759         -            227   0.00048   16.0   1.2   3   3    0.0058     0.074    8.8   0.0    58    95   143   178   130   181 0.84 -
BLYE01000088_1:111625-112170   -            182 779909at2759         -            227   0.00048   16.0   1.2   1   3       1.8        23    0.7   0.0    81    96    16    31     5    39 0.82 -
BLYE01000088_1:111625-112170   -            182 779909at2759         -            227   0.00048   16.0   1.2   2   3      0.23         3    3.6   0.0    77    97   112   132    93   136 0.80 -
BLYE01000088_1:111625-112170   -            182 779909at2759         -            227   0.00048   16.0   1.2   3   3    0.0058     0.074    8.8   0.0    58    95   143   178   130   181 0.84 -
BLYE01000028_1:321021-322235   -            405 779909at2759         -            227   0.00083   15.2   3.4   1   3     0.049      0.63    5.8   0.0    68    98     4    34     1    50 0.79 -
BLYE01000028_1:321021-322235   -            405 779909at2759         -            227   0.00083   15.2   3.4   2   3     0.023      0.29    6.9   1.5   167   201    76   114    71   120 0.79 -
BLYE01000028_1:321021-322235   -            405 779909at2759         -            227   0.00083   15.2   3.4   3   3       5.1        65   -0.8   0.0    80   126   176   191   164   208 0.58 -
BLYE01000003_1:1233342-1233860 -            173 779909at2759         -            227     0.001   14.9   0.3   1   1    0.0004     0.005   12.6   0.3    74   102    10    38     1    88 0.71 -
BLYE01000002_1:509734-510009   -             92 779909at2759         -            227    0.0011   14.8   0.3   1   2   0.00096     0.012   11.4   0.0     2    21    30    49    29    73 0.84 -
BLYE01000002_1:509734-510009   -             92 779909at2759         -            227    0.0011   14.8   0.3   2   2      0.79        10    1.8   0.1   167   180    76    89    63    92 0.71 -
BLYE01000014_1:577587-578201   -            205 779909at2759         -            227    0.0013   14.6   0.0   1   2     0.033      0.42    6.4   0.0    66   105     8    47     2    72 0.82 -
BLYE01000014_1:577587-578201   -            205 779909at2759         -            227    0.0013   14.6   0.0   2   2     0.057      0.73    5.6   0.0    64   105   134   175   112   189 0.78 -
BLYE01000142_1:349473-350087   -            205 779909at2759         -            227    0.0013   14.6   0.0   1   2     0.033      0.42    6.4   0.0    66   105     8    47     2    72 0.82 -
BLYE01000142_1:349473-350087   -            205 779909at2759         -            227    0.0013   14.6   0.0   2   2     0.057      0.73    5.6   0.0    64   105   134   175   112   189 0.78 -
BLYE01000001_1:954957-955214   -             86 779909at2759         -            227    0.0017   14.2   0.0   1   1   0.00019    0.0024   13.7   0.0    51   100    16    64     2    75 0.79 -
BLYE01000014_1:165134-165385   -             84 779909at2759         -            227    0.0019   14.0   0.4   1   2      0.14       1.7    4.3   0.0     3    32    13    42    11    51 0.80 -
BLYE01000014_1:165134-165385   -             84 779909at2759         -            227    0.0019   14.0   0.4   2   2     0.011      0.14    7.9   0.1   186   209    51    76    35    80 0.69 -
BLYE01000009_1:320222-320730   -            125 779909at2759         -            227    0.0052   12.6   0.2   1   1    0.0011     0.014   11.2   0.2    51   131     2    79     1    84 0.69 -
BLYE01000124_1:136068-136575   -            125 779909at2759         -            227    0.0052   12.6   0.2   1   1    0.0011     0.014   11.2   0.2    51   131     2    79     1    84 0.69 -
BLYE01000004_1:1315264-1315920 -            219 779909at2759         -            227     0.011   11.6   0.0   1   1    0.0021     0.027   10.3   0.0    61   114    47   101    42   118 0.82 -
#
# Program:         hmmsearch
# Version:         3.1b2 (February 2015)
# Pipeline mode:   SEARCH
# Query file:      /Users/aholzer/ownCloud/PhD/Publications/2021 Liavero-Pasquina et al./analysis/TPP_aptamer_search/busco_downloads/lineages/eukaryota_odb10/hmms/779909at2759.hmm
# Target file:     /Users/aholzer/ownCloud/PhD/Publications/2021 Liavero-Pasquina et al./analysis/TPP_aptamer_search/genomes/BUSCO_eukaryota_obd10/Nitzschia_putrida_Nputr_1.0/run_eukaryota_odb10/metaeuk_output/initial_results/GCA_016586335.1_Nputr_1.0_genomic.fna.modified.fas
# Option settings: hmmsearch --domtblout /Users/aholzer/ownCloud/PhD/Publications/2021 Liavero-Pasquina et al./analysis/TPP_aptamer_search/genomes/BUSCO_eukaryota_obd10/Nitzschia_putrida_Nputr_1.0/run_eukaryota_odb10/hmmer_output/initial_run_results/779909at2759.out --cpu 1 /Users/aholzer/ownCloud/PhD/Publications/2021 Liavero-Pasquina et al./analysis/TPP_aptamer_search/busco_downloads/lineages/eukaryota_odb10/hmms/779909at2759.hmm /Users/aholzer/ownCloud/PhD/Publications/2021 Liavero-Pasquina et al./analysis/TPP_aptamer_search/genomes/BUSCO_eukaryota_obd10/Nitzschia_putrida_Nputr_1.0/run_eukaryota_odb10/metaeuk_output/initial_results/GCA_016586335.1_Nputr_1.0_genomic.fna.modified.fas 
# Current dir:     /Users/aholzer/ownCloud/PhD/Publications/2021 Liavero-Pasquina et al./analysis/TPP_aptamer_search
# Date:            Sat Apr 17 17:49:06 2021
# [ok]
