#                                                                                    --- full sequence --- -------------- this domain -------------   hmm coord   ali coord   env coord
# target name                accession   tlen query name           accession   qlen   E-value  score  bias   #  of  c-Evalue  i-Evalue  score  bias  from    to  from    to  from    to  acc description of target
#        ------------------- ---------- ----- -------------------- ---------- ----- --------- ------ ----- --- --- --------- --------- ------ ----- ----- ----- ----- ----- ----- ----- ---- ---------------------
BDSP01000100_1:206918-208309 -            464 1049599at2759        -            340     1e-59  197.9   8.2   1   2   2.9e-41   1.9e-40  134.5   3.8     2   263     7   263     6   272 0.76 -
BDSP01000100_1:206918-208309 -            464 1049599at2759        -            340     1e-59  197.9   8.2   2   2   9.1e-20     6e-19   63.9   0.2   192   325   270   432   265   437 0.80 -
BDSP01000041_1:280258-281646 -            463 1049599at2759        -            340   3.4e-59  196.2   6.0   1   2   3.7e-40   2.5e-39  130.9   1.9     2   144     7   151     6   265 0.69 -
BDSP01000041_1:280258-281646 -            463 1049599at2759        -            340   3.4e-59  196.2   6.0   2   2   2.1e-19   1.4e-18   62.7   0.1   192   325   269   431   266   443 0.79 -
BDSP01000061_1:292392-294413 -            674 1049599at2759        -            340   2.2e-17   58.7   0.0   1   6    0.0013    0.0084   10.8   0.0   229   263   148   182   105   189 0.91 -
BDSP01000061_1:292392-294413 -            674 1049599at2759        -            340   2.2e-17   58.7   0.0   2   6       6.8        45   -1.5   0.0   234   263   294   323   278   345 0.66 -
BDSP01000061_1:292392-294413 -            674 1049599at2759        -            340   2.2e-17   58.7   0.0   3   6   3.5e-06   2.3e-05   19.2   0.0   234   291   380   449   338   470 0.68 -
BDSP01000061_1:292392-294413 -            674 1049599at2759        -            340   2.2e-17   58.7   0.0   4   6    0.0008    0.0053   11.4   0.0   206   293   430   537   415   542 0.50 -
BDSP01000061_1:292392-294413 -            674 1049599at2759        -            340   2.2e-17   58.7   0.0   5   6   4.8e-06   3.2e-05   18.8   0.0   197   264   507   580   500   585 0.85 -
BDSP01000061_1:292392-294413 -            674 1049599at2759        -            340   2.2e-17   58.7   0.0   6   6       1.1       7.1    1.2   0.0   200   244   614   658   602   664 0.65 -
BDSP01000251_1:276494-277252 -            253 1049599at2759        -            340   2.7e-17   58.5   2.8   1   3   3.3e-11   2.2e-10   35.7   0.2   197   293    49   163    38   167 0.79 -
BDSP01000251_1:276494-277252 -            253 1049599at2759        -            340   2.7e-17   58.5   2.8   2   3   2.1e-06   1.4e-05   19.9   0.0   198   273   134   218   131   224 0.80 -
BDSP01000251_1:276494-277252 -            253 1049599at2759        -            340   2.7e-17   58.5   2.8   3   3   4.1e-05   0.00027   15.7   0.0   198   260   176   249   175   252 0.71 -
BDSP01000186_1:67332-69395   -            688 1049599at2759        -            340   2.7e-17   58.4   0.1   1   6    0.0019     0.012   10.2   0.0   229   263   148   182   102   189 0.91 -
BDSP01000186_1:67332-69395   -            688 1049599at2759        -            340   2.7e-17   58.4   0.1   2   6       7.9        53   -1.7   0.0   234   261   294   321   274   345 0.64 -
BDSP01000186_1:67332-69395   -            688 1049599at2759        -            340   2.7e-17   58.4   0.1   3   6   3.3e-06   2.2e-05   19.3   0.0   216   284   356   440   338   456 0.64 -
BDSP01000186_1:67332-69395   -            688 1049599at2759        -            340   2.7e-17   58.4   0.1   4   6    0.0016     0.011   10.4   0.0   206   293   430   537   416   538 0.54 -
BDSP01000186_1:67332-69395   -            688 1049599at2759        -            340   2.7e-17   58.4   0.1   5   6   4.9e-06   3.2e-05   18.7   0.0   198   264   508   580   504   585 0.86 -
BDSP01000186_1:67332-69395   -            688 1049599at2759        -            340   2.7e-17   58.4   0.1   6   6      0.78       5.2    1.6   0.0   200   246   614   660   602   687 0.73 -
BDSP01000218_1:334911-335669 -            253 1049599at2759        -            340   1.8e-16   55.7   3.2   1   3   1.1e-10   7.1e-10   34.0   0.3   197   293    49   163    29   171 0.78 -
BDSP01000218_1:334911-335669 -            253 1049599at2759        -            340   1.8e-16   55.7   3.2   2   3   2.1e-06   1.4e-05   19.9   0.0   198   264   134   207   129   223 0.81 -
BDSP01000218_1:334911-335669 -            253 1049599at2759        -            340   1.8e-16   55.7   3.2   3   3   7.5e-05    0.0005   14.8   0.0   198   260   176   249   176   252 0.69 -
BDSP01000111_1:807609-808493 -            295 1049599at2759        -            340   2.4e-16   55.3   0.3   1   2   3.2e-14   2.1e-13   45.7   0.3   196   309   101   244    63   253 0.69 -
BDSP01000111_1:807609-808493 -            295 1049599at2759        -            340   2.4e-16   55.3   0.3   2   2      0.62       4.1    2.0   0.0   200   231   231   262   225   268 0.74 -
BDSP01000223_1:473861-474589 -            243 1049599at2759        -            340   3.5e-16   54.8   0.2   1   3   5.4e-09   3.6e-08   28.5   0.0   201   265    53   123    15   129 0.82 -
BDSP01000223_1:473861-474589 -            243 1049599at2759        -            340   3.5e-16   54.8   0.2   2   3   7.4e-07   4.9e-06   21.4   0.0   232   265   132   165   123   193 0.78 -
BDSP01000223_1:473861-474589 -            243 1049599at2759        -            340   3.5e-16   54.8   0.2   3   3      0.39       2.6    2.6   0.0   200   233   178   211   172   242 0.84 -
BDSP01000123_1:314955-315740 -            262 1049599at2759        -            340   2.8e-14   48.5   0.3   1   4      0.32       2.1    2.9   0.0   238   266    13    41     5    51 0.69 -
BDSP01000123_1:314955-315740 -            262 1049599at2759        -            340   2.8e-14   48.5   0.3   2   4     4e-09   2.7e-08   28.9   0.0   203   280    54   147    23   152 0.69 -
BDSP01000123_1:314955-315740 -            262 1049599at2759        -            340   2.8e-14   48.5   0.3   3   4      0.28       1.8    3.1   0.0   236   264   136   164   132   174 0.84 -
BDSP01000123_1:314955-315740 -            262 1049599at2759        -            340   2.8e-14   48.5   0.3   4   4   0.00053    0.0035   12.0   0.2   228   284   184   239   160   244 0.70 -
BDSP01000256_1:4985-5806     -            274 1049599at2759        -            340   3.3e-14   48.3   0.0   1   3   1.9e-06   1.3e-05   20.1   0.0   199   271    25   102    20   109 0.84 -
BDSP01000256_1:4985-5806     -            274 1049599at2759        -            340   3.3e-14   48.3   0.0   2   3       2.2        14    0.2   0.0   243   267   120   143   111   160 0.66 -
BDSP01000256_1:4985-5806     -            274 1049599at2759        -            340   3.3e-14   48.3   0.0   3   3   1.3e-07   8.3e-07   24.0   0.0   194   261   199   272   167   274 0.79 -
BDSP01000061_1:558714-559535 -            274 1049599at2759        -            340   6.4e-14   47.4   0.0   1   3   2.3e-06   1.5e-05   19.8   0.0   199   262    25    93    20   102 0.87 -
BDSP01000061_1:558714-559535 -            274 1049599at2759        -            340   6.4e-14   47.4   0.0   2   3       4.1        27   -0.7   0.0   238   266   115   142   100   151 0.77 -
BDSP01000061_1:558714-559535 -            274 1049599at2759        -            340   6.4e-14   47.4   0.0   3   3   1.1e-07   7.3e-07   24.2   0.0   185   261   190   272   151   274 0.79 -
BDSP01000061_1:113652-114611 -            320 1049599at2759        -            340   2.5e-13   45.4   0.1   1   3   0.00055    0.0037   12.0   0.0   198   263    15    89    11    92 0.78 -
BDSP01000061_1:113652-114611 -            320 1049599at2759        -            340   2.5e-13   45.4   0.1   2   3   5.8e-05   0.00039   15.2   0.1   199   262    58   130    55   139 0.78 -
BDSP01000061_1:113652-114611 -            320 1049599at2759        -            340   2.5e-13   45.4   0.1   3   3   2.7e-06   1.8e-05   19.6   0.0   199   266   181   256   178   264 0.81 -
BDSP01000089_1:51152-52300   -            383 1049599at2759        -            340   6.2e-12   40.8   0.3   1   4     0.033      0.22    6.1   0.0   233   265    20    52    13    58 0.85 -
BDSP01000089_1:51152-52300   -            383 1049599at2759        -            340   6.2e-12   40.8   0.3   2   4    0.0037     0.024    9.3   0.0   205   289    70   175    62   181 0.62 -
BDSP01000089_1:51152-52300   -            383 1049599at2759        -            340   6.2e-12   40.8   0.3   3   4     0.044      0.29    5.7   0.0   232   260   271   299   240   309 0.79 -
BDSP01000089_1:51152-52300   -            383 1049599at2759        -            340   6.2e-12   40.8   0.3   4   4   0.00016    0.0011   13.8   0.0   197   259   314   383   307   383 0.84 -
BDSP01000141_1:18504-19652   -            383 1049599at2759        -            340   8.6e-12   40.4   0.3   1   4     0.033      0.22    6.1   0.0   233   265    20    52    13    58 0.85 -
BDSP01000141_1:18504-19652   -            383 1049599at2759        -            340   8.6e-12   40.4   0.3   2   4    0.0044     0.029    9.0   0.0   205   289    70   175    61   183 0.62 -
BDSP01000141_1:18504-19652   -            383 1049599at2759        -            340   8.6e-12   40.4   0.3   3   4     0.044      0.29    5.7   0.0   232   260   271   299   240   309 0.79 -
BDSP01000141_1:18504-19652   -            383 1049599at2759        -            340   8.6e-12   40.4   0.3   4   4   0.00016    0.0011   13.8   0.0   197   259   314   383   307   383 0.84 -
BDSP01000214_1:27403-28167   -            255 1049599at2759        -            340   9.9e-12   40.1   0.2   1   3     0.023      0.15    6.7   0.0   198   259     4    71     2    83 0.68 -
BDSP01000214_1:27403-28167   -            255 1049599at2759        -            340   9.9e-12   40.1   0.2   2   3   0.00052    0.0035   12.1   0.0   199   263    89   161    74   167 0.77 -
BDSP01000214_1:27403-28167   -            255 1049599at2759        -            340   9.9e-12   40.1   0.2   3   3   7.5e-06     5e-05   18.1   0.0   199   264   175   248   172   253 0.82 -
BDSP01000214_1:12946-13527   -            194 1049599at2759        -            340   1.2e-11   39.9   0.0   1   3      0.01     0.067    7.8   0.0   240   269    16    45     2    50 0.83 -
BDSP01000214_1:12946-13527   -            194 1049599at2759        -            340   1.2e-11   39.9   0.0   2   3      0.19       1.3    3.6   0.0   237   266    59    88    48    97 0.72 -
BDSP01000214_1:12946-13527   -            194 1049599at2759        -            340   1.2e-11   39.9   0.0   3   3   5.4e-08   3.6e-07   25.2   0.0   204   265   102   169    95   194 0.80 -
BDSP01000123_1:298709-299584 -            292 1049599at2759        -            340   1.3e-11   39.8   0.1   1   3     0.029      0.19    6.3   0.0   198   234     4    40     2    83 0.68 -
BDSP01000123_1:298709-299584 -            292 1049599at2759        -            340   1.3e-11   39.8   0.1   2   3   0.00081    0.0054   11.4   0.0   199   263    89   161    84   167 0.76 -
BDSP01000123_1:298709-299584 -            292 1049599at2759        -            340   1.3e-11   39.8   0.1   3   3   5.8e-06   3.9e-05   18.5   0.0   199   266   175   250   172   267 0.80 -
BDSP01000143_1:10288-94563   -            281 1049599at2759        -            340   2.7e-11   38.7   0.3   1   2   4.5e-05    0.0003   15.6   0.1   199   262    31   103    27   113 0.78 -
BDSP01000143_1:10288-94563   -            281 1049599at2759        -            340   2.7e-11   38.7   0.3   2   2   2.9e-06   1.9e-05   19.5   0.0   200   266   154   228   151   232 0.80 -
BDSP01000153_1:571916-572965 -            350 1049599at2759        -            340   4.6e-11   38.0   0.5   1   3    0.0012    0.0082   10.8   0.1   233   284    65   124    58   174 0.73 -
BDSP01000153_1:571916-572965 -            350 1049599at2759        -            340   4.6e-11   38.0   0.5   2   3    0.0034     0.023    9.4   0.0   197   227   191   221   150   231 0.62 -
BDSP01000153_1:571916-572965 -            350 1049599at2759        -            340   4.6e-11   38.0   0.5   3   3     1e-06   6.7e-06   21.0   0.0   197   312   191   330   169   348 0.76 -
BDSP01000097_1:27803-29818   -            672 1049599at2759        -            340   5.8e-11   37.6   0.9   1   4      0.62       4.1    1.9   0.0   234   263    88   117    36   123 0.73 -
BDSP01000097_1:27803-29818   -            672 1049599at2759        -            340   5.8e-11   37.6   0.9   2   4    0.0029     0.019    9.6   0.1   197   263   230   303   225   309 0.82 -
BDSP01000097_1:27803-29818   -            672 1049599at2759        -            340   5.8e-11   37.6   0.9   3   4     0.083      0.55    4.8   0.0   198   268   504   582   496   588 0.71 -
BDSP01000097_1:27803-29818   -            672 1049599at2759        -            340   5.8e-11   37.6   0.9   4   4   5.5e-05   0.00036   15.3   0.0   232   296   591   668   585   670 0.69 -
BDSP01000096_1:47393-48280   -            296 1049599at2759        -            340   6.3e-11   37.5   4.2   1   4    0.0048     0.032    8.9   0.0   227   264    12    49     6    78 0.81 -
BDSP01000096_1:47393-48280   -            296 1049599at2759        -            340   6.3e-11   37.5   4.2   2   4     0.077      0.51    4.9   0.1   209   260    95   153    83   177 0.74 -
BDSP01000096_1:47393-48280   -            296 1049599at2759        -            340   6.3e-11   37.5   4.2   3   4      0.42       2.8    2.5   0.0   207   232   193   218   158   226 0.80 -
BDSP01000096_1:47393-48280   -            296 1049599at2759        -            340   6.3e-11   37.5   4.2   4   4   1.8e-06   1.2e-05   20.2   0.1   199   260   227   295   221   296 0.81 -
BDSP01000251_1:4179-6194     -            672 1049599at2759        -            340   8.8e-11   37.0   1.3   1   4      0.55       3.6    2.1   0.0   208   263    57   117    35   123 0.72 -
BDSP01000251_1:4179-6194     -            672 1049599at2759        -            340   8.8e-11   37.0   1.3   2   4    0.0087     0.058    8.0   0.1   197   263   230   303   225   309 0.82 -
BDSP01000251_1:4179-6194     -            672 1049599at2759        -            340   8.8e-11   37.0   1.3   3   4     0.067      0.44    5.1   0.0   198   268   504   582   496   587 0.69 -
BDSP01000251_1:4179-6194     -            672 1049599at2759        -            340   8.8e-11   37.0   1.3   4   4   3.7e-05   0.00024   15.8   0.0   232   296   591   668   585   670 0.70 -
BDSP01000095_1:353926-354813 -            296 1049599at2759        -            340   9.9e-11   36.9   2.8   1   4     0.011     0.072    7.7   0.0   226   264    11    49     6    77 0.83 -
BDSP01000095_1:353926-354813 -            296 1049599at2759        -            340   9.9e-11   36.9   2.8   2   4     0.074       0.5    5.0   0.1   209   260    95   153    83   178 0.75 -
BDSP01000095_1:353926-354813 -            296 1049599at2759        -            340   9.9e-11   36.9   2.8   3   4      0.74       4.9    1.7   0.0   208   232   194   218   184   222 0.83 -
BDSP01000095_1:353926-354813 -            296 1049599at2759        -            340   9.9e-11   36.9   2.8   4   4   2.3e-06   1.5e-05   19.8   0.1   199   260   227   295   218   296 0.78 -
BDSP01000203_1:370473-371459 -            329 1049599at2759        -            340   9.9e-11   36.9   0.2   1   4      0.24       1.6    3.3   0.1   199   265     5    83     3    87 0.50 -
BDSP01000203_1:370473-371459 -            329 1049599at2759        -            340   9.9e-11   36.9   0.2   2   4      0.57       3.8    2.1   0.0   199   231    53    85    29   106 0.79 -
BDSP01000203_1:370473-371459 -            329 1049599at2759        -            340   9.9e-11   36.9   0.2   3   4   1.3e-07   8.7e-07   23.9   0.0   232   295   212   285   169   295 0.75 -
BDSP01000203_1:370473-371459 -            329 1049599at2759        -            340   9.9e-11   36.9   0.2   4   4      0.12      0.82    4.2   0.0   234   261   302   329   289   329 0.89 -
BDSP01000207_1:327968-328816 -            283 1049599at2759        -            340   2.5e-10   35.5   0.0   1   3     0.087      0.58    4.8   0.0   198   227    10    39     8    52 0.89 -
BDSP01000207_1:327968-328816 -            283 1049599at2759        -            340   2.5e-10   35.5   0.0   2   3   3.3e-06   2.2e-05   19.3   0.0   222   277   154   209    73   211 0.66 -
BDSP01000207_1:327968-328816 -            283 1049599at2759        -            340   2.5e-10   35.5   0.0   3   3      0.94       6.3    1.3   0.0   235   260   214   240   206   255 0.75 -
BDSP01000131_1:520956-521834 -            293 1049599at2759        -            340   6.3e-10   34.2   4.1   1   5       0.4       2.7    2.6   0.1   199   262     9    84     5    88 0.43 -
BDSP01000131_1:520956-521834 -            293 1049599at2759        -            340   6.3e-10   34.2   4.1   2   5   0.00013   0.00086   14.1   0.4   158   265    46   167    32   173 0.71 -
BDSP01000131_1:520956-521834 -            293 1049599at2759        -            340   6.3e-10   34.2   4.1   3   5    0.0079     0.052    8.2   0.0   231   262   175   206   168   210 0.84 -
BDSP01000131_1:520956-521834 -            293 1049599at2759        -            340   6.3e-10   34.2   4.1   4   5   0.00067    0.0045   11.7   0.1   199   260   179   255   178   262 0.71 -
BDSP01000131_1:520956-521834 -            293 1049599at2759        -            340   6.3e-10   34.2   4.1   5   5       2.1        14    0.2   0.0   199   219   272   292   269   293 0.68 -
BDSP01000279_1:53859-54605   -            249 1049599at2759        -            340   6.8e-10   34.1   0.0   1   3   2.4e-05   0.00016   16.5   0.0   198   265     8    83     6    91 0.81 -
BDSP01000279_1:53859-54605   -            249 1049599at2759        -            340   6.8e-10   34.1   0.0   2   3     0.073      0.48    5.0   0.0   219   263   134   179   104   186 0.75 -
BDSP01000279_1:53859-54605   -            249 1049599at2759        -            340   6.8e-10   34.1   0.0   3   3    0.0042     0.028    9.1   0.0   235   264   199   228   196   238 0.85 -
BDSP01000087_1:177202-177780 -            193 1049599at2759        -            340   7.7e-10   33.9   0.0   1   2   3.6e-08   2.4e-07   25.7   0.0   232   295    76   149    23   155 0.73 -
BDSP01000087_1:177202-177780 -            193 1049599at2759        -            340   7.7e-10   33.9   0.0   2   2     0.042      0.28    5.8   0.0   232   261   164   193   153   193 0.88 -
BDSP01000052_1:96515-209285  -            218 1049599at2759        -            340     9e-10   33.7   1.9   1   2   7.3e-09   4.9e-08   28.0   1.8   222   304    65   163    38   174 0.79 -
BDSP01000052_1:96515-209285  -            218 1049599at2759        -            340     9e-10   33.7   1.9   2   2      0.57       3.8    2.1   0.0   208   225   197   214   168   217 0.61 -
BDSP01000050_1:341824-343962 -            713 1049599at2759        -            340   1.8e-09   32.7   0.6   1   3    0.0051     0.034    8.8   0.0   233   284   428   487   422   508 0.73 -
BDSP01000050_1:341824-343962 -            713 1049599at2759        -            340   1.8e-09   32.7   0.6   2   3      0.34       2.3    2.8   0.0   199   231   471   503   462   545 0.69 -
BDSP01000050_1:341824-343962 -            713 1049599at2759        -            340   1.8e-09   32.7   0.6   3   3   6.1e-06   4.1e-05   18.4   0.0   197   312   554   693   539   711 0.76 -
BDSP01000114_1:152394-153272 -            293 1049599at2759        -            340     2e-09   32.6   5.5   1   5      0.19       1.3    3.6   0.1   199   262     9    84     5    89 0.47 -
BDSP01000114_1:152394-153272 -            293 1049599at2759        -            340     2e-09   32.6   5.5   2   5   0.00046     0.003   12.2   0.5   177   265    71   167    43   173 0.69 -
BDSP01000114_1:152394-153272 -            293 1049599at2759        -            340     2e-09   32.6   5.5   3   5    0.0081     0.054    8.1   0.0   232   262   176   206   169   211 0.84 -
BDSP01000114_1:152394-153272 -            293 1049599at2759        -            340     2e-09   32.6   5.5   4   5    0.0008    0.0053   11.5   0.1   199   260   179   255   178   262 0.70 -
BDSP01000114_1:152394-153272 -            293 1049599at2759        -            340     2e-09   32.6   5.5   5   5       2.1        14    0.2   0.0   199   219   272   292   269   293 0.68 -
BDSP01000283_1:56553-57125   -            191 1049599at2759        -            340   2.4e-09   32.3   0.7   1   2   9.4e-09   6.2e-08   27.7   0.1   153   276    21   147    15   159 0.75 -
BDSP01000283_1:56553-57125   -            191 1049599at2759        -            340   2.4e-09   32.3   0.7   2   2      0.32       2.2    2.9   0.1   201   233   151   183   146   189 0.61 -
BDSP01000197_1:65068-65622   -            185 1049599at2759        -            340   4.2e-09   31.5   0.2   1   3   9.8e-05   0.00065   14.4   0.0   235   268     6    39     2    47 0.87 -
BDSP01000197_1:65068-65622   -            185 1049599at2759        -            340   4.2e-09   31.5   0.2   2   3   0.00016    0.0011   13.7   0.1   197   236    57    96    39   175 0.78 -
BDSP01000197_1:65068-65622   -            185 1049599at2759        -            340   4.2e-09   31.5   0.2   3   3       1.8        12    0.4   0.0   242   260   167   185   138   185 0.70 -
BDSP01000076_1:147375-147947 -            191 1049599at2759        -            340   4.3e-09   31.5   0.6   1   2   2.4e-08   1.6e-07   26.3   0.1   153   269    21   140    15   155 0.76 -
BDSP01000076_1:147375-147947 -            191 1049599at2759        -            340   4.3e-09   31.5   0.6   2   2       0.3         2    3.0   0.1   200   233   150   183   145   189 0.63 -
BDSP01000022_1:199991-289159 -            316 1049599at2759        -            340   5.6e-09   31.1   0.3   1   4    0.0029     0.019    9.6   0.0   231   266    21    56     7    82 0.82 -
BDSP01000022_1:199991-289159 -            316 1049599at2759        -            340   5.6e-09   31.1   0.3   2   4   0.00058    0.0038   11.9   0.0   198   261   138   207   115   211 0.80 -
BDSP01000022_1:199991-289159 -            316 1049599at2759        -            340   5.6e-09   31.1   0.3   3   4     0.032      0.21    6.2   0.0   204   265   186   253   179   260 0.73 -
BDSP01000022_1:199991-289159 -            316 1049599at2759        -            340   5.6e-09   31.1   0.3   4   4      0.38       2.5    2.6   0.0   198   230   264   296   254   308 0.83 -
BDSP01000176_1:51624-52661   -            346 1049599at2759        -            340   6.1e-08   27.7   0.2   1   5      0.65       4.3    1.9   0.0   198   231    53    86    43   135 0.59 -
BDSP01000176_1:51624-52661   -            346 1049599at2759        -            340   6.1e-08   27.7   0.2   2   5     0.056      0.37    5.4   0.0   208   263   147   209   143   213 0.65 -
BDSP01000176_1:51624-52661   -            346 1049599at2759        -            340   6.1e-08   27.7   0.2   3   5   2.8e-05   0.00019   16.2   0.0   198   264   179   254   171   257 0.79 -
BDSP01000176_1:51624-52661   -            346 1049599at2759        -            340   6.1e-08   27.7   0.2   4   5      0.29       1.9    3.0   0.0   233   266   275   308   265   325 0.82 -
BDSP01000176_1:51624-52661   -            346 1049599at2759        -            340   6.1e-08   27.7   0.2   5   5         1       6.8    1.2   0.0   231   259   318   346   293   346 0.81 -
BDSP01000030_1:3169-17362    -            183 1049599at2759        -            340   7.1e-08   27.5   0.1   1   3    0.0022     0.014   10.0   0.0   245   270    16    41     4    52 0.88 -
BDSP01000030_1:3169-17362    -            183 1049599at2759        -            340   7.1e-08   27.5   0.1   2   3   0.00047    0.0031   12.2   0.0   229   272    49    93    42    98 0.86 -
BDSP01000030_1:3169-17362    -            183 1049599at2759        -            340   7.1e-08   27.5   0.1   3   3      0.76       5.1    1.7   0.0   210   261   110   172    96   178 0.47 -
BDSP01000278_1:20513-97718   -            343 1049599at2759        -            340   9.5e-08   27.1   1.9   1   4    0.0018     0.012   10.3   0.0   238   268     3    33     1    42 0.88 -
BDSP01000278_1:20513-97718   -            343 1049599at2759        -            340   9.5e-08   27.1   1.9   2   4    0.0023     0.016    9.9   0.1   198   235    52    89    32   179 0.70 -
BDSP01000278_1:20513-97718   -            343 1049599at2759        -            340   9.5e-08   27.1   1.9   3   4       1.3       8.8    0.9   0.1   244   269   209   234   142   242 0.68 -
BDSP01000278_1:20513-97718   -            343 1049599at2759        -            340   9.5e-08   27.1   1.9   4   4      0.67       4.5    1.8   0.0   204   233   250   280   244   306 0.82 -
BDSP01000279_1:47378-48292   -            305 1049599at2759        -            340   1.3e-07   26.6   0.1   1   5      0.67       4.5    1.8   0.0   199   265    13    43     5    94 0.59 -
BDSP01000279_1:47378-48292   -            305 1049599at2759        -            340   1.3e-07   26.6   0.1   2   5      0.14      0.95    4.0   0.0   209   265   107   170   102   175 0.55 -
BDSP01000279_1:47378-48292   -            305 1049599at2759        -            340   1.3e-07   26.6   0.1   3   5   6.2e-05   0.00041   15.1   0.0   198   264   138   213   129   216 0.78 -
BDSP01000279_1:47378-48292   -            305 1049599at2759        -            340   1.3e-07   26.6   0.1   4   5      0.37       2.5    2.7   0.0   233   266   234   267   224   276 0.86 -
BDSP01000279_1:47378-48292   -            305 1049599at2759        -            340   1.3e-07   26.6   0.1   5   5       1.2       7.7    1.0   0.0   233   259   279   305   263   305 0.87 -
BDSP01000273_1:62604-63314   -            237 1049599at2759        -            340   1.7e-07   26.2   0.0   1   2   1.7e-05   0.00011   16.9   0.0   222   266   108   152    25   156 0.66 -
BDSP01000273_1:62604-63314   -            237 1049599at2759        -            340   1.7e-07   26.2   0.0   2   2       1.6        11    0.6   0.0   235   260   168   194   164   206 0.78 -
BDSP01000247_1:121086-121520 -            145 1049599at2759        -            340   3.1e-07   25.4   0.0   1   2     6e-06     4e-05   18.4   0.0   198   263    20    91    15    96 0.69 -
BDSP01000247_1:121086-121520 -            145 1049599at2759        -            340   3.1e-07   25.4   0.0   2   2     0.071      0.47    5.0   0.0   225   263   105   143    93   145 0.71 -
BDSP01000278_1:97260-97724   -            155 1049599at2759        -            340   3.2e-07   25.3   0.0   1   2    0.0004    0.0027   12.4   0.0   236   267     3    34     1    40 0.88 -
BDSP01000278_1:97260-97724   -            155 1049599at2759        -            340   3.2e-07   25.3   0.0   2   2   0.00095    0.0063   11.2   0.0   198   235    54    91    38   130 0.79 -
BDSP01000114_1:114764-178785 -            282 1049599at2759        -            340   3.7e-07   25.1   0.0   1   2       7.5        50   -1.6   0.0   187   230   107   152    81   172 0.69 -
BDSP01000114_1:114764-178785 -            282 1049599at2759        -            340   3.7e-07   25.1   0.0   2   2   1.4e-07   9.1e-07   23.8   0.0   245   297   189   244   162   281 0.79 -
BDSP01000044_1:318514-319305 -            264 1049599at2759        -            340   6.5e-07   24.3   0.1   1   3    0.0062     0.041    8.5   0.0   199   264     6    78     4    80 0.78 -
BDSP01000044_1:318514-319305 -            264 1049599at2759        -            340   6.5e-07   24.3   0.1   2   3    0.0011    0.0071   11.0   0.0   199   265    49   121    45   141 0.85 -
BDSP01000044_1:318514-319305 -            264 1049599at2759        -            340   6.5e-07   24.3   0.1   3   3    0.0089     0.059    8.0   0.0   200   264   179   254   138   256 0.78 -
BDSP01000136_1:201650-264049 -            278 1049599at2759        -            340     7e-07   24.2   0.0   1   4    0.0043     0.029    9.0   0.0   245   270    19    44     6    52 0.89 -
BDSP01000136_1:201650-264049 -            278 1049599at2759        -            340     7e-07   24.2   0.0   2   4    0.0012    0.0077   10.9   0.0   230   272    53    96    45   129 0.88 -
BDSP01000136_1:201650-264049 -            278 1049599at2759        -            340     7e-07   24.2   0.0   3   4       3.9        26   -0.7   0.0   209   230   112   133    90   182 0.61 -
BDSP01000136_1:201650-264049 -            278 1049599at2759        -            340     7e-07   24.2   0.0   4   4       4.5        30   -0.9   0.0   229   261   195   228   189   231 0.76 -
BDSP01000184_1:414376-415965 -            248 1049599at2759        -            340   9.2e-07   23.8   0.1   1   3     0.015     0.099    7.3   0.0   237   266     3    32     1    58 0.77 -
BDSP01000184_1:414376-415965 -            248 1049599at2759        -            340   9.2e-07   23.8   0.1   2   3   0.00032    0.0021   12.8   0.1   198   261   114   183    93   199 0.82 -
BDSP01000184_1:414376-415965 -            248 1049599at2759        -            340   9.2e-07   23.8   0.1   3   3      0.09       0.6    4.7   0.0   204   262   162   226   156   231 0.63 -
BDSP01000131_1:259612-260193 -            194 1049599at2759        -            340   1.6e-06   23.1   0.0   1   4    0.0061      0.04    8.6   0.0   242   292     2    63     1    64 0.40 -
BDSP01000131_1:259612-260193 -            194 1049599at2759        -            340   1.6e-06   23.1   0.0   2   4    0.0012    0.0079   10.9   0.0   189   272    26   115    22   119 0.83 -
BDSP01000131_1:259612-260193 -            194 1049599at2759        -            340   1.6e-06   23.1   0.0   3   4      0.51       3.4    2.2   0.0   230   255   113   138    85   150 0.70 -
BDSP01000131_1:259612-260193 -            194 1049599at2759        -            340   1.6e-06   23.1   0.0   4   4     0.087      0.58    4.8   0.0   203   263   133   193   127   194 0.84 -
BDSP01000094_1:51951-52742   -            264 1049599at2759        -            340   1.7e-06   23.0   0.0   1   3   0.00014   0.00091   14.0   0.0   208   274    23    98    11   114 0.75 -
BDSP01000094_1:51951-52742   -            264 1049599at2759        -            340   1.7e-06   23.0   0.0   2   3     0.089      0.59    4.7   0.0   226   260   125   158   109   169 0.86 -
BDSP01000094_1:51951-52742   -            264 1049599at2759        -            340   1.7e-06   23.0   0.0   3   3       2.1        14    0.2   0.0   159   221   202   261   173   264 0.66 -
BDSP01000114_1:403536-404117 -            194 1049599at2759        -            340   1.9e-06   22.8   0.0   1   3   0.00047    0.0031   12.2   0.1   183   272    23   115     3   119 0.76 -
BDSP01000114_1:403536-404117 -            194 1049599at2759        -            340   1.9e-06   22.8   0.0   2   3      0.45         3    2.4   0.0   230   255   113   138    83   150 0.68 -
BDSP01000114_1:403536-404117 -            194 1049599at2759        -            340   1.9e-06   22.8   0.0   3   3     0.084      0.56    4.8   0.0   202   263   132   193   126   194 0.84 -
BDSP01000007_1:320235-321026 -            264 1049599at2759        -            340   2.6e-06   22.3   0.0   1   3   8.4e-05   0.00056   14.7   0.0   208   271    23    95    12   104 0.78 -
BDSP01000007_1:320235-321026 -            264 1049599at2759        -            340   2.6e-06   22.3   0.0   2   3      0.13      0.86    4.2   0.0   226   260   125   158   113   174 0.88 -
BDSP01000007_1:320235-321026 -            264 1049599at2759        -            340   2.6e-06   22.3   0.0   3   3       4.9        33   -1.0   0.0   191   221   231   261   180   264 0.68 -
BDSP01000257_1:218487-218909 -            141 1049599at2759        -            340   3.4e-06   21.9   0.0   1   1   1.8e-06   1.2e-05   20.1   0.0   198   264    20    92    15   138 0.64 -
BDSP01000067_1:11355-12599   -            415 1049599at2759        -            340   3.8e-06   21.8   0.2   1   4       3.4        22   -0.5   0.0   238   259     4    25     1    36 0.59 -
BDSP01000067_1:11355-12599   -            415 1049599at2759        -            340   3.8e-06   21.8   0.2   2   4     0.036      0.24    6.0   0.1   193   268    37   116    30   122 0.75 -
BDSP01000067_1:11355-12599   -            415 1049599at2759        -            340   3.8e-06   21.8   0.2   3   4    0.0046     0.031    8.9   0.0   194   268   196   270   160   288 0.82 -
BDSP01000067_1:11355-12599   -            415 1049599at2759        -            340   3.8e-06   21.8   0.2   4   4      0.84       5.6    1.5   0.0   231   264   331   364   291   370 0.82 -
BDSP01000191_1:100169-100687 -            173 1049599at2759        -            340   3.9e-06   21.8   1.4   1   1   2.7e-06   1.8e-05   19.6   1.4   223   293    86   172    56   173 0.68 -
BDSP01000228_1:850-1638      -            263 1049599at2759        -            340   4.8e-06   21.5   0.1   1   2   0.00089    0.0059   11.3   0.0   199   230     6    37     3    86 0.54 -
BDSP01000228_1:850-1638      -            263 1049599at2759        -            340   4.8e-06   21.5   0.1   2   2      0.13      0.85    4.2   0.1   238   264   178   204   143   244 0.56 -
BDSP01000286_1:2660-3448     -            263 1049599at2759        -            340   5.4e-06   21.3   0.2   1   2   0.00089    0.0059   11.3   0.0   199   230     6    37     3    86 0.54 -
BDSP01000286_1:2660-3448     -            263 1049599at2759        -            340   5.4e-06   21.3   0.2   2   2      0.17       1.1    3.8   0.1   240   264   180   204   170   244 0.41 -
BDSP01000111_1:513785-514435 -            217 1049599at2759        -            340     6e-06   21.1   0.2   1   4         7        47   -1.5   0.0   244   262    34    52    31    66 0.87 -
BDSP01000111_1:513785-514435 -            217 1049599at2759        -            340     6e-06   21.1   0.2   2   4   7.6e-05   0.00051   14.8   0.0   209   264    60   115    47   120 0.77 -
BDSP01000111_1:513785-514435 -            217 1049599at2759        -            340     6e-06   21.1   0.2   3   4       3.5        23   -0.5   0.0   229   263   141   175   134   185 0.63 -
BDSP01000111_1:513785-514435 -            217 1049599at2759        -            340     6e-06   21.1   0.2   4   4      0.75         5    1.7   0.0   295   316   192   213   184   217 0.60 -
BDSP01000025_1:78379-78882   -            168 1049599at2759        -            340   8.4e-06   20.7   0.8   1   2   0.00043    0.0029   12.3   0.2   209   278    20    93     8   108 0.74 -
BDSP01000025_1:78379-78882   -            168 1049599at2759        -            340   8.4e-06   20.7   0.8   2   2    0.0026     0.017    9.8   0.2   215   278    81   143    79   156 0.71 -
BDSP01000152_1:350676-351422 -            249 1049599at2759        -            340   9.5e-06   20.5   0.1   1   2    0.0028     0.018    9.7   0.0   199   264     5    76     2    97 0.84 -
BDSP01000152_1:350676-351422 -            249 1049599at2759        -            340   9.5e-06   20.5   0.1   2   2    0.0074     0.049    8.3   0.0   200   264   135   210    91   213 0.78 -
BDSP01000292_1:6749-7291     -            181 1049599at2759        -            340   1.6e-05   19.8   0.0   1   3     0.037      0.24    6.0   0.0   198   235    27    65    15   104 0.78 -
BDSP01000292_1:6749-7291     -            181 1049599at2759        -            340   1.6e-05   19.8   0.0   2   3    0.0011    0.0074   11.0   0.0   231   266   110   145    71   148 0.83 -
BDSP01000292_1:6749-7291     -            181 1049599at2759        -            340   1.6e-05   19.8   0.0   3   3       3.3        22   -0.5   0.0   227   259   150   181   144   181 0.66 -
BDSP01000102_1:433488-434285 -            266 1049599at2759        -            340   1.7e-05   19.6   0.0   1   3       3.2        21   -0.4   0.0   208   264    58    78    47   114 0.66 -
BDSP01000102_1:433488-434285 -            266 1049599at2759        -            340   1.7e-05   19.6   0.0   2   3      0.64       4.3    1.9   0.0   234   267   131   164    74   170 0.64 -
BDSP01000102_1:433488-434285 -            266 1049599at2759        -            340   1.7e-05   19.6   0.0   3   3   0.00014   0.00093   13.9   0.0   192   251   175   239   166   244 0.77 -
BDSP01000168_1:69890-73360   -           1157 1049599at2759        -            340   1.9e-05   19.5   0.5   1   3       3.3        22   -0.4   0.0   247   263   348   364   281   368 0.68 -
BDSP01000168_1:69890-73360   -           1157 1049599at2759        -            340   1.9e-05   19.5   0.5   2   3     0.071      0.47    5.0   0.3   190   260   668   745   642   748 0.72 -
BDSP01000168_1:69890-73360   -           1157 1049599at2759        -            340   1.9e-05   19.5   0.5   3   3   0.00075     0.005   11.5   0.0   203   275   724   801   714   811 0.75 -
BDSP01000235_1:21077-40527   -            323 1049599at2759        -            340   2.4e-05   19.2   0.0   1   2     0.029      0.19    6.3   0.0   236   268    53    85    39   116 0.83 -
BDSP01000235_1:21077-40527   -            323 1049599at2759        -            340   2.4e-05   19.2   0.0   2   2    0.0016     0.011   10.4   0.0   211   265   201   255   169   259 0.88 -
BDSP01000095_1:340263-341075 -            271 1049599at2759        -            340   2.6e-05   19.1   0.0   1   4       4.2        28   -0.8   0.0   237   262    11    36     5    40 0.86 -
BDSP01000095_1:340263-341075 -            271 1049599at2759        -            340   2.6e-05   19.1   0.0   2   4       6.1        40   -1.3   0.0   245   264    64    83    53    87 0.63 -
BDSP01000095_1:340263-341075 -            271 1049599at2759        -            340   2.6e-05   19.1   0.0   3   4      0.77       5.1    1.6   0.0   210   266   104   168    80   175 0.66 -
BDSP01000095_1:340263-341075 -            271 1049599at2759        -            340   2.6e-05   19.1   0.0   4   4   0.00047    0.0032   12.2   0.0   194   251   182   244   173   250 0.80 -
BDSP01000096_1:34832-35644   -            271 1049599at2759        -            340   2.6e-05   19.1   0.0   1   4       4.2        28   -0.8   0.0   237   262    11    36     5    40 0.86 -
BDSP01000096_1:34832-35644   -            271 1049599at2759        -            340   2.6e-05   19.1   0.0   2   4       6.1        40   -1.3   0.0   245   264    64    83    53    87 0.63 -
BDSP01000096_1:34832-35644   -            271 1049599at2759        -            340   2.6e-05   19.1   0.0   3   4      0.77       5.1    1.6   0.0   210   266   104   168    80   175 0.66 -
BDSP01000096_1:34832-35644   -            271 1049599at2759        -            340   2.6e-05   19.1   0.0   4   4   0.00047    0.0032   12.2   0.0   194   251   182   244   173   250 0.80 -
BDSP01000238_1:26855-27514   -            220 1049599at2759        -            340     3e-05   18.8   0.1   1   3      0.88       5.9    1.4   0.1   199   231    15    47     3    96 0.58 -
BDSP01000238_1:26855-27514   -            220 1049599at2759        -            340     3e-05   18.8   0.1   2   3     0.053      0.35    5.5   0.0   198   235   105   143    88   154 0.72 -
BDSP01000238_1:26855-27514   -            220 1049599at2759        -            340     3e-05   18.8   0.1   3   3    0.0083     0.055    8.1   0.0   231   262   188   219   161   220 0.86 -
BDSP01000185_1:23963-24280   -            106 1049599at2759        -            340     3e-05   18.8   0.0   1   2     0.011     0.073    7.7   0.0   227   269     6    48     3    58 0.81 -
BDSP01000185_1:23963-24280   -            106 1049599at2759        -            340     3e-05   18.8   0.0   2   2    0.0029     0.019    9.6   0.0   225   264    63   102    54   104 0.91 -
BDSP01000223_1:200951-201406 -            152 1049599at2759        -            340   3.4e-05   18.7   0.2   1   2   2.4e-05   0.00016   16.5   0.0   208   264    26    82    14    87 0.84 -
BDSP01000223_1:200951-201406 -            152 1049599at2759        -            340   3.4e-05   18.7   0.2   2   2       3.7        25   -0.6   0.0   230   261   109   140    99   148 0.57 -
BDSP01000025_1:78040-78855   -            272 1049599at2759        -            340   3.7e-05   18.5   3.1   1   3      0.52       3.4    2.2   0.1   192   265    77   153    35   158 0.57 -
BDSP01000025_1:78040-78855   -            272 1049599at2759        -            340   3.7e-05   18.5   3.1   2   3    0.0014    0.0094   10.6   0.2   208   267   132   196    75   212 0.79 -
BDSP01000025_1:78040-78855   -            272 1049599at2759        -            340   3.7e-05   18.5   3.1   3   3    0.0073     0.048    8.3   0.2   215   277   194   255   192   267 0.71 -
BDSP01000220_1:5093-5359     -             89 1049599at2759        -            340   3.8e-05   18.5   0.0   1   2    0.0018     0.012   10.3   0.0   235   262     5    32     1    38 0.86 -
BDSP01000220_1:5093-5359     -             89 1049599at2759        -            340   3.8e-05   18.5   0.0   2   2     0.022      0.15    6.7   0.0   229   263    51    85    45    88 0.83 -
BDSP01000220_1:23481-23978   -            166 1049599at2759        -            340     4e-05   18.4   0.0   1   3     0.016      0.11    7.2   0.0   236   262     6    32     2    38 0.85 -
BDSP01000220_1:23481-23978   -            166 1049599at2759        -            340     4e-05   18.4   0.0   2   3     0.044      0.29    5.7   0.0   226   264    48    86    45    94 0.86 -
BDSP01000220_1:23481-23978   -            166 1049599at2759        -            340     4e-05   18.4   0.0   3   3      0.64       4.3    1.9   0.0   222   259   129   166   106   166 0.75 -
BDSP01000207_1:742558-746022 -           1155 1049599at2759        -            340   4.1e-05   18.4   0.4   1   3       2.8        19   -0.2   0.0   234   263   328   364   281   368 0.66 -
BDSP01000207_1:742558-746022 -           1155 1049599at2759        -            340   4.1e-05   18.4   0.4   2   3     0.087      0.58    4.7   0.2   184   234   661   712   647   747 0.68 -
BDSP01000207_1:742558-746022 -           1155 1049599at2759        -            340   4.1e-05   18.4   0.4   3   3    0.0023     0.015    9.9   0.0   204   264   725   791   712   811 0.77 -
BDSP01000131_1:19929-20423   -            165 1049599at2759        -            340     5e-05   18.1   0.0   1   3     0.087      0.58    4.8   0.0   238   262     4    28     1    38 0.85 -
BDSP01000131_1:19929-20423   -            165 1049599at2759        -            340     5e-05   18.1   0.0   2   3     0.064      0.42    5.2   0.0   227   263    41    77    37    88 0.84 -
BDSP01000131_1:19929-20423   -            165 1049599at2759        -            340     5e-05   18.1   0.0   3   3     0.082      0.55    4.8   0.0   220   261   123   164   106   165 0.82 -
BDSP01000005_1:12028-12345   -            106 1049599at2759        -            340   5.2e-05   18.1   0.0   1   2     0.021      0.14    6.8   0.0   227   265     6    44     3    50 0.81 -
BDSP01000005_1:12028-12345   -            106 1049599at2759        -            340   5.2e-05   18.1   0.0   2   2    0.0032     0.021    9.5   0.0   226   264    64   102    59   104 0.90 -
BDSP01000141_1:82900-83799   -            300 1049599at2759        -            340   5.7e-05   17.9   1.0   1   3    0.0014    0.0094   10.6   0.1   196   265    56   130    49   143 0.80 -
BDSP01000141_1:82900-83799   -            300 1049599at2759        -            340   5.7e-05   17.9   1.0   2   3      0.57       3.8    2.1   0.0   207   264   154   215   138   221 0.72 -
BDSP01000141_1:82900-83799   -            300 1049599at2759        -            340   5.7e-05   17.9   1.0   3   3      0.45         3    2.4   0.0   204   235   236   267   218   300 0.72 -
BDSP01000131_1:12707-13228   -            174 1049599at2759        -            340   8.7e-05   17.3   0.0   1   3     0.072      0.48    5.0   0.0   237   263     4    30     1    35 0.86 -
BDSP01000131_1:12707-13228   -            174 1049599at2759        -            340   8.7e-05   17.3   0.0   2   3      0.13      0.89    4.1   0.0   231   263    52    84    44    95 0.83 -
BDSP01000131_1:12707-13228   -            174 1049599at2759        -            340   8.7e-05   17.3   0.0   3   3     0.081      0.54    4.9   0.0   216   261   128   173   116   174 0.86 -
BDSP01000153_1:114705-226704 -            163 1049599at2759        -            340   0.00011   17.1   0.2   1   2     0.017      0.11    7.1   0.0   234   267     3    36     1    47 0.78 -
BDSP01000153_1:114705-226704 -            163 1049599at2759        -            340   0.00011   17.1   0.2   2   2    0.0019     0.012   10.2   0.2   215   283    34   102    32   108 0.72 -
BDSP01000207_1:653282-654073 -            264 1049599at2759        -            340   0.00012   16.9   0.0   1   2      0.27       1.8    3.1   0.0   238   265     3    30     1    68 0.84 -
BDSP01000207_1:653282-654073 -            264 1049599at2759        -            340   0.00012   16.9   0.0   2   2   0.00077    0.0051   11.5   0.0   207   265   146   203   113   207 0.86 -
BDSP01000055_1:303206-303460 -             85 1049599at2759        -            340   0.00014   16.6   0.0   1   2    0.0031     0.021    9.5   0.0   238   262     4    28     1    34 0.88 -
BDSP01000055_1:303206-303460 -             85 1049599at2759        -            340   0.00014   16.6   0.0   2   2     0.052      0.34    5.5   0.0   229   261    47    79    41    83 0.83 -
BDSP01000220_1:425-682       -             86 1049599at2759        -            340   0.00016   16.5   0.0   1   2    0.0087     0.058    8.0   0.0   237   262     3    28     1    34 0.87 -
BDSP01000220_1:425-682       -             86 1049599at2759        -            340   0.00016   16.5   0.0   2   2     0.019      0.13    6.9   0.0   226   263    44    81    41    85 0.86 -
BDSP01000008_1:19571-20263   -            231 1049599at2759        -            340   0.00026   15.8   0.0   1   1   7.9e-05   0.00053   14.7   0.0   198   263    18    88    13    93 0.85 -
BDSP01000207_1:243824-244105 -             94 1049599at2759        -            340   0.00042   15.1   0.0   1   1   8.3e-05   0.00055   14.7   0.0   197   266    13    89     6    94 0.79 -
BDSP01000092_1:217952-218422 -            157 1049599at2759        -            340   0.00048   14.9   0.1   1   3      0.16         1    3.9   0.0   233   263    29    59     2    66 0.78 -
BDSP01000092_1:217952-218422 -            157 1049599at2759        -            340   0.00048   14.9   0.1   2   3     0.059      0.39    5.3   0.0   234   266    76   109    58   117 0.81 -
BDSP01000092_1:217952-218422 -            157 1049599at2759        -            340   0.00048   14.9   0.1   3   3      0.32       2.1    2.9   0.0   233   260   127   156   108   157 0.78 -
BDSP01000096_1:164208-165134 -            309 1049599at2759        -            340    0.0005   14.8   0.1   1   1    0.0027     0.018    9.7   0.0   236   268   239   271   232   290 0.82 -
BDSP01000277_1:23856-24503   -            216 1049599at2759        -            340   0.00062   14.5   0.4   1   3     0.046      0.31    5.7   0.1   198   281    15   115    12   119 0.55 -
BDSP01000277_1:23856-24503   -            216 1049599at2759        -            340   0.00062   14.5   0.4   2   3      0.29       1.9    3.0   0.0   209   263    72   130    58   138 0.65 -
BDSP01000277_1:23856-24503   -            216 1049599at2759        -            340   0.00062   14.5   0.4   3   3     0.096      0.64    4.6   0.1   205   235   153   183   140   216 0.69 -
BDSP01000273_1:149982-150263 -             94 1049599at2759        -            340   0.00063   14.5   0.0   1   1   0.00014   0.00094   13.9   0.0   197   266    13    89     9    94 0.78 -
BDSP01000231_1:166245-166643 -            133 1049599at2759        -            340   0.00072   14.3   0.0   1   2     0.018      0.12    7.0   0.1   233   266    51    85     7    93 0.69 -
BDSP01000231_1:166245-166643 -            133 1049599at2759        -            340   0.00072   14.3   0.0   2   2      0.25       1.7    3.3   0.0   233   260   103   132    85   133 0.79 -
BDSP01000219_1:189294-189554 -             87 1049599at2759        -            340     0.001   13.8   0.0   1   2     0.025      0.17    6.5   0.0   238   263     4    29     1    35 0.86 -
BDSP01000219_1:189294-189554 -             87 1049599at2759        -            340     0.001   13.8   0.0   2   2     0.046      0.31    5.7   0.0   231   261    51    81    42    85 0.83 -
BDSP01000141_1:186572-187159 -            196 1049599at2759        -            340     0.001   13.8   0.1   1   2    0.0011    0.0072   11.0   0.0   231   268    87   124    49   130 0.74 -
BDSP01000141_1:186572-187159 -            196 1049599at2759        -            340     0.001   13.8   0.1   2   2       1.9        12    0.4   0.0   203   231   138   166   129   193 0.58 -
BDSP01000223_1:432824-433090 -             89 1049599at2759        -            340    0.0011   13.8   0.0   1   2   0.00089    0.0059   11.3   0.0   231   265     4    38     1    57 0.84 -
BDSP01000223_1:432824-433090 -             89 1049599at2759        -            340    0.0011   13.8   0.0   2   2       1.2       7.8    1.0   0.0   246   263    67    84    45    87 0.67 -
BDSP01000141_1:35219-163996  -            277 1049599at2759        -            340    0.0011   13.7   0.0   1   2     0.013     0.087    7.5   0.0   197   232    56    91    44   124 0.89 -
BDSP01000141_1:35219-163996  -            277 1049599at2759        -            340    0.0011   13.7   0.0   2   2      0.14       0.9    4.1   0.0   239   268   221   249   172   277 0.72 -
BDSP01000080_1:224936-225541 -            202 1049599at2759        -            340    0.0011   13.7   0.0   1   3      0.42       2.8    2.5   0.0   199   241     4    46     2    79 0.47 -
BDSP01000080_1:224936-225541 -            202 1049599at2759        -            340    0.0011   13.7   0.0   2   3      0.39       2.6    2.6   0.0   197   235    47    85    41    90 0.84 -
BDSP01000080_1:224936-225541 -            202 1049599at2759        -            340    0.0011   13.7   0.0   3   3     0.017      0.11    7.1   0.0   223   262   153   193   125   197 0.77 -
BDSP01000132_1:192399-193262 -            288 1049599at2759        -            340    0.0012   13.6   0.0   1   3     0.099      0.66    4.6   0.0   263   293    50    81    26    87 0.77 -
BDSP01000132_1:192399-193262 -            288 1049599at2759        -            340    0.0012   13.6   0.0   2   3      0.55       3.6    2.1   0.0   208   282   102   178    91   182 0.63 -
BDSP01000132_1:192399-193262 -            288 1049599at2759        -            340    0.0012   13.6   0.0   3   3     0.097      0.65    4.6   0.0   203   233   176   206   132   212 0.73 -
BDSP01000075_1:163506-165323 -            606 1049599at2759        -            340    0.0013   13.5   0.0   1   1   0.00045     0.003   12.3   0.0   215   263   104   152    68   158 0.79 -
BDSP01000013_1:395923-396528 -            202 1049599at2759        -            340    0.0013   13.5   0.0   1   2      0.28       1.8    3.1   0.0   199   260     4    74     2    80 0.54 -
BDSP01000013_1:395923-396528 -            202 1049599at2759        -            340    0.0013   13.5   0.0   2   2     0.017      0.11    7.1   0.0   223   262   153   193   125   197 0.77 -
BDSP01000178_1:42486-43439   -            318 1049599at2759        -            340    0.0014   13.3   0.2   1   4      0.62       4.1    2.0   0.0   245   268    25    48     9    77 0.88 -
BDSP01000178_1:42486-43439   -            318 1049599at2759        -            340    0.0014   13.3   0.2   2   4      0.43       2.8    2.5   0.0   234   260    62    88    53    91 0.80 -
BDSP01000178_1:42486-43439   -            318 1049599at2759        -            340    0.0014   13.3   0.2   3   4       1.4       9.3    0.8   0.0   198   226   171   199   161   208 0.78 -
BDSP01000178_1:42486-43439   -            318 1049599at2759        -            340    0.0014   13.3   0.2   4   4      0.63       4.2    1.9   0.0   235   262   289   317   247   318 0.83 -
BDSP01000111_1:766171-766437 -             89 1049599at2759        -            340    0.0015   13.2   0.0   1   1    0.0018     0.012   10.3   0.0   232   264     5    37     2    50 0.82 -
BDSP01000205_1:172258-173136 -            293 1049599at2759        -            340    0.0023   12.7   0.2   1   3         1       6.7    1.3   0.0   264   294    52    86    29    91 0.62 -
BDSP01000205_1:172258-173136 -            293 1049599at2759        -            340    0.0023   12.7   0.2   2   3     0.043      0.28    5.8   0.0   208   285   106   186   100   189 0.81 -
BDSP01000205_1:172258-173136 -            293 1049599at2759        -            340    0.0023   12.7   0.2   3   3     0.098      0.65    4.6   0.1   203   237   181   215   137   221 0.64 -
BDSP01000130_1:230090-231049 -            320 1049599at2759        -            340    0.0023   12.6   0.0   1   2    0.0054     0.036    8.7   0.0   244   264    15    35     4    44 0.84 -
BDSP01000130_1:230090-231049 -            320 1049599at2759        -            340    0.0023   12.6   0.0   2   2       1.5       9.9    0.7   0.0   231   269   281   319   269   320 0.87 -
BDSP01000198_1:28982-29785   -            268 1049599at2759        -            340    0.0025   12.5   0.1   1   3      0.25       1.6    3.3   0.0   243   268    52    77    11    80 0.73 -
BDSP01000198_1:28982-29785   -            268 1049599at2759        -            340    0.0025   12.5   0.1   2   3      0.36       2.4    2.7   0.0   234   260    91   117    82   120 0.80 -
BDSP01000198_1:28982-29785   -            268 1049599at2759        -            340    0.0025   12.5   0.1   3   3      0.43       2.9    2.5   0.0   199   226   201   228   171   237 0.80 -
BDSP01000133_1:39736-40650   -            305 1049599at2759        -            340    0.0029   12.3   0.0   1   3      0.19       1.3    3.6   0.0   204   244     3    43     1    81 0.76 -
BDSP01000133_1:39736-40650   -            305 1049599at2759        -            340    0.0029   12.3   0.0   2   3     0.051      0.34    5.5   0.0   197   226    96   125    42   174 0.78 -
BDSP01000133_1:39736-40650   -            305 1049599at2759        -            340    0.0029   12.3   0.0   3   3       6.7        45   -1.5   0.0   245   275   233   262   230   267 0.81 -
BDSP01000285_1:58035-58817   -            261 1049599at2759        -            340    0.0031   12.2   0.0   1   1    0.0028     0.019    9.6   0.0   191   269   158   248   106   252 0.74 -
BDSP01000141_1:6417-96856    -            168 1049599at2759        -            340    0.0034   12.1   0.1   1   2    0.0035     0.023    9.3   0.1   235   284    13    72     6    91 0.60 -
BDSP01000141_1:6417-96856    -            168 1049599at2759        -            340    0.0034   12.1   0.1   2   2       2.2        14    0.2   0.0   208   231   113   136   101   142 0.82 -
BDSP01000048_1:236066-236977 -            304 1049599at2759        -            340    0.0035   12.0   0.0   1   3      0.32       2.1    2.9   0.0   205   233     4    32     1    44 0.55 -
BDSP01000048_1:236066-236977 -            304 1049599at2759        -            340    0.0035   12.0   0.0   2   3     0.093      0.62    4.7   0.0   198   226   105   133    79   146 0.68 -
BDSP01000048_1:236066-236977 -            304 1049599at2759        -            340    0.0035   12.0   0.0   3   3       5.4        36   -1.1   0.0   245   275   244   273   237   279 0.81 -
BDSP01000016_1:78021-78635   -            205 1049599at2759        -            340    0.0039   11.9   0.0   1   4       7.1        47   -1.5   0.0   235   261    51    77     7    98 0.69 -
BDSP01000016_1:78021-78635   -            205 1049599at2759        -            340    0.0039   11.9   0.0   2   4      0.15      0.97    4.0   0.0   252   282   122   152    90   155 0.65 -
BDSP01000016_1:78021-78635   -            205 1049599at2759        -            340    0.0039   11.9   0.0   3   4     0.022      0.15    6.7   0.0   234   261   137   164   125   175 0.82 -
BDSP01000016_1:78021-78635   -            205 1049599at2759        -            340    0.0039   11.9   0.0   4   4      0.87       5.8    1.5   0.0   208   258   156   204   150   205 0.68 -
BDSP01000264_1:69410-69685   -             92 1049599at2759        -            340     0.004   11.9   0.0   1   1    0.0012    0.0078   10.9   0.0   243   264    19    40     7    53 0.77 -
BDSP01000102_1:212220-212684 -            155 1049599at2759        -            340    0.0046   11.6   0.0   1   3       0.8       5.3    1.6   0.0   235   265     5    35     2    45 0.76 -
BDSP01000102_1:212220-212684 -            155 1049599at2759        -            340    0.0046   11.6   0.0   2   3      0.21       1.4    3.5   0.0   226   263    45    81    26    85 0.74 -
BDSP01000102_1:212220-212684 -            155 1049599at2759        -            340    0.0046   11.6   0.0   3   3      0.08      0.53    4.9   0.0   236   258   101   123    45   146 0.60 -
BDSP01000174_1:15404-15754   -            117 1049599at2759        -            340    0.0053   11.4   0.0   1   2     0.081      0.54    4.9   0.0   234   262    20    48     7    72 0.77 -
BDSP01000174_1:15404-15754   -            117 1049599at2759        -            340    0.0053   11.4   0.0   2   2     0.066      0.44    5.1   0.0   234   263    78   107    67   113 0.77 -
BDSP01000020_1:49807-50157   -            117 1049599at2759        -            340     0.006   11.3   0.0   1   2       0.1      0.68    4.5   0.0   235   261    21    47     8    69 0.79 -
BDSP01000020_1:49807-50157   -            117 1049599at2759        -            340     0.006   11.3   0.0   2   2     0.066      0.44    5.1   0.0   234   263    78   107    67   113 0.77 -
BDSP01000102_1:392879-393175 -             99 1049599at2759        -            340    0.0061   11.2   0.0   1   1     0.001    0.0069   11.1   0.0   236   268    34    66    19    85 0.84 -
BDSP01000131_1:6586-6826     -             67 1049599at2759        -            340    0.0064   11.2   0.0   1   1     0.001    0.0069   11.1   0.0   200   263     2    62     1    66 0.87 -
BDSP01000143_1:35570-36112   -            181 1049599at2759        -            340    0.0066   11.1   0.0   1   3     0.071      0.48    5.0   0.0   235   265     5    35     2    42 0.75 -
BDSP01000143_1:35570-36112   -            181 1049599at2759        -            340    0.0066   11.1   0.0   2   3       1.4       9.4    0.8   0.0   199   235    51    87    48   107 0.70 -
BDSP01000143_1:35570-36112   -            181 1049599at2759        -            340    0.0066   11.1   0.0   3   3      0.84       5.6    1.5   0.0   198   233    94   131    91   142 0.80 -
BDSP01000102_1:213344-213958 -            205 1049599at2759        -            340    0.0069   11.1   0.0   1   2       2.3        15    0.1   0.0   242   278    58    94     7   116 0.71 -
BDSP01000102_1:213344-213958 -            205 1049599at2759        -            340    0.0069   11.1   0.0   2   2     0.018      0.12    7.0   0.0   233   260   136   163    59   204 0.81 -
BDSP01000109_1:227957-228703 -            249 1049599at2759        -            340    0.0071   11.0   0.2   1   2       6.7        45   -1.5   0.0   246   269    15    38    13    70 0.78 -
BDSP01000109_1:227957-228703 -            249 1049599at2759        -            340    0.0071   11.0   0.2   2   2    0.0035     0.023    9.3   0.0   197   232   133   169    99   213 0.65 -
BDSP01000081_1:32806-33663   -            286 1049599at2759        -            340    0.0071   11.0   0.3   1   4     0.072      0.48    5.0   0.0   238   269     8    39     2    53 0.85 -
BDSP01000081_1:32806-33663   -            286 1049599at2759        -            340    0.0071   11.0   0.3   2   4      0.73       4.9    1.7   0.0   225   260    90   125    61   132 0.75 -
BDSP01000081_1:32806-33663   -            286 1049599at2759        -            340    0.0071   11.0   0.3   3   4       5.2        35   -1.1   0.0   203   223   213   233   167   241 0.64 -
BDSP01000081_1:32806-33663   -            286 1049599at2759        -            340    0.0071   11.0   0.3   4   4       2.8        19   -0.2   0.0   188   223   225   260   211   284 0.60 -
BDSP01000174_1:16906-17301   -            132 1049599at2759        -            340    0.0078   10.9   0.0   1   2       0.1      0.66    4.6   0.0   244   263     5    24     1    42 0.60 -
BDSP01000174_1:16906-17301   -            132 1049599at2759        -            340    0.0078   10.9   0.0   2   2     0.093      0.62    4.7   0.0   238   265    54    81    44    89 0.87 -
BDSP01000020_1:48259-48687   -            143 1049599at2759        -            340    0.0078   10.9   0.0   1   2     0.095      0.63    4.6   0.0   205   240    12    48     5    54 0.66 -
BDSP01000020_1:48259-48687   -            143 1049599at2759        -            340    0.0078   10.9   0.0   2   2      0.11      0.72    4.4   0.0   238   265    65    92    55    99 0.87 -
BDSP01000089_1:27400-27876   -            159 1049599at2759        -            340     0.011   10.5   0.0   1   3      0.96       6.4    1.3   0.0   247   268     8    29     3    43 0.64 -
BDSP01000089_1:27400-27876   -            159 1049599at2759        -            340     0.011   10.5   0.0   2   3     0.044      0.29    5.7   0.0   193   258    32   107    24   126 0.75 -
BDSP01000089_1:27400-27876   -            159 1049599at2759        -            340     0.011   10.5   0.0   3   3       1.6        10    0.6   0.0   216   254   120   157   109   159 0.72 -
#
# Program:         hmmsearch
# Version:         3.1b2 (February 2015)
# Pipeline mode:   SEARCH
# Query file:      /Users/aholzer/ownCloud/PhD/Publications/2021 Liavero-Pasquina et al./analysis/TPP_aptamer_search/busco_downloads/lineages/eukaryota_odb10/hmms/1049599at2759.hmm
# Target file:     /Users/aholzer/ownCloud/PhD/Publications/2021 Liavero-Pasquina et al./analysis/TPP_aptamer_search/genomes/BUSCO_eukaryota_obd10/Fistulifera_solaris_Fsol_1.0/run_eukaryota_odb10/metaeuk_output/rerun_results/GCA_002217885.1_Fsol_1.0_genomic.fna.modified.fas
# Option settings: hmmsearch --domtblout /Users/aholzer/ownCloud/PhD/Publications/2021 Liavero-Pasquina et al./analysis/TPP_aptamer_search/genomes/BUSCO_eukaryota_obd10/Fistulifera_solaris_Fsol_1.0/run_eukaryota_odb10/hmmer_output/rerun_results/1049599at2759.out --cpu 1 /Users/aholzer/ownCloud/PhD/Publications/2021 Liavero-Pasquina et al./analysis/TPP_aptamer_search/busco_downloads/lineages/eukaryota_odb10/hmms/1049599at2759.hmm /Users/aholzer/ownCloud/PhD/Publications/2021 Liavero-Pasquina et al./analysis/TPP_aptamer_search/genomes/BUSCO_eukaryota_obd10/Fistulifera_solaris_Fsol_1.0/run_eukaryota_odb10/metaeuk_output/rerun_results/GCA_002217885.1_Fsol_1.0_genomic.fna.modified.fas 
# Current dir:     /Users/aholzer/ownCloud/PhD/Publications/2021 Liavero-Pasquina et al./analysis/TPP_aptamer_search
# Date:            Sun Apr 18 10:08:46 2021
# [ok]
