#                                                                                    --- full sequence --- -------------- this domain -------------   hmm coord   ali coord   env coord
# target name                accession   tlen query name           accession   qlen   E-value  score  bias   #  of  c-Evalue  i-Evalue  score  bias  from    to  from    to  from    to  acc description of target
#        ------------------- ---------- ----- -------------------- ---------- ----- --------- ------ ----- --- --- --------- --------- ------ ----- ----- ----- ----- ----- ----- ----- ---- ---------------------
BDSP01000137_1:298069-299007 -            313 1053181at2759        -            173   0.00064   14.9   1.5   1   4      0.38   1.5e+02   -2.6   0.0     1    16     1    16     1    28 0.73 -
BDSP01000137_1:298069-299007 -            313 1053181at2759        -            173   0.00064   14.9   1.5   2   4     0.091        35   -0.5   0.0    38    61    72    98    65   111 0.75 -
BDSP01000137_1:298069-299007 -            313 1053181at2759        -            173   0.00064   14.9   1.5   3   4   0.00045      0.18    7.0   0.0    75   101   139   168   126   178 0.68 -
BDSP01000137_1:298069-299007 -            313 1053181at2759        -            173   0.00064   14.9   1.5   4   4    0.0037       1.4    4.0   0.0   124   149   222   247   181   283 0.79 -
BDSP01000011_1:119023-119643 -            207 1053181at2759        -            173   0.00097   14.3   0.8   1   3      0.19        75   -1.6   0.0    39    61    33    58    27    72 0.68 -
BDSP01000011_1:119023-119643 -            207 1053181at2759        -            173   0.00097   14.3   0.8   2   3   0.00024     0.094    7.9   0.0    75   101    99   128    86   138 0.67 -
BDSP01000011_1:119023-119643 -            207 1053181at2759        -            173   0.00097   14.3   0.8   3   3    0.0053       2.1    3.5   0.0   124   147   182   205   141   207 0.77 -
#
# Program:         hmmsearch
# Version:         3.1b2 (February 2015)
# Pipeline mode:   SEARCH
# Query file:      /Users/aholzer/ownCloud/PhD/Publications/2021 Liavero-Pasquina et al./analysis/TPP_aptamer_search/busco_downloads/lineages/eukaryota_odb10/hmms/1053181at2759.hmm
# Target file:     /Users/aholzer/ownCloud/PhD/Publications/2021 Liavero-Pasquina et al./analysis/TPP_aptamer_search/genomes/BUSCO_eukaryota_obd10/Fistulifera_solaris_Fsol_1.0/run_eukaryota_odb10/metaeuk_output/rerun_results/GCA_002217885.1_Fsol_1.0_genomic.fna.modified.fas
# Option settings: hmmsearch --domtblout /Users/aholzer/ownCloud/PhD/Publications/2021 Liavero-Pasquina et al./analysis/TPP_aptamer_search/genomes/BUSCO_eukaryota_obd10/Fistulifera_solaris_Fsol_1.0/run_eukaryota_odb10/hmmer_output/rerun_results/1053181at2759.out --cpu 1 /Users/aholzer/ownCloud/PhD/Publications/2021 Liavero-Pasquina et al./analysis/TPP_aptamer_search/busco_downloads/lineages/eukaryota_odb10/hmms/1053181at2759.hmm /Users/aholzer/ownCloud/PhD/Publications/2021 Liavero-Pasquina et al./analysis/TPP_aptamer_search/genomes/BUSCO_eukaryota_obd10/Fistulifera_solaris_Fsol_1.0/run_eukaryota_odb10/metaeuk_output/rerun_results/GCA_002217885.1_Fsol_1.0_genomic.fna.modified.fas 
# Current dir:     /Users/aholzer/ownCloud/PhD/Publications/2021 Liavero-Pasquina et al./analysis/TPP_aptamer_search
# Date:            Sun Apr 18 10:08:51 2021
# [ok]
