#                                                                                     --- full sequence --- -------------- this domain -------------   hmm coord   ali coord   env coord
# target name                 accession   tlen query name           accession   qlen   E-value  score  bias   #  of  c-Evalue  i-Evalue  score  bias  from    to  from    to  from    to  acc description of target
#         ------------------- ---------- ----- -------------------- ---------- ----- --------- ------ ----- --- --- --------- --------- ------ ----- ----- ----- ----- ----- ----- ----- ---- ---------------------
JAACSZ010001432_1:14370-16249 -            597 345441at2759         -            381   4.3e-87  288.0  20.7   1   6     0.033        15   -0.1   0.0     2    24    19    41    18    48 0.81 -
JAACSZ010001432_1:14370-16249 -            597 345441at2759         -            381   4.3e-87  288.0  20.7   2   6   4.6e-17     2e-14   48.9   0.2    23   120    60   184    54   190 0.68 -
JAACSZ010001432_1:14370-16249 -            597 345441at2759         -            381   4.3e-87  288.0  20.7   3   6    0.0015      0.68    4.3   0.0   130   152   218   240   201   243 0.84 -
JAACSZ010001432_1:14370-16249 -            597 345441at2759         -            381   4.3e-87  288.0  20.7   4   6   8.8e-13   3.9e-10   34.8   1.0   153   214   267   349   256   365 0.74 -
JAACSZ010001432_1:14370-16249 -            597 345441at2759         -            381   4.3e-87  288.0  20.7   5   6   1.5e-28   6.5e-26   86.7   1.7   211   269   374   436   361   442 0.92 -
JAACSZ010001432_1:14370-16249 -            597 345441at2759         -            381   4.3e-87  288.0  20.7   6   6   5.4e-37   2.4e-34  114.4   0.0   273   379   469   580   464   582 0.92 -
JAACSZ010001529_1:29958-30377 -            140 345441at2759         -            381   2.7e-06   22.1   0.1   1   2     0.057        25   -0.8   0.0    57    87    12    42     4    68 0.62 -
JAACSZ010001529_1:29958-30377 -            140 345441at2759         -            381   2.7e-06   22.1   0.1   2   2   1.7e-08   7.6e-06   20.6   0.0    22    48    85   111    68   128 0.82 -
#
# Program:         hmmsearch
# Version:         3.1b2 (February 2015)
# Pipeline mode:   SEARCH
# Query file:      /Users/aholzer/ownCloud/PhD/Publications/2021 Liavero-Pasquina et al./analysis/TPP_aptamer_search/busco_downloads/lineages/eukaryota_odb10/hmms/345441at2759.hmm
# Target file:     /Users/aholzer/ownCloud/PhD/Publications/2021 Liavero-Pasquina et al./analysis/TPP_aptamer_search/genomes/BUSCO_eukaryota_obd10/Bacillariophyta_sp_ASM1036716v1/run_eukaryota_odb10/metaeuk_output/initial_results/GCA_010367165.1_ASM1036716v1_genomic.fna.modified.fas
# Option settings: hmmsearch --domtblout /Users/aholzer/ownCloud/PhD/Publications/2021 Liavero-Pasquina et al./analysis/TPP_aptamer_search/genomes/BUSCO_eukaryota_obd10/Bacillariophyta_sp_ASM1036716v1/run_eukaryota_odb10/hmmer_output/initial_run_results/345441at2759.out --cpu 1 /Users/aholzer/ownCloud/PhD/Publications/2021 Liavero-Pasquina et al./analysis/TPP_aptamer_search/busco_downloads/lineages/eukaryota_odb10/hmms/345441at2759.hmm /Users/aholzer/ownCloud/PhD/Publications/2021 Liavero-Pasquina et al./analysis/TPP_aptamer_search/genomes/BUSCO_eukaryota_obd10/Bacillariophyta_sp_ASM1036716v1/run_eukaryota_odb10/metaeuk_output/initial_results/GCA_010367165.1_ASM1036716v1_genomic.fna.modified.fas 
# Current dir:     /Users/aholzer/ownCloud/PhD/Publications/2021 Liavero-Pasquina et al./analysis/TPP_aptamer_search
# Date:            Mon Apr 19 13:26:31 2021
# [ok]
