#                                                                                     --- full sequence --- -------------- this domain -------------   hmm coord   ali coord   env coord
# target name                 accession   tlen query name           accession   qlen   E-value  score  bias   #  of  c-Evalue  i-Evalue  score  bias  from    to  from    to  from    to  acc description of target
#         ------------------- ---------- ----- -------------------- ---------- ----- --------- ------ ----- --- --- --------- --------- ------ ----- ----- ----- ----- ----- ----- ----- ---- ---------------------
JAACSZ010002176_1:302-2119    -            606 83779at2759          -            254   7.8e-53  175.4   2.6   1   4       0.9     4e+02   -3.8   0.0   156   183    50    77    28    81 0.70 -
JAACSZ010002176_1:302-2119    -            606 83779at2759          -            254   7.8e-53  175.4   2.6   2   4   3.3e-05     0.015   10.7   0.0    36    62   130   156   106   165 0.77 -
JAACSZ010002176_1:302-2119    -            606 83779at2759          -            254   7.8e-53  175.4   2.6   3   4   1.2e-12   5.4e-10   35.0   0.0    60   128   296   365   252   376 0.84 -
JAACSZ010002176_1:302-2119    -            606 83779at2759          -            254   7.8e-53  175.4   2.6   4   4   2.2e-39   9.6e-37  122.7   0.5   120   252   408   590   393   592 0.73 -
JAACSZ010001021_1:22718-24668 -            618 83779at2759          -            254   1.6e-17   59.7   0.1   1   3   0.00082      0.36    6.1   0.0    22    49   127   155   121   161 0.80 -
JAACSZ010001021_1:22718-24668 -            618 83779at2759          -            254   1.6e-17   59.7   0.1   2   3   1.6e-05     0.007   11.7   0.0    61    93   277   312   269   318 0.75 -
JAACSZ010001021_1:22718-24668 -            618 83779at2759          -            254   1.6e-17   59.7   0.1   3   3   1.6e-13   7.1e-11   37.9   0.0   137   220   383   466   367   489 0.83 -
#
# Program:         hmmsearch
# Version:         3.1b2 (February 2015)
# Pipeline mode:   SEARCH
# Query file:      /Users/aholzer/ownCloud/PhD/Publications/2021 Liavero-Pasquina et al./analysis/TPP_aptamer_search/busco_downloads/lineages/eukaryota_odb10/hmms/83779at2759.hmm
# Target file:     /Users/aholzer/ownCloud/PhD/Publications/2021 Liavero-Pasquina et al./analysis/TPP_aptamer_search/genomes/BUSCO_eukaryota_obd10/Bacillariophyta_sp_ASM1036716v1/run_eukaryota_odb10/metaeuk_output/initial_results/GCA_010367165.1_ASM1036716v1_genomic.fna.modified.fas
# Option settings: hmmsearch --domtblout /Users/aholzer/ownCloud/PhD/Publications/2021 Liavero-Pasquina et al./analysis/TPP_aptamer_search/genomes/BUSCO_eukaryota_obd10/Bacillariophyta_sp_ASM1036716v1/run_eukaryota_odb10/hmmer_output/initial_run_results/83779at2759.out --cpu 1 /Users/aholzer/ownCloud/PhD/Publications/2021 Liavero-Pasquina et al./analysis/TPP_aptamer_search/busco_downloads/lineages/eukaryota_odb10/hmms/83779at2759.hmm /Users/aholzer/ownCloud/PhD/Publications/2021 Liavero-Pasquina et al./analysis/TPP_aptamer_search/genomes/BUSCO_eukaryota_obd10/Bacillariophyta_sp_ASM1036716v1/run_eukaryota_odb10/metaeuk_output/initial_results/GCA_010367165.1_ASM1036716v1_genomic.fna.modified.fas 
# Current dir:     /Users/aholzer/ownCloud/PhD/Publications/2021 Liavero-Pasquina et al./analysis/TPP_aptamer_search
# Date:            Mon Apr 19 13:26:48 2021
# [ok]
