#                                                                                      --- full sequence --- -------------- this domain -------------   hmm coord   ali coord   env coord
# target name                  accession   tlen query name           accession   qlen   E-value  score  bias   #  of  c-Evalue  i-Evalue  score  bias  from    to  from    to  from    to  acc description of target
#          ------------------- ---------- ----- -------------------- ---------- ----- --------- ------ ----- --- --- --------- --------- ------ ----- ----- ----- ----- ----- ----- ----- ---- ---------------------
BLYE01000037_1:172684-174552   -            623 7485at33634          -            342  3.1e-118  388.9   6.9   1   4   1.8e-53   1.4e-52  173.1   0.3     2   160    35   238    34   245 0.82 -
BLYE01000037_1:172684-174552   -            623 7485at33634          -            342  3.1e-118  388.9   6.9   2   4   7.7e-18   5.8e-17   55.9   0.2   160   214   280   339   266   357 0.85 -
BLYE01000037_1:172684-174552   -            623 7485at33634          -            342  3.1e-118  388.9   6.9   3   4   4.3e-42   3.3e-41  135.7   0.0   209   305   360   460   351   479 0.87 -
BLYE01000037_1:172684-174552   -            623 7485at33634          -            342  3.1e-118  388.9   6.9   4   4   1.8e-08   1.3e-07   25.1   0.0   310   342   540   581   528   581 0.89 -
BLYE01000002_1:1206791-1208344 -            518 7485at33634          -            342   5.8e-90  296.0   2.0   1   1   2.7e-88     2e-87  287.6   2.0     3   334    44   446    42   452 0.80 -
BLYE01000024_1:37202-39385     -            728 7485at33634          -            342   3.7e-71  234.1   0.5   1   1   1.3e-70   9.6e-70  229.5   0.5     3   326    57   456    55   463 0.78 -
BLYE01000037_1:197692-198894   -            401 7485at33634          -            342     4e-70  230.7   0.5   1   1     2e-70   1.5e-69  228.8   0.5     3   286    28   353    26   382 0.82 -
BLYE01000001_1:1150915-1151958 -            348 7485at33634          -            342   1.8e-62  205.6   3.2   1   2   2.8e-39   2.1e-38  126.4   0.7     3   165    12   194    10   199 0.85 -
BLYE01000001_1:1150915-1151958 -            348 7485at33634          -            342   1.8e-62  205.6   3.2   2   2   4.1e-25   3.1e-24   79.8   0.1   178   279   235   342   204   348 0.75 -
BLYE01000129_1:62992-64431     -            480 7485at33634          -            342   7.5e-62  203.5   4.3   1   3   1.2e-18   8.9e-18   58.6   0.5     1   138    21   189    21   214 0.69 -
BLYE01000129_1:62992-64431     -            480 7485at33634          -            342   7.5e-62  203.5   4.3   2   3   1.1e-42   8.5e-42  137.6   0.1   141   301   223   400   207   415 0.83 -
BLYE01000129_1:62992-64431     -            480 7485at33634          -            342   7.5e-62  203.5   4.3   3   3    0.0059     0.044    7.0   0.0   302   328   435   461   429   472 0.82 -
BLYE01000010_1:184159-185562   -            468 7485at33634          -            342   1.1e-61  202.9   2.9   1   3     1e-18   7.7e-18   58.8   0.4     1   139    21   190    21   215 0.69 -
BLYE01000010_1:184159-185562   -            468 7485at33634          -            342   1.1e-61  202.9   2.9   2   3   3.7e-42   2.8e-41  135.9   0.1   141   301   223   400   207   415 0.81 -
BLYE01000010_1:184159-185562   -            468 7485at33634          -            342   1.1e-61  202.9   2.9   3   3    0.0079      0.06    6.6   0.0   302   328   435   461   429   467 0.85 -
BLYE01000012_1:388650-389597   -            288 7485at33634          -            342   1.2e-55  183.1   0.1   1   1   5.5e-56   4.2e-55  181.4   0.1    42   278     9   280     2   287 0.82 -
BLYE01000004_1:1307363-1308406 -            348 7485at33634          -            342   1.9e-54  179.2   0.0   1   2   1.2e-29   8.9e-29   94.8   0.0    14   165    23   197    11   209 0.83 -
BLYE01000004_1:1307363-1308406 -            348 7485at33634          -            342   1.9e-54  179.2   0.0   2   2   5.1e-26   3.8e-25   82.8   0.0   155   277   213   346   197   348 0.82 -
BLYE01000002_1:96407-97632     -            374 7485at33634          -            342   1.5e-53  176.2   0.0   1   1   5.5e-54   4.1e-53  174.8   0.0     1   287    14   354    14   366 0.79 -
BLYE01000012_1:167760-169146   -            440 7485at33634          -            342   2.2e-53  175.7   0.1   1   2   3.8e-25   2.9e-24   79.9   0.0    15   161    15   191     1   200 0.78 -
BLYE01000012_1:167760-169146   -            440 7485at33634          -            342   2.2e-53  175.7   0.1   2   2   2.4e-29   1.8e-28   93.7   0.1   186   301   245   368   211   380 0.83 -
BLYE01000012_1:159539-161122   -            528 7485at33634          -            342   2.3e-53  175.6   0.3   1   2   1.3e-29   9.9e-29   94.6   0.2    13   156    51   226    38   238 0.79 -
BLYE01000012_1:159539-161122   -            528 7485at33634          -            342   2.3e-53  175.6   0.3   2   2   7.7e-25   5.8e-24   78.9   0.0   187   311   280   412   268   424 0.85 -
BLYE01000036_1:213692-214986   -            405 7485at33634          -            342   8.3e-53  173.8   0.1   1   2   4.4e-30   3.3e-29   96.2   0.0     1   166    24   214    24   234 0.82 -
BLYE01000036_1:213692-214986   -            405 7485at33634          -            342   8.3e-53  173.8   0.1   2   2   7.7e-24   5.8e-23   75.7   0.0   187   295   271   389   269   400 0.81 -
BLYE01000019_1:705510-706864   -            369 7485at33634          -            342   3.6e-51  168.4   1.4   1   1   7.4e-52   5.6e-51  167.8   1.4     1   296    21   356    21   366 0.82 -
BLYE01000046_1:11278-12626     -            369 7485at33634          -            342   3.6e-51  168.4   1.4   1   1   7.4e-52   5.6e-51  167.8   1.4     1   296    21   356    21   366 0.82 -
BLYE01000159_1:228882-230236   -            369 7485at33634          -            342   3.6e-51  168.4   1.4   1   1   7.4e-52   5.6e-51  167.8   1.4     1   296    21   356    21   366 0.82 -
BLYE01000020_1:550015-551172   -            386 7485at33634          -            342   4.6e-50  164.8   0.9   1   2   3.3e-30   2.5e-29   96.6   0.3     1   184    19   232    19   249 0.82 -
BLYE01000020_1:550015-551172   -            386 7485at33634          -            342   4.6e-50  164.8   0.9   2   2   3.9e-21   2.9e-20   66.8   0.0   190   295   262   374   256   382 0.89 -
BLYE01000035_1:40019-41200     -            394 7485at33634          -            342     4e-49  161.7   0.0   1   1   1.1e-49   8.1e-49  160.7   0.0     2   287    22   361    21   379 0.76 -
BLYE01000205_1:12047-13228     -            394 7485at33634          -            342     4e-49  161.7   0.0   1   1   1.1e-49   8.1e-49  160.7   0.0     2   287    22   361    21   379 0.76 -
BLYE01000019_1:226406-227575   -            361 7485at33634          -            342   1.4e-48  159.9   0.2   1   1   3.2e-49   2.4e-48  159.1   0.2     1   293    20   347    20   354 0.82 -
BLYE01000160_1:209972-211141   -            361 7485at33634          -            342   1.4e-48  159.9   0.2   1   1   3.2e-49   2.4e-48  159.1   0.2     1   293    20   347    20   354 0.82 -
BLYE01000009_1:650658-651716   -            353 7485at33634          -            342   2.3e-48  159.2   0.3   1   1   1.6e-48   1.2e-47  156.8   0.3    12   295    12   353     1   353 0.75 -
BLYE01000123_1:200270-201328   -            353 7485at33634          -            342   2.3e-48  159.2   0.3   1   1   1.6e-48   1.2e-47  156.8   0.3    12   295    12   353     1   353 0.75 -
BLYE01000010_1:690148-691656   -            503 7485at33634          -            342   1.3e-47  156.8   0.4   1   2   1.8e-25   1.4e-24   81.0   0.0     1   157    20   202    20   220 0.81 -
BLYE01000010_1:690148-691656   -            503 7485at33634          -            342   1.3e-47  156.8   0.4   2   2   3.3e-23   2.5e-22   73.6   0.1   187   284   349   453   346   472 0.86 -
BLYE01000133_1:53892-55400     -            503 7485at33634          -            342   1.3e-47  156.7   0.4   1   2   1.9e-25   1.4e-24   81.0   0.0     1   157    20   202    20   219 0.81 -
BLYE01000133_1:53892-55400     -            503 7485at33634          -            342   1.3e-47  156.7   0.4   2   2   3.3e-23   2.5e-22   73.6   0.1   187   284   349   453   346   472 0.86 -
BLYE01000015_1:740886-742051   -            362 7485at33634          -            342   1.4e-47  156.6   0.0   1   1   3.6e-48   2.7e-47  155.6   0.0     7   277    26   350    20   361 0.77 -
BLYE01000150_1:53367-54532     -            362 7485at33634          -            342   1.4e-47  156.6   0.0   1   1   3.6e-48   2.7e-47  155.6   0.0     7   277    26   350    20   361 0.77 -
BLYE01000044_1:98483-99799     -            439 7485at33634          -            342   4.6e-46  151.6   2.4   1   4     2e-24   1.5e-23   77.6   0.2    20   136    53   191    27   196 0.81 -
BLYE01000044_1:98483-99799     -            439 7485at33634          -            342   4.6e-46  151.6   2.4   2   4       2.6        20   -1.7   0.0   140   154   222   236   219   245 0.86 -
BLYE01000044_1:98483-99799     -            439 7485at33634          -            342   4.6e-46  151.6   2.4   3   4   7.2e-06   5.4e-05   16.6   0.0   164   233   285   361   276   365 0.79 -
BLYE01000044_1:98483-99799     -            439 7485at33634          -            342   4.6e-46  151.6   2.4   4   4     4e-17     3e-16   53.6   0.0   232   279   382   430   376   437 0.89 -
BLYE01000002_1:50071-51406     -            287 7485at33634          -            342   3.5e-44  145.4   1.0   1   2     2e-17   1.5e-16   54.6   0.1    12   153    23   165     8   176 0.71 -
BLYE01000002_1:50071-51406     -            287 7485at33634          -            342   3.5e-44  145.4   1.0   2   2     1e-25   7.7e-25   81.8   0.1   211   284   198   274   182   285 0.87 -
BLYE01000060_1:51536-53014     -            493 7485at33634          -            342     2e-41  136.4   1.8   1   3   3.3e-12   2.5e-11   37.4   0.1    17   104    72   181    62   185 0.70 -
BLYE01000060_1:51536-53014     -            493 7485at33634          -            342     2e-41  136.4   1.8   2   3   1.6e-07   1.2e-06   22.0   0.0   110   152   244   290   240   300 0.81 -
BLYE01000060_1:51536-53014     -            493 7485at33634          -            342     2e-41  136.4   1.8   3   3   6.4e-23   4.8e-22   72.6   0.2   168   286   353   482   311   493 0.77 -
BLYE01000021_1:452964-454025   -            354 7485at33634          -            342   1.5e-40  133.5   1.2   1   2   3.5e-20   2.6e-19   63.6   0.3    21   154     4   162     1   176 0.74 -
BLYE01000021_1:452964-454025   -            354 7485at33634          -            342   1.5e-40  133.5   1.2   2   2   1.8e-21   1.3e-20   67.9   0.0   191   276   252   343   210   353 0.88 -
BLYE01000010_1:528428-529711   -            428 7485at33634          -            342   8.7e-40  131.0   3.5   1   2   1.2e-30   8.9e-30   98.1   1.4     3   239    28   324    26   329 0.72 -
BLYE01000010_1:528428-529711   -            428 7485at33634          -            342   8.7e-40  131.0   3.5   2   2     2e-10   1.5e-09   31.5   0.0   242   290   358   406   356   415 0.89 -
BLYE01000018_1:139667-141343   -            559 7485at33634          -            342   4.3e-38  125.4   0.1   1   5   1.6e-09   1.2e-08   28.5   0.0    14    65    41    95    32   106 0.85 -
BLYE01000018_1:139667-141343   -            559 7485at33634          -            342   4.3e-38  125.4   0.1   2   5   6.2e-13   4.6e-12   39.8   0.0    89   147   195   256   164   262 0.90 -
BLYE01000018_1:139667-141343   -            559 7485at33634          -            342   4.3e-38  125.4   0.1   3   5    0.0087     0.065    6.4   0.0   137   170   307   340   298   357 0.87 -
BLYE01000018_1:139667-141343   -            559 7485at33634          -            342   4.3e-38  125.4   0.1   4   5      0.52       3.9    0.6   0.0   182   215   395   429   356   437 0.76 -
BLYE01000018_1:139667-141343   -            559 7485at33634          -            342   4.3e-38  125.4   0.1   5   5   7.9e-14     6e-13   42.7   0.0   216   287   449   525   441   542 0.83 -
BLYE01000036_1:59343-60356     -            338 7485at33634          -            342   6.9e-34  111.6   0.6   1   1   3.6e-34   2.7e-33  109.6   0.6     1   271    24   338    24   338 0.78 -
BLYE01000207_1:64026-65039     -            338 7485at33634          -            342   6.9e-34  111.6   0.6   1   1   3.6e-34   2.7e-33  109.6   0.6     1   271    24   338    24   338 0.78 -
BLYE01000008_1:444169-445612   -            429 7485at33634          -            342   1.7e-32  107.0   0.0   1   2   1.5e-20   1.1e-19   64.8   0.0     3   128    26   161    24   197 0.73 -
BLYE01000008_1:444169-445612   -            429 7485at33634          -            342   1.7e-32  107.0   0.0   2   2   5.6e-13   4.2e-12   39.9   0.0   230   282   355   407   334   416 0.83 -
BLYE01000010_1:551337-552536   -            400 7485at33634          -            342   1.5e-31  103.9   3.3   1   4     0.011     0.082    6.1   0.0     2    36     2    40     1    50 0.87 -
BLYE01000010_1:551337-552536   -            400 7485at33634          -            342   1.5e-31  103.9   3.3   2   4   2.7e-11     2e-10   34.4   0.1    42   125    64   157    53   163 0.86 -
BLYE01000010_1:551337-552536   -            400 7485at33634          -            342   1.5e-31  103.9   3.3   3   4      0.32       2.4    1.3   0.1   139   165   211   237   194   241 0.78 -
BLYE01000010_1:551337-552536   -            400 7485at33634          -            342   1.5e-31  103.9   3.3   4   4   5.3e-19     4e-18   59.7   0.1   192   292   284   391   278   399 0.71 -
BLYE01000047_1:86203-87407     -            329 7485at33634          -            342   3.4e-30   99.4   0.1   1   2   6.5e-17   4.9e-16   52.9   0.0     1   176    21   216    21   226 0.75 -
BLYE01000047_1:86203-87407     -            329 7485at33634          -            342   3.4e-30   99.4   0.1   2   2     2e-14   1.5e-13   44.7   0.0   212   290   234   320   217   327 0.84 -
BLYE01000023_1:389413-390837   -            475 7485at33634          -            342   1.4e-23   77.7   0.1   1   4   4.1e-07   3.1e-06   20.6   0.0    16    62    69   126    55   135 0.74 -
BLYE01000023_1:389413-390837   -            475 7485at33634          -            342   1.4e-23   77.7   0.1   2   4   7.2e-05   0.00054   13.3   0.0    89   136   191   242   189   247 0.72 -
BLYE01000023_1:389413-390837   -            475 7485at33634          -            342   1.4e-23   77.7   0.1   3   4       1.2       8.9   -0.6   0.0   181   230   331   384   318   388 0.73 -
BLYE01000023_1:389413-390837   -            475 7485at33634          -            342   1.4e-23   77.7   0.1   4   4   1.9e-12   1.5e-11   38.2   0.0   233   293   411   473   401   475 0.90 -
BLYE01000174_1:20846-22270     -            475 7485at33634          -            342   1.4e-23   77.7   0.1   1   4   4.2e-07   3.2e-06   20.6   0.0    16    62    69   126    55   135 0.74 -
BLYE01000174_1:20846-22270     -            475 7485at33634          -            342   1.4e-23   77.7   0.1   2   4   7.2e-05   0.00054   13.3   0.0    89   136   191   242   189   247 0.72 -
BLYE01000174_1:20846-22270     -            475 7485at33634          -            342   1.4e-23   77.7   0.1   3   4       1.2       8.9   -0.6   0.0   181   230   331   384   318   388 0.73 -
BLYE01000174_1:20846-22270     -            475 7485at33634          -            342   1.4e-23   77.7   0.1   4   4   1.9e-12   1.5e-11   38.2   0.0   233   293   411   473   401   475 0.90 -
BLYE01000003_1:1745640-1746758 -            373 7485at33634          -            342     5e-22   72.6   0.2   1   2    0.0001   0.00079   12.7   0.0    16    66    34    92    16    99 0.70 -
BLYE01000003_1:1745640-1746758 -            373 7485at33634          -            342     5e-22   72.6   0.2   2   2   2.3e-18   1.7e-17   57.7   0.0   182   302   224   361   180   370 0.70 -
BLYE01000006_1:1043293-1044612 -            440 7485at33634          -            342   7.4e-15   49.0   0.0   1   3   5.6e-09   4.2e-08   26.8   0.0     4    72    23   106    20   109 0.71 -
BLYE01000006_1:1043293-1044612 -            440 7485at33634          -            342   7.4e-15   49.0   0.0   2   3     0.029      0.21    4.7   0.0   110   127   178   195   169   238 0.87 -
BLYE01000006_1:1043293-1044612 -            440 7485at33634          -            342   7.4e-15   49.0   0.0   3   3   5.7e-05   0.00043   13.6   0.0   231   276   389   434   380   440 0.92 -
BLYE01000144_1:11306-12736     -            477 7485at33634          -            342     6e-14   46.0   0.1   1   3   3.3e-05   0.00024   14.4   0.0    14    41    44    71    34   105 0.85 -
BLYE01000144_1:11306-12736     -            477 7485at33634          -            342     6e-14   46.0   0.1   2   3     0.039      0.29    4.3   0.0   110   191   228   316   197   320 0.74 -
BLYE01000144_1:11306-12736     -            477 7485at33634          -            342     6e-14   46.0   0.1   3   3   6.5e-08   4.9e-07   23.3   0.0   225   277   420   475   411   477 0.79 -
BLYE01000014_1:777660-779090   -            477 7485at33634          -            342   6.2e-14   46.0   0.1   1   3   3.3e-05   0.00025   14.4   0.0    14    41    44    71    34   105 0.85 -
BLYE01000014_1:777660-779090   -            477 7485at33634          -            342   6.2e-14   46.0   0.1   2   3     0.039      0.29    4.3   0.0   110   191   228   316   197   320 0.74 -
BLYE01000014_1:777660-779090   -            477 7485at33634          -            342   6.2e-14   46.0   0.1   3   3   6.5e-08   4.9e-07   23.3   0.0   225   277   420   475   411   477 0.79 -
#
# Program:         hmmsearch
# Version:         3.1b2 (February 2015)
# Pipeline mode:   SEARCH
# Query file:      /Users/aholzer/ownCloud/PhD/Publications/2021 Liavero-Pasquina et al./analysis/TPP_aptamer_search/busco_downloads/lineages/stramenopiles_odb10/hmms/7485at33634.hmm
# Target file:     /Users/aholzer/ownCloud/PhD/Publications/2021 Liavero-Pasquina et al./analysis/TPP_aptamer_search/genomes/BUSCO/Nitzschia_putrida_Nputr_1.0/run_stramenopiles_odb10/metaeuk_output/initial_results/GCA_016586335.1_Nputr_1.0_genomic.fna.modified.fas
# Option settings: hmmsearch --domtblout /Users/aholzer/ownCloud/PhD/Publications/2021 Liavero-Pasquina et al./analysis/TPP_aptamer_search/genomes/BUSCO/Nitzschia_putrida_Nputr_1.0/run_stramenopiles_odb10/hmmer_output/initial_run_results/7485at33634.out --cpu 1 /Users/aholzer/ownCloud/PhD/Publications/2021 Liavero-Pasquina et al./analysis/TPP_aptamer_search/busco_downloads/lineages/stramenopiles_odb10/hmms/7485at33634.hmm /Users/aholzer/ownCloud/PhD/Publications/2021 Liavero-Pasquina et al./analysis/TPP_aptamer_search/genomes/BUSCO/Nitzschia_putrida_Nputr_1.0/run_stramenopiles_odb10/metaeuk_output/initial_results/GCA_016586335.1_Nputr_1.0_genomic.fna.modified.fas 
# Current dir:     /Users/aholzer/ownCloud/PhD/Publications/2021 Liavero-Pasquina et al./analysis/TPP_aptamer_search
# Date:            Thu Apr 15 13:53:18 2021
# [ok]
