#                                                                                --- full sequence --- -------------- this domain -------------   hmm coord   ali coord   env coord
# target name            accession   tlen query name           accession   qlen   E-value  score  bias   #  of  c-Evalue  i-Evalue  score  bias  from    to  from    to  from    to  acc description of target
#    ------------------- ---------- ----- -------------------- ---------- ----- --------- ------ ----- --- --- --------- --------- ------ ----- ----- ----- ----- ----- ----- ----- ---- ---------------------
QAXC01005325_1:4266-5057 -            264 1173229at2759        -            211   0.00036   15.2   0.1   1   3    0.0014      0.41    5.2   0.0    25    54    41    71    16    94 0.78 -
QAXC01005325_1:4266-5057 -            264 1173229at2759        -            211   0.00036   15.2   0.1   2   3     0.082        24   -0.5   0.0   190   204   141   155    99   160 0.72 -
QAXC01005325_1:4266-5057 -            264 1173229at2759        -            211   0.00036   15.2   0.1   3   3   0.00071      0.21    6.2   0.0    20    69   200   250   182   256 0.86 -
QAXC01005325_1:3630-4571 -            314 1173229at2759        -            211    0.0019   12.8   0.0   1   4   0.00099      0.29    5.7   0.0    20    69    38    88    30    94 0.85 -
QAXC01005325_1:3630-4571 -            314 1173229at2759        -            211    0.0019   12.8   0.0   2   4      0.34        99   -2.6   0.0   193   206   106   119   101   120 0.72 -
QAXC01005325_1:3630-4571 -            314 1173229at2759        -            211    0.0019   12.8   0.0   3   4     0.011       3.4    2.2   0.0    20    68   161   210   151   215 0.83 -
QAXC01005325_1:3630-4571 -            314 1173229at2759        -            211    0.0019   12.8   0.0   4   4     0.081        24   -0.5   0.0    29    53   252   277   247   284 0.66 -
#
# Program:         hmmsearch
# Version:         3.1b2 (February 2015)
# Pipeline mode:   SEARCH
# Query file:      /Users/aholzer/ownCloud/PhD/Publications/2021 Liavero-Pasquina et al./analysis/TPP_aptamer_search/busco_downloads/lineages/eukaryota_odb10/hmms/1173229at2759.hmm
# Target file:     /Users/aholzer/ownCloud/PhD/Publications/2021 Liavero-Pasquina et al./analysis/TPP_aptamer_search/genomes/BUSCO_eukaryota_obd10/Halamphora_sp_AAB/run_eukaryota_odb10/metaeuk_output/initial_results/GCA_004335955.1_ASM433595v1_genomic.fna.modified.fas
# Option settings: hmmsearch --domtblout /Users/aholzer/ownCloud/PhD/Publications/2021 Liavero-Pasquina et al./analysis/TPP_aptamer_search/genomes/BUSCO_eukaryota_obd10/Halamphora_sp_AAB/run_eukaryota_odb10/hmmer_output/initial_run_results/1173229at2759.out --cpu 1 /Users/aholzer/ownCloud/PhD/Publications/2021 Liavero-Pasquina et al./analysis/TPP_aptamer_search/busco_downloads/lineages/eukaryota_odb10/hmms/1173229at2759.hmm /Users/aholzer/ownCloud/PhD/Publications/2021 Liavero-Pasquina et al./analysis/TPP_aptamer_search/genomes/BUSCO_eukaryota_obd10/Halamphora_sp_AAB/run_eukaryota_odb10/metaeuk_output/initial_results/GCA_004335955.1_ASM433595v1_genomic.fna.modified.fas 
# Current dir:     /Users/aholzer/ownCloud/PhD/Publications/2021 Liavero-Pasquina et al./analysis/TPP_aptamer_search
# Date:            Sun Apr 18 07:49:29 2021
# [ok]
