#                                                                               --- full sequence --- -------------- this domain -------------   hmm coord   ali coord   env coord
# target name           accession   tlen query name           accession   qlen   E-value  score  bias   #  of  c-Evalue  i-Evalue  score  bias  from    to  from    to  from    to  acc description of target
#   ------------------- ---------- ----- -------------------- ---------- ----- --------- ------ ----- --- --- --------- --------- ------ ----- ----- ----- ----- ----- ----- ----- ---- ---------------------
QAXC01006299_1:252-1073 -            274 937275at2759         -             94    0.0019   13.3   0.5   1   3   0.00053      0.16    7.2   0.0    67    87    36    56    25    59 0.85 -
QAXC01006299_1:252-1073 -            274 937275at2759         -             94    0.0019   13.3   0.5   2   3     0.017       4.9    2.4   0.0    75    89    85    99    61   102 0.86 -
QAXC01006299_1:252-1073 -            274 937275at2759         -             94    0.0019   13.3   0.5   3   3      0.54   1.6e+02   -2.5   0.0    75    88   126   139   124   141 0.83 -
QAXC01000665_1:306-1913 -            536 937275at2759         -             94     0.014   10.5   9.7   1   7     0.043        13    1.0   0.1    75    89    20    34     3    38 0.90 -
QAXC01000665_1:306-1913 -            536 937275at2759         -             94     0.014   10.5   9.7   2   7      0.29        85   -1.6   0.1    77    89   205   217   202   220 0.83 -
QAXC01000665_1:306-1913 -            536 937275at2759         -             94     0.014   10.5   9.7   3   7    0.0033      0.97    4.6   0.1    74    89   244   259   225   261 0.89 -
QAXC01000665_1:306-1913 -            536 937275at2759         -             94     0.014   10.5   9.7   4   7      0.97   2.9e+02   -3.3   0.0    11    27   291   307   288   308 0.78 -
QAXC01000665_1:306-1913 -            536 937275at2759         -             94     0.014   10.5   9.7   5   7      0.16        46   -0.7   0.0    76    91   327   342   323   344 0.82 -
QAXC01000665_1:306-1913 -            536 937275at2759         -             94     0.014   10.5   9.7   6   7     0.022       6.5    2.0   0.0    77    90   369   382   351   384 0.85 -
QAXC01000665_1:306-1913 -            536 937275at2759         -             94     0.014   10.5   9.7   7   7     0.019       5.5    2.2   0.0    75    89   491   505   488   508 0.91 -
#
# Program:         hmmsearch
# Version:         3.1b2 (February 2015)
# Pipeline mode:   SEARCH
# Query file:      /Users/aholzer/ownCloud/PhD/Publications/2021 Liavero-Pasquina et al./analysis/TPP_aptamer_search/busco_downloads/lineages/eukaryota_odb10/hmms/937275at2759.hmm
# Target file:     /Users/aholzer/ownCloud/PhD/Publications/2021 Liavero-Pasquina et al./analysis/TPP_aptamer_search/genomes/BUSCO_eukaryota_obd10/Halamphora_sp_AAB/run_eukaryota_odb10/metaeuk_output/initial_results/GCA_004335955.1_ASM433595v1_genomic.fna.modified.fas
# Option settings: hmmsearch --domtblout /Users/aholzer/ownCloud/PhD/Publications/2021 Liavero-Pasquina et al./analysis/TPP_aptamer_search/genomes/BUSCO_eukaryota_obd10/Halamphora_sp_AAB/run_eukaryota_odb10/hmmer_output/initial_run_results/937275at2759.out --cpu 1 /Users/aholzer/ownCloud/PhD/Publications/2021 Liavero-Pasquina et al./analysis/TPP_aptamer_search/busco_downloads/lineages/eukaryota_odb10/hmms/937275at2759.hmm /Users/aholzer/ownCloud/PhD/Publications/2021 Liavero-Pasquina et al./analysis/TPP_aptamer_search/genomes/BUSCO_eukaryota_obd10/Halamphora_sp_AAB/run_eukaryota_odb10/metaeuk_output/initial_results/GCA_004335955.1_ASM433595v1_genomic.fna.modified.fas 
# Current dir:     /Users/aholzer/ownCloud/PhD/Publications/2021 Liavero-Pasquina et al./analysis/TPP_aptamer_search
# Date:            Sun Apr 18 07:49:52 2021
# [ok]
