#                                                                                    --- full sequence --- -------------- this domain -------------   hmm coord   ali coord   env coord
# target name                accession   tlen query name           accession   qlen   E-value  score  bias   #  of  c-Evalue  i-Evalue  score  bias  from    to  from    to  from    to  acc description of target
#        ------------------- ---------- ----- -------------------- ---------- ----- --------- ------ ----- --- --- --------- --------- ------ ----- ----- ----- ----- ----- ----- ----- ---- ---------------------
WXVQ01000307_1:13628-14899   -            424 1025450at2759        -            307   1.3e-48  161.5   7.3   1   1   5.3e-45   5.7e-44  146.2   7.3     3   291    35   396    33   424 0.72 -
WXVQ01000196_1:37833-38828   -            332 1025450at2759        -            307   1.4e-33  112.1   8.4   1   6   0.00013    0.0014   13.6   0.0    62    95     1    34     1    40 0.81 -
WXVQ01000196_1:37833-38828   -            332 1025450at2759        -            307   1.4e-33  112.1   8.4   2   6   2.3e-07   2.4e-06   22.6   0.0   136   178    41    83    35    89 0.90 -
WXVQ01000196_1:37833-38828   -            332 1025450at2759        -            307   1.4e-33  112.1   8.4   3   6   1.8e-08     2e-07   26.2   0.4    34    93   106   164   103   166 0.86 -
WXVQ01000196_1:37833-38828   -            332 1025450at2759        -            307   1.4e-33  112.1   8.4   4   6     0.046      0.49    5.2   0.1   262   282   149   169   146   180 0.88 -
WXVQ01000196_1:37833-38828   -            332 1025450at2759        -            307   1.4e-33  112.1   8.4   5   6   2.6e-10   2.8e-09   32.3   0.0    37    92   232   288   222   291 0.91 -
WXVQ01000196_1:37833-38828   -            332 1025450at2759        -            307   1.4e-33  112.1   8.4   6   6   2.9e-06   3.1e-05   19.0   0.3    43    93   281   331   279   332 0.92 -
WXVQ01000146_1:34882-35751   -            290 1025450at2759        -            307   1.3e-31  105.6   6.1   1   5     0.029      0.32    5.8   0.1   158   173     3    18     1    40 0.58 -
WXVQ01000146_1:34882-35751   -            290 1025450at2759        -            307   1.3e-31  105.6   6.1   2   5   1.7e-12   1.9e-11   39.4   0.1    36    95    61   120    57   121 0.96 -
WXVQ01000146_1:34882-35751   -            290 1025450at2759        -            307   1.3e-31  105.6   6.1   3   5   1.2e-19   1.3e-18   63.0   0.3    18    95    81   162    79   171 0.92 -
WXVQ01000146_1:34882-35751   -            290 1025450at2759        -            307   1.3e-31  105.6   6.1   4   5   0.00084    0.0091   10.9   0.0   129   174   163   208   160   231 0.64 -
WXVQ01000146_1:34882-35751   -            290 1025450at2759        -            307   1.3e-31  105.6   6.1   5   5   9.5e-05     0.001   14.0   0.0    35    84   240   290   238   290 0.93 -
WXVQ01000104_1:84664-87638   -            911 1025450at2759        -            307   1.8e-31  105.2  13.0   1   6       3.2        35   -0.9   0.0   163   227    51   119    31   138 0.67 -
WXVQ01000104_1:84664-87638   -            911 1025450at2759        -            307   1.8e-31  105.2  13.0   2   6   1.4e-05   0.00015   16.7   0.3    96   185   159   253   153   257 0.77 -
WXVQ01000104_1:84664-87638   -            911 1025450at2759        -            307   1.8e-31  105.2  13.0   3   6   1.6e-11   1.7e-10   36.3   0.3    66   217   320   486   312   495 0.75 -
WXVQ01000104_1:84664-87638   -            911 1025450at2759        -            307   1.8e-31  105.2  13.0   4   6   8.5e-21   9.2e-20   66.7   0.5    36   175   418   567   411   571 0.86 -
WXVQ01000104_1:84664-87638   -            911 1025450at2759        -            307   1.8e-31  105.2  13.0   5   6     5e-06   5.4e-05   18.2   0.0   138   174   572   608   568   614 0.91 -
WXVQ01000104_1:84664-87638   -            911 1025450at2759        -            307   1.8e-31  105.2  13.0   6   6       1.9        20   -0.1   0.0    68    95   640   667   616   679 0.62 -
WXVQ01000416_1:1966-3378     -            471 1025450at2759        -            307   6.4e-28   93.5  11.8   1   4   8.8e-05   0.00095   14.1   0.0   137   168    87   118    80   124 0.90 -
WXVQ01000416_1:1966-3378     -            471 1025450at2759        -            307   6.4e-28   93.5  11.8   2   4    0.0019     0.021    9.7   0.0    60    92   128   160   120   164 0.89 -
WXVQ01000416_1:1966-3378     -            471 1025450at2759        -            307   6.4e-28   93.5  11.8   3   4   1.7e-05   0.00018   16.5   0.2   103   173   138   207   138   215 0.85 -
WXVQ01000416_1:1966-3378     -            471 1025450at2759        -            307   6.4e-28   93.5  11.8   4   4   7.1e-19   7.6e-18   60.4   4.1    19   170   209   377   204   426 0.81 -
WXVQ01000176_1:24247-26055   -            603 1025450at2759        -            307   2.9e-26   88.0   3.7   1   4   4.1e-06   4.4e-05   18.5   0.0    19    73     9    67     4    72 0.87 -
WXVQ01000176_1:24247-26055   -            603 1025450at2759        -            307   2.9e-26   88.0   3.7   2   4   1.7e-10   1.8e-09   32.9   0.1    33    94    72   133    70   138 0.96 -
WXVQ01000176_1:24247-26055   -            603 1025450at2759        -            307   2.9e-26   88.0   3.7   3   4   3.5e-10   3.7e-09   31.9   0.1    96   204   180   294   167   303 0.76 -
WXVQ01000176_1:24247-26055   -            603 1025450at2759        -            307   2.9e-26   88.0   3.7   4   4      0.52       5.6    1.7   0.0   139   164   478   503   443   593 0.75 -
WXVQ01000012_1:197277-200192 -            972 1025450at2759        -            307   4.7e-26   87.3  10.0   1   5   5.4e-06   5.8e-05   18.1   0.3    61    94   140   173   130   180 0.89 -
WXVQ01000012_1:197277-200192 -            972 1025450at2759        -            307   4.7e-26   87.3  10.0   2   5      0.32       3.5    2.4   0.1   114   151   213   251   194   293 0.45 -
WXVQ01000012_1:197277-200192 -            972 1025450at2759        -            307   4.7e-26   87.3  10.0   3   5      0.49       5.2    1.8   0.0    78    97   327   346   320   356 0.82 -
WXVQ01000012_1:197277-200192 -            972 1025450at2759        -            307   4.7e-26   87.3  10.0   4   5   0.00017    0.0018   13.2   0.0    99   178   421   499   401   511 0.84 -
WXVQ01000012_1:197277-200192 -            972 1025450at2759        -            307   4.7e-26   87.3  10.0   5   5   6.7e-16   7.2e-15   50.6   0.5    35   180   590   743   565   749 0.81 -
WXVQ01000988_1:54827-55783   -            319 1025450at2759        -            307   5.3e-25   83.9   2.5   1   2     2e-15   2.2e-14   49.1   0.9    16   175    45   232    36   248 0.73 -
WXVQ01000988_1:54827-55783   -            319 1025450at2759        -            307   5.3e-25   83.9   2.5   2   2   1.9e-09     2e-08   29.4   0.0   106   168   257   318   240   319 0.61 -
WXVQ01000157_1:122827-123913 -            329 1025450at2759        -            307   3.2e-24   81.3   6.6   1   6    0.0089     0.096    7.5   0.0   111   175     4    66     1    71 0.74 -
WXVQ01000157_1:122827-123913 -            329 1025450at2759        -            307   3.2e-24   81.3   6.6   2   6   5.8e-08   6.2e-07   24.6   0.1    50    94    62   106    60   111 0.92 -
WXVQ01000157_1:122827-123913 -            329 1025450at2759        -            307   3.2e-24   81.3   6.6   3   6   6.4e-05   0.00069   14.6   0.1   115   172    94   149    94   159 0.83 -
WXVQ01000157_1:122827-123913 -            329 1025450at2759        -            307   3.2e-24   81.3   6.6   4   6   0.00044    0.0048   11.8   0.0   140   172   177   209   173   218 0.88 -
WXVQ01000157_1:122827-123913 -            329 1025450at2759        -            307   3.2e-24   81.3   6.6   5   6   7.6e-10   8.1e-09   30.7   1.4    35    95   238   298   208   303 0.86 -
WXVQ01000157_1:122827-123913 -            329 1025450at2759        -            307   3.2e-24   81.3   6.6   6   6   2.5e-05   0.00027   15.9   0.2   137   178   264   305   258   316 0.82 -
WXVQ01000011_1:61195-64229   -            951 1025450at2759        -            307   3.8e-23   77.8  13.3   1   8       1.3        14    0.5   0.0   152   172   100   120    80   133 0.58 -
WXVQ01000011_1:61195-64229   -            951 1025450at2759        -            307   3.8e-23   77.8  13.3   2   8   4.7e-09     5e-08   28.1   0.3    37    97   173   237   151   249 0.88 -
WXVQ01000011_1:61195-64229   -            951 1025450at2759        -            307   3.8e-23   77.8  13.3   3   8      0.93        10    0.9   0.0   291   306   273   288   268   289 0.84 -
WXVQ01000011_1:61195-64229   -            951 1025450at2759        -            307   3.8e-23   77.8  13.3   4   8         4        43   -1.2   0.0    96   132   331   370   328   401 0.68 -
WXVQ01000011_1:61195-64229   -            951 1025450at2759        -            307   3.8e-23   77.8  13.3   5   8    0.0013     0.014   10.3   0.1   110   179   498   571   493   586 0.82 -
WXVQ01000011_1:61195-64229   -            951 1025450at2759        -            307   3.8e-23   77.8  13.3   6   8      0.76       8.2    1.2   0.1    37    55   594   612   590   664 0.51 -
WXVQ01000011_1:61195-64229   -            951 1025450at2759        -            307   3.8e-23   77.8  13.3   7   8     4e-08   4.3e-07   25.1   0.6    35   106   686   756   668   761 0.90 -
WXVQ01000011_1:61195-64229   -            951 1025450at2759        -            307   3.8e-23   77.8  13.3   8   8   5.4e-05   0.00058   14.8   0.1    39   103   732   791   731   798 0.87 -
WXVQ01000083_1:34062-36041   -            660 1025450at2759        -            307   5.4e-23   77.3   9.9   1   4   1.8e-06   1.9e-05   19.6   0.0    54    95    70   111    67   117 0.89 -
WXVQ01000083_1:34062-36041   -            660 1025450at2759        -            307   5.4e-23   77.3   9.9   2   4   1.8e-05   0.00019   16.4   0.2    33   107   234   309   217   321 0.77 -
WXVQ01000083_1:34062-36041   -            660 1025450at2759        -            307   5.4e-23   77.3   9.9   3   4    0.0041     0.044    8.6   0.0    59   101   358   399   349   410 0.78 -
WXVQ01000083_1:34062-36041   -            660 1025450at2759        -            307   5.4e-23   77.3   9.9   4   4     6e-10   6.5e-09   31.1   1.9    36   170   506   652   476   657 0.81 -
WXVQ01000098_1:13560-14423   -            288 1025450at2759        -            307   6.8e-23   77.0   5.0   1   3    0.0028      0.03    9.2   0.2   148   190     2    39     1    49 0.65 -
WXVQ01000098_1:13560-14423   -            288 1025450at2759        -            307   6.8e-23   77.0   5.0   2   3     4e-17   4.3e-16   54.7   0.2    35   175    50   200    47   211 0.86 -
WXVQ01000098_1:13560-14423   -            288 1025450at2759        -            307   6.8e-23   77.0   5.0   3   3   9.4e-05     0.001   14.0   0.0   106   167   225   288   213   288 0.86 -
WXVQ01000025_1:69140-70150   -            337 1025450at2759        -            307   6.4e-22   73.8  13.3   1   5    0.0017     0.018    9.9   0.6   143   175    30    62    26   118 0.77 -
WXVQ01000025_1:69140-70150   -            337 1025450at2759        -            307   6.4e-22   73.8  13.3   2   5   0.00017    0.0019   13.1   0.9   116   175   122   177    89   184 0.81 -
WXVQ01000025_1:69140-70150   -            337 1025450at2759        -            307   6.4e-22   73.8  13.3   3   5   9.1e-15   9.8e-14   46.9   2.0    43   175   122   261   121   268 0.82 -
WXVQ01000025_1:69140-70150   -            337 1025450at2759        -            307   6.4e-22   73.8  13.3   4   5   0.00039    0.0042   12.0   0.0    60    95   264   299   260   301 0.90 -
WXVQ01000025_1:69140-70150   -            337 1025450at2759        -            307   6.4e-22   73.8  13.3   5   5      0.77       8.3    1.2   0.0   136   167   306   337   296   337 0.71 -
WXVQ01000152_1:124594-125268 -            225 1025450at2759        -            307   3.8e-21   71.2   6.5   1   2   0.00025    0.0027   12.6   0.0    22    56     5    44     1    52 0.82 -
WXVQ01000152_1:124594-125268 -            225 1025450at2759        -            307   3.8e-21   71.2   6.5   2   2   2.1e-17   2.3e-16   55.5   3.9    34   172    77   223    73   225 0.84 -
WXVQ01000195_1:3275-4003     -            243 1025450at2759        -            307   1.5e-20   69.3   6.7   1   2   8.6e-05   0.00093   14.1   0.0   109   173    14    83     5    85 0.47 -
WXVQ01000195_1:3275-4003     -            243 1025450at2759        -            307   1.5e-20   69.3   6.7   2   2     5e-16   5.4e-15   51.0   4.8    19   167    85   243    80   243 0.85 -
WXVQ01000018_1:27408-28172   -            255 1025450at2759        -            307   2.4e-20   68.6   6.2   1   1   4.8e-18   5.2e-17   57.7   6.2    48   305     1   255     1   255 0.79 -
WXVQ01000032_1:90108-90908   -            267 1025450at2759        -            307   3.5e-19   64.8   2.8   1   4   0.00066    0.0071   11.2   0.1   151   174     1    24     1    36 0.85 -
WXVQ01000032_1:90108-90908   -            267 1025450at2759        -            307   3.5e-19   64.8   2.8   2   4   0.00076    0.0082   11.0   0.0   142   175    45    78    29   118 0.72 -
WXVQ01000032_1:90108-90908   -            267 1025450at2759        -            307   3.5e-19   64.8   2.8   3   4   2.3e-05   0.00025   16.0   0.0    35    82   166   214   143   214 0.85 -
WXVQ01000032_1:90108-90908   -            267 1025450at2759        -            307   3.5e-19   64.8   2.8   4   4   2.8e-10     3e-09   32.2   0.4    22    92   191   266   189   267 0.86 -
WXVQ01000988_1:14623-15576   -            318 1025450at2759        -            307   7.6e-19   63.7  18.0   1   3   2.2e-05   0.00024   16.1   0.7   102   175    24    98    18   105 0.77 -
WXVQ01000988_1:14623-15576   -            318 1025450at2759        -            307   7.6e-19   63.7  18.0   2   3   7.6e-10   8.2e-09   30.7   3.5    46   178    41   184    38   186 0.84 -
WXVQ01000988_1:14623-15576   -            318 1025450at2759        -            307   7.6e-19   63.7  18.0   3   3   6.3e-13   6.8e-12   40.8   0.7    24   170   144   311   140   315 0.80 -
WXVQ01000299_1:6319-7713     -            465 1025450at2759        -            307   1.6e-18   62.6   0.1   1   2   5.1e-07   5.5e-06   21.4   0.0   112   175    83   144    65   155 0.83 -
WXVQ01000299_1:6319-7713     -            465 1025450at2759        -            307   1.6e-18   62.6   0.1   2   2   1.2e-11   1.3e-10   36.6   0.0    55   219   205   387   186   392 0.75 -
WXVQ01000204_1:27852-28775   -            308 1025450at2759        -            307   5.1e-18   61.0   8.6   1   3   1.1e-06   1.2e-05   20.4   2.2   103   175    27    98    20   110 0.81 -
WXVQ01000204_1:27852-28775   -            308 1025450at2759        -            307   5.1e-18   61.0   8.6   2   3   2.9e-07   3.1e-06   22.2   0.2    23   157   102   250    96   254 0.81 -
WXVQ01000204_1:27852-28775   -            308 1025450at2759        -            307   5.1e-18   61.0   8.6   3   3     1e-11   1.1e-10   36.9   0.3    35   169   159   306   157   308 0.81 -
WXVQ01000397_1:869-1801      -            311 1025450at2759        -            307   2.1e-17   58.9   2.4   1   3   7.3e-06   7.9e-05   17.7   0.0   105   170     6    69     2    77 0.86 -
WXVQ01000397_1:869-1801      -            311 1025450at2759        -            307   2.1e-17   58.9   2.4   2   3     2e-06   2.2e-05   19.5   0.0   112   203   131   227   113   234 0.64 -
WXVQ01000397_1:869-1801      -            311 1025450at2759        -            307   2.1e-17   58.9   2.4   3   3   7.1e-06   7.7e-05   17.7   1.1    21    91   239   311   232   311 0.92 -
WXVQ01000003_1:17794-18561   -            256 1025450at2759        -            307   2.6e-17   58.6   3.3   1   1   5.2e-06   5.6e-05   18.1   0.0   102   175   143   220   130   237 0.83 -
WXVQ01000053_1:43007-43744   -            246 1025450at2759        -            307   8.7e-15   50.4   2.2   1   3   2.3e-06   2.5e-05   19.3   0.0    35    76    44    85    41    97 0.93 -
WXVQ01000053_1:43007-43744   -            246 1025450at2759        -            307   8.7e-15   50.4   2.2   2   3    0.0091     0.098    7.5   0.1   119   175   111   168   100   177 0.72 -
WXVQ01000053_1:43007-43744   -            246 1025450at2759        -            307   8.7e-15   50.4   2.2   3   3   3.8e-05   0.00041   15.3   0.0   137   201   176   244   164   246 0.63 -
WXVQ01000199_1:22801-23571   -            257 1025450at2759        -            307     1e-14   50.1   1.6   1   2   1.3e-10   1.5e-09   33.2   0.5   111   247     5   157     1   163 0.77 -
WXVQ01000199_1:22801-23571   -            257 1025450at2759        -            307     1e-14   50.1   1.6   2   2    0.0018     0.019    9.8   0.0    62   173   209   246   199   256 0.54 -
WXVQ01000157_1:92748-94374   -            493 1025450at2759        -            307   2.1e-14   49.1   0.3   1   3       2.4        26   -0.5   0.0   171   211   223   261   208   271 0.67 -
WXVQ01000157_1:92748-94374   -            493 1025450at2759        -            307   2.1e-14   49.1   0.3   2   3   1.7e-06   1.8e-05   19.7   0.0    99   175   313   391   302   397 0.84 -
WXVQ01000157_1:92748-94374   -            493 1025450at2759        -            307   2.1e-14   49.1   0.3   3   3   3.2e-11   3.5e-10   35.2   0.4   106   203   365   468   363   492 0.73 -
WXVQ01000088_1:29045-29539   -            165 1025450at2759        -            307   3.5e-14   48.4   1.6   1   4     0.044      0.48    5.2   0.1   263   286     1    24     1    39 0.66 -
WXVQ01000088_1:29045-29539   -            165 1025450at2759        -            307   3.5e-14   48.4   1.6   2   4   6.8e-07   7.3e-06   21.0   0.2    59    94    31    66    28    68 0.93 -
WXVQ01000088_1:29045-29539   -            165 1025450at2759        -            307   3.5e-14   48.4   1.6   3   4   1.4e-10   1.5e-09   33.2   0.1   107   177    46   116    42   132 0.84 -
WXVQ01000088_1:29045-29539   -            165 1025450at2759        -            307   3.5e-14   48.4   1.6   4   4     0.058      0.62    4.8   0.1   262   277   142   157   137   163 0.70 -
WXVQ01000223_1:3834-4316     -            161 1025450at2759        -            307   9.3e-14   47.0   1.1   1   3    0.0035     0.037    8.9   0.0    63    95     1    35     1    42 0.81 -
WXVQ01000223_1:3834-4316     -            161 1025450at2759        -            307   9.3e-14   47.0   1.1   2   3   5.7e-08   6.1e-07   24.6   0.1    34    96    58   118    39   123 0.79 -
WXVQ01000223_1:3834-4316     -            161 1025450at2759        -            307   9.3e-14   47.0   1.1   3   3    0.0035     0.038    8.9   0.0   142   167   136   161   130   161 0.92 -
WXVQ01000040_1:80607-81668   -            354 1025450at2759        -            307   1.1e-13   46.7   8.0   1   4     0.016      0.18    6.7   0.0   260   286    66    92    50   108 0.65 -
WXVQ01000040_1:80607-81668   -            354 1025450at2759        -            307   1.1e-13   46.7   8.0   2   4    0.0038     0.041    8.7   0.1    64    95   149   182   118   192 0.75 -
WXVQ01000040_1:80607-81668   -            354 1025450at2759        -            307   1.1e-13   46.7   8.0   3   4   2.5e-06   2.7e-05   19.2   0.6    95   172   216   293   212   309 0.78 -
WXVQ01000040_1:80607-81668   -            354 1025450at2759        -            307   1.1e-13   46.7   8.0   4   4   0.00022    0.0024   12.8   0.0   137   176   311   351   304   354 0.70 -
WXVQ01000011_1:9437-10381    -            315 1025450at2759        -            307   1.6e-13   46.2   3.9   1   3   0.00024    0.0025   12.7   0.0    30    94     4    67     1    73 0.72 -
WXVQ01000011_1:9437-10381    -            315 1025450at2759        -            307   1.6e-13   46.2   3.9   2   3   3.7e-05   0.00039   15.4   0.0    29    95   163   228   150   237 0.52 -
WXVQ01000011_1:9437-10381    -            315 1025450at2759        -            307   1.6e-13   46.2   3.9   3   3   2.5e-05   0.00027   15.9   0.7    22    92   243   315   235   315 0.87 -
WXVQ01000101_1:34802-35518   -            239 1025450at2759        -            307   2.6e-13   45.5   5.0   1   4      0.03      0.32    5.8   0.0   229   253    12    36     1    51 0.57 -
WXVQ01000101_1:34802-35518   -            239 1025450at2759        -            307   2.6e-13   45.5   5.0   2   4   1.2e-07   1.3e-06   23.5   0.1    59    95    57    93    47    98 0.91 -
WXVQ01000101_1:34802-35518   -            239 1025450at2759        -            307   2.6e-13   45.5   5.0   3   4    0.0023     0.024    9.5   0.1   250   284   109   144   101   152 0.66 -
WXVQ01000101_1:34802-35518   -            239 1025450at2759        -            307   2.6e-13   45.5   5.0   4   4     0.019       0.2    6.5   0.0   140   173   155   188   142   198 0.65 -
WXVQ01000178_1:21462-22226   -            216 1025450at2759        -            307   3.2e-13   45.2   6.6   1   3   4.2e-08   4.6e-07   25.0   0.7    99   175     7    85     1    94 0.82 -
WXVQ01000178_1:21462-22226   -            216 1025450at2759        -            307   3.2e-13   45.2   6.6   2   3   7.3e-07   7.9e-06   20.9   0.2   230   283   106   159   102   181 0.84 -
WXVQ01000178_1:21462-22226   -            216 1025450at2759        -            307   3.2e-13   45.2   6.6   3   3      0.78       8.4    1.1   0.0   233   254   193   211   180   214 0.78 -
WXVQ01000104_1:105199-106053 -            285 1025450at2759        -            307   3.2e-13   45.2   2.2   1   3   5.4e-07   5.8e-06   21.4   0.2    97   168     7    82     3    94 0.77 -
WXVQ01000104_1:105199-106053 -            285 1025450at2759        -            307   3.2e-13   45.2   2.2   2   3   0.00044    0.0047   11.8   0.2   103   170   119   194   109   201 0.73 -
WXVQ01000104_1:105199-106053 -            285 1025450at2759        -            307   3.2e-13   45.2   2.2   3   3    0.0017     0.018    9.9   0.0   136   197   212   281   205   285 0.59 -
WXVQ01000011_1:119368-120132 -            255 1025450at2759        -            307   3.6e-13   45.1   5.3   1   2   2.4e-05   0.00026   16.0   0.1   111   172    17    76     6   103 0.67 -
WXVQ01000011_1:119368-120132 -            255 1025450at2759        -            307   3.6e-13   45.1   5.3   2   2   5.2e-09   5.6e-08   28.0   1.3   132   259    91   224    77   245 0.74 -
WXVQ01000293_1:8454-9509     -            352 1025450at2759        -            307   6.3e-13   44.2  11.9   1   3   3.8e-07   4.1e-06   21.9   7.1   103   247    25   178    17   186 0.77 -
WXVQ01000293_1:8454-9509     -            352 1025450at2759        -            307   6.3e-13   44.2  11.9   2   3     0.033      0.36    5.6   0.1    98   169   208   282   202   288 0.66 -
WXVQ01000293_1:8454-9509     -            352 1025450at2759        -            307   6.3e-13   44.2  11.9   3   3   3.6e-06   3.9e-05   18.6   0.0   119   173   277   331   258   342 0.80 -
WXVQ01000245_1:6417-7163     -            249 1025450at2759        -            307   2.3e-12   42.4   5.9   1   4     0.079      0.85    4.4   0.0   151   171     1    21     1    33 0.63 -
WXVQ01000245_1:6417-7163     -            249 1025450at2759        -            307   2.3e-12   42.4   5.9   2   4     0.016      0.17    6.7   0.0    60    94    59    96    55   102 0.61 -
WXVQ01000245_1:6417-7163     -            249 1025450at2759        -            307   2.3e-12   42.4   5.9   3   4   1.5e-08   1.6e-07   26.5   0.7    17   109   124   221   110   231 0.79 -
WXVQ01000245_1:6417-7163     -            249 1025450at2759        -            307   2.3e-12   42.4   5.9   4   4    0.0018      0.02    9.8   0.1   230   278   189   249   187   249 0.55 -
WXVQ01000152_1:66225-66881   -            219 1025450at2759        -            307   6.6e-12   40.9   0.1   1   2    0.0067     0.072    7.9   0.0   143   175    20    52     5    90 0.71 -
WXVQ01000152_1:66225-66881   -            219 1025450at2759        -            307   6.6e-12   40.9   0.1   2   2   6.8e-10   7.3e-09   30.9   0.0   108   202   113   217    96   219 0.74 -
WXVQ01000004_1:38363-42052   -           1230 1025450at2759        -            307   1.2e-11   40.0   0.1   1   5    0.0016     0.017   10.0   0.0    94   177   306   402   291   420 0.72 -
WXVQ01000004_1:38363-42052   -           1230 1025450at2759        -            307   1.2e-11   40.0   0.1   2   5      0.18         2    3.2   0.0   106   132   615   641   604   655 0.81 -
WXVQ01000004_1:38363-42052   -           1230 1025450at2759        -            307   1.2e-11   40.0   0.1   3   5      0.17       1.8    3.3   0.0   152   179   721   748   696   790 0.62 -
WXVQ01000004_1:38363-42052   -           1230 1025450at2759        -            307   1.2e-11   40.0   0.1   4   5   1.4e-05   0.00015   16.7   0.0    61   103   797   838   753   850 0.69 -
WXVQ01000004_1:38363-42052   -           1230 1025450at2759        -            307   1.2e-11   40.0   0.1   5   5   1.7e-05   0.00018   16.5   0.0   139   175   799   835   791   880 0.63 -
WXVQ01000066_1:299130-299801 -            224 1025450at2759        -            307   1.8e-11   39.5   0.0   1   3   6.9e-06   7.5e-05   17.7   0.0    48    95     3    51     2    61 0.72 -
WXVQ01000066_1:299130-299801 -            224 1025450at2759        -            307   1.8e-11   39.5   0.0   2   3    0.0018     0.019    9.8   0.0    63    95    72   105    63   113 0.88 -
WXVQ01000066_1:299130-299801 -            224 1025450at2759        -            307   1.8e-11   39.5   0.0   3   3    0.0064     0.069    8.0   0.0   226   306   145   224   116   224 0.70 -
WXVQ01000185_1:10041-11381   -            447 1025450at2759        -            307   3.6e-11   38.5   0.1   1   5       0.2       2.2    3.1   0.0   228   250    17    39    13    44 0.82 -
WXVQ01000185_1:10041-11381   -            447 1025450at2759        -            307   3.6e-11   38.5   0.1   2   5      0.15       1.6    3.5   0.0    66    89    72    95    53   104 0.84 -
WXVQ01000185_1:10041-11381   -            447 1025450at2759        -            307   3.6e-11   38.5   0.1   3   5       0.2       2.2    3.1   0.0    72    93   135   156   124   161 0.85 -
WXVQ01000185_1:10041-11381   -            447 1025450at2759        -            307   3.6e-11   38.5   0.1   4   5    0.0081     0.087    7.6   0.0   137   179   179   221   169   232 0.73 -
WXVQ01000185_1:10041-11381   -            447 1025450at2759        -            307   3.6e-11   38.5   0.1   5   5   7.9e-05   0.00085   14.3   0.0   141   246   233   348   219   353 0.76 -
WXVQ01000362_1:9335-10608    -            336 1025450at2759        -            307   5.2e-11   37.9   0.2   1   3     3e-07   3.3e-06   22.2   0.1    35   153    22   105     2   143 0.52 -
WXVQ01000362_1:9335-10608    -            336 1025450at2759        -            307   5.2e-11   37.9   0.2   2   3    0.0051     0.055    8.3   0.0    97   175   148   225   143   271 0.59 -
WXVQ01000362_1:9335-10608    -            336 1025450at2759        -            307   5.2e-11   37.9   0.2   3   3      0.32       3.5    2.4   0.0   136   168   283   315   271   326 0.75 -
WXVQ01000066_1:298206-299450 -            415 1025450at2759        -            307   2.2e-10   35.9   0.0   1   3     0.014      0.15    6.8   0.0    59    91    89   122    81   126 0.90 -
WXVQ01000066_1:298206-299450 -            415 1025450at2759        -            307   2.2e-10   35.9   0.0   2   3   1.2e-05   0.00013   17.0   0.0    48    95   311   359   305   376 0.69 -
WXVQ01000066_1:298206-299450 -            415 1025450at2759        -            307   2.2e-10   35.9   0.0   3   3    0.0066     0.071    8.0   0.0    63    94   380   412   373   415 0.89 -
WXVQ01000152_1:111431-112054 -            208 1025450at2759        -            307     3e-10   35.4   0.1   1   2   5.6e-08   6.1e-07   24.6   0.0   109   169    26    89    22    93 0.83 -
WXVQ01000152_1:111431-112054 -            208 1025450at2759        -            307     3e-10   35.4   0.1   2   2    0.0053     0.057    8.3   0.1    60    95   117   152    93   166 0.57 -
WXVQ01000045_1:12745-13338   -            198 1025450at2759        -            307   3.2e-10   35.4   4.7   1   2    0.0019      0.02    9.8   0.4    63    95     1    33     1    38 0.89 -
WXVQ01000045_1:12745-13338   -            198 1025450at2759        -            307   3.2e-10   35.4   4.7   2   2   1.6e-06   1.8e-05   19.8   0.0    36    95   122   181   116   197 0.70 -
WXVQ01000016_1:211551-212486 -            312 1025450at2759        -            307     4e-10   35.0   0.5   1   4    0.0015     0.016   10.1   0.0   146   169     8    31     1    63 0.77 -
WXVQ01000016_1:211551-212486 -            312 1025450at2759        -            307     4e-10   35.0   0.5   2   4    0.0032     0.034    9.0   0.0    55    95   145   186   140   191 0.81 -
WXVQ01000016_1:211551-212486 -            312 1025450at2759        -            307     4e-10   35.0   0.5   3   4     0.017      0.18    6.6   0.0   133   176   204   249   196   260 0.73 -
WXVQ01000016_1:211551-212486 -            312 1025450at2759        -            307     4e-10   35.0   0.5   4   4     0.063      0.67    4.7   0.0    63    95   270   302   263   306 0.89 -
WXVQ01000044_1:79065-79715   -            217 1025450at2759        -            307   5.1e-10   34.7   0.1   1   2   4.8e-08   5.2e-07   24.8   0.0   105   175    11    84     2   144 0.84 -
WXVQ01000044_1:79065-79715   -            217 1025450at2759        -            307   5.1e-10   34.7   0.1   2   2     0.008     0.086    7.7   0.0   229   247   194   212   184   217 0.60 -
WXVQ01000016_1:17860-18390   -            177 1025450at2759        -            307   7.8e-10   34.1   0.2   1   2      0.35       3.8    2.3   0.0   154   174     2    22     1    29 0.63 -
WXVQ01000016_1:17860-18390   -            177 1025450at2759        -            307   7.8e-10   34.1   0.2   2   2   6.8e-07   7.3e-06   21.0   0.1    58   167    42   177    36   177 0.67 -
WXVQ01000046_1:84110-85861   -            584 1025450at2759        -            307   1.1e-09   33.6   3.3   1   1   9.1e-09   9.8e-08   27.2   3.0    70   284   143   377   142   390 0.74 -
WXVQ01000204_1:3345-4067     -            241 1025450at2759        -            307   2.8e-09   32.3   4.4   1   3   0.00047     0.005   11.7   0.0   137   177     3    44     1    72 0.71 -
WXVQ01000204_1:3345-4067     -            241 1025450at2759        -            307   2.8e-09   32.3   4.4   2   3   6.9e-07   7.4e-06   21.0   0.5   120   178   116   176    78   182 0.84 -
WXVQ01000204_1:3345-4067     -            241 1025450at2759        -            307   2.8e-09   32.3   4.4   3   3       3.3        36   -0.9   0.0    71    93   199   221   190   226 0.67 -
WXVQ01000048_1:67369-67872   -            168 1025450at2759        -            307   5.3e-09   31.4   0.1   1   1   1.3e-09   1.4e-08   30.0   0.1    93   175    84   166    11   168 0.89 -
WXVQ01000152_1:217654-218499 -            282 1025450at2759        -            307   6.6e-09   31.0   1.1   1   4   6.9e-05   0.00074   14.5   0.5    35    98    19    87     3    99 0.78 -
WXVQ01000152_1:217654-218499 -            282 1025450at2759        -            307   6.6e-09   31.0   1.1   2   4   5.3e-05   0.00057   14.8   0.0    35   102    66   143    65   149 0.77 -
WXVQ01000152_1:217654-218499 -            282 1025450at2759        -            307   6.6e-09   31.0   1.1   3   4       7.9        85   -2.2   0.0    99   127   160   188   144   194 0.74 -
WXVQ01000152_1:217654-218499 -            282 1025450at2759        -            307   6.6e-09   31.0   1.1   4   4      0.13       1.5    3.6   0.0    70    92   258   280   222   282 0.91 -
WXVQ01000031_1:35716-36621   -            302 1025450at2759        -            307   8.2e-09   30.7   0.7   1   3   6.4e-06   6.9e-05   17.8   0.0   104   179    43   118     2   159 0.75 -
WXVQ01000031_1:35716-36621   -            302 1025450at2759        -            307   8.2e-09   30.7   0.7   2   3    0.0071     0.077    7.8   0.1   112   192   189   268   179   275 0.83 -
WXVQ01000031_1:35716-36621   -            302 1025450at2759        -            307   8.2e-09   30.7   0.7   3   3      0.56         6    1.6   0.0    34    55   278   299   271   301 0.83 -
WXVQ01000179_1:14537-15193   -            219 1025450at2759        -            307   1.6e-08   29.8   0.2   1   2     0.019      0.21    6.4   0.0   182   211    34    63    19   134 0.51 -
WXVQ01000179_1:14537-15193   -            219 1025450at2759        -            307   1.6e-08   29.8   0.2   2   2   9.1e-07   9.9e-06   20.6   0.1    33    92   158   219   155   219 0.84 -
WXVQ01000010_1:22956-23606   -            217 1025450at2759        -            307   1.6e-08   29.8   2.1   1   2    0.0029     0.032    9.1   0.0    59    93     7    41     1    48 0.75 -
WXVQ01000010_1:22956-23606   -            217 1025450at2759        -            307   1.6e-08   29.8   2.1   2   2   9.8e-06   0.00011   17.2   0.6   131   205    72   155    64   195 0.57 -
WXVQ01000152_1:344318-344599 -             94 1025450at2759        -            307   1.7e-08   29.7   0.3   1   1   4.1e-09   4.4e-08   28.3   0.3   109   175    10    76     1    88 0.86 -
WXVQ01000103_1:44661-45608   -            316 1025450at2759        -            307   2.1e-08   29.4   3.5   1   3    0.0015     0.016   10.1   0.1    48    96    11    58     1    93 0.82 -
WXVQ01000103_1:44661-45608   -            316 1025450at2759        -            307   2.1e-08   29.4   3.5   2   3      0.11       1.2    3.9   0.3   181   246   170   226   147   229 0.58 -
WXVQ01000103_1:44661-45608   -            316 1025450at2759        -            307   2.1e-08   29.4   3.5   3   3   0.00017    0.0018   13.2   0.0   120   171   264   315   231   316 0.68 -
WXVQ01000987_1:51881-52228   -            116 1025450at2759        -            307   3.5e-08   28.7   0.0   1   1   7.6e-09   8.2e-08   27.4   0.0   103   205     6   113     1   116 0.82 -
WXVQ01000032_1:69227-69700   -            158 1025450at2759        -            307   1.1e-07   27.0   0.0   1   1   1.4e-08   1.5e-07   26.6   0.0   104   179     9    84     3   131 0.78 -
WXVQ01000053_1:5767-6558     -            264 1025450at2759        -            307   1.1e-07   27.0   0.2   1   3       1.8        19   -0.1   0.0   231   246     2    17     1    30 0.79 -
WXVQ01000053_1:5767-6558     -            264 1025450at2759        -            307   1.1e-07   27.0   0.2   2   3     3e-06   3.2e-05   18.9   0.1   136   185    85   134    74   160 0.79 -
WXVQ01000053_1:5767-6558     -            264 1025450at2759        -            307   1.1e-07   27.0   0.2   3   3      0.15       1.7    3.4   0.0   113   177   159   226   151   261 0.60 -
WXVQ01000244_1:9080-9763     -            228 1025450at2759        -            307   1.5e-07   26.6   0.8   1   2   3.2e-06   3.5e-05   18.8   0.2    75   173     8   124     1   143 0.66 -
WXVQ01000244_1:9080-9763     -            228 1025450at2759        -            307   1.5e-07   26.6   0.8   2   2   3.8e-05   0.00041   15.3   0.3    98   173    91   173    86   190 0.72 -
WXVQ01000138_1:16715-17065   -            117 1025450at2759        -            307   1.6e-07   26.5   0.6   1   2   2.5e-05   0.00027   15.9   0.0    63    97     1    34     1    50 0.89 -
WXVQ01000138_1:16715-17065   -            117 1025450at2759        -            307   1.6e-07   26.5   0.6   2   2    0.0024     0.026    9.4   0.2   258   276    71    89    66   115 0.65 -
WXVQ01000180_1:1374-2114     -            247 1025450at2759        -            307   1.9e-07   26.2   1.4   1   3       0.7       7.6    1.3   0.0   154   171    80    97    57   146 0.68 -
WXVQ01000180_1:1374-2114     -            247 1025450at2759        -            307   1.9e-07   26.2   1.4   2   3   0.00011    0.0012   13.8   0.1   148   184   174   210   161   217 0.80 -
WXVQ01000180_1:1374-2114     -            247 1025450at2759        -            307   1.9e-07   26.2   1.4   3   3     0.003     0.032    9.1   0.1   253   280   218   246   210   247 0.72 -
WXVQ01000223_1:3334-3621     -             96 1025450at2759        -            307   2.3e-07   26.0   2.9   1   2    0.0003    0.0032   12.4   0.1   136   174    31    69    21    70 0.70 -
WXVQ01000223_1:3334-3621     -             96 1025450at2759        -            307   2.3e-07   26.0   2.9   2   2   1.6e-06   1.8e-05   19.8   0.5    29    82    42    95    34    96 0.88 -
WXVQ01000056_1:78917-83585   -           1492 1025450at2759        -            307   2.6e-07   25.8   7.3   1   4    0.0013     0.014   10.3   0.0   137   175  1049  1087  1038  1107 0.68 -
WXVQ01000056_1:78917-83585   -           1492 1025450at2759        -            307   2.6e-07   25.8   7.3   2   4   0.00025    0.0027   12.6   1.3   143   277  1110  1246  1094  1247 0.60 -
WXVQ01000056_1:78917-83585   -           1492 1025450at2759        -            307   2.6e-07   25.8   7.3   3   4       2.9        31   -0.7   0.0   262   276  1384  1398  1365  1408 0.59 -
WXVQ01000056_1:78917-83585   -           1492 1025450at2759        -            307   2.6e-07   25.8   7.3   4   4       7.6        81   -2.1   0.1   248   275  1464  1491  1461  1492 0.77 -
WXVQ01000018_1:32420-33115   -            232 1025450at2759        -            307   4.1e-07   25.1   2.3   1   2   0.00095      0.01   10.7   0.0   124   191    36   107    31   125 0.66 -
WXVQ01000018_1:32420-33115   -            232 1025450at2759        -            307   4.1e-07   25.1   2.3   2   2   0.00011    0.0011   13.8   0.8    33   111   126   209   121   232 0.78 -
WXVQ01000335_1:713-1414      -            234 1025450at2759        -            307   4.2e-07   25.1   3.1   1   2   1.5e-05   0.00016   16.6   1.2    95   200    15   120     4   140 0.61 -
WXVQ01000335_1:713-1414      -            234 1025450at2759        -            307   4.2e-07   25.1   3.1   2   2    0.0087     0.094    7.5   0.0   150   187   169   206   152   234 0.55 -
WXVQ01000058_1:120214-120978 -            255 1025450at2759        -            307   5.6e-07   24.7   3.7   1   3   0.00058    0.0063   11.4   0.3    53   102    10    58     3   128 0.88 -
WXVQ01000058_1:120214-120978 -            255 1025450at2759        -            307   5.6e-07   24.7   3.7   2   3       2.8        30   -0.7   0.0   263   276   143   156   137   169 0.60 -
WXVQ01000058_1:120214-120978 -            255 1025450at2759        -            307   5.6e-07   24.7   3.7   3   3     0.001     0.011   10.6   0.2    34    92   194   255   191   255 0.88 -
WXVQ01000044_1:10052-10603   -            184 1025450at2759        -            307   5.8e-07   24.7   0.0   1   2   0.00016    0.0017   13.3   0.0   137   174    38    75     5    95 0.57 -
WXVQ01000044_1:10052-10603   -            184 1025450at2759        -            307   5.8e-07   24.7   0.0   2   2    0.0018      0.02    9.8   0.0   136   211   101   182    92   184 0.71 -
WXVQ01000012_1:53101-53784   -            228 1025450at2759        -            307   6.1e-07   24.6   0.3   1   3     0.028       0.3    5.9   0.0    69    93     3    27     1    36 0.89 -
WXVQ01000012_1:53101-53784   -            228 1025450at2759        -            307   6.1e-07   24.6   0.3   2   3         2        22   -0.2   0.0    47    79   138   173   131   176 0.86 -
WXVQ01000012_1:53101-53784   -            228 1025450at2759        -            307   6.1e-07   24.6   0.3   3   3   5.2e-05   0.00056   14.9   0.1    47    91   184   228   172   228 0.87 -
WXVQ01000316_1:6215-6754     -            180 1025450at2759        -            307   9.2e-07   24.0   1.3   1   1   2.3e-07   2.5e-06   22.6   0.9   112   175    79   146    66   179 0.81 -
WXVQ01000041_1:74528-75307   -            260 1025450at2759        -            307     1e-06   23.8   0.4   1   2   1.6e-06   1.7e-05   19.8   0.0   112   186    49   123    39   129 0.84 -
WXVQ01000041_1:74528-75307   -            260 1025450at2759        -            307     1e-06   23.8   0.4   2   2       0.9       9.7    0.9   0.0   173   209   220   256   190   260 0.79 -
WXVQ01000204_1:2265-2609     -            115 1025450at2759        -            307   1.1e-06   23.7   0.0   1   2      0.84         9    1.0   0.0    68   302    11    32     7    39 0.58 -
WXVQ01000204_1:2265-2609     -            115 1025450at2759        -            307   1.1e-06   23.7   0.0   2   2   8.3e-07   8.9e-06   20.8   0.0    56    96    66   106    60   115 0.88 -
WXVQ01000033_1:229460-231142 -            561 1025450at2759        -            307   2.8e-06   22.4   3.9   1   5      0.11       1.1    4.0   0.0    68    93    49    74    46    80 0.87 -
WXVQ01000033_1:229460-231142 -            561 1025450at2759        -            307   2.8e-06   22.4   3.9   2   5       2.9        31   -0.7   0.0    97   117   103   123   100   126 0.86 -
WXVQ01000033_1:229460-231142 -            561 1025450at2759        -            307   2.8e-06   22.4   3.9   3   5       3.7        40   -1.1   0.0   135   162   294   321   247   330 0.61 -
WXVQ01000033_1:229460-231142 -            561 1025450at2759        -            307   2.8e-06   22.4   3.9   4   5      0.39       4.2    2.1   0.0   149   175   364   390   355   398 0.86 -
WXVQ01000033_1:229460-231142 -            561 1025450at2759        -            307   2.8e-06   22.4   3.9   5   5   0.00023    0.0025   12.7   0.3    39    92   427   481   411   495 0.80 -
WXVQ01000128_1:21572-24085   -            812 1025450at2759        -            307   3.6e-06   22.0  10.8   1   3    0.0021     0.022    9.6   0.0   145   189   459   503   451   561 0.79 -
WXVQ01000128_1:21572-24085   -            812 1025450at2759        -            307   3.6e-06   22.0  10.8   2   3   6.4e-06   6.9e-05   17.8   0.0    81   244   585   755   568   760 0.78 -
WXVQ01000128_1:21572-24085   -            812 1025450at2759        -            307   3.6e-06   22.0  10.8   3   3       7.6        82   -2.1   0.0   228   243   794   809   781   810 0.47 -
WXVQ01000042_1:80992-81177   -             62 1025450at2759        -            307     4e-05   18.6   0.0   1   2   4.6e-05   0.00049   15.0   0.0   262   287     2    29     1    39 0.82 -
WXVQ01000042_1:80992-81177   -             62 1025450at2759        -            307     4e-05   18.6   0.0   2   2      0.21       2.3    3.0   0.0    63    92    31    61    29    62 0.70 -
WXVQ01000002_1:165514-166023 -            170 1025450at2759        -            307   4.9e-05   18.3   0.0   1   3     0.056       0.6    4.9   0.0   230   258     4    30     2    44 0.66 -
WXVQ01000002_1:165514-166023 -            170 1025450at2759        -            307   4.9e-05   18.3   0.0   2   3       3.3        36   -0.9   0.0   142   166    81   105    64   128 0.74 -
WXVQ01000002_1:165514-166023 -            170 1025450at2759        -            307   4.9e-05   18.3   0.0   3   3    0.0011     0.012   10.5   0.0   108   247   142   163   115   170 0.55 -
WXVQ01000987_1:52654-53274   -            207 1025450at2759        -            307   6.8e-05   17.9   0.0   1   1   2.2e-05   0.00023   16.1   0.0    58   100     2    44     1    76 0.83 -
WXVQ01000269_1:10577-10936   -            120 1025450at2759        -            307   7.5e-05   17.7   0.1   1   1   9.9e-06   0.00011   17.2   0.1    41    95     5    59     1    72 0.75 -
WXVQ01000121_1:19472-20137   -            222 1025450at2759        -            307   8.5e-05   17.5   0.1   1   1   4.7e-05    0.0005   15.0   0.2    63   175    35   114    24   204 0.50 -
WXVQ01000005_1:126592-127230 -            213 1025450at2759        -            307   0.00015   16.8   0.1   1   2     0.092      0.99    4.2   0.0    63    90    53    80     6    85 0.71 -
WXVQ01000005_1:126592-127230 -            213 1025450at2759        -            307   0.00015   16.8   0.1   2   2    0.0032     0.035    9.0   0.0    35    83   117   163    83   176 0.71 -
WXVQ01000029_1:2569-2844     -             92 1025450at2759        -            307   0.00015   16.7   0.6   1   1   2.8e-05    0.0003   15.8   0.4    36    93    30    90    26    92 0.83 -
WXVQ01000042_1:78513-79014   -            125 1025450at2759        -            307    0.0003   15.8   0.0   1   1   3.9e-05   0.00042   15.3   0.0   210   278    11    74     3    85 0.77 -
WXVQ01000061_1:75525-75749   -             75 1025450at2759        -            307    0.0016   13.3   0.1   1   1   0.00036    0.0039   12.1   0.1   150   171     5    26     2    68 0.72 -
WXVQ01000117_1:6917-8035     -            373 1025450at2759        -            307    0.0016   13.3   0.0   1   2      0.86       9.2    1.0   0.0   109   171    72   136    69   145 0.71 -
WXVQ01000117_1:6917-8035     -            373 1025450at2759        -            307    0.0016   13.3   0.0   2   2    0.0005    0.0054   11.6   0.0   110   175   118   183   109   190 0.81 -
WXVQ01000058_1:53547-53789   -             81 1025450at2759        -            307     0.007   11.3   0.0   1   1   0.00079    0.0086   11.0   0.0   224   257     8    43     3    49 0.58 -
#
# Program:         hmmsearch
# Version:         3.1b2 (February 2015)
# Pipeline mode:   SEARCH
# Query file:      /Users/aholzer/ownCloud/PhD/Publications/2021 Liavero-Pasquina et al./analysis/TPP_aptamer_search/busco_downloads/lineages/eukaryota_odb10/hmms/1025450at2759.hmm
# Target file:     /Users/aholzer/ownCloud/PhD/Publications/2021 Liavero-Pasquina et al./analysis/TPP_aptamer_search/genomes/BUSCO_eukaryota_obd10/Nitzschia_sp_Nitz4/run_eukaryota_odb10/metaeuk_output/initial_results/GCA_013372465.1_Nitz4_genomic.fna.modified.fas
# Option settings: hmmsearch --domtblout /Users/aholzer/ownCloud/PhD/Publications/2021 Liavero-Pasquina et al./analysis/TPP_aptamer_search/genomes/BUSCO_eukaryota_obd10/Nitzschia_sp_Nitz4/run_eukaryota_odb10/hmmer_output/initial_run_results/1025450at2759.out --cpu 1 /Users/aholzer/ownCloud/PhD/Publications/2021 Liavero-Pasquina et al./analysis/TPP_aptamer_search/busco_downloads/lineages/eukaryota_odb10/hmms/1025450at2759.hmm /Users/aholzer/ownCloud/PhD/Publications/2021 Liavero-Pasquina et al./analysis/TPP_aptamer_search/genomes/BUSCO_eukaryota_obd10/Nitzschia_sp_Nitz4/run_eukaryota_odb10/metaeuk_output/initial_results/GCA_013372465.1_Nitz4_genomic.fna.modified.fas 
# Current dir:     /Users/aholzer/ownCloud/PhD/Publications/2021 Liavero-Pasquina et al./analysis/TPP_aptamer_search
# Date:            Sat Apr 17 22:12:24 2021
# [ok]
