#                                                                                  --- full sequence --- -------------- this domain -------------   hmm coord   ali coord   env coord
# target name              accession   tlen query name           accession   qlen   E-value  score  bias   #  of  c-Evalue  i-Evalue  score  bias  from    to  from    to  from    to  acc description of target
#      ------------------- ---------- ----- -------------------- ---------- ----- --------- ------ ----- --- --- --------- --------- ------ ----- ----- ----- ----- ----- ----- ----- ---- ---------------------
WXVQ01000157_1:47242-50839 -           1149 176625at2759         -            497   1.1e-41  138.6  13.0   1   7   5.6e-10   5.1e-07   24.2   0.0    18    58    96   136    87   144 0.89 -
WXVQ01000157_1:47242-50839 -           1149 176625at2759         -            497   1.1e-41  138.6  13.0   2   7   9.6e-05     0.087    7.0   0.1   103   140   234   273   186   290 0.68 -
WXVQ01000157_1:47242-50839 -           1149 176625at2759         -            497   1.1e-41  138.6  13.0   3   7      0.13   1.1e+02   -3.3   0.0   139   164   405   432   397   434 0.81 -
WXVQ01000157_1:47242-50839 -           1149 176625at2759         -            497   1.1e-41  138.6  13.0   4   7   6.8e-13   6.1e-10   33.8   0.0   189   236   523   578   519   579 0.85 -
WXVQ01000157_1:47242-50839 -           1149 176625at2759         -            497   1.1e-41  138.6  13.0   5   7   1.1e-05    0.0097   10.1   0.1   268   294   674   700   671   703 0.93 -
WXVQ01000157_1:47242-50839 -           1149 176625at2759         -            497   1.1e-41  138.6  13.0   6   7   2.7e-07   0.00025   15.4   0.0   294   327   721   754   710   760 0.89 -
WXVQ01000157_1:47242-50839 -           1149 176625at2759         -            497   1.1e-41  138.6  13.0   7   7   7.6e-18   6.9e-15   50.2   0.1   354   424   822   902   805   913 0.86 -
#
# Program:         hmmsearch
# Version:         3.1b2 (February 2015)
# Pipeline mode:   SEARCH
# Query file:      /Users/aholzer/ownCloud/PhD/Publications/2021 Liavero-Pasquina et al./analysis/TPP_aptamer_search/busco_downloads/lineages/eukaryota_odb10/hmms/176625at2759.hmm
# Target file:     /Users/aholzer/ownCloud/PhD/Publications/2021 Liavero-Pasquina et al./analysis/TPP_aptamer_search/genomes/BUSCO_eukaryota_obd10/Nitzschia_sp_Nitz4/run_eukaryota_odb10/metaeuk_output/initial_results/GCA_013372465.1_Nitz4_genomic.fna.modified.fas
# Option settings: hmmsearch --domtblout /Users/aholzer/ownCloud/PhD/Publications/2021 Liavero-Pasquina et al./analysis/TPP_aptamer_search/genomes/BUSCO_eukaryota_obd10/Nitzschia_sp_Nitz4/run_eukaryota_odb10/hmmer_output/initial_run_results/176625at2759.out --cpu 1 /Users/aholzer/ownCloud/PhD/Publications/2021 Liavero-Pasquina et al./analysis/TPP_aptamer_search/busco_downloads/lineages/eukaryota_odb10/hmms/176625at2759.hmm /Users/aholzer/ownCloud/PhD/Publications/2021 Liavero-Pasquina et al./analysis/TPP_aptamer_search/genomes/BUSCO_eukaryota_obd10/Nitzschia_sp_Nitz4/run_eukaryota_odb10/metaeuk_output/initial_results/GCA_013372465.1_Nitz4_genomic.fna.modified.fas 
# Current dir:     /Users/aholzer/ownCloud/PhD/Publications/2021 Liavero-Pasquina et al./analysis/TPP_aptamer_search
# Date:            Sat Apr 17 22:12:45 2021
# [ok]
