#                                                                                   --- full sequence --- -------------- this domain -------------   hmm coord   ali coord   env coord
# target name               accession   tlen query name           accession   qlen   E-value  score  bias   #  of  c-Evalue  i-Evalue  score  bias  from    to  from    to  from    to  acc description of target
#       ------------------- ---------- ----- -------------------- ---------- ----- --------- ------ ----- --- --- --------- --------- ------ ----- ----- ----- ----- ----- ----- ----- ---- ---------------------
scaffold00032:251986-252937 -            292 1038775at2759        -            204   1.5e-31  106.1   9.4   1   2   1.2e-22   5.8e-20   68.3   0.8     1   118     1   169     1   198 0.71 -
scaffold00032:251986-252937 -            292 1038775at2759        -            204   1.5e-31  106.1   9.4   2   2   3.8e-13   1.8e-10   37.3   2.7   126   203   206   288   187   289 0.84 -
scaffold00032:247891-248649 -            253 1038775at2759        -            204   1.5e-25   86.5   8.3   1   2   4.3e-16   2.1e-13   46.9   0.5    25   118     1   132     1   159 0.68 -
scaffold00032:247891-248649 -            253 1038775at2759        -            204   1.5e-25   86.5   8.3   2   2   3.5e-13   1.7e-10   37.4   2.3   127   203   172   253   150   253 0.84 -
scaffold00002:793474-794253 -            226 1038775at2759        -            204   8.5e-10   35.1   0.1   1   3     4e-11   1.9e-08   30.7   0.0    14    88    21   110     1   122 0.73 -
scaffold00002:793474-794253 -            226 1038775at2759        -            204   8.5e-10   35.1   0.1   2   3       0.1        50   -0.1   0.0   142   197   122   182   114   193 0.49 -
scaffold00002:793474-794253 -            226 1038775at2759        -            204   8.5e-10   35.1   0.1   3   3     0.032        15    1.6   0.0   122   154   175   207   155   223 0.78 -
#
# Program:         hmmsearch
# Version:         3.1b2 (February 2015)
# Pipeline mode:   SEARCH
# Query file:      /Users/aholzer/ownCloud/PhD/Publications/2021 Liavero-Pasquina et al./analysis/TPP_aptamer_search/busco_downloads/lineages/eukaryota_odb10/hmms/1038775at2759.hmm
# Target file:     /Users/aholzer/ownCloud/PhD/Publications/2021 Liavero-Pasquina et al./analysis/TPP_aptamer_search/genomes/BUSCO_eukaryota_obd10/Synedra_acus_sac1/run_eukaryota_odb10/metaeuk_output/initial_results/sac.scaffolds.fna.modified.fas
# Option settings: hmmsearch --domtblout /Users/aholzer/ownCloud/PhD/Publications/2021 Liavero-Pasquina et al./analysis/TPP_aptamer_search/genomes/BUSCO_eukaryota_obd10/Synedra_acus_sac1/run_eukaryota_odb10/hmmer_output/initial_run_results/1038775at2759.out --cpu 1 /Users/aholzer/ownCloud/PhD/Publications/2021 Liavero-Pasquina et al./analysis/TPP_aptamer_search/busco_downloads/lineages/eukaryota_odb10/hmms/1038775at2759.hmm /Users/aholzer/ownCloud/PhD/Publications/2021 Liavero-Pasquina et al./analysis/TPP_aptamer_search/genomes/BUSCO_eukaryota_obd10/Synedra_acus_sac1/run_eukaryota_odb10/metaeuk_output/initial_results/sac.scaffolds.fna.modified.fas 
# Current dir:     /Users/aholzer/ownCloud/PhD/Publications/2021 Liavero-Pasquina et al./analysis/TPP_aptamer_search
# Date:            Mon Apr 19 07:21:14 2021
# [ok]
