#                                                                                   --- full sequence --- -------------- this domain -------------   hmm coord   ali coord   env coord
# target name               accession   tlen query name           accession   qlen   E-value  score  bias   #  of  c-Evalue  i-Evalue  score  bias  from    to  from    to  from    to  acc description of target
#       ------------------- ---------- ----- -------------------- ---------- ----- --------- ------ ----- --- --- --------- --------- ------ ----- ----- ----- ----- ----- ----- ----- ---- ---------------------
scaffold00036:132671-134239 -            523 261328at2759         -            450   1.1e-76  254.8  45.8   1   7   2.6e-12     4e-11   38.7   4.3   149   208     7    66     1    73 0.91 -
scaffold00036:132671-134239 -            523 261328at2759         -            450   1.1e-76  254.8  45.8   2   7   1.7e-12   2.6e-11   39.3   1.8   131   205    69   147    66   151 0.84 -
scaffold00036:132671-134239 -            523 261328at2759         -            450   1.1e-76  254.8  45.8   3   7   8.3e-21   1.3e-19   66.8   3.0   124   207   144   234   139   237 0.89 -
scaffold00036:132671-134239 -            523 261328at2759         -            450   1.1e-76  254.8  45.8   4   7   6.9e-13     1e-11   40.7   0.5   154   207   223   276   223   279 0.97 -
scaffold00036:132671-134239 -            523 261328at2759         -            450   1.1e-76  254.8  45.8   5   7   1.8e-15   2.7e-14   49.2   0.3   131   214   280   367   275   381 0.86 -
scaffold00036:132671-134239 -            523 261328at2759         -            450   1.1e-76  254.8  45.8   6   7   5.8e-07   8.8e-06   21.1   0.1   154   207   349   402   347   405 0.95 -
scaffold00036:132671-134239 -            523 261328at2759         -            450   1.1e-76  254.8  45.8   7   7   3.8e-17   5.8e-16   54.7   5.1    95   202   368   481   367   515 0.85 -
scaffold00047:37024-38418   -            465 261328at2759         -            450   3.3e-72  240.1  37.4   1   4   1.8e-11   2.7e-10   36.0   0.6   150   211     8    69     1    71 0.92 -
scaffold00047:37024-38418   -            465 261328at2759         -            450   3.3e-72  240.1  37.4   2   4   2.5e-30   3.9e-29   98.1  12.6    57   208    72   235    69   237 0.89 -
scaffold00047:37024-38418   -            465 261328at2759         -            450   3.3e-72  240.1  37.4   3   4   1.3e-21     2e-20   69.4   0.6    95   207   242   360   235   365 0.90 -
scaffold00047:37024-38418   -            465 261328at2759         -            450   3.3e-72  240.1  37.4   4   4   2.4e-16   3.7e-15   52.1   3.1    91   186   364   465   361   465 0.91 -
scaffold00012:493343-495106 -            588 261328at2759         -            450   1.2e-64  215.2  29.1   1   8   1.2e-06   1.8e-05   20.1   0.1   154   196     1    43     1    61 0.90 -
scaffold00012:493343-495106 -            588 261328at2759         -            450   1.2e-64  215.2  29.1   2   8   2.7e-14   4.1e-13   45.3   3.4   130   208    59   141    50   143 0.87 -
scaffold00012:493343-495106 -            588 261328at2759         -            450   1.2e-64  215.2  29.1   3   8   1.4e-07   2.2e-06   23.1   0.2   164   207   139   182   138   185 0.92 -
scaffold00012:493343-495106 -            588 261328at2759         -            450   1.2e-64  215.2  29.1   4   8   2.1e-13   3.2e-12   42.4   0.5   127   223   182   282   180   291 0.88 -
scaffold00012:493343-495106 -            588 261328at2759         -            450   1.2e-64  215.2  29.1   5   8     0.013      0.19    6.8   0.1   157   192   299   334   285   337 0.83 -
scaffold00012:493343-495106 -            588 261328at2759         -            450   1.2e-64  215.2  29.1   6   8   5.7e-09   8.7e-08   27.8   0.1   135   197   315   381   309   392 0.86 -
scaffold00012:493343-495106 -            588 261328at2759         -            450   1.2e-64  215.2  29.1   7   8   2.6e-08   3.9e-07   25.6   0.0   132   194   395   462   382   468 0.86 -
scaffold00012:493343-495106 -            588 261328at2759         -            450   1.2e-64  215.2  29.1   8   8   4.2e-14   6.5e-13   44.7   0.2    92   192   481   588   473   588 0.84 -
scaffold00365:9653-10492    -            280 261328at2759         -            450   1.1e-37  126.3   3.3   1   5    0.0094      0.14    7.3   0.0   173   188     2    17     1    26 0.83 -
scaffold00365:9653-10492    -            280 261328at2759         -            450   1.1e-37  126.3   3.3   2   5   9.8e-09   1.5e-07   27.0   0.0   151   207    30    86    25    88 0.95 -
scaffold00365:9653-10492    -            280 261328at2759         -            450   1.1e-37  126.3   3.3   3   5   3.3e-23   5.1e-22   74.7   0.1    91   197    48   160    46   169 0.90 -
scaffold00365:9653-10492    -            280 261328at2759         -            450   1.1e-37  126.3   3.3   4   5   5.7e-07   8.8e-06   21.1   0.1   164   211   170   215   164   218 0.88 -
scaffold00365:9653-10492    -            280 261328at2759         -            450   1.1e-37  126.3   3.3   5   5   9.7e-06   0.00015   17.1   0.0    90   147   219   280   214   280 0.85 -
scaffold00012:186950-187675 -            242 261328at2759         -            450   2.6e-34  115.2   1.7   1   3   0.00028    0.0043   12.3   0.0    75   112     5    43     1    49 0.68 -
scaffold00012:186950-187675 -            242 261328at2759         -            450   2.6e-34  115.2   1.7   2   3   1.9e-30     3e-29   98.5   0.3    71   220    49   206    43   214 0.87 -
scaffold00012:186950-187675 -            242 261328at2759         -            450   2.6e-34  115.2   1.7   3   3      0.29       4.4    2.3   0.0   151   171   219   239   215   242 0.87 -
scaffold00013:73586-76375   -            930 261328at2759         -            450   1.1e-33  113.1  16.9   1   7   2.8e-06   4.3e-05   18.9   0.2   152   204   118   170    65   173 0.86 -
scaffold00013:73586-76375   -            930 261328at2759         -            450   1.1e-33  113.1  16.9   2   7   7.4e-10   1.1e-08   30.7   0.5   151   205   159   212   154   221 0.90 -
scaffold00013:73586-76375   -            930 261328at2759         -            450   1.1e-33  113.1  16.9   3   7      0.24       3.7    2.6   0.0   263   300   217   254   213   260 0.82 -
scaffold00013:73586-76375   -            930 261328at2759         -            450   1.1e-33  113.1  16.9   4   7   5.5e-06   8.3e-05   17.9   0.1   150   222   452   525   441   558 0.80 -
scaffold00013:73586-76375   -            930 261328at2759         -            450   1.1e-33  113.1  16.9   5   7   0.00045    0.0069   11.6   0.1   167   195   559   587   536   598 0.77 -
scaffold00013:73586-76375   -            930 261328at2759         -            450   1.1e-33  113.1  16.9   6   7   1.2e-06   1.9e-05   20.1   0.3   125   222   607   709   591   711 0.78 -
scaffold00013:73586-76375   -            930 261328at2759         -            450   1.1e-33  113.1  16.9   7   7   7.8e-12   1.2e-10   37.2   0.4    92   189   656   759   652   765 0.88 -
scaffold00005:920050-920964 -            305 261328at2759         -            450   1.6e-33  112.5  11.7   1   4   7.8e-11   1.2e-09   33.9   0.4   150   207     9    66     1    74 0.89 -
scaffold00005:920050-920964 -            305 261328at2759         -            450   1.6e-33  112.5  11.7   2   4   1.4e-13   2.1e-12   42.9   0.1    56   131    99   180    93   197 0.85 -
scaffold00005:920050-920964 -            305 261328at2759         -            450   1.6e-33  112.5  11.7   3   4   2.1e-11   3.3e-10   35.7   0.1   128   207   199   283   181   288 0.85 -
scaffold00005:920050-920964 -            305 261328at2759         -            450   1.6e-33  112.5  11.7   4   4     0.011      0.16    7.1   0.2    55    71   288   304   273   305 0.74 -
scaffold00077:131786-134632 -            949 261328at2759         -            450     6e-30  100.8  19.2   1   5   6.9e-05    0.0011   14.3   0.4   125   200    93   176    85   192 0.84 -
scaffold00077:131786-134632 -            949 261328at2759         -            450     6e-30  100.8  19.2   2   5     0.059      0.91    4.6   0.1   150   188   222   261   196   268 0.74 -
scaffold00077:131786-134632 -            949 261328at2759         -            450     6e-30  100.8  19.2   3   5   3.6e-07   5.5e-06   21.8   0.1   143   203   435   499   422   506 0.81 -
scaffold00077:131786-134632 -            949 261328at2759         -            450     6e-30  100.8  19.2   4   5       0.3       4.6    2.3   0.0   166   189   519   542   503   555 0.74 -
scaffold00077:131786-134632 -            949 261328at2759         -            450     6e-30  100.8  19.2   5   5   2.5e-19   3.9e-18   61.9   3.6    76   223   560   715   525   732 0.78 -
scaffold00021:424957-425829 -            291 261328at2759         -            450   3.7e-29   98.2   9.6   1   5   0.00016    0.0025   13.1   0.0    76   112     1    39     1    49 0.62 -
scaffold00021:424957-425829 -            291 261328at2759         -            450   3.7e-29   98.2   9.6   2   5   1.7e-09   2.6e-08   29.5   0.1   152   193    51    92    45    95 0.91 -
scaffold00021:424957-425829 -            291 261328at2759         -            450   3.7e-29   98.2   9.6   3   5   5.7e-08   8.7e-07   24.5   0.3   150   193    91   133    89   158 0.79 -
scaffold00021:424957-425829 -            291 261328at2759         -            450   3.7e-29   98.2   9.6   4   5   6.3e-09   9.6e-08   27.6   0.0   130   194   156   224   152   230 0.80 -
scaffold00021:424957-425829 -            291 261328at2759         -            450   3.7e-29   98.2   9.6   5   5    0.0095      0.15    7.2   0.0   164   197   235   267   228   273 0.66 -
scaffold02076:530-1432      -            301 261328at2759         -            450   1.7e-28   96.0   5.6   1   3   3.8e-13   5.8e-12   41.5   0.0    94   192     4   110     1   120 0.83 -
scaffold02076:530-1432      -            301 261328at2759         -            450   1.7e-28   96.0   5.6   2   3   1.6e-05   0.00024   16.4   0.1   118   207   116   210   109   213 0.76 -
scaffold02076:530-1432      -            301 261328at2759         -            450   1.7e-28   96.0   5.6   3   3   8.1e-11   1.2e-09   33.8   5.2   131   208   216   297   212   301 0.89 -
scaffold00088:55444-56346   -            301 261328at2759         -            450   3.2e-28   95.1   5.3   1   3   9.3e-13   1.4e-11   40.2   0.0    94   191     4   109     1   117 0.82 -
scaffold00088:55444-56346   -            301 261328at2759         -            450   3.2e-28   95.1   5.3   2   3   1.5e-05   0.00023   16.5   0.1   118   207   116   210   109   215 0.77 -
scaffold00088:55444-56346   -            301 261328at2759         -            450   3.2e-28   95.1   5.3   3   3   9.5e-11   1.5e-09   33.6   5.4   131   208   216   297   212   301 0.89 -
scaffold00029:291344-292363 -            340 261328at2759         -            450     5e-27   91.2   8.5   1   3   2.1e-15   3.2e-14   49.0   1.2    56   189    64   210    57   215 0.84 -
scaffold00029:291344-292363 -            340 261328at2759         -            450     5e-27   91.2   8.5   2   3     4e-15   6.1e-14   48.0   0.1    77   206   132   271   125   278 0.86 -
scaffold00029:291344-292363 -            340 261328at2759         -            450     5e-27   91.2   8.5   3   3   0.00026     0.004   12.4   0.1   127   185   275   340   267   340 0.80 -
scaffold00275:40421-41413   -            331 261328at2759         -            450     2e-26   89.2   0.5   1   2   2.6e-06     4e-05   19.0   0.0   156   223     1    69     1    78 0.90 -
scaffold00275:40421-41413   -            331 261328at2759         -            450     2e-26   89.2   0.5   2   2   6.6e-16     1e-14   50.6   0.0    60   224   153   328   148   331 0.82 -
scaffold00001:540685-541512 -            276 261328at2759         -            450   1.6e-25   86.2   1.3   1   3   1.1e-12   1.6e-11   40.0   0.0   133   204    17    95    11    96 0.87 -
scaffold00001:540685-541512 -            276 261328at2759         -            450   1.6e-25   86.2   1.3   2   3   5.3e-07   8.2e-06   21.2   0.1    76   188    86   198    84   202 0.66 -
scaffold00001:540685-541512 -            276 261328at2759         -            450   1.6e-25   86.2   1.3   3   3   1.5e-09   2.3e-08   29.7   0.4   134   220   182   274   143   276 0.83 -
scaffold00008:515942-517231 -            430 261328at2759         -            450   6.3e-23   77.7   2.1   1   4   1.5e-06   2.3e-05   19.8   0.1    70   203    48   203    45   205 0.75 -
scaffold00008:515942-517231 -            430 261328at2759         -            450   6.3e-23   77.7   2.1   2   4   1.5e-09   2.3e-08   29.6   0.0    94   207   129   249   110   270 0.80 -
scaffold00008:515942-517231 -            430 261328at2759         -            450   6.3e-23   77.7   2.1   3   4      0.42       6.5    1.8   0.0   169   198   255   284   253   289 0.92 -
scaffold00008:515942-517231 -            430 261328at2759         -            450   6.3e-23   77.7   2.1   4   4   1.2e-11   1.9e-10   36.5   0.0    90   189   314   425   304   430 0.77 -
scaffold01752:4888-5898     -            337 261328at2759         -            450   1.8e-22   76.2  10.1   1   3     0.065         1    4.5   0.2    82   113    19    50    15    69 0.75 -
scaffold01752:4888-5898     -            337 261328at2759         -            450   1.8e-22   76.2  10.1   2   3   8.9e-13   1.4e-11   40.3   3.2    95   190    78   178    64   185 0.86 -
scaffold01752:4888-5898     -            337 261328at2759         -            450   1.8e-22   76.2  10.1   3   3     5e-11   7.7e-10   34.5   0.0    77   188   187   309   182   321 0.81 -
scaffold00111:78256-81061   -            889 261328at2759         -            450   2.9e-21   72.2   9.5   1   4    0.0011     0.016   10.4   0.7   153   203   153   205   149   212 0.86 -
scaffold00111:78256-81061   -            889 261328at2759         -            450   2.9e-21   72.2   9.5   2   4       1.1        16    0.5   0.0    15    47   213   245   207   248 0.87 -
scaffold00111:78256-81061   -            889 261328at2759         -            450   2.9e-21   72.2   9.5   3   4   1.6e-07   2.4e-06   23.0   0.0   128   204   355   437   297   439 0.72 -
scaffold00111:78256-81061   -            889 261328at2759         -            450   2.9e-21   72.2   9.5   4   4   1.1e-13   1.6e-12   43.3   0.2    79   207   431   567   427   578 0.84 -
scaffold00002:788407-789441 -            345 261328at2759         -            450   1.6e-19   66.4   2.8   1   4      0.51       7.9    1.5   0.1   169   189     1    21     1    35 0.83 -
scaffold00002:788407-789441 -            345 261328at2759         -            450   1.6e-19   66.4   2.8   2   4   1.1e-05   0.00016   17.0   0.0   154   193    47    88    31   119 0.73 -
scaffold00002:788407-789441 -            345 261328at2759         -            450   1.6e-19   66.4   2.8   3   4   1.4e-09   2.1e-08   29.8   0.0   125   207   149   238   135   242 0.82 -
scaffold00002:788407-789441 -            345 261328at2759         -            450   1.6e-19   66.4   2.8   4   4   6.5e-06   9.9e-05   17.7   0.0    84   149   234   303   231   307 0.81 -
scaffold00053:102879-103784 -            302 261328at2759         -            450   1.6e-19   66.4   0.1   1   4   2.2e-06   3.4e-05   19.2   0.0   151   200     6    56     3    57 0.90 -
scaffold00053:102879-103784 -            302 261328at2759         -            450   1.6e-19   66.4   0.1   2   4   6.9e-09   1.1e-07   27.5   0.0   152   197    50    95    47   100 0.92 -
scaffold00053:102879-103784 -            302 261328at2759         -            450   1.6e-19   66.4   0.1   3   4    0.0015     0.022    9.9   0.1   134   206   112   192   106   198 0.67 -
scaffold00053:102879-103784 -            302 261328at2759         -            450   1.6e-19   66.4   0.1   4   4    0.0016     0.025    9.8   0.0    91   185   195   302   183   302 0.69 -
scaffold00689:23229-24191   -            321 261328at2759         -            450   4.9e-19   64.8   0.0   1   4   1.6e-06   2.4e-05   19.7   0.0   154   208     5    59     2    61 0.96 -
scaffold00689:23229-24191   -            321 261328at2759         -            450   4.9e-19   64.8   0.0   2   4   2.2e-08   3.3e-07   25.8   0.1   150   199    43    91    41   123 0.86 -
scaffold00689:23229-24191   -            321 261328at2759         -            450   4.9e-19   64.8   0.0   3   4   4.2e-05   0.00064   15.0   0.0   141   212   166   241   133   263 0.74 -
scaffold00689:23229-24191   -            321 261328at2759         -            450   4.9e-19   64.8   0.0   4   4   0.00093     0.014   10.6   0.0   144   185   270   311   251   316 0.88 -
scaffold00091:133206-134207 -            334 261328at2759         -            450   5.8e-19   64.6   2.1   1   2   9.2e-10   1.4e-08   30.3   1.3    65   189    39   180    14   191 0.76 -
scaffold00091:133206-134207 -            334 261328at2759         -            450   5.8e-19   64.6   2.1   2   2   1.7e-10   2.7e-09   32.7   0.0    76   187   203   325   198   327 0.77 -
scaffold00090:121322-122773 -            484 261328at2759         -            450   8.7e-19   64.0   6.3   1   4    0.0065     0.099    7.8   0.0   123   186   107   176    60   188 0.77 -
scaffold00090:121322-122773 -            484 261328at2759         -            450   8.7e-19   64.0   6.3   2   4   1.2e-07   1.9e-06   23.4   0.3    78   195   145   269   141   270 0.79 -
scaffold00090:121322-122773 -            484 261328at2759         -            450   8.7e-19   64.0   6.3   3   4   1.1e-15   1.7e-14   49.8   1.1    92   221   202   339   191   341 0.86 -
scaffold00090:121322-122773 -            484 261328at2759         -            450   8.7e-19   64.0   6.3   4   4      0.24       3.6    2.6   0.0    93   148   330   391   325   397 0.62 -
scaffold00440:1557-2519     -            321 261328at2759         -            450   1.7e-18   63.0   0.0   1   4   1.6e-06   2.4e-05   19.7   0.0   154   208     5    59     2    61 0.96 -
scaffold00440:1557-2519     -            321 261328at2759         -            450   1.7e-18   63.0   0.0   2   4   2.2e-08   3.3e-07   25.8   0.1   150   199    43    91    41   123 0.86 -
scaffold00440:1557-2519     -            321 261328at2759         -            450   1.7e-18   63.0   0.0   3   4   0.00012    0.0019   13.4   0.0   141   211   166   240   117   263 0.74 -
scaffold00440:1557-2519     -            321 261328at2759         -            450   1.7e-18   63.0   0.0   4   4   0.00093     0.014   10.6   0.0   144   185   270   311   251   316 0.88 -
scaffold00285:34987-35850   -            288 261328at2759         -            450   5.9e-18   61.3   8.8   1   4   8.1e-07   1.2e-05   20.7   0.3    94   189    23   129    19   149 0.67 -
scaffold00285:34987-35850   -            288 261328at2759         -            450   5.9e-18   61.3   8.8   2   4   1.8e-05   0.00027   16.2   0.0   163   206   182   225   174   230 0.88 -
scaffold00285:34987-35850   -            288 261328at2759         -            450   5.9e-18   61.3   8.8   3   4   2.5e-11   3.8e-10   35.5   1.0   132   207   189   267   188   271 0.87 -
scaffold00285:34987-35850   -            288 261328at2759         -            450   5.9e-18   61.3   8.8   4   4    0.0026     0.039    9.1   0.1   157   185   259   288   259   288 0.90 -
scaffold00071:67080-68006   -            309 261328at2759         -            450   6.8e-18   61.1   7.0   1   3   1.3e-08     2e-07   26.5   1.9    81   207    20   153    16   161 0.83 -
scaffold00071:67080-68006   -            309 261328at2759         -            450   6.8e-18   61.1   7.0   2   3   2.2e-06   3.3e-05   19.2   0.2    67   176   132   252   132   265 0.74 -
scaffold00071:67080-68006   -            309 261328at2759         -            450   6.8e-18   61.1   7.0   3   3   1.8e-10   2.8e-09   32.7   0.2    60   187   164   307   162   308 0.77 -
scaffold00419:36531-37370   -            280 261328at2759         -            450   3.7e-17   58.7   0.6   1   4      0.22       3.3    2.8   0.0   270   288     2    20     1    25 0.86 -
scaffold00419:36531-37370   -            280 261328at2759         -            450   3.7e-17   58.7   0.6   2   4   0.00028    0.0042   12.3   0.0   151   197    31    79    25    84 0.83 -
scaffold00419:36531-37370   -            280 261328at2759         -            450   3.7e-17   58.7   0.6   3   4   4.4e-06   6.8e-05   18.2   0.0   161   195   145   181   120   187 0.81 -
scaffold00419:36531-37370   -            280 261328at2759         -            450   3.7e-17   58.7   0.6   4   4   7.5e-07   1.1e-05   20.8   0.0    73   148   196   270   190   275 0.84 -
scaffold00294:11768-12607   -            280 261328at2759         -            450   1.4e-16   56.7   1.2   1   4      0.22       3.3    2.8   0.0   270   288     2    20     1    25 0.86 -
scaffold00294:11768-12607   -            280 261328at2759         -            450   1.4e-16   56.7   1.2   2   4   0.00028    0.0042   12.3   0.0   151   197    31    79    25    84 0.83 -
scaffold00294:11768-12607   -            280 261328at2759         -            450   1.4e-16   56.7   1.2   3   4   2.9e-06   4.4e-05   18.8   0.0   160   197   144   181   116   186 0.84 -
scaffold00294:11768-12607   -            280 261328at2759         -            450   1.4e-16   56.7   1.2   4   4     3e-06   4.6e-05   18.8   0.0    74   144   197   266   190   273 0.65 -
scaffold00005:838585-840744 -            720 261328at2759         -            450   1.9e-16   56.3   8.1   1   3   4.8e-12   7.3e-11   37.9   2.2    98   216    24   147    13   175 0.82 -
scaffold00005:838585-840744 -            720 261328at2759         -            450   1.9e-16   56.3   8.1   2   3   1.9e-05    0.0003   16.1   0.1   156   196   186   226   161   233 0.92 -
scaffold00005:838585-840744 -            720 261328at2759         -            450   1.9e-16   56.3   8.1   3   3     0.091       1.4    4.0   0.0   127   192   239   303   230   318 0.83 -
scaffold00041:217931-219289 -            453 261328at2759         -            450   5.1e-16   54.9   2.3   1   3   7.8e-10   1.2e-08   30.6   0.4   156   229    65   140    53   187 0.62 -
scaffold00041:217931-219289 -            453 261328at2759         -            450   5.1e-16   54.9   2.3   2   3   5.3e-05   0.00081   14.7   0.0   144   188   277   321   177   336 0.76 -
scaffold00041:217931-219289 -            453 261328at2759         -            450   5.1e-16   54.9   2.3   3   3     0.015      0.22    6.6   0.1   166   197   342   373   320   426 0.77 -
scaffold01382:616-1446      -            277 261328at2759         -            450   9.4e-16   54.0  12.2   1   4       0.1       1.6    3.8   0.1   150   188     4    45     2    62 0.82 -
scaffold01382:616-1446      -            277 261328at2759         -            450   9.4e-16   54.0  12.2   2   4   1.5e-10   2.2e-09   33.0   4.1    90   197    70   168    48   176 0.88 -
scaffold01382:616-1446      -            277 261328at2759         -            450   9.4e-16   54.0  12.2   3   4     0.019       0.3    6.2   0.0   133   197   184   210   169   218 0.57 -
scaffold01382:616-1446      -            277 261328at2759         -            450   9.4e-16   54.0  12.2   4   4   1.3e-06     2e-05   19.9   0.2   132   206   183   271   180   275 0.75 -
scaffold00001:972060-972959 -            300 261328at2759         -            450     2e-15   53.0   0.1   1   4     2e-05   0.00031   16.1   0.0   131   188    33    93    14   106 0.55 -
scaffold00001:972060-972959 -            300 261328at2759         -            450     2e-15   53.0   0.1   2   4   9.9e-06   0.00015   17.1   0.2    60   188    39   165    35   177 0.70 -
scaffold00001:972060-972959 -            300 261328at2759         -            450     2e-15   53.0   0.1   3   4      0.16       2.4    3.2   0.1   173   190   150   167   125   228 0.72 -
scaffold00001:972060-972959 -            300 261328at2759         -            450     2e-15   53.0   0.1   4   4   2.8e-09   4.3e-08   28.7   0.0   125   186   234   299   190   300 0.79 -
scaffold03461:681-1571      -            297 261328at2759         -            450   7.2e-15   51.1  13.4   1   2   1.7e-09   2.6e-08   29.5   8.1    89   197    89   188     1   196 0.78 -
scaffold03461:681-1571      -            297 261328at2759         -            450   7.2e-15   51.1  13.4   2   2   1.5e-06   2.3e-05   19.8   0.2   132   206   203   291   199   295 0.76 -
scaffold00136:37224-37994   -            257 261328at2759         -            450   4.5e-14   48.5   3.0   1   4       1.3        20    0.2   0.1   173   188    11    26     5    38 0.62 -
scaffold00136:37224-37994   -            257 261328at2759         -            450   4.5e-14   48.5   3.0   2   4   8.2e-11   1.3e-09   33.8   0.0    93   203    69   187    61   194 0.87 -
scaffold00136:37224-37994   -            257 261328at2759         -            450   4.5e-14   48.5   3.0   3   4   6.7e-05     0.001   14.3   0.1   150   206   176   234   174   238 0.78 -
scaffold00136:37224-37994   -            257 261328at2759         -            450   4.5e-14   48.5   3.0   4   4   0.00024    0.0037   12.5   0.2    57   206   200   234   194   257 0.44 -
scaffold00034:213194-214135 -            314 261328at2759         -            450   6.8e-14   47.9   4.9   1   3   6.7e-06    0.0001   17.6   0.1   176   223    84   131    72   140 0.91 -
scaffold00034:213194-214135 -            314 261328at2759         -            450   6.8e-14   47.9   4.9   2   3   3.7e-07   5.7e-06   21.8   0.4   129   197   159   235   156   256 0.75 -
scaffold00034:213194-214135 -            314 261328at2759         -            450   6.8e-14   47.9   4.9   3   3     0.012      0.19    6.9   0.0   164   187   288   311   280   313 0.89 -
scaffold00136:41952-42725   -            258 261328at2759         -            450   7.5e-14   47.7   2.2   1   4       1.2        18    0.3   0.1   173   189    11    27     5    43 0.66 -
scaffold00136:41952-42725   -            258 261328at2759         -            450   7.5e-14   47.7   2.2   2   4   2.4e-10   3.7e-09   32.3   0.0    93   203    70   188    62   195 0.87 -
scaffold00136:41952-42725   -            258 261328at2759         -            450   7.5e-14   47.7   2.2   3   4   6.7e-05     0.001   14.3   0.1   150   206   177   235   175   239 0.78 -
scaffold00136:41952-42725   -            258 261328at2759         -            450   7.5e-14   47.7   2.2   4   4   0.00024    0.0037   12.5   0.2    57   206   201   235   195   258 0.44 -
scaffold00001:690487-691293 -            269 261328at2759         -            450   3.9e-13   45.4   0.9   1   4   1.4e-06   2.2e-05   19.8   0.0   154   199     1    47     1    48 0.89 -
scaffold00001:690487-691293 -            269 261328at2759         -            450   3.9e-13   45.4   0.9   2   4   6.8e-05     0.001   14.3   0.0   155   192    48    85    44    96 0.88 -
scaffold00001:690487-691293 -            269 261328at2759         -            450   3.9e-13   45.4   0.9   3   4       1.3        20    0.2   0.0   274   292   141   159   110   174 0.69 -
scaffold00001:690487-691293 -            269 261328at2759         -            450   3.9e-13   45.4   0.9   4   4    0.0086      0.13    7.4   0.0   158   186   235   263   213   267 0.82 -
scaffold00002:757342-758049 -            236 261328at2759         -            450   5.2e-13   45.0   5.1   1   2   0.00011    0.0017   13.6   0.3   160   208    81   128    14   131 0.93 -
scaffold00002:757342-758049 -            236 261328at2759         -            450   5.2e-13   45.0   5.1   2   2   3.7e-10   5.7e-09   31.6   1.1    93   188   133   235   128   236 0.90 -
scaffold00133:109636-110301 -            222 261328at2759         -            450   9.3e-13   44.1   2.5   1   1   3.6e-12   5.5e-11   38.3   2.5    84   224     6   170     2   220 0.78 -
scaffold00084:89645-90970   -            442 261328at2759         -            450   2.6e-12   42.7   2.0   1   3    0.0096      0.15    7.2   0.0   133   189   149   211   141   215 0.70 -
scaffold00084:89645-90970   -            442 261328at2759         -            450   2.6e-12   42.7   2.0   2   3   2.9e-09   4.4e-08   28.7   0.1   151   208   219   282   214   288 0.75 -
scaffold00084:89645-90970   -            442 261328at2759         -            450   2.6e-12   42.7   2.0   3   3     0.017      0.25    6.4   0.0   151   208   267   328   264   333 0.77 -
scaffold00224:15915-16988   -            358 261328at2759         -            450   4.5e-12   41.9   2.7   1   4     0.038      0.58    5.3   0.1   163   188    19    44    11    53 0.83 -
scaffold00224:15915-16988   -            358 261328at2759         -            450   4.5e-12   41.9   2.7   2   4   1.5e-08   2.2e-07   26.4   0.2   150   207    58   118    44   139 0.80 -
scaffold00224:15915-16988   -            358 261328at2759         -            450   4.5e-12   41.9   2.7   3   4       1.9        30   -0.4   0.0   169   203   122   157   114   181 0.74 -
scaffold00224:15915-16988   -            358 261328at2759         -            450   4.5e-12   41.9   2.7   4   4    0.0044     0.067    8.3   0.0   172   202   182   212   174   217 0.90 -
scaffold00010:322401-324513 -            670 261328at2759         -            450     1e-11   40.7   9.0   1   6     0.048      0.74    4.9   0.1   154   191    70   107    64   152 0.86 -
scaffold00010:322401-324513 -            670 261328at2759         -            450     1e-11   40.7   9.0   2   6   3.9e-07   5.9e-06   21.7   0.0   129   197   224   297   208   300 0.81 -
scaffold00010:322401-324513 -            670 261328at2759         -            450     1e-11   40.7   9.0   3   6         4        61   -1.4   0.0   156   190   357   391   351   401 0.53 -
scaffold00010:322401-324513 -            670 261328at2759         -            450     1e-11   40.7   9.0   4   6      0.43       6.6    1.8   0.1    85   193   416   524   399   548 0.51 -
scaffold00010:322401-324513 -            670 261328at2759         -            450     1e-11   40.7   9.0   5   6   5.2e-05    0.0008   14.7   0.4    82   204   489   628   481   636 0.75 -
scaffold00010:322401-324513 -            670 261328at2759         -            450     1e-11   40.7   9.0   6   6       2.5        38   -0.7   0.0   173   188   647   662   643   667 0.52 -
scaffold00005:735856-736137 -             94 261328at2759         -            450   1.6e-11   40.1   0.3   1   1     2e-12   3.1e-11   39.1   0.3   121   206     2    94     1    94 0.88 -
scaffold00009:498764-499465 -            234 261328at2759         -            450   3.7e-11   38.9   0.1   1   3     0.092       1.4    4.0   0.0   138   187    16    72     2    85 0.61 -
scaffold00009:498764-499465 -            234 261328at2759         -            450   3.7e-11   38.9   0.1   2   3     0.001     0.016   10.4   0.0   150   188    88   126    79   134 0.90 -
scaffold00009:498764-499465 -            234 261328at2759         -            450   3.7e-11   38.9   0.1   3   3   6.1e-07   9.3e-06   21.1   0.0   153   222   146   224   141   234 0.75 -
scaffold00224:7238-7999     -            254 261328at2759         -            450   6.6e-11   38.0   1.2   1   3   3.5e-08   5.3e-07   25.2   0.4   154   207     2    58     1    75 0.80 -
scaffold00224:7238-7999     -            254 261328at2759         -            450   6.6e-11   38.0   1.2   2   3       0.3       4.6    2.3   0.0   168   204    61    98    53   122 0.74 -
scaffold00224:7238-7999     -            254 261328at2759         -            450   6.6e-11   38.0   1.2   3   3    0.0029     0.045    8.9   0.0   172   202   122   152   115   155 0.89 -
scaffold00030:186090-186434 -            115 261328at2759         -            450   8.5e-11   37.7   0.0   1   1   6.1e-12   9.3e-11   37.5   0.0    91   187    11   113     3   115 0.86 -
scaffold00010:229509-230165 -            219 261328at2759         -            450   2.2e-10   36.3   2.8   1   2    0.0059     0.091    7.9   0.1   154   228    22   102    15   112 0.65 -
scaffold00010:229509-230165 -            219 261328at2759         -            450   2.2e-10   36.3   2.8   2   2   2.7e-09   4.1e-08   28.8   0.5    92   187   112   218   108   219 0.77 -
scaffold00224:11705-12457   -            251 261328at2759         -            450   3.6e-10   35.6   2.0   1   3   3.5e-08   5.3e-07   25.2   0.4   154   207     2    58     1    75 0.80 -
scaffold00224:11705-12457   -            251 261328at2759         -            450   3.6e-10   35.6   2.0   2   3      0.31       4.7    2.3   0.0   169   204    62    98    54   122 0.74 -
scaffold00224:11705-12457   -            251 261328at2759         -            450   3.6e-10   35.6   2.0   3   3    0.0088      0.14    7.3   0.1   172   197   122   147   113   154 0.84 -
scaffold00374:22637-23185   -            183 261328at2759         -            450   3.7e-10   35.6   5.3   1   2   1.7e-08   2.6e-07   26.2   0.5   154   206     1    54     1    66 0.82 -
scaffold00374:22637-23185   -            183 261328at2759         -            450   3.7e-10   35.6   5.3   2   2   0.00044    0.0067   11.6   0.9   132   194    69   139    55   154 0.70 -
scaffold00068:91113-93017   -            635 261328at2759         -            450   1.6e-09   33.5   4.7   1   6     0.033       0.5    5.5   0.0    46   111     1    35     1    50 0.50 -
scaffold00068:91113-93017   -            635 261328at2759         -            450   1.6e-09   33.5   4.7   2   6       6.3        97   -2.1   0.0    57    71   128   142   105   147 0.71 -
scaffold00068:91113-93017   -            635 261328at2759         -            450   1.6e-09   33.5   4.7   3   6      0.35       5.3    2.1   0.0   167   185   243   261   225   270 0.73 -
scaffold00068:91113-93017   -            635 261328at2759         -            450   1.6e-09   33.5   4.7   4   6      0.32       4.9    2.2   0.0   131   155   297   321   284   329 0.83 -
scaffold00068:91113-93017   -            635 261328at2759         -            450   1.6e-09   33.5   4.7   5   6   2.5e-05   0.00038   15.8   0.4   165   222   415   481   384   493 0.76 -
scaffold00068:91113-93017   -            635 261328at2759         -            450   1.6e-09   33.5   4.7   6   6      0.16       2.5    3.2   0.0    26    44   521   539   516   550 0.73 -
scaffold00169:7998-8462     -            155 261328at2759         -            450   4.7e-09   31.9   0.2   1   1   1.3e-09     2e-08   29.8   0.2    68   225     3   137     1   141 0.42 -
scaffold00466:32962-33426   -            155 261328at2759         -            450   4.7e-09   31.9   0.2   1   1   1.3e-09     2e-08   29.8   0.2    68   225     3   137     1   141 0.42 -
scaffold00027:236739-236879 -             47 261328at2759         -            450   5.1e-09   31.8   0.0   1   1   3.5e-10   5.3e-09   31.7   0.0   156   201     1    46     1    47 0.97 -
scaffold00053:47769-49164   -            420 261328at2759         -            450   5.1e-09   31.8   1.7   1   4     0.054      0.83    4.7   0.0   157   189    60    92    47   120 0.80 -
scaffold00053:47769-49164   -            420 261328at2759         -            450   5.1e-09   31.8   1.7   2   4    0.0075      0.11    7.6   0.0   130   191   125   197   103   209 0.80 -
scaffold00053:47769-49164   -            420 261328at2759         -            450   5.1e-09   31.8   1.7   3   4   3.3e-05   0.00051   15.3   0.0   129   197   222   294   201   299 0.73 -
scaffold00053:47769-49164   -            420 261328at2759         -            450   5.1e-09   31.8   1.7   4   4       1.3        20    0.2   0.0   161   187   301   327   287   330 0.71 -
scaffold00027:262218-262358 -             47 261328at2759         -            450   5.2e-09   31.8   0.0   1   1   3.6e-10   5.5e-09   31.7   0.0   156   201     1    46     1    47 0.97 -
scaffold00004:69396-70067   -            224 261328at2759         -            450   1.4e-08   30.4   0.0   1   2   5.6e-07   8.5e-06   21.2   0.0   149   198    27    77    22   106 0.84 -
scaffold00004:69396-70067   -            224 261328at2759         -            450   1.4e-08   30.4   0.0   2   2    0.0071      0.11    7.7   0.0   160   219   126   191    86   207 0.77 -
scaffold00023:200342-201016 -            225 261328at2759         -            450   1.5e-08   30.2   1.7   1   4       1.8        28   -0.3   0.0    27    42     2    17     1    27 0.70 -
scaffold00023:200342-201016 -            225 261328at2759         -            450   1.5e-08   30.2   1.7   2   4      0.28       4.3    2.4   0.0   157   187    88   117    83   124 0.78 -
scaffold00023:200342-201016 -            225 261328at2759         -            450   1.5e-08   30.2   1.7   3   4    0.0005    0.0076   11.5   0.1    74   120   126   172   121   180 0.79 -
scaffold00023:200342-201016 -            225 261328at2759         -            450   1.5e-08   30.2   1.7   4   4    0.0003    0.0046   12.2   0.0   156   194   182   223   178   225 0.82 -
scaffold00019:244897-248538 -           1214 261328at2759         -            450     2e-08   29.8   0.0   1   2       5.1        78   -1.8   0.0    98   169   253   332   242   358 0.42 -
scaffold00019:244897-248538 -           1214 261328at2759         -            450     2e-08   29.8   0.0   2   2   8.2e-09   1.3e-07   27.2   0.0    78   194   673   801   664   812 0.70 -
scaffold00005:735288-735647 -            120 261328at2759         -            450   2.2e-08   29.7   3.5   1   3   0.00074     0.011   10.9   0.0    93   115     2    24     1    27 0.88 -
scaffold00005:735288-735647 -            120 261328at2759         -            450   2.2e-08   29.7   3.5   2   3   1.2e-05   0.00018   16.8   0.3   151   190    25    65    22    82 0.77 -
scaffold00005:735288-735647 -            120 261328at2759         -            450   2.2e-08   29.7   3.5   3   3      0.18       2.7    3.0   0.1   167   185   102   120    81   120 0.84 -
scaffold00005:466027-466716 -            230 261328at2759         -            450   3.5e-08   29.0   7.5   1   4       2.3        36   -0.6   0.0    92   110    68    86    60    91 0.84 -
scaffold00005:466027-466716 -            230 261328at2759         -            450   3.5e-08   29.0   7.5   2   4   9.9e-07   1.5e-05   20.4   0.9   153   218   106   174   103   175 0.87 -
scaffold00005:466027-466716 -            230 261328at2759         -            450   3.5e-08   29.0   7.5   3   4   5.5e-05   0.00084   14.6   0.2   156   214   154   211   152   221 0.84 -
scaffold00005:466027-466716 -            230 261328at2759         -            450   3.5e-08   29.0   7.5   4   4       0.2       3.1    2.8   0.0   172   191   209   228   203   230 0.73 -
scaffold00017:176870-177541 -            224 261328at2759         -            450   3.8e-08   28.9   0.1   1   2   2.1e-07   3.3e-06   22.6   0.1   149   198    27    77    24    94 0.85 -
scaffold00017:176870-177541 -            224 261328at2759         -            450   3.8e-08   28.9   0.1   2   2     0.078       1.2    4.2   0.0   137   219    96   191    88   201 0.57 -
scaffold00030:185287-185739 -            151 261328at2759         -            450   7.8e-08   27.9   0.0   1   1   5.6e-09   8.5e-08   27.8   0.0   152   213     2    64     1   112 0.84 -
scaffold00169:8443-8790     -            116 261328at2759         -            450   1.1e-07   27.4   0.0   1   1   9.4e-09   1.4e-07   27.0   0.0    75   186     2   116     1   116 0.80 -
scaffold00466:33407-33754   -            116 261328at2759         -            450   1.1e-07   27.4   0.0   1   1   9.4e-09   1.4e-07   27.0   0.0    75   186     2   116     1   116 0.80 -
scaffold00190:8449-14951    -           1426 261328at2759         -            450   1.5e-07   27.0   3.8   1   5   0.00034    0.0053   12.0   0.0   154   189   984  1019   979  1029 0.91 -
scaffold00190:8449-14951    -           1426 261328at2759         -            450   1.5e-07   27.0   3.8   2   5     0.011      0.17    7.0   0.3   160   188  1046  1074  1028  1081 0.85 -
scaffold00190:8449-14951    -           1426 261328at2759         -            450   1.5e-07   27.0   3.8   3   5      0.13         2    3.5   0.0   164   196  1163  1195  1116  1203 0.73 -
scaffold00190:8449-14951    -           1426 261328at2759         -            450   1.5e-07   27.0   3.8   4   5       1.1        16    0.5   0.0   169   192  1313  1337  1307  1343 0.75 -
scaffold00190:8449-14951    -           1426 261328at2759         -            450   1.5e-07   27.0   3.8   5   5       3.3        51   -1.2   0.0   157   185  1396  1425  1393  1426 0.78 -
scaffold00495:7159-12958    -           1427 261328at2759         -            450   2.7e-07   26.1   4.1   1   5   0.00038    0.0058   11.9   0.0   154   189   985  1020   980  1029 0.92 -
scaffold00495:7159-12958    -           1427 261328at2759         -            450   2.7e-07   26.1   4.1   2   5     0.016      0.24    6.5   0.3   160   188  1047  1075  1029  1081 0.85 -
scaffold00495:7159-12958    -           1427 261328at2759         -            450   2.7e-07   26.1   4.1   3   5      0.13       2.1    3.4   0.0   164   196  1164  1196  1116  1203 0.73 -
scaffold00495:7159-12958    -           1427 261328at2759         -            450   2.7e-07   26.1   4.1   4   5         1        16    0.5   0.0   169   192  1314  1338  1307  1344 0.75 -
scaffold00495:7159-12958    -           1427 261328at2759         -            450   2.7e-07   26.1   4.1   5   5       3.5        54   -1.2   0.0   157   185  1397  1426  1395  1427 0.78 -
scaffold02119:1-744         -            248 261328at2759         -            450   5.3e-07   25.2   0.1   1   2   2.3e-05   0.00035   15.9   0.0   144   189    72   117    10   135 0.80 -
scaffold02119:1-744         -            248 261328at2759         -            450   5.3e-07   25.2   0.1   2   2    0.0054     0.083    8.0   0.1   166   198   137   169   115   224 0.77 -
scaffold02654:1-744         -            248 261328at2759         -            450   6.1e-07   25.0   0.1   1   2   2.9e-05   0.00045   15.5   0.0   144   188    72   116    10   129 0.81 -
scaffold02654:1-744         -            248 261328at2759         -            450   6.1e-07   25.0   0.1   2   2    0.0077      0.12    7.5   0.1   166   196   137   167   115   177 0.66 -
scaffold00045:42745-43224   -            160 261328at2759         -            450   8.2e-07   24.5   1.8   1   2   0.00023    0.0036   12.5   0.1   149   209    31    92     9    96 0.78 -
scaffold00045:42745-43224   -            160 261328at2759         -            450   8.2e-07   24.5   1.8   2   2    0.0021     0.032    9.4   0.2    26    71   100   157    97   160 0.43 -
scaffold00018:223393-223734 -            114 261328at2759         -            450   9.5e-07   24.3   0.4   1   1    0.0041     0.062    8.5   0.1   173   211     1    41     1    52 0.72 -
scaffold00004:726772-729078 -            769 261328at2759         -            450   9.9e-07   24.3   0.4   1   3   2.1e-06   3.3e-05   19.3   0.1   160   197   402   439   399   444 0.92 -
scaffold00004:726772-729078 -            769 261328at2759         -            450   9.9e-07   24.3   0.4   2   3      0.59         9    1.3   0.0   163   227   646   712   615   723 0.66 -
scaffold00004:726772-729078 -            769 261328at2759         -            450   9.9e-07   24.3   0.4   3   3       3.3        50   -1.1   0.0    87   107   745   766   728   767 0.74 -
scaffold00050:262675-263208 -            178 261328at2759         -            450   1.1e-06   24.1   0.2   1   1   9.1e-08   1.4e-06   23.8   0.2    59   200    10   162     2   174 0.74 -
scaffold00012:28273-28818   -            182 261328at2759         -            450   1.3e-06   23.9   0.1   1   1     1e-07   1.6e-06   23.6   0.1   160   246    34   121     6   133 0.89 -
scaffold00022:261364-262056 -            231 261328at2759         -            450   1.4e-06   23.8   2.1   1   2   1.4e-05   0.00022   16.6   1.1    56   113    12    82     5    98 0.70 -
scaffold00022:261364-262056 -            231 261328at2759         -            450   1.4e-06   23.8   2.1   2   2     0.038      0.59    5.2   0.0   134   158   159   183   109   197 0.64 -
scaffold00009:620586-621230 -            215 261328at2759         -            450   1.7e-06   23.5   0.0   1   2   2.8e-05   0.00042   15.6   0.0   152   202    38    89    27    97 0.82 -
scaffold00009:620586-621230 -            215 261328at2759         -            450   1.7e-06   23.5   0.0   2   2     0.025      0.38    5.9   0.0    91   120   100   129    91   134 0.85 -
scaffold00125:87505-88125   -            207 261328at2759         -            450   1.8e-06   23.4   0.2   1   2   3.7e-05   0.00057   15.2   0.1   124   202     3    94     1    96 0.76 -
scaffold00125:87505-88125   -            207 261328at2759         -            450   1.8e-06   23.4   0.2   2   2      0.02      0.31    6.2   0.0    92   109   189   206   182   207 0.70 -
scaffold00077:140854-141828 -            325 261328at2759         -            450   1.9e-06   23.3   3.0   1   2   1.3e-05    0.0002   16.6   0.5   125   200    88   171    80   190 0.84 -
scaffold00077:140854-141828 -            325 261328at2759         -            450   1.9e-06   23.3   3.0   2   2     0.012      0.19    6.9   0.1   149   188   216   256   179   265 0.76 -
scaffold00334:3498-4043     -            182 261328at2759         -            450   2.1e-06   23.2   0.0   1   1   1.5e-07   2.2e-06   23.1   0.0    91   152   118   181    42   182 0.79 -
scaffold01118:3802-4389     -            196 261328at2759         -            450   2.3e-06   23.1   0.0   1   2    0.0039     0.059    8.5   0.0    95   151     2    58     1    71 0.77 -
scaffold01118:3802-4389     -            196 261328at2759         -            450   2.3e-06   23.1   0.0   2   2   0.00021    0.0031   12.7   0.0    91   131   142   182   124   192 0.89 -
scaffold00148:3777-4379     -            201 261328at2759         -            450   2.9e-06   22.7   0.0   1   2    0.0037     0.057    8.6   0.1    95   151     2    58     1    71 0.78 -
scaffold00148:3777-4379     -            201 261328at2759         -            450   2.9e-06   22.7   0.0   2   2   0.00027    0.0041   12.3   0.0    91   131   142   182   128   193 0.87 -
scaffold00017:178892-179428 -            179 261328at2759         -            450     3e-06   22.7   1.3   1   2     0.013      0.19    6.8   0.1   171   193    17    39     1    51 0.62 -
scaffold00017:178892-179428 -            179 261328at2759         -            450     3e-06   22.7   1.3   2   2     3e-06   4.5e-05   18.8   0.9    91   189    15   136    12   155 0.75 -
scaffold00008:449819-450439 -            207 261328at2759         -            450   5.9e-06   21.7   0.1   1   2   2.3e-05   0.00035   15.9   0.0    95   149    35    91    25   104 0.42 -
scaffold00008:449819-450439 -            207 261328at2759         -            450   5.9e-06   21.7   0.1   2   2       0.1       1.6    3.8   0.0    74   113   144   185   124   191 0.68 -
scaffold00048:169683-170309 -            209 261328at2759         -            450   1.2e-05   20.7   0.7   1   2   7.9e-05    0.0012   14.1   0.1   152   188    26    62     1    70 0.77 -
scaffold00048:169683-170309 -            209 261328at2759         -            450   1.2e-05   20.7   0.7   2   2     0.032      0.49    5.5   0.1    79   179    97   204    90   209 0.70 -
scaffold00068:87232-88329   -            366 261328at2759         -            450   3.2e-05   19.3   0.3   1   4    0.0061     0.094    7.9   0.0   155   189     2    38     1    61 0.62 -
scaffold00068:87232-88329   -            366 261328at2759         -            450   3.2e-05   19.3   0.3   2   4       2.7        42   -0.9   0.0    57    71   131   145   106   152 0.67 -
scaffold00068:87232-88329   -            366 261328at2759         -            450   3.2e-05   19.3   0.3   3   4      0.16       2.4    3.2   0.0   156   185   234   264   226   274 0.75 -
scaffold00068:87232-88329   -            366 261328at2759         -            450   3.2e-05   19.3   0.3   4   4      0.16       2.4    3.2   0.0   131   155   300   324   286   334 0.83 -
scaffold00071:49109-49864   -            252 261328at2759         -            450   4.6e-05   18.8   0.7   1   2   1.9e-05   0.00029   16.1   0.1   154   202     1    49     1    60 0.92 -
scaffold00071:49109-49864   -            252 261328at2759         -            450   4.6e-05   18.8   0.7   2   2       1.1        17    0.4   0.0    25    42    62    79    53    84 0.64 -
scaffold00018:222992-223545 -            129 261328at2759         -            450   7.8e-05   18.0   0.1   1   2    0.0015     0.023    9.9   0.0    78   187    19    52    11    59 0.56 -
scaffold00018:222992-223545 -            129 261328at2759         -            450   7.8e-05   18.0   0.1   2   2     0.017      0.25    6.4   0.0    90   115    58    83    53    92 0.70 -
scaffold00208:7421-7948     -            176 261328at2759         -            450   7.9e-05   18.0   1.0   1   3     0.023      0.35    6.0   0.0   174   221     1    48     1    52 0.94 -
scaffold00208:7421-7948     -            176 261328at2759         -            450   7.9e-05   18.0   1.0   2   3    0.0046      0.07    8.3   0.5   116   187    61   136    49   147 0.51 -
scaffold00208:7421-7948     -            176 261328at2759         -            450   7.9e-05   18.0   1.0   3   3       2.7        41   -0.8   0.0   160   178   154   172   146   175 0.86 -
scaffold00125:27543-28322   -            260 261328at2759         -            450     8e-05   18.0   0.1   1   1   8.5e-06   0.00013   17.3   0.1   130   197    42   116    12   151 0.75 -
scaffold00133:50143-50958   -            272 261328at2759         -            450   0.00016   17.0   3.3   1   3    0.0027     0.041    9.0   0.1   177   215     4    46     1    61 0.73 -
scaffold00133:50143-50958   -            272 261328at2759         -            450   0.00016   17.0   3.3   2   3       5.5        84   -1.9   0.0   171   200    92   121    69   137 0.69 -
scaffold00133:50143-50958   -            272 261328at2759         -            450   0.00016   17.0   3.3   3   3     0.015      0.23    6.6   0.2    79   109   179   214   174   262 0.71 -
scaffold00068:88560-89183   -            208 261328at2759         -            450   0.00023   16.5   0.5   1   1   0.00018    0.0027   13.0   0.4   156   227    16    94     1   119 0.54 -
scaffold00013:187998-188648 -            217 261328at2759         -            450   0.00025   16.4   2.3   1   2    0.0028     0.043    9.0   0.1   155   188    16    49     7    54 0.86 -
scaffold00013:187998-188648 -            217 261328at2759         -            450   0.00025   16.4   2.3   2   2      0.02       0.3    6.2   0.2    74   186    75   197    60   206 0.56 -
scaffold00369:19512-20006   -            165 261328at2759         -            450   0.00034   15.9   0.0   1   1     7e-05    0.0011   14.3   0.0    91   148    43   105    25   110 0.73 -
scaffold00071:50430-50894   -            155 261328at2759         -            450   0.00086   14.6   0.0   1   2   0.00013     0.002   13.3   0.0   170   199    31    60    14    95 0.77 -
scaffold00071:50430-50894   -            155 261328at2759         -            450   0.00086   14.6   0.0   2   2       4.7        72   -1.6   0.0   275   307    91   121    85   125 0.74 -
scaffold01086:2289-2786     -            166 261328at2759         -            450    0.0011   14.3   0.1   1   1   9.2e-05    0.0014   13.9   0.1    94   206    22   144    16   155 0.77 -
scaffold00007:611021-612172 -            384 261328at2759         -            450    0.0018   13.6   0.1   1   1   0.00016    0.0024   13.1   0.1   154   190   192   228   152   332 0.68 -
scaffold00122:140236-140910 -            225 261328at2759         -            450     0.014   10.6   0.0   1   1    0.0016     0.024    9.8   0.0    79   114   150   185   135   223 0.78 -
#
# Program:         hmmsearch
# Version:         3.1b2 (February 2015)
# Pipeline mode:   SEARCH
# Query file:      /Users/aholzer/ownCloud/PhD/Publications/2021 Liavero-Pasquina et al./analysis/TPP_aptamer_search/busco_downloads/lineages/eukaryota_odb10/hmms/261328at2759.hmm
# Target file:     /Users/aholzer/ownCloud/PhD/Publications/2021 Liavero-Pasquina et al./analysis/TPP_aptamer_search/genomes/BUSCO_eukaryota_obd10/Synedra_acus_sac1/run_eukaryota_odb10/metaeuk_output/initial_results/sac.scaffolds.fna.modified.fas
# Option settings: hmmsearch --domtblout /Users/aholzer/ownCloud/PhD/Publications/2021 Liavero-Pasquina et al./analysis/TPP_aptamer_search/genomes/BUSCO_eukaryota_obd10/Synedra_acus_sac1/run_eukaryota_odb10/hmmer_output/initial_run_results/261328at2759.out --cpu 1 /Users/aholzer/ownCloud/PhD/Publications/2021 Liavero-Pasquina et al./analysis/TPP_aptamer_search/busco_downloads/lineages/eukaryota_odb10/hmms/261328at2759.hmm /Users/aholzer/ownCloud/PhD/Publications/2021 Liavero-Pasquina et al./analysis/TPP_aptamer_search/genomes/BUSCO_eukaryota_obd10/Synedra_acus_sac1/run_eukaryota_odb10/metaeuk_output/initial_results/sac.scaffolds.fna.modified.fas 
# Current dir:     /Users/aholzer/ownCloud/PhD/Publications/2021 Liavero-Pasquina et al./analysis/TPP_aptamer_search
# Date:            Mon Apr 19 07:21:44 2021
# [ok]
