#                                                                                   --- full sequence --- -------------- this domain -------------   hmm coord   ali coord   env coord
# target name               accession   tlen query name           accession   qlen   E-value  score  bias   #  of  c-Evalue  i-Evalue  score  bias  from    to  from    to  from    to  acc description of target
#       ------------------- ---------- ----- -------------------- ---------- ----- --------- ------ ----- --- --- --------- --------- ------ ----- ----- ----- ----- ----- ----- ----- ---- ---------------------
scaffold00030:243858-245288 -            477 858842at2759         -            236   2.3e-60  200.6  31.5   1   4   3.4e-29     1e-27   93.7   0.7     4    71     1    72     1    77 0.92 -
scaffold00030:243858-245288 -            477 858842at2759         -            236   2.3e-60  200.6  31.5   2   4     0.022      0.66    5.9   0.0    81   103   110   132   103   138 0.85 -
scaffold00030:243858-245288 -            477 858842at2759         -            236   2.3e-60  200.6  31.5   3   4   8.3e-24   2.5e-22   76.0  11.1   106   195   155   245   148   285 0.82 -
scaffold00030:243858-245288 -            477 858842at2759         -            236   2.3e-60  200.6  31.5   4   4   3.2e-11   9.6e-10   34.8   4.0   152   225   402   474   373   477 0.75 -
scaffold00030:247945-248844 -            300 858842at2759         -            236   1.7e-51  171.5  20.3   1   3   1.6e-29   4.9e-28   94.7   0.7     4    71     1    72     1    77 0.92 -
scaffold00030:247945-248844 -            300 858842at2759         -            236   1.7e-51  171.5  20.3   2   3     0.056       1.7    4.6   0.0    81   103   110   132   102   138 0.85 -
scaffold00030:247945-248844 -            300 858842at2759         -            236   1.7e-51  171.5  20.3   3   3     7e-24   2.1e-22   76.3  11.6   106   195   155   245   148   286 0.82 -
scaffold00339:27630-27830   -             67 858842at2759         -            236   8.2e-29   97.3   0.8   1   1   2.9e-30   8.7e-29   97.2   0.8     4    68     1    65     1    67 0.97 -
scaffold00530:15456-15656   -             67 858842at2759         -            236   8.2e-29   97.3   0.8   1   1   2.9e-30   8.7e-29   97.2   0.8     4    68     1    65     1    67 0.97 -
scaffold00123:107650-107850 -             67 858842at2759         -            236   7.1e-25   84.4   0.1   1   1   2.5e-26   7.6e-25   84.3   0.1     1    67     1    67     1    67 0.98 -
scaffold00008:507877-508617 -            247 858842at2759         -            236     1e-23   80.6   6.6   1   2   1.5e-17   4.6e-16   55.5   1.0     4   100     8   100     5   146 0.83 -
scaffold00008:507877-508617 -            247 858842at2759         -            236     1e-23   80.6   6.6   2   2   2.3e-08   6.9e-07   25.5   3.6   103   191   148   244   109   247 0.80 -
scaffold00001:457476-458584 -            347 858842at2759         -            236   1.6e-23   79.9   0.6   1   1   9.8e-25     3e-23   79.1   0.6     3    71    11    77     9    87 0.94 -
scaffold00663:14148-15143   -            332 858842at2759         -            236   3.9e-23   78.7   0.3   1   1   1.8e-24   5.5e-23   78.2   0.3     2   120    21   127    20   135 0.89 -
scaffold00918:5496-6491     -            332 858842at2759         -            236   8.4e-23   77.6   0.2   1   1     4e-24   1.2e-22   77.1   0.2     2   120    21   127    20   135 0.89 -
scaffold00030:255775-255960 -             62 858842at2759         -            236   1.9e-22   76.4   0.2   1   1   7.1e-24   2.2e-22   76.2   0.2     1    58     1    62     1    62 0.89 -
scaffold00081:11410-11712   -            101 858842at2759         -            236   2.7e-22   75.9   0.2   1   1   1.1e-23   3.2e-22   75.7   0.2     5    85     1    82     1   100 0.79 -
scaffold00028:82083-82430   -            116 858842at2759         -            236   3.9e-22   75.4   0.1   1   1   1.5e-23   4.7e-22   75.1   0.1     3    71    11    77     9    82 0.93 -
scaffold00008:373035-373211 -             59 858842at2759         -            236   5.6e-22   74.9   0.3   1   1     2e-23   6.1e-22   74.8   0.3     5    67     1    58     1    59 0.98 -
scaffold00831:15718-16035   -            106 858842at2759         -            236   1.1e-21   73.9   0.4   1   1   3.9e-23   1.2e-21   73.8   0.4     5    71     1    67     1    91 0.88 -
scaffold00008:368894-373229 -            368 858842at2759         -            236   2.2e-21   72.9   0.3   1   1   1.3e-22   3.9e-21   72.1   0.1     3    70     5    67     3    74 0.93 -
scaffold00922:10766-11659   -            298 858842at2759         -            236     1e-20   70.8   0.5   1   1   4.2e-22   1.3e-20   70.4   0.5     4    69     2    66     1    75 0.91 -
scaffold00453:13933-14277   -            115 858842at2759         -            236   1.1e-20   70.7   0.3   1   1   3.5e-22   1.1e-20   70.7   0.3     5    72     1    68     1   112 0.88 -
scaffold00568:15264-16364   -            367 858842at2759         -            236     3e-20   69.2   0.0   1   1   1.3e-21   4.1e-20   68.8   0.0     3    67     3    66     1    98 0.93 -
scaffold00014:151483-152823 -            447 858842at2759         -            236     1e-19   67.5   0.6   1   1   3.3e-21     1e-19   67.5   0.6     3    69    95   160    93   182 0.88 -
scaffold00224:33495-33728   -             78 858842at2759         -            236   1.3e-19   67.1   0.3   1   1   4.6e-21   1.4e-19   67.1   0.3     5    73     1    68     1    77 0.91 -
scaffold00022:123418-123612 -             65 858842at2759         -            236   1.5e-19   66.9   0.0   1   1   5.4e-21   1.6e-19   66.8   0.0     4    68     1    63     1    65 0.95 -
scaffold00224:31005-32123   -            373 858842at2759         -            236   2.2e-19   66.4   0.3   1   3   7.2e-21   2.2e-19   66.4   0.3     2    73     4    74     3    91 0.89 -
scaffold00224:31005-32123   -            373 858842at2759         -            236   2.2e-19   66.4   0.3   2   3         3        91   -1.1   0.7   144   176   133   166   116   197 0.51 -
scaffold00224:31005-32123   -            373 858842at2759         -            236   2.2e-19   66.4   0.3   3   3       1.9        56   -0.4   0.0   106   173   278   346   252   371 0.62 -
scaffold00005:854006-854185 -             60 858842at2759         -            236   3.1e-19   65.9   1.2   1   1   1.1e-20   3.4e-19   65.8   1.2     5    66     1    60     1    60 0.98 -
scaffold00014:138809-138988 -             60 858842at2759         -            236   8.2e-19   64.5   0.7   1   1   2.8e-20   8.6e-19   64.5   0.7     4    62     3    60     1    60 0.92 -
scaffold00251:30056-31366   -            437 858842at2759         -            236     9e-18   61.1   0.3   1   1     3e-19     9e-18   61.1   0.3     4    69    96   160    93   174 0.89 -
scaffold00258:2654-3484     -            277 858842at2759         -            236   1.3e-17   60.6   0.0   1   1   5.9e-19   1.8e-17   60.2   0.0     4    72     2    66     1    96 0.84 -
scaffold00215:71122-72249   -            376 858842at2759         -            236   1.5e-17   60.4   6.4   1   2     5e-19   1.5e-17   60.4   6.4     2    79     8    86     7   209 0.77 -
scaffold00215:71122-72249   -            376 858842at2759         -            236   1.5e-17   60.4   6.4   2   2      0.73        22    0.9   0.2   174   221   337   362   270   374 0.66 -
scaffold00694:26450-26848   -            133 858842at2759         -            236   1.6e-17   60.3   0.0   1   1   5.7e-19   1.7e-17   60.2   0.0     3    68     3    66     1    90 0.92 -
scaffold00738:167-565       -            133 858842at2759         -            236   1.6e-17   60.3   0.0   1   1   5.7e-19   1.7e-17   60.2   0.0     3    68     3    66     1    90 0.92 -
scaffold00006:566969-567163 -             65 858842at2759         -            236   1.9e-17   60.0   0.7   1   1   7.1e-19   2.1e-17   59.9   0.7     5    57     5    64     1    65 0.84 -
scaffold00889:17833-18912   -            360 858842at2759         -            236   2.5e-17   59.7   1.3   1   1   1.3e-18   3.8e-17   59.1   1.3     4    69    16    85    14   127 0.86 -
scaffold00121:49101-49694   -            198 858842at2759         -            236   3.1e-16   56.1   1.6   1   1   1.5e-17   4.4e-16   55.6   1.6     4    68     2    72     1    87 0.85 -
scaffold02173:1779-1982     -             68 858842at2759         -            236   3.3e-16   56.0   2.0   1   1   1.2e-17   3.8e-16   55.8   2.0     5    66     1    68     1    68 0.86 -
scaffold00320:68725-68892   -             56 858842at2759         -            236   3.2e-14   49.5   0.0   1   1   1.2e-15   3.6e-14   49.3   0.0     4    56     1    51     1    55 0.96 -
scaffold00030:39697-39861   -             55 858842at2759         -            236   3.3e-14   49.5   0.0   1   1   1.1e-15   3.4e-14   49.4   0.0     4    56     1    51     1    55 0.96 -
scaffold00528:1035-1220     -             62 858842at2759         -            236   1.8e-13   47.0   0.7   1   1   6.6e-15     2e-13   46.9   0.7     3    66     1    62     1    62 0.92 -
scaffold00078:105802-106809 -            336 858842at2759         -            236   2.5e-12   43.3   2.9   1   1   1.2e-13   3.5e-12   42.8   2.9    14    69     1    60     1   102 0.86 -
scaffold00090:8217-8834     -            206 858842at2759         -            236   2.6e-12   43.3   0.1   1   1   1.1e-13   3.2e-12   42.9   0.1     3    67    40   100    38   131 0.91 -
scaffold00010:629303-629455 -             51 858842at2759         -            236   7.5e-11   38.5   0.0   1   1   2.5e-12   7.5e-11   38.5   0.0     9    56     2    50     1    51 0.87 -
scaffold00081:7224-7529     -            102 858842at2759         -            236   9.5e-10   34.9   0.0   1   1   3.8e-11   1.2e-09   34.6   0.0     4    78     4    84     2   100 0.75 -
scaffold00029:151046-151177 -             44 858842at2759         -            236   2.6e-09   33.4   0.1   1   1   9.5e-11   2.9e-09   33.3   0.1    19    66     1    44     1    44 0.94 -
scaffold00079:140608-140715 -             36 858842at2759         -            236     1e-08   31.5   0.3   1   1   3.5e-10   1.1e-08   31.4   0.3    17    56     1    36     1    36 0.93 -
scaffold00063:110362-110544 -             61 858842at2759         -            236   1.1e-08   31.4   0.0   1   1   3.7e-10   1.1e-08   31.3   0.0     6    57     2    61     1    61 0.71 -
scaffold00007:389221-390033 -            271 858842at2759         -            236   5.3e-07   25.9   0.0   1   1   2.4e-08   7.3e-07   25.4   0.0    40    67     3    30     1    38 0.92 -
scaffold01439:3708-3872     -             55 858842at2759         -            236   1.1e-05   21.6   0.0   1   1   3.6e-07   1.1e-05   21.6   0.0     2    56     2    55     1    55 0.89 -
scaffold00591:21220-21717   -            166 858842at2759         -            236   0.00027   17.0   0.0   1   2   4.9e-05    0.0015   14.6   0.0    14    64    14    69     1    86 0.79 -
scaffold00591:21220-21717   -            166 858842at2759         -            236   0.00027   17.0   0.0   2   2       1.2        37    0.2   0.1   170   209   102   139    98   147 0.65 -
scaffold00008:455718-456566 -            283 858842at2759         -            236   0.00046   16.2   0.0   1   1   2.5e-05   0.00075   15.6   0.0    45    67     1    23     1    33 0.94 -
scaffold00122:109005-109502 -            166 858842at2759         -            236   0.00051   16.1   0.0   1   2   3.6e-05    0.0011   15.0   0.0    14    64    14    69     1    82 0.79 -
scaffold00122:109005-109502 -            166 858842at2759         -            236   0.00051   16.1   0.0   2   2       6.4   1.9e+02   -2.2   0.1   179   208   111   138   100   144 0.46 -
#
# Program:         hmmsearch
# Version:         3.1b2 (February 2015)
# Pipeline mode:   SEARCH
# Query file:      /Users/aholzer/ownCloud/PhD/Publications/2021 Liavero-Pasquina et al./analysis/TPP_aptamer_search/busco_downloads/lineages/eukaryota_odb10/hmms/858842at2759.hmm
# Target file:     /Users/aholzer/ownCloud/PhD/Publications/2021 Liavero-Pasquina et al./analysis/TPP_aptamer_search/genomes/BUSCO_eukaryota_obd10/Synedra_acus_sac1/run_eukaryota_odb10/metaeuk_output/initial_results/sac.scaffolds.fna.modified.fas
# Option settings: hmmsearch --domtblout /Users/aholzer/ownCloud/PhD/Publications/2021 Liavero-Pasquina et al./analysis/TPP_aptamer_search/genomes/BUSCO_eukaryota_obd10/Synedra_acus_sac1/run_eukaryota_odb10/hmmer_output/initial_run_results/858842at2759.out --cpu 1 /Users/aholzer/ownCloud/PhD/Publications/2021 Liavero-Pasquina et al./analysis/TPP_aptamer_search/busco_downloads/lineages/eukaryota_odb10/hmms/858842at2759.hmm /Users/aholzer/ownCloud/PhD/Publications/2021 Liavero-Pasquina et al./analysis/TPP_aptamer_search/genomes/BUSCO_eukaryota_obd10/Synedra_acus_sac1/run_eukaryota_odb10/metaeuk_output/initial_results/sac.scaffolds.fna.modified.fas 
# Current dir:     /Users/aholzer/ownCloud/PhD/Publications/2021 Liavero-Pasquina et al./analysis/TPP_aptamer_search
# Date:            Mon Apr 19 07:22:18 2021
# [ok]
