#                                                                                    --- full sequence --- -------------- this domain -------------   hmm coord   ali coord   env coord
# target name                accession   tlen query name           accession   qlen   E-value  score  bias   #  of  c-Evalue  i-Evalue  score  bias  from    to  from    to  from    to  acc description of target
#        ------------------- ---------- ----- -------------------- ---------- ----- --------- ------ ----- --- --- --------- --------- ------ ----- ----- ----- ----- ----- ----- ----- ---- ---------------------
BDSP01000207_1:381237-382232 -            332 1096688at2759        -            221   1.5e-92  305.9   2.2   1   2   1.7e-36   4.8e-34  114.6   0.0     1    84    26   120    26   129 0.90 -
BDSP01000207_1:381237-382232 -            332 1096688at2759        -            221   1.5e-92  305.9   2.2   2   2   1.2e-59   3.3e-57  190.3   0.6    82   213   139   286   126   293 0.88 -
BDSP01000273_1:8194-9180     -            329 1096688at2759        -            221     6e-92  303.9   2.5   1   2   9.2e-37   2.6e-34  115.4   0.0     1    83    26   119    26   125 0.90 -
BDSP01000273_1:8194-9180     -            329 1096688at2759        -            221     6e-92  303.9   2.5   2   2   7.9e-59   2.2e-56  187.6   0.8    82   213   139   286   126   293 0.88 -
BDSP01000097_1:111280-112017 -            246 1096688at2759        -            221   1.4e-16   57.5   0.1   1   2   1.5e-10   4.1e-08   29.8   0.0     4    82    24   114    22   117 0.77 -
BDSP01000097_1:111280-112017 -            246 1096688at2759        -            221   1.4e-16   57.5   0.1   2   2   3.2e-09     9e-07   25.4   0.0    83   158   135   212   132   229 0.89 -
BDSP01000251_1:93310-93858   -            183 1096688at2759        -            221   2.7e-16   56.5   0.1   1   2   9.7e-12   2.8e-09   33.6   0.0    15    82    23    92     1    97 0.78 -
BDSP01000251_1:93310-93858   -            183 1096688at2759        -            221   2.7e-16   56.5   0.1   2   2   7.3e-08   2.1e-05   20.9   0.0    83   154   110   183   105   183 0.90 -
BDSP01000218_1:74794-75120   -            109 1096688at2759        -            221   4.1e-16   55.9   0.0   1   1   1.7e-18   4.8e-16   55.7   0.0     3    94     3   109     1   109 0.80 -
BDSP01000242_1:67660-67986   -            109 1096688at2759        -            221   6.6e-16   55.3   0.0   1   1   2.7e-18   7.7e-16   55.0   0.0     3    94     3   109     1   109 0.79 -
#
# Program:         hmmsearch
# Version:         3.1b2 (February 2015)
# Pipeline mode:   SEARCH
# Query file:      /Users/aholzer/ownCloud/PhD/Publications/2021 Liavero-Pasquina et al./analysis/TPP_aptamer_search/busco_downloads/lineages/eukaryota_odb10/hmms/1096688at2759.hmm
# Target file:     /Users/aholzer/ownCloud/PhD/Publications/2021 Liavero-Pasquina et al./analysis/TPP_aptamer_search/genomes/BUSCO_eukaryota_obd10/Fistulifera_solaris_Fsol_1.0/run_eukaryota_odb10/metaeuk_output/initial_results/GCA_002217885.1_Fsol_1.0_genomic.fna.modified.fas
# Option settings: hmmsearch --domtblout /Users/aholzer/ownCloud/PhD/Publications/2021 Liavero-Pasquina et al./analysis/TPP_aptamer_search/genomes/BUSCO_eukaryota_obd10/Fistulifera_solaris_Fsol_1.0/run_eukaryota_odb10/hmmer_output/initial_run_results/1096688at2759.out --cpu 1 /Users/aholzer/ownCloud/PhD/Publications/2021 Liavero-Pasquina et al./analysis/TPP_aptamer_search/busco_downloads/lineages/eukaryota_odb10/hmms/1096688at2759.hmm /Users/aholzer/ownCloud/PhD/Publications/2021 Liavero-Pasquina et al./analysis/TPP_aptamer_search/genomes/BUSCO_eukaryota_obd10/Fistulifera_solaris_Fsol_1.0/run_eukaryota_odb10/metaeuk_output/initial_results/GCA_002217885.1_Fsol_1.0_genomic.fna.modified.fas 
# Current dir:     /Users/aholzer/ownCloud/PhD/Publications/2021 Liavero-Pasquina et al./analysis/TPP_aptamer_search
# Date:            Sun Apr 18 09:13:43 2021
# [ok]
