#                                                                                  --- full sequence --- -------------- this domain -------------   hmm coord   ali coord   env coord
# target name              accession   tlen query name           accession   qlen   E-value  score  bias   #  of  c-Evalue  i-Evalue  score  bias  from    to  from    to  from    to  acc description of target
#      ------------------- ---------- ----- -------------------- ---------- ----- --------- ------ ----- --- --- --------- --------- ------ ----- ----- ----- ----- ----- ----- ----- ---- ---------------------
BDSP01000172_1:47344-49555 -            711 1370285at2759        -            439   1.1e-29   99.9  22.1   1   5   3.4e-06    0.0029   12.7   4.7     2    88    11   104    10   125 0.82 -
BDSP01000172_1:47344-49555 -            711 1370285at2759        -            439   1.1e-29   99.9  22.1   2   5   2.6e-29   2.2e-26   88.9   2.0    78   266   118   318    89   319 0.80 -
BDSP01000172_1:47344-49555 -            711 1370285at2759        -            439   1.1e-29   99.9  22.1   3   5      0.11        91   -2.1   0.0   263   276   366   379   350   382 0.85 -
BDSP01000172_1:47344-49555 -            711 1370285at2759        -            439   1.1e-29   99.9  22.1   4   5    0.0019       1.6    3.7   0.1   283   352   414   480   407   558 0.66 -
BDSP01000172_1:47344-49555 -            711 1370285at2759        -            439   1.1e-29   99.9  22.1   5   5    0.0017       1.5    3.8   0.1   383   429   570   617   556   622 0.82 -
BDSP01000125_1:14610-16821 -            711 1370285at2759        -            439   6.7e-28   93.9  22.4   1   5   1.7e-06    0.0014   13.8   5.4     2    88    11   104    10   111 0.82 -
BDSP01000125_1:14610-16821 -            711 1370285at2759        -            439   6.7e-28   93.9  22.4   2   5   3.5e-29     3e-26   88.5   0.8    78   266   118   318   108   319 0.84 -
BDSP01000125_1:14610-16821 -            711 1370285at2759        -            439   6.7e-28   93.9  22.4   3   5      0.14   1.2e+02   -2.5   0.0   263   276   366   379   360   381 0.88 -
BDSP01000125_1:14610-16821 -            711 1370285at2759        -            439   6.7e-28   93.9  22.4   4   5     0.019        16    0.4   0.1   284   306   415   437   408   558 0.72 -
BDSP01000125_1:14610-16821 -            711 1370285at2759        -            439   6.7e-28   93.9  22.4   5   5     0.021        18    0.2   0.1   383   424   570   612   555   622 0.77 -
#
# Program:         hmmsearch
# Version:         3.1b2 (February 2015)
# Pipeline mode:   SEARCH
# Query file:      /Users/aholzer/ownCloud/PhD/Publications/2021 Liavero-Pasquina et al./analysis/TPP_aptamer_search/busco_downloads/lineages/eukaryota_odb10/hmms/1370285at2759.hmm
# Target file:     /Users/aholzer/ownCloud/PhD/Publications/2021 Liavero-Pasquina et al./analysis/TPP_aptamer_search/genomes/BUSCO_eukaryota_obd10/Fistulifera_solaris_Fsol_1.0/run_eukaryota_odb10/metaeuk_output/initial_results/GCA_002217885.1_Fsol_1.0_genomic.fna.modified.fas
# Option settings: hmmsearch --domtblout /Users/aholzer/ownCloud/PhD/Publications/2021 Liavero-Pasquina et al./analysis/TPP_aptamer_search/genomes/BUSCO_eukaryota_obd10/Fistulifera_solaris_Fsol_1.0/run_eukaryota_odb10/hmmer_output/initial_run_results/1370285at2759.out --cpu 1 /Users/aholzer/ownCloud/PhD/Publications/2021 Liavero-Pasquina et al./analysis/TPP_aptamer_search/busco_downloads/lineages/eukaryota_odb10/hmms/1370285at2759.hmm /Users/aholzer/ownCloud/PhD/Publications/2021 Liavero-Pasquina et al./analysis/TPP_aptamer_search/genomes/BUSCO_eukaryota_obd10/Fistulifera_solaris_Fsol_1.0/run_eukaryota_odb10/metaeuk_output/initial_results/GCA_002217885.1_Fsol_1.0_genomic.fna.modified.fas 
# Current dir:     /Users/aholzer/ownCloud/PhD/Publications/2021 Liavero-Pasquina et al./analysis/TPP_aptamer_search
# Date:            Sun Apr 18 09:14:02 2021
# [ok]
