#                                                                                    --- full sequence --- -------------- this domain -------------   hmm coord   ali coord   env coord
# target name                accession   tlen query name           accession   qlen   E-value  score  bias   #  of  c-Evalue  i-Evalue  score  bias  from    to  from    to  from    to  acc description of target
#        ------------------- ---------- ----- -------------------- ---------- ----- --------- ------ ----- --- --- --------- --------- ------ ----- ----- ----- ----- ----- ----- ----- ---- ---------------------
BDSP01000084_1:77253-78917   -            555 330169at2759         -            351   4.1e-71  236.5  29.2   1   3   1.2e-50   3.4e-48  161.2  23.5     3   221    44   308    42   326 0.73 -
BDSP01000084_1:77253-78917   -            555 330169at2759         -            351   4.1e-71  236.5  29.2   2   3   6.1e-14   1.7e-11   40.4   0.0   227   268   346   387   339   394 0.92 -
BDSP01000084_1:77253-78917   -            555 330169at2759         -            351   4.1e-71  236.5  29.2   3   3   6.4e-12   1.8e-09   33.8   0.0   269   318   417   476   411   480 0.78 -
BDSP01000170_1:93647-95173   -            509 330169at2759         -            351   2.1e-70  234.2  27.7   1   4   1.9e-50   5.3e-48  160.5  21.8     8   220     2   261     1   279 0.75 -
BDSP01000170_1:93647-95173   -            509 330169at2759         -            351   2.1e-70  234.2  27.7   2   4   6.2e-14   1.8e-11   40.4   0.0   226   268   299   341   293   346 0.92 -
BDSP01000170_1:93647-95173   -            509 330169at2759         -            351   2.1e-70  234.2  27.7   3   4   2.1e-11   5.9e-09   32.1   0.0   269   318   371   430   365   435 0.79 -
BDSP01000170_1:93647-95173   -            509 330169at2759         -            351   2.1e-70  234.2  27.7   4   4       2.3   6.5e+02   -4.2   0.0   320   339   456   475   454   478 0.78 -
BDSP01000041_1:55209-57095   -            629 330169at2759         -            351   8.9e-16   54.5  10.3   1   2   1.2e-11   3.5e-09   32.9   3.9   126   222   194   297   183   307 0.72 -
BDSP01000041_1:55209-57095   -            629 330169at2759         -            351   8.9e-16   54.5  10.3   2   2     3e-09   8.5e-07   25.0   0.5   224   304   375   458   368   465 0.75 -
BDSP01000148_1:50363-52246   -            628 330169at2759         -            351   9.9e-16   54.4  10.3   1   2   1.3e-11   3.7e-09   32.8   4.1   119   222   186   296   181   306 0.80 -
BDSP01000148_1:50363-52246   -            628 330169at2759         -            351   9.9e-16   54.4  10.3   2   2   3.3e-09   9.4e-07   24.9   0.4   224   273   374   423   367   463 0.75 -
BDSP01000089_1:130916-131827 -            304 330169at2759         -            351   8.9e-09   31.5   0.9   1   2      0.36     1e+02   -1.5   0.8   141   165   127   151    79   180 0.55 -
BDSP01000089_1:130916-131827 -            304 330169at2759         -            351   8.9e-09   31.5   0.9   2   2   3.2e-11   8.9e-09   31.5   0.9   160   259   190   302   178   304 0.79 -
BDSP01000246_1:12593-13522   -            310 330169at2759         -            351   9.8e-06   21.5  14.1   1   2       2.4   6.8e+02   -4.3   6.1   102   166    91   160    44   184 0.64 -
BDSP01000246_1:12593-13522   -            310 330169at2759         -            351   9.8e-06   21.5  14.1   2   2   7.7e-08   2.2e-05   20.4  12.1   160   257   198   308    82   310 0.84 -
#
# Program:         hmmsearch
# Version:         3.1b2 (February 2015)
# Pipeline mode:   SEARCH
# Query file:      /Users/aholzer/ownCloud/PhD/Publications/2021 Liavero-Pasquina et al./analysis/TPP_aptamer_search/busco_downloads/lineages/eukaryota_odb10/hmms/330169at2759.hmm
# Target file:     /Users/aholzer/ownCloud/PhD/Publications/2021 Liavero-Pasquina et al./analysis/TPP_aptamer_search/genomes/BUSCO_eukaryota_obd10/Fistulifera_solaris_Fsol_1.0/run_eukaryota_odb10/metaeuk_output/initial_results/GCA_002217885.1_Fsol_1.0_genomic.fna.modified.fas
# Option settings: hmmsearch --domtblout /Users/aholzer/ownCloud/PhD/Publications/2021 Liavero-Pasquina et al./analysis/TPP_aptamer_search/genomes/BUSCO_eukaryota_obd10/Fistulifera_solaris_Fsol_1.0/run_eukaryota_odb10/hmmer_output/initial_run_results/330169at2759.out --cpu 1 /Users/aholzer/ownCloud/PhD/Publications/2021 Liavero-Pasquina et al./analysis/TPP_aptamer_search/busco_downloads/lineages/eukaryota_odb10/hmms/330169at2759.hmm /Users/aholzer/ownCloud/PhD/Publications/2021 Liavero-Pasquina et al./analysis/TPP_aptamer_search/genomes/BUSCO_eukaryota_obd10/Fistulifera_solaris_Fsol_1.0/run_eukaryota_odb10/metaeuk_output/initial_results/GCA_002217885.1_Fsol_1.0_genomic.fna.modified.fas 
# Current dir:     /Users/aholzer/ownCloud/PhD/Publications/2021 Liavero-Pasquina et al./analysis/TPP_aptamer_search
# Date:            Sun Apr 18 09:14:32 2021
# [ok]
