#                                                                                    --- full sequence --- -------------- this domain -------------   hmm coord   ali coord   env coord
# target name                accession   tlen query name           accession   qlen   E-value  score  bias   #  of  c-Evalue  i-Evalue  score  bias  from    to  from    to  from    to  acc description of target
#        ------------------- ---------- ----- -------------------- ---------- ----- --------- ------ ----- --- --- --------- --------- ------ ----- ----- ----- ----- ----- ----- ----- ---- ---------------------
BDSP01000074_1:250645-252291 -            549 891751at2759         -            251   5.9e-61  202.9   1.2   1   2      0.33        93   -0.8   0.0    21    36   143   158   122   171 0.76 -
BDSP01000074_1:250645-252291 -            549 891751at2759         -            251   5.9e-61  202.9   1.2   2   2   6.8e-63   1.9e-60  201.2   0.4    45   245   265   482   248   487 0.88 -
BDSP01000111_1:6416-8065     -            550 891751at2759         -            251   2.5e-60  200.9   1.3   1   2      0.31        89   -0.8   0.0    21    36   144   159   128   179 0.76 -
BDSP01000111_1:6416-8065     -            550 891751at2759         -            251   2.5e-60  200.9   1.3   2   2     3e-62   8.5e-60  199.1   0.6    46   245   267   483   249   488 0.87 -
BDSP01000017_1:11717-13504   -            596 891751at2759         -            251   8.2e-14   48.5   0.6   1   2      0.59   1.7e+02   -1.6   0.0    16    49    63    96    59   113 0.82 -
BDSP01000017_1:11717-13504   -            596 891751at2759         -            251   8.2e-14   48.5   0.6   2   2   1.1e-15   3.1e-13   46.6   0.1   150   237   431   526   417   535 0.88 -
BDSP01000199_1:24496-26283   -            596 891751at2759         -            251   1.1e-13   48.1   0.9   1   2      0.59   1.7e+02   -1.6   0.0    16    49    63    96    59   113 0.82 -
BDSP01000199_1:24496-26283   -            596 891751at2759         -            251   1.1e-13   48.1   0.9   2   2   1.2e-15   3.4e-13   46.5   0.3   150   237   431   526   417   535 0.88 -
BDSP01000225_1:135293-138274 -            994 891751at2759         -            251   6.2e-06   22.7   1.6   1   2     0.004       1.1    5.4   0.7   115   189   471   547   464   555 0.75 -
BDSP01000225_1:135293-138274 -            994 891751at2759         -            251   6.2e-06   22.7   1.6   2   2   3.3e-06   0.00095   15.5   0.0   206   242   590   626   562   631 0.82 -
BDSP01000144_1:97136-100126  -            997 891751at2759         -            251   0.00016   18.0   3.7   1   2     0.025       7.2    2.8   0.9   115   180   474   540   467   564 0.70 -
BDSP01000144_1:97136-100126  -            997 891751at2759         -            251   0.00016   18.0   3.7   2   2   4.7e-06    0.0013   15.1   0.1   213   242   600   629   564   634 0.82 -
#
# Program:         hmmsearch
# Version:         3.1b2 (February 2015)
# Pipeline mode:   SEARCH
# Query file:      /Users/aholzer/ownCloud/PhD/Publications/2021 Liavero-Pasquina et al./analysis/TPP_aptamer_search/busco_downloads/lineages/eukaryota_odb10/hmms/891751at2759.hmm
# Target file:     /Users/aholzer/ownCloud/PhD/Publications/2021 Liavero-Pasquina et al./analysis/TPP_aptamer_search/genomes/BUSCO_eukaryota_obd10/Fistulifera_solaris_Fsol_1.0/run_eukaryota_odb10/metaeuk_output/initial_results/GCA_002217885.1_Fsol_1.0_genomic.fna.modified.fas
# Option settings: hmmsearch --domtblout /Users/aholzer/ownCloud/PhD/Publications/2021 Liavero-Pasquina et al./analysis/TPP_aptamer_search/genomes/BUSCO_eukaryota_obd10/Fistulifera_solaris_Fsol_1.0/run_eukaryota_odb10/hmmer_output/initial_run_results/891751at2759.out --cpu 1 /Users/aholzer/ownCloud/PhD/Publications/2021 Liavero-Pasquina et al./analysis/TPP_aptamer_search/busco_downloads/lineages/eukaryota_odb10/hmms/891751at2759.hmm /Users/aholzer/ownCloud/PhD/Publications/2021 Liavero-Pasquina et al./analysis/TPP_aptamer_search/genomes/BUSCO_eukaryota_obd10/Fistulifera_solaris_Fsol_1.0/run_eukaryota_odb10/metaeuk_output/initial_results/GCA_002217885.1_Fsol_1.0_genomic.fna.modified.fas 
# Current dir:     /Users/aholzer/ownCloud/PhD/Publications/2021 Liavero-Pasquina et al./analysis/TPP_aptamer_search
# Date:            Sun Apr 18 09:15:14 2021
# [ok]
