#                                                                                    --- full sequence --- -------------- this domain -------------   hmm coord   ali coord   env coord
# target name                accession   tlen query name           accession   qlen   E-value  score  bias   #  of  c-Evalue  i-Evalue  score  bias  from    to  from    to  from    to  acc description of target
#        ------------------- ---------- ----- -------------------- ---------- ----- --------- ------ ----- --- --- --------- --------- ------ ----- ----- ----- ----- ----- ----- ----- ---- ---------------------
BDSP01000148_1:50363-52246   -            628 901894at2759         -            339   1.6e-40  135.7  42.5   1   3   6.3e-16   1.8e-13   46.8  15.8     1   123     8   166     8   219 0.69 -
BDSP01000148_1:50363-52246   -            628 901894at2759         -            339   1.6e-40  135.7  42.5   2   3   9.1e-15   2.6e-12   43.0   6.6   143   212   226   299   202   306 0.90 -
BDSP01000148_1:50363-52246   -            628 901894at2759         -            339   1.6e-40  135.7  42.5   3   3     2e-15   5.8e-13   45.1   5.4   213   317   378   515   370   531 0.69 -
BDSP01000041_1:55209-57095   -            629 901894at2759         -            339   3.6e-40  134.6  43.2   1   3     2e-14   5.6e-12   41.8  16.6     1   123    10   167    10   173 0.69 -
BDSP01000041_1:55209-57095   -            629 901894at2759         -            339   3.6e-40  134.6  43.2   2   3   4.5e-16   1.3e-13   47.2   5.1   139   212   223   300   186   308 0.88 -
BDSP01000041_1:55209-57095   -            629 901894at2759         -            339   3.6e-40  134.6  43.2   3   3   2.2e-15   6.3e-13   45.0   5.7   213   317   379   516   371   532 0.69 -
BDSP01000084_1:77253-78917   -            555 901894at2759         -            339   2.6e-09   33.1  24.5   1   3       0.6   1.7e+02   -2.5   8.7    85   143   154   213   125   239 0.64 -
BDSP01000084_1:77253-78917   -            555 901894at2759         -            339   2.6e-09   33.1  24.5   2   3   3.4e-06   0.00096   14.8  11.7   117   207   221   308   200   329 0.77 -
BDSP01000084_1:77253-78917   -            555 901894at2759         -            339   2.6e-09   33.1  24.5   3   3   2.6e-08   7.5e-06   21.7   0.0   213   247   347   381   335   389 0.85 -
BDSP01000170_1:93647-95173   -            509 901894at2759         -            339   3.5e-09   32.7  27.3   1   3      0.44   1.3e+02   -2.0  12.8    78   166   103   189    53   196 0.62 -
BDSP01000170_1:93647-95173   -            509 901894at2759         -            339   3.5e-09   32.7  27.3   2   3   8.1e-08   2.3e-05   20.1   3.6   146   204   200   258   193   283 0.79 -
BDSP01000170_1:93647-95173   -            509 901894at2759         -            339   3.5e-09   32.7  27.3   3   3   2.9e-08   8.3e-06   21.6   0.1   213   247   301   335   288   341 0.85 -
BDSP01000246_1:12593-13522   -            310 901894at2759         -            339   0.00021   17.0  26.7   1   2    0.0027      0.77    5.2   4.0    22    65     8    55     5   105 0.79 -
BDSP01000246_1:12593-13522   -            310 901894at2759         -            339   0.00021   17.0  26.7   2   2   1.8e-06   0.00051   15.7  15.7    74   243   114   309    92   310 0.62 -
BDSP01000089_1:130916-131827 -            304 901894at2759         -            339   0.00081   15.0  26.2   1   2    0.0031      0.89    5.0   2.8    23    64     1    46     1    67 0.71 -
BDSP01000089_1:130916-131827 -            304 901894at2759         -            339   0.00081   15.0  26.2   2   2     3e-06   0.00084   15.0  15.5    72   244   104   302    73   304 0.63 -
#
# Program:         hmmsearch
# Version:         3.1b2 (February 2015)
# Pipeline mode:   SEARCH
# Query file:      /Users/aholzer/ownCloud/PhD/Publications/2021 Liavero-Pasquina et al./analysis/TPP_aptamer_search/busco_downloads/lineages/eukaryota_odb10/hmms/901894at2759.hmm
# Target file:     /Users/aholzer/ownCloud/PhD/Publications/2021 Liavero-Pasquina et al./analysis/TPP_aptamer_search/genomes/BUSCO_eukaryota_obd10/Fistulifera_solaris_Fsol_1.0/run_eukaryota_odb10/metaeuk_output/initial_results/GCA_002217885.1_Fsol_1.0_genomic.fna.modified.fas
# Option settings: hmmsearch --domtblout /Users/aholzer/ownCloud/PhD/Publications/2021 Liavero-Pasquina et al./analysis/TPP_aptamer_search/genomes/BUSCO_eukaryota_obd10/Fistulifera_solaris_Fsol_1.0/run_eukaryota_odb10/hmmer_output/initial_run_results/901894at2759.out --cpu 1 /Users/aholzer/ownCloud/PhD/Publications/2021 Liavero-Pasquina et al./analysis/TPP_aptamer_search/busco_downloads/lineages/eukaryota_odb10/hmms/901894at2759.hmm /Users/aholzer/ownCloud/PhD/Publications/2021 Liavero-Pasquina et al./analysis/TPP_aptamer_search/genomes/BUSCO_eukaryota_obd10/Fistulifera_solaris_Fsol_1.0/run_eukaryota_odb10/metaeuk_output/initial_results/GCA_002217885.1_Fsol_1.0_genomic.fna.modified.fas 
# Current dir:     /Users/aholzer/ownCloud/PhD/Publications/2021 Liavero-Pasquina et al./analysis/TPP_aptamer_search
# Date:            Sun Apr 18 09:15:15 2021
# [ok]
