#                                                                                    --- full sequence --- -------------- this domain -------------   hmm coord   ali coord   env coord
# target name                accession   tlen query name           accession   qlen   E-value  score  bias   #  of  c-Evalue  i-Evalue  score  bias  from    to  from    to  from    to  acc description of target
#        ------------------- ---------- ----- -------------------- ---------- ----- --------- ------ ----- --- --- --------- --------- ------ ----- ----- ----- ----- ----- ----- ----- ---- ---------------------
BDSP01000013_1:382980-385015 -            653 917326at2759         -            435   1.6e-96  320.2   7.4   1   3     5e-75   1.1e-72  241.7   0.2     6   222    44   284    42   299 0.89 -
BDSP01000013_1:382980-385015 -            653 917326at2759         -            435   1.6e-96  320.2   7.4   2   3   3.7e-11   7.9e-09   31.2   0.5   254   325   358   428   353   509 0.75 -
BDSP01000013_1:382980-385015 -            653 917326at2759         -            435   1.6e-96  320.2   7.4   3   3   9.7e-16   2.1e-13   46.3   0.1   361   435   555   649   538   649 0.75 -
BDSP01000080_1:212176-214201 -            650 917326at2759         -            435     3e-96  319.3   7.5   1   3   9.3e-75     2e-72  240.8   0.2     6   222    43   283    41   298 0.90 -
BDSP01000080_1:212176-214201 -            650 917326at2759         -            435     3e-96  319.3   7.5   2   3   3.2e-11   6.8e-09   31.4   0.5   254   314   355   415   314   507 0.76 -
BDSP01000080_1:212176-214201 -            650 917326at2759         -            435     3e-96  319.3   7.5   3   3     1e-15   2.1e-13   46.2   0.1   361   435   552   646   538   646 0.75 -
BDSP01000177_1:52587-53828   -            414 917326at2759         -            435   1.9e-29   99.1   1.2   1   3   8.8e-27   1.9e-24   82.7   0.0     7   224    10   259     7   276 0.81 -
BDSP01000177_1:52587-53828   -            414 917326at2759         -            435   1.9e-29   99.1   1.2   2   3     1e-05    0.0021   13.3   0.1   255   305   321   371   290   378 0.92 -
BDSP01000177_1:52587-53828   -            414 917326at2759         -            435   1.9e-29   99.1   1.2   3   3      0.12        25   -0.1   0.1   307   326   394   413   380   414 0.77 -
BDSP01000007_1:81404-82705   -            434 917326at2759         -            435   2.1e-29   99.0   1.8   1   3   6.1e-27   1.3e-24   83.2   0.0     7   223    30   278    26   291 0.81 -
BDSP01000007_1:81404-82705   -            434 917326at2759         -            435   2.1e-29   99.0   1.8   2   3   1.1e-05    0.0023   13.2   0.1   255   305   341   391   310   398 0.92 -
BDSP01000007_1:81404-82705   -            434 917326at2759         -            435   2.1e-29   99.0   1.8   3   3      0.13        27   -0.2   0.1   307   326   414   433   400   434 0.77 -
BDSP01000219_1:132372-134045 -            558 917326at2759         -            435   4.7e-24   81.3   1.1   1   3   7.3e-20   1.6e-17   59.9   0.0     9   223    16   258    12   278 0.73 -
BDSP01000219_1:132372-134045 -            558 917326at2759         -            435   4.7e-24   81.3   1.1   2   3   1.6e-06   0.00034   15.9   0.2   229   309   285   369   279   402 0.83 -
BDSP01000219_1:132372-134045 -            558 917326at2759         -            435   4.7e-24   81.3   1.1   3   3     0.017       3.7    2.6   0.0   392   417   509   534   450   548 0.71 -
BDSP01000131_1:24757-26430   -            558 917326at2759         -            435   6.2e-24   80.9   0.9   1   3   6.8e-20   1.4e-17   60.0   0.0     9   223    16   258    12   278 0.73 -
BDSP01000131_1:24757-26430   -            558 917326at2759         -            435   6.2e-24   80.9   0.9   2   3     2e-06   0.00043   15.6   0.2   229   308   285   368   279   402 0.85 -
BDSP01000131_1:24757-26430   -            558 917326at2759         -            435   6.2e-24   80.9   0.9   3   3     0.023       4.8    2.2   0.0   392   417   509   534   451   549 0.77 -
BDSP01000041_1:419759-420769 -            337 917326at2759         -            435   2.3e-05   19.7   0.4   1   2   1.9e-06    0.0004   15.7   0.0   101   224    61   198     9   242 0.69 -
BDSP01000041_1:419759-420769 -            337 917326at2759         -            435   2.3e-05   19.7   0.4   2   2     0.024       5.1    2.1   0.4   249   316   266   333   237   336 0.81 -
BDSP01000100_1:59023-59580   -            186 917326at2759         -            435   0.00056   15.2   0.0   1   1   2.9e-06   0.00062   15.0   0.0   101   211    61   185     9   186 0.72 -
#
# Program:         hmmsearch
# Version:         3.1b2 (February 2015)
# Pipeline mode:   SEARCH
# Query file:      /Users/aholzer/ownCloud/PhD/Publications/2021 Liavero-Pasquina et al./analysis/TPP_aptamer_search/busco_downloads/lineages/eukaryota_odb10/hmms/917326at2759.hmm
# Target file:     /Users/aholzer/ownCloud/PhD/Publications/2021 Liavero-Pasquina et al./analysis/TPP_aptamer_search/genomes/BUSCO_eukaryota_obd10/Fistulifera_solaris_Fsol_1.0/run_eukaryota_odb10/metaeuk_output/initial_results/GCA_002217885.1_Fsol_1.0_genomic.fna.modified.fas
# Option settings: hmmsearch --domtblout /Users/aholzer/ownCloud/PhD/Publications/2021 Liavero-Pasquina et al./analysis/TPP_aptamer_search/genomes/BUSCO_eukaryota_obd10/Fistulifera_solaris_Fsol_1.0/run_eukaryota_odb10/hmmer_output/initial_run_results/917326at2759.out --cpu 1 /Users/aholzer/ownCloud/PhD/Publications/2021 Liavero-Pasquina et al./analysis/TPP_aptamer_search/busco_downloads/lineages/eukaryota_odb10/hmms/917326at2759.hmm /Users/aholzer/ownCloud/PhD/Publications/2021 Liavero-Pasquina et al./analysis/TPP_aptamer_search/genomes/BUSCO_eukaryota_obd10/Fistulifera_solaris_Fsol_1.0/run_eukaryota_odb10/metaeuk_output/initial_results/GCA_002217885.1_Fsol_1.0_genomic.fna.modified.fas 
# Current dir:     /Users/aholzer/ownCloud/PhD/Publications/2021 Liavero-Pasquina et al./analysis/TPP_aptamer_search
# Date:            Sun Apr 18 09:15:16 2021
# [ok]
