#                                                                                    --- full sequence --- -------------- this domain -------------   hmm coord   ali coord   env coord
# target name                accession   tlen query name           accession   qlen   E-value  score  bias   #  of  c-Evalue  i-Evalue  score  bias  from    to  from    to  from    to  acc description of target
#        ------------------- ---------- ----- -------------------- ---------- ----- --------- ------ ----- --- --- --------- --------- ------ ----- ----- ----- ----- ----- ----- ----- ---- ---------------------
BDSP01000184_1:488101-489336 -            412 919955at2759         -            267   1.6e-37  126.3   7.5   1   3    0.0024      0.67    6.3   0.1     2    55    28    95    27   119 0.70 -
BDSP01000184_1:488101-489336 -            412 919955at2759         -            267   1.6e-37  126.3   7.5   2   3   3.4e-14   9.7e-12   41.8   0.0    99   191   178   288   150   305 0.80 -
BDSP01000184_1:488101-489336 -            412 919955at2759         -            267   1.6e-37  126.3   7.5   3   3   1.2e-25   3.5e-23   79.3   1.9   187   266   304   386   297   387 0.92 -
BDSP01000022_1:378482-379756 -            425 919955at2759         -            267   1.1e-34  117.0  14.7   1   2    0.0017      0.48    6.7   1.1     2    89    28   115    27   138 0.53 -
BDSP01000022_1:378482-379756 -            425 919955at2759         -            267   1.1e-34  117.0  14.7   2   2   8.2e-33   2.3e-30  102.8   6.6   132   266   234   399   155   400 0.84 -
BDSP01000078_1:180366-181703 -            446 919955at2759         -            267   5.6e-05   19.6   1.0   1   2     0.099        28    0.9   0.0   157   189   278   314   275   316 0.74 -
BDSP01000078_1:180366-181703 -            446 919955at2759         -            267   5.6e-05   19.6   1.0   2   2   1.6e-06   0.00045   16.7   0.2   189   264   335   411   330   414 0.86 -
BDSP01000141_1:424509-425846 -            446 919955at2759         -            267   0.00012   18.5   1.0   1   2      0.16        44    0.3   0.0   168   189   293   314   276   316 0.76 -
BDSP01000141_1:424509-425846 -            446 919955at2759         -            267   0.00012   18.5   1.0   2   2     2e-06   0.00057   16.3   0.2   189   262   335   409   331   414 0.85 -
BDSP01000277_1:78699-80225   -            509 919955at2759         -            267   0.00017   18.0   0.2   1   1   8.4e-06    0.0024   14.3   0.2   197   247   390   441   339   445 0.77 -
BDSP01000141_1:133035-134561 -            509 919955at2759         -            267   0.00021   17.7   0.3   1   1   8.9e-06    0.0025   14.2   0.3   198   247   391   441   339   445 0.78 -
#
# Program:         hmmsearch
# Version:         3.1b2 (February 2015)
# Pipeline mode:   SEARCH
# Query file:      /Users/aholzer/ownCloud/PhD/Publications/2021 Liavero-Pasquina et al./analysis/TPP_aptamer_search/busco_downloads/lineages/eukaryota_odb10/hmms/919955at2759.hmm
# Target file:     /Users/aholzer/ownCloud/PhD/Publications/2021 Liavero-Pasquina et al./analysis/TPP_aptamer_search/genomes/BUSCO_eukaryota_obd10/Fistulifera_solaris_Fsol_1.0/run_eukaryota_odb10/metaeuk_output/initial_results/GCA_002217885.1_Fsol_1.0_genomic.fna.modified.fas
# Option settings: hmmsearch --domtblout /Users/aholzer/ownCloud/PhD/Publications/2021 Liavero-Pasquina et al./analysis/TPP_aptamer_search/genomes/BUSCO_eukaryota_obd10/Fistulifera_solaris_Fsol_1.0/run_eukaryota_odb10/hmmer_output/initial_run_results/919955at2759.out --cpu 1 /Users/aholzer/ownCloud/PhD/Publications/2021 Liavero-Pasquina et al./analysis/TPP_aptamer_search/busco_downloads/lineages/eukaryota_odb10/hmms/919955at2759.hmm /Users/aholzer/ownCloud/PhD/Publications/2021 Liavero-Pasquina et al./analysis/TPP_aptamer_search/genomes/BUSCO_eukaryota_obd10/Fistulifera_solaris_Fsol_1.0/run_eukaryota_odb10/metaeuk_output/initial_results/GCA_002217885.1_Fsol_1.0_genomic.fna.modified.fas 
# Current dir:     /Users/aholzer/ownCloud/PhD/Publications/2021 Liavero-Pasquina et al./analysis/TPP_aptamer_search
# Date:            Sun Apr 18 09:15:17 2021
# [ok]
