#                                                                                    --- full sequence --- -------------- this domain -------------   hmm coord   ali coord   env coord
# target name                accession   tlen query name           accession   qlen   E-value  score  bias   #  of  c-Evalue  i-Evalue  score  bias  from    to  from    to  from    to  acc description of target
#        ------------------- ---------- ----- -------------------- ---------- ----- --------- ------ ----- --- --- --------- --------- ------ ----- ----- ----- ----- ----- ----- ----- ---- ---------------------
BDSP01000203_1:361634-363435 -            579 931188at2759         -            347  6.8e-103  340.8   2.1   1   3   1.7e-68   2.2e-66  220.7   0.0     1   213    27   269    27   277 0.86 -
BDSP01000203_1:361634-363435 -            579 931188at2759         -            347  6.8e-103  340.8   2.1   2   3   2.7e-28   3.5e-26   88.5   0.1   209   301   335   438   324   443 0.87 -
BDSP01000203_1:361634-363435 -            579 931188at2759         -            347  6.8e-103  340.8   2.1   3   3   5.8e-09   7.6e-07   24.9   0.1   299   347   502   570   484   570 0.73 -
BDSP01000087_1:185308-187104 -            578 931188at2759         -            347  3.4e-102  338.5   1.5   1   3   1.3e-67   1.7e-65  217.8   0.0     1   214    27   270    27   277 0.86 -
BDSP01000087_1:185308-187104 -            578 931188at2759         -            347  3.4e-102  338.5   1.5   2   3   2.5e-28   3.3e-26   88.6   0.1   211   301   336   437   321   442 0.87 -
BDSP01000087_1:185308-187104 -            578 931188at2759         -            347  3.4e-102  338.5   1.5   3   3   5.1e-09   6.7e-07   25.1   0.2   298   347   500   569   479   569 0.73 -
BDSP01000060_1:63535-64578   -            348 931188at2759         -            347   5.2e-16   55.1   0.0   1   2   5.6e-14   7.4e-12   41.4   0.0   104   206     1   117     1   126 0.77 -
BDSP01000060_1:63535-64578   -            348 931188at2759         -            347   5.2e-16   55.1   0.0   2   2   0.00056     0.073    8.5   0.0   262   301   231   277   221   282 0.75 -
BDSP01000032_1:35135-36178   -            348 931188at2759         -            347   1.3e-15   53.7   0.1   1   2   1.4e-13   1.9e-11   40.1   0.1   104   206     1   117     1   126 0.77 -
BDSP01000032_1:35135-36178   -            348 931188at2759         -            347   1.3e-15   53.7   0.1   2   2   0.00055     0.073    8.6   0.0   262   301   231   277   221   282 0.75 -
BDSP01000123_1:108279-109289 -            337 931188at2759         -            347   5.7e-15   51.7   0.0   1   2     2e-11   2.6e-09   33.1   0.0   105   206     1   116     1   124 0.83 -
BDSP01000123_1:108279-109289 -            337 931188at2759         -            347   5.7e-15   51.7   0.0   2   2   1.7e-05    0.0022   13.5   0.0   249   301   212   267   142   274 0.68 -
BDSP01000142_1:85733-86653   -            307 931188at2759         -            347   6.4e-15   51.5   0.1   1   2   9.9e-12   1.3e-09   34.0   0.0   105   206     1   116     1   124 0.83 -
BDSP01000142_1:85733-86653   -            307 931188at2759         -            347   6.4e-15   51.5   0.1   2   2   3.3e-05    0.0043   12.6   0.0   250   299   213   265   143   269 0.74 -
BDSP01000124_1:359989-360537 -            183 931188at2759         -            347   1.9e-09   33.5   0.0   1   1   1.6e-10   2.1e-08   30.1   0.0   109   205     1   113     1   120 0.82 -
BDSP01000279_1:161992-162753 -            254 931188at2759         -            347     2e-08   30.1   0.0   1   1   1.3e-09   1.7e-07   27.1   0.0   109   205     1   113     1   122 0.80 -
BDSP01000252_1:72744-73451   -            236 931188at2759         -            347   3.6e-07   26.0   0.3   1   2   2.7e-06   0.00036   16.1   0.1   253   301   110   155   106   157 0.87 -
BDSP01000252_1:72744-73451   -            236 931188at2759         -            347   3.6e-07   26.0   0.3   2   2   0.00079       0.1    8.0   0.0   300   345   181   234   178   236 0.68 -
BDSP01000147_1:124437-125288 -            284 931188at2759         -            347   1.6e-06   23.9   0.1   1   2   3.5e-05    0.0046   12.5   0.0   108   218     9   118     5   126 0.83 -
BDSP01000147_1:124437-125288 -            284 931188at2759         -            347   1.6e-06   23.9   0.1   2   2   0.00036     0.047    9.2   0.3   251   318   191   262   183   283 0.79 -
BDSP01000252_1:56058-56891   -            278 931188at2759         -            347   5.2e-06   22.2   0.3   1   2   0.00013     0.016   10.7   0.0   108   218     1   110     1   118 0.80 -
BDSP01000252_1:56058-56891   -            278 931188at2759         -            347   5.2e-06   22.2   0.3   2   2   0.00026     0.034    9.6   0.3   251   318   183   254   175   276 0.78 -
BDSP01000279_1:161110-161691 -            194 931188at2759         -            347   1.2e-05   21.0   0.0   1   1   1.3e-07   1.7e-05   20.5   0.0   256   300   113   159   105   164 0.82 -
BDSP01000124_1:361138-361776 -            213 931188at2759         -            347   1.3e-05   20.9   0.0   1   1   1.5e-07   1.9e-05   20.3   0.0   255   300    83   130    75   134 0.81 -
#
# Program:         hmmsearch
# Version:         3.1b2 (February 2015)
# Pipeline mode:   SEARCH
# Query file:      /Users/aholzer/ownCloud/PhD/Publications/2021 Liavero-Pasquina et al./analysis/TPP_aptamer_search/busco_downloads/lineages/eukaryota_odb10/hmms/931188at2759.hmm
# Target file:     /Users/aholzer/ownCloud/PhD/Publications/2021 Liavero-Pasquina et al./analysis/TPP_aptamer_search/genomes/BUSCO_eukaryota_obd10/Fistulifera_solaris_Fsol_1.0/run_eukaryota_odb10/metaeuk_output/initial_results/GCA_002217885.1_Fsol_1.0_genomic.fna.modified.fas
# Option settings: hmmsearch --domtblout /Users/aholzer/ownCloud/PhD/Publications/2021 Liavero-Pasquina et al./analysis/TPP_aptamer_search/genomes/BUSCO_eukaryota_obd10/Fistulifera_solaris_Fsol_1.0/run_eukaryota_odb10/hmmer_output/initial_run_results/931188at2759.out --cpu 1 /Users/aholzer/ownCloud/PhD/Publications/2021 Liavero-Pasquina et al./analysis/TPP_aptamer_search/busco_downloads/lineages/eukaryota_odb10/hmms/931188at2759.hmm /Users/aholzer/ownCloud/PhD/Publications/2021 Liavero-Pasquina et al./analysis/TPP_aptamer_search/genomes/BUSCO_eukaryota_obd10/Fistulifera_solaris_Fsol_1.0/run_eukaryota_odb10/metaeuk_output/initial_results/GCA_002217885.1_Fsol_1.0_genomic.fna.modified.fas 
# Current dir:     /Users/aholzer/ownCloud/PhD/Publications/2021 Liavero-Pasquina et al./analysis/TPP_aptamer_search
# Date:            Sun Apr 18 09:15:17 2021
# [ok]
