#                                                                                  --- full sequence --- -------------- this domain -------------   hmm coord   ali coord   env coord
# target name              accession   tlen query name           accession   qlen   E-value  score  bias   #  of  c-Evalue  i-Evalue  score  bias  from    to  from    to  from    to  acc description of target
#      ------------------- ---------- ----- -------------------- ---------- ----- --------- ------ ----- --- --- --------- --------- ------ ----- ----- ----- ----- ----- ----- ----- ---- ---------------------
OLMU01002643_1:1666-3134   -            462 604979at2759         -            307  1.2e-110  365.6   6.7   1   1  1.5e-110  2.2e-109  361.4   6.7    39   302    83   375    34   378 0.84 -
OLMU01005512_1:2754-3554   -            267 604979at2759         -            307   1.2e-38  129.0   8.9   1   3   4.6e-16   6.6e-15   51.1   0.2   126   244    28   160    14   163 0.83 -
OLMU01005512_1:2754-3554   -            267 604979at2759         -            307   1.2e-38  129.0   8.9   2   3   1.3e-19   1.9e-18   62.8   0.2   119   261    68   218    60   219 0.87 -
OLMU01005512_1:2754-3554   -            267 604979at2759         -            307   1.2e-38  129.0   8.9   3   3   9.3e-11   1.3e-09   33.7   0.4    54   150   168   266   162   267 0.74 -
OLMU01003579_1:2575-3570   -            332 604979at2759         -            307   3.7e-32  107.7  13.5   1   3   1.4e-16     2e-15   52.8   2.8   120   246     2   143     1   146 0.83 -
OLMU01003579_1:2575-3570   -            332 604979at2759         -            307   3.7e-32  107.7  13.5   2   3   1.5e-09   2.2e-08   29.7   0.6   134   205   107   187   101   202 0.76 -
OLMU01003579_1:2575-3570   -            332 604979at2759         -            307   3.7e-32  107.7  13.5   3   3   1.3e-14   1.9e-13   46.3   0.1   127   225   222   329   204   331 0.85 -
OLMU01000931_1:2411-3496   -            362 604979at2759         -            307   6.2e-32  107.0   2.3   1   4   0.00046    0.0067   11.7   0.0   229   262     5    38     2    45 0.86 -
OLMU01000931_1:2411-3496   -            362 604979at2759         -            307   6.2e-32  107.0   2.3   2   4   5.1e-10   7.4e-09   31.2   0.0   156   227    68   142    50   164 0.82 -
OLMU01000931_1:2411-3496   -            362 604979at2759         -            307   6.2e-32  107.0   2.3   3   4   3.9e-10   5.6e-09   31.6   0.7   131   207   165   251   148   262 0.71 -
OLMU01000931_1:2411-3496   -            362 604979at2759         -            307   6.2e-32  107.0   2.3   4   4   5.1e-14   7.4e-13   44.4   0.1   136   247   212   341   211   359 0.82 -
OLMU01003259_1:5261-6109   -            283 604979at2759         -            307   6.9e-30  100.3   2.6   1   3   1.4e-18     2e-17   59.4   0.1   159   262     5   114     2   117 0.89 -
OLMU01003259_1:5261-6109   -            283 604979at2759         -            307   6.9e-30  100.3   2.6   2   3     0.021       0.3    6.2   0.0   209   238   104   133   101   140 0.67 -
OLMU01003259_1:5261-6109   -            283 604979at2759         -            307   6.9e-30  100.3   2.6   3   3     3e-12   4.4e-11   38.5   0.3   152   259   168   281   159   283 0.83 -
OLMU01003376_1:1461-2405   -            315 604979at2759         -            307   8.8e-28   93.4  13.3   1   3   6.1e-15   8.8e-14   47.4   1.2   164   295    25   173    16   176 0.56 -
OLMU01003376_1:1461-2405   -            315 604979at2759         -            307   8.8e-28   93.4  13.3   2   3   2.7e-15   3.9e-14   48.6   2.1   176   296    83   223    63   224 0.77 -
OLMU01003376_1:1461-2405   -            315 604979at2759         -            307   8.8e-28   93.4  13.3   3   3   4.5e-06   6.4e-05   18.3   0.1   159   257   193   297   185   304 0.72 -
OLMU01000266_1:1028-4038   -            891 604979at2759         -            307   1.4e-25   86.1   1.4   1   3   7.8e-10   1.1e-08   30.6   0.5    86   244    29   206    13   233 0.79 -
OLMU01000266_1:1028-4038   -            891 604979at2759         -            307   1.4e-25   86.1   1.4   2   3       1.7        25   -0.1   0.0    48    99   307   359   301   390 0.75 -
OLMU01000266_1:1028-4038   -            891 604979at2759         -            307   1.4e-25   86.1   1.4   3   3   6.4e-16   9.2e-15   50.6   0.0    43   229   388   588   374   599 0.77 -
OLMU01003908_1:3424-4107   -            228 604979at2759         -            307   2.4e-25   85.4   0.1   1   3      0.24       3.5    2.7   0.0   281   296    22    37     1    48 0.66 -
OLMU01003908_1:3424-4107   -            228 604979at2759         -            307   2.4e-25   85.4   0.1   2   3   2.3e-21   3.4e-20   68.5   0.1   125   226    76   186    68   194 0.85 -
OLMU01003908_1:3424-4107   -            228 604979at2759         -            307   2.4e-25   85.4   0.1   3   3   3.5e-07   5.1e-06   21.9   0.0   161   224   159   227   157   228 0.88 -
OLMU01000632_1:5742-6750   -            307 604979at2759         -            307   1.2e-22   76.5   0.7   1   2   6.6e-14   9.5e-13   44.0   0.0    55   200     7   163     4   209 0.80 -
OLMU01000632_1:5742-6750   -            307 604979at2759         -            307   1.2e-22   76.5   0.7   2   2   1.3e-09   1.8e-08   29.9   1.2   171   245   224   302   171   305 0.74 -
OLMU01003597_1:4924-5451   -            176 604979at2759         -            307   1.1e-20   70.1   2.0   1   2   1.6e-18   2.4e-17   59.1   0.4   156   254     2   105     1   123 0.87 -
OLMU01003597_1:4924-5451   -            176 604979at2759         -            307   1.1e-20   70.1   2.0   2   2   0.00067    0.0097   11.1   0.1   208   244   136   172   120   176 0.68 -
OLMU01003465_1:1-2161      -            662 604979at2759         -            307   1.1e-20   70.1   3.5   1   7       1.2        17    0.5   0.0   204   225   121   142   113   151 0.80 -
OLMU01003465_1:1-2161      -            662 604979at2759         -            307   1.1e-20   70.1   3.5   2   7    0.0066     0.095    7.9   0.0   202   227   171   196   147   207 0.65 -
OLMU01003465_1:1-2161      -            662 604979at2759         -            307   1.1e-20   70.1   3.5   3   7   2.7e-09   3.9e-08   28.8   0.1   202   263   225   288   218   293 0.85 -
OLMU01003465_1:1-2161      -            662 604979at2759         -            307   1.1e-20   70.1   3.5   4   7      0.74        11    1.1   0.0   128   153   334   359   307   372 0.74 -
OLMU01003465_1:1-2161      -            662 604979at2759         -            307   1.1e-20   70.1   3.5   5   7   0.00083     0.012   10.8   0.0   252   296   481   525   448   541 0.74 -
OLMU01003465_1:1-2161      -            662 604979at2759         -            307   1.1e-20   70.1   3.5   6   7       2.6        38   -0.7   0.0   208   230   565   587   559   605 0.68 -
OLMU01003465_1:1-2161      -            662 604979at2759         -            307   1.1e-20   70.1   3.5   7   7   0.00014     0.002   13.4   0.0   120   198   611   654   601   661 0.55 -
OLMU01003094_1:10826-11728 -            301 604979at2759         -            307   1.2e-20   69.9   3.9   1   1   8.4e-20   1.2e-18   63.4   3.9    46   295    16   301     4   301 0.78 -
OLMU01004180_1:4036-5397   -            454 604979at2759         -            307   3.4e-20   68.5   0.3   1   2   1.3e-15   1.9e-14   49.6   0.0    56   259    84   312    83   313 0.77 -
OLMU01004180_1:4036-5397   -            454 604979at2759         -            307   3.4e-20   68.5   0.3   2   2   1.9e-07   2.7e-06   22.8   0.0   126   200   298   379   295   400 0.78 -
OLMU01005511_1:1-921       -            307 604979at2759         -            307   2.5e-19   65.6   4.8   1   3     1e-12   1.5e-11   40.1   0.2   168   262    31   129    10   146 0.78 -
OLMU01005511_1:1-921       -            307 604979at2759         -            307   2.5e-19   65.6   4.8   2   3   0.00016    0.0023   13.2   0.0   262   297   157   195   144   200 0.79 -
OLMU01005511_1:1-921       -            307 604979at2759         -            307   2.5e-19   65.6   4.8   3   3   0.00018    0.0026   13.0   0.1    84   148   209   278   199   283 0.58 -
OLMU01002127_1:1842-2827   -            274 604979at2759         -            307   5.7e-19   64.4   2.0   1   3   0.00089     0.013   10.7   0.2   265   296    25    56    10    60 0.88 -
OLMU01002127_1:1842-2827   -            274 604979at2759         -            307   5.7e-19   64.4   2.0   2   3   0.00092     0.013   10.7   0.0   115   150    63    99    59   106 0.88 -
OLMU01002127_1:1842-2827   -            274 604979at2759         -            307   5.7e-19   64.4   2.0   3   3   1.3e-12   1.8e-11   39.8   0.1    43   184   124   271   120   274 0.84 -
OLMU01004682_1:1041-2054   -            312 604979at2759         -            307   6.2e-19   64.3   4.8   1   3   1.1e-06   1.6e-05   20.2   1.3   162   246    25   113    12   114 0.88 -
OLMU01004682_1:1041-2054   -            312 604979at2759         -            307   6.2e-19   64.3   4.8   2   3     2e-15   2.9e-14   49.0   1.1   159   295    64   220    47   221 0.80 -
OLMU01004682_1:1041-2054   -            312 604979at2759         -            307   6.2e-19   64.3   4.8   3   3     0.002     0.029    9.6   0.1    82   148   234   305   211   308 0.74 -
OLMU01001380_1:123-995     -            291 604979at2759         -            307     5e-18   61.3   0.4   1   3      0.25       3.6    2.7   0.0   196   226     4    37     1    52 0.56 -
OLMU01001380_1:123-995     -            291 604979at2759         -            307     5e-18   61.3   0.4   2   3   1.2e-07   1.8e-06   23.4   0.1    80   155    54   133    42   158 0.63 -
OLMU01001380_1:123-995     -            291 604979at2759         -            307     5e-18   61.3   0.4   3   3   1.8e-10   2.6e-09   32.7   0.0   123   240   149   272   139   286 0.79 -
OLMU01000925_1:1260-2069   -            270 604979at2759         -            307   1.5e-17   59.7   0.5   1   4    0.0097      0.14    7.3   0.0    45    70    14    39     3    42 0.77 -
OLMU01000925_1:1260-2069   -            270 604979at2759         -            307   1.5e-17   59.7   0.5   2   4   1.2e-06   1.8e-05   20.1   0.0   268   302    97   131    79   134 0.84 -
OLMU01000925_1:1260-2069   -            270 604979at2759         -            307   1.5e-17   59.7   0.5   3   4   4.3e-07   6.2e-06   21.6   0.0   153   235   133   221   130   235 0.82 -
OLMU01000925_1:1260-2069   -            270 604979at2759         -            307   1.5e-17   59.7   0.5   4   4     0.015      0.22    6.7   0.0   126   149   246   269   237   270 0.76 -
OLMU01003150_1:1955-3262   -            436 604979at2759         -            307   3.8e-17   58.4   0.1   1   2   7.4e-08   1.1e-06   24.1   0.0   136   267   133   276   106   284 0.73 -
OLMU01003150_1:1955-3262   -            436 604979at2759         -            307   3.8e-17   58.4   0.1   2   2     4e-10   5.7e-09   31.6   0.0   134   224   321   432   307   435 0.71 -
OLMU01003573_1:768-1957    -            325 604979at2759         -            307     7e-16   54.3   0.0   1   4   0.00034     0.005   12.1   0.0   195   239     8    52     3    59 0.74 -
OLMU01003573_1:768-1957    -            325 604979at2759         -            307     7e-16   54.3   0.0   2   4   0.00025    0.0035   12.6   0.0   171   256    64   167    47   174 0.74 -
OLMU01003573_1:768-1957    -            325 604979at2759         -            307     7e-16   54.3   0.0   3   4   2.7e-08   3.9e-07   25.6   0.0   171   238   163   233   151   264 0.76 -
OLMU01003573_1:768-1957    -            325 604979at2759         -            307     7e-16   54.3   0.0   4   4       2.3        33   -0.5   0.0   267   293   287   313   274   321 0.64 -
OLMU01001959_1:3987-5936   -            650 604979at2759         -            307   8.2e-15   50.8   1.3   1   3     0.034      0.49    5.5   0.0   120   155    69   105    34   136 0.73 -
OLMU01001959_1:3987-5936   -            650 604979at2759         -            307   8.2e-15   50.8   1.3   2   3   1.4e-07     2e-06   23.2   0.0    54   149   177   286   157   294 0.77 -
OLMU01001959_1:3987-5936   -            650 604979at2759         -            307   8.2e-15   50.8   1.3   3   3     5e-06   7.1e-05   18.1   0.9   122   264   480   638   475   644 0.78 -
OLMU01005352_1:8714-9274   -            187 604979at2759         -            307   9.3e-15   50.6   0.3   1   2     8e-07   1.2e-05   20.7   0.3   160   228    24    96    10   117 0.79 -
OLMU01005352_1:8714-9274   -            187 604979at2759         -            307   9.3e-15   50.6   0.3   2   2   4.1e-09   5.8e-08   28.3   0.0   202   264   122   183   111   186 0.89 -
OLMU01000130_1:4016-4444   -            143 604979at2759         -            307   3.2e-14   48.8   0.7   1   1   3.8e-15   5.4e-14   48.1   0.7   161   264     6   119     1   129 0.83 -
OLMU01001458_1:5413-7695   -            761 604979at2759         -            307     6e-14   47.9   2.2   1   4     5e-09   7.2e-08   28.0   0.2   189   262    58   129    35   131 0.87 -
OLMU01001458_1:5413-7695   -            761 604979at2759         -            307     6e-14   47.9   2.2   2   4     0.027      0.38    5.9   0.1   171   202   119   152   117   168 0.80 -
OLMU01001458_1:5413-7695   -            761 604979at2759         -            307     6e-14   47.9   2.2   3   4      0.23       3.3    2.8   0.0   119   150   207   237   182   247 0.76 -
OLMU01001458_1:5413-7695   -            761 604979at2759         -            307     6e-14   47.9   2.2   4   4    0.0011     0.015   10.5   0.0    97   154   266   323   251   337 0.88 -
OLMU01005918_1:124-873     -            250 604979at2759         -            307     5e-13   44.9   1.2   1   3   1.1e-10   1.6e-09   33.4   0.1   162   265     6   113     1   127 0.76 -
OLMU01005918_1:124-873     -            250 604979at2759         -            307     5e-13   44.9   1.2   2   3   0.00091     0.013   10.7   0.1   100   151   107   161    99   197 0.73 -
OLMU01005918_1:124-873     -            250 604979at2759         -            307     5e-13   44.9   1.2   3   3       1.2        17    0.5   0.0    46    68   226   248   205   249 0.74 -
OLMU01004252_1:200-1009    -            270 604979at2759         -            307     6e-13   44.7   0.1   1   2    0.0041     0.059    8.6   0.0    56   150     3   107     2   116 0.58 -
OLMU01004252_1:200-1009    -            270 604979at2759         -            307     6e-13   44.7   0.1   2   2   8.2e-11   1.2e-09   33.8   0.0   132   224   170   268   145   270 0.82 -
OLMU01005161_1:2310-3011   -            234 604979at2759         -            307   1.2e-12   43.7   1.1   1   3       2.3        33   -0.4   0.0    44   150    10    37     2    48 0.51 -
OLMU01005161_1:2310-3011   -            234 604979at2759         -            307   1.2e-12   43.7   1.1   2   3      0.46       6.6    1.8   0.0    87   114    73   102    60   109 0.69 -
OLMU01005161_1:2310-3011   -            234 604979at2759         -            307   1.2e-12   43.7   1.1   3   3     2e-12   2.9e-11   39.1   0.1   153   256   116   231   109   234 0.79 -
OLMU01001683_1:10644-11186 -            181 604979at2759         -            307   1.6e-12   43.3   0.9   1   1   6.2e-13   8.9e-12   40.8   0.9   131   261    31   178     6   181 0.75 -
OLMU01000643_1:1517-1864   -            116 604979at2759         -            307   2.2e-12   42.8   0.6   1   2   1.3e-11   1.8e-10   36.5   0.0   160   251     2    97     1   102 0.87 -
OLMU01000643_1:1517-1864   -            116 604979at2759         -            307   2.2e-12   42.8   0.6   2   2     0.028       0.4    5.8   0.2   136   150   100   114    97   116 0.87 -
OLMU01000248_1:2779-3654   -            292 604979at2759         -            307   3.9e-12   42.0   0.0   1   3    0.0029     0.042    9.0   0.0   125   226    15    41     1    55 0.49 -
OLMU01000248_1:2779-3654   -            292 604979at2759         -            307   3.9e-12   42.0   0.0   2   3     0.002     0.029    9.5   0.0   202   230    68    96    62   115 0.85 -
OLMU01000248_1:2779-3654   -            292 604979at2759         -            307   3.9e-12   42.0   0.0   3   3   1.7e-06   2.4e-05   19.7   0.0    46   174   123   266   108   272 0.74 -
OLMU01000435_1:21279-21947 -            223 604979at2759         -            307   2.8e-11   39.2   0.4   1   2     2e-11   2.9e-10   35.9   0.5   155   259    32   144    25   158 0.73 -
OLMU01000435_1:21279-21947 -            223 604979at2759         -            307   2.8e-11   39.2   0.4   2   2       0.8        11    1.0   0.0   175   201   146   175   137   208 0.55 -
OLMU01001348_1:9194-10006  -            271 604979at2759         -            307     5e-11   38.4   0.4   1   2   5.9e-06   8.4e-05   17.9   0.8   120   227    49   168    41   174 0.63 -
OLMU01001348_1:9194-10006  -            271 604979at2759         -            307     5e-11   38.4   0.4   2   2   2.3e-05   0.00033   15.9   0.0    83   154   178   256   172   269 0.76 -
OLMU01000073_1:4879-5505   -            209 604979at2759         -            307   8.4e-11   37.6   0.6   1   2   2.1e-11     3e-10   35.8   0.1   164   263    25   136    11   148 0.72 -
OLMU01000073_1:4879-5505   -            209 604979at2759         -            307   8.4e-11   37.6   0.6   2   2       2.2        31   -0.4   0.0    80   255   173   192   164   205 0.60 -
OLMU01005783_1:50-661      -            204 604979at2759         -            307   1.7e-10   36.6   0.0   1   2   2.6e-06   3.7e-05   19.1   0.0   168   228     2    68     1    84 0.80 -
OLMU01005783_1:50-661      -            204 604979at2759         -            307   1.7e-10   36.6   0.0   2   2   3.4e-05    0.0005   15.4   0.0    46   150    93   202    72   204 0.83 -
OLMU01001653_1:35-862      -            276 604979at2759         -            307   1.9e-10   36.5   0.0   1   3   1.6e-08   2.2e-07   26.4   0.0   172   246    16    95     7    99 0.86 -
OLMU01001653_1:35-862      -            276 604979at2759         -            307   1.9e-10   36.5   0.0   2   3     0.013      0.19    6.9   0.0   133   154   104   125    97   130 0.75 -
OLMU01001653_1:35-862      -            276 604979at2759         -            307   1.9e-10   36.5   0.0   3   3       5.2        74   -1.6   0.0   205   242   211   254   193   273 0.61 -
OLMU01003000_1:4848-5213   -            122 604979at2759         -            307   2.1e-10   36.3   0.3   1   1   3.3e-11   4.8e-10   35.1   0.3   132   226    17   122     2   122 0.82 -
OLMU01001942_1:6956-7789   -            278 604979at2759         -            307   2.9e-10   35.9   0.3   1   3     0.025      0.36    6.0   0.0   206   233    13    40     4    58 0.81 -
OLMU01001942_1:6956-7789   -            278 604979at2759         -            307   2.9e-10   35.9   0.3   2   3   5.5e-06   7.9e-05   18.0   0.0   219   263   140   184   126   189 0.92 -
OLMU01001942_1:6956-7789   -            278 604979at2759         -            307   2.9e-10   35.9   0.3   3   3      0.14       1.9    3.6   0.0   120   148   248   277   237   278 0.52 -
OLMU01001292_1:15644-16297 -            218 604979at2759         -            307   2.9e-10   35.8   2.2   1   4   0.00067    0.0097   11.1   0.0   267   297     3    34     1    39 0.77 -
OLMU01001292_1:15644-16297 -            218 604979at2759         -            307   2.9e-10   35.8   2.2   2   4   2.4e-07   3.5e-06   22.4   0.1   265   298    47    80    41    88 0.87 -
OLMU01001292_1:15644-16297 -            218 604979at2759         -            307   2.9e-10   35.8   2.2   3   4       5.8        84   -1.8   0.0   275   295   136   154   122   169 0.54 -
OLMU01001292_1:15644-16297 -            218 604979at2759         -            307   2.9e-10   35.8   2.2   4   4       9.7   1.4e+02   -2.5   0.0   129   147   199   218   172   218 0.49 -
OLMU01003236_1:259-870     -            204 604979at2759         -            307   3.7e-10   35.5   0.1   1   2       1.7        24   -0.0   0.0   238   264    33    59    17    66 0.80 -
OLMU01003236_1:259-870     -            204 604979at2759         -            307   3.7e-10   35.5   0.1   2   2   1.7e-10   2.4e-09   32.8   0.1   160   260    83   196    73   201 0.83 -
OLMU01003464_1:4393-5300   -            271 604979at2759         -            307   3.4e-09   32.3   0.1   1   1   2.1e-09     3e-08   29.2   0.1   174   265     7    99     4   114 0.74 -
OLMU01000932_1:6224-7879   -            552 604979at2759         -            307   9.4e-09   30.9   5.5   1   4       4.2        61   -1.3   0.1    47    65    22    40    15    59 0.75 -
OLMU01000932_1:6224-7879   -            552 604979at2759         -            307   9.4e-09   30.9   5.5   2   4    0.0031     0.045    9.0   0.4    43   172   167   310   152   318 0.60 -
OLMU01000932_1:6224-7879   -            552 604979at2759         -            307   9.4e-09   30.9   5.5   3   4     0.038      0.55    5.4   0.0    45   112   344   414   316   421 0.68 -
OLMU01000932_1:6224-7879   -            552 604979at2759         -            307   9.4e-09   30.9   5.5   4   4   4.3e-05   0.00062   15.0   0.0   151   259   430   546   424   551 0.76 -
OLMU01000188_1:4569-5309   -            247 604979at2759         -            307   1.1e-08   30.7  12.6   1   4    0.0013     0.019   10.2   0.1   261   300     7    48     2    55 0.72 -
OLMU01000188_1:4569-5309   -            247 604979at2759         -            307   1.1e-08   30.7  12.6   2   4      0.11       1.6    3.9   0.1   283   299   136   152   130   163 0.83 -
OLMU01000188_1:4569-5309   -            247 604979at2759         -            307   1.1e-08   30.7  12.6   3   4     0.017      0.25    6.5   0.1   266   298   169   205   159   213 0.65 -
OLMU01000188_1:4569-5309   -            247 604979at2759         -            307   1.1e-08   30.7  12.6   4   4   0.00012    0.0018   13.5   0.2   262   295   214   247   208   247 0.92 -
OLMU01003601_1:211-894     -            228 604979at2759         -            307     2e-08   29.8   0.1   1   2     5e-07   7.2e-06   21.4   0.0   126   239     4   125     2   160 0.77 -
OLMU01003601_1:211-894     -            228 604979at2759         -            307     2e-08   29.8   0.1   2   2     0.018      0.26    6.5   0.1   126   160   183   217   166   222 0.87 -
OLMU01006518_1:1150-1635   -            162 604979at2759         -            307   3.5e-08   29.0   0.4   1   2    0.0017     0.024    9.8   0.0   266   297     2    38     1    47 0.71 -
OLMU01006518_1:1150-1635   -            162 604979at2759         -            307   3.5e-08   29.0   0.4   2   2   7.4e-06   0.00011   17.6   0.1   114   202    60   156    52   159 0.69 -
OLMU01004545_1:9-632       -            208 604979at2759         -            307   4.5e-08   28.7   0.0   1   1   6.9e-09   9.9e-08   27.5   0.0   125   265    10   157     1   202 0.86 -
OLMU01005203_1:288-923     -            212 604979at2759         -            307   6.6e-08   28.1   0.2   1   3       1.5        22    0.1   0.0   240   259    18    37    10    48 0.73 -
OLMU01005203_1:288-923     -            212 604979at2759         -            307   6.6e-08   28.1   0.2   2   3   0.00016    0.0023   13.2   0.0   230   263    56    88    21   101 0.76 -
OLMU01005203_1:288-923     -            212 604979at2759         -            307   6.6e-08   28.1   0.2   3   3   0.00048    0.0069   11.6   0.0   184   231   155   206   135   212 0.69 -
OLMU01004942_1:33806-34297 -            164 604979at2759         -            307   7.7e-08   27.9   0.2   1   1   2.8e-08     4e-07   25.5   0.2   202   297     9   115     2   124 0.77 -
OLMU01005349_1:532-1167    -            212 604979at2759         -            307   9.4e-08   27.6   0.1   1   2   1.4e-06     2e-05   20.0   0.1   127   192     9    83     1    92 0.78 -
OLMU01005349_1:532-1167    -            212 604979at2759         -            307   9.4e-08   27.6   0.1   2   2     0.028       0.4    5.8   0.0    42    71   155   184   141   208 0.80 -
OLMU01002469_1:3594-3821   -             76 604979at2759         -            307   2.3e-07   26.3   0.0   1   1   1.8e-08   2.5e-07   26.2   0.0    81   148     1    75     1    76 0.73 -
OLMU01001386_1:5883-7385   -            501 604979at2759         -            307   3.9e-07   25.6   0.5   1   2   1.6e-06   2.3e-05   19.8   0.6    48   203   144   343   141   360 0.63 -
OLMU01001386_1:5883-7385   -            501 604979at2759         -            307   3.9e-07   25.6   0.5   2   2       7.4   1.1e+02   -2.1   0.0   133   152   362   381   346   395 0.78 -
OLMU01000154_1:16419-16937 -            173 604979at2759         -            307   5.1e-07   25.2   0.6   1   2     0.066      0.95    4.6   0.1    57    89     3    38     1    50 0.76 -
OLMU01000154_1:16419-16937 -            173 604979at2759         -            307   5.1e-07   25.2   0.6   2   2   5.7e-06   8.2e-05   17.9   0.0   198   250    98   151    85   170 0.75 -
OLMU01005245_1:2501-3277   -            259 604979at2759         -            307   6.4e-07   24.9   0.3   1   2      0.12       1.8    3.7   0.0   196   295    11    41     2    56 0.48 -
OLMU01005245_1:2501-3277   -            259 604979at2759         -            307   6.4e-07   24.9   0.3   2   2     4e-06   5.8e-05   18.4   0.1   161   227   101   171    68   184 0.78 -
OLMU01004948_1:15981-16634 -            218 604979at2759         -            307   7.3e-07   24.7   0.1   1   3       7.5   1.1e+02   -2.2   0.0   268   289    14    35     6    47 0.69 -
OLMU01004948_1:15981-16634 -            218 604979at2759         -            307   7.3e-07   24.7   0.1   2   3   1.9e-06   2.8e-05   19.5   0.0   156   246    59   155    50   168 0.78 -
OLMU01004948_1:15981-16634 -            218 604979at2759         -            307   7.3e-07   24.7   0.1   3   3     0.085       1.2    4.2   0.1   127   167   154   197   146   216 0.67 -
OLMU01000172_1:5667-6107   -            147 604979at2759         -            307   1.1e-06   24.1   1.4   1   2   1.1e-05   0.00016   17.0   0.1   263   298    28    63     7    72 0.86 -
OLMU01000172_1:5667-6107   -            147 604979at2759         -            307   1.1e-06   24.1   1.4   2   2     0.029      0.42    5.7   0.1   135   155    90   110    73   144 0.70 -
OLMU01003028_1:490-1182    -            231 604979at2759         -            307   1.7e-06   23.5   0.0   1   2   0.00025    0.0035   12.6   0.0   128   266     7   154     1   162 0.74 -
OLMU01003028_1:490-1182    -            231 604979at2759         -            307   1.7e-06   23.5   0.0   2   2   2.4e-05   0.00034   15.9   0.0   134   249    98   223    89   230 0.77 -
OLMU01006035_1:5-4270      -            990 604979at2759         -            307   1.8e-06   23.4   0.5   1   5   9.8e-05    0.0014   13.9   0.0   122   152   554   584   534   597 0.85 -
OLMU01006035_1:5-4270      -            990 604979at2759         -            307   1.8e-06   23.4   0.5   2   5       0.4       5.8    2.0   0.1   200   261   677   739   659   760 0.59 -
OLMU01006035_1:5-4270      -            990 604979at2759         -            307   1.8e-06   23.4   0.5   3   5       2.1        31   -0.4   0.0    88   121   723   758   716   781 0.72 -
OLMU01006035_1:5-4270      -            990 604979at2759         -            307   1.8e-06   23.4   0.5   4   5       2.4        34   -0.5   0.0   133   150   880   897   866   904 0.59 -
OLMU01006035_1:5-4270      -            990 604979at2759         -            307   1.8e-06   23.4   0.5   5   5       1.3        19    0.3   0.0   134   147   976   989   965   990 0.90 -
OLMU01003274_1:3833-4540   -            236 604979at2759         -            307   2.5e-06   22.9   0.0   1   2    0.0095      0.14    7.4   0.0   173   237    15    85    15    90 0.72 -
OLMU01003274_1:3833-4540   -            236 604979at2759         -            307   2.5e-06   22.9   0.0   2   2    0.0078      0.11    7.6   0.0    27    91    99   161    85   236 0.61 -
OLMU01000435_1:8676-9197   -            174 604979at2759         -            307   3.1e-06   22.6   0.7   1   3    0.0097      0.14    7.3   0.0   236   262     1    27     1    35 0.77 -
OLMU01000435_1:8676-9197   -            174 604979at2759         -            307   3.1e-06   22.6   0.7   2   3    0.0052     0.075    8.2   0.0    40    71    57    88    39    92 0.85 -
OLMU01000435_1:8676-9197   -            174 604979at2759         -            307   3.1e-06   22.6   0.7   3   3      0.12       1.7    3.8   0.0   203   229   111   138    96   173 0.53 -
OLMU01000350_1:2319-2975   -            219 604979at2759         -            307   4.4e-06   22.1   0.2   1   2   4.5e-06   6.4e-05   18.3   0.0   261   303    55    98    20   102 0.84 -
OLMU01000350_1:2319-2975   -            219 604979at2759         -            307   4.4e-06   22.1   0.2   2   2      0.64       9.2    1.4   0.0   281   294   201   214   156   218 0.57 -
OLMU01005414_1:1162-3769   -            810 604979at2759         -            307   4.4e-06   22.1   0.3   1   4     0.067      0.96    4.6   0.0   127   157   454   484   445   493 0.76 -
OLMU01005414_1:1162-3769   -            810 604979at2759         -            307   4.4e-06   22.1   0.3   2   4      0.16       2.3    3.4   0.0   191   260   594   667   584   692 0.78 -
OLMU01005414_1:1162-3769   -            810 604979at2759         -            307   4.4e-06   22.1   0.3   3   4     0.024      0.34    6.1   0.0   230   278   717   764   704   769 0.81 -
OLMU01005414_1:1162-3769   -            810 604979at2759         -            307   4.4e-06   22.1   0.3   4   4      0.47       6.8    1.8   0.0   239   264   781   805   765   809 0.70 -
OLMU01004435_1:691-1386    -            232 604979at2759         -            307   1.1e-05   20.8   0.1   1   2      0.11       1.6    3.9   0.0   133   149    18    34     1    57 0.51 -
OLMU01004435_1:691-1386    -            232 604979at2759         -            307   1.1e-05   20.8   0.1   2   2   6.5e-05   0.00094   14.5   0.1   166   228    86   152    77   172 0.61 -
OLMU01000076_1:619-1150    -            128 604979at2759         -            307   1.5e-05   20.4   0.5   1   2   1.8e-06   2.6e-05   19.6   0.1   223   304     2    83     1    86 0.77 -
OLMU01000076_1:619-1150    -            128 604979at2759         -            307   1.5e-05   20.4   0.5   2   2       7.3   1.1e+02   -2.1   0.0    81    99   102   120    97   127 0.57 -
OLMU01000292_1:4685-5128   -            148 604979at2759         -            307   3.6e-05   19.1   0.2   1   1    0.0002    0.0029   12.9   0.2   111   150    56    99     2   144 0.63 -
OLMU01002033_1:2562-2834   -             91 604979at2759         -            307   4.6e-05   18.8   0.0   1   1   3.2e-06   4.6e-05   18.8   0.0   178   225    41    91     4    91 0.74 -
OLMU01002478_1:749-2260    -            504 604979at2759         -            307   4.9e-05   18.7   0.0   1   2    0.0085      0.12    7.5   0.0   191   229   238   277   232   286 0.83 -
OLMU01002478_1:749-2260    -            504 604979at2759         -            307   4.9e-05   18.7   0.0   2   2    0.0062     0.089    8.0   0.0   153   187   393   429   372   434 0.82 -
OLMU01003141_1:9291-9653   -            121 604979at2759         -            307   7.5e-05   18.1   0.0   1   1   1.3e-05   0.00019   16.7   0.0   213   264     3    54     1    76 0.87 -
OLMU01000643_1:2213-2833   -            207 604979at2759         -            307   0.00081   14.7   0.0   1   1   0.00012    0.0017   13.6   0.0   156   298     7    40     2    79 0.67 -
OLMU01005660_1:5716-7005   -            430 604979at2759         -            307    0.0013   14.0   0.0   1   1   0.00017    0.0025   13.1   0.0   159   202   347   389   338   414 0.76 -
OLMU01000125_1:2192-2461   -             90 604979at2759         -            307    0.0021   13.3   0.2   1   1   0.00063    0.0091   11.2   0.2   169   227    16    87     6    90 0.58 -
OLMU01002573_1:8288-8884   -            199 604979at2759         -            307    0.0029   12.9   0.0   1   2      0.22       3.1    2.9   0.0   133   150    77    94    58   102 0.63 -
OLMU01002573_1:8288-8884   -            199 604979at2759         -            307    0.0029   12.9   0.0   2   2    0.0067     0.096    7.9   0.0   200   252   131   184   123   199 0.58 -
#
# Program:         hmmsearch
# Version:         3.1b2 (February 2015)
# Pipeline mode:   SEARCH
# Query file:      /Users/aholzer/ownCloud/PhD/Publications/2021 Liavero-Pasquina et al./analysis/TPP_aptamer_search/busco_downloads/lineages/eukaryota_odb10/hmms/604979at2759.hmm
# Target file:     /Users/aholzer/ownCloud/PhD/Publications/2021 Liavero-Pasquina et al./analysis/TPP_aptamer_search/genomes/BUSCO_eukaryota_obd10/Licmophora_abbreviata_CCMP470/run_eukaryota_odb10/metaeuk_output/initial_results/GCA_900291995.1_CCMP470_genomic.fna.modified.fas
# Option settings: hmmsearch --domtblout /Users/aholzer/ownCloud/PhD/Publications/2021 Liavero-Pasquina et al./analysis/TPP_aptamer_search/genomes/BUSCO_eukaryota_obd10/Licmophora_abbreviata_CCMP470/run_eukaryota_odb10/hmmer_output/initial_run_results/604979at2759.out --cpu 1 /Users/aholzer/ownCloud/PhD/Publications/2021 Liavero-Pasquina et al./analysis/TPP_aptamer_search/busco_downloads/lineages/eukaryota_odb10/hmms/604979at2759.hmm /Users/aholzer/ownCloud/PhD/Publications/2021 Liavero-Pasquina et al./analysis/TPP_aptamer_search/genomes/BUSCO_eukaryota_obd10/Licmophora_abbreviata_CCMP470/run_eukaryota_odb10/metaeuk_output/initial_results/GCA_900291995.1_CCMP470_genomic.fna.modified.fas 
# Current dir:     /Users/aholzer/ownCloud/PhD/Publications/2021 Liavero-Pasquina et al./analysis/TPP_aptamer_search
# Date:            Mon Apr 19 09:19:32 2021
# [ok]
