#                                                                                  --- full sequence --- -------------- this domain -------------   hmm coord   ali coord   env coord
# target name              accession   tlen query name           accession   qlen   E-value  score  bias   #  of  c-Evalue  i-Evalue  score  bias  from    to  from    to  from    to  acc description of target
#      ------------------- ---------- ----- -------------------- ---------- ----- --------- ------ ----- --- --- --------- --------- ------ ----- ----- ----- ----- ----- ----- ----- ---- ---------------------
OLMU01000632_1:5742-6750   -            307 779909at2759         -            227   6.4e-59  195.1   3.8   1   1   7.5e-56   1.1e-54  181.2   3.8     1   227     5   305     5   305 0.80 -
OLMU01005512_1:2754-3554   -            267 779909at2759         -            227   1.3e-22   76.3   0.3   1   4   0.00028    0.0041   12.5   0.0    63   100    19    56    12    62 0.87 -
OLMU01005512_1:2754-3554   -            267 779909at2759         -            227   1.3e-22   76.3   0.3   2   4   5.1e-06   7.5e-05   18.2   0.0    55   100    59   104    55   107 0.88 -
OLMU01005512_1:2754-3554   -            267 779909at2759         -            227   1.3e-22   76.3   0.3   3   4   1.1e-05   0.00016   17.1   0.0    56   110   102   157    99   166 0.83 -
OLMU01005512_1:2754-3554   -            267 779909at2759         -            227   1.3e-22   76.3   0.3   4   4   2.5e-08   3.8e-07   25.8   0.0     3    96   169   266   167   267 0.80 -
OLMU01003579_1:2575-3570   -            332 779909at2759         -            227   1.7e-22   76.0   3.6   1   6     8e-06   0.00012   17.6   0.0    64   105     1    42     1    76 0.74 -
OLMU01003579_1:2575-3570   -            332 779909at2759         -            227   1.7e-22   76.0   3.6   2   6       1.4        20    0.5   0.0    60    98    39    77    35    91 0.77 -
OLMU01003579_1:2575-3570   -            332 779909at2759         -            227   1.7e-22   76.0   3.6   3   6    0.0017     0.025   10.0   0.1    77   107   104   135    82   142 0.69 -
OLMU01003579_1:2575-3570   -            332 779909at2759         -            227   1.7e-22   76.0   3.6   4   6     0.021      0.31    6.4   0.0     3    40   149   191   147   195 0.75 -
OLMU01003579_1:2575-3570   -            332 779909at2759         -            227   1.7e-22   76.0   3.6   5   6   6.8e-07     1e-05   21.1   0.0    49    97   241   289   234   295 0.92 -
OLMU01003579_1:2575-3570   -            332 779909at2759         -            227   1.7e-22   76.0   3.6   6   6   1.4e-05   0.00021   16.7   0.1    60    95   294   329   287   332 0.69 -
OLMU01000931_1:2411-3496   -            362 779909at2759         -            227   9.2e-22   73.5   1.0   1   6      0.16       2.3    3.5   0.0    59    95     7    44     1    51 0.71 -
OLMU01000931_1:2411-3496   -            362 779909at2759         -            227   9.2e-22   73.5   1.0   2   6   0.00048    0.0072   11.8   0.0    64    97    68   101    60   107 0.87 -
OLMU01000931_1:2411-3496   -            362 779909at2759         -            227   9.2e-22   73.5   1.0   3   6    0.0016     0.023   10.1   0.0    57    96   102   141    98   148 0.91 -
OLMU01000931_1:2411-3496   -            362 779909at2759         -            227   9.2e-22   73.5   1.0   4   6       7.2   1.1e+02   -1.9   0.0   167   180   169   182   158   184 0.78 -
OLMU01000931_1:2411-3496   -            362 779909at2759         -            227   9.2e-22   73.5   1.0   5   6   3.5e-07   5.2e-06   22.0   0.0    56    97   186   227   173   246 0.87 -
OLMU01000931_1:2411-3496   -            362 779909at2759         -            227   9.2e-22   73.5   1.0   6   6   3.4e-06   5.1e-05   18.8   0.0     2    46   263   308   262   360 0.69 -
OLMU01003094_1:10826-11728 -            301 779909at2759         -            227   7.8e-19   64.0   0.6   1   5     0.035      0.51    5.7   0.1    63   108     7    53     4    70 0.71 -
OLMU01003094_1:10826-11728 -            301 779909at2759         -            227   7.8e-19   64.0   0.6   2   5   4.7e-06   6.9e-05   18.3   0.1     3   111    25   140    23   148 0.83 -
OLMU01003094_1:10826-11728 -            301 779909at2759         -            227   7.8e-19   64.0   0.6   3   5   5.6e-11   8.3e-10   34.4   0.0     5    98   112   213   111   219 0.83 -
OLMU01003094_1:10826-11728 -            301 779909at2759         -            227   7.8e-19   64.0   0.6   4   5    0.0011     0.016   10.6   0.0    62    95   227   260   220   271 0.89 -
OLMU01003094_1:10826-11728 -            301 779909at2759         -            227   7.8e-19   64.0   0.6   5   5      0.15       2.2    3.6   0.0    65    93   273   301   266   301 0.91 -
OLMU01003259_1:5261-6109   -            283 779909at2759         -            227   3.5e-18   61.8   0.1   1   5     0.001     0.015   10.7   0.0    64    96     2    34     1    47 0.90 -
OLMU01003259_1:5261-6109   -            283 779909at2759         -            227   3.5e-18   61.8   0.1   2   5   0.00028    0.0042   12.5   0.0    62   107    42    90    35    95 0.78 -
OLMU01003259_1:5261-6109   -            283 779909at2759         -            227   3.5e-18   61.8   0.1   3   5    0.0006    0.0089   11.4   0.0    61    96    86   121    80   128 0.88 -
OLMU01003259_1:5261-6109   -            283 779909at2759         -            227   3.5e-18   61.8   0.1   4   5   0.00018    0.0027   13.1   0.0     3    98   106   207   104   214 0.76 -
OLMU01003259_1:5261-6109   -            283 779909at2759         -            227   3.5e-18   61.8   0.1   5   5   7.7e-06   0.00011   17.6   0.0    59    96   212   249   206   261 0.88 -
OLMU01002643_1:1666-3134   -            462 779909at2759         -            227     7e-17   57.6   4.5   1   4      0.98        15    0.9   0.0    67    99    85   117    73   156 0.58 -
OLMU01002643_1:1666-3134   -            462 779909at2759         -            227     7e-17   57.6   4.5   2   4       1.4        20    0.5   0.0    72   106   132   166   118   170 0.74 -
OLMU01002643_1:1666-3134   -            462 779909at2759         -            227     7e-17   57.6   4.5   3   4   3.6e-07   5.3e-06   22.0   0.1     8    98   146   242   140   248 0.81 -
OLMU01002643_1:1666-3134   -            462 779909at2759         -            227     7e-17   57.6   4.5   4   4   3.1e-08   4.6e-07   25.5   1.0    61    98   247   284   242   372 0.88 -
OLMU01003908_1:3424-4107   -            228 779909at2759         -            227   7.9e-17   57.4   0.2   1   5     0.066      0.98    4.8   0.0   167   186    24    43    16    55 0.72 -
OLMU01003908_1:3424-4107   -            228 779909at2759         -            227   7.9e-17   57.4   0.2   2   5    0.0071      0.11    7.9   0.0   165   181    85   101    59   104 0.59 -
OLMU01003908_1:3424-4107   -            228 779909at2759         -            227   7.9e-17   57.4   0.2   3   5   5.4e-06     8e-05   18.1   0.0    58    98   106   146   101   153 0.89 -
OLMU01003908_1:3424-4107   -            228 779909at2759         -            227   7.9e-17   57.4   0.2   4   5   9.9e-06   0.00015   17.3   0.0    59   100   149   190   145   200 0.84 -
OLMU01003908_1:3424-4107   -            228 779909at2759         -            227   7.9e-17   57.4   0.2   5   5       0.1       1.5    4.1   0.0    68    94   201   227   191   228 0.87 -
OLMU01000925_1:1260-2069   -            270 779909at2759         -            227   2.4e-16   55.9   0.1   1   4     0.002      0.03    9.7   0.0    69    96    12    39     4    43 0.90 -
OLMU01000925_1:1260-2069   -            270 779909at2759         -            227   2.4e-16   55.9   0.1   2   4    0.0073      0.11    7.9   0.0    68   108    99   140    82   142 0.83 -
OLMU01000925_1:1260-2069   -            270 779909at2759         -            227   2.4e-16   55.9   0.1   3   4   2.5e-07   3.6e-06   22.5   0.0    56   126   129   212   126   221 0.77 -
OLMU01000925_1:1260-2069   -            270 779909at2759         -            227   2.4e-16   55.9   0.1   4   4   0.00016    0.0024   13.3   0.0    69    96   243   270   231   270 0.92 -
OLMU01001380_1:123-995     -            291 779909at2759         -            227   2.9e-16   55.6   0.3   1   4      0.63       9.3    1.6   0.0    63    96     3    37     1    41 0.74 -
OLMU01001380_1:123-995     -            291 779909at2759         -            227   2.9e-16   55.6   0.3   2   4    0.0026     0.039    9.4   0.0    62    97    52    87    41    93 0.84 -
OLMU01001380_1:123-995     -            291 779909at2759         -            227   2.9e-16   55.6   0.3   3   4   2.5e-07   3.6e-06   22.5   0.1    47    95    80   127    79   136 0.91 -
OLMU01001380_1:123-995     -            291 779909at2759         -            227   2.9e-16   55.6   0.3   4   4   2.5e-07   3.6e-06   22.5   0.0     2   107   160   268   158   287 0.78 -
OLMU01002127_1:1842-2827   -            274 779909at2759         -            227   4.2e-16   55.0   0.0   1   3    0.0016     0.024   10.0   0.0     3    53    43    99    40   106 0.77 -
OLMU01002127_1:1842-2827   -            274 779909at2759         -            227   4.2e-16   55.0   0.0   2   3   2.4e-09   3.6e-08   29.1   0.0     3    97   135   232   133   238 0.88 -
OLMU01002127_1:1842-2827   -            274 779909at2759         -            227   4.2e-16   55.0   0.0   3   3     3e-05   0.00045   15.7   0.0    47    95   225   272   225   273 0.90 -
OLMU01003150_1:1955-3262   -            436 779909at2759         -            227   6.3e-16   54.5   0.0   1   5   5.2e-07   7.7e-06   21.5   0.0     5    98   134   234   130   243 0.76 -
OLMU01003150_1:1955-3262   -            436 779909at2759         -            227   6.3e-16   54.5   0.0   2   5       3.6        54   -0.9   0.0    76   100   258   282   251   293 0.81 -
OLMU01003150_1:1955-3262   -            436 779909at2759         -            227   6.3e-16   54.5   0.0   3   5    0.0001    0.0015   13.9   0.0    41    98   280   339   267   352 0.69 -
OLMU01003150_1:1955-3262   -            436 779909at2759         -            227   6.3e-16   54.5   0.0   4   5    0.0016     0.024   10.0   0.0    68    99   357   388   346   397 0.84 -
OLMU01003150_1:1955-3262   -            436 779909at2759         -            227   6.3e-16   54.5   0.0   5   5      0.24       3.6    2.9   0.0    69    96   407   434   390   436 0.75 -
OLMU01004180_1:4036-5397   -            454 779909at2759         -            227   3.5e-15   52.0   0.1   1   5   8.5e-07   1.3e-05   20.8   0.0    47    97    92   142    83   148 0.94 -
OLMU01004180_1:4036-5397   -            454 779909at2759         -            227   3.5e-15   52.0   0.1   2   5       1.1        17    0.7   0.1   162   182   171   191   164   194 0.80 -
OLMU01004180_1:4036-5397   -            454 779909at2759         -            227   3.5e-15   52.0   0.1   3   5       7.4   1.1e+02   -1.9   0.0    67   105   207   247   193   255 0.65 -
OLMU01004180_1:4036-5397   -            454 779909at2759         -            227   3.5e-15   52.0   0.1   4   5   8.7e-05    0.0013   14.2   0.0    50   103   276   329   220   337 0.79 -
OLMU01004180_1:4036-5397   -            454 779909at2759         -            227   3.5e-15   52.0   0.1   5   5    0.0019     0.028    9.8   0.0    66    98   335   367   329   370 0.89 -
OLMU01003465_1:1-2161      -            662 779909at2759         -            227   7.5e-15   50.9   2.6   1   5   4.9e-07   7.3e-06   21.5   0.0    62   104   161   203   120   207 0.87 -
OLMU01003465_1:1-2161      -            662 779909at2759         -            227   7.5e-15   50.9   2.6   2   5      0.47         7    2.0   0.5    97   181   263   355   217   360 0.46 -
OLMU01003465_1:1-2161      -            662 779909at2759         -            227   7.5e-15   50.9   2.6   3   5   5.8e-05   0.00085   14.8   0.0    45   108   478   539   461   544 0.89 -
OLMU01003465_1:1-2161      -            662 779909at2759         -            227   7.5e-15   50.9   2.6   4   5       3.5        52   -0.9   0.0    81    95   568   582   559   589 0.63 -
OLMU01003465_1:1-2161      -            662 779909at2759         -            227   7.5e-15   50.9   2.6   5   5     0.016      0.24    6.8   0.0    58    97   604   643   599   662 0.83 -
OLMU01000266_1:1028-4038   -            891 779909at2759         -            227   1.3e-14   50.1   4.0   1   7      0.18       2.7    3.3   0.3    12    94    48   134    39   139 0.62 -
OLMU01000266_1:1028-4038   -            891 779909at2759         -            227   1.3e-14   50.1   4.0   2   7   0.00089     0.013   10.9   0.0    61    98   151   188   144   205 0.87 -
OLMU01000266_1:1028-4038   -            891 779909at2759         -            227   1.3e-14   50.1   4.0   3   7       7.4   1.1e+02   -1.9   0.0    49    98   325   375   323   381 0.82 -
OLMU01000266_1:1028-4038   -            891 779909at2759         -            227   1.3e-14   50.1   4.0   4   7    0.0012     0.017   10.5   0.0    57    97   376   416   367   461 0.66 -
OLMU01000266_1:1028-4038   -            891 779909at2759         -            227   1.3e-14   50.1   4.0   5   7      0.63       9.4    1.6   0.0    63   109   425   470   420   486 0.64 -
OLMU01000266_1:1028-4038   -            891 779909at2759         -            227   1.3e-14   50.1   4.0   6   7   2.3e-05   0.00034   16.1   0.0     5   128   444   587   440   594 0.61 -
OLMU01000266_1:1028-4038   -            891 779909at2759         -            227   1.3e-14   50.1   4.0   7   7       0.5       7.5    1.9   0.0    65    97   616   648   604   658 0.85 -
OLMU01001683_1:10644-11186 -            181 779909at2759         -            227   2.1e-13   46.2   0.7   1   2   1.8e-05   0.00027   16.4   0.0    57    97     7    51     4    59 0.88 -
OLMU01001683_1:10644-11186 -            181 779909at2759         -            227   2.1e-13   46.2   0.7   2   2   3.9e-11   5.8e-10   35.0   0.1     3   109    35   158    34   170 0.78 -
OLMU01001348_1:9194-10006  -            271 779909at2759         -            227   5.9e-13   44.7   0.5   1   5       1.3        19    0.6   0.0     5    17     1    13     1    17 0.73 -
OLMU01001348_1:9194-10006  -            271 779909at2759         -            227   5.9e-13   44.7   0.5   2   5       0.3       4.4    2.6   0.0    62   100    46    83    32    86 0.77 -
OLMU01001348_1:9194-10006  -            271 779909at2759         -            227   5.9e-13   44.7   0.5   3   5   5.1e-05   0.00075   15.0   0.1    56    98    81   123    71   134 0.87 -
OLMU01001348_1:9194-10006  -            271 779909at2759         -            227   5.9e-13   44.7   0.5   4   5   0.00049    0.0072   11.7   0.0    22    97   138   208   125   220 0.80 -
OLMU01001348_1:9194-10006  -            271 779909at2759         -            227   5.9e-13   44.7   0.5   5   5    0.0021     0.031    9.7   0.0   184   209   224   251   217   271 0.64 -
OLMU01001959_1:3987-5936   -            650 779909at2759         -            227   1.4e-12   43.5   1.0   1   5   0.00067    0.0099   11.3   0.0    60   119    64   127    51   140 0.83 -
OLMU01001959_1:3987-5936   -            650 779909at2759         -            227   1.4e-12   43.5   1.0   2   5    0.0011     0.017   10.6   0.0   162   181   267   286   205   299 0.76 -
OLMU01001959_1:3987-5936   -            650 779909at2759         -            227   1.4e-12   43.5   1.0   3   5     0.055      0.82    5.0   0.0    63   112   346   395   334   406 0.85 -
OLMU01001959_1:3987-5936   -            650 779909at2759         -            227   1.4e-12   43.5   1.0   4   5      0.11       1.7    4.0   0.1    62   126   474   553   414   559 0.52 -
OLMU01001959_1:3987-5936   -            650 779909at2759         -            227   1.4e-12   43.5   1.0   5   5     0.074       1.1    4.6   0.0    20    96   561   643   554   647 0.67 -
OLMU01004682_1:1041-2054   -            312 779909at2759         -            227   3.1e-12   42.4   1.1   1   3   7.6e-05    0.0011   14.4   0.1    53    99    50    96    33   111 0.83 -
OLMU01004682_1:1041-2054   -            312 779909at2759         -            227   3.1e-12   42.4   1.1   2   3      0.01      0.15    7.4   0.0    49    99   129   180    95   208 0.69 -
OLMU01004682_1:1041-2054   -            312 779909at2759         -            227   3.1e-12   42.4   1.1   3   3     8e-06   0.00012   17.6   0.1     6    94   211   305   204   310 0.82 -
OLMU01003597_1:4924-5451   -            176 779909at2759         -            227   9.6e-12   40.8   1.5   1   3   0.00039    0.0058   12.0   0.1    63    97     2    36     1    38 0.89 -
OLMU01003597_1:4924-5451   -            176 779909at2759         -            227   9.6e-12   40.8   1.5   2   3   1.1e-05   0.00017   17.1   0.0    58    99    39    80    34    95 0.86 -
OLMU01003597_1:4924-5451   -            176 779909at2759         -            227   9.6e-12   40.8   1.5   3   3    0.0018     0.027    9.9   0.1     3    27   139   163   135   172 0.72 -
OLMU01005511_1:1-921       -            307 779909at2759         -            227   1.1e-11   40.6   1.2   1   3     0.005     0.074    8.4   0.0    46    98    45    95    18    96 0.83 -
OLMU01005511_1:1-921       -            307 779909at2759         -            227   1.1e-11   40.6   1.2   2   3   2.9e-06   4.3e-05   19.0   0.1    12    99    46   139    37   167 0.77 -
OLMU01005511_1:1-921       -            307 779909at2759         -            227   1.1e-11   40.6   1.2   3   3   1.2e-05   0.00017   17.0   0.1     6    95   184   279   178   283 0.80 -
OLMU01003376_1:1461-2405   -            315 779909at2759         -            227   1.3e-11   40.3   0.2   1   3      0.22       3.2    3.1   0.0    57    97    52    94    22   109 0.72 -
OLMU01003376_1:1461-2405   -            315 779909at2759         -            227   1.3e-11   40.3   0.2   2   3   1.8e-06   2.7e-05   19.7   0.0     9   101    84   181    77   187 0.77 -
OLMU01003376_1:1461-2405   -            315 779909at2759         -            227   1.3e-11   40.3   0.2   3   3   6.1e-05    0.0009   14.7   0.0     2    95   207   308   206   312 0.69 -
OLMU01004545_1:9-632       -            208 779909at2759         -            227   2.7e-11   39.3   0.0   1   3   5.6e-08   8.2e-07   24.6   0.0    29    97     5    79     2   100 0.88 -
OLMU01004545_1:9-632       -            208 779909at2759         -            227   2.7e-11   39.3   0.0   2   3   2.1e-06   3.1e-05   19.5   0.0     3    97    63   162    61   170 0.77 -
OLMU01004545_1:9-632       -            208 779909at2759         -            227   2.7e-11   39.3   0.0   3   3       1.2        17    0.7   0.0   185   204   177   196   168   204 0.71 -
OLMU01004252_1:200-1009    -            270 779909at2759         -            227   2.9e-11   39.2   0.2   1   4       2.2        32   -0.2   0.0    81   101     2    22     1    31 0.81 -
OLMU01004252_1:200-1009    -            270 779909at2759         -            227   2.9e-11   39.2   0.2   2   4      0.71        11    1.4   0.0     6    23    51    69    48    76 0.80 -
OLMU01004252_1:200-1009    -            270 779909at2759         -            227   2.9e-11   39.2   0.2   3   4    0.0023     0.034    9.5   0.0    61    96   153   188   143   216 0.79 -
OLMU01004252_1:200-1009    -            270 779909at2759         -            227   2.9e-11   39.2   0.2   4   4   3.4e-09   5.1e-08   28.6   0.0     3    93   173   267   171   270 0.88 -
OLMU01005918_1:124-873     -            250 779909at2759         -            227   1.2e-10   37.2   0.3   1   5    0.0035     0.052    8.9   0.0    74   101    11    38     1    42 0.82 -
OLMU01005918_1:124-873     -            250 779909at2759         -            227   1.2e-10   37.2   0.3   2   5   0.00011    0.0016   13.8   0.0    57    99    36    78    33    92 0.87 -
OLMU01005918_1:124-873     -            250 779909at2759         -            227   1.2e-10   37.2   0.3   3   5   4.8e-06   7.1e-05   18.3   0.3     4    96    61   160    60   200 0.75 -
OLMU01005918_1:124-873     -            250 779909at2759         -            227   1.2e-10   37.2   0.3   4   5       3.1        46   -0.7   0.0     6    44   191   235   186   237 0.54 -
OLMU01005918_1:124-873     -            250 779909at2759         -            227   1.2e-10   37.2   0.3   5   5       2.5        37   -0.4   0.0   181   206   219   244   205   249 0.74 -
OLMU01005352_1:8714-9274   -            187 779909at2759         -            227   1.3e-10   37.1   0.6   1   2   1.1e-09   1.6e-08   30.2   0.4    62   180    18   144     9   151 0.83 -
OLMU01005352_1:8714-9274   -            187 779909at2759         -            227   1.3e-10   37.1   0.6   2   2      0.22       3.3    3.0   0.0    62    92   154   184   145   187 0.78 -
OLMU01006035_1:5-4270      -            990 779909at2759         -            227   1.9e-10   36.5   0.0   1   3   0.00026    0.0039   12.6   0.0    98   182   553   640   548   643 0.82 -
OLMU01006035_1:5-4270      -            990 779909at2759         -            227   1.9e-10   36.5   0.0   2   3   0.00029    0.0043   12.5   0.0    12   108   665   759   660   789 0.77 -
OLMU01006035_1:5-4270      -            990 779909at2759         -            227   1.9e-10   36.5   0.0   3   3     0.019      0.29    6.5   0.0    68    97   869   898   863   915 0.83 -
OLMU01003573_1:768-1957    -            325 779909at2759         -            227   2.6e-10   36.1   0.0   1   4     0.001     0.015   10.7   0.0    62    94     5    37     2    41 0.91 -
OLMU01003573_1:768-1957    -            325 779909at2759         -            227   2.6e-10   36.1   0.0   2   4      0.15       2.2    3.6   0.0   162   181    61    79    46    93 0.64 -
OLMU01003573_1:768-1957    -            325 779909at2759         -            227   2.6e-10   36.1   0.0   3   4   6.4e-05   0.00095   14.6   0.0    46    96   172   221   145   253 0.82 -
OLMU01003573_1:768-1957    -            325 779909at2759         -            227   2.6e-10   36.1   0.0   4   4      0.71        10    1.4   0.0    61    92   283   314   268   321 0.83 -
OLMU01001942_1:6956-7789   -            278 779909at2759         -            227   1.7e-09   33.4   0.1   1   4      0.19       2.9    3.2   0.0    76    96    13    33     4    39 0.82 -
OLMU01001942_1:6956-7789   -            278 779909at2759         -            227   1.7e-09   33.4   0.1   2   4       1.3        19    0.5   0.0    81    96    84    99    70   119 0.66 -
OLMU01001942_1:6956-7789   -            278 779909at2759         -            227   1.7e-09   33.4   0.1   3   4   4.2e-05   0.00062   15.2   0.0    46   100   140   194   121   211 0.80 -
OLMU01001942_1:6956-7789   -            278 779909at2759         -            227   1.7e-09   33.4   0.1   4   4    0.0032     0.047    9.1   0.0    62    95   245   278   220   278 0.82 -
OLMU01001653_1:35-862      -            276 779909at2759         -            227   6.4e-09   31.5   0.2   1   2   4.7e-07     7e-06   21.6   0.0     3   105    17   130    15   160 0.78 -
OLMU01001653_1:35-862      -            276 779909at2759         -            227   6.4e-09   31.5   0.2   2   2     0.077       1.1    4.5   0.0    59    98   195   234   183   242 0.78 -
OLMU01000130_1:4016-4444   -            143 779909at2759         -            227   1.2e-08   30.7   1.6   1   3   0.00081     0.012   11.0   0.1    65    98     2    36     1    41 0.80 -
OLMU01000130_1:4016-4444   -            143 779909at2759         -            227   1.2e-08   30.7   1.6   2   3   0.00029    0.0043   12.5   0.0    59   106    43    93    37   104 0.77 -
OLMU01000130_1:4016-4444   -            143 779909at2759         -            227   1.2e-08   30.7   1.6   3   3     0.026      0.39    6.1   0.0    79    98   107   126    88   137 0.74 -
OLMU01000932_1:6224-7879   -            552 779909at2759         -            227   1.7e-08   30.2   4.7   1   5       5.8        86   -1.6   0.2   184   206    17    39     4    52 0.57 -
OLMU01000932_1:6224-7879   -            552 779909at2759         -            227   1.7e-08   30.2   4.7   2   5   5.5e-08   8.1e-07   24.7   0.1    28   104   163   251   152   295 0.76 -
OLMU01000932_1:6224-7879   -            552 779909at2759         -            227   1.7e-08   30.2   4.7   3   5      0.79        12    1.2   0.0   132   166   316   350   299   379 0.75 -
OLMU01000932_1:6224-7879   -            552 779909at2759         -            227   1.7e-08   30.2   4.7   4   5      0.81        12    1.2   0.0    35    92   345   409   334   432 0.67 -
OLMU01000932_1:6224-7879   -            552 779909at2759         -            227   1.7e-08   30.2   4.7   5   5      0.53       7.8    1.8   0.0    66    98   476   508   430   516 0.76 -
OLMU01000248_1:2779-3654   -            292 779909at2759         -            227   1.7e-08   30.1   0.1   1   5   0.00091     0.014   10.9   0.0    59    97     3    42     1    50 0.84 -
OLMU01000248_1:2779-3654   -            292 779909at2759         -            227   1.7e-08   30.1   0.1   2   5      0.87        13    1.1   0.0    72    97    68    93    62    98 0.73 -
OLMU01000248_1:2779-3654   -            292 779909at2759         -            227   1.7e-08   30.1   0.1   3   5       1.6        23    0.3   0.0   187   202   122   137   104   153 0.80 -
OLMU01000248_1:2779-3654   -            292 779909at2759         -            227   1.7e-08   30.1   0.1   4   5    0.0058     0.086    8.2   0.0    60   104   162   206   143   211 0.80 -
OLMU01000248_1:2779-3654   -            292 779909at2759         -            227   1.7e-08   30.1   0.1   5   5      0.19       2.9    3.2   0.0    63    95   207   239   203   268 0.82 -
OLMU01000435_1:21279-21947 -            223 779909at2759         -            227   2.5e-08   29.6   0.2   1   3     2e-06   2.9e-05   19.6   0.0    57   108    27    80    23    91 0.78 -
OLMU01000435_1:21279-21947 -            223 779909at2759         -            227   2.5e-08   29.6   0.2   2   3     0.019      0.27    6.6   0.0    58   107    71   120    66   130 0.81 -
OLMU01000435_1:21279-21947 -            223 779909at2759         -            227   2.5e-08   29.6   0.2   3   3      0.59       8.7    1.7   0.0    46    60   150   164   123   205 0.56 -
OLMU01003000_1:4848-5213   -            122 779909at2759         -            227   3.2e-08   29.3   1.1   1   2    0.0011     0.016   10.6   0.1    64   102     3    41     2    64 0.73 -
OLMU01003000_1:4848-5213   -            122 779909at2759         -            227   3.2e-08   29.3   1.1   2   2   1.1e-07   1.6e-06   23.7   0.1     3    96    20   122    18   122 0.80 -
OLMU01000154_1:16419-16937 -            173 779909at2759         -            227   3.3e-08   29.2   1.1   1   3      0.23       3.4    3.0   0.3   117   182     7    69     4    71 0.64 -
OLMU01000154_1:16419-16937 -            173 779909at2759         -            227   3.3e-08   29.2   1.1   2   3   0.00059    0.0087   11.5   0.0    59    97    89   127    82   135 0.82 -
OLMU01000154_1:16419-16937 -            173 779909at2759         -            227   3.3e-08   29.2   1.1   3   3   1.3e-05   0.00019   16.9   0.0    48    97   121   170   119   172 0.96 -
OLMU01005203_1:288-923     -            212 779909at2759         -            227   4.2e-08   28.9   0.0   1   3      0.13       1.9    3.8   0.0    99   132    18    54    11    59 0.82 -
OLMU01005203_1:288-923     -            212 779909at2759         -            227   4.2e-08   28.9   0.0   2   3    0.0035     0.052    8.9   0.0    55   104    53   102    42   110 0.85 -
OLMU01005203_1:288-923     -            212 779909at2759         -            227   4.2e-08   28.9   0.0   3   3   0.00012    0.0017   13.8   0.0    65    97   170   202   150   207 0.82 -
OLMU01000932_1:7046-7816   -            257 779909at2759         -            227     7e-08   28.1   0.2   1   2       8.6   1.3e+02   -2.2   0.0    33    48     7    22     5    37 0.78 -
OLMU01000932_1:7046-7816   -            257 779909at2759         -            227     7e-08   28.1   0.2   2   2   1.5e-08   2.3e-07   26.5   0.1    28   104   142   230   131   249 0.73 -
OLMU01000172_1:5667-6107   -            147 779909at2759         -            227     1e-07   27.6   1.1   1   3   4.5e-06   6.7e-05   18.4   0.0    57    99    24    66    19    73 0.88 -
OLMU01000172_1:5667-6107   -            147 779909at2759         -            227     1e-07   27.6   1.1   2   3     0.027      0.41    6.0   0.2    63    95    74   104    66   113 0.79 -
OLMU01000172_1:5667-6107   -            147 779909at2759         -            227     1e-07   27.6   1.1   3   3       1.5        22    0.3   0.0    78    96   128   146   115   147 0.84 -
OLMU01005783_1:50-661      -            204 779909at2759         -            227   3.1e-07   26.0   0.1   1   3   4.9e-06   7.3e-05   18.3   0.0    46    98    15    68     5    79 0.91 -
OLMU01005783_1:50-661      -            204 779909at2759         -            227   3.1e-07   26.0   0.1   2   3      0.36       5.4    2.3   0.0    55    95    76   116    72   120 0.83 -
OLMU01005783_1:50-661      -            204 779909at2759         -            227   3.1e-07   26.0   0.1   3   3       0.9        13    1.1   0.0    73    95   179   201   150   203 0.70 -
OLMU01003601_1:211-894     -            228 779909at2759         -            227   3.8e-07   25.7   0.2   1   3    0.0018     0.027    9.9   0.0    71    99     3    31     1    38 0.85 -
OLMU01003601_1:211-894     -            228 779909at2759         -            227   3.8e-07   25.7   0.2   2   3    0.0023     0.034    9.6   0.0    61    99    38    76    29   124 0.75 -
OLMU01003601_1:211-894     -            228 779909at2759         -            227   3.8e-07   25.7   0.2   3   3      0.15       2.2    3.6   0.0    69    95   180   206   155   214 0.75 -
OLMU01005414_1:1162-3769   -            810 779909at2759         -            227     4e-07   25.7   0.0   1   4    0.0026     0.038    9.4   0.0    72    97   453   478   446   487 0.87 -
OLMU01005414_1:1162-3769   -            810 779909at2759         -            227     4e-07   25.7   0.0   2   4      0.44       6.5    2.1   0.0   101   129   649   677   585   699 0.71 -
OLMU01005414_1:1162-3769   -            810 779909at2759         -            227     4e-07   25.7   0.0   3   4     0.016      0.24    6.7   0.0    64    94   723   753   716   760 0.89 -
OLMU01005414_1:1162-3769   -            810 779909at2759         -            227     4e-07   25.7   0.0   4   4       1.2        18    0.6   0.0    71    90   785   804   768   808 0.84 -
OLMU01000643_1:1517-1864   -            116 779909at2759         -            227   6.8e-07   24.9   0.2   1   2      0.14       2.1    3.7   0.0    70   126     4    30     1    47 0.56 -
OLMU01000643_1:1517-1864   -            116 779909at2759         -            227   6.8e-07   24.9   0.2   2   2   1.8e-07   2.7e-06   23.0   0.2     5    95    17   113    13   115 0.84 -
OLMU01001386_1:5883-7385   -            501 779909at2759         -            227   8.2e-07   24.7   0.2   1   4      0.83        12    1.2   0.0    73   103   143   173   127   185 0.88 -
OLMU01001386_1:5883-7385   -            501 779909at2759         -            227   8.2e-07   24.7   0.2   2   4    0.0029     0.043    9.2   0.0    64    97   183   216   172   229 0.82 -
OLMU01001386_1:5883-7385   -            501 779909at2759         -            227   8.2e-07   24.7   0.2   3   4     0.008      0.12    7.8   0.0     4    18   259   273   257   282 0.85 -
OLMU01001386_1:5883-7385   -            501 779909at2759         -            227   8.2e-07   24.7   0.2   4   4       1.5        22    0.4   0.0    11    31   318   339   312   353 0.76 -
OLMU01004435_1:691-1386    -            232 779909at2759         -            227   9.9e-07   24.4   0.0   1   3    0.0025     0.037    9.4   0.0    63   102     2    41     1    49 0.85 -
OLMU01004435_1:691-1386    -            232 779909at2759         -            227   9.9e-07   24.4   0.0   2   3   0.00092     0.014   10.8   0.0    46    98    99   152    76   156 0.84 -
OLMU01004435_1:691-1386    -            232 779909at2759         -            227   9.9e-07   24.4   0.0   3   3       2.8        41   -0.5   0.0     4    20   213   229   208   231 0.71 -
OLMU01004948_1:15981-16634 -            218 779909at2759         -            227   1.1e-06   24.3   0.6   1   4      0.15       2.2    3.6   0.0    65    99    13    47     3    59 0.85 -
OLMU01004948_1:15981-16634 -            218 779909at2759         -            227   1.1e-06   24.3   0.6   2   4      0.36       5.3    2.4   0.0    67   101    62    96    49   104 0.82 -
OLMU01004948_1:15981-16634 -            218 779909at2759         -            227   1.1e-06   24.3   0.6   3   4    0.0048     0.071    8.5   0.0    58   102    94   138    83   144 0.81 -
OLMU01004948_1:15981-16634 -            218 779909at2759         -            227   1.1e-06   24.3   0.6   4   4     0.016      0.24    6.8   0.1    66   108   147   190   140   203 0.77 -
OLMU01001292_1:15644-16297 -            218 779909at2759         -            227   1.4e-06   23.9   0.1   1   2    0.0019     0.028    9.8   0.0    64   103     2    42     1    47 0.80 -
OLMU01001292_1:15644-16297 -            218 779909at2759         -            227   1.4e-06   23.9   0.1   2   2   0.00044    0.0065   11.9   0.0    62    98    46    82    41   105 0.85 -
OLMU01002469_1:3594-3821   -             76 779909at2759         -            227   1.6e-06   23.7   0.1   1   2   2.2e-05   0.00033   16.1   0.0    66   109     2    44     1    49 0.81 -
OLMU01002469_1:3594-3821   -             76 779909at2759         -            227   1.6e-06   23.7   0.1   2   2     0.023      0.34    6.3   0.0   154   180    49    75    45    76 0.73 -
OLMU01000435_1:8676-9197   -            174 779909at2759         -            227   1.6e-06   23.7   0.2   1   3     0.035      0.51    5.7   0.0    65    97     2    35     1    47 0.76 -
OLMU01000435_1:8676-9197   -            174 779909at2759         -            227   1.6e-06   23.7   0.2   2   3     0.022      0.33    6.3   0.0    63    95    54    86    43    93 0.78 -
OLMU01000435_1:8676-9197   -            174 779909at2759         -            227   1.6e-06   23.7   0.2   3   3    0.0066     0.097    8.0   0.0    67    98   105   137    91   149 0.76 -
OLMU01005161_1:2310-3011   -            234 779909at2759         -            227     2e-06   23.4   1.0   1   2       5.1        75   -1.4   0.0   168   184    22    39    15    48 0.64 -
OLMU01005161_1:2310-3011   -            234 779909at2759         -            227     2e-06   23.4   1.0   2   2   1.1e-06   1.7e-05   20.4   0.1    29    98   121   201    82   229 0.75 -
OLMU01000643_1:2213-2833   -            207 779909at2759         -            227   3.1e-06   22.8   0.0   1   1   4.1e-07   6.1e-06   21.8   0.0    59    98     3    42     1    54 0.89 -
OLMU01001435_1:19996-23655 -           1220 779909at2759         -            227   3.5e-06   22.6   0.0   1   3       2.2        33   -0.2   0.0   116   131   378   393   315   400 0.78 -
OLMU01001435_1:19996-23655 -           1220 779909at2759         -            227   3.5e-06   22.6   0.0   2   3       5.8        86   -1.6   0.0     3   191   490   514   486   516 0.57 -
OLMU01001435_1:19996-23655 -           1220 779909at2759         -            227   3.5e-06   22.6   0.0   3   3   4.8e-06   7.1e-05   18.3   0.0    64   119   790   846   764   851 0.82 -
OLMU01003236_1:259-870     -            204 779909at2759         -            227     4e-06   22.4   0.1   1   4      0.24       3.6    2.9   0.0   117   148     5    37     3    65 0.71 -
OLMU01003236_1:259-870     -            204 779909at2759         -            227     4e-06   22.4   0.1   2   4    0.0039     0.057    8.8   0.1    68    98    83   114    58   160 0.64 -
OLMU01003236_1:259-870     -            204 779909at2759         -            227     4e-06   22.4   0.1   3   4    0.0021     0.031    9.7   0.0    45    99   104   163    90   180 0.70 -
OLMU01003236_1:259-870     -            204 779909at2759         -            227     4e-06   22.4   0.1   4   4    0.0072      0.11    7.9   0.0    45    94   152   203   118   204 0.71 -
OLMU01005349_1:532-1167    -            212 779909at2759         -            227   4.1e-06   22.4   0.3   1   3     7e-05     0.001   14.5   0.2    71   128     7    79     1    80 0.63 -
OLMU01005349_1:532-1167    -            212 779909at2759         -            227   4.1e-06   22.4   0.3   2   3     0.012      0.17    7.2   0.0    72   107    53    88    44    93 0.74 -
OLMU01005349_1:532-1167    -            212 779909at2759         -            227   4.1e-06   22.4   0.3   3   3       3.8        56   -1.0   0.0    82   125   169   182   148   194 0.62 -
OLMU01000076_1:619-1150    -            128 779909at2759         -            227   7.6e-06   21.5   0.8   1   1   2.9e-06   4.3e-05   19.0   0.5    57   133    11    84     1    88 0.75 -
OLMU01003274_1:3833-4540   -            236 779909at2759         -            227   9.7e-06   21.1   0.1   1   4     0.046      0.68    5.3   0.0    75   106     9    39     2    44 0.74 -
OLMU01003274_1:3833-4540   -            236 779909at2759         -            227   9.7e-06   21.1   0.1   2   4      0.16       2.3    3.5   0.0     3    25    59    82    57    91 0.75 -
OLMU01003274_1:3833-4540   -            236 779909at2759         -            227   9.7e-06   21.1   0.1   3   4     0.014      0.21    7.0   0.0     4    40   127   163    98   177 0.87 -
OLMU01003274_1:3833-4540   -            236 779909at2759         -            227   9.7e-06   21.1   0.1   4   4       3.4        51   -0.8   0.0    79    93   221   235   202   236 0.80 -
OLMU01003464_1:4393-5300   -            271 779909at2759         -            227   9.8e-06   21.1   0.0   1   1   2.1e-06   3.1e-05   19.5   0.0     2   116     3   123     2   141 0.83 -
OLMU01000073_1:4879-5505   -            209 779909at2759         -            227     1e-05   21.1   0.3   1   3   5.9e-05   0.00088   14.7   0.0    55    99    55   100    35   107 0.81 -
OLMU01000073_1:4879-5505   -            209 779909at2759         -            227     1e-05   21.1   0.3   2   3      0.17       2.6    3.4   0.0    61    97   106   143   100   151 0.74 -
OLMU01000073_1:4879-5505   -            209 779909at2759         -            227     1e-05   21.1   0.3   3   3       3.9        57   -1.0   0.0    55    90   164   200   161   206 0.73 -
OLMU01002033_1:2562-2834   -             91 779909at2759         -            227   1.8e-05   20.2   0.1   1   1     2e-06     3e-05   19.5   0.1    65    95    61    91    13    91 0.80 -
OLMU01006518_1:1150-1635   -            162 779909at2759         -            227   8.4e-05   18.1   0.2   1   3    0.0098      0.15    7.5   0.0    79    96    22    39     7    46 0.60 -
OLMU01006518_1:1150-1635   -            162 779909at2759         -            227   8.4e-05   18.1   0.2   2   3       3.8        57   -1.0   0.0    64    93    62    95    48   104 0.70 -
OLMU01006518_1:1150-1635   -            162 779909at2759         -            227   8.4e-05   18.1   0.2   3   3     0.014      0.21    7.0   0.0     2    36   124   159   123   162 0.73 -
OLMU01003028_1:490-1182    -            231 779909at2759         -            227   9.6e-05   17.9   0.1   1   3    0.0042     0.063    8.7   0.0    71   180     4   112     2   115 0.65 -
OLMU01003028_1:490-1182    -            231 779909at2759         -            227   9.6e-05   17.9   0.1   2   3      0.39       5.7    2.3   0.0   118   130   106   118    64   167 0.64 -
OLMU01003028_1:490-1182    -            231 779909at2759         -            227   9.6e-05   17.9   0.1   3   3      0.01      0.15    7.4   0.0     7    98   103   200    98   213 0.66 -
OLMU01000292_1:4685-5128   -            148 779909at2759         -            227   0.00014   17.4   0.1   1   2    0.0006    0.0089   11.4   0.0    66    99     9    42     1    62 0.81 -
OLMU01000292_1:4685-5128   -            148 779909at2759         -            227   0.00014   17.4   0.1   2   2      0.12       1.8    3.9   0.1   114   140    87   113    57   119 0.77 -
OLMU01003141_1:9291-9653   -            121 779909at2759         -            227    0.0002   16.8   0.1   1   2      0.37       5.4    2.3   0.1   169   182     3    16     1    19 0.65 -
OLMU01003141_1:9291-9653   -            121 779909at2759         -            227    0.0002   16.8   0.1   2   2   7.8e-05    0.0012   14.3   0.0    48   105    11    68     8    78 0.81 -
OLMU01002627_1:1214-1978   -            255 779909at2759         -            227   0.00042   15.8   0.0   1   3      0.92        14    1.0   0.0    84   112     2    30     1    42 0.78 -
OLMU01002627_1:1214-1978   -            255 779909at2759         -            227   0.00042   15.8   0.0   2   3    0.0067     0.099    8.0   0.0    45    97    49   108    38   123 0.79 -
OLMU01002627_1:1214-1978   -            255 779909at2759         -            227   0.00042   15.8   0.0   3   3      0.56       8.4    1.7   0.0   193   210   235   252   225   254 0.78 -
OLMU01004942_1:33806-34297 -            164 779909at2759         -            227   0.00045   15.7   0.0   1   2      0.07         1    4.7   0.0    70   179     7    30     2    46 0.61 -
OLMU01004942_1:33806-34297 -            164 779909at2759         -            227   0.00045   15.7   0.0   2   2    0.0033     0.049    9.0   0.0     2    46    60   104    58   135 0.91 -
OLMU01005245_1:2501-3277   -            259 779909at2759         -            227    0.0011   14.4   0.0   1   2     0.067      0.99    4.8   0.0    60    96     7    44     2    51 0.81 -
OLMU01005245_1:2501-3277   -            259 779909at2759         -            227    0.0011   14.4   0.0   2   2      0.01      0.15    7.4   0.0    71   104   145   176    82   189 0.62 -
OLMU01000125_1:2192-2461   -             90 779909at2759         -            227    0.0025   13.2   0.0   1   2      0.11       1.6    4.0   0.0    68    96     5    33     1    47 0.80 -
OLMU01000125_1:2192-2461   -             90 779909at2759         -            227    0.0025   13.2   0.0   2   2    0.0075      0.11    7.9   0.0    65    98    55    88    39    89 0.81 -
OLMU01002573_1:8288-8884   -            199 779909at2759         -            227    0.0054   12.1   0.0   1   2      0.39       5.7    2.3   0.0    83    97    81    95    71    99 0.88 -
OLMU01002573_1:8288-8884   -            199 779909at2759         -            227    0.0054   12.1   0.0   2   2     0.011      0.17    7.3   0.0    68   107   129   168   124   199 0.72 -
#
# Program:         hmmsearch
# Version:         3.1b2 (February 2015)
# Pipeline mode:   SEARCH
# Query file:      /Users/aholzer/ownCloud/PhD/Publications/2021 Liavero-Pasquina et al./analysis/TPP_aptamer_search/busco_downloads/lineages/eukaryota_odb10/hmms/779909at2759.hmm
# Target file:     /Users/aholzer/ownCloud/PhD/Publications/2021 Liavero-Pasquina et al./analysis/TPP_aptamer_search/genomes/BUSCO_eukaryota_obd10/Licmophora_abbreviata_CCMP470/run_eukaryota_odb10/metaeuk_output/initial_results/GCA_900291995.1_CCMP470_genomic.fna.modified.fas
# Option settings: hmmsearch --domtblout /Users/aholzer/ownCloud/PhD/Publications/2021 Liavero-Pasquina et al./analysis/TPP_aptamer_search/genomes/BUSCO_eukaryota_obd10/Licmophora_abbreviata_CCMP470/run_eukaryota_odb10/hmmer_output/initial_run_results/779909at2759.out --cpu 1 /Users/aholzer/ownCloud/PhD/Publications/2021 Liavero-Pasquina et al./analysis/TPP_aptamer_search/busco_downloads/lineages/eukaryota_odb10/hmms/779909at2759.hmm /Users/aholzer/ownCloud/PhD/Publications/2021 Liavero-Pasquina et al./analysis/TPP_aptamer_search/genomes/BUSCO_eukaryota_obd10/Licmophora_abbreviata_CCMP470/run_eukaryota_odb10/metaeuk_output/initial_results/GCA_900291995.1_CCMP470_genomic.fna.modified.fas 
# Current dir:     /Users/aholzer/ownCloud/PhD/Publications/2021 Liavero-Pasquina et al./analysis/TPP_aptamer_search
# Date:            Mon Apr 19 09:19:40 2021
# [ok]
