#                                                                                  --- full sequence --- -------------- this domain -------------   hmm coord   ali coord   env coord
# target name              accession   tlen query name           accession   qlen   E-value  score  bias   #  of  c-Evalue  i-Evalue  score  bias  from    to  from    to  from    to  acc description of target
#      ------------------- ---------- ----- -------------------- ---------- ----- --------- ------ ----- --- --- --------- --------- ------ ----- ----- ----- ----- ----- ----- ----- ---- ---------------------
OLMU01001439_1:3240-5316   -            623 905026at2759         -            402   9.6e-65  214.8   7.3   1   4    0.0013     0.071    7.8   0.1    14    53    21    64    10   100 0.78 -
OLMU01001439_1:3240-5316   -            623 905026at2759         -            402   9.6e-65  214.8   7.3   2   4   5.3e-09   2.8e-07   25.6   0.0    79   149   150   226   134   231 0.86 -
OLMU01001439_1:3240-5316   -            623 905026at2759         -            402   9.6e-65  214.8   7.3   3   4   1.1e-42     6e-41  136.5   5.8   163   326   298   472   257   496 0.85 -
OLMU01001439_1:3240-5316   -            623 905026at2759         -            402   9.6e-65  214.8   7.3   4   4   1.2e-13   6.3e-12   40.9   0.0   335   402   511   592   498   592 0.84 -
OLMU01001430_1:127-1005    -            293 905026at2759         -            402   1.4e-22   76.0   0.4   1   3   5.1e-14   2.7e-12   42.1   0.6   164   283    35   158    18   160 0.85 -
OLMU01001430_1:127-1005    -            293 905026at2759         -            402   1.4e-22   76.0   0.4   2   3   3.6e-07   1.9e-05   19.6   0.0   217   281   159   224   155   228 0.94 -
OLMU01001430_1:127-1005    -            293 905026at2759         -            402   1.4e-22   76.0   0.4   3   3   4.6e-05    0.0024   12.6   0.0   213   279   223   290   220   293 0.90 -
OLMU01001944_1:45-1478     -            478 905026at2759         -            402   1.1e-15   53.3  16.8   1   4      0.25        13    0.3   0.1   189   224    42    77    35    84 0.85 -
OLMU01001944_1:45-1478     -            478 905026at2759         -            402   1.1e-15   53.3  16.8   2   4   9.4e-13     5e-11   37.9   1.9   172   280   166   277   109   279 0.76 -
OLMU01001944_1:45-1478     -            478 905026at2759         -            402   1.1e-15   53.3  16.8   3   4   5.3e-09   2.8e-07   25.6   0.7   209   280   273   345   272   350 0.93 -
OLMU01001944_1:45-1478     -            478 905026at2759         -            402   1.1e-15   53.3  16.8   4   4      0.45        24   -0.5   0.1   340   364   354   378   347   383 0.76 -
OLMU01004489_1:389-1858    -            490 905026at2759         -            402   1.1e-14   50.0   7.9   1   6    0.0041      0.22    6.2   0.1   336   367     3    34     1    42 0.90 -
OLMU01004489_1:389-1858    -            490 905026at2759         -            402   1.1e-14   50.0   7.9   2   6      0.13         7    1.2   0.0   367   367    91    91    36   122 0.55 -
OLMU01004489_1:389-1858    -            490 905026at2759         -            402   1.1e-14   50.0   7.9   3   6    0.0022      0.12    7.1   0.0   246   280   124   158   119   162 0.89 -
OLMU01004489_1:389-1858    -            490 905026at2759         -            402   1.1e-14   50.0   7.9   4   6   3.7e-05     0.002   12.9   0.2   256   367   218   327   208   341 0.92 -
OLMU01004489_1:389-1858    -            490 905026at2759         -            402   1.1e-14   50.0   7.9   5   6    0.0079      0.42    5.3   0.0   335   368   379   412   374   418 0.82 -
OLMU01004489_1:389-1858    -            490 905026at2759         -            402   1.1e-14   50.0   7.9   6   6     1e-05   0.00054   14.8   0.1   330   363   456   489   450   490 0.91 -
OLMU01000430_1:2205-3191   -            329 905026at2759         -            402   4.6e-14   47.9   7.1   1   6    0.0012     0.064    7.9   0.0   335   365     6    36     1    42 0.88 -
OLMU01000430_1:2205-3191   -            329 905026at2759         -            402   4.6e-14   47.9   7.1   2   6   0.00061     0.033    8.9   0.1   331   366    44    79    40   124 0.90 -
OLMU01000430_1:2205-3191   -            329 905026at2759         -            402   4.6e-14   47.9   7.1   3   6     0.022       1.2    3.8   0.0   334   366   131   163   122   168 0.83 -
OLMU01000430_1:2205-3191   -            329 905026at2759         -            402   4.6e-14   47.9   7.1   4   6   0.00023     0.012   10.3   0.3   338   390   177   244   169   245 0.58 -
OLMU01000430_1:2205-3191   -            329 905026at2759         -            402   4.6e-14   47.9   7.1   5   6      0.11       6.1    1.4   0.0   335   364   258   287   252   291 0.87 -
OLMU01000430_1:2205-3191   -            329 905026at2759         -            402   4.6e-14   47.9   7.1   6   6   0.00017    0.0089   10.8   0.0   212   242   295   326   287   329 0.67 -
OLMU01003637_1:765-1655    -            297 905026at2759         -            402   2.1e-13   45.7   1.5   1   5    0.0003     0.016    9.9   0.1   208   243    10    46     6    56 0.88 -
OLMU01003637_1:765-1655    -            297 905026at2759         -            402   2.1e-13   45.7   1.5   2   5      0.83        44   -1.4   0.0   332   369   105   142   101   150 0.80 -
OLMU01003637_1:765-1655    -            297 905026at2759         -            402   2.1e-13   45.7   1.5   3   5   2.7e-05    0.0015   13.4   0.0   335   365   151   181   143   187 0.88 -
OLMU01003637_1:765-1655    -            297 905026at2759         -            402   2.1e-13   45.7   1.5   4   5   9.9e-05    0.0053   11.5   0.0   336   368   218   250   211   253 0.86 -
OLMU01003637_1:765-1655    -            297 905026at2759         -            402   2.1e-13   45.7   1.5   5   5    0.0035      0.19    6.4   0.0   209   242   251   285   248   291 0.73 -
OLMU01004759_1:5656-7164   -            503 905026at2759         -            402   2.6e-11   38.9  22.0   1   8     0.048       2.5    2.7   0.1   337   366     8    37     3    42 0.65 -
OLMU01004759_1:5656-7164   -            503 905026at2759         -            402   2.6e-11   38.9  22.0   2   8      0.22        12    0.5   0.1   330   364    43    79    34    86 0.69 -
OLMU01004759_1:5656-7164   -            503 905026at2759         -            402   2.6e-11   38.9  22.0   3   8   0.00081     0.043    8.5   0.3   333   378    90   131    84   155 0.77 -
OLMU01004759_1:5656-7164   -            503 905026at2759         -            402   2.6e-11   38.9  22.0   4   8     0.004      0.21    6.2   0.5   239   278   165   204   134   214 0.83 -
OLMU01004759_1:5656-7164   -            503 905026at2759         -            402   2.6e-11   38.9  22.0   5   8   0.00034     0.018    9.8   0.1   334   367   217   250   207   255 0.81 -
OLMU01004759_1:5656-7164   -            503 905026at2759         -            402   2.6e-11   38.9  22.0   6   8   1.8e-05   0.00097   13.9   0.2   243   366   253   375   250   381 0.82 -
OLMU01004759_1:5656-7164   -            503 905026at2759         -            402   2.6e-11   38.9  22.0   7   8     0.029       1.5    3.4   0.0   245   279   381   415   376   420 0.82 -
OLMU01004759_1:5656-7164   -            503 905026at2759         -            402   2.6e-11   38.9  22.0   8   8      0.13       6.9    1.3   0.1   337   369   430   462   422   496 0.80 -
OLMU01000412_1:5258-6202   -            315 905026at2759         -            402   8.3e-11   37.2   7.5   1   6   2.5e-05    0.0013   13.5   0.0   335   364    12    41     5    44 0.91 -
OLMU01000412_1:5258-6202   -            315 905026at2759         -            402   8.3e-11   37.2   7.5   2   6     0.061       3.2    2.3   0.0   332   366    51    85    45   126 0.72 -
OLMU01000412_1:5258-6202   -            315 905026at2759         -            402   8.3e-11   37.2   7.5   3   6      0.18       9.6    0.8   0.0   337   365    98   126    86   146 0.69 -
OLMU01000412_1:5258-6202   -            315 905026at2759         -            402   8.3e-11   37.2   7.5   4   6      0.06       3.2    2.4   0.0   336   367   139   170   128   181 0.58 -
OLMU01000412_1:5258-6202   -            315 905026at2759         -            402   8.3e-11   37.2   7.5   5   6   0.00028     0.015   10.0   0.4   337   389   182   249   175   249 0.72 -
OLMU01000412_1:5258-6202   -            315 905026at2759         -            402   8.3e-11   37.2   7.5   6   6     0.053       2.8    2.5   0.0   334   364   263   293   255   299 0.76 -
OLMU01001437_1:12486-16265 -           1235 905026at2759         -            402     2e-10   36.0   0.9   1   6     0.005      0.26    5.9   0.0   237   310   105   182    99   187 0.74 -
OLMU01001437_1:12486-16265 -           1235 905026at2759         -            402     2e-10   36.0   0.9   2   6      0.12       6.5    1.3   0.0   336   364   189   217   184   229 0.71 -
OLMU01001437_1:12486-16265 -           1235 905026at2759         -            402     2e-10   36.0   0.9   3   6    0.0043      0.23    6.1   0.0   217   271   377   432   369   437 0.88 -
OLMU01001437_1:12486-16265 -           1235 905026at2759         -            402     2e-10   36.0   0.9   4   6       1.3        69   -2.0   0.0   237   281   467   512   461   515 0.70 -
OLMU01001437_1:12486-16265 -           1235 905026at2759         -            402     2e-10   36.0   0.9   5   6     0.009      0.48    5.1   0.0   336   363   521   548   504   554 0.87 -
OLMU01001437_1:12486-16265 -           1235 905026at2759         -            402     2e-10   36.0   0.9   6   6   0.00056      0.03    9.0   0.0   250   363   864   892   828   914 0.66 -
OLMU01000405_1:21072-23147 -            692 905026at2759         -            402   7.2e-10   34.1  16.2   1  10      0.21        11    0.5   0.0   346   365     6    25     1    33 0.50 -
OLMU01000405_1:21072-23147 -            692 905026at2759         -            402   7.2e-10   34.1  16.2   2  10      0.01      0.55    4.9   0.1   330   366    32    68    24    73 0.89 -
OLMU01000405_1:21072-23147 -            692 905026at2759         -            402   7.2e-10   34.1  16.2   3  10       0.1       5.5    1.6   0.0   247   279   116   148   102   152 0.75 -
OLMU01000405_1:21072-23147 -            692 905026at2759         -            402   7.2e-10   34.1  16.2   4  10      0.21        11    0.5   0.0   335   369   157   191   145   201 0.75 -
OLMU01000405_1:21072-23147 -            692 905026at2759         -            402   7.2e-10   34.1  16.2   5  10      0.31        16    0.0   0.0   332   366   196   230   190   234 0.88 -
OLMU01000405_1:21072-23147 -            692 905026at2759         -            402   7.2e-10   34.1  16.2   6  10    0.0099      0.52    4.9   0.1   332   364   280   312   257   352 0.72 -
OLMU01000405_1:21072-23147 -            692 905026at2759         -            402   7.2e-10   34.1  16.2   7  10      0.06       3.2    2.4   0.4   278   278   394   394   311   444 0.53 -
OLMU01000405_1:21072-23147 -            692 905026at2759         -            402   7.2e-10   34.1  16.2   8  10     0.065       3.4    2.2   0.2   254   282   412   440   397   529 0.59 -
OLMU01000405_1:21072-23147 -            692 905026at2759         -            402   7.2e-10   34.1  16.2   9  10     0.066       3.5    2.2   0.0   336   372   536   572   530   611 0.70 -
OLMU01000405_1:21072-23147 -            692 905026at2759         -            402   7.2e-10   34.1  16.2  10  10   0.00075      0.04    8.6   1.1   247   284   616   653   580   686 0.75 -
OLMU01000109_1:2801-3721   -            307 905026at2759         -            402   7.4e-09   30.8   9.5   1   4       3.8     2e+02   -3.6   0.0   338   365     5    32     3    45 0.75 -
OLMU01000109_1:2801-3721   -            307 905026at2759         -            402   7.4e-09   30.8   9.5   2   4     0.014      0.75    4.4   0.1   335   366    57    88    51    97 0.73 -
OLMU01000109_1:2801-3721   -            307 905026at2759         -            402   7.4e-09   30.8   9.5   3   4   5.4e-06   0.00029   15.7   1.6   244   366   102   225    94   231 0.84 -
OLMU01000109_1:2801-3721   -            307 905026at2759         -            402   7.4e-09   30.8   9.5   4   4   0.00052     0.028    9.1   0.1   334   385   235   291   227   300 0.68 -
OLMU01001383_1:13142-13912 -            257 905026at2759         -            402   4.5e-08   28.2   4.0   1   4     0.059       3.1    2.4   0.0   250   364    20    49    10    57 0.62 -
OLMU01001383_1:13142-13912 -            257 905026at2759         -            402   4.5e-08   28.2   4.0   2   4   0.00017    0.0092   10.7   0.3   337   369    64    96    60   133 0.81 -
OLMU01001383_1:13142-13912 -            257 905026at2759         -            402   4.5e-08   28.2   4.0   3   4    0.0017     0.089    7.5   0.1   336   367   189   220   182   226 0.87 -
OLMU01001383_1:13142-13912 -            257 905026at2759         -            402   4.5e-08   28.2   4.0   4   4     0.021       1.1    3.8   0.0   214   242   227   256   219   257 0.53 -
OLMU01004457_1:1580-2071   -            164 905026at2759         -            402   1.2e-07   26.8   2.6   1   3   2.2e-06   0.00012   16.9   0.9   222   293    30   104    29   108 0.76 -
OLMU01004457_1:1580-2071   -            164 905026at2759         -            402   1.2e-07   26.8   2.6   2   3   4.7e-07   2.5e-05   19.2   0.6   230   279    73   123    63   128 0.83 -
OLMU01004457_1:1580-2071   -            164 905026at2759         -            402   1.2e-07   26.8   2.6   3   3    0.0038       0.2    6.3   0.0    91   129   109   147   106   157 0.91 -
OLMU01004760_1:246-803     -            186 905026at2759         -            402   2.8e-07   25.6   0.7   1   4      0.28        15    0.1   0.0   377   393     2    18     1    21 0.69 -
OLMU01004760_1:246-803     -            186 905026at2759         -            402   2.8e-07   25.6   0.7   2   4     0.036       1.9    3.1   0.0   211   244    23    57    17    64 0.69 -
OLMU01004760_1:246-803     -            186 905026at2759         -            402   2.8e-07   25.6   0.7   3   4   1.5e-05   0.00078   14.2   0.2   337   369    74   106    70   144 0.86 -
OLMU01004760_1:246-803     -            186 905026at2759         -            402   2.8e-07   25.6   0.7   4   4     0.033       1.8    3.2   0.0   331   364   152   185   132   186 0.90 -
OLMU01004759_1:3046-3885   -            280 905026at2759         -            402     3e-07   25.5   8.8   1   4       1.5        77   -2.2   0.0   348   366     3    21     2    27 0.74 -
OLMU01004759_1:3046-3885   -            280 905026at2759         -            402     3e-07   25.5   8.8   2   4    0.0011      0.06    8.0   0.1   328   365    33    70     9    92 0.88 -
OLMU01004759_1:3046-3885   -            280 905026at2759         -            402     3e-07   25.5   8.8   3   4   7.4e-05    0.0039   11.9   0.1   334   365   125   156   118   163 0.89 -
OLMU01004759_1:3046-3885   -            280 905026at2759         -            402     3e-07   25.5   8.8   4   4     0.014      0.72    4.5   1.2   252   279   170   197   162   280 0.71 -
OLMU01004285_1:1857-2723   -            289 905026at2759         -            402   2.8e-05   19.0   0.3   1   3     0.025       1.3    3.6   0.1   257   391     3   155     1   165 0.55 -
OLMU01004285_1:1857-2723   -            289 905026at2759         -            402   2.8e-05   19.0   0.3   2   3    0.0072      0.38    5.4   0.0   336   367   176   207   171   211 0.86 -
OLMU01004285_1:1857-2723   -            289 905026at2759         -            402   2.8e-05   19.0   0.3   3   3    0.0047      0.25    6.0   0.0   248   279   247   278   238   288 0.63 -
OLMU01000967_1:4590-6905   -            772 905026at2759         -            402   4.6e-05   18.3   0.4   1   3      0.16       8.5    1.0   0.0   233   265   107   139   101   146 0.83 -
OLMU01000967_1:4590-6905   -            772 905026at2759         -            402   4.6e-05   18.3   0.4   2   3      0.19        10    0.7   0.1   189   258   222   287   188   314 0.69 -
OLMU01000967_1:4590-6905   -            772 905026at2759         -            402   4.6e-05   18.3   0.4   3   3   8.7e-05    0.0046   11.7   0.0   207   256   663   713   650   725 0.88 -
OLMU01001524_1:2466-3014   -            183 905026at2759         -            402   8.1e-05   17.5   0.1   1   4     0.008      0.42    5.2   0.0   212   247    23    59    19    66 0.75 -
OLMU01001524_1:2466-3014   -            183 905026at2759         -            402   8.1e-05   17.5   0.1   2   4     0.034       1.8    3.2   0.0   335   366    70   101    64   106 0.88 -
OLMU01001524_1:2466-3014   -            183 905026at2759         -            402   8.1e-05   17.5   0.1   3   4    0.0067      0.36    5.5   0.0   331   367   108   144   103   156 0.87 -
OLMU01001524_1:2466-3014   -            183 905026at2759         -            402   8.1e-05   17.5   0.1   4   4       1.8        94   -2.5   0.0   337   363   156   182   145   183 0.76 -
OLMU01003382_1:3990-5351   -            454 905026at2759         -            402   0.00072   14.4   0.3   1   4    0.0066      0.35    5.5   0.0   235   279    13    57     8    70 0.57 -
OLMU01003382_1:3990-5351   -            454 905026at2759         -            402   0.00072   14.4   0.3   2   4     0.016      0.87    4.2   0.0   334   367    95   128    83   151 0.81 -
OLMU01003382_1:3990-5351   -            454 905026at2759         -            402   0.00072   14.4   0.3   3   4      0.78        41   -1.3   0.0   226   267   141   184   128   189 0.66 -
OLMU01003382_1:3990-5351   -            454 905026at2759         -            402   0.00072   14.4   0.3   4   4      0.89        47   -1.5   0.1   257   282   306   331   298   386 0.46 -
#
# Program:         hmmsearch
# Version:         3.1b2 (February 2015)
# Pipeline mode:   SEARCH
# Query file:      /Users/aholzer/ownCloud/PhD/Publications/2021 Liavero-Pasquina et al./analysis/TPP_aptamer_search/busco_downloads/lineages/eukaryota_odb10/hmms/905026at2759.hmm
# Target file:     /Users/aholzer/ownCloud/PhD/Publications/2021 Liavero-Pasquina et al./analysis/TPP_aptamer_search/genomes/BUSCO_eukaryota_obd10/Licmophora_abbreviata_CCMP470/run_eukaryota_odb10/metaeuk_output/initial_results/GCA_900291995.1_CCMP470_genomic.fna.modified.fas
# Option settings: hmmsearch --domtblout /Users/aholzer/ownCloud/PhD/Publications/2021 Liavero-Pasquina et al./analysis/TPP_aptamer_search/genomes/BUSCO_eukaryota_obd10/Licmophora_abbreviata_CCMP470/run_eukaryota_odb10/hmmer_output/initial_run_results/905026at2759.out --cpu 1 /Users/aholzer/ownCloud/PhD/Publications/2021 Liavero-Pasquina et al./analysis/TPP_aptamer_search/busco_downloads/lineages/eukaryota_odb10/hmms/905026at2759.hmm /Users/aholzer/ownCloud/PhD/Publications/2021 Liavero-Pasquina et al./analysis/TPP_aptamer_search/genomes/BUSCO_eukaryota_obd10/Licmophora_abbreviata_CCMP470/run_eukaryota_odb10/metaeuk_output/initial_results/GCA_900291995.1_CCMP470_genomic.fna.modified.fas 
# Current dir:     /Users/aholzer/ownCloud/PhD/Publications/2021 Liavero-Pasquina et al./analysis/TPP_aptamer_search
# Date:            Mon Apr 19 09:19:44 2021
# [ok]
