#                                                                                  --- full sequence --- -------------- this domain -------------   hmm coord   ali coord   env coord
# target name              accession   tlen query name           accession   qlen   E-value  score  bias   #  of  c-Evalue  i-Evalue  score  bias  from    to  from    to  from    to  acc description of target
#      ------------------- ---------- ----- -------------------- ---------- ----- --------- ------ ----- --- --- --------- --------- ------ ----- ----- ----- ----- ----- ----- ----- ---- ---------------------
CM000616_1:523381-524775   -            465 1025450at2759        -            307     1e-47  158.5   7.6   1   3   3.6e-37   3.9e-36  120.4   2.1    17   222    56   301    37   310 0.79 -
CM000616_1:523381-524775   -            465 1025450at2759        -            307     1e-47  158.5   7.6   2   3   0.00022    0.0024   12.8   0.0   221   256   322   363   315   368 0.71 -
CM000616_1:523381-524775   -            465 1025450at2759        -            307     1e-47  158.5   7.6   3   3   6.1e-08   6.6e-07   24.4   0.2    96   175   381   463   376   465 0.84 -
CM000622_1:79662-80642     -            327 1025450at2759        -            307     5e-35  116.8  10.2   1   4   2.7e-11     3e-10   35.4   0.7    33   175    14    80     2    95 0.55 -
CM000622_1:79662-80642     -            327 1025450at2759        -            307     5e-35  116.8  10.2   2   4   3.6e-10   3.9e-09   31.8   0.2    33    95   104   165   101   188 0.87 -
CM000622_1:79662-80642     -            327 1025450at2759        -            307     5e-35  116.8  10.2   3   4   1.2e-11   1.3e-10   36.6   0.0    37    92   227   283   201   288 0.86 -
CM000622_1:79662-80642     -            327 1025450at2759        -            307     5e-35  116.8  10.2   4   4   3.3e-06   3.6e-05   18.8   0.2    48    93   281   326   281   327 0.96 -
CM000623_1:396072-397046   -            325 1025450at2759        -            307   5.1e-35  116.8   3.2   1   5     0.002     0.022    9.6   0.0   153   173    31    51     4    67 0.54 -
CM000623_1:396072-397046   -            325 1025450at2759        -            307   5.1e-35  116.8   3.2   2   5   2.2e-05   0.00024   16.1   0.0    51    95    74   118    66   123 0.90 -
CM000623_1:396072-397046   -            325 1025450at2759        -            307   5.1e-35  116.8   3.2   3   5   2.1e-19   2.3e-18   62.1   0.9    20    95   123   200   117   211 0.91 -
CM000623_1:396072-397046   -            325 1025450at2759        -            307   5.1e-35  116.8   3.2   4   5    0.0066     0.072    7.9   0.0    67    94   215   242   211   246 0.90 -
CM000623_1:396072-397046   -            325 1025450at2759        -            307   5.1e-35  116.8   3.2   5   5   1.4e-05   0.00015   16.7   0.0   213   270   258   314   244   316 0.83 -
CM000609_1:823584-826043   -            820 1025450at2759        -            307     2e-34  114.8  16.7   1   7   0.00027    0.0029   12.5   0.0    61    94    53    86    42    94 0.72 -
CM000609_1:823584-826043   -            820 1025450at2759        -            307     2e-34  114.8  16.7   2   7    0.0025     0.027    9.3   0.0   141   174   112   147   108   152 0.80 -
CM000609_1:823584-826043   -            820 1025450at2759        -            307     2e-34  114.8  16.7   3   7   0.00048    0.0053   11.6   0.1    54    94   147   187   144   194 0.89 -
CM000609_1:823584-826043   -            820 1025450at2759        -            307     2e-34  114.8  16.7   4   7      0.14       1.5    3.6   0.0    77    96   238   257   231   270 0.71 -
CM000609_1:823584-826043   -            820 1025450at2759        -            307     2e-34  114.8  16.7   5   7   2.7e-06     3e-05   19.0   0.2    19    78   381   445   366   483 0.85 -
CM000609_1:823584-826043   -            820 1025450at2759        -            307     2e-34  114.8  16.7   6   7   4.2e-11   4.6e-10   34.8   0.1    35    95   515   575   478   589 0.87 -
CM000609_1:823584-826043   -            820 1025450at2759        -            307     2e-34  114.8  16.7   7   7   3.4e-09   3.7e-08   28.6   0.7    37    99   601   663   579   665 0.85 -
CM000610_1:472787-474931   -            715 1025450at2759        -            307   6.3e-33  109.9  15.4   1   3   6.2e-13   6.8e-12   40.8   1.5    13   166   356   535   343   538 0.74 -
CM000610_1:472787-474931   -            715 1025450at2759        -            307   6.3e-33  109.9  15.4   2   3   1.1e-15   1.2e-14   49.8   3.3    36   187   439   595   422   608 0.81 -
CM000610_1:472787-474931   -            715 1025450at2759        -            307   6.3e-33  109.9  15.4   3   3   1.3e-13   1.4e-12   43.1   0.1    20    95   589   677   581   686 0.78 -
CP001142_1:466944-469885   -            911 1025450at2759        -            307   9.7e-31  102.7  11.9   1   6      0.16       1.8    3.3   0.0   164   229    51   120    32   150 0.66 -
CP001142_1:466944-469885   -            911 1025450at2759        -            307   9.7e-31  102.7  11.9   2   6   7.3e-07   7.9e-06   20.9   0.2    95   171   157   238    91   247 0.83 -
CP001142_1:466944-469885   -            911 1025450at2759        -            307   9.7e-31  102.7  11.9   3   6   8.3e-11     9e-10   33.9   0.2   113   214   362   467   304   480 0.71 -
CP001142_1:466944-469885   -            911 1025450at2759        -            307   9.7e-31  102.7  11.9   4   6   3.6e-17   3.9e-16   54.7   0.3    36   175   402   551   402   556 0.86 -
CP001142_1:466944-469885   -            911 1025450at2759        -            307   9.7e-31  102.7  11.9   5   6   0.00011    0.0012   13.8   0.1    60    95   554   589   547   596 0.64 -
CP001142_1:466944-469885   -            911 1025450at2759        -            307   9.7e-31  102.7  11.9   6   6       2.4        26   -0.5   0.0    69    96   625   652   613   668 0.70 -
CM000612_1:659199-660200   -            334 1025450at2759        -            307   5.4e-29   97.0   6.8   1   5      0.15       1.6    3.5   0.0   262   284     4    26     1    66 0.70 -
CM000612_1:659199-660200   -            334 1025450at2759        -            307   5.4e-29   97.0   6.8   2   5      0.02      0.21    6.4   0.0   143   174   127   158   119   173 0.71 -
CM000612_1:659199-660200   -            334 1025450at2759        -            307   5.4e-29   97.0   6.8   3   5    0.0028      0.03    9.1   0.0   142   172   186   216   177   230 0.86 -
CM000612_1:659199-660200   -            334 1025450at2759        -            307   5.4e-29   97.0   6.8   4   5     1e-05   0.00011   17.1   0.1   140   176   238   274   224   282 0.87 -
CM000612_1:659199-660200   -            334 1025450at2759        -            307   5.4e-29   97.0   6.8   5   5   2.6e-10   2.8e-09   32.2   0.3    27    74   284   331   277   334 0.94 -
CM000606_1:961393-964378   -            907 1025450at2759        -            307   7.3e-28   93.3  17.3   1   8      0.42       4.6    2.0   0.0   230   247   102   119    82   128 0.70 -
CM000606_1:961393-964378   -            907 1025450at2759        -            307   7.3e-28   93.3  17.3   2   8   3.2e-08   3.4e-07   25.4   0.7    35    97   168   232   159   242 0.90 -
CM000606_1:961393-964378   -            907 1025450at2759        -            307   7.3e-28   93.3  17.3   3   8   0.00013    0.0015   13.5   0.0   154   230   263   335   230   352 0.86 -
CM000606_1:961393-964378   -            907 1025450at2759        -            307   7.3e-28   93.3  17.3   4   8     0.017      0.18    6.6   0.1   135   189   426   479   399   486 0.82 -
CM000606_1:961393-964378   -            907 1025450at2759        -            307   7.3e-28   93.3  17.3   5   8     0.026      0.28    6.0   0.0   144   177   486   520   479   535 0.86 -
CM000606_1:961393-964378   -            907 1025450at2759        -            307   7.3e-28   93.3  17.3   6   8      0.25       2.7    2.7   0.1   230   253   544   568   537   615 0.69 -
CM000606_1:961393-964378   -            907 1025450at2759        -            307   7.3e-28   93.3  17.3   7   8   9.4e-07     1e-05   20.5   0.5    36    94   641   699   615   704 0.90 -
CM000606_1:961393-964378   -            907 1025450at2759        -            307   7.3e-28   93.3  17.3   8   8   5.6e-08   6.1e-07   24.6   0.1    41   102   688   746   685   754 0.89 -
CM000619_1:643100-644554   -            485 1025450at2759        -            307   9.7e-27   89.6  10.0   1   5   0.00032    0.0034   12.2   0.0   137   168   101   132    91   143 0.88 -
CM000619_1:643100-644554   -            485 1025450at2759        -            307   9.7e-27   89.6  10.0   2   5   0.00018     0.002   13.0   0.0    59    94   141   176   133   191 0.84 -
CM000619_1:643100-644554   -            485 1025450at2759        -            307   9.7e-27   89.6  10.0   3   5     0.015      0.17    6.7   0.1   139   173   187   221   175   234 0.79 -
CM000619_1:643100-644554   -            485 1025450at2759        -            307   9.7e-27   89.6  10.0   4   5   5.4e-17   5.8e-16   54.2   4.3    21   167   225   388   218   389 0.81 -
CM000619_1:643100-644554   -            485 1025450at2759        -            307   9.7e-27   89.6  10.0   5   5   8.4e-09   9.1e-08   27.3   0.3    48   125   298   389   292   417 0.80 -
CM000617_1:114278-115162   -            295 1025450at2759        -            307   1.7e-26   88.8   2.4   1   3   9.6e-07     1e-05   20.5   0.0    19    73    11    69     6    71 0.92 -
CM000617_1:114278-115162   -            295 1025450at2759        -            307   1.7e-26   88.8   2.4   2   3   3.5e-10   3.8e-09   31.8   0.1    32    94    70   132    68   137 0.94 -
CM000617_1:114278-115162   -            295 1025450at2759        -            307   1.7e-26   88.8   2.4   3   3   2.1e-10   2.3e-09   32.5   0.3    96   172   180   257   167   294 0.80 -
CM000630_1:51780-52724     -            315 1025450at2759        -            307   9.1e-24   79.8   5.6   1   4   0.00015    0.0016   13.3   0.0   150   174     2    26     1    33 0.90 -
CM000630_1:51780-52724     -            315 1025450at2759        -            307   9.1e-24   79.8   5.6   2   4    0.0025     0.027    9.3   0.0    67   169    41    67    28   106 0.68 -
CM000630_1:51780-52724     -            315 1025450at2759        -            307   9.1e-24   79.8   5.6   3   4   1.4e-14   1.5e-13   46.3   0.2    56   175   137   267   131   277 0.85 -
CM000630_1:51780-52724     -            315 1025450at2759        -            307   9.1e-24   79.8   5.6   4   4    0.0008    0.0087   10.9   0.1   141   171   283   313   269   315 0.74 -
CM000609_1:129137-129877   -            247 1025450at2759        -            307   7.7e-23   76.8   4.6   1   2   1.8e-07   1.9e-06   22.9   0.0   100   180     9    95     2   105 0.81 -
CM000609_1:129137-129877   -            247 1025450at2759        -            307   7.7e-23   76.8   4.6   2   2   3.7e-16     4e-15   51.4   4.6    22   167    92   247    90   247 0.84 -
CM000619_1:286143-288407   -            715 1025450at2759        -            307   1.9e-22   75.5   9.5   1   6   1.5e-06   1.7e-05   19.9   0.0   118   183    95   162    88   215 0.79 -
CM000619_1:286143-288407   -            715 1025450at2759        -            307   1.9e-22   75.5   9.5   2   6       6.9        75   -2.0   0.0   277   304   217   244   199   246 0.73 -
CM000619_1:286143-288407   -            715 1025450at2759        -            307   1.9e-22   75.5   9.5   3   6   0.00088    0.0095   10.8   1.1    31    95   276   341   270   361 0.86 -
CM000619_1:286143-288407   -            715 1025450at2759        -            307   1.9e-22   75.5   9.5   4   6     0.026      0.29    5.9   0.0   118   175   389   444   377   479 0.86 -
CM000619_1:286143-288407   -            715 1025450at2759        -            307   1.9e-22   75.5   9.5   5   6   0.00043    0.0046   11.8   0.1   109   173   550   615   540   624 0.79 -
CM000619_1:286143-288407   -            715 1025450at2759        -            307   1.9e-22   75.5   9.5   6   6   1.1e-08   1.2e-07   26.9   0.3    97   172   630   709   625   714 0.89 -
CP001141_1:785177-786112   -            312 1025450at2759        -            307   6.9e-22   73.6  14.1   1   4   8.5e-09   9.3e-08   27.2   2.0    22    95     3    79     1    90 0.88 -
CP001141_1:785177-786112   -            312 1025450at2759        -            307   6.9e-22   73.6  14.1   2   4   0.00058    0.0063   11.4   0.2   258   286    99   127    83   140 0.56 -
CP001141_1:785177-786112   -            312 1025450at2759        -            307   6.9e-22   73.6  14.1   3   4   5.7e-08   6.2e-07   24.5   0.1    34    94   152   212   146   217 0.93 -
CP001141_1:785177-786112   -            312 1025450at2759        -            307   6.9e-22   73.6  14.1   4   4   2.9e-05   0.00031   15.7   0.1    36    88   254   306   251   311 0.90 -
CM000617_1:653192-654010   -            273 1025450at2759        -            307   3.2e-21   71.5   0.3   1   2   5.7e-12   6.2e-11   37.7   0.3    19    98    15    97     5   200 0.71 -
CM000617_1:653192-654010   -            273 1025450at2759        -            307   3.2e-21   71.5   0.3   2   2   1.4e-08   1.5e-07   26.6   0.0   105   168   210   272   207   273 0.92 -
CM000605_1:515282-516127   -            282 1025450at2759        -            307   1.5e-20   69.2   5.8   1   3   2.1e-05   0.00023   16.1   0.1   138   175     2    39     1    55 0.80 -
CM000605_1:515282-516127   -            282 1025450at2759        -            307   1.5e-20   69.2   5.8   2   3    0.0003    0.0033   12.3   0.1    35    76   121   162   101   164 0.84 -
CM000605_1:515282-516127   -            282 1025450at2759        -            307   1.5e-20   69.2   5.8   3   3   2.3e-09   2.5e-08   29.1   0.1   110   188   181   264   174   280 0.76 -
CM000605_1:73891-75402     -            504 1025450at2759        -            307   2.8e-20   68.4   1.9   1   4   9.4e-11     1e-09   33.7   0.1    67   163     1   104     1   121 0.86 -
CM000605_1:73891-75402     -            504 1025450at2759        -            307   2.8e-20   68.4   1.9   2   4         1        11    0.7   0.0   192   243   157   207   134   221 0.56 -
CM000605_1:73891-75402     -            504 1025450at2759        -            307   2.8e-20   68.4   1.9   3   4   1.2e-09   1.3e-08   30.0   0.0    94   241   313   461   287   463 0.81 -
CM000605_1:73891-75402     -            504 1025450at2759        -            307   2.8e-20   68.4   1.9   4   4      0.57       6.2    1.6   0.0    70    95   451   476   447   503 0.78 -
CM000617_1:300556-301422   -            289 1025450at2759        -            307   7.4e-19   63.7   7.3   1   3      0.18         2    3.2   0.1    79    99     1    21     1    34 0.65 -
CM000617_1:300556-301422   -            289 1025450at2759        -            307   7.4e-19   63.7   7.3   2   3   4.8e-09   5.3e-08   28.1   0.4    30   103   103   175    74   180 0.85 -
CM000617_1:300556-301422   -            289 1025450at2759        -            307   7.4e-19   63.7   7.3   3   3   1.8e-10     2e-09   32.7   0.0   132   243   171   289   166   289 0.70 -
DS999284_1:24210-25460     -            417 1025450at2759        -            307   1.3e-18   62.9  13.1   1   2     4e-10   4.4e-09   31.6   6.7   105   292   135   346   125   348 0.74 -
DS999284_1:24210-25460     -            417 1025450at2759        -            307   1.3e-18   62.9  13.1   2   2   1.2e-13   1.4e-12   43.1   0.4    35   169   267   416   249   417 0.82 -
CM000616_1:784769-785707   -            313 1025450at2759        -            307   5.4e-18   60.9   2.8   1   3   3.5e-10   3.8e-09   31.8   1.3   136   278     6   167     2   168 0.73 -
CM000616_1:784769-785707   -            313 1025450at2759        -            307   5.4e-18   60.9   2.8   2   3   1.1e-11   1.2e-10   36.7   0.2    35   175    66   216    65   231 0.79 -
CM000616_1:784769-785707   -            313 1025450at2759        -            307   5.4e-18   60.9   2.8   3   3    0.0045     0.049    8.5   0.0    97   167   241   313   236   313 0.79 -
CM000605_1:2458228-2459013 -            262 1025450at2759        -            307   7.1e-18   60.5   2.5   1   2   4.8e-05   0.00052   14.9   0.1   137   175     4    42     1    58 0.87 -
CM000605_1:2458228-2459013 -            262 1025450at2759        -            307   7.1e-18   60.5   2.5   2   2   1.1e-12   1.1e-11   40.1   0.4   104   275    69   261    58   262 0.75 -
CM000605_1:633391-635688   -            766 1025450at2759        -            307   3.6e-17   58.2   3.6   1   3   3.8e-12   4.1e-11   38.3   0.2   112   222    36   152    31   164 0.87 -
CM000605_1:633391-635688   -            766 1025450at2759        -            307   3.6e-17   58.2   3.6   2   3      0.15       1.6    3.4   0.0   137   193   206   261   180   268 0.69 -
CM000605_1:633391-635688   -            766 1025450at2759        -            307   3.6e-17   58.2   3.6   3   3   0.00012    0.0013   13.7   0.1    33    95   267   328   264   334 0.88 -
CM000606_1:191319-191801   -            161 1025450at2759        -            307   4.7e-17   57.8   1.3   1   4     0.029      0.32    5.8   0.0   155   173     1    19     1    28 0.77 -
CM000606_1:191319-191801   -            161 1025450at2759        -            307   4.7e-17   57.8   1.3   2   4   5.1e-08   5.6e-07   24.7   0.1    59   107    34    81    28    87 0.86 -
CM000606_1:191319-191801   -            161 1025450at2759        -            307   4.7e-17   57.8   1.3   3   4   1.2e-07   1.3e-06   23.5   0.0   123   175    65   116    65   133 0.88 -
CM000606_1:191319-191801   -            161 1025450at2759        -            307   4.7e-17   57.8   1.3   4   4   0.00019    0.0021   13.0   0.0   132   174   115   159   108   161 0.65 -
CM000610_1:507747-508694   -            316 1025450at2759        -            307   9.2e-17   56.8   4.0   1   2   5.7e-06   6.2e-05   18.0   0.1    98   173    71   143    62   157 0.66 -
CM000610_1:507747-508694   -            316 1025450at2759        -            307   9.2e-17   56.8   4.0   2   2   1.7e-12   1.9e-11   39.4   0.4    20   169   147   314   139   316 0.78 -
CM000615_1:628065-628832   -            256 1025450at2759        -            307   8.6e-16   53.6   5.7   1   3   3.5e-11   3.8e-10   35.1   0.3    57   171     3   126     1   170 0.74 -
CM000615_1:628065-628832   -            256 1025450at2759        -            307   8.6e-16   53.6   5.7   2   3   1.5e-05   0.00016   16.6   0.1    69   108   190   228   159   234 0.72 -
CM000615_1:628065-628832   -            256 1025450at2759        -            307   8.6e-16   53.6   5.7   3   3      0.41       4.5    2.0   0.1   261   275   242   256   224   256 0.76 -
CM000606_1:42436-43278     -            281 1025450at2759        -            307   1.5e-15   52.8   0.4   1   3   5.9e-11   6.4e-10   34.3   0.3    35    97    42   107    11   121 0.83 -
CM000606_1:42436-43278     -            281 1025450at2759        -            307   1.5e-15   52.8   0.4   2   3       1.5        16    0.2   0.0   212   243   142   174   131   188 0.71 -
CM000606_1:42436-43278     -            281 1025450at2759        -            307   1.5e-15   52.8   0.4   3   3   0.00031    0.0034   12.3   0.0   107   163   221   280   211   281 0.75 -
CM000614_1:510454-511437   -            328 1025450at2759        -            307   1.9e-15   52.5   0.2   1   3   4.6e-08     5e-07   24.8   0.1   176   249    66   143     2   156 0.78 -
CM000614_1:510454-511437   -            328 1025450at2759        -            307   1.9e-15   52.5   0.2   2   3   2.4e-06   2.6e-05   19.2   0.0   136   175   192   231   184   243 0.84 -
CM000614_1:510454-511437   -            328 1025450at2759        -            307   1.9e-15   52.5   0.2   3   3       3.6        39   -1.1   0.0   132   167   287   322   251   326 0.77 -
CP001142_1:787939-789327   -            463 1025450at2759        -            307     8e-15   50.5   1.9   1   3   3.9e-06   4.3e-05   18.5   0.2    25    97    66   143    59   147 0.74 -
CP001142_1:787939-789327   -            463 1025450at2759        -            307     8e-15   50.5   1.9   2   3   4.4e-06   4.8e-05   18.3   0.0    40    95   274   330   269   337 0.89 -
CP001142_1:787939-789327   -            463 1025450at2759        -            307     8e-15   50.5   1.9   3   3    0.0038     0.041    8.7   0.0   140   174   343   377   324   389 0.60 -
CM000606_1:850114-850959   -            282 1025450at2759        -            307   1.5e-14   49.5   8.7   1   3   6.8e-07   7.4e-06   21.0   0.4    36   105     1    75     1    82 0.80 -
CM000606_1:850114-850959   -            282 1025450at2759        -            307   1.5e-14   49.5   8.7   2   3   1.1e-06   1.2e-05   20.3   0.5    84   177    97   192    85   203 0.72 -
CM000606_1:850114-850959   -            282 1025450at2759        -            307   1.5e-14   49.5   8.7   3   3   0.00027    0.0029   12.5   0.1   153   188   221   254   198   280 0.64 -
CM000606_1:831303-832130   -            276 1025450at2759        -            307   1.8e-14   49.3   1.7   1   2   4.9e-08   5.4e-07   24.7   0.3   177   282    54   176    45   178 0.74 -
CM000606_1:831303-832130   -            276 1025450at2759        -            307   1.8e-14   49.3   1.7   2   2   5.3e-10   5.7e-09   31.2   0.1   133   247   133   258   127   274 0.53 -
CP001142_1:632859-633797   -            313 1025450at2759        -            307   4.3e-14   48.1   0.2   1   2     5e-06   5.5e-05   18.1   0.0   122   195    11    84     2   107 0.66 -
CP001142_1:632859-633797   -            313 1025450at2759        -            307   4.3e-14   48.1   0.2   2   2   8.8e-07   9.6e-06   20.6   0.2    22    83   180   245   167   295 0.81 -
DS999280_1:13683-15326     -            548 1025450at2759        -            307     7e-14   47.3   0.3   1   3   9.5e-08     1e-06   23.8   0.0    35   175   259   409   256   418 0.76 -
DS999280_1:13683-15326     -            548 1025450at2759        -            307     7e-14   47.3   0.3   2   3   0.00018    0.0019   13.1   0.0    63    95   427   459   417   474 0.74 -
DS999280_1:13683-15326     -            548 1025450at2759        -            307     7e-14   47.3   0.3   3   3       3.9        43   -1.2   0.0    66    94   476   503   468   506 0.84 -
CM000605_1:74764-75648     -            295 1025450at2759        -            307   1.9e-13   46.0   0.1   1   3      0.19         2    3.1   0.0    69    94    30    55    27    59 0.84 -
CM000605_1:74764-75648     -            295 1025450at2759        -            307   1.9e-13   46.0   0.1   2   3   7.2e-12   7.8e-11   37.3   0.1    65   163    81   186    72   204 0.87 -
CM000605_1:74764-75648     -            295 1025450at2759        -            307   1.9e-13   46.0   0.1   3   3      0.64       6.9    1.4   0.0   190   242   237   288   213   293 0.50 -
CM000615_1:475092-475676   -            195 1025450at2759        -            307   2.9e-13   45.3   0.0   1   1   2.4e-12   2.7e-11   38.9   0.0    21   175     9   174     4   176 0.81 -
CM000605_1:214449-218147   -           1233 1025450at2759        -            307   2.5e-12   42.3   0.2   1   4   0.00031    0.0034   12.3   0.0   177   248   325   412   309   434 0.64 -
CM000605_1:214449-218147   -           1233 1025450at2759        -            307   2.5e-12   42.3   0.2   2   4      0.87       9.5    0.9   0.0   107   131   628   652   616   668 0.80 -
CM000605_1:214449-218147   -           1233 1025450at2759        -            307   2.5e-12   42.3   0.2   3   4     0.079      0.86    4.4   0.0   135   200   718   790   710   806 0.60 -
CM000605_1:214449-218147   -           1233 1025450at2759        -            307   2.5e-12   42.3   0.2   4   4     4e-06   4.3e-05   18.5   0.0    45   106   789   852   769   864 0.68 -
CM000618_1:663268-663693   -            142 1025450at2759        -            307   5.6e-12   41.1   0.0   1   1   1.4e-12   1.5e-11   39.7   0.0   103   204    15   123    10   141 0.71 -
CM000619_1:446994-447806   -            271 1025450at2759        -            307   1.1e-11   40.1   0.0   1   5       4.7        51   -1.5   0.0    20    38    10    28     7    30 0.85 -
CM000619_1:446994-447806   -            271 1025450at2759        -            307   1.1e-11   40.1   0.0   2   5   5.9e-08   6.4e-07   24.5   0.0    48    95    59   106    53   123 0.92 -
CM000619_1:446994-447806   -            271 1025450at2759        -            307   1.1e-11   40.1   0.0   3   5     0.015      0.16    6.8   0.0    66    95   126   153   120   163 0.72 -
CM000619_1:446994-447806   -            271 1025450at2759        -            307   1.1e-11   40.1   0.0   4   5      0.17       1.9    3.2   0.0    52    93   163   210   158   216 0.67 -
CM000619_1:446994-447806   -            271 1025450at2759        -            307   1.1e-11   40.1   0.0   5   5       4.9        53   -1.5   0.0   290   306   254   270   234   271 0.76 -
CM000610_1:93900-94673     -            258 1025450at2759        -            307   2.3e-11   39.1   3.2   1   4       1.7        18   -0.0   0.0   153   175     7    29     3    41 0.67 -
CM000610_1:93900-94673     -            258 1025450at2759        -            307   2.3e-11   39.1   3.2   2   4   2.1e-06   2.3e-05   19.4   0.1    98   174    71   147    66   160 0.85 -
CM000610_1:93900-94673     -            258 1025450at2759        -            307   2.3e-11   39.1   3.2   3   4   0.00031    0.0033   12.3   0.0   133   182   162   215   154   226 0.79 -
CM000610_1:93900-94673     -            258 1025450at2759        -            307   2.3e-11   39.1   3.2   4   4     0.059      0.64    4.8   0.0    98   125   229   257   223   258 0.76 -
CP001141_1:385378-386130   -            251 1025450at2759        -            307   4.3e-11   38.2   0.0   1   4     0.029      0.32    5.8   0.0   110   175    13    79     9    85 0.65 -
CP001141_1:385378-386130   -            251 1025450at2759        -            307   4.3e-11   38.2   0.0   2   4   1.4e-07   1.5e-06   23.3   0.0   107   204    54   154    47   177 0.82 -
CP001141_1:385378-386130   -            251 1025450at2759        -            307   4.3e-11   38.2   0.0   3   4   2.2e-06   2.4e-05   19.3   0.0   103   174    91   160    83   217 0.50 -
CP001141_1:385378-386130   -            251 1025450at2759        -            307   4.3e-11   38.2   0.0   4   4       6.9        74   -2.0   0.0    67    83   231   247   231   251 0.80 -
CM000622_1:52555-53674     -            336 1025450at2759        -            307   5.9e-11   37.7   0.0   1   2   3.2e-07   3.5e-06   22.1   0.0    60   183     5   140     2   144 0.75 -
CM000622_1:52555-53674     -            336 1025450at2759        -            307   5.9e-11   37.7   0.0   2   2    0.0004    0.0043   11.9   0.0   103   211   155   265   147   276 0.64 -
CM000612_1:153264-154220   -            319 1025450at2759        -            307     8e-11   37.3   6.3   1   3   3.8e-06   4.1e-05   18.5   1.4   110   247    31   178    10   192 0.78 -
CM000612_1:153264-154220   -            319 1025450at2759        -            307     8e-11   37.3   6.3   2   3     0.019       0.2    6.4   0.1    98   175   202   282   194   284 0.83 -
CM000612_1:153264-154220   -            319 1025450at2759        -            307     8e-11   37.3   6.3   3   3   2.6e-06   2.8e-05   19.1   0.1   109   169   259   318   243   319 0.86 -
CM000621_1:353143-353757   -            205 1025450at2759        -            307   4.8e-10   34.8   0.0   1   1   7.7e-11   8.4e-10   34.0   0.0    26   170    55   205    35   205 0.87 -
CM000606_1:776173-777558   -            462 1025450at2759        -            307   7.4e-10   34.1   5.6   1   4      0.93        10    0.8   0.0   262   279    25    42    15    65 0.60 -
CM000606_1:776173-777558   -            462 1025450at2759        -            307   7.4e-10   34.1   5.6   2   4      0.03      0.32    5.8   0.0    65    93    92   120    75   126 0.80 -
CM000606_1:776173-777558   -            462 1025450at2759        -            307   7.4e-10   34.1   5.6   3   4      0.13       1.5    3.6   0.0   153   170   162   179   136   191 0.69 -
CM000606_1:776173-777558   -            462 1025450at2759        -            307   7.4e-10   34.1   5.6   4   4   5.1e-05   0.00055   14.8   1.0   135   283   198   373   191   385 0.48 -
CP001142_1:544862-545455   -            198 1025450at2759        -            307   1.3e-09   33.3   0.7   1   3   6.6e-05   0.00072   14.5   0.1    65    97     8    40     1    46 0.87 -
CP001142_1:544862-545455   -            198 1025450at2759        -            307   1.3e-09   33.3   0.7   2   3    0.0086     0.094    7.5   0.0    59    95    60    98    53   110 0.81 -
CP001142_1:544862-545455   -            198 1025450at2759        -            307   1.3e-09   33.3   0.7   3   3    0.0042     0.045    8.6   0.0    61    95   121   155   111   160 0.91 -
CM000609_1:951610-952416   -            269 1025450at2759        -            307   2.1e-09   32.7   0.3   1   4      0.52       5.6    1.7   0.0   110   125    12    27     1    37 0.56 -
CM000609_1:951610-952416   -            269 1025450at2759        -            307   2.1e-09   32.7   0.3   2   4   7.2e-05   0.00079   14.3   0.0    62   120    49   107    38   110 0.82 -
CM000609_1:951610-952416   -            269 1025450at2759        -            307   2.1e-09   32.7   0.3   3   4       2.9        31   -0.8   0.0    47    80   179   215   175   218 0.81 -
CM000609_1:951610-952416   -            269 1025450at2759        -            307   2.1e-09   32.7   0.3   4   4   0.00043    0.0047   11.8   0.1    47    91   225   269   219   269 0.95 -
CM000605_1:1554351-1554977 -            209 1025450at2759        -            307   2.3e-09   32.5   0.5   1   2    0.0086     0.093    7.5   0.0    58    94    33    69    25    78 0.88 -
CM000605_1:1554351-1554977 -            209 1025450at2759        -            307   2.3e-09   32.5   0.5   2   2   2.2e-07   2.4e-06   22.6   1.0    29    95   103   169    94   180 0.92 -
CM000617_1:167860-168411   -            184 1025450at2759        -            307   4.1e-09   31.7   0.1   1   3     0.054      0.59    4.9   0.0   154   175    21    42     3    74 0.78 -
CM000617_1:167860-168411   -            184 1025450at2759        -            307   4.1e-09   31.7   0.1   2   3   0.00011    0.0012   13.8   0.0   137   178   105   148    74   151 0.76 -
CM000617_1:167860-168411   -            184 1025450at2759        -            307   4.1e-09   31.7   0.1   3   3    0.0022     0.024    9.5   0.0   252   277   158   183   149   184 0.64 -
CM000605_1:1199054-1199848 -            265 1025450at2759        -            307   5.2e-09   31.4   9.2   1   5   0.00088    0.0096   10.8   0.0    61    92     2    33     1    39 0.65 -
CM000605_1:1199054-1199848 -            265 1025450at2759        -            307   5.2e-09   31.4   9.2   2   5      0.66       7.2    1.3   0.1    54    75    60    81    57    84 0.81 -
CM000605_1:1199054-1199848 -            265 1025450at2759        -            307   5.2e-09   31.4   9.2   3   5    0.0051     0.056    8.3   0.3   105   173    85   155    83   161 0.83 -
CM000605_1:1199054-1199848 -            265 1025450at2759        -            307   5.2e-09   31.4   9.2   4   5       3.2        35   -0.9   0.0    78    91   200   213   177   222 0.56 -
CM000605_1:1199054-1199848 -            265 1025450at2759        -            307   5.2e-09   31.4   9.2   5   5    0.0002    0.0021   12.9   0.1    94   125   233   265   227   265 0.88 -
CM000606_1:1257860-1259686 -            609 1025450at2759        -            307   6.7e-09   31.0   1.3   1   3   1.2e-06   1.4e-05   20.1   0.1   108   184   151   229   135   279 0.82 -
CM000606_1:1257860-1259686 -            609 1025450at2759        -            307   6.7e-09   31.0   1.3   2   3      0.28         3    2.6   0.0   153   169   256   272   219   353 0.75 -
CM000606_1:1257860-1259686 -            609 1025450at2759        -            307   6.7e-09   31.0   1.3   3   3      0.29       3.1    2.5   0.0   274   282   383   391   369   435 0.45 -
CM000614_1:169918-170541   -            208 1025450at2759        -            307   6.7e-09   31.0   3.8   1   3      0.21       2.2    3.0   0.0   154   253    49    70     5    79 0.62 -
CM000614_1:169918-170541   -            208 1025450at2759        -            307   6.7e-09   31.0   3.8   2   3     3e-08   3.2e-07   25.5   2.0    96   187    82   176    75   195 0.81 -
CM000614_1:169918-170541   -            208 1025450at2759        -            307   6.7e-09   31.0   3.8   3   3      0.22       2.4    2.9   0.0   135   170   171   207   162   208 0.51 -
CM000605_1:1414402-1415079 -            226 1025450at2759        -            307   6.9e-09   30.9   6.3   1   3   2.4e-06   2.6e-05   19.2   1.7    97   175     5    88     1   102 0.78 -
CM000605_1:1414402-1415079 -            226 1025450at2759        -            307   6.9e-09   30.9   6.3   2   3     0.026      0.28    5.9   0.1   261   279   109   127   101   139 0.76 -
CM000605_1:1414402-1415079 -            226 1025450at2759        -            307   6.9e-09   30.9   6.3   3   3     0.051      0.56    5.0   0.0   261   277   156   172   144   181 0.83 -
CM000629_1:210451-211650   -            400 1025450at2759        -            307   8.1e-09   30.7   0.2   1   5   2.7e-05    0.0003   15.7   0.0    60    95    23    58    14    73 0.80 -
CM000629_1:210451-211650   -            400 1025450at2759        -            307   8.1e-09   30.7   0.2   2   5      0.35       3.8    2.2   0.0    78    95    98   115    86   133 0.66 -
CM000629_1:210451-211650   -            400 1025450at2759        -            307   8.1e-09   30.7   0.2   3   5       4.4        48   -1.4   0.0   152   301   164   177   148   191 0.55 -
CM000629_1:210451-211650   -            400 1025450at2759        -            307   8.1e-09   30.7   0.2   4   5     0.031      0.34    5.7   0.0    57    95   298   336   283   357 0.70 -
CM000629_1:210451-211650   -            400 1025450at2759        -            307   8.1e-09   30.7   0.2   5   5       1.7        18    0.0   0.0   262   277   377   392   373   398 0.53 -
CM000617_1:525034-525723   -            230 1025450at2759        -            307     1e-08   30.4   1.0   1   3      0.27       2.9    2.6   0.0    72    93    10    32     6    38 0.74 -
CM000617_1:525034-525723   -            230 1025450at2759        -            307     1e-08   30.4   1.0   2   3    0.0025     0.027    9.3   0.0   218   280    55   115    35   117 0.73 -
CM000617_1:525034-525723   -            230 1025450at2759        -            307     1e-08   30.4   1.0   3   3   2.5e-05   0.00027   15.9   0.0    35    87   116   174   113   225 0.74 -
CM000630_1:326409-328394   -            662 1025450at2759        -            307   1.1e-08   30.3   0.0   1   3   0.00022    0.0024   12.7   0.0   142   175   298   331   284   365 0.77 -
CM000630_1:326409-328394   -            662 1025450at2759        -            307   1.1e-08   30.3   0.0   2   3   0.00023    0.0025   12.7   0.0    81   243   435   604   428   609 0.74 -
CM000630_1:326409-328394   -            662 1025450at2759        -            307   1.1e-08   30.3   0.0   3   3    0.0051     0.055    8.3   0.0    98   168   535   605   527   630 0.88 -
CM000623_1:547169-551944   -           1592 1025450at2759        -            307   2.5e-08   29.1   3.7   1   5   0.00025    0.0027   12.6   0.0    61    98  1155  1192  1140  1202 0.76 -
CM000623_1:547169-551944   -           1592 1025450at2759        -            307   2.5e-08   29.1   3.7   2   5     0.038      0.42    5.4   0.0   148   249  1219  1312  1208  1319 0.77 -
CM000623_1:547169-551944   -           1592 1025450at2759        -            307   2.5e-08   29.1   3.7   3   5    0.0031     0.033    9.0   0.0    98   175  1278  1358  1263  1365 0.77 -
CM000623_1:547169-551944   -           1592 1025450at2759        -            307   2.5e-08   29.1   3.7   4   5      0.27       2.9    2.6   0.0    32    62  1482  1512  1460  1516 0.62 -
CM000623_1:547169-551944   -           1592 1025450at2759        -            307   2.5e-08   29.1   3.7   5   5       2.3        25   -0.4   0.0   144   167  1569  1591  1560  1592 0.60 -
CP001141_1:85737-86249     -            171 1025450at2759        -            307   3.9e-08   28.5   1.3   1   2   3.6e-07   3.9e-06   21.9   0.3   107   191    14   100     5   146 0.76 -
CP001141_1:85737-86249     -            171 1025450at2759        -            307   3.9e-08   28.5   1.3   2   2     0.036      0.39    5.5   0.0    71    91   150   170   145   171 0.67 -
CM000605_1:2437623-2438087 -            155 1025450at2759        -            307     4e-08   28.4   0.2   1   2    0.0071     0.077    7.8   0.1   154   171    23    40     2    60 0.65 -
CM000605_1:2437623-2438087 -            155 1025450at2759        -            307     4e-08   28.4   0.2   2   2   4.7e-06   5.1e-05   18.2   0.0    98   171    68   144    47   153 0.57 -
CM000605_1:2315451-2315888 -            146 1025450at2759        -            307   4.5e-08   28.3   0.0   1   1   5.6e-09   6.1e-08   27.9   0.0    98   173    30   110    16   124 0.80 -
CM000615_1:604758-605453   -            232 1025450at2759        -            307   6.5e-08   27.8   0.1   1   2   0.00051    0.0055   11.6   0.0   138   200     2    62     1    91 0.82 -
CM000615_1:604758-605453   -            232 1025450at2759        -            307   6.5e-08   27.8   0.1   2   2   6.6e-05   0.00072   14.5   0.1   105   175   129   198   113   231 0.80 -
CM000605_1:556998-557789   -            264 1025450at2759        -            307     8e-08   27.5   0.1   1   2   4.2e-05   0.00045   15.1   0.0   113   247     9   152     2   166 0.69 -
CM000605_1:556998-557789   -            264 1025450at2759        -            307     8e-08   27.5   0.1   2   2    0.0072     0.078    7.8   0.1    66    97   172   202   167   232 0.45 -
CM000620_1:599902-600771   -            290 1025450at2759        -            307     8e-08   27.5   4.0   1   3         1        11    0.7   0.0   262   294     1    33     1    43 0.76 -
CM000620_1:599902-600771   -            290 1025450at2759        -            307     8e-08   27.5   4.0   2   3    0.0084     0.091    7.6   0.0   153   195    60   103    51   136 0.56 -
CM000620_1:599902-600771   -            290 1025450at2759        -            307     8e-08   27.5   4.0   3   3     2e-05   0.00022   16.2   0.1    16    83   220   288   207   290 0.56 -
CM000618_1:383707-385701   -            665 1025450at2759        -            307   9.2e-08   27.3   5.1   1   5      0.32       3.5    2.4   0.0    69    93    61    85    58    91 0.90 -
CM000618_1:383707-385701   -            665 1025450at2759        -            307   9.2e-08   27.3   5.1   2   5      0.19         2    3.1   0.1   252   277   142   171   129   209 0.73 -
CM000618_1:383707-385701   -            665 1025450at2759        -            307   9.2e-08   27.3   5.1   3   5     0.099       1.1    4.0   0.0   143   175   396   428   384   442 0.77 -
CM000618_1:383707-385701   -            665 1025450at2759        -            307   9.2e-08   27.3   5.1   4   5       1.7        18    0.0   0.0   148   170   463   485   449   493 0.77 -
CM000618_1:383707-385701   -            665 1025450at2759        -            307   9.2e-08   27.3   5.1   5   5   6.6e-05   0.00072   14.5   0.2    46   168   535   581   516   593 0.65 -
CM000612_1:9345-9692       -            116 1025450at2759        -            307   1.1e-07   27.0   0.0   1   1   3.8e-08   4.2e-07   25.1   0.0   103   205     6   113     1   116 0.81 -
CM000622_1:578616-579206   -            197 1025450at2759        -            307   1.8e-07   26.3   0.1   1   1   4.8e-08   5.3e-07   24.8   0.0   137   254     2   131     1   133 0.85 -
CP001142_1:504497-505147   -            217 1025450at2759        -            307   3.1e-07   25.5   0.6   1   3      0.37       4.1    2.2   0.0   264   287     2    26     1    40 0.68 -
CP001142_1:504497-505147   -            217 1025450at2759        -            307   3.1e-07   25.5   0.6   2   3     0.082      0.89    4.3   0.0   231   281    61    79    56    89 0.52 -
CP001142_1:504497-505147   -            217 1025450at2759        -            307   3.1e-07   25.5   0.6   3   3   4.7e-05   0.00051   15.0   0.1    57   128    97   179    92   200 0.58 -
CM000618_1:315550-316332   -            261 1025450at2759        -            307   3.2e-07   25.5   0.5   1   4      0.89       9.6    0.9   0.0   157   186     2    32     1    44 0.65 -
CM000618_1:315550-316332   -            261 1025450at2759        -            307   3.2e-07   25.5   0.5   2   4      0.44       4.8    1.9   0.0   134   172    33    71    24    80 0.73 -
CM000618_1:315550-316332   -            261 1025450at2759        -            307   3.2e-07   25.5   0.5   3   4   3.5e-05   0.00039   15.4   0.2   102   170    89   159    79   182 0.62 -
CM000618_1:315550-316332   -            261 1025450at2759        -            307   3.2e-07   25.5   0.5   4   4      0.22       2.3    2.9   0.0   263   286   227   250   188   257 0.60 -
CM000616_1:366703-367485   -            261 1025450at2759        -            307   6.1e-07   24.6   1.1   1   2       2.9        32   -0.8   0.0   137   174    11    51     4    74 0.70 -
CM000616_1:366703-367485   -            261 1025450at2759        -            307   6.1e-07   24.6   1.1   2   2   2.2e-06   2.3e-05   19.4   0.5    36   181    88   248    84   255 0.72 -
CM000624_1:531052-531669   -            206 1025450at2759        -            307   7.8e-07   24.2   0.0   1   3    0.0011     0.012   10.5   0.0    59    95     2    39     1    46 0.80 -
CM000624_1:531052-531669   -            206 1025450at2759        -            307   7.8e-07   24.2   0.0   2   3    0.0011     0.012   10.5   0.0   138   192    59   113    49   142 0.69 -
CM000624_1:531052-531669   -            206 1025450at2759        -            307   7.8e-07   24.2   0.0   3   3       6.7        73   -2.0   0.0   147   159   164   176   148   182 0.61 -
CM000608_1:321782-322351   -            190 1025450at2759        -            307   1.1e-06   23.7   0.2   1   3   7.3e-05   0.00079   14.3   0.0    62    93     3    34     1    41 0.70 -
CM000608_1:321782-322351   -            190 1025450at2759        -            307   1.1e-06   23.7   0.2   2   3      0.57       6.2    1.5   0.0    96   123    65    92    54   114 0.73 -
CM000608_1:321782-322351   -            190 1025450at2759        -            307   1.1e-06   23.7   0.2   3   3     0.085      0.92    4.3   0.0   145   190   144   189   124   190 0.67 -
CM000605_1:2165347-2166120 -            258 1025450at2759        -            307   3.2e-06   22.2   7.7   1   4    0.0024     0.026    9.4   0.0    54   105    12    62     3    68 0.78 -
CM000605_1:2165347-2166120 -            258 1025450at2759        -            307   3.2e-06   22.2   7.7   2   4     0.041      0.45    5.3   0.0    63   106    69   115    61   122 0.75 -
CM000605_1:2165347-2166120 -            258 1025450at2759        -            307   3.2e-06   22.2   7.7   3   4     0.088      0.96    4.2   0.0   259   281   143   165   129   179 0.77 -
CM000605_1:2165347-2166120 -            258 1025450at2759        -            307   3.2e-06   22.2   7.7   4   4     0.047      0.51    5.1   1.2    94   167   181   257   174   258 0.66 -
CM000615_1:574487-575272   -            262 1025450at2759        -            307   4.3e-06   21.8   0.5   1   3     0.016      0.17    6.6   0.0   261   281     2    22     1    45 0.76 -
CM000615_1:574487-575272   -            262 1025450at2759        -            307   4.3e-06   21.8   0.5   2   3   0.00082     0.009   10.9   0.0   109   194    47   135    35   161 0.56 -
CM000615_1:574487-575272   -            262 1025450at2759        -            307   4.3e-06   21.8   0.5   3   3         2        22   -0.2   0.0   231   281   201   247   195   260 0.52 -
CM000615_1:161731-162426   -            232 1025450at2759        -            307   5.4e-06   21.5   0.3   1   3       3.9        43   -1.2   0.0   154   196    31    75    26    82 0.72 -
CM000615_1:161731-162426   -            232 1025450at2759        -            307   5.4e-06   21.5   0.3   2   3     0.034      0.37    5.6   0.1   262   279    85   102    40   125 0.64 -
CM000615_1:161731-162426   -            232 1025450at2759        -            307   5.4e-06   21.5   0.3   3   3   0.00063    0.0068   11.3   0.0   101   180   129   219   121   226 0.62 -
CM000610_1:529970-530521   -            184 1025450at2759        -            307   6.9e-06   21.1   1.5   1   2    0.0034     0.037    8.9   0.2    59    94     2    38     1   113 0.80 -
CM000610_1:529970-530521   -            184 1025450at2759        -            307   6.9e-06   21.1   1.5   2   2   0.00045    0.0049   11.8   0.2   121   173   127   180    87   184 0.76 -
CM000617_1:567733-568386   -            218 1025450at2759        -            307   8.1e-06   20.9   0.5   1   3       3.7        40   -1.1   0.0    74    94     6    26     1    32 0.69 -
CM000617_1:567733-568386   -            218 1025450at2759        -            307   8.1e-06   20.9   0.5   2   3   0.00026    0.0028   12.5   0.0   139   175   155   190   116   198 0.77 -
CM000617_1:567733-568386   -            218 1025450at2759        -            307   8.1e-06   20.9   0.5   3   3   0.00012    0.0013   13.6   0.1    90   156   148   211   145   218 0.56 -
CM000615_1:475672-475962   -             97 1025450at2759        -            307   8.6e-06   20.8   0.6   1   2    0.0007    0.0076   11.1   0.1    59    95    31    67     3    68 0.67 -
CM000615_1:475672-475962   -             97 1025450at2759        -            307   8.6e-06   20.8   0.6   2   2   4.1e-06   4.5e-05   18.4   0.4    30    82    44    96    37    97 0.87 -
CM000610_1:642458-643387   -            310 1025450at2759        -            307     1e-05   20.6   0.0   1   2     0.016      0.18    6.6   0.0   139   186   126   172    93   176 0.74 -
CM000610_1:642458-643387   -            310 1025450at2759        -            307     1e-05   20.6   0.0   2   2   0.00047    0.0051   11.7   0.0    97   175   190   267   185   302 0.84 -
CM000610_1:600481-601146   -            222 1025450at2759        -            307   1.2e-05   20.4   2.0   1   1     0.069      0.75    4.6   0.1   261   287    93   118    75   127 0.70 -
CM000612_1:10035-10616     -            194 1025450at2759        -            307   6.4e-05   17.9   0.1   1   2   2.1e-05   0.00022   16.1   0.0    58    99     2    43     1    74 0.83 -
CM000612_1:10035-10616     -            194 1025450at2759        -            307   6.4e-05   17.9   0.1   2   2       2.6        28   -0.6   0.0   177   204    70    97    48   114 0.53 -
CM000608_1:287774-288016   -             81 1025450at2759        -            307   0.00016   16.7   0.3   1   2    0.0032     0.034    9.0   0.0   141   173     5    37     1    47 0.59 -
CM000608_1:287774-288016   -             81 1025450at2759        -            307   0.00016   16.7   0.3   2   2     0.015      0.17    6.7   0.1    63   276    48    79    39    81 0.45 -
CM000606_1:445232-446644   -            471 1025450at2759        -            307   0.00062   14.7   1.4   1   2       1.5        16    0.2   0.0   182   229   113   158   103   167 0.62 -
CM000606_1:445232-446644   -            471 1025450at2759        -            307   0.00062   14.7   1.4   2   2   0.00037     0.004   12.0   0.1   146   240   266   359   225   368 0.71 -
CM000605_1:1621666-1622157 -            164 1025450at2759        -            307    0.0015   13.4   0.1   1   2    0.0016     0.017    9.9   0.0   261   288   102   129     7   140 0.91 -
CM000605_1:1621666-1622157 -            164 1025450at2759        -            307    0.0015   13.4   0.1   2   2       3.1        34   -0.9   0.0    35    51   147   163   144   164 0.75 -
CP001142_1:438543-439034   -            164 1025450at2759        -            307    0.0023   12.8   0.6   1   2      0.58       6.3    1.5   0.0   140   183     7    54     2    65 0.71 -
CP001142_1:438543-439034   -            164 1025450at2759        -            307    0.0023   12.8   0.6   2   2    0.0025     0.027    9.3   0.1   136   171   128   164    98   164 0.86 -
#
# Program:         hmmsearch
# Version:         3.1b2 (February 2015)
# Pipeline mode:   SEARCH
# Query file:      /Users/aholzer/ownCloud/PhD/Publications/2021 Liavero-Pasquina et al./analysis/TPP_aptamer_search/busco_downloads/lineages/eukaryota_odb10/hmms/1025450at2759.hmm
# Target file:     /Users/aholzer/ownCloud/PhD/Publications/2021 Liavero-Pasquina et al./analysis/TPP_aptamer_search/genomes/BUSCO_eukaryota_obd10/Phaeodactylum_tricornutum_ASM15095v2/run_eukaryota_odb10/metaeuk_output/initial_results/GCA_000150955.2_ASM15095v2_genomic.fna.modified.fas
# Option settings: hmmsearch --domtblout /Users/aholzer/ownCloud/PhD/Publications/2021 Liavero-Pasquina et al./analysis/TPP_aptamer_search/genomes/BUSCO_eukaryota_obd10/Phaeodactylum_tricornutum_ASM15095v2/run_eukaryota_odb10/hmmer_output/initial_run_results/1025450at2759.out --cpu 1 /Users/aholzer/ownCloud/PhD/Publications/2021 Liavero-Pasquina et al./analysis/TPP_aptamer_search/busco_downloads/lineages/eukaryota_odb10/hmms/1025450at2759.hmm /Users/aholzer/ownCloud/PhD/Publications/2021 Liavero-Pasquina et al./analysis/TPP_aptamer_search/genomes/BUSCO_eukaryota_obd10/Phaeodactylum_tricornutum_ASM15095v2/run_eukaryota_odb10/metaeuk_output/initial_results/GCA_000150955.2_ASM15095v2_genomic.fna.modified.fas 
# Current dir:     /Users/aholzer/ownCloud/PhD/Publications/2021 Liavero-Pasquina et al./analysis/TPP_aptamer_search
# Date:            Sun Apr 18 13:54:43 2021
# [ok]
