#                                                                                  --- full sequence --- -------------- this domain -------------   hmm coord   ali coord   env coord
# target name              accession   tlen query name           accession   qlen   E-value  score  bias   #  of  c-Evalue  i-Evalue  score  bias  from    to  from    to  from    to  acc description of target
#      ------------------- ---------- ----- -------------------- ---------- ----- --------- ------ ----- --- --- --------- --------- ------ ----- ----- ----- ----- ----- ----- ----- ---- ---------------------
CM000609_1:1007413-1009623 -            713 1194797at2759        -            454   4.3e-94  311.4   9.3   1   4    0.0006     0.031    8.6   0.1     2    34    40    73    39    79 0.89 -
CM000609_1:1007413-1009623 -            713 1194797at2759        -            454   4.3e-94  311.4   9.3   2   4   1.5e-06   7.9e-05   17.1   0.4    32    74    95   141    87   188 0.79 -
CM000609_1:1007413-1009623 -            713 1194797at2759        -            454   4.3e-94  311.4   9.3   3   4   4.5e-56   2.4e-54  180.4   0.0    86   315   196   478   180   485 0.81 -
CM000609_1:1007413-1009623 -            713 1194797at2759        -            454   4.3e-94  311.4   9.3   4   4   2.5e-32   1.3e-30  102.1   0.2   310   434   501   646   492   667 0.80 -
CM000622_1:79662-80642     -            327 1194797at2759        -            454   1.3e-08   29.6   3.4   1   3   5.8e-05     0.003   11.9   0.2   320   370     8    63     2    99 0.58 -
CM000622_1:79662-80642     -            327 1194797at2759        -            454   1.3e-08   29.6   3.4   2   3      0.16       8.5    0.5   0.1   102   128   139   165   110   179 0.81 -
CM000622_1:79662-80642     -            327 1194797at2759        -            454   1.3e-08   29.6   3.4   3   3   4.1e-06   0.00022   15.7   0.1   310   374   250   319   208   326 0.78 -
CM000619_1:78039-80150     -            704 1194797at2759        -            454   7.6e-08   27.1   5.0   1   5     0.097       5.1    1.3   0.0   138   156   106   124   100   156 0.84 -
CM000619_1:78039-80150     -            704 1194797at2759        -            454   7.6e-08   27.1   5.0   2   5      0.37        19   -0.6   0.1    78   134   133   192   117   198 0.67 -
CM000619_1:78039-80150     -            704 1194797at2759        -            454   7.6e-08   27.1   5.0   3   5     7e-09   3.7e-07   24.8   0.0   233   405   262   480   258   485 0.64 -
CM000619_1:78039-80150     -            704 1194797at2759        -            454   7.6e-08   27.1   5.0   4   5       1.6        86   -2.8   0.3   406   444   598   636   591   640 0.66 -
CM000619_1:78039-80150     -            704 1194797at2759        -            454   7.6e-08   27.1   5.0   5   5       2.8   1.4e+02   -3.5   0.6   410   437   657   684   653   696 0.63 -
CM000605_1:73891-75402     -            504 1194797at2759        -            454   1.5e-06   22.8   0.0   1   5     0.032       1.7    2.9   0.0   321   373     4    60     2    64 0.74 -
CM000605_1:73891-75402     -            504 1194797at2759        -            454   1.5e-06   22.8   0.0   2   5    0.0034      0.18    6.1   0.0   321   372    45   101    42   112 0.69 -
CM000605_1:73891-75402     -            504 1194797at2759        -            454   1.5e-06   22.8   0.0   3   5    0.0019       0.1    6.9   0.0   317   338   133   154   125   183 0.66 -
CM000605_1:73891-75402     -            504 1194797at2759        -            454   1.5e-06   22.8   0.0   4   5      0.35        18   -0.6   0.0   257   344   299   387   292   393 0.74 -
CM000605_1:73891-75402     -            504 1194797at2759        -            454   1.5e-06   22.8   0.0   5   5     0.027       1.4    3.1   0.0   320   368   450   504   434   504 0.69 -
DS999284_1:24210-25460     -            417 1194797at2759        -            454   4.6e-06   21.2   0.0   1   2   2.1e-06   0.00011   16.7   0.0   308   408   247   362   213   378 0.75 -
DS999284_1:24210-25460     -            417 1194797at2759        -            454   4.6e-06   21.2   0.0   2   2     0.052       2.7    2.2   0.0   310   344   379   416   373   417 0.75 -
CM000605_1:74764-75648     -            295 1194797at2759        -            454   7.8e-06   20.5   0.0   1   3       3.5   1.9e+02   -3.9   0.0   140   151    29    40    26    43 0.56 -
CM000605_1:74764-75648     -            295 1194797at2759        -            454   7.8e-06   20.5   0.0   2   3   0.00042     0.022    9.1   0.0   320   372   126   183    73   194 0.55 -
CM000605_1:74764-75648     -            295 1194797at2759        -            454   7.8e-06   20.5   0.0   3   3   0.00094     0.049    7.9   0.0   317   338   215   236   208   265 0.65 -
CP001142_1:466944-469885   -            911 1194797at2759        -            454   9.5e-06   20.2   0.1   1   4      0.46        24   -1.0   0.0    98   153    28    86    24   107 0.76 -
CP001142_1:466944-469885   -            911 1194797at2759        -            454   9.5e-06   20.2   0.1   2   4   1.5e-05    0.0008   13.8   0.0   102   135   114   147    99   168 0.86 -
CP001142_1:466944-469885   -            911 1194797at2759        -            454   9.5e-06   20.2   0.1   3   4      0.11       5.6    1.1   0.0    79   344   369   417   332   439 0.63 -
CP001142_1:466944-469885   -            911 1194797at2759        -            454   9.5e-06   20.2   0.1   4   4       2.2   1.2e+02   -3.2   0.0   321   344   564   587   523   592 0.63 -
CM000630_1:51780-52724     -            315 1194797at2759        -            454   1.2e-05   19.8   0.1   1   3         3   1.6e+02   -3.6   0.0   321   344    44    67    41    69 0.81 -
CM000630_1:51780-52724     -            315 1194797at2759        -            454   1.2e-05   19.8   0.1   2   3   0.00011    0.0058   11.0   0.0   104   166   153   224   138   231 0.73 -
CM000630_1:51780-52724     -            315 1194797at2759        -            454   1.2e-05   19.8   0.1   3   3    0.0061      0.32    5.2   0.0   104   163   238   313   235   315 0.62 -
CM000619_1:643100-644554   -            485 1194797at2759        -            454   0.00021   15.7   2.9   1   3     0.022       1.2    3.4   0.1   102   153   108   163    93   174 0.67 -
CM000619_1:643100-644554   -            485 1194797at2759        -            454   0.00021   15.7   2.9   2   3   0.00027     0.014    9.7   0.1   314   368   271   330   231   350 0.70 -
CM000619_1:643100-644554   -            485 1194797at2759        -            454   0.00021   15.7   2.9   3   3      0.15       7.6    0.7   0.0   354   374   363   383   333   395 0.77 -
CM000614_1:169918-170541   -            208 1194797at2759        -            454    0.0011   13.4   0.0   1   1   2.5e-05    0.0013   13.1   0.0   316   384    84   161    69   197 0.81 -
CM000624_1:531052-531669   -            206 1194797at2759        -            454    0.0015   13.0   0.0   1   3      0.12       6.4    0.9   0.0   351   388     6    41     1    47 0.80 -
CM000624_1:531052-531669   -            206 1194797at2759        -            454    0.0015   13.0   0.0   2   3    0.0088      0.46    4.7   0.0   285   328    64   107    54   116 0.90 -
CM000624_1:531052-531669   -            206 1194797at2759        -            454    0.0015   13.0   0.0   3   3      0.02         1    3.6   0.0   308   333   151   175   142   185 0.69 -
CM000623_1:396072-397046   -            325 1194797at2759        -            454    0.0017   12.7   0.0   1   3      0.29        15   -0.3   0.0   354   382    89   114    80   128 0.60 -
CM000623_1:396072-397046   -            325 1194797at2759        -            454    0.0017   12.7   0.0   2   3      0.77        41   -1.7   0.0   156   165   193   202   148   211 0.67 -
CM000623_1:396072-397046   -            325 1194797at2759        -            454    0.0017   12.7   0.0   3   3   0.00045     0.024    9.0   0.0   319   352   216   249   204   259 0.84 -
CM000605_1:214449-218147   -           1233 1194797at2759        -            454    0.0027   12.1   0.0   1   1   8.9e-05    0.0047   11.3   0.0   320   383   816   881   812   887 0.82 -
CM000614_1:510454-511437   -            328 1194797at2759        -            454    0.0036   11.7   0.0   1   2     0.011      0.59    4.4   0.0   350   384   107   139    88   146 0.78 -
CM000614_1:510454-511437   -            328 1194797at2759        -            454    0.0036   11.7   0.0   2   2    0.0081      0.42    4.8   0.0   314   346   195   227   171   240 0.84 -
CM000608_1:321782-322351   -            190 1194797at2759        -            454    0.0047   11.3   0.1   1   2    0.0085      0.44    4.8   0.0   102   127     9    35     1    41 0.72 -
CM000608_1:321782-322351   -            190 1194797at2759        -            454    0.0047   11.3   0.1   2   2     0.014      0.71    4.1   0.0   284   374    68   161    44   169 0.57 -
CM000610_1:507747-508694   -            316 1194797at2759        -            454    0.0071   10.7   0.1   1   3    0.0015     0.078    7.3   0.0   315   346    70   101    23   113 0.88 -
CM000610_1:507747-508694   -            316 1194797at2759        -            454    0.0071   10.7   0.1   2   3      0.37        19   -0.6   0.0   309   345   191   230   173   272 0.58 -
CM000610_1:507747-508694   -            316 1194797at2759        -            454    0.0071   10.7   0.1   3   3      0.38        20   -0.7   0.0   321   343   291   313   233   315 0.67 -
CM000617_1:653192-654010   -            273 1194797at2759        -            454     0.013    9.8   0.0   1   2    0.0015     0.077    7.3   0.0   108   153    32    80    24    94 0.69 -
CM000617_1:653192-654010   -            273 1194797at2759        -            454     0.013    9.8   0.0   2   2      0.24        12   -0.0   0.0   300   369   187   261   135   272 0.64 -
#
# Program:         hmmsearch
# Version:         3.1b2 (February 2015)
# Pipeline mode:   SEARCH
# Query file:      /Users/aholzer/ownCloud/PhD/Publications/2021 Liavero-Pasquina et al./analysis/TPP_aptamer_search/busco_downloads/lineages/eukaryota_odb10/hmms/1194797at2759.hmm
# Target file:     /Users/aholzer/ownCloud/PhD/Publications/2021 Liavero-Pasquina et al./analysis/TPP_aptamer_search/genomes/BUSCO_eukaryota_obd10/Phaeodactylum_tricornutum_ASM15095v2/run_eukaryota_odb10/metaeuk_output/initial_results/GCA_000150955.2_ASM15095v2_genomic.fna.modified.fas
# Option settings: hmmsearch --domtblout /Users/aholzer/ownCloud/PhD/Publications/2021 Liavero-Pasquina et al./analysis/TPP_aptamer_search/genomes/BUSCO_eukaryota_obd10/Phaeodactylum_tricornutum_ASM15095v2/run_eukaryota_odb10/hmmer_output/initial_run_results/1194797at2759.out --cpu 1 /Users/aholzer/ownCloud/PhD/Publications/2021 Liavero-Pasquina et al./analysis/TPP_aptamer_search/busco_downloads/lineages/eukaryota_odb10/hmms/1194797at2759.hmm /Users/aholzer/ownCloud/PhD/Publications/2021 Liavero-Pasquina et al./analysis/TPP_aptamer_search/genomes/BUSCO_eukaryota_obd10/Phaeodactylum_tricornutum_ASM15095v2/run_eukaryota_odb10/metaeuk_output/initial_results/GCA_000150955.2_ASM15095v2_genomic.fna.modified.fas 
# Current dir:     /Users/aholzer/ownCloud/PhD/Publications/2021 Liavero-Pasquina et al./analysis/TPP_aptamer_search
# Date:            Sun Apr 18 13:54:50 2021
# [ok]
