#                                                                                  --- full sequence --- -------------- this domain -------------   hmm coord   ali coord   env coord
# target name              accession   tlen query name           accession   qlen   E-value  score  bias   #  of  c-Evalue  i-Evalue  score  bias  from    to  from    to  from    to  acc description of target
#      ------------------- ---------- ----- -------------------- ---------- ----- --------- ------ ----- --- --- --------- --------- ------ ----- ----- ----- ----- ----- ----- ----- ---- ---------------------
CM000605_1:1007387-1011424 -           1346 396755at2759         -            656   1.5e-52  174.6  54.0   1   6    0.0083      0.67    4.0   0.1     5    50    62   108    60   117 0.90 -
CM000605_1:1007387-1011424 -           1346 396755at2759         -            656   1.5e-52  174.6  54.0   2   6   8.2e-14   6.6e-12   40.3   0.6    63   214   151   330   114   336 0.70 -
CM000605_1:1007387-1011424 -           1346 396755at2759         -            656   1.5e-52  174.6  54.0   3   6   9.3e-12   7.5e-10   33.6   2.4   206   342   413   553   406   567 0.65 -
CM000605_1:1007387-1011424 -           1346 396755at2759         -            656   1.5e-52  174.6  54.0   4   6    0.0002     0.017    9.3   0.0   309   356   555   605   553   608 0.82 -
CM000605_1:1007387-1011424 -           1346 396755at2759         -            656   1.5e-52  174.6  54.0   5   6   5.7e-38   4.6e-36  120.2   0.6   357   536   731   946   723   958 0.81 -
CM000605_1:1007387-1011424 -           1346 396755at2759         -            656   1.5e-52  174.6  54.0   6   6      0.19        16   -0.5   6.5   568   655  1029  1127  1011  1128 0.73 -
CM000613_1:764165-765616   -            484 396755at2759         -            656   4.1e-17   57.5  17.0   1   5   0.00013     0.011    9.9   0.1   328   356     4    32     1    47 0.73 -
CM000613_1:764165-765616   -            484 396755at2759         -            656   4.1e-17   57.5  17.0   2   5   1.6e-05    0.0013   12.9   0.1   274   357    44   124    40   128 0.66 -
CM000613_1:764165-765616   -            484 396755at2759         -            656   4.1e-17   57.5  17.0   3   5   4.3e-06   0.00035   14.8   0.1   303   356   148   207   139   215 0.82 -
CM000613_1:764165-765616   -            484 396755at2759         -            656   4.1e-17   57.5  17.0   4   5   0.00016     0.013    9.7   0.2   309   357   322   376   310   415 0.76 -
CM000613_1:764165-765616   -            484 396755at2759         -            656   4.1e-17   57.5  17.0   5   5     0.014       1.2    3.2   0.0   332   357   435   460   428   464 0.89 -
CM000606_1:417704-419398   -            565 396755at2759         -            656   7.6e-17   56.7  13.2   1   6   0.00019     0.015    9.4   0.0   228   252    43    67    35    74 0.89 -
CM000606_1:417704-419398   -            565 396755at2759         -            656   7.6e-17   56.7  13.2   2   6   0.00084     0.068    7.3   0.0   310   359   102   158    91   163 0.76 -
CM000606_1:417704-419398   -            565 396755at2759         -            656   7.6e-17   56.7  13.2   3   6   3.3e-08   2.6e-06   21.8   1.7   227   359   170   325   167   327 0.77 -
CM000606_1:417704-419398   -            565 396755at2759         -            656   7.6e-17   56.7  13.2   4   6    0.0035      0.29    5.2   0.0   299   355   343   404   337   410 0.58 -
CM000606_1:417704-419398   -            565 396755at2759         -            656   7.6e-17   56.7  13.2   5   6    0.0099       0.8    3.7   0.2   227   260   472   505   459   512 0.78 -
CM000606_1:417704-419398   -            565 396755at2759         -            656   7.6e-17   56.7  13.2   6   6    0.0061       0.5    4.4   0.0   332   356   517   541   503   545 0.73 -
CM000630_1:56840-58414     -            525 396755at2759         -            656   6.2e-14   47.0  16.7   1  10   0.00068     0.055    7.6   0.1   327   356     4    33     1    38 0.69 -
CM000630_1:56840-58414     -            525 396755at2759         -            656   6.2e-14   47.0  16.7   2  10   1.7e-06   0.00013   16.2   0.2   284   356    39   118    35   123 0.79 -
CM000630_1:56840-58414     -            525 396755at2759         -            656   6.2e-14   47.0  16.7   3  10    0.0094      0.77    3.8   0.0   225   255   131   161   119   169 0.81 -
CM000630_1:56840-58414     -            525 396755at2759         -            656   6.2e-14   47.0  16.7   4  10    0.0009     0.073    7.2   0.0   327   355   173   201   166   209 0.88 -
CM000630_1:56840-58414     -            525 396755at2759         -            656   6.2e-14   47.0  16.7   5  10     0.018       1.5    2.8   0.0   330   357   218   245   205   249 0.69 -
CM000630_1:56840-58414     -            525 396755at2759         -            656   6.2e-14   47.0  16.7   6  10     0.016       1.3    3.0   0.1   328   357   300   329   263   331 0.75 -
CM000630_1:56840-58414     -            525 396755at2759         -            656   6.2e-14   47.0  16.7   7  10     0.014       1.2    3.2   0.0   317   357   332   372   317   376 0.74 -
CM000630_1:56840-58414     -            525 396755at2759         -            656   6.2e-14   47.0  16.7   8  10     0.037         3    1.8   0.0   507   534   386   413   380   418 0.86 -
CM000630_1:56840-58414     -            525 396755at2759         -            656   6.2e-14   47.0  16.7   9  10    0.0049       0.4    4.7   0.0   330   359   429   458   416   460 0.84 -
CM000630_1:56840-58414     -            525 396755at2759         -            656   6.2e-14   47.0  16.7  10  10       2.4   1.9e+02   -4.1   0.0   329   354   470   495   466   503 0.63 -
CM000605_1:2021471-2023300 -            610 396755at2759         -            656   2.7e-13   45.0   7.1   1   8    0.0043      0.35    4.9   0.0   505   533   123   151    98   157 0.75 -
CM000605_1:2021471-2023300 -            610 396755at2759         -            656   2.7e-13   45.0   7.1   2   8   2.3e-05    0.0019   12.4   0.0   287   356   163   236   160   239 0.79 -
CM000605_1:2021471-2023300 -            610 396755at2759         -            656   2.7e-13   45.0   7.1   3   8   0.00098     0.079    7.0   0.1   310   356   317   362   296   367 0.76 -
CM000605_1:2021471-2023300 -            610 396755at2759         -            656   2.7e-13   45.0   7.1   4   8     0.033       2.7    2.0   0.0   309   357   358   405   358   407 0.88 -
CM000605_1:2021471-2023300 -            610 396755at2759         -            656   2.7e-13   45.0   7.1   5   8     0.034       2.8    1.9   0.0   310   359   394   448   391   452 0.75 -
CM000605_1:2021471-2023300 -            610 396755at2759         -            656   2.7e-13   45.0   7.1   6   8    0.0024      0.19    5.8   0.0   502   533   455   486   447   522 0.70 -
CM000605_1:2021471-2023300 -            610 396755at2759         -            656   2.7e-13   45.0   7.1   7   8     0.027       2.2    2.3   0.0   329   356   544   571   518   575 0.87 -
CM000605_1:2021471-2023300 -            610 396755at2759         -            656   2.7e-13   45.0   7.1   8   8    0.0017      0.14    6.3   0.0   507   533   584   610   578   610 0.90 -
CM000613_1:759452-760459   -            336 396755at2759         -            656   2.4e-12   41.8   5.3   1   6    0.0003     0.025    8.7   0.0   319   354    44    79    29    86 0.81 -
CM000613_1:759452-760459   -            336 396755at2759         -            656   2.4e-12   41.8   5.3   2   6     0.002      0.16    6.0   0.0   330   357    97   124    78   128 0.58 -
CM000613_1:759452-760459   -            336 396755at2759         -            656   2.4e-12   41.8   5.3   3   6   3.8e-05    0.0031   11.7   0.1   330   357   139   166   124   176 0.86 -
CM000613_1:759452-760459   -            336 396755at2759         -            656   2.4e-12   41.8   5.3   4   6     0.041       3.3    1.7   0.0   330   356   181   207   168   213 0.75 -
CM000613_1:759452-760459   -            336 396755at2759         -            656   2.4e-12   41.8   5.3   5   6   0.00095     0.077    7.1   0.1   507   535   222   250   210   254 0.80 -
CM000613_1:759452-760459   -            336 396755at2759         -            656   2.4e-12   41.8   5.3   6   6     0.019       1.5    2.8   0.0   300   356   271   333   267   335 0.77 -
CM000605_1:1115348-1117451 -            650 396755at2759         -            656   1.7e-08   29.1   1.6   1   3     0.043       3.5    1.6   0.1   203   258     9    62     2    78 0.78 -
CM000605_1:1115348-1117451 -            650 396755at2759         -            656   1.7e-08   29.1   1.6   2   3   0.00024      0.02    9.0   0.1   412   489   428   509   421   512 0.74 -
CM000605_1:1115348-1117451 -            650 396755at2759         -            656   1.7e-08   29.1   1.6   3   3   1.7e-05    0.0014   12.9   0.0   461   533   549   627   534   635 0.83 -
CM000616_1:311404-312963   -            520 396755at2759         -            656   2.2e-08   28.7   4.6   1   4   1.4e-06   0.00012   16.4   0.4   450   552     7   115     1   141 0.79 -
CM000616_1:311404-312963   -            520 396755at2759         -            656   2.2e-08   28.7   4.6   2   4      0.39        31   -1.5   0.0   327   357   220   250   204   261 0.83 -
CM000616_1:311404-312963   -            520 396755at2759         -            656   2.2e-08   28.7   4.6   3   4      0.39        32   -1.6   0.0   330   353   295   318   290   324 0.88 -
CM000616_1:311404-312963   -            520 396755at2759         -            656   2.2e-08   28.7   4.6   4   4     5e-05    0.0041   11.3   0.1   135   167   408   440   404   465 0.85 -
CM000622_1:592739-593176   -            146 396755at2759         -            656   7.9e-06   20.3   0.6   1   3   2.5e-06    0.0002   15.6   0.0   311   357     6    58     1    62 0.72 -
CM000622_1:592739-593176   -            146 396755at2759         -            656   7.9e-06   20.3   0.6   2   3     0.049         4    1.4   0.1   330   357    79   106    73   114 0.58 -
CM000622_1:592739-593176   -            146 396755at2759         -            656   7.9e-06   20.3   0.6   3   3      0.16        13   -0.3   0.0   502   532   115   145   104   146 0.73 -
CM000616_1:642581-643222   -            214 396755at2759         -            656     7e-05   17.1   8.1   1   2     0.001     0.082    7.0   0.7   302   356    14    74     3    77 0.61 -
CM000616_1:642581-643222   -            214 396755at2759         -            656     7e-05   17.1   8.1   2   2    0.0034      0.27    5.3   0.1   322   357   141   176   129   184 0.68 -
CM000605_1:1878668-1879081 -            138 396755at2759         -            656   0.00021   15.5   0.4   1   1   3.1e-06   0.00025   15.3   0.4   457   536    14    99     6   131 0.81 -
#
# Program:         hmmsearch
# Version:         3.1b2 (February 2015)
# Pipeline mode:   SEARCH
# Query file:      /Users/aholzer/ownCloud/PhD/Publications/2021 Liavero-Pasquina et al./analysis/TPP_aptamer_search/busco_downloads/lineages/eukaryota_odb10/hmms/396755at2759.hmm
# Target file:     /Users/aholzer/ownCloud/PhD/Publications/2021 Liavero-Pasquina et al./analysis/TPP_aptamer_search/genomes/BUSCO_eukaryota_obd10/Phaeodactylum_tricornutum_ASM15095v2/run_eukaryota_odb10/metaeuk_output/initial_results/GCA_000150955.2_ASM15095v2_genomic.fna.modified.fas
# Option settings: hmmsearch --domtblout /Users/aholzer/ownCloud/PhD/Publications/2021 Liavero-Pasquina et al./analysis/TPP_aptamer_search/genomes/BUSCO_eukaryota_obd10/Phaeodactylum_tricornutum_ASM15095v2/run_eukaryota_odb10/hmmer_output/initial_run_results/396755at2759.out --cpu 1 /Users/aholzer/ownCloud/PhD/Publications/2021 Liavero-Pasquina et al./analysis/TPP_aptamer_search/busco_downloads/lineages/eukaryota_odb10/hmms/396755at2759.hmm /Users/aholzer/ownCloud/PhD/Publications/2021 Liavero-Pasquina et al./analysis/TPP_aptamer_search/genomes/BUSCO_eukaryota_obd10/Phaeodactylum_tricornutum_ASM15095v2/run_eukaryota_odb10/metaeuk_output/initial_results/GCA_000150955.2_ASM15095v2_genomic.fna.modified.fas 
# Current dir:     /Users/aholzer/ownCloud/PhD/Publications/2021 Liavero-Pasquina et al./analysis/TPP_aptamer_search
# Date:            Sun Apr 18 13:55:19 2021
# [ok]
