#                                                                                  --- full sequence --- -------------- this domain -------------   hmm coord   ali coord   env coord
# target name              accession   tlen query name           accession   qlen   E-value  score  bias   #  of  c-Evalue  i-Evalue  score  bias  from    to  from    to  from    to  acc description of target
#      ------------------- ---------- ----- -------------------- ---------- ----- --------- ------ ----- --- --- --------- --------- ------ ----- ----- ----- ----- ----- ----- ----- ---- ---------------------
CM000619_1:78039-80150     -            704 464990at2759         -            394   7.6e-50  165.3  22.5   1   5   6.3e-06   0.00028   15.2   0.0    31    90   109   185    95   192 0.82 -
CM000619_1:78039-80150     -            704 464990at2759         -            394   7.6e-50  165.3  22.5   2   5   8.1e-44   3.6e-42  140.0   0.0   121   312   259   486   228   490 0.78 -
CM000619_1:78039-80150     -            704 464990at2759         -            394   7.6e-50  165.3  22.5   3   5      0.24        11    0.1   2.5   303   356   526   576   511   614 0.56 -
CM000619_1:78039-80150     -            704 464990at2759         -            394   7.6e-50  165.3  22.5   4   5       5.4   2.4e+02   -4.3   5.7   324   356   598   630   593   634 0.81 -
CM000619_1:78039-80150     -            704 464990at2759         -            394   7.6e-50  165.3  22.5   5   5   7.9e-06   0.00035   14.9   3.7   342   394   651   703   638   703 0.82 -
CM000609_1:1007413-1009623 -            713 464990at2759         -            394   1.8e-19   65.3   1.7   1   4      0.32        14   -0.2   0.0   256   268   213   225   204   232 0.82 -
CM000609_1:1007413-1009623 -            713 464990at2759         -            394   1.8e-19   65.3   1.7   2   4       1.4        62   -2.4   0.0    31    45   253   267   231   284 0.79 -
CM000609_1:1007413-1009623 -            713 464990at2759         -            394   1.8e-19   65.3   1.7   3   4   1.3e-07   5.6e-06   20.8   0.0    90   200   342   463   306   475 0.74 -
CM000609_1:1007413-1009623 -            713 464990at2759         -            394   1.8e-19   65.3   1.7   4   4   2.1e-13   9.5e-12   39.8   0.2   213   358   503   668   491   682 0.67 -
CM000623_1:396072-397046   -            325 464990at2759         -            394   2.8e-08   28.4   0.0   1   3     0.031       1.4    3.1   0.0   220   251    90   121    82   124 0.89 -
CM000623_1:396072-397046   -            325 464990at2759         -            394   2.8e-08   28.4   0.0   2   3      0.29        13   -0.1   0.0   226   251   136   161   119   166 0.68 -
CM000623_1:396072-397046   -            325 464990at2759         -            394   2.8e-08   28.4   0.0   3   3   6.7e-08     3e-06   21.7   0.0   208   301   160   263   135   281 0.73 -
CM000630_1:51780-52724     -            315 464990at2759         -            394   7.9e-08   26.9   0.6   1   5       2.5   1.1e+02   -3.2   0.0   227   252     2    27     2    32 0.79 -
CM000630_1:51780-52724     -            315 464990at2759         -            394   7.9e-08   26.9   0.6   2   5     0.005      0.22    5.7   0.0   223   246    44    67    34    71 0.90 -
CM000630_1:51780-52724     -            315 464990at2759         -            394   7.9e-08   26.9   0.6   3   5   0.00029     0.013    9.7   0.1   177   248   148   221   139   227 0.79 -
CM000630_1:51780-52724     -            315 464990at2759         -            394   7.9e-08   26.9   0.6   4   5   0.00057     0.025    8.8   0.0   180   247   194   262   193   269 0.86 -
CM000630_1:51780-52724     -            315 464990at2759         -            394   7.9e-08   26.9   0.6   5   5     0.046         2    2.5   0.0   205   248   270   313   265   315 0.77 -
CM000622_1:79662-80642     -            327 464990at2759         -            394   4.1e-07   24.6   1.7   1   3   0.00028     0.012    9.8   0.1   222   269     8    63     2    79 0.78 -
CM000622_1:79662-80642     -            327 464990at2759         -            394   4.1e-07   24.6   1.7   2   3      0.44        20   -0.7   0.0   232   255   108   130    92   172 0.65 -
CM000622_1:79662-80642     -            327 464990at2759         -            394   4.1e-07   24.6   1.7   3   3   6.3e-05    0.0028   11.9   0.1   218   269   256   315   251   319 0.72 -
CP001142_1:466944-469885   -            911 464990at2759         -            394     3e-06   21.7   0.1   1   4     0.029       1.3    3.2   0.0    24    58   108   143    91   176 0.78 -
CP001142_1:466944-469885   -            911 464990at2759         -            394     3e-06   21.7   0.1   2   4     0.016      0.72    4.0   0.0   222   247   393   418   387   429 0.90 -
CP001142_1:466944-469885   -            911 464990at2759         -            394     3e-06   21.7   0.1   3   4     0.013      0.57    4.4   0.0   205   253   501   552   487   561 0.76 -
CP001142_1:466944-469885   -            911 464990at2759         -            394     3e-06   21.7   0.1   4   4     0.014      0.63    4.2   0.0   222   250   563   591   556   595 0.89 -
CM000610_1:472787-474931   -            715 464990at2759         -            394   2.1e-05   18.9   8.7   1   6       4.2   1.9e+02   -3.9   1.6   342   378   243   279   230   286 0.61 -
CM000610_1:472787-474931   -            715 464990at2759         -            394   2.1e-05   18.9   8.7   2   6      0.12       5.3    1.2   0.0   249   292   423   460   418   465 0.70 -
CM000610_1:472787-474931   -            715 464990at2759         -            394   2.1e-05   18.9   8.7   3   6     0.053       2.4    2.3   0.0   169   189   459   479   454   483 0.81 -
CM000610_1:472787-474931   -            715 464990at2759         -            394   2.1e-05   18.9   8.7   4   6    0.0052      0.23    5.7   0.0   212   248   546   582   542   608 0.83 -
CM000610_1:472787-474931   -            715 464990at2759         -            394   2.1e-05   18.9   8.7   5   6   0.00042     0.019    9.2   0.1   201   248   627   677   592   686 0.71 -
CM000610_1:472787-474931   -            715 464990at2759         -            394   2.1e-05   18.9   8.7   6   6       1.1        50   -2.0   0.0   175   194   686   705   681   709 0.79 -
CM000605_1:74764-75648     -            295 464990at2759         -            394   3.2e-05   18.4   0.0   1   3   2.5e-05    0.0011   13.3   0.0   222   266    85   136    68   141 0.74 -
CM000605_1:74764-75648     -            295 464990at2759         -            394   3.2e-05   18.4   0.0   2   3      0.59        26   -1.1   0.0   133   148   165   180   151   190 0.57 -
CM000605_1:74764-75648     -            295 464990at2759         -            394   3.2e-05   18.4   0.0   3   3      0.12       5.4    1.1   0.0   256   271   218   233   211   248 0.69 -
CM000617_1:300556-301422   -            289 464990at2759         -            394   3.4e-05   18.3   0.0   1   3      0.86        39   -1.7   0.0   223   250   101   128    90   142 0.78 -
CM000617_1:300556-301422   -            289 464990at2759         -            394   3.4e-05   18.3   0.0   2   3    0.0013     0.057    7.7   0.0   223   250   143   170   121   176 0.89 -
CM000617_1:300556-301422   -            289 464990at2759         -            394   3.4e-05   18.3   0.0   3   3    0.0016     0.071    7.3   0.0   223   251   185   213   172   242 0.79 -
CM000605_1:73891-75402     -            504 464990at2759         -            394   7.4e-05   17.2   0.4   1   5   0.00012    0.0054   11.0   0.0   223   266     4    54     2    59 0.76 -
CM000605_1:73891-75402     -            504 464990at2759         -            394   7.4e-05   17.2   0.4   2   5       1.3        56   -2.2   0.0   133   148    83    98    72   107 0.54 -
CM000605_1:73891-75402     -            504 464990at2759         -            394   7.4e-05   17.2   0.4   3   5      0.24        11    0.2   0.0   256   271   136   151   129   164 0.70 -
CM000605_1:73891-75402     -            504 464990at2759         -            394   7.4e-05   17.2   0.4   4   5       1.2        54   -2.2   0.0   217   248   358   389   349   403 0.82 -
CM000605_1:73891-75402     -            504 464990at2759         -            394   7.4e-05   17.2   0.4   5   5      0.35        16   -0.4   0.0   224   247   452   475   399   504 0.60 -
CM000619_1:643100-644554   -            485 464990at2759         -            394   0.00062   14.1   1.9   1   4    0.0074      0.33    5.1   0.1   217   270   104   165    95   173 0.79 -
CM000619_1:643100-644554   -            485 464990at2759         -            394   0.00062   14.1   1.9   2   4    0.0094      0.42    4.8   0.2   136   269   151   290   143   291 0.67 -
CM000619_1:643100-644554   -            485 464990at2759         -            394   0.00062   14.1   1.9   3   4    0.0015     0.069    7.4   0.0   180   250   234   305   220   332 0.82 -
CM000619_1:643100-644554   -            485 464990at2759         -            394   0.00062   14.1   1.9   4   4       4.5     2e+02   -4.0   0.1   257   268   367   378   364   391 0.68 -
CM000615_1:628065-628832   -            256 464990at2759         -            394     0.001   13.4   0.1   1   3     0.022      0.99    3.6   0.0   222   253    15    46     8    59 0.87 -
CM000615_1:628065-628832   -            256 464990at2759         -            394     0.001   13.4   0.1   2   3      0.69        31   -1.3   0.0   183   244    58   122    45   125 0.59 -
CM000615_1:628065-628832   -            256 464990at2759         -            394     0.001   13.4   0.1   3   3    0.0022     0.098    6.9   0.0   218   250   186   218   172   247 0.84 -
CM000608_1:321782-322351   -            190 464990at2759         -            394    0.0011   13.3   0.0   1   3   0.00038     0.017    9.4   0.0   217   247     5    35     2    52 0.89 -
CM000608_1:321782-322351   -            190 464990at2759         -            394    0.0011   13.3   0.0   2   3      0.12       5.2    1.2   0.0   166   192    57    82    49    84 0.75 -
CM000608_1:321782-322351   -            190 464990at2759         -            394    0.0011   13.3   0.0   3   3       2.7   1.2e+02   -3.3   0.0   224   248   146   170   139   178 0.61 -
CM000606_1:42436-43278     -            281 464990at2759         -            394    0.0018   12.6   0.0   1   2   0.00026     0.012    9.9   0.0   222   252    79   109    50   125 0.85 -
CM000606_1:42436-43278     -            281 464990at2759         -            394    0.0018   12.6   0.0   2   2      0.21       9.4    0.3   0.0   226   257   220   251   203   275 0.79 -
DS999280_1:13683-15326     -            548 464990at2759         -            394    0.0027   12.0   0.0   1   3    0.0099      0.44    4.7   0.0   245   277   320   354   269   361 0.67 -
DS999280_1:13683-15326     -            548 464990at2759         -            394    0.0027   12.0   0.0   2   3     0.016      0.71    4.0   0.0   222   254   433   465   425   471 0.87 -
DS999280_1:13683-15326     -            548 464990at2759         -            394    0.0027   12.0   0.0   3   3       3.5   1.6e+02   -3.7   0.0   222   238   479   495   474   510 0.71 -
CM000614_1:510454-511437   -            328 464990at2759         -            394    0.0029   11.9   0.0   1   2     0.058       2.6    2.2   0.0   222   249   114   142   103   152 0.71 -
CM000614_1:510454-511437   -            328 464990at2759         -            394    0.0029   11.9   0.0   2   2    0.0019     0.084    7.1   0.0   223   267   202   246   194   278 0.70 -
CM000614_1:169918-170541   -            208 464990at2759         -            394    0.0048   11.2   0.0   1   2   0.00024     0.011   10.0   0.0   213   252    79   119    69   167 0.80 -
CM000614_1:169918-170541   -            208 464990at2759         -            394    0.0048   11.2   0.0   2   2      0.49        22   -0.8   0.0   217   249   128   164   117   196 0.58 -
CP001141_1:385378-386130   -            251 464990at2759         -            394    0.0072   10.6   0.0   1   2    0.0005     0.022    9.0   0.0   203   250    69   118    50   138 0.85 -
CP001141_1:385378-386130   -            251 464990at2759         -            394    0.0072   10.6   0.0   2   2       1.6        73   -2.6   0.0    31    42   233   244   199   245 0.72 -
CM000617_1:653192-654010   -            273 464990at2759         -            394     0.011   10.1   0.0   1   2    0.0053      0.24    5.6   0.0   220   251    66    97    46   109 0.80 -
CM000617_1:653192-654010   -            273 464990at2759         -            394     0.011   10.1   0.0   2   2     0.073       3.2    1.9   0.0   175   244   243   271   211   273 0.66 -
CM000605_1:214449-218147   -           1233 464990at2759         -            394     0.016    9.5   2.9   1   3      0.26        11    0.1   0.0   283   363   642   722   619   740 0.67 -
CM000605_1:214449-218147   -           1233 464990at2759         -            394     0.016    9.5   2.9   2   3    0.0036      0.16    6.2   0.0   218   268   812   869   792   878 0.79 -
CM000605_1:214449-218147   -           1233 464990at2759         -            394     0.016    9.5   2.9   3   3      0.21       9.3    0.4   0.6   291   340  1017  1065  1011  1080 0.76 -
#
# Program:         hmmsearch
# Version:         3.1b2 (February 2015)
# Pipeline mode:   SEARCH
# Query file:      /Users/aholzer/ownCloud/PhD/Publications/2021 Liavero-Pasquina et al./analysis/TPP_aptamer_search/busco_downloads/lineages/eukaryota_odb10/hmms/464990at2759.hmm
# Target file:     /Users/aholzer/ownCloud/PhD/Publications/2021 Liavero-Pasquina et al./analysis/TPP_aptamer_search/genomes/BUSCO_eukaryota_obd10/Phaeodactylum_tricornutum_ASM15095v2/run_eukaryota_odb10/metaeuk_output/initial_results/GCA_000150955.2_ASM15095v2_genomic.fna.modified.fas
# Option settings: hmmsearch --domtblout /Users/aholzer/ownCloud/PhD/Publications/2021 Liavero-Pasquina et al./analysis/TPP_aptamer_search/genomes/BUSCO_eukaryota_obd10/Phaeodactylum_tricornutum_ASM15095v2/run_eukaryota_odb10/hmmer_output/initial_run_results/464990at2759.out --cpu 1 /Users/aholzer/ownCloud/PhD/Publications/2021 Liavero-Pasquina et al./analysis/TPP_aptamer_search/busco_downloads/lineages/eukaryota_odb10/hmms/464990at2759.hmm /Users/aholzer/ownCloud/PhD/Publications/2021 Liavero-Pasquina et al./analysis/TPP_aptamer_search/genomes/BUSCO_eukaryota_obd10/Phaeodactylum_tricornutum_ASM15095v2/run_eukaryota_odb10/metaeuk_output/initial_results/GCA_000150955.2_ASM15095v2_genomic.fna.modified.fas 
# Current dir:     /Users/aholzer/ownCloud/PhD/Publications/2021 Liavero-Pasquina et al./analysis/TPP_aptamer_search
# Date:            Sun Apr 18 13:55:22 2021
# [ok]
