#                                                                                  --- full sequence --- -------------- this domain -------------   hmm coord   ali coord   env coord
# target name              accession   tlen query name           accession   qlen   E-value  score  bias   #  of  c-Evalue  i-Evalue  score  bias  from    to  from    to  from    to  acc description of target
#      ------------------- ---------- ----- -------------------- ---------- ----- --------- ------ ----- --- --- --------- --------- ------ ----- ----- ----- ----- ----- ----- ----- ---- ---------------------
AGNL01044287_1:9528-11870  -            523 1479417at2759        -            177   1.1e-79  263.1   0.9   1   3   2.5e-50   2.2e-48  161.2   0.0     1   166     2   175     2   178 0.93 -
AGNL01044287_1:9528-11870  -            523 1479417at2759        -            177   1.1e-79  263.1   0.9   2   3   1.5e-12   1.3e-10   38.1   0.3    79   147   175   235   172   263 0.90 -
AGNL01044287_1:9528-11870  -            523 1479417at2759        -            177   1.1e-79  263.1   0.9   3   3   8.4e-20   7.5e-18   61.7   0.0    75   169   273   369   253   373 0.88 -
AGNL01020319_1:1527-2194   -            221 1479417at2759        -            177   8.2e-72  237.5   0.0   1   1   3.3e-73   2.9e-71  235.7   0.0     1   164     4   180     4   188 0.91 -
AGNL01002597_1:5848-8527   -            869 1479417at2759        -            177   6.6e-43  143.3   0.0   1   6   1.7e-05    0.0015   15.1   0.0    83   163    12    96     6   101 0.79 -
AGNL01002597_1:5848-8527   -            869 1479417at2759        -            177   6.6e-43  143.3   0.0   2   6   1.7e-16   1.5e-14   50.9   0.0     5    77   326   397   315   407 0.59 -
AGNL01002597_1:5848-8527   -            869 1479417at2759        -            177   6.6e-43  143.3   0.0   3   6       1.2   1.1e+02   -0.7   0.0    41    79   551   589   515   596 0.71 -
AGNL01002597_1:5848-8527   -            869 1479417at2759        -            177   6.6e-43  143.3   0.0   4   6    0.0043      0.38    7.3   0.0    79   109   636   666   632   681 0.82 -
AGNL01002597_1:5848-8527   -            869 1479417at2759        -            177   6.6e-43  143.3   0.0   5   6   2.5e-07   2.2e-05   21.1   0.0    38    80   693   735   690   744 0.80 -
AGNL01002597_1:5848-8527   -            869 1479417at2759        -            177   6.6e-43  143.3   0.0   6   6   5.1e-13   4.5e-11   39.6   0.0     4    82   756   833   753   837 0.91 -
AGNL01003097_1:298-837     -            180 1479417at2759        -            177   5.5e-26   88.2   0.0   1   2   4.6e-12   4.1e-10   36.5   0.0    17    78     3    64     1    69 0.94 -
AGNL01003097_1:298-837     -            180 1479417at2759        -            177   5.5e-26   88.2   0.0   2   2   3.4e-16     3e-14   50.0   0.0     3    83    98   177    96   179 0.93 -
AGNL01008412_1:11983-13641 -            224 1479417at2759        -            177     1e-24   84.1   0.1   1   2   3.9e-09   3.5e-07   27.0   0.0     4    60    11    67     8    71 0.76 -
AGNL01008412_1:11983-13641 -            224 1479417at2759        -            177     1e-24   84.1   0.1   2   2   6.2e-18   5.5e-16   55.6   0.1    81   158    70   149    65   154 0.91 -
AGNL01024840_1:1834-2415   -            194 1479417at2759        -            177   2.7e-20   69.6   0.0   1   2   7.9e-12     7e-10   35.7   0.0     5    83     2    78     1    80 0.93 -
AGNL01024840_1:1834-2415   -            194 1479417at2759        -            177   2.7e-20   69.6   0.0   2   2   1.1e-10     1e-08   32.0   0.0    70   158   104   194    94   194 0.87 -
AGNL01044053_1:3079-3486   -            136 1479417at2759        -            177     4e-19   65.9   1.1   1   2   1.3e-07   1.2e-05   22.0   0.1   123   169     1    47     1    50 0.88 -
AGNL01044053_1:3079-3486   -            136 1479417at2759        -            177     4e-19   65.9   1.1   2   2   4.5e-14     4e-12   43.0   0.2    79   156    54   131    47   136 0.88 -
AGNL01020479_1:794-1372    -            193 1479417at2759        -            177   5.6e-17   58.8   0.0   1   2   5.2e-05    0.0047   13.5   0.0     2    66     7    73     6    93 0.77 -
AGNL01020479_1:794-1372    -            193 1479417at2759        -            177   5.6e-17   58.8   0.0   2   2     3e-14   2.7e-12   43.6   0.0     3    72   123   192   120   193 0.84 -
AGNL01006611_1:408-641     -             78 1479417at2759        -            177   3.7e-16   56.2   0.1   1   1   4.5e-18     4e-16   56.1   0.1     3    76     4    77     2    78 0.93 -
AGNL01039829_1:2172-2795   -            208 1479417at2759        -            177   8.2e-16   55.1   0.0   1   2   0.00059     0.053   10.1   0.0     3    35    13    45    11    64 0.87 -
AGNL01039829_1:2172-2795   -            208 1479417at2759        -            177   8.2e-16   55.1   0.0   2   2   3.9e-14   3.4e-12   43.3   0.0    77   158   126   208    83   208 0.85 -
AGNL01015305_1:10630-10854 -             75 1479417at2759        -            177   2.4e-14   50.3   0.0   1   1     3e-16   2.6e-14   50.1   0.0     2    73     4    75     3    75 0.98 -
AGNL01011744_1:2077-2334   -             86 1479417at2759        -            177   8.3e-14   48.5   0.0   1   1   1.1e-15   9.7e-14   48.3   0.0    83   157    11    86     4    86 0.73 -
AGNL01047106_1:2470-2784   -            105 1479417at2759        -            177   1.3e-13   47.9   0.0   1   1   1.7e-15   1.5e-13   47.7   0.0     2    65     4    67     3    84 0.92 -
AGNL01006231_1:3889-4263   -            125 1479417at2759        -            177   3.7e-13   46.4   0.0   1   1   4.8e-15   4.3e-13   46.2   0.0     2    77    28   103    27   112 0.96 -
AGNL01003458_1:2983-3411   -            143 1479417at2759        -            177   6.4e-13   45.6   0.0   1   2   0.00085     0.076    9.6   0.0    46    77     3    34     1    43 0.78 -
AGNL01003458_1:2983-3411   -            143 1479417at2759        -            177   6.4e-13   45.6   0.0   2   2   2.3e-11   2.1e-09   34.2   0.0    81   153    66   141    61   143 0.81 -
AGNL01012417_1:1974-2237   -             88 1479417at2759        -            177   2.2e-11   40.6   0.0   1   1   2.9e-13   2.6e-11   40.4   0.0     2    77     4    78     3    83 0.92 -
AGNL01044053_1:2747-2935   -             63 1479417at2759        -            177   7.3e-11   38.9   0.0   1   1   8.6e-13   7.7e-11   38.9   0.0    17    78     3    63     1    63 0.95 -
AGNL01010238_1:2274-2549   -             92 1479417at2759        -            177     1e-10   38.4   0.0   1   1   1.3e-12   1.2e-10   38.3   0.0     3    62     1    62     1    86 0.91 -
AGNL01020894_1:0-281       -             94 1479417at2759        -            177   2.3e-10   37.3   0.0   1   1     3e-12   2.6e-10   37.1   0.0     2    67    28    93    27    94 0.92 -
AGNL01007568_1:49-453      -            135 1479417at2759        -            177   7.8e-09   32.3   0.0   1   2      0.02       1.8    5.1   0.0    45    77     1    33     1    41 0.83 -
AGNL01007568_1:49-453      -            135 1479417at2759        -            177   7.8e-09   32.3   0.0   2   2     8e-09   7.1e-07   25.9   0.0    84   146    68   133    34   135 0.51 -
AGNL01006531_1:1507-1710   -             68 1479417at2759        -            177   1.3e-08   31.7   0.0   1   1   1.5e-10   1.3e-08   31.6   0.0     4    64     1    61     1    68 0.72 -
AGNL01043551_1:31351-31569 -             73 1479417at2759        -            177   5.5e-08   29.6   0.0   1   1   7.1e-10   6.3e-08   29.4   0.0     5    73     2    71     1    73 0.46 -
AGNL01006631_1:1409-1798   -            130 1479417at2759        -            177   4.1e-07   26.7   0.0   1   1     6e-09   5.3e-07   26.4   0.0    94   163    22    86     6    97 0.72 -
AGNL01047167_1:3346-3711   -            122 1479417at2759        -            177   8.4e-07   25.7   0.0   1   1   1.2e-08     1e-06   25.4   0.0     8    79     1    71     1    80 0.82 -
AGNL01020586_1:1068-1352   -             95 1479417at2759        -            177   9.9e-06   22.2   0.0   1   1   2.9e-07   2.6e-05   20.8   0.0    85   144    25    95     2    95 0.72 -
AGNL01025040_1:421-2923    -            753 1479417at2759        -            177     0.002   14.7   0.0   1   1   4.4e-05    0.0039   13.8   0.0    40   152    94   126    86   136 0.56 -
#
# Program:         hmmsearch
# Version:         3.1b2 (February 2015)
# Pipeline mode:   SEARCH
# Query file:      /Users/aholzer/ownCloud/PhD/Publications/2021 Liavero-Pasquina et al./analysis/TPP_aptamer_search/busco_downloads/lineages/eukaryota_odb10/hmms/1479417at2759.hmm
# Target file:     /Users/aholzer/ownCloud/PhD/Publications/2021 Liavero-Pasquina et al./analysis/TPP_aptamer_search/genomes/BUSCO_eukaryota_obd10/Thalassiosira_oceanica_ThaOc_1.0/run_eukaryota_odb10/metaeuk_output/initial_results/GCA_000296195.2_ThaOc_1.0_genomic.fna.modified.fas
# Option settings: hmmsearch --domtblout /Users/aholzer/ownCloud/PhD/Publications/2021 Liavero-Pasquina et al./analysis/TPP_aptamer_search/genomes/BUSCO_eukaryota_obd10/Thalassiosira_oceanica_ThaOc_1.0/run_eukaryota_odb10/hmmer_output/initial_run_results/1479417at2759.out --cpu 1 /Users/aholzer/ownCloud/PhD/Publications/2021 Liavero-Pasquina et al./analysis/TPP_aptamer_search/busco_downloads/lineages/eukaryota_odb10/hmms/1479417at2759.hmm /Users/aholzer/ownCloud/PhD/Publications/2021 Liavero-Pasquina et al./analysis/TPP_aptamer_search/genomes/BUSCO_eukaryota_obd10/Thalassiosira_oceanica_ThaOc_1.0/run_eukaryota_odb10/metaeuk_output/initial_results/GCA_000296195.2_ThaOc_1.0_genomic.fna.modified.fas 
# Current dir:     /Users/aholzer/ownCloud/PhD/Publications/2021 Liavero-Pasquina et al./analysis/TPP_aptamer_search
# Date:            Mon Apr 19 00:34:46 2021
# [ok]
