#                                                                               --- full sequence --- -------------- this domain -------------   hmm coord   ali coord   env coord
# target name           accession   tlen query name           accession   qlen   E-value  score  bias   #  of  c-Evalue  i-Evalue  score  bias  from    to  from    to  from    to  acc description of target
#   ------------------- ---------- ----- -------------------- ---------- ----- --------- ------ ----- --- --- --------- --------- ------ ----- ----- ----- ----- ----- ----- ----- ---- ---------------------
AGNL01023859_1:0-1052   -            351 176625at2759         -            497   2.8e-08   29.7   0.0   1   3   3.7e-06    0.0029   13.2   0.0   267   294   154   181   152   197 0.89 -
AGNL01023859_1:0-1052   -            351 176625at2759         -            497   2.8e-08   29.7   0.0   2   3   4.7e-06    0.0036   12.8   0.0   294   327   207   240   204   244 0.93 -
AGNL01023859_1:0-1052   -            351 176625at2759         -            497   2.8e-08   29.7   0.0   3   3     0.059        45   -0.7   0.0   331   354   277   300   268   313 0.83 -
AGNL01013210_1:2-1740   -            509 176625at2759         -            497   5.6e-05   18.8   0.0   1   2   7.6e-05     0.059    8.9   0.0    36    62   246   272   242   292 0.78 -
AGNL01013210_1:2-1740   -            509 176625at2759         -            497   5.6e-05   18.8   0.0   2   2   0.00016      0.12    7.8   0.0    99   134   430   469   413   479 0.70 -
AGNL01027186_1:474-2794 -            742 176625at2759         -            497   6.5e-05   18.6   0.0   1   2   5.6e-05     0.043    9.3   0.0    35    63   259   287   255   307 0.75 -
AGNL01027186_1:474-2794 -            742 176625at2759         -            497   6.5e-05   18.6   0.0   2   2   0.00025      0.19    7.2   0.0    99   134   445   484   429   497 0.71 -
#
# Program:         hmmsearch
# Version:         3.1b2 (February 2015)
# Pipeline mode:   SEARCH
# Query file:      /Users/aholzer/ownCloud/PhD/Publications/2021 Liavero-Pasquina et al./analysis/TPP_aptamer_search/busco_downloads/lineages/eukaryota_odb10/hmms/176625at2759.hmm
# Target file:     /Users/aholzer/ownCloud/PhD/Publications/2021 Liavero-Pasquina et al./analysis/TPP_aptamer_search/genomes/BUSCO_eukaryota_obd10/Thalassiosira_oceanica_ThaOc_1.0/run_eukaryota_odb10/metaeuk_output/initial_results/GCA_000296195.2_ThaOc_1.0_genomic.fna.modified.fas
# Option settings: hmmsearch --domtblout /Users/aholzer/ownCloud/PhD/Publications/2021 Liavero-Pasquina et al./analysis/TPP_aptamer_search/genomes/BUSCO_eukaryota_obd10/Thalassiosira_oceanica_ThaOc_1.0/run_eukaryota_odb10/hmmer_output/initial_run_results/176625at2759.out --cpu 1 /Users/aholzer/ownCloud/PhD/Publications/2021 Liavero-Pasquina et al./analysis/TPP_aptamer_search/busco_downloads/lineages/eukaryota_odb10/hmms/176625at2759.hmm /Users/aholzer/ownCloud/PhD/Publications/2021 Liavero-Pasquina et al./analysis/TPP_aptamer_search/genomes/BUSCO_eukaryota_obd10/Thalassiosira_oceanica_ThaOc_1.0/run_eukaryota_odb10/metaeuk_output/initial_results/GCA_000296195.2_ThaOc_1.0_genomic.fna.modified.fas 
# Current dir:     /Users/aholzer/ownCloud/PhD/Publications/2021 Liavero-Pasquina et al./analysis/TPP_aptamer_search
# Date:            Mon Apr 19 00:34:50 2021
# [ok]
