#                                                                                    --- full sequence --- -------------- this domain -------------   hmm coord   ali coord   env coord
# target name                accession   tlen query name           accession   qlen   E-value  score  bias   #  of  c-Evalue  i-Evalue  score  bias  from    to  from    to  from    to  acc description of target
#        ------------------- ---------- ----- -------------------- ---------- ----- --------- ------ ----- --- --- --------- --------- ------ ----- ----- ----- ----- ----- ----- ----- ---- ---------------------
QPGO01000050_1:46416-48227   -            604 1322299at2759        -            341   6.4e-62  205.4  34.1   1   4   0.00027      0.15    6.9   3.2    19    82   117   180    97   200 0.66 -
QPGO01000050_1:46416-48227   -            604 1322299at2759        -            341   6.4e-62  205.4  34.1   2   4     0.037        20   -0.1   0.4   106   115   232   241   219   247 0.77 -
QPGO01000050_1:46416-48227   -            604 1322299at2759        -            341   6.4e-62  205.4  34.1   3   4   7.5e-58   4.1e-55  183.0  12.7    78   296   260   500   246   512 0.82 -
QPGO01000050_1:46416-48227   -            604 1322299at2759        -            341   6.4e-62  205.4  34.1   4   4   2.2e-10   1.2e-07   26.9   0.1   293   339   522   572   519   574 0.87 -
QPGO01000036_1:276761-277786 -            340 1322299at2759        -            341   9.9e-41  135.7  16.0   1   3   0.00028      0.15    6.9   0.0    51    82     7    38     2    55 0.85 -
QPGO01000036_1:276761-277786 -            340 1322299at2759        -            341   9.9e-41  135.7  16.0   2   3    0.0025       1.4    3.8   0.3   101   115    85    99    70   108 0.82 -
QPGO01000036_1:276761-277786 -            340 1322299at2759        -            341   9.9e-41  135.7  16.0   3   3   1.3e-41   7.4e-39  129.6   7.4    79   280   119   340   103   340 0.80 -
#
# Program:         hmmsearch
# Version:         3.1b2 (February 2015)
# Pipeline mode:   SEARCH
# Query file:      /Users/aholzer/ownCloud/PhD/Publications/2021 Liavero-Pasquina et al./analysis/TPP_aptamer_search/busco_downloads/lineages/eukaryota_odb10/hmms/1322299at2759.hmm
# Target file:     /Users/aholzer/ownCloud/PhD/Publications/2021 Liavero-Pasquina et al./analysis/TPP_aptamer_search/genomes/BUSCO_eukaryota_obd10/Psammoneis_japonica_ASM863298v1/run_eukaryota_odb10/metaeuk_output/initial_results/GCA_008632985.1_ASM863298v1_genomic.fna.modified.fas
# Option settings: hmmsearch --domtblout /Users/aholzer/ownCloud/PhD/Publications/2021 Liavero-Pasquina et al./analysis/TPP_aptamer_search/genomes/BUSCO_eukaryota_obd10/Psammoneis_japonica_ASM863298v1/run_eukaryota_odb10/hmmer_output/initial_run_results/1322299at2759.out --cpu 1 /Users/aholzer/ownCloud/PhD/Publications/2021 Liavero-Pasquina et al./analysis/TPP_aptamer_search/busco_downloads/lineages/eukaryota_odb10/hmms/1322299at2759.hmm /Users/aholzer/ownCloud/PhD/Publications/2021 Liavero-Pasquina et al./analysis/TPP_aptamer_search/genomes/BUSCO_eukaryota_obd10/Psammoneis_japonica_ASM863298v1/run_eukaryota_odb10/metaeuk_output/initial_results/GCA_008632985.1_ASM863298v1_genomic.fna.modified.fas 
# Current dir:     /Users/aholzer/ownCloud/PhD/Publications/2021 Liavero-Pasquina et al./analysis/TPP_aptamer_search
# Date:            Mon Apr 19 10:51:37 2021
# [ok]
