# hmmsearch :: search profile(s) against a sequence database
# HMMER 3.1b2 (February 2015); http://hmmer.org/
# Copyright (C) 2015 Howard Hughes Medical Institute.
# Freely distributed under the GNU General Public License (GPLv3).
# - - - - - - - - - - - - - - - - - - - - - - - - - - - - - - - - - - - -
# query HMM file:                  queries/2021-01-26_Queries_P2-P4.hmm
# target sequence database:        genomes/Bacillariophyta_sp_ASM1329908v1/GCA_013299085.1_ASM1329908v1_genomic.fna
# max ASCII text line length:      unlimited
# - - - - - - - - - - - - - - - - - - - - - - - - - - - - - - - - - - - -

Query:       2021-01-26_BLASTN_queries_P2-P4.aligned  [M=36]
Scores for complete sequences (score includes all domains):
   --- full sequence ---   --- best 1 domain ---    -#dom-
    E-value  score  bias    E-value  score  bias    exp  N  Sequence Description
    ------- ------ -----    ------- ------ -----   ---- --  -------- -----------

   [No hits detected that satisfy reporting thresholds]


Domain annotation for each sequence (and alignments):

   [No targets detected that satisfy reporting thresholds]


Internal pipeline statistics summary:
-------------------------------------
Query model(s):                              1  (36 nodes)
Target sequences:                         6401  (41386207 residues searched)
Passed MSV filter:                       149  (0.0232776); expected 128.0 (0.02)
Passed bias filter:                      149  (0.0232776); expected 128.0 (0.02)
Passed Vit filter:                        12  (0.00187471); expected 6.4 (0.001)
Passed Fwd filter:                         0  (0); expected 0.1 (1e-05)
Initial search space (Z):               6401  [actual number of targets]
Domain search space  (domZ):               0  [number of targets reported over threshold]
# CPU time: 2.00u 0.06s 00:00:02.06 Elapsed: 00:00:00.73
# Mc/sec: 2040.96
//
[ok]
