#                                                                                  --- full sequence --- -------------- this domain -------------   hmm coord   ali coord   env coord
# target name              accession   tlen query name           accession   qlen   E-value  score  bias   #  of  c-Evalue  i-Evalue  score  bias  from    to  from    to  from    to  acc description of target
#      ------------------- ---------- ----- -------------------- ---------- ----- --------- ------ ----- --- --- --------- --------- ------ ----- ----- ----- ----- ----- ----- ----- ---- ---------------------
KV784383_1:21539-22204     -            222 1106766at2759        -            226   2.8e-19   65.1   0.6   1   2   1.1e-20   2.8e-18   61.8   0.1    70   183     1   125     1   137 0.80 -
KV784383_1:21539-22204     -            222 1106766at2759        -            226   2.8e-19   65.1   0.6   2   2     0.027       7.1    1.6   0.1   196   211   171   186   167   197 0.85 -
KV784371_1:1094365-1095213 -            233 1106766at2759        -            226   3.4e-19   64.8   0.5   1   2   1.3e-20   3.5e-18   61.5   0.1    70   183    12   136     3   148 0.80 -
KV784371_1:1094365-1095213 -            233 1106766at2759        -            226   3.4e-19   64.8   0.5   2   2     0.029       7.6    1.5   0.1   196   211   182   197   178   208 0.85 -
KV784356_1:2626548-2627339 -            264 1106766at2759        -            226   0.00051   15.2   1.3   1   3     0.048        13    0.8   0.0    76    89     3    16     1    64 0.87 -
KV784356_1:2626548-2627339 -            264 1106766at2759        -            226   0.00051   15.2   1.3   2   3   1.8e-05    0.0046   12.0   0.1   115   151    84   123    77   147 0.79 -
KV784356_1:2626548-2627339 -            264 1106766at2759        -            226   0.00051   15.2   1.3   3   3      0.33        86   -1.9   0.1   196   211   230   245   227   250 0.84 -
#
# Program:         hmmsearch
# Version:         3.1b2 (February 2015)
# Pipeline mode:   SEARCH
# Query file:      /Users/aholzer/ownCloud/PhD/Publications/2021 Liavero-Pasquina et al./analysis/TPP_aptamer_search/busco_downloads/lineages/eukaryota_odb10/hmms/1106766at2759.hmm
# Target file:     /Users/aholzer/ownCloud/PhD/Publications/2021 Liavero-Pasquina et al./analysis/TPP_aptamer_search/genomes/BUSCO_eukaryota_obd10/Fragilariopsis_cylindrus_Fracy1/run_eukaryota_odb10/metaeuk_output/rerun_results/GCA_001750085.1_Fracy1_genomic.fna.modified.fas
# Option settings: hmmsearch --domtblout /Users/aholzer/ownCloud/PhD/Publications/2021 Liavero-Pasquina et al./analysis/TPP_aptamer_search/genomes/BUSCO_eukaryota_obd10/Fragilariopsis_cylindrus_Fracy1/run_eukaryota_odb10/hmmer_output/rerun_results/1106766at2759.out --cpu 1 /Users/aholzer/ownCloud/PhD/Publications/2021 Liavero-Pasquina et al./analysis/TPP_aptamer_search/busco_downloads/lineages/eukaryota_odb10/hmms/1106766at2759.hmm /Users/aholzer/ownCloud/PhD/Publications/2021 Liavero-Pasquina et al./analysis/TPP_aptamer_search/genomes/BUSCO_eukaryota_obd10/Fragilariopsis_cylindrus_Fracy1/run_eukaryota_odb10/metaeuk_output/rerun_results/GCA_001750085.1_Fracy1_genomic.fna.modified.fas 
# Current dir:     /Users/aholzer/ownCloud/PhD/Publications/2021 Liavero-Pasquina et al./analysis/TPP_aptamer_search
# Date:            Sat Apr 17 21:57:29 2021
# [ok]
