#                                                                                  --- full sequence --- -------------- this domain -------------   hmm coord   ali coord   env coord
# target name              accession   tlen query name           accession   qlen   E-value  score  bias   #  of  c-Evalue  i-Evalue  score  bias  from    to  from    to  from    to  acc description of target
#      ------------------- ---------- ----- -------------------- ---------- ----- --------- ------ ----- --- --- --------- --------- ------ ----- ----- ----- ----- ----- ----- ----- ---- ---------------------
KV784358_1:2022372-2024372 -            667 325552at2759         -            426   3.9e-67  222.4   9.1   1   5   1.6e-54   9.3e-54  178.4   0.2     8   229    43   298    38   318 0.80 -
KV784358_1:2022372-2024372 -            667 325552at2759         -            426   3.9e-67  222.4   9.1   2   5    0.0035     0.021    9.2   0.0   168   230   339   403   333   419 0.82 -
KV784358_1:2022372-2024372 -            667 325552at2759         -            426   3.9e-67  222.4   9.1   3   5       2.9        17   -0.4   0.0   193   222   418   446   410   473 0.75 -
KV784358_1:2022372-2024372 -            667 325552at2759         -            426   3.9e-67  222.4   9.1   4   5    0.0029     0.017    9.5   0.1   159   213   503   557   499   571 0.91 -
KV784358_1:2022372-2024372 -            667 325552at2759         -            426   3.9e-67  222.4   9.1   5   5   2.1e-08   1.2e-07   26.4   0.6   156   234   586   666   563   667 0.90 -
KV784398_1:243260-245383   -            708 325552at2759         -            426   2.3e-49  163.9  11.6   1   6   4.4e-16   2.6e-15   51.7   0.0    11    94    47   145    39   151 0.79 -
KV784398_1:243260-245383   -            708 325552at2759         -            426   2.3e-49  163.9  11.6   2   6   1.3e-21   7.6e-21   69.9   0.2   155   229   264   339   259   359 0.87 -
KV784398_1:243260-245383   -            708 325552at2759         -            426   2.3e-49  163.9  11.6   3   6    0.0047     0.028    8.8   0.0   168   229   380   443   374   458 0.84 -
KV784398_1:243260-245383   -            708 325552at2759         -            426   2.3e-49  163.9  11.6   4   6       3.2        19   -0.5   0.0   192   222   458   487   451   510 0.76 -
KV784398_1:243260-245383   -            708 325552at2759         -            426   2.3e-49  163.9  11.6   5   6    0.0039     0.023    9.1   0.1   159   213   544   598   539   619 0.89 -
KV784398_1:243260-245383   -            708 325552at2759         -            426   2.3e-49  163.9  11.6   6   6   2.3e-08   1.4e-07   26.2   0.7   156   234   627   707   604   708 0.90 -
KV784363_1:787988-788785   -            266 325552at2759         -            426   2.2e-31  104.7   7.8   1   3    0.0004    0.0024   12.3   0.2   192   228     7    42     3    64 0.88 -
KV784363_1:787988-788785   -            266 325552at2759         -            426   2.2e-31  104.7   7.8   2   3     1e-23     6e-23   76.8   0.5   133   229   125   228   112   235 0.84 -
KV784363_1:787988-788785   -            266 325552at2759         -            426   2.2e-31  104.7   7.8   3   3   2.8e-06   1.7e-05   19.4   0.1   189   224   231   266   226   266 0.92 -
KV784361_1:2299155-2299931 -            259 325552at2759         -            426   4.7e-31  103.5   7.9   1   3    0.0012     0.007   10.7   0.2   194   228     2    35     1    56 0.88 -
KV784361_1:2299155-2299931 -            259 325552at2759         -            426   4.7e-31  103.5   7.9   2   3   9.7e-24   5.7e-23   76.9   0.5   133   229   118   221   105   228 0.84 -
KV784361_1:2299155-2299931 -            259 325552at2759         -            426   4.7e-31  103.5   7.9   3   3     2e-06   1.2e-05   19.9   0.1   189   224   224   259   219   259 0.92 -
KV784353_1:3194537-3195920 -            384 325552at2759         -            426   9.4e-31  102.6   7.1   1   4   5.3e-07   3.1e-06   21.8   0.0   154   231    86   163    79   174 0.90 -
KV784353_1:3194537-3195920 -            384 325552at2759         -            426   9.4e-31  102.6   7.1   2   4   3.6e-12   2.1e-11   38.8   0.6   155   226   171   242   162   250 0.94 -
KV784353_1:3194537-3195920 -            384 325552at2759         -            426   9.4e-31  102.6   7.1   3   4   1.5e-10   8.6e-10   33.5   0.0   154   230   254   331   246   340 0.91 -
KV784353_1:3194537-3195920 -            384 325552at2759         -            426   9.4e-31  102.6   7.1   4   4    0.0015    0.0089   10.4   0.2   195   226   342   373   330   380 0.87 -
KV784359_1:2229628-2230242 -            205 325552at2759         -            426   1.6e-24   82.0   0.4   1   3     0.033       0.2    6.0   0.0   212   227    23    38     3    45 0.79 -
KV784359_1:2229628-2230242 -            205 325552at2759         -            426   1.6e-24   82.0   0.4   2   3   8.6e-06   5.1e-05   17.8   0.1   188   228    56    97    47   105 0.86 -
KV784359_1:2229628-2230242 -            205 325552at2759         -            426   1.6e-24   82.0   0.4   3   3     3e-17   1.8e-16   55.6   0.0   151   228   104   181    98   201 0.93 -
KV784354_1:1211685-1212725 -            347 325552at2759         -            426   4.4e-24   80.6   6.7   1   3   0.00059    0.0035   11.8   0.0   189   226   105   143    19   150 0.80 -
KV784354_1:1211685-1212725 -            347 325552at2759         -            426   4.4e-24   80.6   6.7   2   3   6.7e-12   3.9e-11   37.9   0.2   154   228   168   241   162   260 0.89 -
KV784354_1:1211685-1212725 -            347 325552at2759         -            426   4.4e-24   80.6   6.7   3   3   1.3e-10   7.7e-10   33.7   0.5   165   232   263   330   249   347 0.88 -
KV784354_1:3013214-3014164 -            317 325552at2759         -            426   2.3e-23   78.2   0.1   1   4   9.4e-09   5.5e-08   27.6   0.2   167   227    22    82    12    91 0.92 -
KV784354_1:3013214-3014164 -            317 325552at2759         -            426   2.3e-23   78.2   0.1   2   4   0.00045    0.0027   12.1   0.0    33    61    93   121    86   132 0.67 -
KV784354_1:3013214-3014164 -            317 325552at2759         -            426   2.3e-23   78.2   0.1   3   4       1.8        11    0.3   0.0   340   370   154   184   148   196 0.83 -
KV784354_1:3013214-3014164 -            317 325552at2759         -            426   2.3e-23   78.2   0.1   4   4   2.8e-10   1.6e-09   32.6   0.0   164   225   256   317   250   317 0.97 -
KV784370_1:893349-894469   -            317 325552at2759         -            426   3.5e-23   77.6   0.1   1   4   1.4e-15   8.3e-15   50.0   0.0   148   229     1    82     1    90 0.92 -
KV784370_1:893349-894469   -            317 325552at2759         -            426   3.5e-23   77.6   0.1   2   4     0.015     0.086    7.2   0.0   194   216    88   110    80   116 0.82 -
KV784370_1:893349-894469   -            317 325552at2759         -            426   3.5e-23   77.6   0.1   3   4   6.2e-05   0.00036   15.0   0.0   173   228   170   225   147   244 0.81 -
KV784370_1:893349-894469   -            317 325552at2759         -            426   3.5e-23   77.6   0.1   4   4       1.1       6.7    0.9   0.0    37    57   295   315   266   317 0.63 -
KV784377_1:330055-331196   -            317 325552at2759         -            426   3.5e-23   77.6   0.1   1   4   1.4e-15   8.3e-15   50.0   0.0   148   229     1    82     1    90 0.92 -
KV784377_1:330055-331196   -            317 325552at2759         -            426   3.5e-23   77.6   0.1   2   4     0.015     0.086    7.2   0.0   194   216    88   110    80   116 0.82 -
KV784377_1:330055-331196   -            317 325552at2759         -            426   3.5e-23   77.6   0.1   3   4   6.2e-05   0.00036   15.0   0.0   173   228   170   225   147   244 0.81 -
KV784377_1:330055-331196   -            317 325552at2759         -            426   3.5e-23   77.6   0.1   4   4       1.1       6.7    0.9   0.0    37    57   295   315   266   317 0.63 -
KV784354_1:1829112-1829858 -            249 325552at2759         -            426   7.6e-23   76.5   3.6   1   3   2.6e-05   0.00015   16.2   0.0   157   196     3    42     1    45 0.87 -
KV784354_1:1829112-1829858 -            249 325552at2759         -            426   7.6e-23   76.5   3.6   2   3   1.8e-11     1e-10   36.5   0.2   157   227    44   118    40   134 0.88 -
KV784354_1:1829112-1829858 -            249 325552at2759         -            426   7.6e-23   76.5   3.6   3   3   8.8e-08   5.2e-07   24.4   0.1   141   224   156   249   130   249 0.78 -
KV784358_1:1042064-1042810 -            249 325552at2759         -            426   1.2e-22   75.9   5.8   1   4   1.7e-05    0.0001   16.8   0.0   192   230     4    42     1    58 0.86 -
KV784358_1:1042064-1042810 -            249 325552at2759         -            426   1.2e-22   75.9   5.8   2   4    0.0055     0.032    8.6   0.2    48    76    65    93    53    96 0.88 -
KV784358_1:1042064-1042810 -            249 325552at2759         -            426   1.2e-22   75.9   5.8   3   4      0.04      0.24    5.7   0.1   197   230   127   160   110   165 0.79 -
KV784358_1:1042064-1042810 -            249 325552at2759         -            426   1.2e-22   75.9   5.8   4   4   2.6e-14   1.5e-13   45.9   0.1   143   225   164   249   161   249 0.89 -
KV784358_1:1390103-1391250 -            316 325552at2759         -            426   1.3e-21   72.4   8.7   1   4   0.00094    0.0055   11.1   1.2   167   242    12    95     9   108 0.77 -
KV784358_1:1390103-1391250 -            316 325552at2759         -            426   1.3e-21   72.4   8.7   2   4   3.2e-07   1.9e-06   22.5   0.0   159   219   119   176   109   182 0.90 -
KV784358_1:1390103-1391250 -            316 325552at2759         -            426   1.3e-21   72.4   8.7   3   4   2.9e-05   0.00017   16.1   0.0    36    67   200   231   179   251 0.73 -
KV784358_1:1390103-1391250 -            316 325552at2759         -            426   1.3e-21   72.4   8.7   4   4   1.1e-06   6.4e-06   20.8   0.4   166   225   259   316   237   316 0.91 -
KV784422_1:111349-151190   -            250 325552at2759         -            426   7.7e-21   69.9   0.1   1   3   3.4e-17     2e-16   55.4   0.0   150   228    33   111    27   124 0.93 -
KV784422_1:111349-151190   -            250 325552at2759         -            426   7.7e-21   69.9   0.1   2   3     0.013     0.074    7.4   0.0    37    68   127   158   120   165 0.83 -
KV784422_1:111349-151190   -            250 325552at2759         -            426   7.7e-21   69.9   0.1   3   3      0.15      0.87    3.8   0.0   168   205   189   227   161   241 0.64 -
KV784365_1:367784-368794   -            337 325552at2759         -            426   1.6e-20   68.8   9.4   1   5   1.7e-06     1e-05   20.1   0.2   190   231    15    56    10    74 0.81 -
KV784365_1:367784-368794   -            337 325552at2759         -            426   1.6e-20   68.8   9.4   2   5   1.2e-07   6.9e-07   23.9   0.1   165   229    75   146    59   166 0.83 -
KV784365_1:367784-368794   -            337 325552at2759         -            426   1.6e-20   68.8   9.4   3   5   1.4e-09     8e-09   30.3   0.5   156   234   115   192   110   200 0.88 -
KV784365_1:367784-368794   -            337 325552at2759         -            426   1.6e-20   68.8   9.4   4   5   0.00015   0.00085   13.7   0.1   189   228   197   238   191   250 0.80 -
KV784365_1:367784-368794   -            337 325552at2759         -            426   1.6e-20   68.8   9.4   5   5       0.3       1.8    2.8   0.0   153   182   307   336   299   337 0.83 -
KV784380_1:390182-391021   -            280 325552at2759         -            426   4.2e-20   67.5   0.4   1   5   6.2e-07   3.6e-06   21.6   0.0   155   221     2    68     1    75 0.95 -
KV784380_1:390182-391021   -            280 325552at2759         -            426   4.2e-20   67.5   0.4   2   5   0.00038    0.0022   12.4   0.1   207   229    75    97    72   104 0.86 -
KV784380_1:390182-391021   -            280 325552at2759         -            426   4.2e-20   67.5   0.4   3   5   0.00078    0.0046   11.3   0.0   150   205   102   160    99   165 0.82 -
KV784380_1:390182-391021   -            280 325552at2759         -            426   4.2e-20   67.5   0.4   4   5      0.57       3.4    1.9   0.0   381   399   184   202   178   213 0.63 -
KV784380_1:390182-391021   -            280 325552at2759         -            426   4.2e-20   67.5   0.4   5   5   7.7e-05   0.00045   14.7   0.0   151   214   209   273   207   280 0.81 -
KV784369_1:168612-169361   -            250 325552at2759         -            426   6.4e-20   66.9   0.2   1   4     0.017       0.1    6.9   0.0    38    68     3    33     1    43 0.77 -
KV784369_1:168612-169361   -            250 325552at2759         -            426   6.4e-20   66.9   0.2   2   4      0.22       1.3    3.3   0.0   212   226    82    96    76    99 0.89 -
KV784369_1:168612-169361   -            250 325552at2759         -            426   6.4e-20   66.9   0.2   3   4   1.3e-12   7.4e-12   40.3   0.2   157   228   129   200   121   208 0.90 -
KV784369_1:168612-169361   -            250 325552at2759         -            426   6.4e-20   66.9   0.2   4   4   0.00042    0.0024   12.2   0.0   190   230   204   244   199   249 0.89 -
KV784353_1:1575780-1576349 -            190 325552at2759         -            426   8.3e-20   66.5   0.2   1   3   6.5e-06   3.8e-05   18.2   0.1   192   231     8    47     4    56 0.90 -
KV784353_1:1575780-1576349 -            190 325552at2759         -            426   8.3e-20   66.5   0.2   2   3   1.4e-09   8.4e-09   30.3   0.0   158   239    64   145    55   152 0.90 -
KV784353_1:1575780-1576349 -            190 325552at2759         -            426   8.3e-20   66.5   0.2   3   3   9.4e-09   5.5e-08   27.5   0.0   156   233   104   182    98   189 0.87 -
KV784361_1:2300278-2300727 -            150 325552at2759         -            426   3.1e-19   64.6   0.7   1   3     1e-06   6.1e-06   20.8   0.0   196   234     2    39     1    50 0.48 -
KV784361_1:2300278-2300727 -            150 325552at2759         -            426   3.1e-19   64.6   0.7   2   3   1.1e-09   6.3e-09   30.7   0.1    35    75    47    87    38    91 0.85 -
KV784361_1:2300278-2300727 -            150 325552at2759         -            426   3.1e-19   64.6   0.7   3   3   0.00064    0.0037   11.6   0.0   194   230   101   143    92   148 0.78 -
KV784363_1:789116-789565   -            150 325552at2759         -            426   3.1e-19   64.6   0.7   1   3     1e-06   6.1e-06   20.8   0.0   196   234     2    39     1    50 0.48 -
KV784363_1:789116-789565   -            150 325552at2759         -            426   3.1e-19   64.6   0.7   2   3   1.1e-09   6.3e-09   30.7   0.1    35    75    47    87    38    91 0.85 -
KV784363_1:789116-789565   -            150 325552at2759         -            426   3.1e-19   64.6   0.7   3   3   0.00064    0.0037   11.6   0.0   194   230   101   143    92   148 0.78 -
KV784363_1:24027-25004     -            326 325552at2759         -            426   4.5e-19   64.1   0.0   1   3   6.6e-07   3.9e-06   21.5   0.0   158   230     1    76     1    83 0.91 -
KV784363_1:24027-25004     -            326 325552at2759         -            426   4.5e-19   64.1   0.0   2   3   4.1e-05   0.00024   15.6   0.0    33    69    85   121    79   128 0.83 -
KV784363_1:24027-25004     -            326 325552at2759         -            426   4.5e-19   64.1   0.0   3   3   1.9e-07   1.1e-06   23.3   0.0   153   230   163   242   145   253 0.88 -
KV784361_1:1584561-1596931 -            570 325552at2759         -            426   5.9e-19   63.7   0.1   1   3   3.3e-07     2e-06   22.4   0.0   151   230   275   357   273   364 0.91 -
KV784361_1:1584561-1596931 -            570 325552at2759         -            426   5.9e-19   63.7   0.1   2   3   6.9e-05    0.0004   14.8   0.0    33    69   366   402   360   410 0.83 -
KV784361_1:1584561-1596931 -            570 325552at2759         -            426   5.9e-19   63.7   0.1   3   3   4.9e-07   2.9e-06   21.9   0.0   153   230   444   523   431   534 0.87 -
KV784426_1:48466-49083     -            206 325552at2759         -            426   6.1e-19   63.7   2.6   1   3   2.1e-05   0.00012   16.5   0.0   157   196     3    42     1    44 0.87 -
KV784426_1:48466-49083     -            206 325552at2759         -            426   6.1e-19   63.7   2.6   2   3   1.2e-11     7e-11   37.1   0.2   157   227    44   118    40   134 0.88 -
KV784426_1:48466-49083     -            206 325552at2759         -            426   6.1e-19   63.7   2.6   3   3    0.0068      0.04    8.3   0.0    40    61   185   206   167   206 0.77 -
KV784359_1:1682581-1683450 -            290 325552at2759         -            426   8.4e-19   63.2   1.3   1   3   2.1e-08   1.2e-07   26.4   0.0   160   251    30   127    20   131 0.80 -
KV784359_1:1682581-1683450 -            290 325552at2759         -            426   8.4e-19   63.2   1.3   2   3   1.7e-05    0.0001   16.8   0.1   158   227   125   198   116   211 0.84 -
KV784359_1:1682581-1683450 -            290 325552at2759         -            426   8.4e-19   63.2   1.3   3   3   4.7e-06   2.7e-05   18.7   0.0   157   230   212   285   206   289 0.94 -
KV784354_1:989208-990077   -            290 325552at2759         -            426   1.8e-18   62.1   0.6   1   3   1.9e-11   1.1e-10   36.4   0.0   158   228    75   146    64   158 0.90 -
KV784354_1:989208-990077   -            290 325552at2759         -            426   1.8e-18   62.1   0.6   2   3   0.00051     0.003   12.0   0.1    42    67   166   191   159   197 0.88 -
KV784354_1:989208-990077   -            290 325552at2759         -            426   1.8e-18   62.1   0.6   3   3    0.0012    0.0073   10.7   0.0    40    75   224   259   212   268 0.76 -
KV784364_1:349848-350998   -            329 325552at2759         -            426   3.9e-18   61.0   9.7   1   5   2.2e-06   1.3e-05   19.7   0.2   190   230    15    55    10    66 0.85 -
KV784364_1:349848-350998   -            329 325552at2759         -            426   3.9e-18   61.0   9.7   2   5   2.6e-07   1.5e-06   22.8   0.1   166   229    76   147    61   161 0.82 -
KV784364_1:349848-350998   -            329 325552at2759         -            426   3.9e-18   61.0   9.7   3   5      0.15       0.9    3.8   0.3   215   232   165   182   152   190 0.79 -
KV784364_1:349848-350998   -            329 325552at2759         -            426   3.9e-18   61.0   9.7   4   5   0.00014   0.00083   13.8   0.1   189   228   189   230   183   243 0.80 -
KV784364_1:349848-350998   -            329 325552at2759         -            426   3.9e-18   61.0   9.7   5   5      0.29       1.7    2.9   0.0   153   182   299   328   291   329 0.83 -
KV784361_1:2391284-2392006 -            241 325552at2759         -            426   6.3e-18   60.3   6.5   1   4   0.00045    0.0026   12.1   0.0   193   233     5    46     2    57 0.86 -
KV784361_1:2391284-2392006 -            241 325552at2759         -            426   6.3e-18   60.3   6.5   2   4   2.7e-09   1.6e-08   29.3   0.1   151   230    59   142    51   149 0.84 -
KV784361_1:2391284-2392006 -            241 325552at2759         -            426   6.3e-18   60.3   6.5   3   4   2.7e-08   1.6e-07   26.0   0.1   158   228   111   185   111   198 0.81 -
KV784361_1:2391284-2392006 -            241 325552at2759         -            426   6.3e-18   60.3   6.5   4   4    0.0052     0.031    8.6   0.2   369   397   209   240   202   241 0.84 -
KV784363_1:885805-955240   -            254 325552at2759         -            426   6.8e-18   60.2   4.1   1   4    0.0038     0.022    9.1   0.0   196   233     1    39     1    48 0.82 -
KV784363_1:885805-955240   -            254 325552at2759         -            426   6.8e-18   60.2   4.1   2   4     3e-09   1.7e-08   29.2   0.1   151   230    52   135    47   143 0.84 -
KV784363_1:885805-955240   -            254 325552at2759         -            426   6.8e-18   60.2   4.1   3   4   1.9e-08   1.1e-07   26.5   0.2   158   228   104   178    98   191 0.82 -
KV784363_1:885805-955240   -            254 325552at2759         -            426   6.8e-18   60.2   4.1   4   4    0.0027     0.016    9.6   0.0   369   398   202   234   194   239 0.82 -
KV784383_1:19434-27746     -            206 325552at2759         -            426   8.2e-17   56.6   0.0   1   2   2.5e-09   1.4e-08   29.5   0.0   110   228    17   142    15   149 0.85 -
KV784383_1:19434-27746     -            206 325552at2759         -            426   8.2e-17   56.6   0.0   2   2   4.3e-10   2.5e-09   32.0   0.0   122   229    71   188    67   197 0.79 -
KV784391_1:445335-445745   -            137 325552at2759         -            426   1.5e-16   55.7   0.2   1   2      0.74       4.3    1.5   0.0    49    67     8    26     1    31 0.62 -
KV784391_1:445335-445745   -            137 325552at2759         -            426   1.5e-16   55.7   0.2   2   2   1.5e-16   9.1e-16   53.2   0.0   142   238    28   127    23   136 0.85 -
KV784353_1:1815420-1816211 -            264 325552at2759         -            426   7.6e-15   50.2   0.2   1   3     4e-07   2.4e-06   22.2   0.0   171   233     3    65     1   120 0.80 -
KV784353_1:1815420-1816211 -            264 325552at2759         -            426   7.6e-15   50.2   0.2   2   3   1.8e-05   0.00011   16.7   0.0    34    66   135   168   119   189 0.83 -
KV784353_1:1815420-1816211 -            264 325552at2759         -            426   7.6e-15   50.2   0.2   3   3    0.0098     0.057    7.7   0.0    41    91   199   254   184   263 0.66 -
KV784363_1:204235-263870   -            203 325552at2759         -            426   8.6e-15   50.0   0.1   1   4       1.7        10    0.3   0.0    51    69    14    32     3    37 0.84 -
KV784363_1:204235-263870   -            203 325552at2759         -            426   8.6e-15   50.0   0.1   2   4    0.0001   0.00062   14.2   0.0   150   200    39    91    25    96 0.84 -
KV784363_1:204235-263870   -            203 325552at2759         -            426   8.6e-15   50.0   0.1   3   4   2.2e-10   1.3e-09   32.9   0.0   155   231    88   162    87   169 0.90 -
KV784363_1:204235-263870   -            203 325552at2759         -            426   8.6e-15   50.0   0.1   4   4       3.3        19   -0.6   0.0   159   182   180   203   173   203 0.79 -
KV784361_1:1771299-1820971 -            240 325552at2759         -            426   8.9e-15   49.9   0.1   1   4      0.74       4.3    1.5   0.0    46    69    45    69    33    73 0.74 -
KV784361_1:1771299-1820971 -            240 325552at2759         -            426   8.9e-15   49.9   0.1   2   4   0.00026    0.0015   12.9   0.0   151   198    77   126    68   131 0.86 -
KV784361_1:1771299-1820971 -            240 325552at2759         -            426   8.9e-15   49.9   0.1   3   4   2.4e-10   1.4e-09   32.8   0.0   155   231   125   199   122   207 0.90 -
KV784361_1:1771299-1820971 -            240 325552at2759         -            426   8.9e-15   49.9   0.1   4   4       4.2        25   -0.9   0.0   159   182   217   240   211   240 0.78 -
KV784354_1:1212827-1213171 -            115 325552at2759         -            426   2.6e-14   48.4   0.2   1   2   4.8e-05   0.00028   15.3   0.0   168   206    28    66    21    66 0.91 -
KV784354_1:1212827-1213171 -            115 325552at2759         -            426   2.6e-14   48.4   0.2   2   2   1.1e-11   6.6e-11   37.2   0.1    30    91    52   115    47   115 0.87 -
KV784378_1:213516-214136   -            207 325552at2759         -            426   1.1e-13   46.3   0.6   1   4   0.00023    0.0013   13.1   0.1   208   230     5    27     2    37 0.84 -
KV784378_1:213516-214136   -            207 325552at2759         -            426   1.1e-13   46.3   0.6   2   4   0.00046    0.0027   12.1   0.0   150   205    31    89    28    94 0.83 -
KV784378_1:213516-214136   -            207 325552at2759         -            426   1.1e-13   46.3   0.6   3   4       0.2       1.2    3.4   0.0   381   403   113   135   106   149 0.65 -
KV784378_1:213516-214136   -            207 325552at2759         -            426   1.1e-13   46.3   0.6   4   4   6.3e-05   0.00037   14.9   0.0   151   206   138   194   136   207 0.81 -
KV784358_1:1868711-1869106 -            132 325552at2759         -            426   1.3e-13   46.0   1.5   1   2   1.7e-08     1e-07   26.7   1.6   191   243     5    58     1    67 0.81 -
KV784358_1:1868711-1869106 -            132 325552at2759         -            426   1.3e-13   46.0   1.5   2   2     3e-06   1.8e-05   19.3   0.0   153   227    56   131    53   132 0.86 -
KV784376_1:557101-558321   -            407 325552at2759         -            426   4.6e-13   44.3   5.9   1   4     0.082      0.48    4.7   0.5   212   242    93   123    18   131 0.72 -
KV784376_1:557101-558321   -            407 325552at2759         -            426   4.6e-13   44.3   5.9   2   4     0.086       0.5    4.6   0.1   125   176   152   208   130   226 0.62 -
KV784376_1:557101-558321   -            407 325552at2759         -            426   4.6e-13   44.3   5.9   3   4   5.1e-08     3e-07   25.1   0.0   189   232   252   295   245   301 0.87 -
KV784376_1:557101-558321   -            407 325552at2759         -            426   4.6e-13   44.3   5.9   4   4    0.0038     0.022    9.1   0.1   152   195   299   342   294   346 0.89 -
KV784353_1:290129-291343   -            405 325552at2759         -            426   5.7e-13   44.0   6.6   1   4     0.053      0.31    5.3   0.6   213   244    94   125    19   154 0.72 -
KV784353_1:290129-291343   -            405 325552at2759         -            426   5.7e-13   44.0   6.6   2   4     0.098      0.58    4.4   0.1   130   176   157   208   136   226 0.61 -
KV784353_1:290129-291343   -            405 325552at2759         -            426   5.7e-13   44.0   6.6   3   4   6.5e-08   3.8e-07   24.8   0.0   191   232   254   295   245   299 0.87 -
KV784353_1:290129-291343   -            405 325552at2759         -            426   5.7e-13   44.0   6.6   4   4    0.0028     0.017    9.5   0.1   152   195   299   342   294   346 0.89 -
KV784462_1:52050-52586     -            179 325552at2759         -            426   6.8e-13   43.7   0.2   1   2   0.00027    0.0016   12.9   0.1    42    68    55    81    51    88 0.88 -
KV784462_1:52050-52586     -            179 325552at2759         -            426   6.8e-13   43.7   0.2   2   2   0.00054    0.0032   11.9   0.0    40    76   113   149    97   157 0.76 -
KV784407_1:84124-85275     -            384 325552at2759         -            426   8.1e-13   43.5   2.3   1   3   0.00046    0.0027   12.1   1.0   172   231    20    77     5   202 0.74 -
KV784407_1:84124-85275     -            384 325552at2759         -            426   8.1e-13   43.5   2.3   2   3       6.8        40   -1.6   0.0    73    91   242   260   210   270 0.69 -
KV784407_1:84124-85275     -            384 325552at2759         -            426   8.1e-13   43.5   2.3   3   3   3.4e-08     2e-07   25.7   0.0   155   222   315   383   301   384 0.91 -
KV784353_1:3073692-3074489 -            266 325552at2759         -            426   1.2e-12   42.9   4.0   1   3     0.006     0.035    8.4   0.0   192   240    44    92    24   100 0.83 -
KV784353_1:3073692-3074489 -            266 325552at2759         -            426   1.2e-12   42.9   4.0   2   3    0.0011    0.0063   10.9   0.4   195   232   130   168   123   198 0.65 -
KV784353_1:3073692-3074489 -            266 325552at2759         -            426   1.2e-12   42.9   4.0   3   3   7.2e-08   4.2e-07   24.6   0.1   164   229   191   258   169   264 0.78 -
KV784353_1:1735040-1735969 -            310 325552at2759         -            426   8.3e-12   40.1   3.3   1   2   5.3e-07   3.1e-06   21.8   0.0   167   237    97   167    78   173 0.90 -
KV784353_1:1735040-1735969 -            310 325552at2759         -            426   8.3e-12   40.1   3.3   2   2   7.8e-06   4.6e-05   17.9   0.1   175   228   193   248   179   257 0.79 -
KV784356_1:920368-921189   -            274 325552at2759         -            426   9.2e-12   40.0   1.6   1   5      0.21       1.2    3.4   0.0   378   397    12    31     6    47 0.66 -
KV784356_1:920368-921189   -            274 325552at2759         -            426   9.2e-12   40.0   1.6   2   5   6.1e-05   0.00036   15.0   0.0   184   228    63   107    40   115 0.71 -
KV784356_1:920368-921189   -            274 325552at2759         -            426   9.2e-12   40.0   1.6   3   5     8e-08   4.7e-07   24.5   0.0   157   230    78   150    70   169 0.85 -
KV784356_1:920368-921189   -            274 325552at2759         -            426   9.2e-12   40.0   1.6   4   5   0.00037    0.0022   12.4   0.1   168   230   130   193   121   209 0.79 -
KV784356_1:920368-921189   -            274 325552at2759         -            426   9.2e-12   40.0   1.6   5   5      0.77       4.5    1.5   0.0   204   228   244   268   225   273 0.78 -
KV784361_1:2468860-2469552 -            231 325552at2759         -            426   1.4e-11   39.4   6.6   1   3   0.00011   0.00062   14.2   0.2   196   230     1    36     1    48 0.86 -
KV784361_1:2468860-2469552 -            231 325552at2759         -            426   1.4e-11   39.4   6.6   2   3   8.5e-06     5e-05   17.8   0.1   189   236    54   103    45   114 0.72 -
KV784361_1:2468860-2469552 -            231 325552at2759         -            426   1.4e-11   39.4   6.6   3   3   0.00062    0.0036   11.7   0.5   153   248   102   205    94   216 0.77 -
KV784363_1:1025018-1025710 -            231 325552at2759         -            426   1.4e-11   39.4   6.6   1   3   0.00011   0.00062   14.2   0.2   196   230     1    36     1    48 0.86 -
KV784363_1:1025018-1025710 -            231 325552at2759         -            426   1.4e-11   39.4   6.6   2   3   8.5e-06     5e-05   17.8   0.1   189   236    54   103    45   114 0.72 -
KV784363_1:1025018-1025710 -            231 325552at2759         -            426   1.4e-11   39.4   6.6   3   3   0.00062    0.0036   11.7   0.5   153   248   102   205    94   216 0.77 -
KV784394_1:351201-351791   -            197 325552at2759         -            426   1.7e-11   39.2   0.1   1   3     0.036      0.21    5.9   0.0   194   228    26    59     8    77 0.72 -
KV784394_1:351201-351791   -            197 325552at2759         -            426   1.7e-11   39.2   0.1   2   3   1.8e-07   1.1e-06   23.3   0.0   160   239    76   157    61   165 0.82 -
KV784394_1:351201-351791   -            197 325552at2759         -            426   1.7e-11   39.2   0.1   3   3    0.0076     0.045    8.1   0.0    38    64   162   188   155   196 0.82 -
KV784414_1:252744-253163   -            140 325552at2759         -            426   3.3e-11   38.2   5.0   1   3   1.7e-06   9.9e-06   20.1   0.2   170   232     1    68     1    80 0.75 -
KV784414_1:252744-253163   -            140 325552at2759         -            426   3.3e-11   38.2   5.0   2   3   2.5e-08   1.4e-07   26.2   1.0   157   231    35   114    25   132 0.81 -
KV784414_1:252744-253163   -            140 325552at2759         -            426   3.3e-11   38.2   5.0   3   3      0.33       1.9    2.7   0.0   185   212   112   139   109   140 0.85 -
KV784359_1:1512118-1512537 -            140 325552at2759         -            426     1e-10   36.5   5.1   1   3   3.9e-06   2.3e-05   18.9   0.4   170   243     1    79     1    82 0.76 -
KV784359_1:1512118-1512537 -            140 325552at2759         -            426     1e-10   36.5   5.1   2   3   2.6e-08   1.5e-07   26.1   0.4   156   230    34   113    24   119 0.83 -
KV784359_1:1512118-1512537 -            140 325552at2759         -            426     1e-10   36.5   5.1   3   3      0.35       2.1    2.6   0.0   186   212   113   139   110   140 0.85 -
KV784354_1:1999026-1999802 -            259 325552at2759         -            426   1.4e-10   36.1   5.5   1   2     8e-07   4.7e-06   21.2   2.2   155   256     3   121     1   144 0.70 -
KV784354_1:1999026-1999802 -            259 325552at2759         -            426   1.4e-10   36.1   5.5   2   2   7.3e-05   0.00043   14.7   0.1   155   226   174   258   169   259 0.74 -
KV784399_1:375261-376037   -            259 325552at2759         -            426   1.5e-10   36.0   5.7   1   2     8e-07   4.7e-06   21.2   2.2   155   256     3   121     1   144 0.70 -
KV784399_1:375261-376037   -            259 325552at2759         -            426   1.5e-10   36.0   5.7   2   2   6.8e-05    0.0004   14.8   0.1   155   226   174   258   169   259 0.75 -
KV784353_1:2443804-2444151 -            116 325552at2759         -            426     2e-10   35.6   0.1   1   2     0.066      0.39    5.0   0.0    42    64     9    31     2    41 0.82 -
KV784353_1:2443804-2444151 -            116 325552at2759         -            426     2e-10   35.6   0.1   2   2   2.6e-09   1.5e-08   29.4   0.0   151   227    38   114    29   116 0.94 -
KV784446_1:78715-79062     -            116 325552at2759         -            426     2e-10   35.6   0.1   1   2     0.066      0.39    5.0   0.0    42    64     9    31     2    41 0.82 -
KV784446_1:78715-79062     -            116 325552at2759         -            426     2e-10   35.6   0.1   2   2   2.6e-09   1.5e-08   29.4   0.0   151   227    38   114    29   116 0.94 -
KV784361_1:1192026-1192961 -            312 325552at2759         -            426     2e-10   35.6   1.0   1   4       0.2       1.2    3.4   0.2   204   235    48    79     2    99 0.72 -
KV784361_1:1192026-1192961 -            312 325552at2759         -            426     2e-10   35.6   1.0   2   4     0.096      0.57    4.5   0.6   168   229    54   124    48   137 0.38 -
KV784361_1:1192026-1192961 -            312 325552at2759         -            426     2e-10   35.6   1.0   3   4       3.3        20   -0.6   0.0    35    57   198   220   186   222 0.74 -
KV784361_1:1192026-1192961 -            312 325552at2759         -            426     2e-10   35.6   1.0   4   4     6e-08   3.6e-07   24.9   0.0   158   213   254   310   239   312 0.90 -
KV784353_1:2527309-2528133 -            275 325552at2759         -            426   2.6e-10   35.2   0.5   1   4     0.012     0.071    7.4   0.0   377   404     4    31     1    42 0.59 -
KV784353_1:2527309-2528133 -            275 325552at2759         -            426   2.6e-10   35.2   0.5   2   4   1.3e-06   7.4e-06   20.6   0.0   158   231    55   133    48   146 0.83 -
KV784353_1:2527309-2528133 -            275 325552at2759         -            426   2.6e-10   35.2   0.5   3   4    0.0037     0.022    9.1   0.0   170   231   114   174   113   183 0.90 -
KV784353_1:2527309-2528133 -            275 325552at2759         -            426   2.6e-10   35.2   0.5   4   4      0.92       5.4    1.2   0.0   170   227   197   261   191   269 0.71 -
KV784404_1:77424-78038     -            205 325552at2759         -            426   4.4e-10   34.5   2.4   1   3      0.06      0.35    5.1   0.1    47    85    13    50     7    57 0.80 -
KV784404_1:77424-78038     -            205 325552at2759         -            426   4.4e-10   34.5   2.4   2   3   1.5e-08   8.7e-08   26.9   0.0   164   230    77   147    63   160 0.84 -
KV784404_1:77424-78038     -            205 325552at2759         -            426   4.4e-10   34.5   2.4   3   3      0.97       5.7    1.1   0.1   210   226   188   204   175   205 0.77 -
KV784355_1:3348047-3348961 -            305 325552at2759         -            426   5.1e-10   34.3   0.1   1   2   6.1e-05   0.00036   15.0   0.0   159   200     2    43     1    57 0.79 -
KV784355_1:3348047-3348961 -            305 325552at2759         -            426   5.1e-10   34.3   0.1   2   2   3.6e-05   0.00021   15.7   0.1   107   223   183   304    69   305 0.85 -
KV784383_1:391469-392470   -            334 325552at2759         -            426   5.6e-10   34.1   0.5   1   2    0.0036     0.021    9.1   0.0   208   289    15    99     2   137 0.70 -
KV784383_1:391469-392470   -            334 325552at2759         -            426   5.6e-10   34.1   0.5   2   2   1.2e-06   7.2e-06   20.6   0.1   156   228   233   318   227   326 0.76 -
KV784357_1:1909370-1909924 -            185 325552at2759         -            426   5.8e-10   34.1   0.2   1   2   6.3e-05   0.00037   14.9   0.0   193   228     1    37     1    56 0.83 -
KV784357_1:1909370-1909924 -            185 325552at2759         -            426   5.8e-10   34.1   0.2   2   2     1e-05     6e-05   17.5   0.0   160   229   111   184   100   185 0.81 -
KV784354_1:906128-906571   -            148 325552at2759         -            426   6.7e-10   33.9   0.6   1   3   9.2e-06   5.4e-05   17.7   0.0    35    62     5    32     2    43 0.76 -
KV784354_1:906128-906571   -            148 325552at2759         -            426   6.7e-10   33.9   0.6   2   3     0.061      0.36    5.1   0.1    76    91    66    81    38    86 0.66 -
KV784354_1:906128-906571   -            148 325552at2759         -            426   6.7e-10   33.9   0.6   3   3    0.0087     0.051    7.9   0.0   149   179   116   146   113   148 0.89 -
KV784393_1:134795-135349   -            185 325552at2759         -            426   7.2e-10   33.8   0.3   1   2     6e-05   0.00035   15.0   0.0   193   228     1    37     1    60 0.83 -
KV784393_1:134795-135349   -            185 325552at2759         -            426   7.2e-10   33.8   0.3   2   2   1.3e-05   7.5e-05   17.2   0.0   168   229   120   184   100   185 0.81 -
KV784363_1:1528330-1529244 -            305 325552at2759         -            426   7.8e-10   33.6   0.1   1   3   6.1e-05   0.00036   15.0   0.0   159   200     2    43     1    57 0.79 -
KV784363_1:1528330-1529244 -            305 325552at2759         -            426   7.8e-10   33.6   0.1   2   3     0.026      0.15    6.3   0.0   150   229   144   225    64   235 0.78 -
KV784363_1:1528330-1529244 -            305 325552at2759         -            426   7.8e-10   33.6   0.1   3   3   0.00012   0.00072   14.0   0.0   108   223   184   304   180   305 0.83 -
KV784354_1:1188503-1189393 -            297 325552at2759         -            426   9.5e-10   33.4   0.6   1   3   3.2e-06   1.9e-05   19.2   0.1   172   238    62   129    45   171 0.81 -
KV784354_1:1188503-1189393 -            297 325552at2759         -            426   9.5e-10   33.4   0.6   2   3   0.00084     0.005   11.2   0.0   158   226   184   255   175   265 0.84 -
KV784354_1:1188503-1189393 -            297 325552at2759         -            426   9.5e-10   33.4   0.6   3   3     0.012      0.07    7.4   0.1   165   224   236   297   225   297 0.75 -
KV784359_1:1681058-1681669 -            204 325552at2759         -            426     1e-09   33.2   2.4   1   3      0.08      0.47    4.7   0.1    47    84    13    49     7    57 0.80 -
KV784359_1:1681058-1681669 -            204 325552at2759         -            426     1e-09   33.2   2.4   2   3   1.5e-08   8.6e-08   26.9   0.0   164   230    77   147    63   160 0.84 -
KV784359_1:1681058-1681669 -            204 325552at2759         -            426     1e-09   33.2   2.4   3   3         2        12    0.1   0.1   211   225   189   203   176   204 0.73 -
KV784356_1:716175-716453   -             93 325552at2759         -            426   1.6e-09   32.6   0.0   1   1   3.8e-10   2.2e-09   32.1   0.0   155   228     5    88     1    92 0.80 -
KV784420_1:36344-36622     -             93 325552at2759         -            426   1.8e-09   32.5   0.0   1   1   4.1e-10   2.4e-09   32.0   0.0   155   228     5    88     1    92 0.80 -
KV784371_1:1092535-1093089 -            185 325552at2759         -            426   2.1e-09   32.2   0.0   1   1   8.1e-10   4.7e-09   31.1   0.0   109   228    57   183    15   185 0.77 -
KV784353_1:2953385-2953654 -             90 325552at2759         -            426   3.1e-09   31.7   1.2   1   2   8.6e-09     5e-08   27.7   0.1   196   230     2    36     1    59 0.86 -
KV784353_1:2953385-2953654 -             90 325552at2759         -            426   3.1e-09   31.7   1.2   2   2      0.16      0.94    3.7   0.1   212   225    75    88    56    90 0.66 -
KV784354_1:1350732-1350920 -             63 325552at2759         -            426     4e-09   31.3   0.2   1   1   7.6e-10   4.5e-09   31.1   0.2   168   226     5    63     2    63 0.94 -
KV784354_1:2520612-2521118 -            169 325552at2759         -            426   5.1e-09   31.0   0.1   1   2      0.29       1.7    2.9   0.0   161   182     1    22     1    33 0.88 -
KV784354_1:2520612-2521118 -            169 325552at2759         -            426   5.1e-09   31.0   0.1   2   2   3.9e-08   2.3e-07   25.5   0.1   158   220    59   119    55   145 0.89 -
KV784376_1:795988-796638   -            217 325552at2759         -            426   8.9e-09   30.2   3.0   1   2   7.9e-05   0.00046   14.6   0.9   154   186     6    38     3   116 0.67 -
KV784376_1:795988-796638   -            217 325552at2759         -            426   8.9e-09   30.2   3.0   2   2    0.0033      0.02    9.3   0.1   155   186   134   165   111   188 0.68 -
KV784363_1:204982-205173   -             64 325552at2759         -            426   9.3e-09   30.1   0.1   1   1   1.6e-09   9.7e-09   30.0   0.1   154   214     3    63     1    64 0.97 -
KV784353_1:58902-59441     -            180 325552at2759         -            426     1e-08   30.0   2.7   1   3   0.00021    0.0012   13.2   0.0   158   186     2    30     1    50 0.85 -
KV784353_1:58902-59441     -            180 325552at2759         -            426     1e-08   30.0   2.7   2   3     0.017       0.1    6.9   0.2   375   402    68    99    48   114 0.64 -
KV784353_1:58902-59441     -            180 325552at2759         -            426     1e-08   30.0   2.7   3   3     0.003     0.018    9.4   0.0   155   186   125   156   112   174 0.64 -
KV784354_1:3001682-3002656 -            325 325552at2759         -            426   1.2e-08   29.7   3.5   1   2   1.7e-06     1e-05   20.1   1.6    40   214    12   204     8   229 0.71 -
KV784354_1:3001682-3002656 -            325 325552at2759         -            426   1.2e-08   29.7   3.5   2   2    0.0051      0.03    8.6   0.1    46   115   204   277   192   296 0.79 -
KV784404_1:79489-79782     -             98 325552at2759         -            426   1.2e-08   29.7   0.3   1   2   4.9e-07   2.9e-06   21.9   0.2   170   227     1    58     1    76 0.93 -
KV784404_1:79489-79782     -             98 325552at2759         -            426   1.2e-08   29.7   0.3   2   2     0.016     0.093    7.0   0.0   367   396    67    98    58    98 0.76 -
KV784361_1:1772041-1772307 -             89 325552at2759         -            426   1.8e-08   29.2   0.0   1   1   3.5e-09   2.1e-08   29.0   0.0   154   214    28    88    21    89 0.96 -
KV784431_1:46029-46346     -            106 325552at2759         -            426   3.1e-08   28.4   0.2   1   2       0.3       1.7    2.8   0.0   212   230     3    21     1    38 0.79 -
KV784431_1:46029-46346     -            106 325552at2759         -            426   3.1e-08   28.4   0.2   2   2   9.7e-08   5.7e-07   24.2   0.0   154   214    40   100    29   104 0.92 -
KV784373_1:574442-574759   -            106 325552at2759         -            426   3.3e-08   28.3   0.2   1   2      0.33         2    2.7   0.0   212   229     3    20     1    37 0.80 -
KV784373_1:574442-574759   -            106 325552at2759         -            426   3.3e-08   28.3   0.2   2   2     1e-07   6.1e-07   24.1   0.0   154   214    40   100    29   103 0.92 -
KV784422_1:111096-111428   -            111 325552at2759         -            426   3.6e-08   28.2   0.1   1   2    0.0065     0.038    8.3   0.0   211   226    36    51    10    59 0.59 -
KV784422_1:111096-111428   -            111 325552at2759         -            426   3.6e-08   28.2   0.1   2   2   6.2e-06   3.6e-05   18.3   0.1   188   228    70   111    61   111 0.86 -
KV784398_1:113592-113894   -            101 325552at2759         -            426   6.3e-08   27.4   0.4   1   2     0.032      0.19    6.0   0.3   217   243     1    27     1    36 0.76 -
KV784398_1:113592-113894   -            101 325552at2759         -            426   6.3e-08   27.4   0.4   2   2   6.4e-07   3.7e-06   21.5   0.0   153   227    25   100    20   101 0.86 -
KV784361_1:1306859-1307398 -            180 325552at2759         -            426   1.1e-07   26.6   0.5   1   3       4.8        28   -1.2   0.0   161   183     3    25     2    29 0.84 -
KV784361_1:1306859-1307398 -            180 325552at2759         -            426   1.1e-07   26.6   0.5   2   3      0.47       2.8    2.2   0.0   160   187    59    86    45    95 0.85 -
KV784361_1:1306859-1307398 -            180 325552at2759         -            426   1.1e-07   26.6   0.5   3   3   6.5e-07   3.8e-06   21.5   0.3   156   224   108   179    93   180 0.82 -
KV784357_1:2668495-2669208 -            238 325552at2759         -            426   1.2e-07   26.4   0.0   1   2   4.4e-06   2.6e-05   18.7   0.0   156   186     9    39     3    51 0.67 -
KV784357_1:2668495-2669208 -            238 325552at2759         -            426   1.2e-07   26.4   0.0   2   2     0.047      0.27    5.5   0.0     4    48   175   218   172   223 0.85 -
KV784367_1:812851-814656   -            538 325552at2759         -            426   1.4e-07   26.2   9.2   1   4    0.0047     0.028    8.8   0.4   195   259   253   319   241   330 0.67 -
KV784367_1:812851-814656   -            538 325552at2759         -            426   1.4e-07   26.2   9.2   2   4       0.8       4.7    1.4   0.1   169   233   308   377   297   387 0.61 -
KV784367_1:812851-814656   -            538 325552at2759         -            426   1.4e-07   26.2   9.2   3   4       6.7        39   -1.6   0.0    41    65   401   425   382   439 0.81 -
KV784367_1:812851-814656   -            538 325552at2759         -            426   1.4e-07   26.2   9.2   4   4   1.8e-06   1.1e-05   20.0   0.9    33   111   439   519   423   533 0.85 -
KV784363_1:1402385-1402648 -             88 325552at2759         -            426   2.3e-07   25.5   0.0   1   1   4.2e-08   2.5e-07   25.4   0.0   155   226     5    81     1    86 0.86 -
KV784362_1:330522-331043   -            174 325552at2759         -            426   2.4e-07   25.5   1.3   1   2   6.9e-08   4.1e-07   24.7   0.2   164   232     1    75     1    94 0.83 -
KV784362_1:330522-331043   -            174 325552at2759         -            426   2.4e-07   25.5   1.3   2   2       3.4        20   -0.6   0.1    56   312   120   129    93   157 0.51 -
KV784355_1:2661717-2663666 -            650 325552at2759         -            426   2.9e-07   25.2   3.3   1   3   4.2e-06   2.5e-05   18.8   0.0   160   234   156   230   143   248 0.89 -
KV784355_1:2661717-2663666 -            650 325552at2759         -            426   2.9e-07   25.2   3.3   2   3      0.23       1.3    3.2   0.3   378   399   266   286   244   293 0.73 -
KV784355_1:2661717-2663666 -            650 325552at2759         -            426   2.9e-07   25.2   3.3   3   3         1       5.9    1.1   0.1   380   421   406   449   355   453 0.78 -
KV784364_1:1090394-1090876 -            161 325552at2759         -            426   3.2e-07   25.0   0.0   1   3       2.2        13   -0.0   0.0   163   187     2    26     1    39 0.79 -
KV784364_1:1090394-1090876 -            161 325552at2759         -            426   3.2e-07   25.0   0.0   2   3   6.7e-07   3.9e-06   21.4   0.0    37    70    47    80    34   130 0.84 -
KV784364_1:1090394-1090876 -            161 325552at2759         -            426   3.2e-07   25.0   0.0   3   3       3.6        21   -0.7   0.0   155   170   137   152   122   158 0.79 -
KV784356_1:1261586-1262194 -            203 325552at2759         -            426   3.5e-07   24.9   1.0   1   2   1.1e-07   6.7e-07   24.0   0.1   164   232    30   104    25   123 0.83 -
KV784356_1:1261586-1262194 -            203 325552at2759         -            426   3.5e-07   24.9   1.0   2   2       4.3        26   -1.0   0.1    56   312   149   158   122   186 0.52 -
KV784432_1:35110-35787     -            226 325552at2759         -            426   5.1e-07   24.4   0.0   1   2     2e-05   0.00012   16.6   0.0   161   185     4    28     1    42 0.54 -
KV784432_1:35110-35787     -            226 325552at2759         -            426   5.1e-07   24.4   0.0   2   2     0.044      0.26    5.6   0.0     4    48   165   208   162   212 0.85 -
KV784464_1:35882-36526     -            215 325552at2759         -            426   5.3e-07   24.3   0.1   1   1   1.6e-06   9.5e-06   20.2   0.0   157   228     5    89     1    94 0.74 -
KV784353_1:4353072-4353860 -            263 325552at2759         -            426   5.5e-07   24.3   0.0   1   2   2.4e-05   0.00014   16.4   0.0   176   230     1    53     1    85 0.76 -
KV784353_1:4353072-4353860 -            263 325552at2759         -            426   5.5e-07   24.3   0.0   2   2     0.064      0.38    5.0   0.0    36    65   229   258   209   262 0.80 -
KV784394_1:349588-350232   -            215 325552at2759         -            426   5.9e-07   24.2   0.2   1   2       7.6        45   -1.8   0.0   162   186     5    28     2    70 0.58 -
KV784394_1:349588-350232   -            215 325552at2759         -            426   5.9e-07   24.2   0.2   2   2   2.4e-07   1.4e-06   22.9   0.2   150   228    78   160    66   177 0.81 -
KV784391_1:444875-445075   -             67 325552at2759         -            426   7.5e-07   23.8   0.0   1   1   1.3e-07   7.5e-07   23.8   0.0   183   229    13    59     1    66 0.81 -
KV784356_1:2132983-2149057 -            142 325552at2759         -            426   1.7e-06   22.7   0.1   1   1   6.9e-07   4.1e-06   21.4   0.1   140   227    49   140    45   142 0.81 -
KV784358_1:353468-355335   -            560 325552at2759         -            426   1.8e-06   22.6   9.9   1   4    0.0047     0.028    8.8   0.4   195   259   253   319   243   329 0.66 -
KV784358_1:353468-355335   -            560 325552at2759         -            426   1.8e-06   22.6   9.9   2   4      0.87       5.1    1.3   0.1   169   233   308   377   297   387 0.61 -
KV784358_1:353468-355335   -            560 325552at2759         -            426   1.8e-06   22.6   9.9   3   4         7        41   -1.7   0.0    41    65   401   425   379   437 0.81 -
KV784358_1:353468-355335   -            560 325552at2759         -            426   1.8e-06   22.6   9.9   4   4   1.7e-05   9.8e-05   16.8   1.0    33   111   439   519   429   537 0.84 -
KV784354_1:3001358-3002197 -            280 325552at2759         -            426     5e-06   21.1   0.8   1   2       4.8        28   -1.1   0.0   158   213    30    86    20   106 0.56 -
KV784354_1:3001358-3002197 -            280 325552at2759         -            426     5e-06   21.1   0.8   2   2   2.3e-05   0.00014   16.4   0.3    41   184   121   278   119   280 0.75 -
KV784362_1:1164511-1180841 -            142 325552at2759         -            426   5.5e-06   21.0   0.2   1   1   2.3e-06   1.3e-05   19.7   0.2   140   227    49   140    39   142 0.81 -
KV784466_1:29788-30027     -             80 325552at2759         -            426   5.8e-06   20.9   0.2   1   1   3.6e-06   2.1e-05   19.0   0.2   163   226     1    79     1    80 0.71 -
KV784354_1:2873999-2877250 -           1084 325552at2759         -            426   1.4e-05   19.7   0.0   1   2       3.1        18   -0.5   0.0   196   228   562   595   550   604 0.74 -
KV784354_1:2873999-2877250 -           1084 325552at2759         -            426   1.4e-05   19.7   0.0   2   2   1.6e-05   9.7e-05   16.9   0.0   166   234   618   692   611   715 0.83 -
KV784372_1:347522-348280   -            253 325552at2759         -            426   1.5e-05   19.5   0.0   1   2   5.6e-05   0.00033   15.1   0.0   151   186     5    40     3    53 0.79 -
KV784372_1:347522-348280   -            253 325552at2759         -            426   1.5e-05   19.5   0.0   2   2      0.49       2.9    2.1   0.0    37    63   222   248   193   253 0.75 -
KV784356_1:1546956-1547504 -            183 325552at2759         -            426   1.6e-05   19.4   0.1   1   2      0.14      0.81    3.9   0.0    48    73    17    42    11    54 0.81 -
KV784356_1:1546956-1547504 -            183 325552at2759         -            426   1.6e-05   19.4   0.1   2   2   0.00015   0.00089   13.7   0.0   162   218   127   182   115   183 0.91 -
KV784353_1:2311483-2311857 -            125 325552at2759         -            426   2.2e-05   19.0   1.8   1   2   4.1e-05   0.00024   15.6   0.5    37    84    38    86    18    87 0.80 -
KV784353_1:2311483-2311857 -            125 325552at2759         -            426   2.2e-05   19.0   1.8   2   2    0.0015     0.009   10.4   0.1   368   401    74   107    66   121 0.85 -
KV784362_1:642471-643019   -            183 325552at2759         -            426   2.5e-05   18.8   0.1   1   2      0.15      0.86    3.9   0.0    48    73    17    42    11    53 0.82 -
KV784362_1:642471-643019   -            183 325552at2759         -            426   2.5e-05   18.8   0.1   2   2   0.00022    0.0013   13.2   0.0   162   218   127   182   115   183 0.91 -
KV784401_1:199592-204163   -           1430 325552at2759         -            426   2.5e-05   18.8   1.7   1   6       2.7        16   -0.3   0.1   196   221   864   889   849   903 0.85 -
KV784401_1:199592-204163   -           1430 325552at2759         -            426   2.5e-05   18.8   1.7   2   6     0.013     0.076    7.3   0.0   196   231   994  1029   984  1040 0.82 -
KV784401_1:199592-204163   -           1430 325552at2759         -            426   2.5e-05   18.8   1.7   3   6       3.6        21   -0.7   0.1    47    61  1063  1077  1059  1089 0.75 -
KV784401_1:199592-204163   -           1430 325552at2759         -            426   2.5e-05   18.8   1.7   4   6      0.47       2.8    2.2   0.0   188   227  1102  1142  1096  1159 0.87 -
KV784401_1:199592-204163   -           1430 325552at2759         -            426   2.5e-05   18.8   1.7   5   6       1.8        10    0.3   0.0   207   237  1318  1348  1302  1373 0.75 -
KV784401_1:199592-204163   -           1430 325552at2759         -            426   2.5e-05   18.8   1.7   6   6       1.8        10    0.3   0.0   210   224  1415  1429  1397  1430 0.50 -
KV784359_1:493858-494436   -            193 325552at2759         -            426   2.9e-05   18.6   0.0   1   2    0.0016    0.0095   10.3   0.0   166   232    75   144    29   153 0.76 -
KV784359_1:493858-494436   -            193 325552at2759         -            426   2.9e-05   18.6   0.0   2   2     0.023      0.13    6.5   0.0   203   220   167   184   154   189 0.73 -
KV784378_1:393873-394382   -            170 325552at2759         -            426     3e-05   18.5   0.2   1   3   0.00049    0.0029   12.0   0.1    48    97    36    91     5   101 0.71 -
KV784378_1:393873-394382   -            170 325552at2759         -            426     3e-05   18.5   0.2   2   3      0.01     0.059    7.7   0.0    40    73    75   109    68   132 0.76 -
KV784378_1:393873-394382   -            170 325552at2759         -            426     3e-05   18.5   0.2   3   3      0.14      0.81    3.9   0.0   367   398   109   144   100   149 0.73 -
KV784357_1:314060-314797   -            246 325552at2759         -            426   3.1e-05   18.5   0.3   1   2      0.66       3.9    1.7   0.0   345   375     9    40     4    53 0.63 -
KV784357_1:314060-314797   -            246 325552at2759         -            426   3.1e-05   18.5   0.3   2   2     8e-05   0.00047   14.6   0.0   165   230    96   162    75   173 0.81 -
KV784508_1:3565-4074       -            170 325552at2759         -            426   3.3e-05   18.4   0.3   1   3   0.00052     0.003   11.9   0.1    48    97    36    91     5   100 0.71 -
KV784508_1:3565-4074       -            170 325552at2759         -            426   3.3e-05   18.4   0.3   2   3     0.011     0.066    7.5   0.0    40    73    75   109    70   132 0.76 -
KV784508_1:3565-4074       -            170 325552at2759         -            426   3.3e-05   18.4   0.3   3   3      0.14      0.81    3.9   0.0   367   398   109   144   100   149 0.73 -
KV784359_1:727054-732244   -           1670 325552at2759         -            426   3.3e-05   18.4   0.9   1   6       3.3        19   -0.6   0.0   196   221  1104  1129  1089  1140 0.85 -
KV784359_1:727054-732244   -           1670 325552at2759         -            426   3.3e-05   18.4   0.9   2   6     0.015      0.09    7.1   0.0   196   231  1234  1269  1224  1280 0.82 -
KV784359_1:727054-732244   -           1670 325552at2759         -            426   3.3e-05   18.4   0.9   3   6       4.1        24   -0.9   0.1    47    61  1303  1317  1299  1329 0.75 -
KV784359_1:727054-732244   -           1670 325552at2759         -            426   3.3e-05   18.4   0.9   4   6      0.56       3.3    1.9   0.0   188   227  1342  1382  1336  1399 0.87 -
KV784359_1:727054-732244   -           1670 325552at2759         -            426   3.3e-05   18.4   0.9   5   6       2.1        13    0.0   0.0   207   237  1558  1588  1544  1612 0.75 -
KV784359_1:727054-732244   -           1670 325552at2759         -            426   3.3e-05   18.4   0.9   6   6       2.1        12    0.0   0.0   210   224  1655  1669  1637  1670 0.50 -
KV784354_1:619562-620134   -            191 325552at2759         -            426   3.6e-05   18.3   0.0   1   2     0.015     0.087    7.1   0.0    38    68     4    34     1    44 0.84 -
KV784354_1:619562-620134   -            191 325552at2759         -            426   3.6e-05   18.3   0.0   2   2    0.0032     0.019    9.3   0.0   169   228   103   167    92   186 0.77 -
KV784357_1:996254-997165   -            304 325552at2759         -            426   4.6e-05   17.9   0.1   1   2    0.0051      0.03    8.7   0.0   194   237    43    84    11    99 0.83 -
KV784357_1:996254-997165   -            304 325552at2759         -            426   4.6e-05   17.9   0.1   2   2      0.03      0.18    6.1   0.0   341   374   153   186   147   192 0.89 -
KV784374_1:541896-542414   -            173 325552at2759         -            426     5e-05   17.8   4.6   1   3   2.8e-05   0.00016   16.1   1.8   364   417    24    77     7    79 0.87 -
KV784374_1:541896-542414   -            173 325552at2759         -            426     5e-05   17.8   4.6   2   3       1.6       9.3    0.5   0.1   379   397   102   120    71   138 0.57 -
KV784374_1:541896-542414   -            173 325552at2759         -            426     5e-05   17.8   4.6   3   3       3.6        21   -0.7   0.0    46    61   158   173   148   173 0.90 -
KV784383_1:481602-482432   -            277 325552at2759         -            426     6e-05   17.6   0.1   1   4       6.5        38   -1.6   0.0   208   230    16    38    13    44 0.82 -
KV784383_1:481602-482432   -            277 325552at2759         -            426     6e-05   17.6   0.1   2   4     0.012     0.068    7.5   0.0   369   398   138   167   128   181 0.90 -
KV784383_1:481602-482432   -            277 325552at2759         -            426     6e-05   17.6   0.1   3   4       0.4       2.4    2.4   0.0    41    65   206   230   183   237 0.84 -
KV784383_1:481602-482432   -            277 325552at2759         -            426     6e-05   17.6   0.1   4   4      0.39       2.3    2.5   0.0   155   174   255   274   242   277 0.79 -
KV784362_1:79491-80414     -            308 325552at2759         -            426   6.6e-05   17.4   0.1   1   3      0.23       1.3    3.2   0.0   203   225    24    46     9    65 0.75 -
KV784362_1:79491-80414     -            308 325552at2759         -            426   6.6e-05   17.4   0.1   2   3     0.025      0.14    6.4   0.0   186   227    87   129    83   150 0.87 -
KV784362_1:79491-80414     -            308 325552at2759         -            426   6.6e-05   17.4   0.1   3   3      0.13      0.78    4.0   0.0   208   228   248   268   214   280 0.63 -
KV784451_1:17355-17846     -            164 325552at2759         -            426   7.2e-05   17.3   0.5   1   2   7.4e-05   0.00043   14.7   0.2   170   228     3    61     1    78 0.88 -
KV784451_1:17355-17846     -            164 325552at2759         -            426   7.2e-05   17.3   0.5   2   2       2.3        13   -0.1   0.0    45    60    98   113    65   130 0.61 -
KV784359_1:1348714-1349076 -            121 325552at2759         -            426   7.5e-05   17.2   7.5   1   3     0.095      0.56    4.5   0.1   213   230     2    19     1    35 0.82 -
KV784359_1:1348714-1349076 -            121 325552at2759         -            426   7.5e-05   17.2   7.5   2   3      0.29       1.7    2.9   0.0    48    66    43    61    33    75 0.67 -
KV784359_1:1348714-1349076 -            121 325552at2759         -            426   7.5e-05   17.2   7.5   3   3   0.00047    0.0027   12.1   1.7   195   229    78   113    73   119 0.84 -
KV784457_1:83207-84118     -            304 325552at2759         -            426   9.4e-05   16.9   0.2   1   2    0.0051      0.03    8.7   0.0   194   237    43    84    11    99 0.83 -
KV784457_1:83207-84118     -            304 325552at2759         -            426   9.4e-05   16.9   0.2   2   2      0.06      0.35    5.1   0.0   341   373   153   185   147   193 0.86 -
KV784375_1:73955-74677     -            241 325552at2759         -            426   0.00011   16.7   0.1   1   2       4.7        28   -1.1   0.0   195   231    52    93    48   101 0.69 -
KV784375_1:73955-74677     -            241 325552at2759         -            426   0.00011   16.7   0.1   2   2    0.0001   0.00061   14.2   0.0   169   228   122   182   108   192 0.83 -
KV784385_1:84264-85001     -            246 325552at2759         -            426   0.00014   16.4   0.6   1   4       4.3        25   -1.0   0.0   203   218    26    41    23    68 0.66 -
KV784385_1:84264-85001     -            246 325552at2759         -            426   0.00014   16.4   0.6   2   4    0.0097     0.057    7.7   0.1   369   398   107   136    99   153 0.90 -
KV784385_1:84264-85001     -            246 325552at2759         -            426   0.00014   16.4   0.6   3   4      0.36       2.1    2.6   0.0    41    65   175   199   154   206 0.85 -
KV784385_1:84264-85001     -            246 325552at2759         -            426   0.00014   16.4   0.6   4   4      0.75       4.4    1.5   0.0   155   174   224   243   211   246 0.77 -
KV784403_1:6959-7462       -            168 325552at2759         -            426   0.00014   16.3   0.0   1   1   2.8e-05   0.00017   16.1   0.0   165   231    33   100    14   124 0.82 -
KV784361_1:1437637-1438065 -            143 325552at2759         -            426    0.0012   13.2   0.7   1   3       1.3       7.5    0.8   0.0   213   230     2    19     1    37 0.70 -
KV784361_1:1437637-1438065 -            143 325552at2759         -            426    0.0012   13.2   0.7   2   3     0.043      0.25    5.6   0.1   212   227    50    65    31    70 0.57 -
KV784361_1:1437637-1438065 -            143 325552at2759         -            426    0.0012   13.2   0.7   3   3      0.15       0.9    3.8   0.0   207   225   118   136    95   143 0.62 -
KV784427_1:139702-140415   -            238 325552at2759         -            426    0.0013   13.1   2.9   1   4      0.79       4.6    1.4   0.0   211   229     3    21     1    35 0.67 -
KV784427_1:139702-140415   -            238 325552at2759         -            426    0.0013   13.1   2.9   2   4     0.078      0.46    4.7   0.1   212   227    53    68    31    75 0.59 -
KV784427_1:139702-140415   -            238 325552at2759         -            426    0.0013   13.1   2.9   3   4     0.086       0.5    4.6   0.0   164   192   120   148   100   167 0.63 -
KV784427_1:139702-140415   -            238 325552at2759         -            426    0.0013   13.1   2.9   4   4       4.6        27   -1.1   0.0   169   184   222   237   212   238 0.85 -
KV784368_1:587411-588127   -            239 325552at2759         -            426    0.0015   13.0   0.2   1   2     0.012     0.072    7.4   0.1    40    64     2    25     1    35 0.68 -
KV784368_1:587411-588127   -            239 325552at2759         -            426    0.0015   13.0   0.2   2   2      0.19       1.1    3.5   0.0   345   369   165   189   148   202 0.86 -
KV784361_1:2343804-2344274 -            157 325552at2759         -            426    0.0032   11.9   0.0   1   3       5.5        33   -1.3   0.0   204   229     3    28     2    47 0.61 -
KV784361_1:2343804-2344274 -            157 325552at2759         -            426    0.0032   11.9   0.0   2   3    0.0085      0.05    7.9   0.0   181   240    38    98    28   104 0.77 -
KV784361_1:2343804-2344274 -            157 325552at2759         -            426    0.0032   11.9   0.0   3   3      0.91       5.3    1.2   0.0   203   225   132   155   120   157 0.54 -
KV784413_1:192744-192992   -             83 325552at2759         -            426    0.0039   11.6   0.1   1   1   0.00077    0.0045   11.4   0.1   167   232     1    69     1    75 0.81 -
KV784414_1:126833-127516   -            228 325552at2759         -            426    0.0043   11.4   2.2   1   3      0.12      0.71    4.1   0.6   381   402     9    30     3    37 0.80 -
KV784414_1:126833-127516   -            228 325552at2759         -            426    0.0043   11.4   2.2   2   3     0.015     0.087    7.1   0.1   176   233    29    86    26   114 0.77 -
KV784414_1:126833-127516   -            228 325552at2759         -            426    0.0043   11.4   2.2   3   3     0.088      0.52    4.6   0.1   200   233    53    86    52   146 0.70 -
KV784354_1:1048383-1049123 -            247 325552at2759         -            426    0.0045   11.4   0.1   1   1    0.0014    0.0085   10.5   0.0   158   228   172   242   151   244 0.81 -
KV784376_1:193970-194572   -            201 325552at2759         -            426    0.0046   11.4   0.2   1   2       5.1        30   -1.2   0.0   167   185    26    44    20    56 0.70 -
KV784376_1:193970-194572   -            201 325552at2759         -            426    0.0046   11.4   0.2   2   2    0.0026     0.015    9.6   0.2   155   216   108   169    95   176 0.83 -
KV784380_1:583118-583720   -            201 325552at2759         -            426    0.0046   11.4   0.2   1   2       5.1        30   -1.2   0.0   167   185    26    44    20    56 0.70 -
KV784380_1:583118-583720   -            201 325552at2759         -            426    0.0046   11.4   0.2   2   2    0.0026     0.015    9.6   0.2   155   216   108   169    95   176 0.83 -
KV784363_1:229470-230243   -            258 325552at2759         -            426    0.0051   11.2   2.0   1   4      0.14      0.83    3.9   0.0    48    62     1    15     1    18 0.91 -
KV784363_1:229470-230243   -            258 325552at2759         -            426    0.0051   11.2   2.0   2   4      0.82       4.8    1.4   0.0   155   225    44    81    34   100 0.50 -
KV784363_1:229470-230243   -            258 325552at2759         -            426    0.0051   11.2   2.0   3   4      0.84       4.9    1.4   0.0   166   223   111   168   107   175 0.84 -
KV784363_1:229470-230243   -            258 325552at2759         -            426    0.0051   11.2   2.0   4   4         2        12    0.1   0.0   205   226   211   232   197   239 0.72 -
KV784359_1:1382584-1383267 -            228 325552at2759         -            426    0.0054   11.1   2.7   1   3      0.14       0.8    4.0   0.7   381   402     9    30     3    35 0.79 -
KV784359_1:1382584-1383267 -            228 325552at2759         -            426    0.0054   11.1   2.7   2   3     0.014     0.084    7.2   0.1   176   233    29    86    26   115 0.76 -
KV784359_1:1382584-1383267 -            228 325552at2759         -            426    0.0054   11.1   2.7   3   3      0.26       1.5    3.0   0.0    45    90    62   112    57   149 0.61 -
KV784353_1:2312141-2312317 -             59 325552at2759         -            426    0.0055   11.1   0.0   1   1     0.001     0.006   11.0   0.0   192   228    16    55     8    58 0.83 -
KV784361_1:1796539-1797303 -            255 325552at2759         -            426    0.0057   11.0   2.1   1   4      0.14      0.82    3.9   0.0    48    62     1    15     1    18 0.91 -
KV784361_1:1796539-1797303 -            255 325552at2759         -            426    0.0057   11.0   2.1   2   4      0.77       4.5    1.5   0.0   153   225    40    79    31   103 0.54 -
KV784361_1:1796539-1797303 -            255 325552at2759         -            426    0.0057   11.0   2.1   3   4      0.82       4.8    1.4   0.0   166   223   109   166   105   173 0.84 -
KV784361_1:1796539-1797303 -            255 325552at2759         -            426    0.0057   11.0   2.1   4   4       1.9        11    0.2   0.0   205   226   209   230   191   237 0.74 -
KV784357_1:1174493-1175113 -            207 325552at2759         -            426     0.009   10.4   0.8   1   3       0.1      0.61    4.3   0.1   210   232     5    27     1    49 0.69 -
KV784357_1:1174493-1175113 -            207 325552at2759         -            426     0.009   10.4   0.8   2   3       1.9        11    0.2   0.0    47    62    51    66    35    72 0.74 -
KV784357_1:1174493-1175113 -            207 325552at2759         -            426     0.009   10.4   0.8   3   3      0.33       1.9    2.7   0.0    35    63   141   169   134   178 0.84 -
#
# Program:         hmmsearch
# Version:         3.1b2 (February 2015)
# Pipeline mode:   SEARCH
# Query file:      /Users/aholzer/ownCloud/PhD/Publications/2021 Liavero-Pasquina et al./analysis/TPP_aptamer_search/busco_downloads/lineages/eukaryota_odb10/hmms/325552at2759.hmm
# Target file:     /Users/aholzer/ownCloud/PhD/Publications/2021 Liavero-Pasquina et al./analysis/TPP_aptamer_search/genomes/BUSCO_eukaryota_obd10/Fragilariopsis_cylindrus_Fracy1/run_eukaryota_odb10/metaeuk_output/rerun_results/GCA_001750085.1_Fracy1_genomic.fna.modified.fas
# Option settings: hmmsearch --domtblout /Users/aholzer/ownCloud/PhD/Publications/2021 Liavero-Pasquina et al./analysis/TPP_aptamer_search/genomes/BUSCO_eukaryota_obd10/Fragilariopsis_cylindrus_Fracy1/run_eukaryota_odb10/hmmer_output/rerun_results/325552at2759.out --cpu 1 /Users/aholzer/ownCloud/PhD/Publications/2021 Liavero-Pasquina et al./analysis/TPP_aptamer_search/busco_downloads/lineages/eukaryota_odb10/hmms/325552at2759.hmm /Users/aholzer/ownCloud/PhD/Publications/2021 Liavero-Pasquina et al./analysis/TPP_aptamer_search/genomes/BUSCO_eukaryota_obd10/Fragilariopsis_cylindrus_Fracy1/run_eukaryota_odb10/metaeuk_output/rerun_results/GCA_001750085.1_Fracy1_genomic.fna.modified.fas 
# Current dir:     /Users/aholzer/ownCloud/PhD/Publications/2021 Liavero-Pasquina et al./analysis/TPP_aptamer_search
# Date:            Sat Apr 17 21:57:40 2021
# [ok]
