#                                                                                  --- full sequence --- -------------- this domain -------------   hmm coord   ali coord   env coord
# target name              accession   tlen query name           accession   qlen   E-value  score  bias   #  of  c-Evalue  i-Evalue  score  bias  from    to  from    to  from    to  acc description of target
#      ------------------- ---------- ----- -------------------- ---------- ----- --------- ------ ----- --- --- --------- --------- ------ ----- ----- ----- ----- ----- ----- ----- ---- ---------------------
KV784354_1:2873999-2877250 -           1084 388820at2759         -            609  2.6e-105  348.4   2.1   1   6   1.6e-21   1.1e-20   68.8   0.0    80   188    94   234    83   238 0.81 -
KV784354_1:2873999-2877250 -           1084 388820at2759         -            609  2.6e-105  348.4   2.1   2   6   1.6e-21   1.2e-20   68.8   0.0   188   312   263   422   245   427 0.76 -
KV784354_1:2873999-2877250 -           1084 388820at2759         -            609  2.6e-105  348.4   2.1   3   6   5.4e-14     4e-13   43.9   0.0   309   349   459   499   446   503 0.94 -
KV784354_1:2873999-2877250 -           1084 388820at2759         -            609  2.6e-105  348.4   2.1   4   6   1.1e-31   8.1e-31  102.3   0.0   349   492   563   735   551   745 0.80 -
KV784354_1:2873999-2877250 -           1084 388820at2759         -            609  2.6e-105  348.4   2.1   5   6   1.5e-16   1.1e-15   52.4   0.1   493   543   792   842   782   853 0.91 -
KV784354_1:2873999-2877250 -           1084 388820at2759         -            609  2.6e-105  348.4   2.1   6   6      0.33       2.4    1.7   0.0   571   596   985  1010   939  1016 0.83 -
KV784363_1:24027-25004     -            326 388820at2759         -            609   3.6e-22   73.8   1.7   1   4   1.8e-09   1.3e-08   29.0   0.0   196   267     1    74     1    80 0.89 -
KV784363_1:24027-25004     -            326 388820at2759         -            609   3.6e-22   73.8   1.7   2   4   2.7e-07     2e-06   21.8   0.0   206   270    56   119    56   131 0.86 -
KV784363_1:24027-25004     -            326 388820at2759         -            609   3.6e-22   73.8   1.7   3   4   2.2e-08   1.6e-07   25.4   0.1   195   267   167   240   151   247 0.89 -
KV784363_1:24027-25004     -            326 388820at2759         -            609   3.6e-22   73.8   1.7   4   4   1.9e-05   0.00014   15.7   0.0   196   272   212   286   211   295 0.87 -
KV784361_1:1584561-1596931 -            570 388820at2759         -            609   2.7e-20   67.6   0.2   1   4   8.9e-10   6.5e-09   30.0   0.0   194   267   280   355   274   358 0.88 -
KV784361_1:1584561-1596931 -            570 388820at2759         -            609   2.7e-20   67.6   0.2   2   4   7.5e-07   5.5e-06   20.3   0.0   206   268   337   398   337   409 0.85 -
KV784361_1:1584561-1596931 -            570 388820at2759         -            609   2.7e-20   67.6   0.2   3   4     5e-08   3.7e-07   24.2   0.1   195   267   448   521   436   534 0.89 -
KV784361_1:1584561-1596931 -            570 388820at2759         -            609   2.7e-20   67.6   0.2   4   4   0.00012   0.00087   13.1   0.0   197   269   494   564   493   568 0.87 -
KV784353_1:3194537-3195920 -            384 388820at2759         -            609   4.8e-16   53.5   1.9   1   4   0.00023    0.0017   12.1   0.1   158   269    87   204    79   209 0.78 -
KV784353_1:3194537-3195920 -            384 388820at2759         -            609   4.8e-16   53.5   1.9   2   4   9.3e-11   6.9e-10   33.2   0.2   159   272   172   290   171   299 0.84 -
KV784353_1:3194537-3195920 -            384 388820at2759         -            609   4.8e-16   53.5   1.9   3   4     0.006     0.044    7.4   0.0   144   189   280   329   279   335 0.74 -
KV784353_1:3194537-3195920 -            384 388820at2759         -            609   4.8e-16   53.5   1.9   4   4    0.0047     0.035    7.8   0.0   330   382   319   376   316   383 0.76 -
KV784365_1:367784-368794   -            337 388820at2759         -            609   9.8e-16   52.5   6.5   1   4   2.7e-05    0.0002   15.2   0.3   415   466    21    73    11   112 0.76 -
KV784365_1:367784-368794   -            337 388820at2759         -            609   9.8e-16   52.5   6.5   2   4   3.9e-07   2.9e-06   21.2   0.1   194   271   115   190   105   216 0.83 -
KV784365_1:367784-368794   -            337 388820at2759         -            609   9.8e-16   52.5   6.5   3   4     0.011     0.083    6.5   0.0   418   453   210   245   206   252 0.85 -
KV784365_1:367784-368794   -            337 388820at2759         -            609   9.8e-16   52.5   6.5   4   4   0.00048    0.0036   11.0   0.0   313   377   265   336   262   337 0.83 -
KV784353_1:1575780-1576349 -            190 388820at2759         -            609   5.3e-15   50.1   1.0   1   2   0.00027     0.002   11.9   0.0   349   381    12    44     9    50 0.91 -
KV784353_1:1575780-1576349 -            190 388820at2759         -            609   5.3e-15   50.1   1.0   2   2   1.3e-09   9.2e-09   29.5   0.5   351   453    62   183    60   189 0.56 -
KV784361_1:2299155-2299931 -            259 388820at2759         -            609   1.4e-13   45.4   0.0   1   3    0.0044     0.033    7.9   0.0   203   242    14    55     1    61 0.59 -
KV784361_1:2299155-2299931 -            259 388820at2759         -            609   1.4e-13   45.4   0.0   2   3   0.00019    0.0014   12.3   0.0   410   454   141   186   136   196 0.90 -
KV784361_1:2299155-2299931 -            259 388820at2759         -            609   1.4e-13   45.4   0.0   3   3   3.4e-07   2.5e-06   21.5   0.0   425   481   199   259   189   259 0.80 -
KV784363_1:787988-788785   -            266 388820at2759         -            609   1.6e-13   45.2   0.0   1   3    0.0037     0.027    8.1   0.0   203   242    21    62     6    68 0.53 -
KV784363_1:787988-788785   -            266 388820at2759         -            609   1.6e-13   45.2   0.0   2   3   0.00019    0.0014   12.4   0.0   410   454   148   193   131   201 0.91 -
KV784363_1:787988-788785   -            266 388820at2759         -            609   1.6e-13   45.2   0.0   3   3   4.6e-07   3.4e-06   21.0   0.0   425   478   206   263   196   266 0.79 -
KV784370_1:893349-894469   -            317 388820at2759         -            609   4.2e-13   43.8   0.0   1   3     0.003     0.022    8.4   0.0   234   262     5    34     2    56 0.82 -
KV784370_1:893349-894469   -            317 388820at2759         -            609   4.2e-13   43.8   0.0   2   3   2.9e-07   2.2e-06   21.7   0.0   327   369    68   110    57   144 0.80 -
KV784370_1:893349-894469   -            317 388820at2759         -            609   4.2e-13   43.8   0.0   3   3   0.00095     0.007   10.1   0.0   318   388   161   232   150   243 0.82 -
KV784377_1:330055-331196   -            317 388820at2759         -            609   4.2e-13   43.8   0.0   1   3     0.003     0.022    8.4   0.0   234   262     5    34     2    56 0.82 -
KV784377_1:330055-331196   -            317 388820at2759         -            609   4.2e-13   43.8   0.0   2   3   2.9e-07   2.2e-06   21.7   0.0   327   369    68   110    57   144 0.80 -
KV784377_1:330055-331196   -            317 388820at2759         -            609   4.2e-13   43.8   0.0   3   3   0.00095     0.007   10.1   0.0   318   388   161   232   150   243 0.82 -
KV784359_1:2229628-2230242 -            205 388820at2759         -            609   9.8e-13   42.6   1.4   1   4       2.2        16   -1.1   0.0   431   444    24    37    15    40 0.78 -
KV784359_1:2229628-2230242 -            205 388820at2759         -            609   9.8e-13   42.6   1.4   2   4   2.8e-06   2.1e-05   18.4   0.3   414   482    63   136    56   138 0.71 -
KV784359_1:2229628-2230242 -            205 388820at2759         -            609   9.8e-13   42.6   1.4   3   4    0.0033     0.024    8.3   0.0   428   453   121   146   114   151 0.87 -
KV784359_1:2229628-2230242 -            205 388820at2759         -            609   9.8e-13   42.6   1.4   4   4   5.6e-07   4.1e-06   20.7   0.1   400   453   130   188   129   197 0.82 -
KV784364_1:349848-350998   -            329 388820at2759         -            609   3.1e-12   40.9   6.2   1   4   2.3e-05   0.00017   15.4   0.0   415   466    21    73    11   114 0.77 -
KV784364_1:349848-350998   -            329 388820at2759         -            609   3.1e-12   40.9   6.2   2   4    0.0068      0.05    7.2   0.1   429   455   129   155   119   171 0.83 -
KV784364_1:349848-350998   -            329 388820at2759         -            609   3.1e-12   40.9   6.2   3   4    0.0056     0.041    7.5   0.2   352   449   199   233   159   243 0.69 -
KV784364_1:349848-350998   -            329 388820at2759         -            609   3.1e-12   40.9   6.2   4   4   0.00046    0.0034   11.1   0.0   313   377   257   328   254   329 0.83 -
KV784380_1:390182-391021   -            280 388820at2759         -            609   5.8e-12   40.1   5.1   1   4   7.3e-06   5.4e-05   17.0   0.1   195   259     4    67     1    74 0.87 -
KV784380_1:390182-391021   -            280 388820at2759         -            609   5.8e-12   40.1   5.1   2   4       3.5        26   -1.7   0.0   208   246   123   161   110   166 0.67 -
KV784380_1:390182-391021   -            280 388820at2759         -            609   5.8e-12   40.1   5.1   3   4      0.22       1.7    2.2   0.0   430   456   186   212   180   219 0.82 -
KV784380_1:390182-391021   -            280 388820at2759         -            609   5.8e-12   40.1   5.1   4   4    0.0024     0.017    8.8   0.1   426   458   224   256   214   280 0.73 -
KV784422_1:111349-151190   -            250 388820at2759         -            609   7.8e-12   39.6   0.3   1   4    0.0043     0.032    7.9   0.0   428   453    51    76    43    81 0.87 -
KV784422_1:111349-151190   -            250 388820at2759         -            609   7.8e-12   39.6   0.3   2   4   5.4e-07     4e-06   20.8   0.0   418   474    82   144    79   162 0.77 -
KV784422_1:111349-151190   -            250 388820at2759         -            609   7.8e-12   39.6   0.3   3   4      0.26       1.9    2.0   0.0   424   462   131   170   125   185 0.74 -
KV784422_1:111349-151190   -            250 388820at2759         -            609   7.8e-12   39.6   0.3   4   4     0.018      0.13    5.9   0.0   173   200   191   218   181   231 0.76 -
KV784359_1:1682581-1683450 -            290 388820at2759         -            609   1.2e-11   39.0   0.9   1   3    0.0033     0.024    8.3   0.0   323   404    39   128    21   141 0.76 -
KV784359_1:1682581-1683450 -            290 388820at2759         -            609   1.2e-11   39.0   0.9   2   3     0.012     0.087    6.4   0.0   207   263   140   195   119   204 0.79 -
KV784359_1:1682581-1683450 -            290 388820at2759         -            609   1.2e-11   39.0   0.9   3   3   3.4e-09   2.5e-08   28.1   0.2   168   269   178   285   167   289 0.82 -
KV784394_1:351201-351791   -            197 388820at2759         -            609   2.1e-11   38.2   0.3   1   3   6.1e-05   0.00045   14.0   0.1   234   266    26    58    24    64 0.89 -
KV784394_1:351201-351791   -            197 388820at2759         -            609   2.1e-11   38.2   0.3   2   3   2.2e-06   1.6e-05   18.7   0.1   313   396    75   162    66   164 0.81 -
KV784394_1:351201-351791   -            197 388820at2759         -            609   2.1e-11   38.2   0.3   3   3    0.0065     0.048    7.3   0.0   344   382   151   189   147   196 0.85 -
KV784356_1:920368-921189   -            274 388820at2759         -            609   2.7e-11   37.9   0.2   1   4      0.79       5.8    0.4   0.0   208   380    17    32     6    45 0.62 -
KV784356_1:920368-921189   -            274 388820at2759         -            609   2.7e-11   37.9   0.2   2   4     2e-07   1.5e-06   22.2   0.0   199   269    82   150    68   161 0.84 -
KV784356_1:920368-921189   -            274 388820at2759         -            609   2.7e-11   37.9   0.2   3   4    0.0022     0.016    8.8   0.0   361   392   172   203   157   222 0.81 -
KV784356_1:920368-921189   -            274 388820at2759         -            609   2.7e-11   37.9   0.2   4   4      0.66       4.8    0.7   0.0   431   450   253   272   239   274 0.88 -
KV784369_1:168612-169361   -            250 388820at2759         -            609   6.1e-11   36.7   0.5   1   3     0.029      0.21    5.2   0.0   353   390     1    38     1    99 0.72 -
KV784369_1:168612-169361   -            250 388820at2759         -            609   6.1e-11   36.7   0.5   2   3     0.015      0.11    6.1   0.0   349   383   126   160   121   170 0.71 -
KV784369_1:168612-169361   -            250 388820at2759         -            609   6.1e-11   36.7   0.5   3   3   3.6e-07   2.6e-06   21.4   0.0   194   269   170   244   164   248 0.87 -
KV784354_1:1829112-1829858 -            249 388820at2759         -            609   8.3e-11   36.2   0.4   1   3   9.9e-05   0.00073   13.3   0.0   419   454     4    40     2    55 0.82 -
KV784354_1:1829112-1829858 -            249 388820at2759         -            609   8.3e-11   36.2   0.4   2   3   0.00025    0.0018   12.0   0.1   322   379    56   117    55   123 0.81 -
KV784354_1:1829112-1829858 -            249 388820at2759         -            609   8.3e-11   36.2   0.4   3   3    0.0076     0.056    7.1   0.0   165   220   185   249   176   249 0.74 -
KV784354_1:1211685-1212725 -            347 388820at2759         -            609     1e-10   36.0   0.3   1   2   3.7e-08   2.8e-07   24.6   0.1   158   266   169   283   166   288 0.90 -
KV784354_1:1211685-1212725 -            347 388820at2759         -            609     1e-10   36.0   0.3   2   2    0.0014     0.011    9.5   0.0   348   384   293   329   284   339 0.85 -
KV784354_1:1212827-1213171 -            115 388820at2759         -            609   5.8e-10   33.5   0.1   1   2     1e-07   7.5e-07   23.2   0.0   430   474    30    78    25    85 0.82 -
KV784354_1:1212827-1213171 -            115 388820at2759         -            609   5.8e-10   33.5   0.1   2   2   4.8e-05   0.00036   14.3   0.0   312   362    60   110    57   115 0.91 -
KV784358_1:1042064-1042810 -            249 388820at2759         -            609   9.8e-10   32.7   4.2   1   4     5e-05   0.00037   14.3   0.0   159   188    10    39     4    44 0.68 -
KV784358_1:1042064-1042810 -            249 388820at2759         -            609   9.8e-10   32.7   4.2   2   4    0.0022     0.016    8.9   0.0   156   187    48    79    43    84 0.90 -
KV784358_1:1042064-1042810 -            249 388820at2759         -            609   9.8e-10   32.7   4.2   3   4      0.43       3.2    1.3   0.0   158   186   127   155   121   164 0.69 -
KV784358_1:1042064-1042810 -            249 388820at2759         -            609   9.8e-10   32.7   4.2   4   4     0.013     0.098    6.3   0.4   183   220   209   248   185   249 0.46 -
KV784353_1:1815420-1816211 -            264 388820at2759         -            609   1.3e-09   32.3   0.1   1   3       2.4        17   -1.2   0.0   430   453     2    25     1    30 0.80 -
KV784353_1:1815420-1816211 -            264 388820at2759         -            609   1.3e-09   32.3   0.1   2   3   7.5e-06   5.5e-05   17.0   0.0   414   447    27    61     8    72 0.70 -
KV784353_1:1815420-1816211 -            264 388820at2759         -            609   1.3e-09   32.3   0.1   3   3    0.0049     0.036    7.7   0.0   425   449   145   169   127   264 0.76 -
KV784354_1:3013214-3014164 -            317 388820at2759         -            609     2e-09   31.7   0.0   1   3   0.00091    0.0067   10.1   0.0   432   479    69   120    63   148 0.69 -
KV784354_1:3013214-3014164 -            317 388820at2759         -            609     2e-09   31.7   0.0   2   3       1.1         8   -0.0   0.0   159   188   156   184   148   192 0.77 -
KV784354_1:3013214-3014164 -            317 388820at2759         -            609     2e-09   31.7   0.0   3   3   8.6e-06   6.3e-05   16.8   0.0   216   263   270   316   253   317 0.81 -
KV784358_1:1390103-1391250 -            316 388820at2759         -            609   2.1e-09   31.6   0.6   1   2     2e-05   0.00015   15.6   0.0   323   450    14   150     5   180 0.71 -
KV784358_1:1390103-1391250 -            316 388820at2759         -            609   2.1e-09   31.6   0.6   2   2   0.00011   0.00084   13.1   0.1   159   263   198   315   191   316 0.74 -
KV784358_1:2022372-2024372 -            667 388820at2759         -            609   2.4e-09   31.4   0.8   1   5      0.48       3.6    1.1   0.0   312   343    84   115    76   148 0.63 -
KV784358_1:2022372-2024372 -            667 388820at2759         -            609   2.4e-09   31.4   0.8   2   5     0.095       0.7    3.5   0.0   347   388   220   261   217   266 0.87 -
KV784358_1:2022372-2024372 -            667 388820at2759         -            609   2.4e-09   31.4   0.8   3   5    0.0059     0.043    7.4   0.0   349   384   369   404   364   416 0.90 -
KV784358_1:2022372-2024372 -            667 388820at2759         -            609   2.4e-09   31.4   0.8   4   5      0.79       5.8    0.4   0.0   217   267   521   571   502   582 0.75 -
KV784358_1:2022372-2024372 -            667 388820at2759         -            609   2.4e-09   31.4   0.8   5   5     0.003     0.022    8.4   0.0   159   224   586   660   574   666 0.71 -
KV784426_1:48466-49083     -            206 388820at2759         -            609     1e-08   29.3   0.7   1   3   7.3e-05   0.00054   13.7   0.0   419   454     4    40     2    55 0.82 -
KV784426_1:48466-49083     -            206 388820at2759         -            609     1e-08   29.3   0.7   2   3   0.00016    0.0012   12.6   0.1   322   379    56   117    55   129 0.82 -
KV784426_1:48466-49083     -            206 388820at2759         -            609     1e-08   29.3   0.7   3   3       3.3        24   -1.6   0.0   165   186   185   206   181   206 0.82 -
KV784398_1:243260-245383   -            708 388820at2759         -            609   1.4e-08   28.9   1.6   1   5      0.56       4.1    0.9   0.0   312   343    84   115    76   145 0.62 -
KV784398_1:243260-245383   -            708 388820at2759         -            609   1.4e-08   28.9   1.6   2   5      0.25       1.8    2.1   0.0   348   388   262   302   257   307 0.87 -
KV784398_1:243260-245383   -            708 388820at2759         -            609   1.4e-08   28.9   1.6   3   5    0.0049     0.036    7.7   0.0   349   384   410   445   405   476 0.90 -
KV784398_1:243260-245383   -            708 388820at2759         -            609   1.4e-08   28.9   1.6   4   5      0.84       6.2    0.3   0.0   217   267   562   612   540   623 0.75 -
KV784398_1:243260-245383   -            708 388820at2759         -            609   1.4e-08   28.9   1.6   5   5    0.0033     0.025    8.3   0.0   159   224   627   701   617   707 0.70 -
KV784353_1:3073692-3074489 -            266 388820at2759         -            609   3.6e-08   27.5   0.5   1   3    0.0076     0.056    7.1   0.0   349   388    48    87    45    95 0.84 -
KV784353_1:3073692-3074489 -            266 388820at2759         -            609   3.6e-08   27.5   0.5   2   3    0.0021     0.015    8.9   0.0   227   273   122   170   116   186 0.79 -
KV784353_1:3073692-3074489 -            266 388820at2759         -            609   3.6e-08   27.5   0.5   3   3    0.0027      0.02    8.6   0.1   401   447   206   258   182   266 0.51 -
KV784404_1:79489-79782     -             98 388820at2759         -            609   5.3e-08   27.0   0.2   1   1   1.6e-08   1.2e-07   25.9   0.2   176   263     4    97     1    98 0.82 -
KV784399_1:375261-376037   -            259 388820at2759         -            609   8.5e-08   26.3   0.2   1   4     0.011     0.084    6.5   0.0   349   378     2    31     1    37 0.91 -
KV784399_1:375261-376037   -            259 388820at2759         -            609   8.5e-08   26.3   0.2   2   4   0.00051    0.0037   11.0   0.0   203   282    73   156    58   175 0.78 -
KV784399_1:375261-376037   -            259 388820at2759         -            609   8.5e-08   26.3   0.2   3   4       4.6        34   -2.1   0.0   204   220   188   204   161   205 0.70 -
KV784399_1:375261-376037   -            259 388820at2759         -            609   8.5e-08   26.3   0.2   4   4     0.047      0.35    4.5   0.0   186   222   221   258   209   259 0.67 -
KV784354_1:1999026-1999802 -            259 388820at2759         -            609     9e-08   26.2   0.2   1   4     0.011     0.084    6.5   0.0   349   378     2    31     1    37 0.91 -
KV784354_1:1999026-1999802 -            259 388820at2759         -            609     9e-08   26.2   0.2   2   4   0.00051    0.0037   11.0   0.0   203   282    73   156    58   175 0.78 -
KV784354_1:1999026-1999802 -            259 388820at2759         -            609     9e-08   26.2   0.2   3   4       4.6        34   -2.1   0.0   204   220   188   204   161   205 0.70 -
KV784354_1:1999026-1999802 -            259 388820at2759         -            609     9e-08   26.2   0.2   4   4      0.05      0.37    4.4   0.0   186   222   221   258   209   259 0.68 -
KV784378_1:213516-214136   -            207 388820at2759         -            609   1.8e-07   25.2   1.7   1   4    0.0023     0.017    8.8   0.0   425   449     4    28     1    38 0.84 -
KV784378_1:213516-214136   -            207 388820at2759         -            609   1.8e-07   25.2   1.7   2   4       1.8        13   -0.7   0.0   208   245    52    89    35    95 0.61 -
KV784378_1:213516-214136   -            207 388820at2759         -            609   1.8e-07   25.2   1.7   3   4      0.15       1.1    2.8   0.0   430   456   115   141   111   150 0.82 -
KV784378_1:213516-214136   -            207 388820at2759         -            609   1.8e-07   25.2   1.7   4   4    0.0017     0.013    9.2   0.1   426   458   153   185   144   207 0.78 -
KV784383_1:391469-392470   -            334 388820at2759         -            609   2.2e-07   24.9   1.1   1   3     0.025      0.19    5.4   0.2   416   449     3    38     1    48 0.84 -
KV784383_1:391469-392470   -            334 388820at2759         -            609   2.2e-07   24.9   1.1   2   3   0.00015    0.0011   12.8   0.0   437   488   211   266   202   279 0.74 -
KV784383_1:391469-392470   -            334 388820at2759         -            609   2.2e-07   24.9   1.1   3   3       0.1      0.76    3.3   0.0   193   222   285   316   272   329 0.60 -
KV784363_1:204235-263870   -            203 388820at2759         -            609   2.3e-07   24.9   0.1   1   1   1.8e-07   1.3e-06   22.4   0.1   326   454    13   167     4   171 0.76 -
KV784359_1:1512118-1512537 -            140 388820at2759         -            609   4.7e-07   23.9   0.0   1   1   6.4e-08   4.7e-07   23.8   0.0   155   248    30   135     1   140 0.73 -
KV784354_1:989208-990077   -            290 388820at2759         -            609   4.8e-07   23.8   0.2   1   4   0.00034    0.0025   11.6   0.0   196   266    75   145    67   149 0.82 -
KV784354_1:989208-990077   -            290 388820at2759         -            609   4.8e-07   23.8   0.2   2   4    0.0007    0.0051   10.5   0.1   418   454   117   154   113   187 0.77 -
KV784354_1:989208-990077   -            290 388820at2759         -            609   4.8e-07   23.8   0.2   3   4      0.17       1.3    2.6   0.0   426   454   168   196   143   209 0.74 -
KV784354_1:989208-990077   -            290 388820at2759         -            609   4.8e-07   23.8   0.2   4   4     0.017      0.13    5.9   0.0   415   445   216   247   159   251 0.66 -
KV784462_1:52050-52586     -            179 388820at2759         -            609   5.2e-07   23.7   0.1   1   2   0.00026    0.0019   11.9   0.0   418   454     6    43     2    77 0.73 -
KV784462_1:52050-52586     -            179 388820at2759         -            609   5.2e-07   23.7   0.1   2   2    0.0028     0.021    8.5   0.0   356   446    52   137    46   142 0.65 -
KV784353_1:2527309-2528133 -            275 388820at2759         -            609   5.4e-07   23.6   0.9   1   3      0.13      0.97    3.0   0.0   426   446     6    26     2    38 0.83 -
KV784353_1:2527309-2528133 -            275 388820at2759         -            609   5.4e-07   23.6   0.9   2   3   6.3e-05   0.00047   13.9   0.1   135   264    68   210    67   229 0.62 -
KV784353_1:2527309-2528133 -            275 388820at2759         -            609   5.4e-07   23.6   0.9   3   3      0.85       6.3    0.3   0.0   430   448   246   264   217   269 0.61 -
KV784361_1:1771299-1820971 -            240 388820at2759         -            609   5.5e-07   23.6   0.1   1   1   3.9e-07   2.9e-06   21.2   0.1   326   454    50   204    45   208 0.77 -
KV784414_1:252744-253163   -            140 388820at2759         -            609   5.6e-07   23.6   0.0   1   1   7.7e-08   5.7e-07   23.6   0.0   155   248    30   135     1   140 0.73 -
KV784357_1:1174493-1175113 -            207 388820at2759         -            609   7.7e-07   23.1   0.5   1   3    0.0063     0.046    7.3   0.3   426   444     3    21     2    33 0.86 -
KV784357_1:1174493-1175113 -            207 388820at2759         -            609   7.7e-07   23.1   0.5   2   3   0.00019    0.0014   12.4   0.0   121   165    39    83    24   101 0.84 -
KV784357_1:1174493-1175113 -            207 388820at2759         -            609   7.7e-07   23.1   0.5   3   3       1.2       8.8   -0.2   0.0   363   386   152   175   143   180 0.78 -
KV784357_1:314060-314797   -            246 388820at2759         -            609   8.4e-07   23.0   0.1   1   2      0.16       1.2    2.7   0.0   212   254    23    61     3    86 0.71 -
KV784357_1:314060-314797   -            246 388820at2759         -            609   8.4e-07   23.0   0.1   2   2   2.9e-06   2.2e-05   18.4   0.0   326   388   103   167    88   178 0.85 -
KV784354_1:1188503-1189393 -            297 388820at2759         -            609   9.3e-07   22.9   0.1   1   2    0.0028      0.02    8.5   0.0   343   378    81   116     4   132 0.56 -
KV784354_1:1188503-1189393 -            297 388820at2759         -            609   9.3e-07   22.9   0.1   2   2   0.00043    0.0032   11.2   0.0   131   193   153   216   148   297 0.67 -
KV784359_1:1348714-1349076 -            121 388820at2759         -            609   1.1e-06   22.6   1.0   1   2   0.00031    0.0023   11.7   0.0   102   167     8    76     1    87 0.59 -
KV784359_1:1348714-1349076 -            121 388820at2759         -            609   1.1e-06   22.6   1.0   2   2   0.00094    0.0069   10.1   0.2   425   453    91   119    82   121 0.78 -
KV784407_1:84124-85275     -            384 388820at2759         -            609   1.4e-06   22.3   5.4   1   3   0.00043    0.0032   11.2   0.7   323   444    17   135    11   149 0.60 -
KV784407_1:84124-85275     -            384 388820at2759         -            609   1.4e-06   22.3   5.4   2   3       8.2        61   -2.9   0.0    82   107   224   249   219   264 0.54 -
KV784407_1:84124-85275     -            384 388820at2759         -            609   1.4e-06   22.3   5.4   3   3   0.00024    0.0018   12.0   0.0   159   215   316   380   302   384 0.62 -
KV784361_1:2300278-2300727 -            150 388820at2759         -            609   2.5e-06   21.4   0.2   1   2    0.0003    0.0022   11.7   0.0   349   394     2    47     1    54 0.90 -
KV784361_1:2300278-2300727 -            150 388820at2759         -            609   2.5e-06   21.4   0.2   2   2      0.63       4.6    0.8   0.0   426   443    56    73    48    83 0.79 -
KV784363_1:789116-789565   -            150 388820at2759         -            609   2.5e-06   21.4   0.2   1   2    0.0003    0.0022   11.7   0.0   349   394     2    47     1    54 0.90 -
KV784363_1:789116-789565   -            150 388820at2759         -            609   2.5e-06   21.4   0.2   2   2      0.63       4.6    0.8   0.0   426   443    56    73    48    83 0.79 -
KV784354_1:1350732-1350920 -             63 388820at2759         -            609   2.6e-06   21.4   0.1   1   1   4.1e-07     3e-06   21.2   0.1   211   264    10    62     1    63 0.79 -
KV784361_1:1437637-1438065 -            143 388820at2759         -            609   3.1e-06   21.2   0.1   1   3    0.0018     0.013    9.2   0.1   233   380    33    65     1    66 0.49 -
KV784361_1:1437637-1438065 -            143 388820at2759         -            609   3.1e-06   21.2   0.1   2   3    0.0015     0.011    9.4   0.0   347   382    34    67    27    78 0.83 -
KV784361_1:1437637-1438065 -            143 388820at2759         -            609   3.1e-06   21.2   0.1   3   3      0.01     0.074    6.7   0.0   353   447   109   140   103   143 0.49 -
KV784427_1:139702-140415   -            238 388820at2759         -            609   3.7e-06   20.9   0.2   1   3      0.16       1.2    2.7   0.0   364   380     3    19     1    31 0.54 -
KV784427_1:139702-140415   -            238 388820at2759         -            609   3.7e-06   20.9   0.2   2   3    0.0034     0.025    8.2   0.0   347   382    37    70    29    81 0.83 -
KV784427_1:139702-140415   -            238 388820at2759         -            609   3.7e-06   20.9   0.2   3   3     0.013     0.093    6.4   0.0   422   450   118   146   107   160 0.66 -
KV784403_1:6959-7462       -            168 388820at2759         -            609   7.4e-06   19.9   0.0   1   1   1.3e-06   9.6e-06   19.5   0.0   326   388    40   104    27   117 0.85 -
KV784356_1:1261586-1262194 -            203 388820at2759         -            609   8.4e-06   19.7   0.0   1   2   0.00059    0.0044   10.7   0.0   208   247    36    73    28    76 0.90 -
KV784356_1:1261586-1262194 -            203 388820at2759         -            609   8.4e-06   19.7   0.0   2   2    0.0034     0.025    8.2   0.0   353   393    72   114    70   149 0.74 -
KV784355_1:2661717-2663666 -            650 388820at2759         -            609   8.7e-06   19.7   1.7   1   3   7.7e-05   0.00057   13.7   0.0   142   237   135   238   113   251 0.59 -
KV784355_1:2661717-2663666 -            650 388820at2759         -            609   8.7e-06   19.7   1.7   2   3      0.51       3.8    1.0   0.1   354   393   259   298   248   309 0.65 -
KV784355_1:2661717-2663666 -            650 388820at2759         -            609   8.7e-06   19.7   1.7   3   3       0.7       5.2    0.6   0.1   429   471   353   394   336   413 0.82 -
KV784363_1:885805-955240   -            254 388820at2759         -            609   1.2e-05   19.2   2.2   1   3      0.21       1.6    2.3   0.1   230   267    49    88    14    95 0.63 -
KV784363_1:885805-955240   -            254 388820at2759         -            609   1.2e-05   19.2   2.2   2   3    0.0085     0.063    6.9   0.1   347   387    98   139    90   145 0.80 -
KV784363_1:885805-955240   -            254 388820at2759         -            609   1.2e-05   19.2   2.2   3   3     0.035      0.25    4.9   0.2   417   447   204   236   133   242 0.73 -
KV784353_1:2443804-2444151 -            116 388820at2759         -            609   1.3e-05   19.1   0.1   1   2   0.00066    0.0049   10.6   0.1   385   452     5    79     1    84 0.45 -
KV784353_1:2443804-2444151 -            116 388820at2759         -            609   1.3e-05   19.1   0.1   2   2     0.011     0.084    6.5   0.0   192   224    82   115    79   116 0.76 -
KV784446_1:78715-79062     -            116 388820at2759         -            609   1.3e-05   19.1   0.1   1   2   0.00066    0.0049   10.6   0.1   385   452     5    79     1    84 0.45 -
KV784446_1:78715-79062     -            116 388820at2759         -            609   1.3e-05   19.1   0.1   2   2     0.011     0.084    6.5   0.0   192   224    82   115    79   116 0.76 -
KV784391_1:444875-445075   -             67 388820at2759         -            609   1.6e-05   18.8   0.0   1   1   2.2e-06   1.6e-05   18.8   0.0   158   188    27    57     6    64 0.75 -
KV784353_1:2953385-2953654 -             90 388820at2759         -            609     2e-05   18.5   0.0   1   2   1.2e-05   8.8e-05   16.3   0.0   418   454     5    42     2    46 0.87 -
KV784353_1:2953385-2953654 -             90 388820at2759         -            609     2e-05   18.5   0.0   2   2         1       7.5    0.1   0.0   364   378    74    88    64    90 0.54 -
KV784383_1:19434-27746     -            206 388820at2759         -            609   2.1e-05   18.4   0.1   1   1   4.4e-06   3.3e-05   17.8   0.1   313   383   115   189    90   200 0.81 -
KV784451_1:17355-17846     -            164 388820at2759         -            609   2.3e-05   18.3   0.7   1   2   0.00019    0.0014   12.3   0.1   329   392     8    72     2    90 0.66 -
KV784451_1:17355-17846     -            164 388820at2759         -            609   2.3e-05   18.3   0.7   2   2     0.037      0.28    4.8   0.1   134   194   101   161    80   163 0.75 -
KV784391_1:445335-445745   -            137 388820at2759         -            609   3.6e-05   17.6   0.7   1   3       2.5        18   -1.2   0.0   426   444     3    21     2    30 0.71 -
KV784391_1:445335-445745   -            137 388820at2759         -            609   3.6e-05   17.6   0.7   2   3      0.55       4.1    0.9   0.0   426   447    55    76    48    85 0.84 -
KV784391_1:445335-445745   -            137 388820at2759         -            609   3.6e-05   17.6   0.7   3   3   3.1e-05   0.00023   15.0   0.2   403   454    69   125    62   136 0.62 -
KV784361_1:2391284-2392006 -            241 388820at2759         -            609   4.1e-05   17.4   2.8   1   4      0.73       5.4    0.5   0.0   249   268    23    42     5    55 0.60 -
KV784361_1:2391284-2392006 -            241 388820at2759         -            609   4.1e-05   17.4   2.8   2   4      0.32       2.4    1.7   0.0   232   268    58    96    49   104 0.71 -
KV784361_1:2391284-2392006 -            241 388820at2759         -            609   4.1e-05   17.4   2.8   3   4    0.0082     0.061    7.0   0.1   347   387   105   146    98   152 0.80 -
KV784361_1:2391284-2392006 -            241 388820at2759         -            609   4.1e-05   17.4   2.8   4   4      0.28       2.1    1.9   0.1   195   443   212   239   204   241 0.51 -
KV784362_1:330522-331043   -            174 388820at2759         -            609   4.1e-05   17.4   0.1   1   2   0.00056    0.0041   10.8   0.0   209   247     8    44     2    48 0.90 -
KV784362_1:330522-331043   -            174 388820at2759         -            609   4.1e-05   17.4   0.1   2   2     0.051      0.38    4.3   0.0   428   450    53    75    46    98 0.67 -
KV784373_1:574442-574759   -            106 388820at2759         -            609   4.1e-05   17.4   0.2   1   2      0.16       1.2    2.7   0.0   429   444     2    17     1    22 0.86 -
KV784373_1:574442-574759   -            106 388820at2759         -            609   4.1e-05   17.4   0.2   2   2   0.00011   0.00082   13.1   0.1   350   392    41    85    31   105 0.74 -
KV784431_1:46029-46346     -            106 388820at2759         -            609   4.1e-05   17.4   0.2   1   2      0.16       1.2    2.7   0.0   429   444     2    17     1    22 0.86 -
KV784431_1:46029-46346     -            106 388820at2759         -            609   4.1e-05   17.4   0.2   2   2   0.00011   0.00082   13.1   0.1   350   392    41    85    31   105 0.74 -
KV784361_1:2468860-2469552 -            231 388820at2759         -            609   4.2e-05   17.4   4.0   1   2   5.5e-05   0.00041   14.1   1.8   205   267    15    94     3   108 0.59 -
KV784361_1:2468860-2469552 -            231 388820at2759         -            609   4.2e-05   17.4   4.0   2   2         2        15   -0.9   0.0   352   388   153   193   141   199 0.67 -
KV784363_1:1025018-1025710 -            231 388820at2759         -            609   4.2e-05   17.4   4.0   1   2   5.5e-05   0.00041   14.1   1.8   205   267    15    94     3   108 0.59 -
KV784363_1:1025018-1025710 -            231 388820at2759         -            609   4.2e-05   17.4   4.0   2   2         2        15   -0.9   0.0   352   388   153   193   141   199 0.67 -
KV784394_1:349588-350232   -            215 388820at2759         -            609   5.1e-05   17.1   2.8   1   2     0.011     0.085    6.5   0.1   389   479     8   106     3   116 0.82 -
KV784394_1:349588-350232   -            215 388820at2759         -            609   5.1e-05   17.1   2.8   2   2   0.00045    0.0033   11.1   0.4   195   229   131   165   118   198 0.60 -
KV784361_1:1772041-1772307 -             89 388820at2759         -            609   6.3e-05   16.8   0.1   1   1   9.9e-06   7.3e-05   16.6   0.1   419   466    32    84    13    89 0.71 -
KV784363_1:204982-205173   -             64 388820at2759         -            609     7e-05   16.7   0.6   1   1   1.2e-05   8.6e-05   16.4   0.6   424   466    13    59     3    64 0.69 -
KV784367_1:812851-814656   -            538 388820at2759         -            609   7.2e-05   16.6   1.2   1   2     0.042      0.31    4.6   0.7   316   378   297   367   277   385 0.72 -
KV784367_1:812851-814656   -            538 388820at2759         -            609   7.2e-05   16.6   1.2   2   2    0.0017     0.013    9.2   0.0   120   180   440   503   393   526 0.63 -
KV784466_1:29788-30027     -             80 388820at2759         -            609   8.4e-05   16.4   0.1   1   2   7.2e-05   0.00053   13.8   0.0   425   454     3    32     1    36 0.90 -
KV784466_1:29788-30027     -             80 388820at2759         -            609   8.4e-05   16.4   0.1   2   2      0.59       4.3    0.8   0.0   207   221    64    78    53    80 0.56 -
KV784353_1:2311483-2311857 -            125 388820at2759         -            609   9.1e-05   16.3   0.1   1   1   1.3e-05   9.4e-05   16.2   0.1   211   278    51   116    11   121 0.73 -
KV784357_1:1909370-1909924 -            185 388820at2759         -            609   0.00012   15.9   0.1   1   2     0.016      0.12    6.0   0.0   349   386     4    42     2    58 0.75 -
KV784357_1:1909370-1909924 -            185 388820at2759         -            609   0.00012   15.9   0.1   2   2    0.0038     0.028    8.1   0.0   132   188   120   182    98   184 0.75 -
KV784353_1:4353072-4353860 -            263 388820at2759         -            609   0.00012   15.9   0.1   1   2    0.0018     0.013    9.1   0.0   412   448    16    53     1    88 0.62 -
KV784353_1:4353072-4353860 -            263 388820at2759         -            609   0.00012   15.9   0.1   2   2     0.034      0.25    4.9   0.0   156   188   224   256   199   261 0.86 -
KV784358_1:353468-355335   -            560 388820at2759         -            609   0.00012   15.9   1.9   1   3       1.7        13   -0.7   0.0   351   382   256   287   246   294 0.62 -
KV784358_1:353468-355335   -            560 388820at2759         -            609   0.00012   15.9   1.9   2   3     0.044      0.32    4.6   0.6   316   378   297   367   282   385 0.71 -
KV784358_1:353468-355335   -            560 388820at2759         -            609   0.00012   15.9   1.9   3   3     0.002     0.014    9.0   0.0   312   366   442   498   397   528 0.65 -
KV784361_1:2343804-2344274 -            157 388820at2759         -            609   0.00012   15.9   0.0   1   2     0.018      0.14    5.8   0.0   363   381    68    86    41    99 0.62 -
KV784361_1:2343804-2344274 -            157 388820at2759         -            609   0.00012   15.9   0.0   2   2     0.003     0.022    8.4   0.0   229   264   118   155   112   157 0.80 -
KV784374_1:541896-542414   -            173 388820at2759         -            609   0.00012   15.9   0.9   1   1   2.8e-05   0.00021   15.1   0.9   323   445     2   121     1   135 0.64 -
KV784362_1:1308295-1308918 -            208 388820at2759         -            609   0.00012   15.8   0.0   1   1     0.023      0.17    5.5   0.0   117   159   130   172   122   198 0.77 -
KV784363_1:838519-838986   -            156 388820at2759         -            609   0.00014   15.7   0.0   1   2     0.023      0.17    5.5   0.0   363   380    68    85    47    99 0.62 -
KV784363_1:838519-838986   -            156 388820at2759         -            609   0.00014   15.7   0.0   2   2    0.0028     0.021    8.5   0.0   229   264   117   154   110   156 0.80 -
KV784393_1:134795-135349   -            185 388820at2759         -            609   0.00016   15.5   0.1   1   2     0.015      0.11    6.1   0.0   349   386     4    42     2    59 0.74 -
KV784393_1:134795-135349   -            185 388820at2759         -            609   0.00016   15.5   0.1   2   2    0.0051     0.037    7.7   0.0   132   188   120   182    98   184 0.74 -
KV784354_1:906128-906571   -            148 388820at2759         -            609   0.00017   15.4   0.0   1   2    0.0011    0.0081    9.9   0.0   160   189     5    34     1    42 0.89 -
KV784354_1:906128-906571   -            148 388820at2759         -            609   0.00017   15.4   0.0   2   2      0.21       1.5    2.3   0.0   348   375   120   147   114   148 0.90 -
KV784359_1:1681058-1681669 -            204 388820at2759         -            609   0.00017   15.4   0.4   1   3       4.1        30   -2.0   0.0   134   152    14    32    13    43 0.81 -
KV784359_1:1681058-1681669 -            204 388820at2759         -            609   0.00017   15.4   0.4   2   3      0.49       3.6    1.1   0.0   351   379    68    97    63   111 0.71 -
KV784359_1:1681058-1681669 -            204 388820at2759         -            609   0.00017   15.4   0.4   3   3   0.00044    0.0032   11.2   0.1   425   453   122   152   100   157 0.79 -
KV784355_1:3348047-3348961 -            305 388820at2759         -            609   0.00021   15.1   0.0   1   2    0.0047     0.035    7.8   0.0   426   455     9    38     2    51 0.83 -
KV784355_1:3348047-3348961 -            305 388820at2759         -            609   0.00021   15.1   0.0   2   2     0.026      0.19    5.3   0.0   312   376   238   304   176   305 0.76 -
KV784363_1:1528330-1529244 -            305 388820at2759         -            609   0.00027   14.7   0.0   1   2    0.0047     0.035    7.8   0.0   426   455     9    38     2    51 0.83 -
KV784363_1:1528330-1529244 -            305 388820at2759         -            609   0.00027   14.7   0.0   2   2     0.034      0.25    4.9   0.0   312   376   238   304   176   305 0.74 -
KV784356_1:2261905-2262399 -            165 388820at2759         -            609    0.0003   14.6   0.0   1   2   0.00065    0.0048   10.6   0.0   200   266    28    95    15   123 0.73 -
KV784356_1:2261905-2262399 -            165 388820at2759         -            609    0.0003   14.6   0.0   2   2      0.19       1.4    2.4   0.0   115   151   128   164    93   165 0.74 -
KV784362_1:79491-80414     -            308 388820at2759         -            609    0.0004   14.2   0.2   1   3       1.1       7.8   -0.0   0.0   427   450    30    53    18    71 0.76 -
KV784362_1:79491-80414     -            308 388820at2759         -            609    0.0004   14.2   0.2   2   3     0.011     0.082    6.5   0.0   414   446    96   130    86   136 0.71 -
KV784362_1:79491-80414     -            308 388820at2759         -            609    0.0004   14.2   0.2   3   3     0.084      0.62    3.6   0.0   427   454   249   276   246   283 0.82 -
KV784354_1:619562-620134   -            191 388820at2759         -            609   0.00045   14.0   0.0   1   2      0.96       7.1    0.1   0.0   175   341    16    31     3    73 0.62 -
KV784354_1:619562-620134   -            191 388820at2759         -            609   0.00045   14.0   0.0   2   2   0.00033    0.0024   11.6   0.0   325   380   105   166   100   182 0.80 -
KV784404_1:77424-78038     -            205 388820at2759         -            609   0.00053   13.8   1.8   1   3       8.6        64   -3.0   0.0   134   151    14    31    13    36 0.61 -
KV784404_1:77424-78038     -            205 388820at2759         -            609   0.00053   13.8   1.8   2   3      0.52       3.9    1.0   0.0   351   379    68    97    63   108 0.71 -
KV784404_1:77424-78038     -            205 388820at2759         -            609   0.00053   13.8   1.8   3   3   0.00052    0.0039   10.9   0.1   429   453   128   152   111   157 0.77 -
KV784356_1:2132983-2149057 -            142 388820at2759         -            609   0.00064   13.5   0.0   1   2      0.07      0.51    3.9   0.0   348   386    18    57     2    65 0.81 -
KV784356_1:2132983-2149057 -            142 388820at2759         -            609   0.00064   13.5   0.0   2   2    0.0061     0.045    7.4   0.0   328   379    87   139    81   141 0.79 -
KV784464_1:35882-36526     -            215 388820at2759         -            609   0.00079   13.2   0.0   1   2     0.017      0.13    5.9   0.0   161   484     6    33     1    57 0.59 -
KV784464_1:35882-36526     -            215 388820at2759         -            609   0.00079   13.2   0.0   2   2     0.048      0.35    4.4   0.0   193   265    56    87    44   101 0.55 -
KV784358_1:1868711-1869106 -            132 388820at2759         -            609   0.00082   13.1   0.5   1   1    0.0016     0.012    9.3   0.5   349   385    10    47     5   132 0.54 -
KV784376_1:557101-558321   -            407 388820at2759         -            609    0.0011   12.8   1.8   1   3      0.44       3.3    1.2   0.1   431   448    94   111    39   121 0.68 -
KV784376_1:557101-558321   -            407 388820at2759         -            609    0.0011   12.8   1.8   2   3      0.21       1.6    2.3   0.2   254   270    96   112    76   241 0.66 -
KV784376_1:557101-558321   -            407 388820at2759         -            609    0.0011   12.8   1.8   3   3     0.002     0.015    9.0   0.1   419   476   263   325   249   348 0.70 -
KV784422_1:111096-111428   -            111 388820at2759         -            609    0.0012   12.5   0.1   1   2      0.69       5.1    0.6   0.0   430   444    37    51    15    55 0.80 -
KV784422_1:111096-111428   -            111 388820at2759         -            609    0.0012   12.5   0.1   2   2   0.00098    0.0072   10.0   0.1   412   445    75   110    70   111 0.84 -
KV784364_1:1090394-1090876 -            161 388820at2759         -            609    0.0015   12.3   0.0   1   1   0.00021    0.0016   12.2   0.0   417   455    44    83    13   115 0.90 -
KV784354_1:1048383-1049123 -            247 388820at2759         -            609    0.0016   12.2   0.0   1   1   0.00064    0.0047   10.6   0.0   312   382   172   243   156   246 0.87 -
KV784353_1:1735040-1735969 -            310 388820at2759         -            609    0.0037   11.0   0.4   1   2    0.0025     0.019    8.7   0.3   205   266    96   157    75   165 0.64 -
KV784353_1:1735040-1735969 -            310 388820at2759         -            609    0.0037   11.0   0.4   2   2       8.1        60   -2.9   0.0   191   219   262   290   259   294 0.86 -
KV784383_1:392324-392470   -             49 388820at2759         -            609    0.0039   10.9   0.3   1   1   0.00052    0.0038   10.9   0.3   415   449     2    38     1    46 0.84 -
KV784353_1:58902-59441     -            180 388820at2759         -            609    0.0039   10.9   0.0   1   3       0.7       5.1    0.6   0.0   458   481     4    26     1    34 0.53 -
KV784353_1:58902-59441     -            180 388820at2759         -            609    0.0039   10.9   0.0   2   3       2.9        22   -1.5   0.0   353   385    66   100    60   112 0.67 -
KV784353_1:58902-59441     -            180 388820at2759         -            609    0.0039   10.9   0.0   3   3     0.008     0.059    7.0   0.0   349   380   124   155   119   169 0.91 -
KV784353_1:290129-291343   -            405 388820at2759         -            609    0.0046   10.7   3.6   1   2      0.56       4.1    0.9   0.1   431   448    94   111    42   118 0.69 -
KV784353_1:290129-291343   -            405 388820at2759         -            609    0.0046   10.7   3.6   2   2     0.011      0.08    6.6   3.2   418   476   262   325    76   348 0.82 -
KV784376_1:795988-796638   -            217 388820at2759         -            609     0.005   10.6   0.0   1   3      0.58       4.3    0.9   0.0   420   442    11    34     4    42 0.53 -
KV784376_1:795988-796638   -            217 388820at2759         -            609     0.005   10.6   0.0   2   3       5.4        39   -2.3   0.0   353   384    74   107    69   117 0.65 -
KV784376_1:795988-796638   -            217 388820at2759         -            609     0.005   10.6   0.0   3   3      0.01     0.074    6.7   0.0   349   380   133   164   128   180 0.90 -
KV784464_1:37067-37243     -             59 388820at2759         -            609    0.0057   10.4   0.3   1   1   0.00079    0.0059   10.3   0.3   415   447    12    46     3    55 0.84 -
KV784356_1:716175-716453   -             93 388820at2759         -            609    0.0058   10.3   0.0   1   2      0.01     0.077    6.6   0.0   348   381     3    36     2    46 0.77 -
KV784356_1:716175-716453   -             93 388820at2759         -            609    0.0058   10.3   0.0   2   2      0.33       2.4    1.7   0.0   348   380    52    87    46    91 0.67 -
KV784420_1:36344-36622     -             93 388820at2759         -            609    0.0064   10.2   0.0   1   2     0.011     0.085    6.5   0.0   348   381     3    36     2    45 0.77 -
KV784420_1:36344-36622     -             93 388820at2759         -            609    0.0064   10.2   0.0   2   2      0.32       2.3    1.7   0.0   348   380    52    87    45    91 0.68 -
KV784372_1:347522-348280   -            253 388820at2759         -            609    0.0066   10.2   0.0   1   2     0.004      0.03    8.0   0.0   195   228    11    44     3    59 0.57 -
KV784372_1:347522-348280   -            253 388820at2759         -            609    0.0066   10.2   0.0   2   2       1.9        14   -0.8   0.0   162   189   222   249   208   251 0.78 -
#
# Program:         hmmsearch
# Version:         3.1b2 (February 2015)
# Pipeline mode:   SEARCH
# Query file:      /Users/aholzer/ownCloud/PhD/Publications/2021 Liavero-Pasquina et al./analysis/TPP_aptamer_search/busco_downloads/lineages/eukaryota_odb10/hmms/388820at2759.hmm
# Target file:     /Users/aholzer/ownCloud/PhD/Publications/2021 Liavero-Pasquina et al./analysis/TPP_aptamer_search/genomes/BUSCO_eukaryota_obd10/Fragilariopsis_cylindrus_Fracy1/run_eukaryota_odb10/metaeuk_output/rerun_results/GCA_001750085.1_Fracy1_genomic.fna.modified.fas
# Option settings: hmmsearch --domtblout /Users/aholzer/ownCloud/PhD/Publications/2021 Liavero-Pasquina et al./analysis/TPP_aptamer_search/genomes/BUSCO_eukaryota_obd10/Fragilariopsis_cylindrus_Fracy1/run_eukaryota_odb10/hmmer_output/rerun_results/388820at2759.out --cpu 1 /Users/aholzer/ownCloud/PhD/Publications/2021 Liavero-Pasquina et al./analysis/TPP_aptamer_search/busco_downloads/lineages/eukaryota_odb10/hmms/388820at2759.hmm /Users/aholzer/ownCloud/PhD/Publications/2021 Liavero-Pasquina et al./analysis/TPP_aptamer_search/genomes/BUSCO_eukaryota_obd10/Fragilariopsis_cylindrus_Fracy1/run_eukaryota_odb10/metaeuk_output/rerun_results/GCA_001750085.1_Fracy1_genomic.fna.modified.fas 
# Current dir:     /Users/aholzer/ownCloud/PhD/Publications/2021 Liavero-Pasquina et al./analysis/TPP_aptamer_search
# Date:            Sat Apr 17 21:57:33 2021
# [ok]
