#                                                                                  --- full sequence --- -------------- this domain -------------   hmm coord   ali coord   env coord
# target name              accession   tlen query name           accession   qlen   E-value  score  bias   #  of  c-Evalue  i-Evalue  score  bias  from    to  from    to  from    to  acc description of target
#      ------------------- ---------- ----- -------------------- ---------- ----- --------- ------ ----- --- --- --------- --------- ------ ----- ----- ----- ----- ----- ----- ----- ---- ---------------------
KV784355_1:2661717-2663666 -            650 621827at2759         -            349   8.2e-46  152.1   0.8   1   5         1       7.3    1.0   0.0    21    41    91   111    84   126 0.79 -
KV784355_1:2661717-2663666 -            650 621827at2759         -            349   8.2e-46  152.1   0.8   2   5   2.4e-14   1.7e-13   45.8   0.0    45   128   152   248   144   250 0.81 -
KV784355_1:2661717-2663666 -            650 621827at2759         -            349   8.2e-46  152.1   0.8   3   5   4.4e-05   0.00032   15.4   0.0   128   148   267   287   261   301 0.85 -
KV784355_1:2661717-2663666 -            650 621827at2759         -            349   8.2e-46  152.1   0.8   4   5   3.1e-10   2.2e-09   32.3   0.1   145   263   324   476   323   484 0.76 -
KV784355_1:2661717-2663666 -            650 621827at2759         -            349   8.2e-46  152.1   0.8   5   5   1.5e-15   1.1e-14   49.8   0.0   253   329   510   598   502   615 0.83 -
KV784363_1:24027-25004     -            326 621827at2759         -            349   1.3e-31  105.5   5.8   1   3   1.7e-07   1.2e-06   23.3   0.0    89   129    10    51     5    54 0.87 -
KV784363_1:24027-25004     -            326 621827at2759         -            349   1.3e-31  105.5   5.8   2   3   6.9e-16   4.9e-15   50.9   0.4    91   146    57   115    52   123 0.89 -
KV784363_1:24027-25004     -            326 621827at2759         -            349   1.3e-31  105.5   5.8   3   3   3.8e-10   2.7e-09   32.0   0.2    74   147   156   240   147   250 0.79 -
KV784361_1:1584561-1596931 -            570 621827at2759         -            349   1.8e-31  105.0   5.7   1   3   4.3e-08   3.1e-07   25.3   0.0    76   129   272   332   266   334 0.80 -
KV784361_1:1584561-1596931 -            570 621827at2759         -            349   1.8e-31  105.0   5.7   2   3   1.4e-15     1e-14   49.9   0.4    91   146   338   396   333   405 0.88 -
KV784361_1:1584561-1596931 -            570 621827at2759         -            349   1.8e-31  105.0   5.7   3   3   9.4e-10   6.7e-09   30.7   0.2    75   147   438   521   429   532 0.79 -
KV784363_1:787988-788785   -            266 621827at2759         -            349   1.2e-26   89.1   0.1   1   3   1.7e-05   0.00012   16.8   0.0    78   135     7    75     3    78 0.79 -
KV784363_1:787988-788785   -            266 621827at2759         -            349   1.2e-26   89.1   0.1   2   3   1.4e-08   9.8e-08   26.9   0.0    92   144   126   182   107   186 0.88 -
KV784363_1:787988-788785   -            266 621827at2759         -            349   1.2e-26   89.1   0.1   3   3   3.1e-13   2.2e-12   42.2   0.0    73   143   186   266   183   266 0.86 -
KV784361_1:2299155-2299931 -            259 621827at2759         -            349   3.4e-26   87.6   0.1   1   3     5e-05   0.00036   15.2   0.0    90   135    17    68     1    71 0.75 -
KV784361_1:2299155-2299931 -            259 621827at2759         -            349   3.4e-26   87.6   0.1   2   3   1.3e-08   9.4e-08   27.0   0.0    92   144   119   175   100   179 0.88 -
KV784361_1:2299155-2299931 -            259 621827at2759         -            349   3.4e-26   87.6   0.1   3   3   2.7e-13   1.9e-12   42.4   0.0    73   143   179   259   176   259 0.86 -
KV784380_1:390182-391021   -            280 621827at2759         -            349   1.9e-25   85.1  10.2   1   4   3.3e-05   0.00024   15.8   0.0    90   138    15    66     6    70 0.79 -
KV784380_1:390182-391021   -            280 621827at2759         -            349   1.9e-25   85.1  10.2   2   4   1.9e-10   1.4e-09   33.0   1.2    88   147    76   139    68   146 0.89 -
KV784380_1:390182-391021   -            280 621827at2759         -            349   1.9e-25   85.1  10.2   3   4   2.3e-12   1.6e-11   39.3   0.1    82   149   178   246   174   253 0.84 -
KV784380_1:390182-391021   -            280 621827at2759         -            349   1.9e-25   85.1  10.2   4   4   1.4e-06   9.8e-06   20.3   0.0    90   138   226   278   224   280 0.84 -
KV784353_1:1575780-1576349 -            190 621827at2759         -            349   5.1e-24   80.5   1.6   1   2   3.6e-06   2.5e-05   19.0   0.0   114   146     9    43     3    51 0.82 -
KV784353_1:1575780-1576349 -            190 621827at2759         -            349   5.1e-24   80.5   1.6   2   2   1.3e-18   9.4e-18   59.9   0.5    79   193    57   190    50   190 0.76 -
KV784359_1:2229628-2230242 -            205 621827at2759         -            349   3.4e-23   77.8   0.9   1   2      0.34       2.4    2.6   0.0    92   107    23    38    13    60 0.71 -
KV784359_1:2229628-2230242 -            205 621827at2759         -            349   3.4e-23   77.8   0.9   2   2   1.3e-22   9.6e-22   73.0   0.3    89   186    78   184    53   187 0.82 -
KV784378_1:213516-214136   -            207 621827at2759         -            349   3.3e-22   74.5   4.6   1   2     6e-11   4.3e-10   34.7   0.4    89   148     6    69     2    91 0.90 -
KV784378_1:213516-214136   -            207 621827at2759         -            349   3.3e-22   74.5   4.6   2   2   9.1e-13   6.6e-12   40.6   0.3    82   149   107   175   103   204 0.81 -
KV784358_1:1390103-1391250 -            316 621827at2759         -            349   1.7e-21   72.2   4.1   1   5   0.00015     0.001   13.7   0.0   123   147     7    31     4    42 0.88 -
KV784358_1:1390103-1391250 -            316 621827at2759         -            349   1.7e-21   72.2   4.1   2   5      0.61       4.4    1.7   0.0   128   146    62    80    54    91 0.72 -
KV784358_1:1390103-1391250 -            316 621827at2759         -            349   1.7e-21   72.2   4.1   3   5   0.00055    0.0039   11.8   0.1   107   147   104   146    99   153 0.82 -
KV784358_1:1390103-1391250 -            316 621827at2759         -            349   1.7e-21   72.2   4.1   4   5   6.8e-05   0.00049   14.7   0.0    46   118   159   239   156   251 0.75 -
KV784358_1:1390103-1391250 -            316 621827at2759         -            349   1.7e-21   72.2   4.1   5   5     1e-08   7.4e-08   27.3   0.2    81   143   252   315   242   316 0.87 -
KV784353_1:3194537-3195920 -            384 621827at2759         -            349   2.2e-19   65.2   0.9   1   3       1.7        12    0.3   0.0    44    72    87   115    68   172 0.75 -
KV784353_1:3194537-3195920 -            384 621827at2759         -            349   2.2e-19   65.2   0.9   2   3   1.8e-10   1.3e-09   33.1   0.3    89   147   184   244   124   249 0.79 -
KV784353_1:3194537-3195920 -            384 621827at2759         -            349   2.2e-19   65.2   0.9   3   3   4.5e-08   3.3e-07   25.2   0.1    44   143   255   371   249   378 0.70 -
KV784365_1:367784-368794   -            337 621827at2759         -            349   3.5e-19   64.5   7.8   1   5    0.0053     0.038    8.5   0.1   114   173    18    84    12   110 0.61 -
KV784365_1:367784-368794   -            337 621827at2759         -            349   3.5e-19   64.5   7.8   2   5   1.3e-10   9.5e-10   33.5   0.2    92   149   129   188   102   193 0.81 -
KV784365_1:367784-368794   -            337 621827at2759         -            349   3.5e-19   64.5   7.8   3   5   6.7e-05   0.00048   14.8   0.0   108   151   195   242   192   249 0.83 -
KV784365_1:367784-368794   -            337 621827at2759         -            349   3.5e-19   64.5   7.8   4   5      0.26       1.9    3.0   0.0    49    73   266   290   250   297 0.83 -
KV784365_1:367784-368794   -            337 621827at2759         -            349   3.5e-19   64.5   7.8   5   5     0.035      0.25    5.8   0.0   115   143   306   336   295   337 0.88 -
KV784354_1:1211685-1212725 -            347 621827at2759         -            349   7.6e-19   63.4   5.1   1   4     0.063      0.45    5.0   0.0   109   144   104   142    93   145 0.73 -
KV784354_1:1211685-1212725 -            347 621827at2759         -            349   7.6e-19   63.4   5.1   2   4   3.2e-11   2.3e-10   35.6   0.5    43   142   168   279   164   280 0.77 -
KV784354_1:1211685-1212725 -            347 621827at2759         -            349   7.6e-19   63.4   5.1   3   4   1.3e-07     9e-07   23.7   1.4    78   146   249   325   244   327 0.76 -
KV784354_1:1211685-1212725 -            347 621827at2759         -            349   7.6e-19   63.4   5.1   4   4   1.1e-06     8e-06   20.6   0.2    74   123   286   344   281   347 0.84 -
KV784422_1:111349-151190   -            250 621827at2759         -            349   4.9e-18   60.8   0.1   1   2   1.6e-13   1.1e-12   43.2   0.0   112   185    32   113    16   114 0.77 -
KV784422_1:111349-151190   -            250 621827at2759         -            349   4.9e-18   60.8   0.1   2   2    0.0022     0.016    9.8   0.0    89   134   188   237   181   242 0.82 -
KV784369_1:168612-169361   -            250 621827at2759         -            349   2.6e-16   55.1   0.1   1   4    0.0013    0.0096   10.5   0.0    90   124    11    45     6    51 0.89 -
KV784369_1:168612-169361   -            250 621827at2759         -            349   2.6e-16   55.1   0.1   2   4       2.8        20   -0.4   0.0    91   106    81    96    79    99 0.75 -
KV784369_1:168612-169361   -            250 621827at2759         -            349   2.6e-16   55.1   0.1   3   4   1.5e-08   1.1e-07   26.8   0.2    90   144   140   197   115   199 0.86 -
KV784369_1:168612-169361   -            250 621827at2759         -            349   2.6e-16   55.1   0.1   4   4    0.0004    0.0029   12.2   0.0    72   112   200   246   197   249 0.84 -
KV784363_1:885805-955240   -            254 621827at2759         -            349   3.9e-16   54.6   1.7   1   3    0.0036     0.026    9.1   0.0    91   109    17    35    13    47 0.82 -
KV784363_1:885805-955240   -            254 621827at2759         -            349   3.9e-16   54.6   1.7   2   3   3.8e-13   2.7e-12   41.9   0.6    75   183    48   178    44   186 0.77 -
KV784363_1:885805-955240   -            254 621827at2759         -            349   3.9e-16   54.6   1.7   3   3       1.1         8    0.9   0.0    92   109   219   236   212   252 0.89 -
KV784358_1:1868711-1869106 -            132 621827at2759         -            349   9.9e-16   53.2   4.9   1   2     7e-06     5e-05   18.0   0.2   113   147     6    43     2    49 0.81 -
KV784358_1:1868711-1869106 -            132 621827at2759         -            349   9.9e-16   53.2   4.9   2   2   1.5e-13   1.1e-12   43.2   1.0    90   181    25   130    14   132 0.75 -
KV784356_1:920368-921189   -            274 621827at2759         -            349   1.3e-15   52.8   1.4   1   3    0.0043     0.031    8.8   0.0   123   147     9    33     6    37 0.89 -
KV784356_1:920368-921189   -            274 621827at2759         -            349   1.3e-15   52.8   1.4   2   3   6.3e-12   4.5e-11   37.9   0.3    85   182    84   191    66   202 0.76 -
KV784356_1:920368-921189   -            274 621827at2759         -            349   1.3e-15   52.8   1.4   3   3      0.41       2.9    2.3   0.0    92   111   252   271   239   273 0.83 -
KV784354_1:3013214-3014164 -            317 621827at2759         -            349   1.7e-15   52.4   0.0   1   3   4.2e-07     3e-06   22.0   0.0    89   182    22   123    12   133 0.76 -
KV784354_1:3013214-3014164 -            317 621827at2759         -            349   1.7e-15   52.4   0.0   2   3       1.2       8.9    0.7   0.0   140   182   191   232   154   239 0.80 -
KV784354_1:3013214-3014164 -            317 621827at2759         -            349   1.7e-15   52.4   0.0   3   3   3.4e-08   2.4e-07   25.6   0.0    90   143   261   316   256   317 0.87 -
KV784363_1:204235-263870   -            203 621827at2759         -            349   3.2e-15   51.5   0.1   1   3       1.4        10    0.5   0.0   134   145    14    25     4    35 0.85 -
KV784363_1:204235-263870   -            203 621827at2759         -            349   3.2e-15   51.5   0.1   2   3   3.8e-14   2.7e-13   45.2   0.0    85   184    54   160    40   165 0.86 -
KV784363_1:204235-263870   -            203 621827at2759         -            349   3.2e-15   51.5   0.1   3   3      0.51       3.7    2.0   0.0    48    71   180   203   173   203 0.85 -
KV784361_1:2391284-2392006 -            241 621827at2759         -            349     4e-15   51.2   3.9   1   3    0.0037     0.027    9.0   0.0    91   109    24    42    21    52 0.82 -
KV784361_1:2391284-2392006 -            241 621827at2759         -            349     4e-15   51.2   3.9   2   3   3.3e-13   2.4e-12   42.1   0.5    75   183    55   185    51   193 0.77 -
KV784361_1:2391284-2392006 -            241 621827at2759         -            349     4e-15   51.2   3.9   3   3       4.9        35   -1.2   0.0    92   106   226   240   221   241 0.84 -
KV784361_1:1771299-1820971 -            240 621827at2759         -            349   7.2e-15   50.4   0.1   1   3         2        14    0.1   0.0   134   145    51    62    42    70 0.86 -
KV784361_1:1771299-1820971 -            240 621827at2759         -            349   7.2e-15   50.4   0.1   2   3   5.9e-14   4.2e-13   44.6   0.0    85   184    91   197    78   202 0.86 -
KV784361_1:1771299-1820971 -            240 621827at2759         -            349   7.2e-15   50.4   0.1   3   3      0.64       4.6    1.7   0.0    48    71   217   240   210   240 0.85 -
KV784364_1:349848-350998   -            329 621827at2759         -            349   1.9e-14   49.0   8.2   1   6    0.0037     0.026    9.1   0.1   114   178    18    91    12   120 0.64 -
KV784364_1:349848-350998   -            329 621827at2759         -            349   1.9e-14   49.0   8.2   2   6    0.0034     0.024    9.2   0.0   112   147   109   146    86   154 0.80 -
KV784364_1:349848-350998   -            329 621827at2759         -            349   1.9e-14   49.0   8.2   3   6   3.2e-05   0.00023   15.8   0.3    92   149   130   180   111   185 0.80 -
KV784364_1:349848-350998   -            329 621827at2759         -            349   1.9e-14   49.0   8.2   4   6   1.5e-06   1.1e-05   20.2   0.4    96   151   166   234   163   242 0.76 -
KV784364_1:349848-350998   -            329 621827at2759         -            349   1.9e-14   49.0   8.2   5   6      0.23       1.6    3.2   0.0    48    73   257   282   239   290 0.82 -
KV784364_1:349848-350998   -            329 621827at2759         -            349   1.9e-14   49.0   8.2   6   6     0.037      0.27    5.7   0.0   115   143   298   328   291   329 0.88 -
KV784370_1:893349-894469   -            317 621827at2759         -            349   8.8e-14   46.8   0.0   1   3     1e-09   7.4e-09   30.6   0.0    79   173     4   111     2   116 0.64 -
KV784370_1:893349-894469   -            317 621827at2759         -            349   8.8e-14   46.8   0.0   2   3   0.00029    0.0021   12.7   0.0    91   186   166   268   153   284 0.74 -
KV784370_1:893349-894469   -            317 621827at2759         -            349   8.8e-14   46.8   0.0   3   3       9.8        71   -2.2   0.0   228   251   293   316   290   317 0.82 -
KV784377_1:330055-331196   -            317 621827at2759         -            349   8.8e-14   46.8   0.0   1   3     1e-09   7.4e-09   30.6   0.0    79   173     4   111     2   116 0.64 -
KV784377_1:330055-331196   -            317 621827at2759         -            349   8.8e-14   46.8   0.0   2   3   0.00029    0.0021   12.7   0.0    91   186   166   268   153   284 0.74 -
KV784377_1:330055-331196   -            317 621827at2759         -            349   8.8e-14   46.8   0.0   3   3       9.8        71   -2.2   0.0   228   251   293   316   290   317 0.82 -
KV784353_1:2443804-2444151 -            116 621827at2759         -            349   1.8e-13   45.8   0.6   1   1   6.3e-14   4.5e-13   44.5   0.6    65   145    21   113    14   115 0.82 -
KV784446_1:78715-79062     -            116 621827at2759         -            349   1.8e-13   45.8   0.6   1   1   6.3e-14   4.5e-13   44.5   0.6    65   145    21   113    14   115 0.82 -
KV784394_1:351201-351791   -            197 621827at2759         -            349   1.9e-13   45.7   0.0   1   2   1.9e-06   1.4e-05   19.9   0.0   185   247    24    92    18    97 0.86 -
KV784394_1:351201-351791   -            197 621827at2759         -            349   1.9e-13   45.7   0.0   2   2   3.7e-07   2.7e-06   22.2   0.0   104   183    99   188    92   192 0.43 -
KV784353_1:2527309-2528133 -            275 621827at2759         -            349   3.9e-13   44.7   0.7   1   4     0.039      0.28    5.7   0.0   132   146    11    25     4    32 0.60 -
KV784353_1:2527309-2528133 -            275 621827at2759         -            349   3.9e-13   44.7   0.7   2   4   1.5e-07   1.1e-06   23.5   0.1    48   144    56   168    45   175 0.82 -
KV784353_1:2527309-2528133 -            275 621827at2759         -            349   3.9e-13   44.7   0.7   3   4     0.023      0.16    6.5   0.0    93   145   156   211   134   224 0.78 -
KV784353_1:2527309-2528133 -            275 621827at2759         -            349   3.9e-13   44.7   0.7   4   4    0.0024     0.017    9.6   0.0   128   157   243   272   236   274 0.88 -
KV784359_1:1682581-1683450 -            290 621827at2759         -            349   8.1e-13   43.6   7.4   1   3    0.0014    0.0097   10.5   0.1   105   147    53   104    40   110 0.67 -
KV784359_1:1682581-1683450 -            290 621827at2759         -            349   8.1e-13   43.6   7.4   2   3   2.1e-06   1.5e-05   19.7   1.8    60   144   142   238   130   238 0.73 -
KV784359_1:1682581-1683450 -            290 621827at2759         -            349   8.1e-13   43.6   7.4   3   3   4.4e-10   3.2e-09   31.8   1.1    57   150   181   286   179   290 0.79 -
KV784358_1:1042064-1042810 -            249 621827at2759         -            349   3.7e-12   41.5   1.9   1   2   9.9e-07   7.1e-06   20.8   0.0    89   181    21    79     1    88 0.50 -
KV784358_1:1042064-1042810 -            249 621827at2759         -            349   3.7e-12   41.5   1.9   2   2   1.5e-05   0.00011   16.9   1.2    88   144   190   249   127   249 0.80 -
KV784354_1:989208-990077   -            290 621827at2759         -            349   1.2e-11   39.8   0.7   1   2   1.1e-08   8.1e-08   27.2   0.1    91   195    86   194    61   227 0.70 -
KV784354_1:989208-990077   -            290 621827at2759         -            349   1.2e-11   39.8   0.7   2   2   0.00091    0.0065   11.1   0.0   119   150   218   251   201   271 0.80 -
KV784359_1:1348714-1349076 -            121 621827at2759         -            349   1.4e-11   39.6   2.4   1   2     5e-09   3.6e-08   28.4   0.4    92   150     1    62     1    87 0.84 -
KV784359_1:1348714-1349076 -            121 621827at2759         -            349   1.4e-11   39.6   2.4   2   2   0.00053    0.0038   11.8   0.1   130   150    95   115    70   119 0.76 -
KV784354_1:1829112-1829858 -            249 621827at2759         -            349   7.1e-11   37.2   1.2   1   2   6.1e-08   4.4e-07   24.8   0.3    92   180    16   116     3   122 0.84 -
KV784354_1:1829112-1829858 -            249 621827at2759         -            349   7.1e-11   37.2   1.2   2   2    0.0012    0.0085   10.7   0.0    32    83   164   217   149   221 0.76 -
KV784398_1:113592-113894   -            101 621827at2759         -            349   8.8e-11   36.9   0.9   1   1   4.6e-11   3.3e-10   35.1   0.9    98   181     2    99     1   101 0.74 -
KV784404_1:79489-79782     -             98 621827at2759         -            349   1.2e-10   36.4   0.8   1   2     0.024      0.17    6.4   0.0    92   121     1    31     1    36 0.83 -
KV784404_1:79489-79782     -             98 621827at2759         -            349   1.2e-10   36.4   0.8   2   2   3.1e-09   2.2e-08   29.0   0.1    86   144    37    98    32    98 0.89 -
KV784353_1:1815420-1816211 -            264 621827at2759         -            349   2.5e-10   35.5   0.0   1   4   1.2e-05   8.9e-05   17.2   0.0    92   147     2    60     1    67 0.86 -
KV784353_1:1815420-1816211 -            264 621827at2759         -            349   2.5e-10   35.5   0.0   2   4      0.87       6.2    1.2   0.0    55   267    84   114    63   119 0.62 -
KV784353_1:1815420-1816211 -            264 621827at2759         -            349   2.5e-10   35.5   0.0   3   4     0.023      0.16    6.4   0.0   156   186   137   169   128   186 0.63 -
KV784353_1:1815420-1816211 -            264 621827at2759         -            349   2.5e-10   35.5   0.0   4   4     0.041      0.29    5.6   0.0   131   173   206   257   181   264 0.64 -
KV784462_1:52050-52586     -            179 621827at2759         -            349   2.7e-10   35.3   0.3   1   2   1.1e-06   7.9e-06   20.6   0.1    89   114    16    41     7    82 0.85 -
KV784462_1:52050-52586     -            179 621827at2759         -            349   2.7e-10   35.3   0.3   2   2   0.00035    0.0025   12.4   0.0   118   150   106   140    91   160 0.79 -
KV784356_1:1261586-1262194 -            203 621827at2759         -            349   2.8e-10   35.3   0.8   1   3   8.7e-07   6.3e-06   21.0   0.0    48   101    25    81    10    84 0.84 -
KV784356_1:1261586-1262194 -            203 621827at2759         -            349   2.8e-10   35.3   0.8   2   3   5.6e-05    0.0004   15.0   0.1   124   151    77   104    72   111 0.75 -
KV784356_1:1261586-1262194 -            203 621827at2759         -            349   2.8e-10   35.3   0.8   3   3       5.4        39   -1.4   0.0   115   141   170   202   146   203 0.43 -
KV784383_1:19434-27746     -            206 621827at2759         -            349   3.3e-10   35.1   0.1   1   3      0.15       1.1    3.8   0.0   120   153    30    63     1    73 0.81 -
KV784383_1:19434-27746     -            206 621827at2759         -            349   3.3e-10   35.1   0.1   2   3   7.5e-06   5.4e-05   17.9   0.0    91   146    83   141    64   145 0.76 -
KV784383_1:19434-27746     -            206 621827at2759         -            349   3.3e-10   35.1   0.1   3   3    0.0013    0.0096   10.5   0.0    90   149   169   189   151   204 0.67 -
KV784362_1:330522-331043   -            174 621827at2759         -            349   4.2e-10   34.7   0.6   1   3   2.9e-06   2.1e-05   19.3   0.0    54   100     2    51     1    54 0.86 -
KV784362_1:330522-331043   -            174 621827at2759         -            349   4.2e-10   34.7   0.6   2   3   3.3e-05   0.00024   15.8   0.1   124   151    48    75    43    82 0.76 -
KV784362_1:330522-331043   -            174 621827at2759         -            349   4.2e-10   34.7   0.6   3   3       4.1        30   -1.0   0.0   100   141   120   173   117   174 0.44 -
KV784391_1:445335-445745   -            137 621827at2759         -            349     6e-10   34.2   0.3   1   2       1.9        14    0.1   0.0   170   186    10    26     2    41 0.59 -
KV784391_1:445335-445745   -            137 621827at2759         -            349     6e-10   34.2   0.3   2   2   3.1e-10   2.2e-09   32.3   0.1    50   126    50   136    34   137 0.82 -
KV784407_1:84124-85275     -            384 621827at2759         -            349   6.1e-10   34.2   4.4   1   4   1.9e-07   1.4e-06   23.1   0.1    58   127    17    95    12   110 0.76 -
KV784407_1:84124-85275     -            384 621827at2759         -            349   6.1e-10   34.2   4.4   2   4       5.1        36   -1.3   0.0   129   147   173   191   160   194 0.73 -
KV784407_1:84124-85275     -            384 621827at2759         -            349   6.1e-10   34.2   4.4   3   4       4.6        33   -1.1   0.0   214   243   231   260   218   267 0.76 -
KV784407_1:84124-85275     -            384 621827at2759         -            349   6.1e-10   34.2   4.4   4   4    0.0038     0.027    9.0   0.0   112   145   309   344   302   379 0.70 -
KV784353_1:3073692-3074489 -            266 621827at2759         -            349     1e-09   33.4   2.0   1   2     0.019      0.13    6.7   0.1    89   107    61    79    43   106 0.70 -
KV784353_1:3073692-3074489 -            266 621827at2759         -            349     1e-09   33.4   2.0   2   2   2.1e-07   1.5e-06   23.0   0.4    46   147   135   257   131   262 0.74 -
KV784354_1:1350732-1350920 -             63 621827at2759         -            349   3.4e-09   31.7   0.1   1   1   5.3e-10   3.8e-09   31.5   0.1    88   145     3    63     2    63 0.87 -
KV784427_1:139702-140415   -            238 621827at2759         -            349   3.8e-09   31.6   0.1   1   3   1.4e-05   9.9e-05   17.0   0.0    92   146     4    68     1    71 0.82 -
KV784427_1:139702-140415   -            238 621827at2759         -            349   3.8e-09   31.6   0.1   2   3    0.0018     0.013   10.1   0.0    90   124   124   158   113   163 0.86 -
KV784427_1:139702-140415   -            238 621827at2759         -            349   3.8e-09   31.6   0.1   3   3       9.3        66   -2.1   0.0   116   143   207   235   176   237 0.69 -
KV784354_1:1188503-1189393 -            297 621827at2759         -            349   4.4e-09   31.3   2.3   1   3   1.6e-05   0.00012   16.8   0.3    98   147    66   119    40   145 0.81 -
KV784354_1:1188503-1189393 -            297 621827at2759         -            349   4.4e-09   31.3   2.3   2   3      0.62       4.5    1.7   0.1   128   147   153   172   131   176 0.82 -
KV784354_1:1188503-1189393 -            297 621827at2759         -            349   4.4e-09   31.3   2.3   3   3    0.0015     0.011   10.4   0.0    42   143   179   297   174   297 0.66 -
KV784426_1:48466-49083     -            206 621827at2759         -            349   5.9e-09   30.9   0.6   1   2   3.7e-08   2.7e-07   25.5   0.3    92   180    16   116     3   125 0.85 -
KV784426_1:48466-49083     -            206 621827at2759         -            349   5.9e-09   30.9   0.6   2   2      0.16       1.2    3.6   0.0    32    72   164   206   149   206 0.70 -
KV784361_1:2300278-2300727 -            150 621827at2759         -            349   1.3e-08   29.8   0.1   1   2   7.7e-07   5.6e-06   21.1   0.1    90   145    16    74     3    85 0.83 -
KV784361_1:2300278-2300727 -            150 621827at2759         -            349   1.3e-08   29.8   0.1   2   2     0.018      0.13    6.8   0.0   129   148   123   142    98   148 0.83 -
KV784363_1:789116-789565   -            150 621827at2759         -            349   1.3e-08   29.8   0.1   1   2   7.7e-07   5.6e-06   21.1   0.1    90   145    16    74     3    85 0.83 -
KV784363_1:789116-789565   -            150 621827at2759         -            349   1.3e-08   29.8   0.1   2   2     0.018      0.13    6.8   0.0   129   148   123   142    98   148 0.83 -
KV784361_1:1192026-1192961 -            312 621827at2759         -            349   1.7e-08   29.4   1.2   1   3      0.51       3.7    2.0   0.0   129   147     2    20     1    30 0.85 -
KV784361_1:1192026-1192961 -            312 621827at2759         -            349   1.7e-08   29.4   1.2   2   3   0.00028     0.002   12.7   0.4    84   148    48   124    43   131 0.76 -
KV784361_1:1192026-1192961 -            312 621827at2759         -            349   1.7e-08   29.4   1.2   3   3    0.0041      0.03    8.9   0.0   127   152   263   288   254   310 0.84 -
KV784355_1:3348047-3348961 -            305 621827at2759         -            349   4.7e-08   28.0   0.1   1   3    0.0006    0.0043   11.6   0.0    49    84     3    41     1    46 0.73 -
KV784355_1:3348047-3348961 -            305 621827at2759         -            349   4.7e-08   28.0   0.1   2   3     0.036      0.25    5.8   0.0   155   213   196   259   190   261 0.80 -
KV784355_1:3348047-3348961 -            305 621827at2759         -            349   4.7e-08   28.0   0.1   3   3     0.019      0.13    6.7   0.0   105   143   265   305   260   305 0.75 -
KV784361_1:1437637-1438065 -            143 621827at2759         -            349   5.7e-08   27.7   0.1   1   2   7.3e-06   5.3e-05   17.9   0.0    92   146     1    65     1    68 0.81 -
KV784361_1:1437637-1438065 -            143 621827at2759         -            349   5.7e-08   27.7   0.1   2   2     0.017      0.12    6.9   0.0    90   105   121   136   104   143 0.72 -
KV784374_1:541896-542414   -            173 621827at2759         -            349   6.2e-08   27.6   0.9   1   2   2.9e-08   2.1e-07   25.8   0.2    59   121     3    74     1    82 0.47 -
KV784374_1:541896-542414   -            173 621827at2759         -            349   6.2e-08   27.6   0.9   2   2       3.1        22   -0.6   0.0   129   144   104   119    84   133 0.79 -
KV784363_1:1528330-1529244 -            305 621827at2759         -            349   6.8e-08   27.4   0.2   1   3    0.0006    0.0043   11.6   0.0    49    84     3    41     1    46 0.73 -
KV784363_1:1528330-1529244 -            305 621827at2759         -            349   6.8e-08   27.4   0.2   2   3     0.036      0.25    5.8   0.0   155   213   196   259   190   261 0.80 -
KV784363_1:1528330-1529244 -            305 621827at2759         -            349   6.8e-08   27.4   0.2   3   3     0.026      0.19    6.2   0.1   105   143   265   305   260   305 0.69 -
KV784359_1:727054-732244   -           1670 621827at2759         -            349   6.9e-08   27.4   1.4   1   5       4.3        31   -1.0   0.0   231   266    26    61    22    65 0.88 -
KV784359_1:727054-732244   -           1670 621827at2759         -            349   6.9e-08   27.4   1.4   2   5    0.0039     0.028    9.0   0.1   126   150  1245  1269  1225  1331 0.79 -
KV784359_1:727054-732244   -           1670 621827at2759         -            349   6.9e-08   27.4   1.4   3   5      0.67       4.8    1.6   0.0    43    80  1393  1432  1367  1446 0.62 -
KV784359_1:727054-732244   -           1670 621827at2759         -            349   6.9e-08   27.4   1.4   4   5     0.033      0.24    5.9   0.0   126   146  1558  1578  1524  1596 0.77 -
KV784359_1:727054-732244   -           1670 621827at2759         -            349   6.9e-08   27.4   1.4   5   5      0.13      0.93    4.0   0.0   116   143  1642  1669  1634  1670 0.91 -
KV784401_1:199592-204163   -           1430 621827at2759         -            349   1.2e-07   26.6   2.4   1   4    0.0034     0.024    9.2   0.1   126   150  1005  1029   985  1091 0.79 -
KV784401_1:199592-204163   -           1430 621827at2759         -            349   1.2e-07   26.6   2.4   2   4      0.57       4.1    1.9   0.0    43    80  1153  1192  1127  1206 0.62 -
KV784401_1:199592-204163   -           1430 621827at2759         -            349   1.2e-07   26.6   2.4   3   4     0.026      0.19    6.3   0.0   126   145  1318  1337  1283  1356 0.74 -
KV784401_1:199592-204163   -           1430 621827at2759         -            349   1.2e-07   26.6   2.4   4   4      0.11      0.78    4.2   0.0   116   143  1402  1429  1394  1430 0.91 -
KV784404_1:77424-78038     -            205 621827at2759         -            349   1.3e-07   26.5   0.6   1   3      0.68       4.9    1.6   0.0   131   146    14    29     4    50 0.81 -
KV784404_1:77424-78038     -            205 621827at2759         -            349   1.3e-07   26.5   0.6   2   3   4.1e-06     3e-05   18.7   0.0    92   151    83   149    78   156 0.81 -
KV784404_1:77424-78038     -            205 621827at2759         -            349   1.3e-07   26.5   0.6   3   3      0.32       2.3    2.7   0.0   130   145   189   204   167   205 0.80 -
KV784383_1:391469-392470   -            334 621827at2759         -            349   1.4e-07   26.4   1.8   1   4      0.24       1.7    3.1   0.0    90   109    17    36    12    43 0.81 -
KV784383_1:391469-392470   -            334 621827at2759         -            349   1.4e-07   26.4   1.8   2   4       4.6        33   -1.1   0.0   205   246    34    74    32    80 0.82 -
KV784383_1:391469-392470   -            334 621827at2759         -            349   1.4e-07   26.4   1.8   3   4     0.004     0.029    8.9   0.1    97   152   209   268   206   273 0.84 -
KV784383_1:391469-392470   -            334 621827at2759         -            349   1.4e-07   26.4   1.8   4   4     0.001    0.0072   10.9   0.0   115   145   283   316   277   318 0.82 -
KV784353_1:1735040-1735969 -            310 621827at2759         -            349   1.5e-07   26.3   2.2   1   2     7e-07     5e-06   21.3   0.4    92   149   100   160    95   164 0.84 -
KV784353_1:1735040-1735969 -            310 621827at2759         -            349   1.5e-07   26.3   2.2   2   2      0.14         1    3.8   0.1    87   108   227   248   214   256 0.86 -
KV784359_1:1681058-1681669 -            204 621827at2759         -            349   1.6e-07   26.2   0.7   1   3      0.53       3.8    2.0   0.0   131   146    14    29     4    50 0.82 -
KV784359_1:1681058-1681669 -            204 621827at2759         -            349   1.6e-07   26.2   0.7   2   3   3.6e-06   2.6e-05   18.9   0.1    92   151    83   149    69   156 0.82 -
KV784359_1:1681058-1681669 -            204 621827at2759         -            349   1.6e-07   26.2   0.7   3   3       0.5       3.6    2.0   0.0   130   144   189   203   169   204 0.80 -
KV784354_1:1212827-1213171 -            115 621827at2759         -            349   1.7e-07   26.1   0.0   1   1   2.6e-08   1.9e-07   26.0   0.0    92   145    30    86    23   112 0.87 -
KV784371_1:1092535-1093089 -            185 621827at2759         -            349   2.5e-07   25.6   0.0   1   2     0.046      0.33    5.4   0.0   114   153    62   104    22   114 0.66 -
KV784371_1:1092535-1093089 -            185 621827at2759         -            349   2.5e-07   25.6   0.0   2   2   7.3e-06   5.3e-05   17.9   0.0    96   145   128   181   108   184 0.76 -
KV784353_1:2311483-2311857 -            125 621827at2759         -            349   4.2e-07   24.8   1.1   1   2      0.41       2.9    2.3   0.1   100   127    10    40     2    44 0.79 -
KV784353_1:2311483-2311857 -            125 621827at2759         -            349   4.2e-07   24.8   1.1   2   2   8.1e-07   5.8e-06   21.1   0.1    90   151    47   109    41   117 0.76 -
KV784361_1:2468860-2469552 -            231 621827at2759         -            349   4.5e-07   24.7   3.5   1   2     0.062      0.45    5.0   0.1    91   108    17    34    13    39 0.80 -
KV784361_1:2468860-2469552 -            231 621827at2759         -            349   4.5e-07   24.7   3.5   2   2   5.7e-06   4.1e-05   18.3   0.6    79   150    58   138    52   203 0.55 -
KV784363_1:1025018-1025710 -            231 621827at2759         -            349   4.5e-07   24.7   3.5   1   2     0.062      0.45    5.0   0.1    91   108    17    34    13    39 0.80 -
KV784363_1:1025018-1025710 -            231 621827at2759         -            349   4.5e-07   24.7   3.5   2   2   5.7e-06   4.1e-05   18.3   0.6    79   150    58   138    52   203 0.55 -
KV784357_1:1174493-1175113 -            207 621827at2759         -            349   7.4e-07   24.0   0.1   1   3   1.8e-06   1.3e-05   20.0   0.0    90   151     5    72     3    77 0.84 -
KV784357_1:1174493-1175113 -            207 621827at2759         -            349   7.4e-07   24.0   0.1   2   3       2.3        16   -0.1   0.0   156   184    96   124    92   130 0.85 -
KV784357_1:1174493-1175113 -            207 621827at2759         -            349   7.4e-07   24.0   0.1   3   3       3.3        24   -0.7   0.0    47    74   142   169   138   175 0.82 -
KV784394_1:349588-350232   -            215 621827at2759         -            349   7.9e-07   23.9   0.3   1   2    0.0053     0.038    8.5   0.1   158   208     3    57     2   103 0.79 -
KV784394_1:349588-350232   -            215 621827at2759         -            349   7.9e-07   23.9   0.3   2   2   0.00012   0.00085   14.0   0.0    31    91   116   181    74   184 0.76 -
KV784414_1:252744-253163   -            140 621827at2759         -            349   2.8e-06   22.1   0.1   1   1   6.4e-07   4.6e-06   21.4   0.0    78   151    35   115     2   120 0.72 -
KV784359_1:1512118-1512537 -            140 621827at2759         -            349   3.5e-06   21.8   0.1   1   1   6.7e-07   4.8e-06   21.3   0.1    80   151    37   115     2   131 0.75 -
KV784376_1:557101-558321   -            407 621827at2759         -            349   3.7e-06   21.7   1.8   1   2    0.0034     0.024    9.2   0.3   117   150    78   112    67   122 0.80 -
KV784376_1:557101-558321   -            407 621827at2759         -            349   3.7e-06   21.7   1.8   2   2    0.0033     0.024    9.2   0.1    47    96   263   309   250   326 0.73 -
KV784354_1:1999026-1999802 -            259 621827at2759         -            349     4e-06   21.6   2.5   1   4      0.42         3    2.3   0.0   117   145     2    32     1    38 0.67 -
KV784354_1:1999026-1999802 -            259 621827at2759         -            349     4e-06   21.6   2.5   2   4    0.0044     0.032    8.8   0.2   128   146    75    93    43   139 0.59 -
KV784354_1:1999026-1999802 -            259 621827at2759         -            349     4e-06   21.6   2.5   3   4       3.2        23   -0.6   0.0   201   240   189   228   185   234 0.81 -
KV784354_1:1999026-1999802 -            259 621827at2759         -            349     4e-06   21.6   2.5   4   4      0.01     0.075    7.6   0.0   148   179   223   256   213   259 0.55 -
KV784373_1:574442-574759   -            106 621827at2759         -            349   5.1e-06   21.3   0.1   1   2     0.096      0.69    4.4   0.0   131   146     3    18     1    27 0.84 -
KV784373_1:574442-574759   -            106 621827at2759         -            349   5.1e-06   21.3   0.1   2   2   5.2e-05   0.00037   15.1   0.0    41    88    38    88    30   106 0.82 -
KV784431_1:46029-46346     -            106 621827at2759         -            349   5.1e-06   21.3   0.1   1   2     0.096      0.69    4.4   0.0   131   146     3    18     1    27 0.83 -
KV784431_1:46029-46346     -            106 621827at2759         -            349   5.1e-06   21.3   0.1   2   2   5.2e-05   0.00037   15.1   0.0    41    88    38    88    30   106 0.82 -
KV784399_1:375261-376037   -            259 621827at2759         -            349   5.3e-06   21.2   2.7   1   4      0.42         3    2.3   0.0   117   145     2    32     1    38 0.67 -
KV784399_1:375261-376037   -            259 621827at2759         -            349   5.3e-06   21.2   2.7   2   4    0.0044     0.032    8.8   0.2   128   146    75    93    43   139 0.59 -
KV784399_1:375261-376037   -            259 621827at2759         -            349   5.3e-06   21.2   2.7   3   4       3.2        23   -0.6   0.0   201   240   189   228   185   234 0.81 -
KV784399_1:375261-376037   -            259 621827at2759         -            349   5.3e-06   21.2   2.7   4   4     0.011     0.082    7.4   0.1   147   179   222   256   213   259 0.56 -
KV784353_1:290129-291343   -            405 621827at2759         -            349   5.4e-06   21.2   2.4   1   2    0.0033     0.023    9.2   0.3   116   150    77   112    64   121 0.80 -
KV784353_1:290129-291343   -            405 621827at2759         -            349   5.4e-06   21.2   2.4   2   2    0.0028      0.02    9.5   0.1    47    96   263   309   236   326 0.74 -
KV784393_1:134795-135349   -            185 621827at2759         -            349   5.4e-06   21.2   0.0   1   2    0.0031     0.022    9.3   0.0   128   148    18    38     1    47 0.73 -
KV784393_1:134795-135349   -            185 621827at2759         -            349   5.4e-06   21.2   0.0   2   2    0.0017     0.012   10.1   0.0    92   147   124   183   116   185 0.84 -
KV784451_1:17355-17846     -            164 621827at2759         -            349   6.5e-06   20.9   0.0   1   2     0.003     0.021    9.4   0.0    39    74    25    60     2    73 0.57 -
KV784451_1:17355-17846     -            164 621827at2759         -            349   6.5e-06   20.9   0.0   2   2    0.0023     0.016    9.7   0.0   186   250    83   149    79   162 0.59 -
KV784353_1:2953385-2953654 -             90 621827at2759         -            349   8.4e-06   20.6   0.0   1   2   7.7e-05   0.00055   14.6   0.0    44    82     3    44     1    66 0.79 -
KV784353_1:2953385-2953654 -             90 621827at2759         -            349   8.4e-06   20.6   0.0   2   2     0.067      0.48    4.9   0.0   127   144    71    88    57    90 0.74 -
KV784357_1:1909370-1909924 -            185 621827at2759         -            349   9.3e-06   20.4   0.0   1   2    0.0031     0.022    9.3   0.0   128   148    18    38     1    47 0.73 -
KV784357_1:1909370-1909924 -            185 621827at2759         -            349   9.3e-06   20.4   0.0   2   2     0.003     0.021    9.3   0.0    92   147   124   183   117   185 0.80 -
KV784422_1:111096-111428   -            111 621827at2759         -            349   1.5e-05   19.7   0.3   1   2     0.091      0.65    4.5   0.0    92   107    37    52    13    77 0.75 -
KV784422_1:111096-111428   -            111 621827at2759         -            349   1.5e-05   19.7   0.3   2   2   9.8e-05    0.0007   14.2   0.1    89   107    92   110    67   111 0.82 -
KV784356_1:716175-716453   -             93 621827at2759         -            349   1.7e-05   19.5   0.0   1   2    0.0013    0.0092   10.6   0.0    43    80     4    41     1    47 0.83 -
KV784356_1:716175-716453   -             93 621827at2759         -            349   1.7e-05   19.5   0.0   2   2   0.00028     0.002   12.7   0.0    91   147    19    88    18    93 0.74 -
KV784354_1:3001682-3002656 -            325 621827at2759         -            349   1.7e-05   19.5   0.1   1   4    0.0053     0.038    8.5   0.0   227   252     6    31     2    44 0.76 -
KV784354_1:3001682-3002656 -            325 621827at2759         -            349   1.7e-05   19.5   0.1   2   4      0.49       3.5    2.1   0.0   152   183   100   130    95   136 0.82 -
KV784354_1:3001682-3002656 -            325 621827at2759         -            349   1.7e-05   19.5   0.1   3   4      0.16       1.1    3.7   0.0    47    76   144   173   131   185 0.85 -
KV784354_1:3001682-3002656 -            325 621827at2759         -            349   1.7e-05   19.5   0.1   4   4       5.6        40   -1.4   0.0    52    77   244   268   239   272 0.80 -
KV784354_1:3001358-3002197 -            280 621827at2759         -            349   1.8e-05   19.5   0.1   1   4       5.6        40   -1.4   0.0   217   252    18    53    14    67 0.81 -
KV784354_1:3001358-3002197 -            280 621827at2759         -            349   1.8e-05   19.5   0.1   2   4    0.0021     0.015    9.9   0.0   223   252   110   139   100   147 0.80 -
KV784354_1:3001358-3002197 -            280 621827at2759         -            349   1.8e-05   19.5   0.1   3   4      0.37       2.7    2.5   0.0   152   183   208   238   203   247 0.83 -
KV784354_1:3001358-3002197 -            280 621827at2759         -            349   1.8e-05   19.5   0.1   4   4      0.62       4.4    1.7   0.0    48    74   253   279   244   280 0.88 -
KV784420_1:36344-36622     -             93 621827at2759         -            349   1.9e-05   19.4   0.0   1   2    0.0014      0.01   10.4   0.0    43    79     4    40     1    47 0.83 -
KV784420_1:36344-36622     -             93 621827at2759         -            349   1.9e-05   19.4   0.0   2   2   0.00029    0.0021   12.7   0.0    91   147    19    88    18    93 0.74 -
KV784363_1:204982-205173   -             64 621827at2759         -            349     2e-05   19.3   0.3   1   1   2.8e-06     2e-05   19.3   0.3    90   129    17    57     5    64 0.84 -
KV784361_1:1772041-1772307 -             89 621827at2759         -            349   2.1e-05   19.2   0.2   1   1   3.1e-06   2.2e-05   19.2   0.2    90   129    42    82    20    89 0.74 -
KV784357_1:314060-314797   -            246 621827at2759         -            349   2.3e-05   19.1   0.0   1   3       3.4        24   -0.7   0.0   160   187    12    39     4    60 0.62 -
KV784357_1:314060-314797   -            246 621827at2759         -            349   2.3e-05   19.1   0.0   2   3   7.5e-05   0.00054   14.6   0.0   100   147   109   160    98   166 0.74 -
KV784357_1:314060-314797   -            246 621827at2759         -            349   2.3e-05   19.1   0.0   3   3       1.2       8.8    0.7   0.0   211   252   203   243   188   245 0.87 -
KV784354_1:863518-864186   -            223 621827at2759         -            349   4.1e-05   18.3   0.1   1   2       3.6        26   -0.8   0.0    55    73    14    32     8    36 0.68 -
KV784354_1:863518-864186   -            223 621827at2759         -            349   4.1e-05   18.3   0.1   2   2    0.0002    0.0014   13.2   0.1    41    91    46   101    38   155 0.81 -
KV784391_1:444875-445075   -             67 621827at2759         -            349   4.3e-05   18.2   0.0   1   1   6.8e-06   4.9e-05   18.0   0.0   101   147     6    58     2    64 0.66 -
KV784361_1:1796539-1797303 -            255 621827at2759         -            349    0.0001   17.0   2.0   1   2      0.04      0.29    5.6   0.3   128   212    63   163    31   167 0.47 -
KV784361_1:1796539-1797303 -            255 621827at2759         -            349    0.0001   17.0   2.0   2   2     0.031      0.22    6.0   0.1   128   148   213   233   209   239 0.83 -
KV784375_1:73955-74677     -            241 621827at2759         -            349   0.00013   16.7   0.0   1   3     0.057      0.41    5.1   0.0   100   145    36    88    31    98 0.73 -
KV784375_1:73955-74677     -            241 621827at2759         -            349   0.00013   16.7   0.0   2   3     0.014       0.1    7.1   0.0   143   191   140   190   135   193 0.84 -
KV784375_1:73955-74677     -            241 621827at2759         -            349   0.00013   16.7   0.0   3   3       2.3        16   -0.1   0.0   153   184   203   234   197   237 0.88 -
KV784363_1:229470-230243   -            258 621827at2759         -            349   0.00013   16.7   2.3   1   2     0.038      0.27    5.7   0.3   128   213    65   166    33   172 0.48 -
KV784363_1:229470-230243   -            258 621827at2759         -            349   0.00013   16.7   2.3   2   2     0.031      0.23    6.0   0.1   128   148   215   235   211   241 0.83 -
KV784466_1:29788-30027     -             80 621827at2759         -            349   0.00013   16.6   0.1   1   1   0.00029    0.0021   12.7   0.1    90   118     6    35     2    80 0.61 -
KV784464_1:35882-36526     -            215 621827at2759         -            349   0.00014   16.5   0.0   1   3       2.7        19   -0.4   0.0   191   212     4    26     1    41 0.52 -
KV784464_1:35882-36526     -            215 621827at2759         -            349   0.00014   16.5   0.0   2   3   0.00038    0.0027   12.3   0.0   115   145    54    87    16    90 0.85 -
KV784464_1:35882-36526     -            215 621827at2759         -            349   0.00014   16.5   0.0   3   3       1.7        12    0.3   0.0    58    77   138   157   113   165 0.80 -
KV784367_1:812851-814656   -            538 621827at2759         -            349   0.00015   16.4   0.6   1   3       1.5        11    0.4   0.1    92   143   270   321   256   377 0.63 -
KV784367_1:812851-814656   -            538 621827at2759         -            349   0.00015   16.4   0.6   2   3       1.5        11    0.5   0.0    44    74   393   423   367   431 0.81 -
KV784367_1:812851-814656   -            538 621827at2759         -            349   0.00015   16.4   0.6   3   3    0.0009    0.0064   11.1   0.1   117   181   438   515   419   529 0.67 -
KV784403_1:6959-7462       -            168 621827at2759         -            349    0.0002   16.0   0.0   1   1   3.8e-05   0.00027   15.6   0.0   100   147    46    97    36   103 0.74 -
KV784362_1:79491-80414     -            308 621827at2759         -            349   0.00023   15.8   0.6   1   3      0.49       3.5    2.1   0.1    92   105    33    46    24    58 0.72 -
KV784362_1:79491-80414     -            308 621827at2759         -            349   0.00023   15.8   0.6   2   3      0.74       5.3    1.5   0.0   189   217    97   126    91   138 0.60 -
KV784362_1:79491-80414     -            308 621827at2759         -            349   0.00023   15.8   0.6   3   3    0.0048     0.034    8.7   0.0   104   145   220   266   215   279 0.68 -
KV784372_1:347522-348280   -            253 621827at2759         -            349   0.00037   15.1   0.0   1   1   0.00012   0.00089   13.9   0.0   112   212     3   117     1   119 0.72 -
KV784363_1:1402385-1402648 -             88 621827at2759         -            349   0.00048   14.8   0.0   1   1   6.9e-05    0.0005   14.7   0.0    90   145    19    81     6    88 0.84 -
KV784362_1:1308295-1308918 -            208 621827at2759         -            349   0.00049   14.7   0.1   1   2     0.002     0.014    9.9   0.0    92   144    36    93    22   118 0.75 -
KV784362_1:1308295-1308918 -            208 621827at2759         -            349   0.00049   14.7   0.1   2   2      0.26       1.9    3.0   0.0   112   147   126   163   119   206 0.66 -
KV784354_1:1048383-1049123 -            247 621827at2759         -            349   0.00068   14.3   0.0   1   2      0.31       2.2    2.7   0.0   227   254   103   130    88   145 0.59 -
KV784354_1:1048383-1049123 -            247 621827at2759         -            349   0.00068   14.3   0.0   2   2     0.003     0.022    9.3   0.0    56   106   181   240   162   244 0.71 -
KV784356_1:2261905-2262399 -            165 621827at2759         -            349   0.00075   14.1   0.1   1   2     0.001    0.0074   10.9   0.0    98   145    43    94    28   123 0.72 -
KV784356_1:2261905-2262399 -            165 621827at2759         -            349   0.00075   14.1   0.1   2   2      0.84         6    1.3   0.0   112   146   126   162   122   164 0.76 -
KV784353_1:4353072-4353860 -            263 621827at2759         -            349   0.00077   14.1   0.0   1   2   0.00074    0.0053   11.3   0.1   112   196    14   109     1   130 0.53 -
KV784353_1:4353072-4353860 -            263 621827at2759         -            349   0.00077   14.1   0.0   2   2       2.2        16   -0.1   0.0   204   250   203   250   198   259 0.66 -
KV784354_1:2873999-2877250 -           1084 621827at2759         -            349    0.0015   13.1   0.1   1   3      0.26       1.9    3.0   0.0   224   256   147   179   124   203 0.82 -
KV784354_1:2873999-2877250 -           1084 621827at2759         -            349    0.0015   13.1   0.1   2   3       4.2        30   -1.0   0.0    48    74   201   234   184   235 0.70 -
KV784354_1:2873999-2877250 -           1084 621827at2759         -            349    0.0015   13.1   0.1   3   3     0.027      0.19    6.2   0.0    92   112   670   690   646   712 0.82 -
KV784358_1:2193817-2318393 -             96 621827at2759         -            349    0.0019   12.8   0.0   1   1   0.00048    0.0034   12.0   0.0    47    77     6    36     2    48 0.88 -
KV784414_1:126833-127516   -            228 621827at2759         -            349     0.002   12.7   4.4   1   3    0.0018     0.013   10.1   0.3   128   147     8    27     5    57 0.69 -
KV784414_1:126833-127516   -            228 621827at2759         -            349     0.002   12.7   4.4   2   3      0.29       2.1    2.8   0.0    54    74    60    80    44    97 0.74 -
KV784414_1:126833-127516   -            228 621827at2759         -            349     0.002   12.7   4.4   3   3       3.1        22   -0.6   0.0    54    73   205   226   193   228 0.70 -
KV784359_1:1382584-1383267 -            228 621827at2759         -            349    0.0023   12.5   4.5   1   3    0.0018     0.013   10.1   0.3   128   147     8    27     5    57 0.69 -
KV784359_1:1382584-1383267 -            228 621827at2759         -            349    0.0023   12.5   4.5   2   3      0.29       2.1    2.8   0.0    54    74    60    80    44    97 0.74 -
KV784359_1:1382584-1383267 -            228 621827at2759         -            349    0.0023   12.5   4.5   3   3       3.1        22   -0.6   0.0    54    73   205   226   193   228 0.70 -
KV784364_1:1090394-1090876 -            161 621827at2759         -            349    0.0027   12.3   0.0   1   2    0.0014      0.01   10.4   0.0    51    74    50    73    40    89 0.89 -
KV784364_1:1090394-1090876 -            161 621827at2759         -            349    0.0027   12.3   0.0   2   2         4        29   -0.9   0.0    44    59   137   152   122   156 0.84 -
#
# Program:         hmmsearch
# Version:         3.1b2 (February 2015)
# Pipeline mode:   SEARCH
# Query file:      /Users/aholzer/ownCloud/PhD/Publications/2021 Liavero-Pasquina et al./analysis/TPP_aptamer_search/busco_downloads/lineages/eukaryota_odb10/hmms/621827at2759.hmm
# Target file:     /Users/aholzer/ownCloud/PhD/Publications/2021 Liavero-Pasquina et al./analysis/TPP_aptamer_search/genomes/BUSCO_eukaryota_obd10/Fragilariopsis_cylindrus_Fracy1/run_eukaryota_odb10/metaeuk_output/rerun_results/GCA_001750085.1_Fracy1_genomic.fna.modified.fas
# Option settings: hmmsearch --domtblout /Users/aholzer/ownCloud/PhD/Publications/2021 Liavero-Pasquina et al./analysis/TPP_aptamer_search/genomes/BUSCO_eukaryota_obd10/Fragilariopsis_cylindrus_Fracy1/run_eukaryota_odb10/hmmer_output/rerun_results/621827at2759.out --cpu 1 /Users/aholzer/ownCloud/PhD/Publications/2021 Liavero-Pasquina et al./analysis/TPP_aptamer_search/busco_downloads/lineages/eukaryota_odb10/hmms/621827at2759.hmm /Users/aholzer/ownCloud/PhD/Publications/2021 Liavero-Pasquina et al./analysis/TPP_aptamer_search/genomes/BUSCO_eukaryota_obd10/Fragilariopsis_cylindrus_Fracy1/run_eukaryota_odb10/metaeuk_output/rerun_results/GCA_001750085.1_Fracy1_genomic.fna.modified.fas 
# Current dir:     /Users/aholzer/ownCloud/PhD/Publications/2021 Liavero-Pasquina et al./analysis/TPP_aptamer_search
# Date:            Sat Apr 17 21:57:36 2021
# [ok]
