#                                                                                     --- full sequence --- -------------- this domain -------------   hmm coord   ali coord   env coord
# target name                 accession   tlen query name           accession   qlen   E-value  score  bias   #  of  c-Evalue  i-Evalue  score  bias  from    to  from    to  from    to  acc description of target
#         ------------------- ---------- ----- -------------------- ---------- ----- --------- ------ ----- --- --- --------- --------- ------ ----- ----- ----- ----- ----- ----- ----- ---- ---------------------
JAAFKC010001149_1:7083-8483   -            467 1173229at2759        -            211   1.2e-32  109.7   0.5   1   5      0.01       0.3    7.1   0.0     2    35     5    42     4    76 0.78 -
JAAFKC010001149_1:7083-8483   -            467 1173229at2759        -            211   1.2e-32  109.7   0.5   2   5      0.33       9.6    2.2   0.0    29    50    82   104    77   119 0.76 -
JAAFKC010001149_1:7083-8483   -            467 1173229at2759        -            211   1.2e-32  109.7   0.5   3   5   0.00028    0.0082   12.2   0.0    62    80   155   173   138   183 0.86 -
JAAFKC010001149_1:7083-8483   -            467 1173229at2759        -            211   1.2e-32  109.7   0.5   4   5   8.9e-05    0.0026   13.9   0.1    82   109   203   238   195   244 0.73 -
JAAFKC010001149_1:7083-8483   -            467 1173229at2759        -            211   1.2e-32  109.7   0.5   5   5   3.6e-21   1.1e-19   67.4   0.0   108   207   259   379   247   382 0.82 -
JAAFKC010003902_1:1236-2339   -            368 1173229at2759        -            211   1.5e-09   34.3   6.9   1   6      0.44        13    1.8   0.0   191   206    19    34    15    39 0.82 -
JAAFKC010003902_1:1236-2339   -            368 1173229at2759        -            211   1.5e-09   34.3   6.9   2   6     0.078       2.3    4.2   0.0    48    77    45    74    37    79 0.86 -
JAAFKC010003902_1:1236-2339   -            368 1173229at2759        -            211   1.5e-09   34.3   6.9   3   6    0.0019     0.056    9.5   0.3    80   137   133   199   130   201 0.66 -
JAAFKC010003902_1:1236-2339   -            368 1173229at2759        -            211   1.5e-09   34.3   6.9   4   6   0.00061     0.018   11.1   0.0    37    82   239   284   236   286 0.94 -
JAAFKC010003902_1:1236-2339   -            368 1173229at2759        -            211   1.5e-09   34.3   6.9   5   6       1.1        33    0.4   0.0   191   204   309   322   294   329 0.88 -
JAAFKC010003902_1:1236-2339   -            368 1173229at2759        -            211   1.5e-09   34.3   6.9   6   6       1.2        36    0.3   0.0   191   205   351   365   335   368 0.83 -
JAAFKC010000625_1:3210-4079   -            290 1173229at2759        -            211   4.1e-07   26.3   4.4   1   4      0.14       4.1    3.4   0.0    53    82    60    87    21    99 0.82 -
JAAFKC010000625_1:3210-4079   -            290 1173229at2759        -            211   4.1e-07   26.3   4.4   2   4      0.81        24    0.9   0.1   190   206   154   170   145   175 0.78 -
JAAFKC010000625_1:3210-4079   -            290 1173229at2759        -            211   4.1e-07   26.3   4.4   3   4   0.00043     0.013   11.6   1.0    59   101   192   234   162   238 0.77 -
JAAFKC010000625_1:3210-4079   -            290 1173229at2759        -            211   4.1e-07   26.3   4.4   4   4    0.0042      0.12    8.4   0.0   189   206   252   269   247   272 0.84 -
JAAFKC010000787_1:9107-9859   -            251 1173229at2759        -            211   5.5e-07   25.9   0.8   1   5     0.028      0.83    5.7   0.0    60    80    22    42    15    46 0.84 -
JAAFKC010000787_1:9107-9859   -            251 1173229at2759        -            211   5.5e-07   25.9   0.8   2   5     0.017      0.51    6.4   0.0    28    60    57    90    52    97 0.71 -
JAAFKC010000787_1:9107-9859   -            251 1173229at2759        -            211   5.5e-07   25.9   0.8   3   5      0.16       4.8    3.2   0.1    63    89   115   141   108   148 0.81 -
JAAFKC010000787_1:9107-9859   -            251 1173229at2759        -            211   5.5e-07   25.9   0.8   4   5    0.0091      0.27    7.3   0.1    40    80   134   174   127   185 0.85 -
JAAFKC010000787_1:9107-9859   -            251 1173229at2759        -            211   5.5e-07   25.9   0.8   5   5       4.7   1.4e+02   -1.6   0.0    31    71   209   250   203   251 0.54 -
JAAFKC010000087_1:22166-22942 -            259 1173229at2759        -            211   1.3e-06   24.6   0.2   1   5       3.7   1.1e+02   -1.2   0.0    69    82    29    42    14    50 0.79 -
JAAFKC010000087_1:22166-22942 -            259 1173229at2759        -            211   1.3e-06   24.6   0.2   2   5       1.2        34    0.4   0.0    29    57    51    80    49    86 0.75 -
JAAFKC010000087_1:22166-22942 -            259 1173229at2759        -            211   1.3e-06   24.6   0.2   3   5    0.0014     0.041   10.0   0.0   153   190   111   148   100   151 0.82 -
JAAFKC010000087_1:22166-22942 -            259 1173229at2759        -            211   1.3e-06   24.6   0.2   4   5     0.097       2.8    3.9   0.0    63   102   182   222   177   225 0.80 -
JAAFKC010000087_1:22166-22942 -            259 1173229at2759        -            211   1.3e-06   24.6   0.2   5   5      0.11       3.2    3.8   0.0   179   205   233   259   221   259 0.78 -
JAAFKC010001684_1:4101-4877   -            259 1173229at2759        -            211   1.3e-06   24.6   0.2   1   5       3.7   1.1e+02   -1.2   0.0    69    82    29    42    14    50 0.79 -
JAAFKC010001684_1:4101-4877   -            259 1173229at2759        -            211   1.3e-06   24.6   0.2   2   5       1.2        34    0.4   0.0    29    57    51    80    49    86 0.75 -
JAAFKC010001684_1:4101-4877   -            259 1173229at2759        -            211   1.3e-06   24.6   0.2   3   5    0.0014     0.041   10.0   0.0   153   190   111   148   100   151 0.82 -
JAAFKC010001684_1:4101-4877   -            259 1173229at2759        -            211   1.3e-06   24.6   0.2   4   5     0.097       2.8    3.9   0.0    63   102   182   222   177   225 0.80 -
JAAFKC010001684_1:4101-4877   -            259 1173229at2759        -            211   1.3e-06   24.6   0.2   5   5      0.11       3.2    3.8   0.0   179   205   233   259   221   259 0.78 -
JAAFKC010001494_1:2356-3303   -            316 1173229at2759        -            211   1.8e-06   24.2   4.5   1   4      0.96        28    0.7   0.0    68    82     5    19     1    28 0.74 -
JAAFKC010001494_1:2356-3303   -            316 1173229at2759        -            211   1.8e-06   24.2   4.5   2   4    0.0028     0.082    9.0   0.1    54   148    41   130    17   141 0.73 -
JAAFKC010001494_1:2356-3303   -            316 1173229at2759        -            211   1.8e-06   24.2   4.5   3   4    0.0045      0.13    8.3   0.1   127   178   131   182   116   194 0.84 -
JAAFKC010001494_1:2356-3303   -            316 1173229at2759        -            211   1.8e-06   24.2   4.5   4   4     0.036       1.1    5.3   0.0    64    83   214   233   209   250 0.81 -
JAAFKC010005252_1:34-387      -            118 1173229at2759        -            211   1.8e-06   24.2   0.1   1   2    0.0029     0.086    8.9   0.0     9    32    10    35     1    40 0.85 -
JAAFKC010005252_1:34-387      -            118 1173229at2759        -            211   1.8e-06   24.2   0.1   2   2   9.9e-05    0.0029   13.7   0.1     7    55    62   111    56   117 0.80 -
JAAFKC010000357_1:7783-8730   -            316 1173229at2759        -            211   1.9e-06   24.1   4.7   1   4      0.96        28    0.7   0.0    68    82     5    19     1    28 0.74 -
JAAFKC010000357_1:7783-8730   -            316 1173229at2759        -            211   1.9e-06   24.1   4.7   2   4    0.0028     0.082    9.0   0.1    54   148    41   130    17   141 0.73 -
JAAFKC010000357_1:7783-8730   -            316 1173229at2759        -            211   1.9e-06   24.1   4.7   3   4    0.0045      0.13    8.3   0.1   127   178   131   182   116   194 0.84 -
JAAFKC010000357_1:7783-8730   -            316 1173229at2759        -            211   1.9e-06   24.1   4.7   4   4     0.036       1.1    5.3   0.0    64    83   214   233   209   250 0.81 -
JAAFKC010003538_1:1704-2588   -            295 1173229at2759        -            211   3.6e-06   23.2   2.0   1   3   2.1e-05   0.00062   15.9   0.2    29   181    47   210    44   229 0.80 -
JAAFKC010003538_1:1704-2588   -            295 1173229at2759        -            211   3.6e-06   23.2   2.0   2   3      0.19       5.6    3.0   0.0    62    82   236   256   234   267 0.81 -
JAAFKC010003538_1:1704-2588   -            295 1173229at2759        -            211   3.6e-06   23.2   2.0   3   3       6.1   1.8e+02   -1.9   0.0   191   204   282   295   273   295 0.83 -
JAAFKC010000482_1:9938-10693  -            252 1173229at2759        -            211   4.2e-06   23.0   0.8   1   4       1.2        36    0.3   0.0    61    79    15    33    10    40 0.82 -
JAAFKC010000482_1:9938-10693  -            252 1173229at2759        -            211   4.2e-06   23.0   0.8   2   4         7     2e+02   -2.1   0.0    63    77    84    98    74   102 0.71 -
JAAFKC010000482_1:9938-10693  -            252 1173229at2759        -            211   4.2e-06   23.0   0.8   3   4      0.21       6.2    2.8   0.0    61    80   138   157   113   168 0.75 -
JAAFKC010000482_1:9938-10693  -            252 1173229at2759        -            211   4.2e-06   23.0   0.8   4   4   3.6e-05    0.0011   15.1   0.1    58    80   181   203   164   208 0.85 -
JAAFKC010002115_1:581-1636    -            352 1173229at2759        -            211   4.9e-06   22.8   0.0   1   4       2.9        86   -0.9   0.0   153   178    45    70    38    75 0.78 -
JAAFKC010002115_1:581-1636    -            352 1173229at2759        -            211   4.9e-06   22.8   0.0   2   4     0.062       1.8    4.6   0.0    41    84   124   168    91   171 0.77 -
JAAFKC010002115_1:581-1636    -            352 1173229at2759        -            211   4.9e-06   22.8   0.0   3   4    0.0045      0.13    8.3   0.0   150   177   186   213   175   219 0.79 -
JAAFKC010002115_1:581-1636    -            352 1173229at2759        -            211   4.9e-06   22.8   0.0   4   4     0.072       2.1    4.4   0.0    32   172   326   349   284   352 0.52 -
JAAFKC010006165_1:751-1515    -            255 1173229at2759        -            211   5.3e-06   22.7   4.4   1   3       1.3        38    0.3   0.0    62    80    57    75    41    86 0.74 -
JAAFKC010006165_1:751-1515    -            255 1173229at2759        -            211   5.3e-06   22.7   4.4   2   3      0.13       3.7    3.6   0.0    28    54    89   116    86   123 0.83 -
JAAFKC010006165_1:751-1515    -            255 1173229at2759        -            211   5.3e-06   22.7   4.4   3   3   9.9e-05    0.0029   13.7   0.3    34    99   157   224   151   254 0.79 -
JAAFKC010000416_1:2868-5689   -            899 1173229at2759        -            211   7.8e-06   22.1   5.6   1   6    0.0021     0.063    9.3   0.0   111   148     8    45     4    49 0.92 -
JAAFKC010000416_1:2868-5689   -            899 1173229at2759        -            211   7.8e-06   22.1   5.6   2   6       4.3   1.2e+02   -1.4   0.0    64    78    92   106    87   110 0.80 -
JAAFKC010000416_1:2868-5689   -            899 1173229at2759        -            211   7.8e-06   22.1   5.6   3   6      0.13       3.9    3.5   0.0   190   206   134   150   122   155 0.86 -
JAAFKC010000416_1:2868-5689   -            899 1173229at2759        -            211   7.8e-06   22.1   5.6   4   6         6   1.8e+02   -1.9   0.0   163   176   186   199   181   220 0.64 -
JAAFKC010000416_1:2868-5689   -            899 1173229at2759        -            211   7.8e-06   22.1   5.6   5   6       1.1        32    0.5   0.0   165   206   503   541   472   549 0.69 -
JAAFKC010000416_1:2868-5689   -            899 1173229at2759        -            211   7.8e-06   22.1   5.6   6   6     0.043       1.3    5.1   0.0   124   176   627   683   623   727 0.60 -
JAAFKC010000129_1:4716-5627   -            304 1173229at2759        -            211   1.8e-05   20.9   2.2   1   4    0.0043      0.13    8.4   0.0   188   209    29    50     5    52 0.70 -
JAAFKC010000129_1:4716-5627   -            304 1173229at2759        -            211   1.8e-05   20.9   2.2   2   4     0.044       1.3    5.1   0.2    62    94   100   132    86   158 0.77 -
JAAFKC010000129_1:4716-5627   -            304 1173229at2759        -            211   1.8e-05   20.9   2.2   3   4      0.16       4.7    3.2   0.0   181   206   197   222   188   227 0.75 -
JAAFKC010000129_1:4716-5627   -            304 1173229at2759        -            211   1.8e-05   20.9   2.2   4   4      0.48        14    1.7   0.0   192   206   208   222   203   287 0.63 -
JAAFKC010001743_1:3625-4536   -            304 1173229at2759        -            211   1.8e-05   20.9   2.2   1   4    0.0043      0.13    8.4   0.0   188   209    29    50     5    52 0.70 -
JAAFKC010001743_1:3625-4536   -            304 1173229at2759        -            211   1.8e-05   20.9   2.2   2   4     0.044       1.3    5.1   0.2    62    94   100   132    86   158 0.77 -
JAAFKC010001743_1:3625-4536   -            304 1173229at2759        -            211   1.8e-05   20.9   2.2   3   4      0.16       4.7    3.2   0.0   181   206   197   222   188   227 0.75 -
JAAFKC010001743_1:3625-4536   -            304 1173229at2759        -            211   1.8e-05   20.9   2.2   4   4      0.48        14    1.7   0.0   192   206   208   222   203   287 0.63 -
JAAFKC010002992_1:438-1484    -            349 1173229at2759        -            211   1.8e-05   20.9   0.0   1   4     0.076       2.2    4.3   0.0    32    82    53   106    47   112 0.70 -
JAAFKC010002992_1:438-1484    -            349 1173229at2759        -            211   1.8e-05   20.9   0.0   2   4     0.026      0.75    5.8   0.0   157   182   148   173   111   179 0.79 -
JAAFKC010002992_1:438-1484    -            349 1173229at2759        -            211   1.8e-05   20.9   0.0   3   4      0.18       5.4    3.0   0.0   110   142   270   302   250   318 0.83 -
JAAFKC010002992_1:438-1484    -            349 1173229at2759        -            211   1.8e-05   20.9   0.0   4   4      0.39        11    2.0   0.0    62    76   334   348   328   349 0.83 -
JAAFKC010000381_1:7365-8800   -            395 1173229at2759        -            211   2.3e-05   20.6   1.8   1   3    0.0015     0.044    9.9   0.3   116   207    21   129    10   133 0.71 -
JAAFKC010000381_1:7365-8800   -            395 1173229at2759        -            211   2.3e-05   20.6   1.8   2   3      0.15       4.4    3.3   0.0    60    80   151   171   135   177 0.81 -
JAAFKC010000381_1:7365-8800   -            395 1173229at2759        -            211   2.3e-05   20.6   1.8   3   3      0.32       9.3    2.2   0.0    29    80   181   213   171   224 0.57 -
JAAFKC010005333_1:163-1020    -            286 1173229at2759        -            211   2.7e-05   20.3   3.8   1   5      0.77        23    1.0   0.0    91   110    21    40    11    51 0.62 -
JAAFKC010005333_1:163-1020    -            286 1173229at2759        -            211   2.7e-05   20.3   3.8   2   5   0.00059     0.017   11.2   0.0    47    85    47    85    39   108 0.82 -
JAAFKC010005333_1:163-1020    -            286 1173229at2759        -            211   2.7e-05   20.3   3.8   3   5     0.096       2.8    3.9   0.0    61    96   107   141   101   145 0.71 -
JAAFKC010005333_1:163-1020    -            286 1173229at2759        -            211   2.7e-05   20.3   3.8   4   5         3        88   -0.9   0.0   189   208   171   190   159   191 0.83 -
JAAFKC010005333_1:163-1020    -            286 1173229at2759        -            211   2.7e-05   20.3   3.8   5   5      0.99        29    0.6   0.0    62    78   232   248   214   254 0.75 -
JAAFKC010001224_1:7434-8153   -            240 1173229at2759        -            211   3.3e-05   20.0   0.8   1   3    0.0041      0.12    8.4   0.1    60    80    14    34     2    41 0.82 -
JAAFKC010001224_1:7434-8153   -            240 1173229at2759        -            211   3.3e-05   20.0   0.8   2   3     0.035         1    5.4   0.0    87   110   108   131    47   143 0.80 -
JAAFKC010001224_1:7434-8153   -            240 1173229at2759        -            211   3.3e-05   20.0   0.8   3   3      0.41        12    1.9   0.0   190   207   159   176   146   181 0.73 -
JAAFKC010000937_1:2-1938      -            608 1173229at2759        -            211   4.2e-05   19.7   3.4   1   5    0.0013     0.039   10.0   0.0   111   148     8    45     4    49 0.92 -
JAAFKC010000937_1:2-1938      -            608 1173229at2759        -            211   4.2e-05   19.7   3.4   2   5       2.7        78   -0.8   0.1    64    78    92   106    86   110 0.80 -
JAAFKC010000937_1:2-1938      -            608 1173229at2759        -            211   4.2e-05   19.7   3.4   3   5     0.087       2.5    4.1   0.0   190   206   134   150   122   155 0.86 -
JAAFKC010000937_1:2-1938      -            608 1173229at2759        -            211   4.2e-05   19.7   3.4   4   5       3.4     1e+02   -1.1   0.0   162   176   185   199   180   223 0.65 -
JAAFKC010000937_1:2-1938      -            608 1173229at2759        -            211   4.2e-05   19.7   3.4   5   5      0.65        19    1.2   0.0   165   206   507   545   474   554 0.68 -
JAAFKC010000445_1:2606-3307   -            234 1173229at2759        -            211   4.3e-05   19.7   2.2   1   4      0.22       6.6    2.7   0.0   151   175     3    29     1    37 0.72 -
JAAFKC010000445_1:2606-3307   -            234 1173229at2759        -            211   4.3e-05   19.7   2.2   2   4      0.54        16    1.5   0.0   151   176    61    86    54    97 0.74 -
JAAFKC010000445_1:2606-3307   -            234 1173229at2759        -            211   4.3e-05   19.7   2.2   3   4      0.57        17    1.4   0.1    15    50    80   120    67   141 0.60 -
JAAFKC010000445_1:2606-3307   -            234 1173229at2759        -            211   4.3e-05   19.7   2.2   4   4    0.0003    0.0087   12.1   0.0    58    80   208   230   190   233 0.81 -
JAAFKC010002873_1:716-1417    -            234 1173229at2759        -            211   4.3e-05   19.7   2.2   1   4      0.22       6.6    2.7   0.0   151   175     3    29     1    37 0.72 -
JAAFKC010002873_1:716-1417    -            234 1173229at2759        -            211   4.3e-05   19.7   2.2   2   4      0.54        16    1.5   0.0   151   176    61    86    54    97 0.74 -
JAAFKC010002873_1:716-1417    -            234 1173229at2759        -            211   4.3e-05   19.7   2.2   3   4      0.57        17    1.4   0.1    15    50    80   120    67   141 0.60 -
JAAFKC010002873_1:716-1417    -            234 1173229at2759        -            211   4.3e-05   19.7   2.2   4   4    0.0003    0.0087   12.1   0.0    58    80   208   230   190   233 0.81 -
JAAFKC010003307_1:2532-3008   -            159 1173229at2759        -            211   4.7e-05   19.5   0.5   1   3     0.052       1.5    4.8   0.0    61    80    18    37     5    42 0.82 -
JAAFKC010003307_1:2532-3008   -            159 1173229at2759        -            211   4.7e-05   19.5   0.5   2   3     0.031      0.92    5.5   0.0    62    82    59    79    53    85 0.84 -
JAAFKC010003307_1:2532-3008   -            159 1173229at2759        -            211   4.7e-05   19.5   0.5   3   3     0.026      0.77    5.8   0.0   190   206   103   119    87   124 0.73 -
JAAFKC010005844_1:143-619     -            159 1173229at2759        -            211   4.7e-05   19.5   0.5   1   3     0.052       1.5    4.8   0.0    61    80    18    37     5    42 0.82 -
JAAFKC010005844_1:143-619     -            159 1173229at2759        -            211   4.7e-05   19.5   0.5   2   3     0.031      0.92    5.5   0.0    62    82    59    79    53    85 0.84 -
JAAFKC010005844_1:143-619     -            159 1173229at2759        -            211   4.7e-05   19.5   0.5   3   3     0.026      0.77    5.8   0.0   190   206   103   119    87   124 0.73 -
JAAFKC010000267_1:13581-14333 -            251 1173229at2759        -            211   6.4e-05   19.1   0.2   1   5     0.029      0.84    5.7   0.0    60    81    25    46     8    51 0.85 -
JAAFKC010000267_1:13581-14333 -            251 1173229at2759        -            211   6.4e-05   19.1   0.2   2   5      0.54        16    1.5   0.0    65    79    73    87    52   106 0.66 -
JAAFKC010000267_1:13581-14333 -            251 1173229at2759        -            211   6.4e-05   19.1   0.2   3   5      0.15       4.4    3.3   0.0   191   207   114   130   107   133 0.86 -
JAAFKC010000267_1:13581-14333 -            251 1173229at2759        -            211   6.4e-05   19.1   0.2   4   5      0.34       9.9    2.2   0.0   191   206   195   210   189   215 0.84 -
JAAFKC010000267_1:13581-14333 -            251 1173229at2759        -            211   6.4e-05   19.1   0.2   5   5       4.2   1.2e+02   -1.4   0.0   158   172   235   249   219   251 0.47 -
JAAFKC010000396_1:5417-6169   -            251 1173229at2759        -            211   6.4e-05   19.1   0.2   1   5     0.029      0.84    5.7   0.0    60    81    25    46     8    51 0.85 -
JAAFKC010000396_1:5417-6169   -            251 1173229at2759        -            211   6.4e-05   19.1   0.2   2   5      0.54        16    1.5   0.0    65    79    73    87    52   106 0.66 -
JAAFKC010000396_1:5417-6169   -            251 1173229at2759        -            211   6.4e-05   19.1   0.2   3   5      0.15       4.4    3.3   0.0   191   207   114   130   107   133 0.86 -
JAAFKC010000396_1:5417-6169   -            251 1173229at2759        -            211   6.4e-05   19.1   0.2   4   5      0.34       9.9    2.2   0.0   191   206   195   210   189   215 0.84 -
JAAFKC010000396_1:5417-6169   -            251 1173229at2759        -            211   6.4e-05   19.1   0.2   5   5       4.2   1.2e+02   -1.4   0.0   158   172   235   249   219   251 0.47 -
JAAFKC010000001_1:84638-85474 -            279 1173229at2759        -            211   6.6e-05   19.1   1.8   1   4       1.4        40    0.2   0.0   191   205    22    36    14    39 0.57 -
JAAFKC010000001_1:84638-85474 -            279 1173229at2759        -            211   6.6e-05   19.1   1.8   2   4       1.4        41    0.2   0.0    62    80   148   166   141   174 0.86 -
JAAFKC010000001_1:84638-85474 -            279 1173229at2759        -            211   6.6e-05   19.1   1.8   3   4      0.38        11    2.0   0.0    63    79   191   207   170   213 0.82 -
JAAFKC010000001_1:84638-85474 -            279 1173229at2759        -            211   6.6e-05   19.1   1.8   4   4   0.00029    0.0084   12.2   0.0    58    83   242   267   223   270 0.80 -
JAAFKC010002408_1:924-1760    -            279 1173229at2759        -            211   6.6e-05   19.1   1.8   1   4       1.4        40    0.2   0.0   191   205    22    36    14    39 0.57 -
JAAFKC010002408_1:924-1760    -            279 1173229at2759        -            211   6.6e-05   19.1   1.8   2   4       1.4        41    0.2   0.0    62    80   148   166   141   174 0.86 -
JAAFKC010002408_1:924-1760    -            279 1173229at2759        -            211   6.6e-05   19.1   1.8   3   4      0.38        11    2.0   0.0    63    79   191   207   170   213 0.82 -
JAAFKC010002408_1:924-1760    -            279 1173229at2759        -            211   6.6e-05   19.1   1.8   4   4   0.00029    0.0084   12.2   0.0    58    83   242   267   223   270 0.80 -
JAAFKC010004901_1:1473-2555   -            361 1173229at2759        -            211   6.7e-05   19.1   2.7   1   5       1.1        33    0.5   0.0    91   110    97   116    91   128 0.61 -
JAAFKC010004901_1:1473-2555   -            361 1173229at2759        -            211   6.7e-05   19.1   2.7   2   5   0.00079     0.023   10.8   0.0    47    85   123   161   115   186 0.81 -
JAAFKC010004901_1:1473-2555   -            361 1173229at2759        -            211   6.7e-05   19.1   2.7   3   5      0.28       8.2    2.4   0.0    61    85   183   207   178   220 0.68 -
JAAFKC010004901_1:1473-2555   -            361 1173229at2759        -            211   6.7e-05   19.1   2.7   4   5       4.1   1.2e+02   -1.4   0.0   189   208   246   265   235   266 0.83 -
JAAFKC010004901_1:1473-2555   -            361 1173229at2759        -            211   6.7e-05   19.1   2.7   5   5       1.4        40    0.2   0.0    62    78   307   323   290   329 0.75 -
JAAFKC010000406_1:61-5181     -           1707 1173229at2759        -            211   8.4e-05   18.7   2.2   1   6         9   2.6e+02   -2.5   0.0   155   178  1292  1315  1289  1318 0.82 -
JAAFKC010000406_1:61-5181     -           1707 1173229at2759        -            211   8.4e-05   18.7   2.2   2   6      0.85        25    0.9   0.0    52    76  1340  1364  1327  1371 0.70 -
JAAFKC010000406_1:61-5181     -           1707 1173229at2759        -            211   8.4e-05   18.7   2.2   3   6      0.38        11    2.0   0.0    59    81  1414  1436  1402  1448 0.84 -
JAAFKC010000406_1:61-5181     -           1707 1173229at2759        -            211   8.4e-05   18.7   2.2   4   6    0.0072      0.21    7.6   0.0    57    82  1456  1481  1443  1485 0.85 -
JAAFKC010000406_1:61-5181     -           1707 1173229at2759        -            211   8.4e-05   18.7   2.2   5   6         3        89   -1.0   0.0    60    79  1602  1621  1590  1633 0.77 -
JAAFKC010000406_1:61-5181     -           1707 1173229at2759        -            211   8.4e-05   18.7   2.2   6   6      0.46        13    1.7   0.0   182   203  1684  1706  1674  1707 0.60 -
JAAFKC010000402_1:5024-5689   -            222 1173229at2759        -            211   0.00011   18.3   0.3   1   3    0.0083      0.24    7.4   0.0    89   137    12    69     9    72 0.68 -
JAAFKC010000402_1:5024-5689   -            222 1173229at2759        -            211   0.00011   18.3   0.3   2   3     0.084       2.5    4.1   0.0    98   138    76   116    72   126 0.89 -
JAAFKC010000402_1:5024-5689   -            222 1173229at2759        -            211   0.00011   18.3   0.3   3   3      0.35        10    2.1   0.0    63    78   143   158   139   161 0.89 -
JAAFKC010002053_1:3971-5401   -            477 1173229at2759        -            211   0.00011   18.3   0.2   1   3      0.11       3.2    3.8   0.0    64    90    83   109    64   117 0.77 -
JAAFKC010002053_1:3971-5401   -            477 1173229at2759        -            211   0.00011   18.3   0.2   2   3      0.04       1.2    5.2   0.0    62    89   124   151   114   155 0.86 -
JAAFKC010002053_1:3971-5401   -            477 1173229at2759        -            211   0.00011   18.3   0.2   3   3       0.1         3    3.9   0.0    59    84   388   413   372   422 0.75 -
JAAFKC010003462_1:1237-3786   -            850 1173229at2759        -            211   0.00014   18.0   8.8   1   8      0.37        11    2.1   0.0    63    79    24    40    19    45 0.84 -
JAAFKC010003462_1:1237-3786   -            850 1173229at2759        -            211   0.00014   18.0   8.8   2   8      0.82        24    0.9   0.0    62    81    81   100    62   105 0.79 -
JAAFKC010003462_1:1237-3786   -            850 1173229at2759        -            211   0.00014   18.0   8.8   3   8         2        58   -0.3   0.0    27    61   146   181   136   188 0.74 -
JAAFKC010003462_1:1237-3786   -            850 1173229at2759        -            211   0.00014   18.0   8.8   4   8     0.071       2.1    4.4   0.0    57    83   223   249   218   258 0.83 -
JAAFKC010003462_1:1237-3786   -            850 1173229at2759        -            211   0.00014   18.0   8.8   5   8       6.3   1.9e+02   -2.0   0.0    75   106   363   394   327   412 0.65 -
JAAFKC010003462_1:1237-3786   -            850 1173229at2759        -            211   0.00014   18.0   8.8   6   8      0.71        21    1.1   0.1   189   205   421   437   372   439 0.69 -
JAAFKC010003462_1:1237-3786   -            850 1173229at2759        -            211   0.00014   18.0   8.8   7   8     0.069         2    4.4   0.1   152   205   579   645   529   651 0.54 -
JAAFKC010003462_1:1237-3786   -            850 1173229at2759        -            211   0.00014   18.0   8.8   8   8      0.64        19    1.3   0.0    66    84   633   651   626   663 0.67 -
JAAFKC010002037_1:3311-4135   -            275 1173229at2759        -            211   0.00026   17.1   1.1   1   4       1.2        34    0.4   0.0    64    78    22    36    13    52 0.70 -
JAAFKC010002037_1:3311-4135   -            275 1173229at2759        -            211   0.00026   17.1   1.1   2   4      0.44        13    1.8   0.1    62    80   151   169   147   179 0.85 -
JAAFKC010002037_1:3311-4135   -            275 1173229at2759        -            211   0.00026   17.1   1.1   3   4         3        89   -0.9   0.0    62    79   193   210   170   218 0.67 -
JAAFKC010002037_1:3311-4135   -            275 1173229at2759        -            211   0.00026   17.1   1.1   4   4     0.001      0.03   10.4   0.0    62    84   246   268   224   274 0.82 -
JAAFKC010003854_1:603-1553    -            317 1173229at2759        -            211   0.00052   16.2   1.2   1   2       1.1        33    0.5   0.0    61    78   135   152   110   162 0.68 -
JAAFKC010003854_1:603-1553    -            317 1173229at2759        -            211   0.00052   16.2   1.2   2   2     0.002     0.057    9.5   0.0   100   183   160   253   155   268 0.69 -
JAAFKC010006176_1:314-835     -            174 1173229at2759        -            211   0.00065   15.8   2.8   1   3     0.011      0.33    7.0   0.1    61    85    15    39    11    46 0.85 -
JAAFKC010006176_1:314-835     -            174 1173229at2759        -            211   0.00065   15.8   2.8   2   3     0.064       1.9    4.5   0.1    66    80   112   126    40   129 0.70 -
JAAFKC010006176_1:314-835     -            174 1173229at2759        -            211   0.00065   15.8   2.8   3   3       1.2        36    0.3   0.0   191   206   157   172   136   174 0.85 -
JAAFKC010005666_1:854-1438    -            195 1173229at2759        -            211    0.0007   15.7   0.1   1   3     0.001      0.03   10.4   0.0    60    81    66    87    50    90 0.86 -
JAAFKC010005666_1:854-1438    -            195 1173229at2759        -            211    0.0007   15.7   0.1   2   3       0.4        12    1.9   0.0    63    81   137   155   119   160 0.70 -
JAAFKC010005666_1:854-1438    -            195 1173229at2759        -            211    0.0007   15.7   0.1   3   3       3.3        97   -1.1   0.0    34   203   170   192   159   195 0.49 -
JAAFKC010005454_1:582-1073    -            164 1173229at2759        -            211     0.001   15.2   6.2   1   2    0.0014     0.042    9.9   4.5    58   136    37   118     5   119 0.64 -
JAAFKC010005454_1:582-1073    -            164 1173229at2759        -            211     0.001   15.2   6.2   2   2      0.04       1.2    5.2   0.4    64    80   106   122    71   164 0.73 -
JAAFKC010000980_1:5800-6726   -            309 1173229at2759        -            211     0.001   15.2   0.1   1   3   0.00047     0.014   11.5   0.1    45    80    59    94    26   102 0.91 -
JAAFKC010000980_1:5800-6726   -            309 1173229at2759        -            211     0.001   15.2   0.1   2   3       7.1   2.1e+02   -2.2   0.0    62    80   160   178   157   181 0.77 -
JAAFKC010000980_1:5800-6726   -            309 1173229at2759        -            211     0.001   15.2   0.1   3   3       2.3        66   -0.5   0.0   160   176   291   307   285   308 0.72 -
JAAFKC010001819_1:2932-3858   -            309 1173229at2759        -            211     0.001   15.2   0.1   1   3   0.00047     0.014   11.5   0.1    45    80    59    94    26   102 0.91 -
JAAFKC010001819_1:2932-3858   -            309 1173229at2759        -            211     0.001   15.2   0.1   2   3       7.1   2.1e+02   -2.2   0.0    62    80   160   178   157   181 0.77 -
JAAFKC010001819_1:2932-3858   -            309 1173229at2759        -            211     0.001   15.2   0.1   3   3       2.3        66   -0.5   0.0   160   176   291   307   285   308 0.72 -
JAAFKC010000436_1:10532-11218 -            229 1173229at2759        -            211     0.001   15.2   0.7   1   3     0.019      0.56    6.2   0.1    50    80    50    78    13    82 0.81 -
JAAFKC010000436_1:10532-11218 -            229 1173229at2759        -            211     0.001   15.2   0.7   2   3     0.024       0.7    5.9   0.0    16    83   114   178   100   181 0.84 -
JAAFKC010000436_1:10532-11218 -            229 1173229at2759        -            211     0.001   15.2   0.7   3   3       6.5   1.9e+02   -2.0   0.0    14    27   206   219   196   223 0.54 -
JAAFKC010001488_1:1813-6819   -           1669 1173229at2759        -            211     0.001   15.2   4.8   1   5      0.62        18    1.3   0.2   122   184  1303  1361  1293  1371 0.70 -
JAAFKC010001488_1:1813-6819   -           1669 1173229at2759        -            211     0.001   15.2   4.8   2   5     0.092       2.7    4.0   0.0    61    80  1369  1388  1356  1393 0.86 -
JAAFKC010001488_1:1813-6819   -           1669 1173229at2759        -            211     0.001   15.2   4.8   3   5     0.038       1.1    5.3   0.0    55    82  1407  1434  1400  1440 0.80 -
JAAFKC010001488_1:1813-6819   -           1669 1173229at2759        -            211     0.001   15.2   4.8   4   5       1.8        54   -0.2   0.0    58    78  1558  1578  1544  1588 0.67 -
JAAFKC010001488_1:1813-6819   -           1669 1173229at2759        -            211     0.001   15.2   4.8   5   5         1        31    0.6   0.1    36   203  1649  1669  1640  1669 0.51 -
JAAFKC010000002_1:12021-12785 -            255 1173229at2759        -            211    0.0011   15.1   4.0   1   3   0.00016    0.0046   13.1   1.1    20    99    33   113    30   116 0.84 -
JAAFKC010000002_1:12021-12785 -            255 1173229at2759        -            211    0.0011   15.1   4.0   2   3      0.78        23    1.0   0.0    87   108   144   165   137   168 0.67 -
JAAFKC010000002_1:12021-12785 -            255 1173229at2759        -            211    0.0011   15.1   4.0   3   3       9.2   2.7e+02   -2.5   0.0    69    80   202   213   195   226 0.54 -
JAAFKC010001038_1:5472-6236   -            255 1173229at2759        -            211    0.0011   15.1   4.0   1   3   0.00016    0.0046   13.1   1.1    20    99    33   113    30   116 0.84 -
JAAFKC010001038_1:5472-6236   -            255 1173229at2759        -            211    0.0011   15.1   4.0   2   3      0.78        23    1.0   0.0    87   108   144   165   137   168 0.67 -
JAAFKC010001038_1:5472-6236   -            255 1173229at2759        -            211    0.0011   15.1   4.0   3   3       9.2   2.7e+02   -2.5   0.0    69    80   202   213   195   226 0.54 -
JAAFKC010004525_1:8-502       -            165 1173229at2759        -            211    0.0025   13.9   0.0   1   1   0.00018    0.0053   12.8   0.0    58    95    40    77    29    80 0.87 -
JAAFKC010000402_1:3917-5578   -            554 1173229at2759        -            211    0.0026   13.9   2.5   1   5       3.3        97   -1.1   0.0   138   157   255   274   245   291 0.78 -
JAAFKC010000402_1:3917-5578   -            554 1173229at2759        -            211    0.0026   13.9   2.5   2   5       6.4   1.9e+02   -2.0   0.0   131   173   307   352   299   365 0.67 -
JAAFKC010000402_1:3917-5578   -            554 1173229at2759        -            211    0.0026   13.9   2.5   3   5     0.033      0.97    5.5   0.0    89   137   381   438   378   441 0.68 -
JAAFKC010000402_1:3917-5578   -            554 1173229at2759        -            211    0.0026   13.9   2.5   4   5       0.3       8.6    2.4   0.0    98   138   445   485   439   495 0.89 -
JAAFKC010000402_1:3917-5578   -            554 1173229at2759        -            211    0.0026   13.9   2.5   5   5       1.1        32    0.5   0.0    63    78   512   527   508   528 0.88 -
JAAFKC010001623_1:3067-3843   -            259 1173229at2759        -            211    0.0026   13.8   1.7   1   3      0.93        27    0.7   0.0    46    79    28    62     6    89 0.53 -
JAAFKC010001623_1:3067-3843   -            259 1173229at2759        -            211    0.0026   13.8   1.7   2   3    0.0052      0.15    8.1   0.0    60    80    88   108    75   112 0.85 -
JAAFKC010001623_1:3067-3843   -            259 1173229at2759        -            211    0.0026   13.8   1.7   3   3      0.25       7.4    2.6   0.1    51    74   235   258   192   259 0.77 -
JAAFKC010000597_1:2981-3586   -            202 1173229at2759        -            211    0.0026   13.8   0.1   1   3    0.0067       0.2    7.7   0.0    61    81    81   101    60   104 0.75 -
JAAFKC010000597_1:2981-3586   -            202 1173229at2759        -            211    0.0026   13.8   0.1   2   3      0.32       9.3    2.3   0.0    50    81   131   162   115   166 0.81 -
JAAFKC010000597_1:2981-3586   -            202 1173229at2759        -            211    0.0026   13.8   0.1   3   3       1.6        47   -0.1   0.0    33   203   176   199   164   202 0.54 -
JAAFKC010005312_1:1483-2058   -            192 1173229at2759        -            211    0.0031   13.6   0.3   1   4       1.1        32    0.5   0.0   126   137     3    14     1    25 0.60 -
JAAFKC010005312_1:1483-2058   -            192 1173229at2759        -            211    0.0031   13.6   0.3   2   4       1.2        34    0.4   0.0   191   206    48    63    38    67 0.84 -
JAAFKC010005312_1:1483-2058   -            192 1173229at2759        -            211    0.0031   13.6   0.3   3   4     0.011      0.31    7.1   0.0    38    85   104   151    98   157 0.87 -
JAAFKC010005312_1:1483-2058   -            192 1173229at2759        -            211    0.0031   13.6   0.3   4   4       7.4   2.2e+02   -2.2   0.0    40   173   174   189   163   191 0.54 -
JAAFKC010005951_1:1464-2012   -            183 1173229at2759        -            211    0.0048   13.0   0.2   1   4     0.024       0.7    5.9   0.0   191   206    22    37    10    41 0.84 -
JAAFKC010005951_1:1464-2012   -            183 1173229at2759        -            211    0.0048   13.0   0.2   2   4      0.41        12    1.9   0.0    63   208    66    84    46    87 0.56 -
JAAFKC010005951_1:1464-2012   -            183 1173229at2759        -            211    0.0048   13.0   0.2   3   4       1.4        39    0.2   0.0    60    78   115   133    98   140 0.60 -
JAAFKC010005951_1:1464-2012   -            183 1173229at2759        -            211    0.0048   13.0   0.2   4   4       5.4   1.6e+02   -1.8   0.0   160   172   169   181   153   183 0.60 -
JAAFKC010002383_1:3699-4238   -            180 1173229at2759        -            211    0.0056   12.8   0.2   1   2    0.0023     0.066    9.3   0.1    56    80    79   103    34   105 0.78 -
JAAFKC010002383_1:3699-4238   -            180 1173229at2759        -            211    0.0056   12.8   0.2   2   2   0.00086     0.025   10.6   0.1    58    83    81   106    65   131 0.82 -
JAAFKC010000741_1:2880-3641   -            254 1173229at2759        -            211    0.0081   12.2   5.5   1   3    0.0049      0.14    8.2   2.3    58   136    32   117    21   129 0.80 -
JAAFKC010000741_1:2880-3641   -            254 1173229at2759        -            211    0.0081   12.2   5.5   2   3       2.8        82   -0.8   0.0    57    75   186   204   150   213 0.69 -
JAAFKC010000741_1:2880-3641   -            254 1173229at2759        -            211    0.0081   12.2   5.5   3   3      0.15       4.4    3.3   0.0    61   174   238   253   228   254 0.60 -
JAAFKC010000811_1:1815-2576   -            254 1173229at2759        -            211    0.0081   12.2   5.5   1   3    0.0049      0.14    8.2   2.3    58   136    32   117    21   129 0.80 -
JAAFKC010000811_1:1815-2576   -            254 1173229at2759        -            211    0.0081   12.2   5.5   2   3       2.8        82   -0.8   0.0    57    75   186   204   150   213 0.69 -
JAAFKC010000811_1:1815-2576   -            254 1173229at2759        -            211    0.0081   12.2   5.5   3   3      0.15       4.4    3.3   0.0    61   174   238   253   228   254 0.60 -
JAAFKC010006148_1:1555-1893   -            113 1173229at2759        -            211     0.009   12.1   0.0   1   2     0.025      0.73    5.9   0.0   110   143    34    67    14    83 0.82 -
JAAFKC010006148_1:1555-1893   -            113 1173229at2759        -            211     0.009   12.1   0.0   2   2     0.085       2.5    4.1   0.0    62    76    98   112    90   113 0.84 -
JAAFKC010000911_1:22-1245     -            408 1173229at2759        -            211     0.011   11.8   0.6   1   3      0.68        20    1.2   0.0    58    81   160   183   147   190 0.75 -
JAAFKC010000911_1:22-1245     -            408 1173229at2759        -            211     0.011   11.8   0.6   2   3     0.033      0.95    5.5   0.1    62    87   207   232   199   284 0.70 -
JAAFKC010000911_1:22-1245     -            408 1173229at2759        -            211     0.011   11.8   0.6   3   3       1.2        35    0.4   0.0    63    84   268   289   263   314 0.68 -
#
# Program:         hmmsearch
# Version:         3.1b2 (February 2015)
# Pipeline mode:   SEARCH
# Query file:      /Users/aholzer/ownCloud/PhD/Publications/2021 Liavero-Pasquina et al./analysis/TPP_aptamer_search/busco_downloads/lineages/eukaryota_odb10/hmms/1173229at2759.hmm
# Target file:     /Users/aholzer/ownCloud/PhD/Publications/2021 Liavero-Pasquina et al./analysis/TPP_aptamer_search/genomes/BUSCO_eukaryota_obd10/Bacillariophyta_sp_ASM1329908v1/run_eukaryota_odb10/metaeuk_output/initial_results/GCA_013299085.1_ASM1329908v1_genomic.fna.modified.fas
# Option settings: hmmsearch --domtblout /Users/aholzer/ownCloud/PhD/Publications/2021 Liavero-Pasquina et al./analysis/TPP_aptamer_search/genomes/BUSCO_eukaryota_obd10/Bacillariophyta_sp_ASM1329908v1/run_eukaryota_odb10/hmmer_output/initial_run_results/1173229at2759.out --cpu 1 /Users/aholzer/ownCloud/PhD/Publications/2021 Liavero-Pasquina et al./analysis/TPP_aptamer_search/busco_downloads/lineages/eukaryota_odb10/hmms/1173229at2759.hmm /Users/aholzer/ownCloud/PhD/Publications/2021 Liavero-Pasquina et al./analysis/TPP_aptamer_search/genomes/BUSCO_eukaryota_obd10/Bacillariophyta_sp_ASM1329908v1/run_eukaryota_odb10/metaeuk_output/initial_results/GCA_013299085.1_ASM1329908v1_genomic.fna.modified.fas 
# Current dir:     /Users/aholzer/ownCloud/PhD/Publications/2021 Liavero-Pasquina et al./analysis/TPP_aptamer_search
# Date:            Mon Apr 19 15:40:12 2021
# [ok]
