#                                                                                     --- full sequence --- -------------- this domain -------------   hmm coord   ali coord   env coord
# target name                 accession   tlen query name           accession   qlen   E-value  score  bias   #  of  c-Evalue  i-Evalue  score  bias  from    to  from    to  from    to  acc description of target
#         ------------------- ---------- ----- -------------------- ---------- ----- --------- ------ ----- --- --- --------- --------- ------ ----- ----- ----- ----- ----- ----- ----- ---- ---------------------
JAAFKC010000406_1:61-5181     -           1707 1312453at2759        -            678   5.9e-83  275.9  13.8   1   8   3.4e-26   3.2e-25   85.1   0.0    58   148   154   248   147   254 0.92 -
JAAFKC010000406_1:61-5181     -           1707 1312453at2759        -            678   5.9e-83  275.9  13.8   2   8     0.081      0.75    4.6   0.1   146   162   282   298   281   302 0.89 -
JAAFKC010000406_1:61-5181     -           1707 1312453at2759        -            678   5.9e-83  275.9  13.8   3   8   1.5e-16   1.4e-15   53.3   0.0   156   237   320   413   308   432 0.79 -
JAAFKC010000406_1:61-5181     -           1707 1312453at2759        -            678   5.9e-83  275.9  13.8   4   8     3e-15   2.8e-14   49.0   1.0   269   362   609   718   586   726 0.83 -
JAAFKC010000406_1:61-5181     -           1707 1312453at2759        -            678   5.9e-83  275.9  13.8   5   8   1.3e-18   1.2e-17   60.0   0.0   355   476   791   924   783   966 0.83 -
JAAFKC010000406_1:61-5181     -           1707 1312453at2759        -            678   5.9e-83  275.9  13.8   6   8     3e-06   2.8e-05   19.2   0.0   563   632  1283  1369  1266  1374 0.75 -
JAAFKC010000406_1:61-5181     -           1707 1312453at2759        -            678   5.9e-83  275.9  13.8   7   8      0.78       7.3    1.3   0.0   643   668  1449  1481  1407  1486 0.75 -
JAAFKC010000406_1:61-5181     -           1707 1312453at2759        -            678   5.9e-83  275.9  13.8   8   8      0.28       2.6    2.8   0.0   562   588  1678  1706  1670  1707 0.81 -
JAAFKC010001488_1:1813-6819   -           1669 1312453at2759        -            678   2.1e-80  267.5  30.7   1   8   1.5e-24   1.4e-23   79.7   2.4    58   162     2   133     1   141 0.82 -
JAAFKC010001488_1:1813-6819   -           1669 1312453at2759        -            678   2.1e-80  267.5  30.7   2   8   1.2e-12   1.1e-11   40.3   0.0   157   247   172   263   164   277 0.65 -
JAAFKC010001488_1:1813-6819   -           1669 1312453at2759        -            678   2.1e-80  267.5  30.7   3   8   4.8e-18   4.4e-17   58.2   2.1   270   362   537   645   509   656 0.84 -
JAAFKC010001488_1:1813-6819   -           1669 1312453at2759        -            678   2.1e-80  267.5  30.7   4   8   5.4e-22     5e-21   71.3   0.0   364   479   753   877   737   885 0.85 -
JAAFKC010001488_1:1813-6819   -           1669 1312453at2759        -            678   2.1e-80  267.5  30.7   5   8   8.4e-07   7.9e-06   21.0   0.3   562   638  1235  1328  1209  1349 0.74 -
JAAFKC010001488_1:1813-6819   -           1669 1312453at2759        -            678   2.1e-80  267.5  30.7   6   8     0.077      0.72    4.7   0.1   643   673  1402  1440  1357  1445 0.74 -
JAAFKC010001488_1:1813-6819   -           1669 1312453at2759        -            678   2.1e-80  267.5  30.7   7   8       3.3        31   -0.8   0.0   572   591  1560  1579  1554  1583 0.88 -
JAAFKC010001488_1:1813-6819   -           1669 1312453at2759        -            678   2.1e-80  267.5  30.7   8   8      0.26       2.4    2.9   0.0   563   588  1642  1669  1633  1669 0.77 -
JAAFKC010003534_1:1145-3703   -            853 1312453at2759        -            678     1e-66  222.3  15.9   1   4   4.7e-25   4.4e-24   81.4   2.2    57   162     2   134     1   142 0.82 -
JAAFKC010003534_1:1145-3703   -            853 1312453at2759        -            678     1e-66  222.3  15.9   2   4   5.3e-13   4.9e-12   41.6   0.0   157   247   173   264   165   278 0.65 -
JAAFKC010003534_1:1145-3703   -            853 1312453at2759        -            678     1e-66  222.3  15.9   3   4   2.6e-18   2.4e-17   59.1   2.5   270   362   538   646   509   658 0.83 -
JAAFKC010003534_1:1145-3703   -            853 1312453at2759        -            678     1e-66  222.3  15.9   4   4   3.6e-13   3.4e-12   42.1   0.0   364   447   754   846   737   850 0.81 -
JAAFKC010000490_1:5129-5842   -            238 1312453at2759        -            678   9.5e-13   43.9   0.0   1   1   1.3e-13   1.2e-12   43.5   0.0    51   225    52   231    32   235 0.84 -
JAAFKC010002995_1:1893-2831   -            313 1312453at2759        -            678   2.7e-12   42.4   0.0   1   1   6.3e-13   5.8e-12   41.3   0.0    45   231    58   256    27   293 0.74 -
JAAFKC010000106_1:8475-9269   -            265 1312453at2759        -            678   4.4e-11   38.4   0.1   1   1   4.5e-11   4.2e-10   35.2   0.1    41   226    69   258    12   262 0.81 -
JAAFKC010003217_1:2079-2873   -            265 1312453at2759        -            678   4.4e-11   38.4   0.1   1   1   4.5e-11   4.2e-10   35.2   0.1    41   226    69   258    12   262 0.81 -
JAAFKC010000199_1:2931-3815   -            295 1312453at2759        -            678   8.8e-11   37.4   0.0   1   1     4e-11   3.7e-10   35.4   0.0    41   230    48   249    42   252 0.70 -
JAAFKC010002520_1:3805-4689   -            295 1312453at2759        -            678   8.8e-11   37.4   0.0   1   1     4e-11   3.7e-10   35.4   0.0    41   230    48   249    42   252 0.70 -
JAAFKC010001028_1:3789-4673   -            295 1312453at2759        -            678   1.1e-10   37.1   0.0   1   1   5.8e-11   5.4e-10   34.8   0.0    42   231    49   250    42   294 0.72 -
JAAFKC010002490_1:2194-2940   -            249 1312453at2759        -            678   2.2e-10   36.1   0.0   1   1   3.6e-11   3.4e-10   35.5   0.0    75   189   108   218    73   229 0.84 -
JAAFKC010003031_1:1539-2348   -            270 1312453at2759        -            678   2.5e-10   35.9   0.0   1   1   5.4e-11     5e-10   34.9   0.0    45   229    70   266    48   269 0.74 -
JAAFKC010005585_1:1094-2091   -            296 1312453at2759        -            678   8.8e-10   34.1   0.0   1   1   2.2e-10     2e-09   32.9   0.0    39   230    52   252    28   257 0.73 -
JAAFKC010000581_1:9597-10268  -            224 1312453at2759        -            678     2e-09   32.9   0.2   1   3    0.0012     0.011   10.6   0.1    81   124    28    71    21    76 0.82 -
JAAFKC010000581_1:9597-10268  -            224 1312453at2759        -            678     2e-09   32.9   0.2   2   3    0.0016     0.015   10.2   0.0   161   179   106   124   103   129 0.90 -
JAAFKC010000581_1:9597-10268  -            224 1312453at2759        -            678     2e-09   32.9   0.2   3   3    0.0048     0.044    8.7   0.0   179   233   169   223   164   224 0.83 -
JAAFKC010002751_1:3411-4082   -            224 1312453at2759        -            678     2e-09   32.9   0.2   1   3    0.0012     0.011   10.6   0.1    81   124    28    71    21    76 0.82 -
JAAFKC010002751_1:3411-4082   -            224 1312453at2759        -            678     2e-09   32.9   0.2   2   3    0.0016     0.015   10.2   0.0   161   179   106   124   103   129 0.90 -
JAAFKC010002751_1:3411-4082   -            224 1312453at2759        -            678     2e-09   32.9   0.2   3   3    0.0048     0.044    8.7   0.0   179   233   169   223   164   224 0.83 -
JAAFKC010000267_1:13581-14333 -            251 1312453at2759        -            678   2.9e-09   32.4   1.7   1   4     0.052      0.48    5.2   0.0   570   591    23    44     3    48 0.75 -
JAAFKC010000267_1:13581-14333 -            251 1312453at2759        -            678   2.9e-09   32.4   1.7   2   4     0.065       0.6    4.9   0.0   573   592    69    88    44   105 0.75 -
JAAFKC010000267_1:13581-14333 -            251 1312453at2759        -            678   2.9e-09   32.4   1.7   3   4   0.00015    0.0014   13.6   0.1   574   618   112   156   108   183 0.80 -
JAAFKC010000267_1:13581-14333 -            251 1312453at2759        -            678   2.9e-09   32.4   1.7   4   4     0.043       0.4    5.5   0.1   573   626   192   250   179   251 0.63 -
JAAFKC010000396_1:5417-6169   -            251 1312453at2759        -            678   2.9e-09   32.4   1.7   1   4     0.052      0.48    5.2   0.0   570   591    23    44     3    48 0.75 -
JAAFKC010000396_1:5417-6169   -            251 1312453at2759        -            678   2.9e-09   32.4   1.7   2   4     0.065       0.6    4.9   0.0   573   592    69    88    44   105 0.75 -
JAAFKC010000396_1:5417-6169   -            251 1312453at2759        -            678   2.9e-09   32.4   1.7   3   4   0.00015    0.0014   13.6   0.1   574   618   112   156   108   183 0.80 -
JAAFKC010000396_1:5417-6169   -            251 1312453at2759        -            678   2.9e-09   32.4   1.7   4   4     0.043       0.4    5.5   0.1   573   626   192   250   179   251 0.63 -
JAAFKC010001830_1:3175-4413   -            413 1312453at2759        -            678   2.9e-09   32.4   0.1   1   3   8.8e-07   8.2e-06   21.0   0.0    79   125   186   233   144   247 0.88 -
JAAFKC010001830_1:3175-4413   -            413 1312453at2759        -            678   2.9e-09   32.4   0.1   2   3     0.042      0.39    5.5   0.0   163   179   290   306   285   319 0.87 -
JAAFKC010001830_1:3175-4413   -            413 1312453at2759        -            678   2.9e-09   32.4   0.1   3   3      0.41       3.8    2.3   0.0   205   233   385   413   353   413 0.77 -
JAAFKC010001028_1:1663-2232   -            190 1312453at2759        -            678   2.9e-09   32.4   0.0   1   1   1.6e-09   1.5e-08   30.0   0.0    68   229    11   180     7   184 0.73 -
JAAFKC010003462_1:1237-3786   -            850 1312453at2759        -            678   4.5e-09   31.8   6.7   1   7    0.0032     0.029    9.2   0.0   563   591    11    40     5   103 0.88 -
JAAFKC010003462_1:1237-3786   -            850 1312453at2759        -            678   4.5e-09   31.8   6.7   2   7     0.021       0.2    6.5   0.7   561   610   146   198   135   250 0.76 -
JAAFKC010003462_1:1237-3786   -            850 1312453at2759        -            678   4.5e-09   31.8   6.7   3   7       6.9        64   -1.8   0.0   572   597   226   251   213   271 0.77 -
JAAFKC010003462_1:1237-3786   -            850 1312453at2759        -            678   4.5e-09   31.8   6.7   4   7      0.19       1.7    3.4   0.0   574   590   421   437   392   444 0.78 -
JAAFKC010003462_1:1237-3786   -            850 1312453at2759        -            678   4.5e-09   31.8   6.7   5   7     0.029      0.27    6.1   0.0   574   645   545   616   526   631 0.54 -
JAAFKC010003462_1:1237-3786   -            850 1312453at2759        -            678   4.5e-09   31.8   6.7   6   7    0.0031     0.029    9.3   0.0   553   637   562   653   556   664 0.77 -
JAAFKC010003462_1:1237-3786   -            850 1312453at2759        -            678   4.5e-09   31.8   6.7   7   7      0.23       2.1    3.1   0.0   576   624   631   682   614   690 0.67 -
JAAFKC010000129_1:4716-5627   -            304 1312453at2759        -            678   5.7e-09   31.4   4.1   1   3    0.0055     0.051    8.5   0.0   563   598    16    54     2    79 0.73 -
JAAFKC010000129_1:4716-5627   -            304 1312453at2759        -            678   5.7e-09   31.4   4.1   2   3    0.0025     0.023    9.6   0.3   569   643    95   170    88   183 0.63 -
JAAFKC010000129_1:4716-5627   -            304 1312453at2759        -            678   5.7e-09   31.4   4.1   3   3    0.0002    0.0019   13.2   0.2   572   638   203   272   193   304 0.79 -
JAAFKC010001743_1:3625-4536   -            304 1312453at2759        -            678   5.7e-09   31.4   4.1   1   3    0.0055     0.051    8.5   0.0   563   598    16    54     2    79 0.73 -
JAAFKC010001743_1:3625-4536   -            304 1312453at2759        -            678   5.7e-09   31.4   4.1   2   3    0.0025     0.023    9.6   0.3   569   643    95   170    88   183 0.63 -
JAAFKC010001743_1:3625-4536   -            304 1312453at2759        -            678   5.7e-09   31.4   4.1   3   3    0.0002    0.0019   13.2   0.2   572   638   203   272   193   304 0.79 -
JAAFKC010002217_1:683-1093    -            137 1312453at2759        -            678   5.7e-09   31.4   0.0   1   1   9.3e-10   8.7e-09   30.8   0.0    84   188     4   104     1   115 0.78 -
JAAFKC010002223_1:4864-5691   -            276 1312453at2759        -            678   6.2e-09   31.3   0.0   1   1   1.3e-09   1.2e-08   30.4   0.0    73   182    61   173    52   186 0.82 -
JAAFKC010000426_1:1291-2118   -            276 1312453at2759        -            678   6.4e-09   31.3   0.0   1   1   1.3e-09   1.2e-08   30.3   0.0    73   182    61   173    53   186 0.82 -
JAAFKC010000787_1:9107-9859   -            251 1312453at2759        -            678   8.9e-09   30.8   1.2   1   4    0.0018     0.016   10.1   0.0   572   593    22    43     1    50 0.76 -
JAAFKC010000787_1:9107-9859   -            251 1312453at2759        -            678   8.9e-09   30.8   1.2   2   4    0.0079     0.074    7.9   0.0   554   598    49    96    42   134 0.67 -
JAAFKC010000787_1:9107-9859   -            251 1312453at2759        -            678   8.9e-09   30.8   1.2   3   4    0.0028     0.026    9.4   0.4   562   591   144   173    91   190 0.61 -
JAAFKC010000787_1:9107-9859   -            251 1312453at2759        -            678   8.9e-09   30.8   1.2   4   4    0.0038     0.035    9.0   0.2   562   592   144   174   130   214 0.78 -
JAAFKC010003307_1:2532-3008   -            159 1312453at2759        -            678     1e-08   30.6   0.3   1   2   0.00043     0.004   12.1   0.0   563   592     5    37     1    42 0.77 -
JAAFKC010003307_1:2532-3008   -            159 1312453at2759        -            678     1e-08   30.6   0.3   2   2   5.5e-05   0.00051   15.1   0.1   575   639    60   128    41   152 0.74 -
JAAFKC010005844_1:143-619     -            159 1312453at2759        -            678     1e-08   30.6   0.3   1   2   0.00043     0.004   12.1   0.0   563   592     5    37     1    42 0.77 -
JAAFKC010005844_1:143-619     -            159 1312453at2759        -            678     1e-08   30.6   0.3   2   2   5.5e-05   0.00051   15.1   0.1   575   639    60   128    41   152 0.74 -
JAAFKC010000002_1:72114-72758 -            215 1312453at2759        -            678   1.1e-08   30.5   0.5   1   2   7.8e-09   7.3e-08   27.8   0.1    55   115    79   140     9   156 0.86 -
JAAFKC010000002_1:72114-72758 -            215 1312453at2759        -            678   1.1e-08   30.5   0.5   2   2      0.82       7.6    1.3   0.0   163   185   186   208   181   211 0.88 -
JAAFKC010000711_1:9768-10412  -            215 1312453at2759        -            678   1.1e-08   30.5   0.5   1   2   7.8e-09   7.3e-08   27.8   0.1    55   115    79   140     9   156 0.86 -
JAAFKC010000711_1:9768-10412  -            215 1312453at2759        -            678   1.1e-08   30.5   0.5   2   2      0.82       7.6    1.3   0.0   163   185   186   208   181   211 0.88 -
JAAFKC010002602_1:2861-3763   -            301 1312453at2759        -            678   1.1e-08   30.5   0.0   1   1   6.5e-09   6.1e-08   28.0   0.0    46   231    61   259    55   264 0.68 -
JAAFKC010001989_1:1270-2160   -            297 1312453at2759        -            678   1.1e-08   30.4   0.0   1   2   2.2e-07     2e-06   23.0   0.0    50   129    77   167     9   169 0.84 -
JAAFKC010001989_1:1270-2160   -            297 1312453at2759        -            678   1.1e-08   30.4   0.0   2   2     0.052      0.48    5.2   0.0   163   224   231   288   211   294 0.72 -
JAAFKC010005853_1:176-1066    -            297 1312453at2759        -            678   1.1e-08   30.4   0.0   1   2   2.2e-07     2e-06   23.0   0.0    50   129    77   167     9   169 0.84 -
JAAFKC010005853_1:176-1066    -            297 1312453at2759        -            678   1.1e-08   30.4   0.0   2   2     0.052      0.48    5.2   0.0   163   224   231   288   211   294 0.72 -
JAAFKC010003902_1:1236-2339   -            368 1312453at2759        -            678   1.1e-08   30.4   8.8   1   4       0.2       1.8    3.3   0.0   563   608     3    51     2    77 0.67 -
JAAFKC010003902_1:1236-2339   -            368 1312453at2759        -            678   1.1e-08   30.4   8.8   2   4     6e-06   5.6e-05   18.2   0.9   568   642   137   213    81   227 0.85 -
JAAFKC010003902_1:1236-2339   -            368 1312453at2759        -            678   1.1e-08   30.4   8.8   3   4     0.082      0.76    4.6   0.0   561   591   291   324   272   328 0.83 -
JAAFKC010003902_1:1236-2339   -            368 1312453at2759        -            678   1.1e-08   30.4   8.8   4   4     0.027      0.25    6.2   0.1   572   591   347   366   328   368 0.77 -
JAAFKC010000381_1:7365-8800   -            395 1312453at2759        -            678   3.2e-08   28.9   2.6   1   3     1e-07   9.6e-07   24.1   1.0   563   665    97   212    66   215 0.77 -
JAAFKC010000381_1:7365-8800   -            395 1312453at2759        -            678   3.2e-08   28.9   2.6   2   3     0.055      0.52    5.1   0.0   538   591   198   255   193   267 0.80 -
JAAFKC010000381_1:7365-8800   -            395 1312453at2759        -            678   3.2e-08   28.9   2.6   3   3       6.9        64   -1.8   0.0   574   591   284   301   266   303 0.70 -
JAAFKC010000197_1:11270-12382 -            371 1312453at2759        -            678   3.2e-08   28.9   1.5   1   2   2.3e-07   2.1e-06   22.9   0.6    78   177   145   259   101   266 0.67 -
JAAFKC010000197_1:11270-12382 -            371 1312453at2759        -            678   3.2e-08   28.9   1.5   2   2      0.54         5    1.9   0.0   207   233   345   371   331   371 0.89 -
JAAFKC010002018_1:300-1412    -            371 1312453at2759        -            678   3.2e-08   28.9   1.5   1   2   2.3e-07   2.1e-06   22.9   0.6    78   177   145   259   101   266 0.67 -
JAAFKC010002018_1:300-1412    -            371 1312453at2759        -            678   3.2e-08   28.9   1.5   2   2      0.54         5    1.9   0.0   207   233   345   371   331   371 0.89 -
JAAFKC010005569_1:446-1294    -            283 1312453at2759        -            678   4.3e-08   28.5   1.5   1   3   3.8e-08   3.6e-07   25.5   0.1    55   115    67   128    40   144 0.84 -
JAAFKC010005569_1:446-1294    -            283 1312453at2759        -            678   4.3e-08   28.5   1.5   2   3      0.69       6.4    1.5   0.0   163   185   174   196   169   216 0.85 -
JAAFKC010005569_1:446-1294    -            283 1312453at2759        -            678   4.3e-08   28.5   1.5   3   3       9.5        88   -2.3   0.0   208   228   261   281   255   283 0.86 -
JAAFKC010000017_1:53357-54466 -            370 1312453at2759        -            678   4.5e-08   28.5   3.2   1   6      0.69       6.4    1.5   0.0   573   596    21    44     5    53 0.76 -
JAAFKC010000017_1:53357-54466 -            370 1312453at2759        -            678   4.5e-08   28.5   3.2   2   6     0.036      0.34    5.7   0.0   548   595    88   139    71   157 0.81 -
JAAFKC010000017_1:53357-54466 -            370 1312453at2759        -            678   4.5e-08   28.5   3.2   3   6      0.68       6.4    1.5   0.0   573   590   173   190   168   195 0.88 -
JAAFKC010000017_1:53357-54466 -            370 1312453at2759        -            678   4.5e-08   28.5   3.2   4   6    0.0074     0.069    8.0   0.1   560   591   202   233   191   245 0.80 -
JAAFKC010000017_1:53357-54466 -            370 1312453at2759        -            678   4.5e-08   28.5   3.2   5   6      0.53       4.9    1.9   0.0   573   590   268   285   264   289 0.89 -
JAAFKC010000017_1:53357-54466 -            370 1312453at2759        -            678   4.5e-08   28.5   3.2   6   6      0.13       1.2    3.9   0.0   562   600   296   337   286   369 0.76 -
JAAFKC010001930_1:5144-6253   -            370 1312453at2759        -            678   4.5e-08   28.5   3.2   1   6      0.69       6.4    1.5   0.0   573   596    21    44     5    53 0.76 -
JAAFKC010001930_1:5144-6253   -            370 1312453at2759        -            678   4.5e-08   28.5   3.2   2   6     0.036      0.34    5.7   0.0   548   595    88   139    71   157 0.81 -
JAAFKC010001930_1:5144-6253   -            370 1312453at2759        -            678   4.5e-08   28.5   3.2   3   6      0.68       6.4    1.5   0.0   573   590   173   190   168   195 0.88 -
JAAFKC010001930_1:5144-6253   -            370 1312453at2759        -            678   4.5e-08   28.5   3.2   4   6    0.0074     0.069    8.0   0.1   560   591   202   233   191   245 0.80 -
JAAFKC010001930_1:5144-6253   -            370 1312453at2759        -            678   4.5e-08   28.5   3.2   5   6      0.53       4.9    1.9   0.0   573   590   268   285   264   289 0.89 -
JAAFKC010001930_1:5144-6253   -            370 1312453at2759        -            678   4.5e-08   28.5   3.2   6   6      0.13       1.2    3.9   0.0   562   600   296   337   286   369 0.76 -
JAAFKC010002642_1:3207-3569   -            121 1312453at2759        -            678   5.8e-08   28.1   0.0   1   1   8.4e-09   7.8e-08   27.7   0.0    86   184     4    99     2   108 0.80 -
JAAFKC010000918_1:6499-7299   -            267 1312453at2759        -            678   5.9e-08   28.1   0.0   1   1   2.7e-08   2.5e-07   26.0   0.0    67   229    79   264    51   267 0.71 -
JAAFKC010003031_1:369-1340    -            324 1312453at2759        -            678   6.8e-08   27.9   0.0   1   1   1.2e-08   1.1e-07   27.1   0.0    67   233   118   297    92   307 0.77 -
JAAFKC010001770_1:5370-6041   -            224 1312453at2759        -            678     1e-07   27.3   0.6   1   3    0.0019     0.018    9.9   0.2    81   124    28    71    21    76 0.82 -
JAAFKC010001770_1:5370-6041   -            224 1312453at2759        -            678     1e-07   27.3   0.6   2   3    0.0023     0.021    9.7   0.0   161   179   106   124   103   132 0.90 -
JAAFKC010001770_1:5370-6041   -            224 1312453at2759        -            678     1e-07   27.3   0.6   3   3     0.078      0.73    4.6   0.0   205   233   195   223   171   224 0.88 -
JAAFKC010002555_1:3271-4191   -            307 1312453at2759        -            678   1.8e-07   26.5   0.0   1   2       2.8        26   -0.5   0.0   343   380    18    55    14    70 0.82 -
JAAFKC010002555_1:3271-4191   -            307 1312453at2759        -            678   1.8e-07   26.5   0.0   2   2   9.8e-07   9.2e-06   20.8   0.0    67   230    85   256    59   262 0.73 -
JAAFKC010001224_1:7434-8153   -            240 1312453at2759        -            678     2e-07   26.3   4.1   1   3    0.0012     0.012   10.6   0.2   572   596    14    38     1    69 0.70 -
JAAFKC010001224_1:7434-8153   -            240 1312453at2759        -            678     2e-07   26.3   4.1   2   3     0.093      0.87    4.4   0.0   573   596   110   133   101   139 0.88 -
JAAFKC010001224_1:7434-8153   -            240 1312453at2759        -            678     2e-07   26.3   4.1   3   3    0.0018     0.017   10.1   0.0   574   600   158   184   145   198 0.86 -
JAAFKC010001644_1:3060-3611   -            184 1312453at2759        -            678   2.6e-07   26.0   0.1   1   1   6.2e-08   5.8e-07   24.8   0.1    39   178    40   182     8   184 0.76 -
JAAFKC010000017_1:9185-9685   -            167 1312453at2759        -            678   4.5e-07   25.2   0.0   1   1   6.4e-08   5.9e-07   24.8   0.0    69   184    48   162    11   164 0.83 -
JAAFKC010003850_1:606-1400    -            265 1312453at2759        -            678   4.6e-07   25.1   0.0   1   1   2.9e-07   2.7e-06   22.6   0.0    66   229    67   256    50   262 0.70 -
JAAFKC010000649_1:1614-2348   -            245 1312453at2759        -            678   4.8e-07   25.1   0.0   1   1   5.5e-08   5.1e-07   25.0   0.0    15   184    21   199    12   245 0.76 -
JAAFKC010003929_1:2987-3646   -            220 1312453at2759        -            678     5e-07   25.0   0.1   1   2       6.8        63   -1.8   0.0   352   385    27    60    22    68 0.84 -
JAAFKC010003929_1:2987-3646   -            220 1312453at2759        -            678     5e-07   25.0   0.1   2   2   7.4e-07   6.9e-06   21.2   0.0    57   177    72   195    52   206 0.69 -
JAAFKC010005671_1:1549-2208   -            220 1312453at2759        -            678     5e-07   25.0   0.1   1   2       6.8        63   -1.8   0.0   352   385    27    60    22    68 0.84 -
JAAFKC010005671_1:1549-2208   -            220 1312453at2759        -            678     5e-07   25.0   0.1   2   2   7.4e-07   6.9e-06   21.2   0.0    57   177    72   195    52   206 0.69 -
JAAFKC010004901_1:1473-2555   -            361 1312453at2759        -            678   5.1e-07   25.0   2.2   1   3   0.00013    0.0012   13.8   0.2   574   628    96   153    81   169 0.83 -
JAAFKC010004901_1:1473-2555   -            361 1312453at2759        -            678   5.1e-07   25.0   2.2   2   3    0.0046     0.043    8.7   0.0   577   616   187   226   181   244 0.86 -
JAAFKC010004901_1:1473-2555   -            361 1312453at2759        -            678   5.1e-07   25.0   2.2   3   3       1.8        16    0.2   0.0   575   592   308   325   299   358 0.72 -
JAAFKC010000069_1:35449-36420 -            324 1312453at2759        -            678   5.3e-07   24.9   0.0   1   2   0.00038    0.0035   12.3   0.0    80   117   142   180   127   204 0.76 -
JAAFKC010000069_1:35449-36420 -            324 1312453at2759        -            678   5.3e-07   24.9   0.0   2   2    0.0011      0.01   10.7   0.0   164   229   257   323   235   324 0.79 -
JAAFKC010000374_1:4851-5822   -            324 1312453at2759        -            678   5.3e-07   24.9   0.0   1   2   0.00038    0.0035   12.3   0.0    80   117   142   180   127   204 0.76 -
JAAFKC010000374_1:4851-5822   -            324 1312453at2759        -            678   5.3e-07   24.9   0.0   2   2    0.0011      0.01   10.7   0.0   164   229   257   323   235   324 0.79 -
JAAFKC010005312_1:1483-2058   -            192 1312453at2759        -            678   5.4e-07   24.9   0.1   1   3      0.61       5.7    1.7   0.0   576   590     1    15     1    24 0.90 -
JAAFKC010005312_1:1483-2058   -            192 1312453at2759        -            678   5.4e-07   24.9   0.1   2   3      0.15       1.4    3.7   0.1   572   593    44    65    30    72 0.86 -
JAAFKC010005312_1:1483-2058   -            192 1312453at2759        -            678   5.4e-07   24.9   0.1   3   3   2.5e-05   0.00023   16.2   0.0   563   639    74   154    67   180 0.77 -
JAAFKC010000026_1:14960-18032 -            942 1312453at2759        -            678     6e-07   24.7   2.2   1   3       1.5        13    0.4   0.1   568   595   235   262   198   269 0.77 -
JAAFKC010000026_1:14960-18032 -            942 1312453at2759        -            678     6e-07   24.7   2.2   2   3   0.00011     0.001   14.0   0.1   576   640   440   510   403   524 0.84 -
JAAFKC010000026_1:14960-18032 -            942 1312453at2759        -            678     6e-07   24.7   2.2   3   3     0.016      0.15    6.9   0.0   575   631   571   631   538   637 0.69 -
JAAFKC010000199_1:5900-6433   -            178 1312453at2759        -            678   7.9e-07   24.3   0.1   1   1   1.8e-07   1.7e-06   23.2   0.1    42   125    34   125    27   176 0.75 -
JAAFKC010002520_1:1190-1723   -            178 1312453at2759        -            678   7.9e-07   24.3   0.1   1   1   1.8e-07   1.7e-06   23.2   0.1    42   125    34   125    27   176 0.75 -
JAAFKC010002602_1:3905-4522   -            206 1312453at2759        -            678   9.7e-07   24.0   0.0   1   1   1.5e-07   1.4e-06   23.6   0.0    68   127    90   153    86   163 0.80 -
JAAFKC010002037_1:3311-4135   -            275 1312453at2759        -            678   1.4e-06   23.6   0.6   1   4       0.6       5.6    1.7   0.0   575   592    21    38    17    63 0.88 -
JAAFKC010002037_1:3311-4135   -            275 1312453at2759        -            678   1.4e-06   23.6   0.6   2   4       0.4       3.7    2.3   0.0   574   592   108   126    97   147 0.86 -
JAAFKC010002037_1:3311-4135   -            275 1312453at2759        -            678   1.4e-06   23.6   0.6   3   4     0.062      0.58    5.0   0.1   573   594   150   171   136   208 0.81 -
JAAFKC010002037_1:3311-4135   -            275 1312453at2759        -            678   1.4e-06   23.6   0.6   4   4    0.0019     0.018   10.0   0.0   574   601   246   273   227   275 0.85 -
JAAFKC010005197_1:0-2390      -            797 1312453at2759        -            678   1.7e-06   23.3   8.1   1   7       0.6       5.5    1.7   0.0   578   591     1    14     1    77 0.90 -
JAAFKC010005197_1:0-2390      -            797 1312453at2759        -            678   1.7e-06   23.3   8.1   2   7      0.02      0.19    6.6   0.7   561   610   120   172   109   224 0.76 -
JAAFKC010005197_1:0-2390      -            797 1312453at2759        -            678   1.7e-06   23.3   8.1   3   7       6.4        60   -1.7   0.0   572   597   200   225   187   245 0.77 -
JAAFKC010005197_1:0-2390      -            797 1312453at2759        -            678   1.7e-06   23.3   8.1   4   7      0.17       1.6    3.5   0.0   574   590   368   384   338   391 0.78 -
JAAFKC010005197_1:0-2390      -            797 1312453at2759        -            678   1.7e-06   23.3   8.1   5   7      0.03      0.28    6.0   0.0   574   642   492   560   471   575 0.54 -
JAAFKC010005197_1:0-2390      -            797 1312453at2759        -            678   1.7e-06   23.3   8.1   6   7    0.0027     0.025    9.4   0.1   552   637   508   600   502   610 0.77 -
JAAFKC010005197_1:0-2390      -            797 1312453at2759        -            678   1.7e-06   23.3   8.1   7   7      0.28       2.6    2.8   0.0   576   624   578   629   568   636 0.68 -
JAAFKC010005571_1:1934-2275   -            114 1312453at2759        -            678   2.2e-06   22.9   0.0   1   1   2.8e-07   2.6e-06   22.6   0.0    88   128    11    52     5    64 0.88 -
JAAFKC010001373_1:1144-1997   -            235 1312453at2759        -            678   2.9e-06   22.5   0.0   1   1   3.4e-07   3.1e-06   22.4   0.0    12   185     2   190     1   235 0.67 -
JAAFKC010002053_1:3971-5401   -            477 1312453at2759        -            678   3.3e-06   22.3   3.7   1   4   0.00021    0.0019   13.1   0.0   564   631    67   142    43   151 0.73 -
JAAFKC010002053_1:3971-5401   -            477 1312453at2759        -            678   3.3e-06   22.3   3.7   2   4       2.1        19   -0.1   0.1   568   594   212   237   208   265 0.77 -
JAAFKC010002053_1:3971-5401   -            477 1312453at2759        -            678   3.3e-06   22.3   3.7   3   4       1.6        15    0.3   0.0   563   608   334   379   330   389 0.68 -
JAAFKC010002053_1:3971-5401   -            477 1312453at2759        -            678   3.3e-06   22.3   3.7   4   4     0.019      0.18    6.6   0.3   569   595   386   412   365   457 0.75 -
JAAFKC010006176_1:314-835     -            174 1312453at2759        -            678   3.6e-06   22.2   4.1   1   3   0.00021     0.002   13.1   0.4   573   605    15    47     1    63 0.73 -
JAAFKC010006176_1:314-835     -            174 1312453at2759        -            678   3.6e-06   22.2   4.1   2   3      0.12       1.1    4.0   0.0   573   596   107   130    98   149 0.85 -
JAAFKC010006176_1:314-835     -            174 1312453at2759        -            678   3.6e-06   22.2   4.1   3   3      0.15       1.4    3.7   0.1   574   593   155   174   143   174 0.86 -
JAAFKC010000785_1:5582-6529   -            316 1312453at2759        -            678   3.8e-06   22.1   0.0   1   1   4.6e-07   4.3e-06   21.9   0.0    78   224    92   260    46   275 0.75 -
JAAFKC010001581_1:5559-5927   -            123 1312453at2759        -            678   3.9e-06   22.1   0.0   1   1   4.4e-07   4.1e-06   22.0   0.0   158   227    45   119    16   122 0.81 -
JAAFKC010000191_1:2750-3442   -            231 1312453at2759        -            678   3.9e-06   22.1   0.1   1   1   1.9e-06   1.7e-05   19.9   0.1    82   182   106   219    90   224 0.69 -
JAAFKC010005333_1:163-1020    -            286 1312453at2759        -            678   4.2e-06   21.9   1.7   1   3   8.3e-05   0.00077   14.5   0.1   574   629    20    78     5    95 0.83 -
JAAFKC010005333_1:163-1020    -            286 1312453at2759        -            678   4.2e-06   21.9   1.7   2   3     0.088      0.82    4.5   0.0   577   615   111   150   105   169 0.79 -
JAAFKC010005333_1:163-1020    -            286 1312453at2759        -            678   4.2e-06   21.9   1.7   3   3       1.3        12    0.6   0.0   575   592   233   250   224   283 0.72 -
JAAFKC010001588_1:6139-6963   -            275 1312453at2759        -            678   4.2e-06   21.9   0.0   1   1   7.5e-07     7e-06   21.2   0.0    89   233   118   269   109   272 0.66 -
JAAFKC010000819_1:600-2054    -            485 1312453at2759        -            678   4.5e-06   21.9   2.2   1   4     0.046      0.43    5.4   0.1    77   115   137   175   127   180 0.81 -
JAAFKC010000819_1:600-2054    -            485 1312453at2759        -            678   4.5e-06   21.9   2.2   2   4     0.085      0.79    4.5   0.0    84   116   260   293   253   310 0.83 -
JAAFKC010000819_1:600-2054    -            485 1312453at2759        -            678   4.5e-06   21.9   2.2   3   4      0.25       2.3    3.0   0.0   162   179   361   378   354   391 0.85 -
JAAFKC010000819_1:600-2054    -            485 1312453at2759        -            678   4.5e-06   21.9   2.2   4   4      0.04      0.37    5.6   0.0   208   233   457   482   438   485 0.88 -
JAAFKC010002594_1:261-683     -            141 1312453at2759        -            678     6e-06   21.4   0.0   1   1   6.5e-07     6e-06   21.4   0.0    39   125    47   138    21   141 0.76 -
JAAFKC010000416_1:2868-5689   -            899 1312453at2759        -            678   6.5e-06   21.3   1.4   1   4     0.045      0.41    5.4   0.0   561   591   116   150    90   170 0.74 -
JAAFKC010000416_1:2868-5689   -            899 1312453at2759        -            678   6.5e-06   21.3   1.4   2   4       6.8        63   -1.8   0.0   576   594   526   544   521   561 0.86 -
JAAFKC010000416_1:2868-5689   -            899 1312453at2759        -            678   6.5e-06   21.3   1.4   3   4    0.0025     0.023    9.6   0.0   575   631   626   685   588   692 0.87 -
JAAFKC010000416_1:2868-5689   -            899 1312453at2759        -            678   6.5e-06   21.3   1.4   4   4      0.74       6.8    1.4   0.0   563   591   695   726   687   743 0.79 -
JAAFKC010001154_1:6183-7460   -            426 1312453at2759        -            678   6.9e-06   21.2   3.7   1   6       2.3        21   -0.2   0.0   573   594    80   101    63   108 0.85 -
JAAFKC010001154_1:6183-7460   -            426 1312453at2759        -            678   6.9e-06   21.2   3.7   2   6       1.3        12    0.6   0.0   575   593   137   155   123   161 0.85 -
JAAFKC010001154_1:6183-7460   -            426 1312453at2759        -            678   6.9e-06   21.2   3.7   3   6     0.048      0.44    5.3   0.0   550   595   149   198   137   214 0.81 -
JAAFKC010001154_1:6183-7460   -            426 1312453at2759        -            678   6.9e-06   21.2   3.7   4   6       1.8        17    0.1   0.0   574   591   230   247   215   256 0.87 -
JAAFKC010001154_1:6183-7460   -            426 1312453at2759        -            678   6.9e-06   21.2   3.7   5   6     0.012      0.11    7.4   0.1   563   591   258   289   255   299 0.82 -
JAAFKC010001154_1:6183-7460   -            426 1312453at2759        -            678   6.9e-06   21.2   3.7   6   6      0.38       3.5    2.4   0.0   575   590   326   341   321   403 0.64 -
JAAFKC010005951_1:1464-2012   -            183 1312453at2759        -            678   7.9e-06   21.0   1.6   1   3   0.00014    0.0013   13.8   0.2   569   592    15    38     2    52 0.79 -
JAAFKC010005951_1:1464-2012   -            183 1312453at2759        -            678   7.9e-06   21.0   1.6   2   3     0.037      0.35    5.7   0.0   563   604    50    95    47   119 0.79 -
JAAFKC010005951_1:1464-2012   -            183 1312453at2759        -            678   7.9e-06   21.0   1.6   3   3       3.9        36   -1.0   0.0   574   588   169   183   153   183 0.67 -
JAAFKC010003617_1:1196-2782   -            490 1312453at2759        -            678   1.1e-05   20.6   5.4   1   4   7.8e-06   7.3e-05   17.8   1.6   565   657   191   293   171   304 0.75 -
JAAFKC010003617_1:1196-2782   -            490 1312453at2759        -            678   1.1e-05   20.6   5.4   2   4    0.0044     0.041    8.8   0.4   573   649   244   323   231   330 0.65 -
JAAFKC010003617_1:1196-2782   -            490 1312453at2759        -            678   1.1e-05   20.6   5.4   3   4      0.02      0.19    6.6   0.1   556   609   265   322   257   349 0.63 -
JAAFKC010003617_1:1196-2782   -            490 1312453at2759        -            678   1.1e-05   20.6   5.4   4   4       6.2        57   -1.6   0.0   574   592   376   394   358   399 0.72 -
JAAFKC010004778_1:418-1113    -            232 1312453at2759        -            678   1.3e-05   20.4   0.2   1   1   6.5e-06     6e-05   18.1   0.2    82   181   106   220    74   226 0.74 -
JAAFKC010005299_1:1158-1853   -            232 1312453at2759        -            678   1.3e-05   20.4   0.2   1   1   6.5e-06     6e-05   18.1   0.2    82   181   106   220    74   226 0.74 -
JAAFKC010004390_1:543-1046    -            168 1312453at2759        -            678   1.4e-05   20.2   0.0   1   1   4.9e-06   4.5e-05   18.5   0.0    57   128    71   146     1   152 0.83 -
JAAFKC010001193_1:6074-6904   -            277 1312453at2759        -            678   2.1e-05   19.6   0.0   1   1   2.9e-06   2.7e-05   19.3   0.0    80   186   118   223   110   273 0.79 -
JAAFKC010001577_1:1383-2561   -            393 1312453at2759        -            678   2.2e-05   19.6   0.0   1   2   2.5e-05   0.00024   16.2   0.0    76   114   146   185   143   195 0.90 -
JAAFKC010001577_1:1383-2561   -            393 1312453at2759        -            678   2.2e-05   19.6   0.0   2   2       1.2        11    0.8   0.0   162   185   256   279   248   286 0.89 -
JAAFKC010002506_1:1087-2268   -            394 1312453at2759        -            678   2.2e-05   19.6   0.0   1   2   2.5e-05   0.00024   16.2   0.0    76   114   147   186   144   196 0.90 -
JAAFKC010002506_1:1087-2268   -            394 1312453at2759        -            678   2.2e-05   19.6   0.0   2   2       1.2        11    0.8   0.0   162   185   257   280   249   287 0.89 -
JAAFKC010000365_1:11316-11648 -            111 1312453at2759        -            678   2.2e-05   19.5   0.1   1   1   1.5e-05   0.00014   16.9   0.1    90   188     5   101     2   109 0.72 -
JAAFKC010001284_1:4634-4966   -            111 1312453at2759        -            678   2.2e-05   19.5   0.1   1   1   1.5e-05   0.00014   16.9   0.1    90   188     5   101     2   109 0.72 -
JAAFKC010000180_1:4416-5177   -            254 1312453at2759        -            678   2.7e-05   19.3   0.0   1   1     4e-06   3.7e-05   18.8   0.0    84   116   127   160   121   188 0.77 -
JAAFKC010002454_1:1299-2060   -            254 1312453at2759        -            678   2.7e-05   19.3   0.0   1   1     4e-06   3.7e-05   18.8   0.0    84   116   127   160   121   188 0.77 -
JAAFKC010003648_1:2325-2657   -            111 1312453at2759        -            678   2.8e-05   19.2   0.1   1   1   1.7e-05   0.00015   16.8   0.1    89   188     4   101     2   109 0.70 -
JAAFKC010004830_1:183-644     -            154 1312453at2759        -            678   3.3e-05   19.0   0.8   1   2      0.77       7.2    1.4   0.1   463   504    28    69     1    84 0.44 -
JAAFKC010004830_1:183-644     -            154 1312453at2759        -            678   3.3e-05   19.0   0.8   2   2   1.6e-05   0.00015   16.8   0.1    68   125    91   149    66   153 0.73 -
JAAFKC010001031_1:61-642      -            194 1312453at2759        -            678   3.8e-05   18.8   0.0   1   1   7.4e-06   6.8e-05   17.9   0.0    86   125   151   191   143   193 0.92 -
JAAFKC010000572_1:4483-5070   -            196 1312453at2759        -            678   4.1e-05   18.7   0.1   1   2   2.2e-05    0.0002   16.4   0.1    80   115    95   132    47   137 0.90 -
JAAFKC010000572_1:4483-5070   -            196 1312453at2759        -            678   4.1e-05   18.7   0.1   2   2       1.6        15    0.3   0.0   160   179   173   192   164   196 0.85 -
JAAFKC010000092_1:9472-10122  -            217 1312453at2759        -            678   4.4e-05   18.6   1.3   1   3       4.5        42   -1.2   0.2   576   591     6    21     4    34 0.82 -
JAAFKC010000092_1:9472-10122  -            217 1312453at2759        -            678   4.4e-05   18.6   1.3   2   3   0.00079    0.0073   11.2   0.0   563   614    42    96    22   114 0.77 -
JAAFKC010000092_1:9472-10122  -            217 1312453at2759        -            678   4.4e-05   18.6   1.3   3   3     0.038      0.36    5.7   0.0   574   591   170   187   150   200 0.89 -
JAAFKC010001513_1:4639-5289   -            217 1312453at2759        -            678   4.4e-05   18.6   1.3   1   3       4.5        42   -1.2   0.2   576   591     6    21     4    34 0.82 -
JAAFKC010001513_1:4639-5289   -            217 1312453at2759        -            678   4.4e-05   18.6   1.3   2   3   0.00079    0.0073   11.2   0.0   563   614    42    96    22   114 0.77 -
JAAFKC010001513_1:4639-5289   -            217 1312453at2759        -            678   4.4e-05   18.6   1.3   3   3     0.038      0.36    5.7   0.0   574   591   170   187   150   200 0.89 -
JAAFKC010003538_1:1704-2588   -            295 1312453at2759        -            678   4.9e-05   18.4   1.2   1   3      0.94       8.8    1.1   0.0   572   592    15    35     1    43 0.68 -
JAAFKC010003538_1:1704-2588   -            295 1312453at2759        -            678   4.9e-05   18.4   1.2   2   3     0.005     0.046    8.6   0.0   556   625    40   115    34   138 0.66 -
JAAFKC010003538_1:1704-2588   -            295 1312453at2759        -            678   4.9e-05   18.4   1.2   3   3     0.026      0.24    6.2   0.0   575   648   147   224   128   259 0.76 -
JAAFKC010001142_1:7893-8351   -            153 1312453at2759        -            678   5.4e-05   18.3   0.0   1   2   2.5e-05   0.00023   16.2   0.0    84   125    32    76     4    90 0.84 -
JAAFKC010001142_1:7893-8351   -            153 1312453at2759        -            678   5.4e-05   18.3   0.0   2   2       2.1        20   -0.1   0.0   145   174   115   148   108   152 0.71 -
JAAFKC010000154_1:18960-20003 -            348 1312453at2759        -            678   5.6e-05   18.2   0.0   1   2   7.3e-05   0.00068   14.7   0.0    78   180   118   228   108   230 0.73 -
JAAFKC010000154_1:18960-20003 -            348 1312453at2759        -            678   5.6e-05   18.2   0.0   2   2       3.4        31   -0.8   0.0   208   231   322   345   318   347 0.88 -
JAAFKC010001062_1:4650-5693   -            348 1312453at2759        -            678   5.6e-05   18.2   0.0   1   2   7.3e-05   0.00068   14.7   0.0    78   180   118   228   108   230 0.73 -
JAAFKC010001062_1:4650-5693   -            348 1312453at2759        -            678   5.6e-05   18.2   0.0   2   2       3.4        31   -0.8   0.0   208   231   322   345   318   347 0.88 -
JAAFKC010000919_1:3804-4259   -            152 1312453at2759        -            678   7.6e-05   17.8   0.0   1   1   4.1e-05   0.00038   15.5   0.0    78   221     1   152     1   152 0.69 -
JAAFKC010002736_1:272-652     -            127 1312453at2759        -            678   8.3e-05   17.7   0.0   1   1   1.1e-05    0.0001   17.4   0.0   160   227    46   118    40   125 0.76 -
JAAFKC010006165_1:751-1515    -            255 1312453at2759        -            678   8.5e-05   17.6   1.8   1   3       0.1      0.94    4.3   0.0   577   642    60   133    39   142 0.68 -
JAAFKC010006165_1:751-1515    -            255 1312453at2759        -            678   8.5e-05   17.6   1.8   2   3     0.003     0.028    9.3   0.4   577   644   148   218   132   221 0.81 -
JAAFKC010006165_1:751-1515    -            255 1312453at2759        -            678   8.5e-05   17.6   1.8   3   3      0.46       4.3    2.1   0.0   566   589   231   254   229   255 0.92 -
JAAFKC010000307_1:8292-8879   -            196 1312453at2759        -            678   8.8e-05   17.6   0.0   1   2   0.00041    0.0038   12.2   0.0    88   125     7    44     2    76 0.78 -
JAAFKC010000307_1:8292-8879   -            196 1312453at2759        -            678   8.8e-05   17.6   0.0   2   2      0.15       1.4    3.7   0.0   163   222   116   180   101   186 0.66 -
JAAFKC010003210_1:3351-4277   -            309 1312453at2759        -            678    0.0001   17.3   0.2   1   2   0.00058    0.0054   11.7   0.1    67   113    89   136    66   140 0.91 -
JAAFKC010003210_1:3351-4277   -            309 1312453at2759        -            678    0.0001   17.3   0.2   2   2      0.19       1.8    3.4   0.0   204   228   269   293   198   297 0.78 -
JAAFKC010000701_1:3151-3561   -            137 1312453at2759        -            678   0.00011   17.3   0.3   1   2    0.0022     0.021    9.7   0.0   552   647    13   111     3   116 0.75 -
JAAFKC010000701_1:3151-3561   -            137 1312453at2759        -            678   0.00011   17.3   0.3   2   2     0.016      0.15    6.9   0.1   572   591   117   136    97   137 0.77 -
JAAFKC010000942_1:1265-2083   -            273 1312453at2759        -            678   0.00011   17.2   0.0   1   1   0.00012    0.0011   14.0   0.0    57   229    76   269    55   272 0.66 -
JAAFKC010006025_1:531-1331    -            267 1312453at2759        -            678   0.00013   17.0   0.2   1   2    0.0023     0.022    9.7   0.1    66   123    99   159    38   163 0.77 -
JAAFKC010006025_1:531-1331    -            267 1312453at2759        -            678   0.00013   17.0   0.2   2   2      0.04      0.37    5.6   0.0   162   178   250   266   234   267 0.89 -
JAAFKC010000001_1:84638-85474 -            279 1312453at2759        -            678   0.00016   16.7   0.8   1   4      0.74       6.9    1.4   0.0   576   591    22    37    18    40 0.86 -
JAAFKC010000001_1:84638-85474 -            279 1312453at2759        -            678   0.00016   16.7   0.8   2   4      0.82       7.6    1.3   0.0   574   592   105   123    97   129 0.89 -
JAAFKC010000001_1:84638-85474 -            279 1312453at2759        -            678   0.00016   16.7   0.8   3   4     0.063      0.58    5.0   0.0   573   617   147   193   132   216 0.64 -
JAAFKC010000001_1:84638-85474 -            279 1312453at2759        -            678   0.00016   16.7   0.8   4   4      0.13       1.2    3.9   0.0   574   599   246   271   229   276 0.82 -
JAAFKC010002408_1:924-1760    -            279 1312453at2759        -            678   0.00016   16.7   0.8   1   4      0.74       6.9    1.4   0.0   576   591    22    37    18    40 0.86 -
JAAFKC010002408_1:924-1760    -            279 1312453at2759        -            678   0.00016   16.7   0.8   2   4      0.82       7.6    1.3   0.0   574   592   105   123    97   129 0.89 -
JAAFKC010002408_1:924-1760    -            279 1312453at2759        -            678   0.00016   16.7   0.8   3   4     0.063      0.58    5.0   0.0   573   617   147   193   132   216 0.64 -
JAAFKC010002408_1:924-1760    -            279 1312453at2759        -            678   0.00016   16.7   0.8   4   4      0.13       1.2    3.9   0.0   574   599   246   271   229   276 0.82 -
JAAFKC010000679_1:1878-2393   -            172 1312453at2759        -            678   0.00019   16.5   0.0   1   1   0.00019    0.0018   13.2   0.0    67   222     8   171     5   172 0.68 -
JAAFKC010000130_1:1811-3226   -            472 1312453at2759        -            678   0.00019   16.4   4.9   1   4   0.00015    0.0014   13.6   0.0   563   630    66   141    37   144 0.70 -
JAAFKC010000130_1:1811-3226   -            472 1312453at2759        -            678   0.00019   16.4   4.9   2   4       8.5        79   -2.1   0.2   574   633   192   211   186   228 0.59 -
JAAFKC010000130_1:1811-3226   -            472 1312453at2759        -            678   0.00019   16.4   4.9   3   4      0.18       1.6    3.5   0.1   563   627   308   379   306   385 0.61 -
JAAFKC010000130_1:1811-3226   -            472 1312453at2759        -            678   0.00019   16.4   4.9   4   4       1.3        12    0.6   0.2   567   594   358   385   348   402 0.79 -
JAAFKC010002635_1:2254-3669   -            472 1312453at2759        -            678   0.00019   16.4   4.9   1   4   0.00015    0.0014   13.6   0.0   563   630    66   141    37   144 0.70 -
JAAFKC010002635_1:2254-3669   -            472 1312453at2759        -            678   0.00019   16.4   4.9   2   4       8.5        79   -2.1   0.2   574   633   192   211   186   228 0.59 -
JAAFKC010002635_1:2254-3669   -            472 1312453at2759        -            678   0.00019   16.4   4.9   3   4      0.18       1.6    3.5   0.1   563   627   308   379   306   385 0.61 -
JAAFKC010002635_1:2254-3669   -            472 1312453at2759        -            678   0.00019   16.4   4.9   4   4       1.3        12    0.6   0.2   567   594   358   385   348   402 0.79 -
JAAFKC010000541_1:3312-3821   -            170 1312453at2759        -            678   0.00021   16.3   0.0   1   1   0.00021    0.0019   13.1   0.0    67   221     8   170     4   170 0.68 -
JAAFKC010001766_1:4991-5500   -            170 1312453at2759        -            678   0.00021   16.3   0.0   1   1   0.00021    0.0019   13.1   0.0    67   221     8   170     4   170 0.68 -
JAAFKC010000760_1:4296-5213   -            306 1312453at2759        -            678   0.00022   16.2   0.2   1   3      0.36       3.4    2.4   0.0   574   601    21    50     8    95 0.67 -
JAAFKC010000760_1:4296-5213   -            306 1312453at2759        -            678   0.00022   16.2   0.2   2   3      0.02      0.19    6.6   0.1   575   630    97   156    82   165 0.77 -
JAAFKC010000760_1:4296-5213   -            306 1312453at2759        -            678   0.00022   16.2   0.2   3   3      0.12       1.1    4.0   0.0   572   601   181   210   162   272 0.87 -
JAAFKC010005589_1:1446-2108   -            221 1312453at2759        -            678   0.00023   16.2   0.0   1   1     3e-05   0.00028   15.9   0.0    98   183    71   160    40   166 0.80 -
JAAFKC010002902_1:695-1612    -            306 1312453at2759        -            678   0.00024   16.1   0.2   1   3      0.37       3.4    2.4   0.0   574   602    21    51    12    96 0.65 -
JAAFKC010002902_1:695-1612    -            306 1312453at2759        -            678   0.00024   16.1   0.2   2   3     0.023      0.21    6.4   0.1   575   629    97   155    82   160 0.76 -
JAAFKC010002902_1:695-1612    -            306 1312453at2759        -            678   0.00024   16.1   0.2   3   3      0.14       1.3    3.8   0.0   573   601   182   210   165   272 0.87 -
JAAFKC010000061_1:15857-16543 -            229 1312453at2759        -            678   0.00025   16.1   0.4   1   1   0.00029    0.0027   12.7   0.1    83   179    45   140    25   154 0.78 -
JAAFKC010000137_1:389-1075    -            229 1312453at2759        -            678   0.00025   16.1   0.4   1   1   0.00029    0.0027   12.7   0.1    83   179    45   140    25   154 0.78 -
JAAFKC010005292_1:1503-2396   -            298 1312453at2759        -            678    0.0003   15.8   0.0   1   1   0.00014    0.0013   13.7   0.0    68   222    94   252    53   256 0.71 -
JAAFKC010000324_1:1572-2471   -            300 1312453at2759        -            678   0.00033   15.7   0.0   1   1    0.0001   0.00095   14.2   0.0    77   184   105   209    75   256 0.71 -
JAAFKC010000200_1:1157-1744   -            196 1312453at2759        -            678   0.00035   15.6   0.1   1   2   0.00019    0.0017   13.3   0.1    80   115    95   132    47   137 0.90 -
JAAFKC010000200_1:1157-1744   -            196 1312453at2759        -            678   0.00035   15.6   0.1   2   2       1.6        15    0.3   0.0   160   179   173   192   164   196 0.85 -
JAAFKC010005346_1:2-517       -            172 1312453at2759        -            678   0.00039   15.4   0.1   1   2    0.0021      0.02    9.8   0.0   572   609    71   108    25   114 0.69 -
JAAFKC010005346_1:2-517       -            172 1312453at2759        -            678   0.00039   15.4   0.1   2   2      0.11       1.1    4.1   0.0   572   598   129   155   125   172 0.75 -
JAAFKC010000361_1:3855-4442   -            196 1312453at2759        -            678   0.00039   15.4   0.1   1   2   0.00019    0.0017   13.3   0.1    80   115    95   132    47   137 0.90 -
JAAFKC010000361_1:3855-4442   -            196 1312453at2759        -            678   0.00039   15.4   0.1   2   2       1.9        18    0.1   0.0   161   179   174   192   164   196 0.86 -
JAAFKC010002383_1:3699-4238   -            180 1312453at2759        -            678   0.00041   15.4   0.0   1   1   5.2e-05   0.00048   15.1   0.0   557   607    63   118    44   152 0.70 -
JAAFKC010003002_1:3200-4099   -            300 1312453at2759        -            678   0.00041   15.4   0.0   1   1   0.00012    0.0011   13.9   0.0    77   184   105   209    73   255 0.73 -
JAAFKC010000087_1:22166-22942 -            259 1312453at2759        -            678   0.00047   15.2   0.5   1   3      0.12       1.1    4.0   0.1   562   614    50   105    31   111 0.77 -
JAAFKC010000087_1:22166-22942 -            259 1312453at2759        -            678   0.00047   15.2   0.5   2   3    0.0086      0.08    7.8   0.1   573   592   117   136    99   148 0.80 -
JAAFKC010000087_1:22166-22942 -            259 1312453at2759        -            678   0.00047   15.2   0.5   3   3         2        18    0.0   0.0   559   589   219   258   210   259 0.62 -
JAAFKC010001684_1:4101-4877   -            259 1312453at2759        -            678   0.00047   15.2   0.5   1   3      0.12       1.1    4.0   0.1   562   614    50   105    31   111 0.77 -
JAAFKC010001684_1:4101-4877   -            259 1312453at2759        -            678   0.00047   15.2   0.5   2   3    0.0086      0.08    7.8   0.1   573   592   117   136    99   148 0.80 -
JAAFKC010001684_1:4101-4877   -            259 1312453at2759        -            678   0.00047   15.2   0.5   3   3         2        18    0.0   0.0   559   589   219   258   210   259 0.62 -
JAAFKC010000660_1:10515-11567 -            351 1312453at2759        -            678   0.00048   15.1   0.1   1   2    0.0082     0.077    7.9   0.1    80   114   164   199   147   204 0.85 -
JAAFKC010000660_1:10515-11567 -            351 1312453at2759        -            678   0.00048   15.1   0.1   2   2     0.054       0.5    5.2   0.0   157   178   249   270   240   280 0.85 -
JAAFKC010000221_1:19301-20119 -            273 1312453at2759        -            678   0.00049   15.1   0.6   1   2       1.7        16    0.2   0.0   578   594     2    18     1    22 0.89 -
JAAFKC010000221_1:19301-20119 -            273 1312453at2759        -            678   0.00049   15.1   0.6   2   2   0.00034    0.0032   12.4   0.4   562   637    94   173    67   188 0.73 -
JAAFKC010000119_1:3652-4470   -            273 1312453at2759        -            678   0.00051   15.1   0.7   1   2       1.7        16    0.2   0.0   578   594     2    18     1    22 0.89 -
JAAFKC010000119_1:3652-4470   -            273 1312453at2759        -            678   0.00051   15.1   0.7   2   2   0.00036    0.0033   12.4   0.4   562   637    94   173    67   185 0.73 -
JAAFKC010000877_1:3328-4248   -            307 1312453at2759        -            678   0.00052   15.0   0.2   1   2   0.00086     0.008   11.1   0.0    85   114   116   146   107   168 0.85 -
JAAFKC010000877_1:3328-4248   -            307 1312453at2759        -            678   0.00052   15.0   0.2   2   2      0.83       7.8    1.2   0.1   205   227   279   301   274   305 0.88 -
JAAFKC010004922_1:2158-2502   -            115 1312453at2759        -            678   0.00053   15.0   0.1   1   2     0.021      0.19    6.5   0.0   574   637    13    79     1    93 0.68 -
JAAFKC010004922_1:2158-2502   -            115 1312453at2759        -            678   0.00053   15.0   0.1   2   2    0.0098     0.091    7.6   0.1   572   591    95   114    79   115 0.72 -
JAAFKC010003964_1:847-1350    -            168 1312453at2759        -            678   0.00056   14.9   0.0   1   1   0.00019    0.0018   13.3   0.0    57   128    71   146     1   152 0.83 -
JAAFKC010002747_1:1562-2233   -            224 1312453at2759        -            678   0.00063   14.8   0.0   1   2    0.0054      0.05    8.5   0.0   101   129    23    51    11    54 0.86 -
JAAFKC010002747_1:1562-2233   -            224 1312453at2759        -            678   0.00063   14.8   0.0   2   2      0.11         1    4.1   0.0   205   227   197   219   169   224 0.78 -
JAAFKC010002555_1:4573-5055   -            161 1312453at2759        -            678   0.00067   14.7   0.1   1   1   0.00011    0.0011   14.0   0.1    39   125     6   100     3   157 0.74 -
JAAFKC010003854_1:603-1553    -            317 1312453at2759        -            678   0.00067   14.7   0.5   1   3      0.68       6.3    1.5   0.1   573   591    12    30     8    52 0.84 -
JAAFKC010003854_1:603-1553    -            317 1312453at2759        -            678   0.00067   14.7   0.5   2   3    0.0024     0.022    9.6   0.1   568   634   130   203   109   225 0.64 -
JAAFKC010003854_1:603-1553    -            317 1312453at2759        -            678   0.00067   14.7   0.5   3   3      0.21         2    3.2   0.0   574   627   182   244   164   263 0.64 -
JAAFKC010005585_1:1597-1968   -            124 1312453at2759        -            678   0.00068   14.6   0.0   1   1   8.9e-05   0.00082   14.4   0.0   153   230    32   121    23   123 0.68 -
JAAFKC010000013_1:4166-5050   -            295 1312453at2759        -            678   0.00077   14.5   0.1   1   2    0.0044     0.041    8.8   0.1    86   125    74   114    64   121 0.84 -
JAAFKC010000013_1:4166-5050   -            295 1312453at2759        -            678   0.00077   14.5   0.1   2   2      0.18       1.6    3.5   0.0   205   237   253   285   241   291 0.84 -
JAAFKC010000240_1:14690-15574 -            295 1312453at2759        -            678   0.00077   14.5   0.1   1   2    0.0044     0.041    8.8   0.1    86   125    74   114    64   121 0.84 -
JAAFKC010000240_1:14690-15574 -            295 1312453at2759        -            678   0.00077   14.5   0.1   2   2      0.18       1.6    3.5   0.0   205   237   253   285   241   291 0.84 -
JAAFKC010000701_1:2411-2917   -            169 1312453at2759        -            678    0.0012   13.8   0.0   1   1   0.00014    0.0013   13.7   0.0   558   596    41    83    24   126 0.71 -
JAAFKC010003920_1:2475-3443   -            323 1312453at2759        -            678    0.0012   13.8   0.5   1   2      0.15       1.4    3.7   0.1   563   596    21    58    18    79 0.75 -
JAAFKC010003920_1:2475-3443   -            323 1312453at2759        -            678    0.0012   13.8   0.5   2   2    0.0055     0.051    8.5   0.0   575   633   138   196    91   210 0.81 -
JAAFKC010000674_1:7044-8131   -            334 1312453at2759        -            678    0.0012   13.8   0.0   1   1   0.00022     0.002   13.1   0.0    83   222   104   246    88   262 0.72 -
JAAFKC010002049_1:1738-2295   -            186 1312453at2759        -            678    0.0012   13.8   0.0   1   3      0.16       1.5    3.6   0.0   571   592    12    33     1    42 0.79 -
JAAFKC010002049_1:1738-2295   -            186 1312453at2759        -            678    0.0012   13.8   0.0   2   3     0.015      0.14    7.0   0.0   574   600    77   103    60   137 0.75 -
JAAFKC010002049_1:1738-2295   -            186 1312453at2759        -            678    0.0012   13.8   0.0   3   3       3.2        30   -0.7   0.0    87   103   145   161   142   167 0.89 -
JAAFKC010000185_1:14564-15253 -            230 1312453at2759        -            678    0.0013   13.7   0.1   1   2     0.013      0.12    7.2   0.1   575   630    20    79     8    89 0.77 -
JAAFKC010000185_1:14564-15253 -            230 1312453at2759        -            678    0.0013   13.7   0.1   2   2     0.067      0.62    4.9   0.0   572   601   104   133    81   197 0.85 -
JAAFKC010002572_1:1273-2040   -            256 1312453at2759        -            678    0.0014   13.6   0.5   1   3      0.01     0.095    7.6   0.0   574   595    16    37     2    56 0.83 -
JAAFKC010002572_1:1273-2040   -            256 1312453at2759        -            678    0.0014   13.6   0.5   2   3      0.25       2.3    3.0   0.0   572   592    90   110    81   145 0.84 -
JAAFKC010002572_1:1273-2040   -            256 1312453at2759        -            678    0.0014   13.6   0.5   3   3         3        28   -0.6   0.1   575   600   203   228   198   240 0.71 -
JAAFKC010006133_1:1205-1951   -            249 1312453at2759        -            678    0.0016   13.4   0.1   1   2      0.27       2.5    2.9   0.0    81   118    21    59     7    84 0.77 -
JAAFKC010006133_1:1205-1951   -            249 1312453at2759        -            678    0.0016   13.4   0.1   2   2     0.016      0.14    7.0   0.0   147   229   121   229   116   232 0.63 -
JAAFKC010001193_1:3618-4247   -            210 1312453at2759        -            678    0.0018   13.3   0.2   1   1     0.001    0.0094   10.9   0.2    78   177    51   146    44   209 0.66 -
JAAFKC010000354_1:12212-12946 -            245 1312453at2759        -            678    0.0024   12.9   0.0   1   1    0.0004    0.0037   12.2   0.0    89   126   127   166   117   179 0.81 -
JAAFKC010001972_1:4868-5602   -            245 1312453at2759        -            678    0.0024   12.9   0.0   1   1    0.0004    0.0038   12.2   0.0    89   126   127   166   117   178 0.81 -
JAAFKC010003376_1:1622-4203   -            821 1312453at2759        -            678     0.003   12.5   1.2   1   3      0.37       3.5    2.4   0.0   462   501   127   166   110   174 0.91 -
JAAFKC010003376_1:1622-4203   -            821 1312453at2759        -            678     0.003   12.5   1.2   2   3      0.18       1.7    3.5   0.1   446   504   183   244   174   282 0.79 -
JAAFKC010003376_1:1622-4203   -            821 1312453at2759        -            678     0.003   12.5   1.2   3   3      0.16       1.5    3.6   0.0   444   485   344   386   336   415 0.77 -
JAAFKC010004724_1:1577-1939   -            121 1312453at2759        -            678    0.0031   12.5   0.2   1   2      0.16       1.5    3.6   0.1   581   609    16    44    12    49 0.80 -
JAAFKC010004724_1:1577-1939   -            121 1312453at2759        -            678    0.0031   12.5   0.2   2   2    0.0039     0.036    8.9   0.0   561   598    36    77    28    84 0.76 -
JAAFKC010004187_1:1955-2917   -            321 1312453at2759        -            678    0.0032   12.4   0.0   1   1   0.00046    0.0043   12.0   0.0    99   225   136   282   124   309 0.67 -
JAAFKC010001659_1:2597-3274   -            226 1312453at2759        -            678    0.0034   12.3   0.2   1   2    0.0025     0.024    9.5   0.0   576   629    20    78     9    88 0.86 -
JAAFKC010001659_1:2597-3274   -            226 1312453at2759        -            678    0.0034   12.3   0.2   2   2       1.2        11    0.8   0.0   575   594   107   126    84   160 0.78 -
JAAFKC010003540_1:2506-4005   -            500 1312453at2759        -            678    0.0037   12.2   1.0   1   2      0.35       3.3    2.5   0.0   562   603   104   148    93   162 0.80 -
JAAFKC010003540_1:2506-4005   -            500 1312453at2759        -            678    0.0037   12.2   1.0   2   2    0.0061     0.056    8.3   0.2   562   639   301   378   284   389 0.72 -
JAAFKC010003325_1:0-958       -            280 1312453at2759        -            678    0.0037   12.2   0.3   1   2     0.084      0.78    4.5   0.0   462   501   127   166   104   174 0.91 -
JAAFKC010003325_1:0-958       -            280 1312453at2759        -            678    0.0037   12.2   0.3   2   2     0.041      0.38    5.6   0.1   446   504   183   244   175   276 0.80 -
JAAFKC010003679_1:2930-3796   -            289 1312453at2759        -            678    0.0043   12.0   0.4   1   1    0.0025     0.023    9.6   0.1    39   179    53   200    15   214 0.64 -
JAAFKC010004252_1:925-1422    -            166 1312453at2759        -            678    0.0054   11.7   0.5   1   3      0.22         2    3.2   0.0   574   592    14    32     5    51 0.87 -
JAAFKC010004252_1:925-1422    -            166 1312453at2759        -            678    0.0054   11.7   0.5   2   3     0.025      0.23    6.3   0.1   573   595    56    78    40   115 0.79 -
JAAFKC010004252_1:925-1422    -            166 1312453at2759        -            678    0.0054   11.7   0.5   3   3         6        56   -1.6   0.0   574   588   152   166   138   166 0.82 -
JAAFKC010003149_1:754-1686    -            311 1312453at2759        -            678     0.006   11.5   0.9   1   3     0.082      0.76    4.6   0.3   575   629    79   134    64   145 0.76 -
JAAFKC010003149_1:754-1686    -            311 1312453at2759        -            678     0.006   11.5   0.9   2   3     0.056      0.52    5.1   0.0   557   611   140   199   125   223 0.72 -
JAAFKC010003149_1:754-1686    -            311 1312453at2759        -            678     0.006   11.5   0.9   3   3       8.1        75   -2.0   0.0   557   590   272   308   244   309 0.71 -
JAAFKC010004922_1:1193-1783   -            197 1312453at2759        -            678    0.0062   11.5   0.0   1   1    0.0008    0.0074   11.2   0.0   573   596    18    41     3    76 0.76 -
JAAFKC010000081_1:15863-19735 -           1250 1312453at2759        -            678    0.0073   11.2   1.8   1   3      0.41       3.8    2.3   0.0   462   501   127   166   119   175 0.91 -
JAAFKC010000081_1:15863-19735 -           1250 1312453at2759        -            678    0.0073   11.2   1.8   2   3      0.13       1.2    3.9   0.1   445   504   182   244   174   281 0.80 -
JAAFKC010000081_1:15863-19735 -           1250 1312453at2759        -            678    0.0073   11.2   1.8   3   3      0.32         3    2.6   0.1   444   484   344   385   336   407 0.75 -
JAAFKC010000059_1:28539-29381 -            281 1312453at2759        -            678    0.0082   11.1   0.0   1   1    0.0017     0.016   10.1   0.0    75   121    91   138    65   170 0.77 -
JAAFKC010000926_1:4035-4787   -            251 1312453at2759        -            678    0.0083   11.1   0.3   1   3       2.3        22   -0.2   0.0   574   591    20    37     4    92 0.78 -
JAAFKC010000926_1:4035-4787   -            251 1312453at2759        -            678    0.0083   11.1   0.3   2   3       4.9        46   -1.3   0.0   575   605    74   104    53   121 0.71 -
JAAFKC010000926_1:4035-4787   -            251 1312453at2759        -            678    0.0083   11.1   0.3   3   3    0.0043      0.04    8.8   0.1   577   634   123   180    84   197 0.77 -
JAAFKC010000355_1:6647-10519  -           1250 1312453at2759        -            678    0.0083   11.0   1.4   1   3      0.65         6    1.6   0.0   462   501   127   166   121   175 0.91 -
JAAFKC010000355_1:6647-10519  -           1250 1312453at2759        -            678    0.0083   11.0   1.4   2   3      0.12       1.2    4.0   0.1   444   504   181   244   170   282 0.80 -
JAAFKC010000355_1:6647-10519  -           1250 1312453at2759        -            678    0.0083   11.0   1.4   3   3      0.32         3    2.6   0.1   444   484   344   385   336   407 0.75 -
JAAFKC010001982_1:184-1023    -            280 1312453at2759        -            678    0.0094   10.9   0.0   1   1    0.0025     0.023    9.6   0.0    82   128   119   166   108   264 0.81 -
JAAFKC010002515_1:3013-4171   -            351 1312453at2759        -            678    0.0097   10.8   0.1   1   2     0.054       0.5    5.2   0.0   563   592    50    82    10   121 0.73 -
JAAFKC010002515_1:3013-4171   -            351 1312453at2759        -            678    0.0097   10.8   0.1   2   2      0.14       1.3    3.8   0.0   562   613   190   244   149   262 0.74 -
JAAFKC010000625_1:3210-4079   -            290 1312453at2759        -            678     0.011   10.6   7.7   1   4       9.5        88   -2.3   0.1   563   594    53    87    40   125 0.61 -
JAAFKC010000625_1:3210-4079   -            290 1312453at2759        -            678     0.011   10.6   7.7   2   4     0.055      0.51    5.1   1.0   576   629   155   211   146   234 0.63 -
JAAFKC010000625_1:3210-4079   -            290 1312453at2759        -            678     0.011   10.6   7.7   3   4       1.5        14    0.3   0.1   575   592   196   213   189   246 0.74 -
JAAFKC010000625_1:3210-4079   -            290 1312453at2759        -            678     0.011   10.6   7.7   4   4    0.0048     0.045    8.6   0.2   573   592   250   270   224   281 0.73 -
JAAFKC010000445_1:2606-3307   -            234 1312453at2759        -            678     0.012   10.6   0.1   1   2       0.1      0.94    4.3   0.0   597   644    54   101    46   109 0.87 -
JAAFKC010000445_1:2606-3307   -            234 1312453at2759        -            678     0.012   10.6   0.1   2   2      0.15       1.4    3.7   0.0   568   592   206   230   183   232 0.83 -
JAAFKC010002873_1:716-1417    -            234 1312453at2759        -            678     0.012   10.6   0.1   1   2       0.1      0.94    4.3   0.0   597   644    54   101    46   109 0.87 -
JAAFKC010002873_1:716-1417    -            234 1312453at2759        -            678     0.012   10.6   0.1   2   2      0.15       1.4    3.7   0.0   568   592   206   230   183   232 0.83 -
JAAFKC010002115_1:581-1636    -            352 1312453at2759        -            678     0.013   10.5   0.0   1   3       1.2        11    0.8   0.0   552   596   121   168    91   174 0.62 -
JAAFKC010002115_1:581-1636    -            352 1312453at2759        -            678     0.013   10.5   0.0   2   3      0.78       7.3    1.3   0.0   574   600   196   222   186   246 0.85 -
JAAFKC010002115_1:581-1636    -            352 1312453at2759        -            678     0.013   10.5   0.0   3   3      0.11      0.99    4.2   0.0   574   589   337   352   316   352 0.79 -
JAAFKC010005645_1:13-426      -            138 1312453at2759        -            678     0.022    9.7   0.0   1   1    0.0025     0.023    9.6   0.0   576   619    19    63    12   111 0.73 -
JAAFKC010000002_1:12021-12785 -            255 1312453at2759        -            678     0.022    9.6   0.2   1   1    0.0059     0.054    8.4   0.1   571   610    29    67     7   112 0.61 -
JAAFKC010001038_1:5472-6236   -            255 1312453at2759        -            678     0.022    9.6   0.2   1   1    0.0059     0.054    8.4   0.1   571   610    29    67     7   112 0.61 -
JAAFKC010000482_1:9938-10693  -            252 1312453at2759        -            678     0.025    9.5   0.0   1   2       4.5        42   -1.2   0.0   573   595   138   160   123   178 0.78 -
JAAFKC010000482_1:9938-10693  -            252 1312453at2759        -            678     0.025    9.5   0.0   2   2    0.0084     0.078    7.8   0.0   571   598   182   209   155   214 0.75 -
JAAFKC010000215_1:3579-4226   -            216 1312453at2759        -            678     0.032    9.1   0.7   1   2     0.067      0.62    4.9   0.1   575   633    29    93    26   125 0.64 -
JAAFKC010000215_1:3579-4226   -            216 1312453at2759        -            678     0.032    9.1   0.7   2   2      0.25       2.4    2.9   0.0   574   589   197   212   165   215 0.87 -
JAAFKC010002929_1:398-1045    -            216 1312453at2759        -            678     0.032    9.1   0.7   1   2     0.067      0.62    4.9   0.1   575   633    29    93    26   125 0.64 -
JAAFKC010002929_1:398-1045    -            216 1312453at2759        -            678     0.032    9.1   0.7   2   2      0.25       2.4    2.9   0.0   574   589   197   212   165   215 0.87 -
JAAFKC010000684_1:7786-8328   -            181 1312453at2759        -            678     0.038    8.9   0.8   1   3      0.37       3.5    2.4   0.2   576   591    26    41     9    66 0.86 -
JAAFKC010000684_1:7786-8328   -            181 1312453at2759        -            678     0.038    8.9   0.8   2   3       0.1      0.95    4.2   0.1   562   597    54    94    43   116 0.74 -
JAAFKC010000684_1:7786-8328   -            181 1312453at2759        -            678     0.038    8.9   0.8   3   3         5        46   -1.3   0.0   577   591   148   162   145   168 0.84 -
JAAFKC010005454_1:582-1073    -            164 1312453at2759        -            678      0.11    7.4   8.5   1   2      0.44       4.1    2.2   3.6   577   636     2    64     1    78 0.54 -
JAAFKC010005454_1:582-1073    -            164 1312453at2759        -            678      0.11    7.4   8.5   2   2     0.024      0.23    6.3   0.1   574   592   104   122    85   147 0.73 -
#
# Program:         hmmsearch
# Version:         3.1b2 (February 2015)
# Pipeline mode:   SEARCH
# Query file:      /Users/aholzer/ownCloud/PhD/Publications/2021 Liavero-Pasquina et al./analysis/TPP_aptamer_search/busco_downloads/lineages/eukaryota_odb10/hmms/1312453at2759.hmm
# Target file:     /Users/aholzer/ownCloud/PhD/Publications/2021 Liavero-Pasquina et al./analysis/TPP_aptamer_search/genomes/BUSCO_eukaryota_obd10/Bacillariophyta_sp_ASM1329908v1/run_eukaryota_odb10/metaeuk_output/initial_results/GCA_013299085.1_ASM1329908v1_genomic.fna.modified.fas
# Option settings: hmmsearch --domtblout /Users/aholzer/ownCloud/PhD/Publications/2021 Liavero-Pasquina et al./analysis/TPP_aptamer_search/genomes/BUSCO_eukaryota_obd10/Bacillariophyta_sp_ASM1329908v1/run_eukaryota_odb10/hmmer_output/initial_run_results/1312453at2759.out --cpu 1 /Users/aholzer/ownCloud/PhD/Publications/2021 Liavero-Pasquina et al./analysis/TPP_aptamer_search/busco_downloads/lineages/eukaryota_odb10/hmms/1312453at2759.hmm /Users/aholzer/ownCloud/PhD/Publications/2021 Liavero-Pasquina et al./analysis/TPP_aptamer_search/genomes/BUSCO_eukaryota_obd10/Bacillariophyta_sp_ASM1329908v1/run_eukaryota_odb10/metaeuk_output/initial_results/GCA_013299085.1_ASM1329908v1_genomic.fna.modified.fas 
# Current dir:     /Users/aholzer/ownCloud/PhD/Publications/2021 Liavero-Pasquina et al./analysis/TPP_aptamer_search
# Date:            Mon Apr 19 15:40:22 2021
# [ok]
