#                                                                                     --- full sequence --- -------------- this domain -------------   hmm coord   ali coord   env coord
# target name                 accession   tlen query name           accession   qlen   E-value  score  bias   #  of  c-Evalue  i-Evalue  score  bias  from    to  from    to  from    to  acc description of target
#         ------------------- ---------- ----- -------------------- ---------- ----- --------- ------ ----- --- --- --------- --------- ------ ----- ----- ----- ----- ----- ----- ----- ---- ---------------------
JAAFKC010001369_1:1-3759      -           1253 160593at2759         -           1419    2e-198  658.7   8.3   1   2       1.6   2.6e+02   -4.4   0.1   167   208    75   116    46   164 0.60 -
JAAFKC010001369_1:1-3759      -           1253 160593at2759         -           1419    2e-198  658.7   8.3   2   2  1.2e-200    2e-198  658.7   8.3   383   943   667  1253   592  1253 0.90 -
JAAFKC010004679_1:228-2955    -            785 160593at2759         -           1419  7.5e-105  348.7   8.0   1   4   1.8e-63   2.9e-61  204.2   0.5   945  1158     2   236     1   261 0.89 -
JAAFKC010004679_1:228-2955    -            785 160593at2759         -           1419  7.5e-105  348.7   8.0   2   4   2.2e-46   3.5e-44  147.6   0.0  1230  1389   368   543   288   560 0.84 -
JAAFKC010004679_1:228-2955    -            785 160593at2759         -           1419  7.5e-105  348.7   8.0   3   4      0.17        28   -1.2   0.1   534   560   594   620   569   665 0.71 -
JAAFKC010004679_1:228-2955    -            785 160593at2759         -           1419  7.5e-105  348.7   8.0   4   4      0.45        74   -2.6   0.0    25   118   630   720   625   744 0.53 -
JAAFKC010000351_1:5883-6665   -            261 160593at2759         -           1419   1.7e-42  142.1   4.0   1   1   1.1e-44   1.8e-42  141.9   4.0   506   759     2   260     1   261 0.93 -
JAAFKC010002024_1:3790-4581   -            264 160593at2759         -           1419   4.9e-39  130.6   7.4   1   1   3.3e-41   5.4e-39  130.4   7.4   506   759     2   263     1   264 0.92 -
JAAFKC010001765_1:6255-6764   -            170 160593at2759         -           1419   5.9e-36  120.4   0.7   1   1   3.8e-38   6.3e-36  120.3   0.7   543   704     8   170     1   170 0.98 -
JAAFKC010000491_1:342-2558    -            739 160593at2759         -           1419   1.3e-09   33.1   0.1   1   5   8.5e-05     0.014    9.8   0.1   688   732     5    49     3    57 0.79 -
JAAFKC010000491_1:342-2558    -            739 160593at2759         -           1419   1.3e-09   33.1   0.1   2   5    0.0065       1.1    3.5   0.0   564   638    82   156    68   200 0.84 -
JAAFKC010000491_1:342-2558    -            739 160593at2759         -           1419   1.3e-09   33.1   0.1   3   5   0.00067      0.11    6.8   0.0   607   660   209   262   191   285 0.71 -
JAAFKC010000491_1:342-2558    -            739 160593at2759         -           1419   1.3e-09   33.1   0.1   4   5     0.027       4.4    1.5   0.0   829   873   283   327   273   342 0.75 -
JAAFKC010000491_1:342-2558    -            739 160593at2759         -           1419   1.3e-09   33.1   0.1   5   5    0.0026      0.43    4.8   0.1   489   546   338   395   330   397 0.87 -
JAAFKC010006164_1:386-1932    -            493 160593at2759         -           1419   4.7e-08   27.9   2.3   1   3   0.00027     0.044    8.1   0.1   688   733     6    51     4    58 0.75 -
JAAFKC010006164_1:386-1932    -            493 160593at2759         -           1419   4.7e-08   27.9   2.3   2   3   0.00062       0.1    6.9   0.0   607   638   208   239   201   273 0.72 -
JAAFKC010006164_1:386-1932    -            493 160593at2759         -           1419   4.7e-08   27.9   2.3   3   3   0.00052     0.085    7.2   0.3   527   625   291   395   256   408 0.72 -
JAAFKC010001334_1:6150-8243   -            698 160593at2759         -           1419   2.3e-06   22.3   0.0   1   4    0.0063         1    3.6   0.0   564   636    41   113    27   157 0.85 -
JAAFKC010001334_1:6150-8243   -            698 160593at2759         -           1419   2.3e-06   22.3   0.0   2   4   0.00074      0.12    6.7   0.0   607   659   168   220   159   241 0.70 -
JAAFKC010001334_1:6150-8243   -            698 160593at2759         -           1419   2.3e-06   22.3   0.0   3   4     0.032       5.3    1.2   0.0   829   866   242   279   233   300 0.76 -
JAAFKC010001334_1:6150-8243   -            698 160593at2759         -           1419   2.3e-06   22.3   0.0   4   4    0.0024       0.4    4.9   0.1   489   546   297   354   289   356 0.87 -
JAAFKC010000212_1:15988-19512 -           1175 160593at2759         -           1419    0.0066   10.8   0.9   1   3    0.0006     0.099    7.0   0.1   723   864   428   567   411   573 0.76 -
JAAFKC010000212_1:15988-19512 -           1175 160593at2759         -           1419    0.0066   10.8   0.9   2   3      0.15        25   -1.0   0.0   345   393   854   905   796   919 0.49 -
JAAFKC010000212_1:15988-19512 -           1175 160593at2759         -           1419    0.0066   10.8   0.9   3   3      0.22        36   -1.5   0.0  1002  1040  1027  1065   999  1075 0.83 -
JAAFKC010001246_1:2398-5922   -           1175 160593at2759         -           1419    0.0071   10.8   0.9   1   3    0.0006     0.099    7.0   0.1   723   864   428   567   411   573 0.76 -
JAAFKC010001246_1:2398-5922   -           1175 160593at2759         -           1419    0.0071   10.8   0.9   2   3      0.15        25   -1.0   0.0   345   393   854   905   796   919 0.49 -
JAAFKC010001246_1:2398-5922   -           1175 160593at2759         -           1419    0.0071   10.8   0.9   3   3      0.22        36   -1.5   0.0  1002  1040  1027  1065   999  1075 0.83 -
#
# Program:         hmmsearch
# Version:         3.1b2 (February 2015)
# Pipeline mode:   SEARCH
# Query file:      /Users/aholzer/ownCloud/PhD/Publications/2021 Liavero-Pasquina et al./analysis/TPP_aptamer_search/busco_downloads/lineages/eukaryota_odb10/hmms/160593at2759.hmm
# Target file:     /Users/aholzer/ownCloud/PhD/Publications/2021 Liavero-Pasquina et al./analysis/TPP_aptamer_search/genomes/BUSCO_eukaryota_obd10/Bacillariophyta_sp_ASM1329908v1/run_eukaryota_odb10/metaeuk_output/initial_results/GCA_013299085.1_ASM1329908v1_genomic.fna.modified.fas
# Option settings: hmmsearch --domtblout /Users/aholzer/ownCloud/PhD/Publications/2021 Liavero-Pasquina et al./analysis/TPP_aptamer_search/genomes/BUSCO_eukaryota_obd10/Bacillariophyta_sp_ASM1329908v1/run_eukaryota_odb10/hmmer_output/initial_run_results/160593at2759.out --cpu 1 /Users/aholzer/ownCloud/PhD/Publications/2021 Liavero-Pasquina et al./analysis/TPP_aptamer_search/busco_downloads/lineages/eukaryota_odb10/hmms/160593at2759.hmm /Users/aholzer/ownCloud/PhD/Publications/2021 Liavero-Pasquina et al./analysis/TPP_aptamer_search/genomes/BUSCO_eukaryota_obd10/Bacillariophyta_sp_ASM1329908v1/run_eukaryota_odb10/metaeuk_output/initial_results/GCA_013299085.1_ASM1329908v1_genomic.fna.modified.fas 
# Current dir:     /Users/aholzer/ownCloud/PhD/Publications/2021 Liavero-Pasquina et al./analysis/TPP_aptamer_search
# Date:            Mon Apr 19 15:40:32 2021
# [ok]
