#                                                                                   --- full sequence --- -------------- this domain -------------   hmm coord   ali coord   env coord
# target name               accession   tlen query name           accession   qlen   E-value  score  bias   #  of  c-Evalue  i-Evalue  score  bias  from    to  from    to  from    to  acc description of target
#       ------------------- ---------- ----- -------------------- ---------- ----- --------- ------ ----- --- --- --------- --------- ------ ----- ----- ----- ----- ----- ----- ----- ---- ---------------------
JAAFKC010001036_1:907-2367  -            441 719531at2759         -            284  4.3e-105  347.7  13.7   1   3   1.5e-61   8.2e-59  195.8   1.5     1   149     4   167     4   171 0.94 -
JAAFKC010001036_1:907-2367  -            441 719531at2759         -            284  4.3e-105  347.7  13.7   2   3   1.4e-49   7.5e-47  156.6   1.9   154   269   202   330   184   339 0.88 -
JAAFKC010001036_1:907-2367  -            441 719531at2759         -            284  4.3e-105  347.7  13.7   3   3     0.023        12    1.6   0.1   268   284   358   374   355   374 0.87 -
JAAFKC010005076_1:1922-2652 -            205 719531at2759         -            284   0.00012   18.1   0.0   1   2   4.2e-07   0.00023   17.2   0.0   214   256    86   128    60   139 0.84 -
JAAFKC010005076_1:1922-2652 -            205 719531at2759         -            284   0.00012   18.1   0.0   2   2      0.66   3.6e+02   -3.2   0.0   173   201   152   180   148   189 0.71 -
JAAFKC010001699_1:6264-6994 -            205 719531at2759         -            284   0.00012   18.1   0.0   1   2   4.2e-07   0.00023   17.2   0.0   214   256    86   128    60   139 0.84 -
JAAFKC010001699_1:6264-6994 -            205 719531at2759         -            284   0.00012   18.1   0.0   2   2      0.74     4e+02   -3.3   0.0   173   201   152   180   148   188 0.71 -
#
# Program:         hmmsearch
# Version:         3.1b2 (February 2015)
# Pipeline mode:   SEARCH
# Query file:      /Users/aholzer/ownCloud/PhD/Publications/2021 Liavero-Pasquina et al./analysis/TPP_aptamer_search/busco_downloads/lineages/eukaryota_odb10/hmms/719531at2759.hmm
# Target file:     /Users/aholzer/ownCloud/PhD/Publications/2021 Liavero-Pasquina et al./analysis/TPP_aptamer_search/genomes/BUSCO_eukaryota_obd10/Bacillariophyta_sp_ASM1329908v1/run_eukaryota_odb10/metaeuk_output/initial_results/GCA_013299085.1_ASM1329908v1_genomic.fna.modified.fas
# Option settings: hmmsearch --domtblout /Users/aholzer/ownCloud/PhD/Publications/2021 Liavero-Pasquina et al./analysis/TPP_aptamer_search/genomes/BUSCO_eukaryota_obd10/Bacillariophyta_sp_ASM1329908v1/run_eukaryota_odb10/hmmer_output/initial_run_results/719531at2759.out --cpu 1 /Users/aholzer/ownCloud/PhD/Publications/2021 Liavero-Pasquina et al./analysis/TPP_aptamer_search/busco_downloads/lineages/eukaryota_odb10/hmms/719531at2759.hmm /Users/aholzer/ownCloud/PhD/Publications/2021 Liavero-Pasquina et al./analysis/TPP_aptamer_search/genomes/BUSCO_eukaryota_obd10/Bacillariophyta_sp_ASM1329908v1/run_eukaryota_odb10/metaeuk_output/initial_results/GCA_013299085.1_ASM1329908v1_genomic.fna.modified.fas 
# Current dir:     /Users/aholzer/ownCloud/PhD/Publications/2021 Liavero-Pasquina et al./analysis/TPP_aptamer_search
# Date:            Mon Apr 19 15:41:11 2021
# [ok]
