#                                                                                   --- full sequence --- -------------- this domain -------------   hmm coord   ali coord   env coord
# target name               accession   tlen query name           accession   qlen   E-value  score  bias   #  of  c-Evalue  i-Evalue  score  bias  from    to  from    to  from    to  acc description of target
#       ------------------- ---------- ----- -------------------- ---------- ----- --------- ------ ----- --- --- --------- --------- ------ ----- ----- ----- ----- ----- ----- ----- ---- ---------------------
scaffold_15589:3-842        -            280 261328at2759         -            450   2.8e-29   97.8  15.1   1   2   7.5e-21   6.9e-20   66.8   6.3    84   207     5   133     5   140 0.92 -
scaffold_15589:3-842        -            280 261328at2759         -            450   2.8e-29   97.8  15.1   2   2   2.9e-09   2.7e-08   28.6   1.3   131   207   136   221   132   235 0.84 -
scaffold_9365:5464-6303     -            280 261328at2759         -            450   2.8e-29   97.8  15.1   1   2   7.5e-21   6.9e-20   66.8   6.3    84   207     5   133     5   140 0.92 -
scaffold_9365:5464-6303     -            280 261328at2759         -            450   2.8e-29   97.8  15.1   2   2   2.9e-09   2.7e-08   28.6   1.3   131   207   136   221   132   235 0.84 -
scaffold_4269:4195-5091     -            299 261328at2759         -            450   9.6e-28   92.7   0.1   1   2   7.9e-11   7.3e-10   33.8   0.1    92   204    21   140     3   145 0.85 -
scaffold_4269:4195-5091     -            299 261328at2759         -            450   9.6e-28   92.7   0.1   2   2   5.5e-19   5.1e-18   60.7   0.0    77   210   132   275   128   286 0.86 -
scaffold_4438:29941-30921   -            327 261328at2759         -            450   1.1e-27   92.6   4.0   1   3   2.1e-13     2e-12   42.3   0.1   120   203     9    99     2   121 0.81 -
scaffold_4438:29941-30921   -            327 261328at2759         -            450   1.1e-27   92.6   4.0   2   3      0.12       1.1    3.6   0.0    93   130   201   239   195   245 0.67 -
scaffold_4438:29941-30921   -            327 261328at2759         -            450   1.1e-27   92.6   4.0   3   3   6.8e-08   6.3e-07   24.1   0.2   133   187   268   327   247   327 0.81 -
scaffold_3839:14458-15375   -            306 261328at2759         -            450   3.7e-27   90.8  10.1   1   5     0.021       0.2    6.0   0.1   166   189     9    32     1    41 0.66 -
scaffold_3839:14458-15375   -            306 261328at2759         -            450   3.7e-27   90.8  10.1   2   5   5.9e-10   5.4e-09   30.9   0.1   151   194    45    88    37    90 0.91 -
scaffold_3839:14458-15375   -            306 261328at2759         -            450   3.7e-27   90.8  10.1   3   5   2.3e-07   2.1e-06   22.4   0.2   150   192    86   127    84   149 0.83 -
scaffold_3839:14458-15375   -            306 261328at2759         -            450   3.7e-27   90.8  10.1   4   5   1.4e-10   1.3e-09   33.0   0.3    56   150   154   253   138   265 0.77 -
scaffold_3839:14458-15375   -            306 261328at2759         -            450   3.7e-27   90.8  10.1   5   5      0.99       9.1    0.5   0.0   163   185   284   306   272   306 0.83 -
scaffold_4337:8687-9463     -            259 261328at2759         -            450     1e-26   89.4   0.3   1   3   9.1e-12   8.4e-11   36.9   0.0   136   204     1    76     1    77 0.87 -
scaffold_4337:8687-9463     -            259 261328at2759         -            450     1e-26   89.4   0.3   2   3   6.2e-09   5.8e-08   27.6   0.0    76   191    67   188    65   192 0.80 -
scaffold_4337:8687-9463     -            259 261328at2759         -            450     1e-26   89.4   0.3   3   3   3.5e-09   3.2e-08   28.4   0.1   151   214   192   255   187   259 0.91 -
scaffold_3887:40876-41724   -            283 261328at2759         -            450   7.7e-26   86.5   3.3   1   5   0.00041    0.0038   11.7   0.1   154   191     1    38     1    50 0.91 -
scaffold_3887:40876-41724   -            283 261328at2759         -            450   7.7e-26   86.5   3.3   2   5   4.1e-10   3.8e-09   31.4   0.0   151   205    54   108    42   109 0.95 -
scaffold_3887:40876-41724   -            283 261328at2759         -            450   7.7e-26   86.5   3.3   3   5   1.3e-08   1.2e-07   26.5   0.0   153   197    98   142    96   150 0.92 -
scaffold_3887:40876-41724   -            283 261328at2759         -            450   7.7e-26   86.5   3.3   4   5   3.8e-05   0.00035   15.1   0.0   162   195   153   186   147   221 0.86 -
scaffold_3887:40876-41724   -            283 261328at2759         -            450   7.7e-26   86.5   3.3   5   5     0.016      0.15    6.4   0.0   172   218   225   273   218   283 0.55 -
scaffold_13965:391-1245     -            285 261328at2759         -            450   1.7e-22   75.5   0.8   1   4   7.6e-07     7e-06   20.7   0.1   156   203     1    49     1    49 0.91 -
scaffold_13965:391-1245     -            285 261328at2759         -            450   1.7e-22   75.5   0.8   2   4   8.2e-09   7.6e-08   27.2   0.0   153   197    41    85    39    89 0.93 -
scaffold_13965:391-1245     -            285 261328at2759         -            450   1.7e-22   75.5   0.8   3   4   0.00078    0.0072   10.8   0.1   133   206   101   182    95   186 0.73 -
scaffold_13965:391-1245     -            285 261328at2759         -            450   1.7e-22   75.5   0.8   4   4   5.4e-07     5e-06   21.2   0.0    90   186   184   285   173   285 0.82 -
scaffold_6014:3391-4470     -            360 261328at2759         -            450   4.6e-22   74.0   8.4   1   5      0.98       9.1    0.5   0.0   151   188     4    42     2    54 0.77 -
scaffold_6014:3391-4470     -            360 261328at2759         -            450   4.6e-22   74.0   8.4   2   5   4.8e-09   4.4e-08   27.9   0.0   129   191    76   141    46   159 0.82 -
scaffold_6014:3391-4470     -            360 261328at2759         -            450   4.6e-22   74.0   8.4   3   5      0.89       8.3    0.7   0.1    47    72   158   180   153   186 0.78 -
scaffold_6014:3391-4470     -            360 261328at2759         -            450   4.6e-22   74.0   8.4   4   5   8.4e-08   7.8e-07   23.8   1.1   135   206   166   243   161   247 0.79 -
scaffold_6014:3391-4470     -            360 261328at2759         -            450   4.6e-22   74.0   8.4   5   5   3.4e-07   3.1e-06   21.8   0.1    95   148   261   316   258   359 0.62 -
scaffold_8882:4127-4561     -            145 261328at2759         -            450   2.2e-21   71.8   0.1   1   3     6e-13   5.6e-12   40.8   0.0   173   221     1    50     1    57 0.90 -
scaffold_8882:4127-4561     -            145 261328at2759         -            450   2.2e-21   71.8   0.1   2   3   1.8e-08   1.6e-07   26.1   0.0   151   197    62   107    58   112 0.92 -
scaffold_8882:4127-4561     -            145 261328at2759         -            450   2.2e-21   71.8   0.1   3   3      0.45       4.2    1.6   0.0    54    70   129   145   123   145 0.58 -
scaffold_12830:2438-3525    -            330 261328at2759         -            450   1.9e-19   65.4   0.0   1   4   1.7e-07   1.6e-06   22.8   0.0   154   212     4    62     2    64 0.96 -
scaffold_12830:2438-3525    -            330 261328at2759         -            450   1.9e-19   65.4   0.0   2   4   5.6e-06   5.1e-05   17.8   0.1   154   200    46    91    46   111 0.84 -
scaffold_12830:2438-3525    -            330 261328at2759         -            450   1.9e-19   65.4   0.0   3   4   1.9e-05   0.00018   16.1   0.0   141   220   172   255   146   267 0.79 -
scaffold_12830:2438-3525    -            330 261328at2759         -            450   1.9e-19   65.4   0.0   4   4   0.00027    0.0025   12.3   0.0   144   185   276   317   257   323 0.87 -
scaffold_12843:2427-3514    -            330 261328at2759         -            450   1.9e-19   65.4   0.0   1   4   1.7e-07   1.6e-06   22.8   0.0   154   212     4    62     2    64 0.96 -
scaffold_12843:2427-3514    -            330 261328at2759         -            450   1.9e-19   65.4   0.0   2   4   5.6e-06   5.1e-05   17.8   0.1   154   200    46    91    46   111 0.84 -
scaffold_12843:2427-3514    -            330 261328at2759         -            450   1.9e-19   65.4   0.0   3   4   1.9e-05   0.00018   16.1   0.0   141   220   172   255   146   267 0.79 -
scaffold_12843:2427-3514    -            330 261328at2759         -            450   1.9e-19   65.4   0.0   4   4   0.00027    0.0025   12.3   0.0   144   185   276   317   257   323 0.87 -
scaffold_4682:15882-16583   -            234 261328at2759         -            450   9.8e-18   59.8   1.0   1   3   4.6e-05   0.00043   14.8   0.0   137   206     3    84     1    84 0.72 -
scaffold_4682:15882-16583   -            234 261328at2759         -            450   9.8e-18   59.8   1.0   2   3   1.5e-09   1.4e-08   29.6   0.4   135   195    49   115    48   128 0.83 -
scaffold_4682:15882-16583   -            234 261328at2759         -            450   9.8e-18   59.8   1.0   3   3   8.4e-08   7.7e-07   23.8   0.0    92   189   131   234   123   234 0.86 -
scaffold_5836:2228-2521     -             98 261328at2759         -            450   3.2e-16   54.8   0.0   1   2   1.2e-07   1.1e-06   23.3   0.0   156   205     1    50     1    52 0.96 -
scaffold_5836:2228-2521     -             98 261328at2759         -            450   3.2e-16   54.8   0.0   2   2   2.8e-11   2.6e-10   35.3   0.0   151   207    38    95    35    97 0.94 -
scaffold_8258:7849-9078     -            305 261328at2759         -            450   3.6e-16   54.6   0.0   1   3   0.00037    0.0034   11.8   0.0    94   188    29   128    24   139 0.82 -
scaffold_8258:7849-9078     -            305 261328at2759         -            450   3.6e-16   54.6   0.0   2   3   4.3e-05    0.0004   14.9   0.0   101   189    78   171    74   192 0.69 -
scaffold_8258:7849-9078     -            305 261328at2759         -            450   3.6e-16   54.6   0.0   3   3   6.6e-10   6.1e-09   30.8   0.0   118   186   230   302   194   304 0.75 -
scaffold_10311:3359-4009    -            217 261328at2759         -            450   1.6e-15   52.5   0.1   1   3   3.1e-05   0.00029   15.4   0.0   157   205     1    50     1    52 0.89 -
scaffold_10311:3359-4009    -            217 261328at2759         -            450   1.6e-15   52.5   0.1   2   3   2.5e-13   2.3e-12   42.0   0.1    64   190    23   162    22   180 0.82 -
scaffold_10311:3359-4009    -            217 261328at2759         -            450   1.6e-15   52.5   0.1   3   3      0.12       1.1    3.6   0.0   161   196   177   212   173   217 0.82 -
scaffold_5742:16585-17457   -            291 261328at2759         -            450   2.5e-15   51.8   4.5   1   3   0.00054     0.005   11.3   0.1   152   198     5    50     2    56 0.83 -
scaffold_5742:16585-17457   -            291 261328at2759         -            450   2.5e-15   51.8   4.5   2   3    0.0026     0.024    9.0   0.2   167   191   120   144    56   167 0.73 -
scaffold_5742:16585-17457   -            291 261328at2759         -            450   2.5e-15   51.8   4.5   3   3   4.5e-10   4.2e-09   31.3   0.1    91   187   178   280   155   288 0.86 -
scaffold_6425:7220-7993     -            219 261328at2759         -            450   7.6e-15   50.2   0.0   1   2   4.2e-12   3.9e-11   38.0   0.0    91   204    31   147    14   156 0.85 -
scaffold_6425:7220-7993     -            219 261328at2759         -            450   7.6e-15   50.2   0.0   2   2     0.011       0.1    6.9   0.1   170   204   160   194   157   200 0.89 -
scaffold_7579:1109-1906     -            266 261328at2759         -            450   6.7e-14   47.1   0.6   1   4         1       9.3    0.5   0.1   169   188     1    20     1    29 0.87 -
scaffold_7579:1109-1906     -            266 261328at2759         -            450   6.7e-14   47.1   0.6   2   4   0.00026    0.0024   12.3   0.0   152   188    44    82    31    89 0.82 -
scaffold_7579:1109-1906     -            266 261328at2759         -            450   6.7e-14   47.1   0.6   3   4   1.8e-07   1.6e-06   22.8   0.0   129   196   152   224   131   232 0.82 -
scaffold_7579:1109-1906     -            266 261328at2759         -            450   6.7e-14   47.1   0.6   4   4    0.0088     0.082    7.3   0.0   162   194   232   264   222   266 0.81 -
scaffold_6899:4663-6886     -            701 261328at2759         -            450   9.4e-14   46.6   0.8   1   3   8.9e-09   8.2e-08   27.1   0.3   143   230   238   325   226   332 0.89 -
scaffold_6899:4663-6886     -            701 261328at2759         -            450   9.4e-14   46.6   0.8   2   3   1.8e-05   0.00017   16.1   0.0   168   226   331   393   321   398 0.82 -
scaffold_6899:4663-6886     -            701 261328at2759         -            450   9.4e-14   46.6   0.8   3   3       1.4        13   -0.0   0.0   173   205   399   432   392   437 0.77 -
scaffold_18052:98-532       -            145 261328at2759         -            450     2e-12   42.2   1.0   1   3   0.00039    0.0036   11.7   0.0   156   201     1    48     1    55 0.78 -
scaffold_18052:98-532       -            145 261328at2759         -            450     2e-12   42.2   1.0   2   3   2.4e-11   2.2e-10   35.5   0.3   134   209    19   107    14   116 0.79 -
scaffold_18052:98-532       -            145 261328at2759         -            450     2e-12   42.2   1.0   3   3      0.32         3    2.1   0.0   172   187   130   145   124   145 0.75 -
scaffold_3852:4263-4523     -             87 261328at2759         -            450   4.6e-12   41.1   0.8   1   1   5.1e-13   4.8e-12   41.0   0.8   127   203     2    82     1    87 0.87 -
scaffold_3873:18195-18596   -            134 261328at2759         -            450   2.2e-11   38.9   0.0   1   1   4.1e-12   3.8e-11   38.0   0.0    94   191     5   110     2   125 0.81 -
scaffold_3873:18983-19222   -             80 261328at2759         -            450   4.2e-11   37.9   5.4   1   2   8.1e-07   7.5e-06   20.6   3.1   169   204     3    38     1    43 0.93 -
scaffold_3873:18983-19222   -             80 261328at2759         -            450   4.2e-11   37.9   5.4   2   2   3.2e-06     3e-05   18.6   0.0   165   202    41    78    39    80 0.90 -
scaffold_3806:48015-48485   -            157 261328at2759         -            450   2.3e-10   35.5   4.7   1   3   2.7e-05   0.00025   15.6   0.3   157   189     1    34     1    39 0.89 -
scaffold_3806:48015-48485   -            157 261328at2759         -            450   2.3e-10   35.5   4.7   2   3   5.5e-06     5e-05   17.9   0.1    74   117    48    93    44   105 0.82 -
scaffold_3806:48015-48485   -            157 261328at2759         -            450   2.3e-10   35.5   4.7   3   3      0.32         3    2.1   0.0    26    43   119   136   113   141 0.69 -
scaffold_6677:5359-5829     -            157 261328at2759         -            450   2.3e-10   35.5   0.2   1   1     3e-11   2.8e-10   35.2   0.2   113   207    44   140    35   152 0.88 -
scaffold_11889:2253-3005    -            251 261328at2759         -            450   5.7e-10   34.2   0.1   1   3    0.0018     0.016    9.6   0.0   168   203     3    38     1    40 0.84 -
scaffold_11889:2253-3005    -            251 261328at2759         -            450   5.7e-10   34.2   0.1   2   3       3.3        31   -1.2   0.0   168   200    62    94    57    99 0.90 -
scaffold_11889:2253-3005    -            251 261328at2759         -            450   5.7e-10   34.2   0.1   3   3   5.2e-07   4.8e-06   21.2   0.0    92   185   138   250   135   251 0.75 -
scaffold_6940:1952-2590     -            213 261328at2759         -            450   6.3e-10   34.0   0.3   1   3   8.7e-09     8e-08   27.1   0.0   134   225    12   115     1   119 0.70 -
scaffold_6940:1952-2590     -            213 261328at2759         -            450   6.3e-10   34.0   0.3   2   3     0.034      0.31    5.4   0.0    59   108   105   159   100   169 0.69 -
scaffold_6940:1952-2590     -            213 261328at2759         -            450   6.3e-10   34.0   0.3   3   3       1.4        13    0.0   0.0   173   186   199   212   189   213 0.66 -
scaffold_8057:7822-8454     -            211 261328at2759         -            450   6.5e-10   34.0   0.0   1   2   4.8e-09   4.5e-08   27.9   0.0    57   191    11   161     7   174 0.79 -
scaffold_8057:7822-8454     -            211 261328at2759         -            450   6.5e-10   34.0   0.0   2   2     0.084      0.78    4.1   0.0   166   185   192   211   176   211 0.80 -
scaffold_6715:1645-2274     -            210 261328at2759         -            450   8.5e-10   33.6   0.0   1   2       2.3        21   -0.7   0.0    94   296    35    58    22    65 0.57 -
scaffold_6715:1645-2274     -            210 261328at2759         -            450   8.5e-10   33.6   0.0   2   2   1.3e-09   1.2e-08   29.8   0.1    58   151    92   208    88   210 0.72 -
scaffold_5205:10427-10708   -             94 261328at2759         -            450   2.1e-09   32.3   0.1   1   1   2.7e-10   2.5e-09   32.0   0.1   150   230     4    89     2    93 0.82 -
scaffold_14229:1979-2554    -            192 261328at2759         -            450   3.5e-09   31.6   1.5   1   3   0.00036    0.0033   11.9   0.1   157   195     1    39     1    43 0.91 -
scaffold_14229:1979-2554    -            192 261328at2759         -            450   3.5e-09   31.6   1.5   2   3   9.3e-06   8.6e-05   17.1   0.1   153   199    62   108    50   117 0.90 -
scaffold_14229:1979-2554    -            192 261328at2759         -            450   3.5e-09   31.6   1.5   3   3       1.3        12    0.2   0.0    87   148   128   189   125   191 0.64 -
scaffold_14852:1253-1828    -            192 261328at2759         -            450   3.5e-09   31.6   1.5   1   3   0.00036    0.0033   11.9   0.1   157   195     1    39     1    43 0.91 -
scaffold_14852:1253-1828    -            192 261328at2759         -            450   3.5e-09   31.6   1.5   2   3   9.3e-06   8.6e-05   17.1   0.1   153   199    62   108    50   117 0.90 -
scaffold_14852:1253-1828    -            192 261328at2759         -            450   3.5e-09   31.6   1.5   3   3       1.3        12    0.2   0.0    87   148   128   189   125   191 0.64 -
scaffold_9912:5543-6118     -            192 261328at2759         -            450   3.5e-09   31.6   1.5   1   3   0.00036    0.0033   11.9   0.1   157   195     1    39     1    43 0.91 -
scaffold_9912:5543-6118     -            192 261328at2759         -            450   3.5e-09   31.6   1.5   2   3   9.3e-06   8.6e-05   17.1   0.1   153   199    62   108    50   117 0.90 -
scaffold_9912:5543-6118     -            192 261328at2759         -            450   3.5e-09   31.6   1.5   3   3       1.3        12    0.2   0.0    87   148   128   189   125   191 0.64 -
scaffold_18901:6-758        -            251 261328at2759         -            450   4.1e-09   31.3   0.0   1   2   1.1e-05    0.0001   16.8   0.0   141   220    93   176    68   188 0.79 -
scaffold_18901:6-758        -            251 261328at2759         -            450   4.1e-09   31.3   0.0   2   2   0.00017    0.0016   12.9   0.0   144   185   197   238   178   244 0.87 -
scaffold_3760:101469-101846 -            126 261328at2759         -            450   7.4e-09   30.5   0.2   1   1   3.7e-09   3.4e-08   28.3   0.2   120   197     6    90     1   121 0.72 -
scaffold_12568:24-311       -             96 261328at2759         -            450   7.9e-09   30.4   0.0   1   2   2.1e-08   1.9e-07   25.8   0.0   154   197     7    50     2    56 0.93 -
scaffold_12568:24-311       -             96 261328at2759         -            450   7.9e-09   30.4   0.0   2   2      0.19       1.8    2.9   0.0    24    38    81    95    67    96 0.57 -
scaffold_3852:4714-4974     -             87 261328at2759         -            450     8e-09   30.4   0.6   1   2     3e-08   2.7e-07   25.3   0.1   156   209     1    54     1    69 0.92 -
scaffold_3852:4714-4974     -             87 261328at2759         -            450     8e-09   30.4   0.6   2   2       0.1      0.96    3.8   0.1    58    70    75    87    71    87 0.65 -
scaffold_7017:11335-11907   -            191 261328at2759         -            450   8.8e-09   30.2   0.2   1   2   0.00021     0.002   12.6   0.0   153   193     4    42     1    51 0.75 -
scaffold_7017:11335-11907   -            191 261328at2759         -            450   8.8e-09   30.2   0.2   2   2   2.2e-05   0.00021   15.8   0.0   167   207    76   115    73   120 0.88 -
scaffold_4277:33579-34142   -            188 261328at2759         -            450   5.7e-08   27.6   0.0   1   2    0.0033     0.031    8.7   0.0   151   190    51    92    32   104 0.70 -
scaffold_4277:33579-34142   -            188 261328at2759         -            450   5.7e-08   27.6   0.0   2   2   9.1e-06   8.4e-05   17.1   0.0   151   200   135   184   120   186 0.84 -
scaffold_6776:2233-3066     -            278 261328at2759         -            450     1e-07   26.8   0.1   1   1   4.4e-08     4e-07   24.8   0.1   159   224   141   206    90   210 0.76 -
scaffold_8258:3442-3963     -            174 261328at2759         -            450     1e-07   26.7   0.0   1   1   1.3e-08   1.2e-07   26.5   0.0   133   205    42   119    36   143 0.85 -
scaffold_7644:2233-7284     -           1583 261328at2759         -            450   1.1e-07   26.6   7.0   1   4    0.0022     0.021    9.3   0.0   156   191  1156  1191  1149  1195 0.90 -
scaffold_7644:2233-7284     -           1583 261328at2759         -            450   1.1e-07   26.6   7.0   2   4     0.081      0.75    4.1   0.7   161   195  1218  1252  1203  1261 0.78 -
scaffold_7644:2233-7284     -           1583 261328at2759         -            450   1.1e-07   26.6   7.0   3   4    0.0078     0.072    7.5   0.1   166   190  1466  1491  1449  1501 0.79 -
scaffold_7644:2233-7284     -           1583 261328at2759         -            450   1.1e-07   26.6   7.0   4   4     0.022       0.2    6.0   0.1   157   185  1554  1583  1548  1583 0.78 -
scaffold_4157:4222-4419     -             66 261328at2759         -            450   1.3e-07   26.4   0.0   1   1   1.6e-08   1.5e-07   26.2   0.0    59   112     8    65     4    66 0.80 -
scaffold_4187:29889-31694   -            602 261328at2759         -            450   1.7e-07   26.0   2.6   1   6       9.3        86   -2.7   0.0   168   189     4    25     2    34 0.70 -
scaffold_4187:29889-31694   -            602 261328at2759         -            450   1.7e-07   26.0   2.6   2   6     0.013      0.12    6.7   0.0   123   188   136   208   124   224 0.66 -
scaffold_4187:29889-31694   -            602 261328at2759         -            450   1.7e-07   26.0   2.6   3   6      0.39       3.6    1.8   0.1   195   267   340   414   285   421 0.60 -
scaffold_4187:29889-31694   -            602 261328at2759         -            450   1.7e-07   26.0   2.6   4   6       3.4        32   -1.3   0.0   154   174   467   487   424   502 0.72 -
scaffold_4187:29889-31694   -            602 261328at2759         -            450   1.7e-07   26.0   2.6   5   6   0.00031    0.0029   12.1   0.0    80   119   514   554   506   580 0.78 -
scaffold_4187:29889-31694   -            602 261328at2759         -            450   1.7e-07   26.0   2.6   6   6       6.5        61   -2.2   0.0    25    41   579   595   575   597 0.79 -
scaffold_3844:18631-18963   -            111 261328at2759         -            450   3.7e-07   24.9   0.1   1   2    0.0058     0.054    7.9   0.0   168   186     5    23     1    33 0.87 -
scaffold_3844:18631-18963   -            111 261328at2759         -            450   3.7e-07   24.9   0.1   2   2   2.7e-05   0.00025   15.6   0.1   152   195    63   106    51   111 0.87 -
scaffold_10553:4002-4586    -            195 261328at2759         -            450   4.9e-07   24.5   0.3   1   2      0.21       1.9    2.8   0.0   171   188    11    28     3    39 0.54 -
scaffold_10553:4002-4586    -            195 261328at2759         -            450   4.9e-07   24.5   0.3   2   2   1.4e-06   1.3e-05   19.8   0.2    35   109   113   195   107   195 0.72 -
scaffold_4229:33738-34322   -            195 261328at2759         -            450   4.9e-07   24.5   0.3   1   2      0.21       1.9    2.8   0.0   171   188    11    28     3    39 0.54 -
scaffold_4229:33738-34322   -            195 261328at2759         -            450   4.9e-07   24.5   0.3   2   2   1.4e-06   1.3e-05   19.8   0.2    35   109   113   195   107   195 0.72 -
scaffold_4240:8300-8437     -             46 261328at2759         -            450   6.1e-07   24.2   0.0   1   1   6.8e-08   6.3e-07   24.1   0.0   160   194    10    44     5    46 0.92 -
scaffold_6014:7710-7985     -             92 261328at2759         -            450   9.1e-07   23.6   0.2   1   2   0.00052    0.0048   11.3   0.0   153   190     3    40     1    45 0.89 -
scaffold_6014:7710-7985     -             92 261328at2759         -            450   9.1e-07   23.6   0.2   2   2   1.9e-05   0.00017   16.1   0.0   131   189    19    87    15    92 0.63 -
scaffold_8674:7065-7358     -             98 261328at2759         -            450   1.3e-06   23.1   0.2   1   1   3.5e-07   3.2e-06   21.8   0.2   151   200    29    90    20    93 0.72 -
scaffold_44377:5-295        -             97 261328at2759         -            450   2.5e-06   22.1   0.0   1   1   2.9e-07   2.7e-06   22.0   0.0    59   125     2    73     1    91 0.67 -
scaffold_9673:346-783       -            146 261328at2759         -            450   4.3e-06   21.4   0.1   1   2     2e-06   1.9e-05   19.3   0.0    95   150     1    58     1    66 0.85 -
scaffold_9673:346-783       -            146 261328at2759         -            450   4.3e-06   21.4   0.1   2   2       1.5        14   -0.1   0.0    75   108   111   146   101   146 0.69 -
scaffold_5546:16205-16711   -            169 261328at2759         -            450   4.7e-06   21.3   0.4   1   2   2.3e-06   2.1e-05   19.1   0.1   132   188    16    78     2    87 0.79 -
scaffold_5546:16205-16711   -            169 261328at2759         -            450   4.7e-06   21.3   0.4   2   2       1.3        12    0.2   0.0    19    42   131   154   122   167 0.74 -
scaffold_9677:1771-4266     -            803 261328at2759         -            450     7e-06   20.7   0.1   1   2     0.025      0.23    5.8   0.1   155   188   285   318   271   327 0.74 -
scaffold_9677:1771-4266     -            803 261328at2759         -            450     7e-06   20.7   0.1   2   2   0.00021    0.0019   12.6   0.0   156   194   385   423   364   453 0.88 -
scaffold_4271:11834-12475   -            214 261328at2759         -            450   1.1e-05   20.1   2.0   1   3     0.012      0.11    6.8   0.1    48    71    50    73    21    77 0.74 -
scaffold_4271:11834-12475   -            214 261328at2759         -            450   1.1e-05   20.1   2.0   2   3    0.0002    0.0019   12.7   0.2   168   220   114   166   108   185 0.90 -
scaffold_4271:11834-12475   -            214 261328at2759         -            450   1.1e-05   20.1   2.0   3   3       9.4        87   -2.7   0.0   134   151   172   189   168   191 0.81 -
scaffold_4161:31685-32431   -            249 261328at2759         -            450   1.4e-05   19.7   0.0   1   1   4.6e-06   4.3e-05   18.1   0.0   139   197    56   119     1   125 0.62 -
scaffold_14189:468-893      -            142 261328at2759         -            450   1.9e-05   19.2   0.1   1   1   2.2e-06   2.1e-05   19.1   0.1   118   201    24   106     3   135 0.78 -
scaffold_5400:17752-18177   -            142 261328at2759         -            450   1.9e-05   19.2   0.1   1   1   2.2e-06   2.1e-05   19.1   0.1   118   201    24   106     3   135 0.78 -
scaffold_6654:5561-6253     -            231 261328at2759         -            450   2.2e-05   19.1   0.0   1   2   2.6e-05   0.00024   15.6   0.0   155   200     4    49     1    80 0.63 -
scaffold_6654:5561-6253     -            231 261328at2759         -            450   2.2e-05   19.1   0.0   2   2      0.47       4.3    1.6   0.0   162   192   143   173   115   204 0.60 -
scaffold_5671:10999-11613   -            205 261328at2759         -            450   2.4e-05   18.9   2.1   1   4     0.091      0.85    3.9   0.1   173   188     2    17     1    44 0.73 -
scaffold_5671:10999-11613   -            205 261328at2759         -            450   2.4e-05   18.9   2.1   2   4    0.0031     0.029    8.8   0.0   156   189    51    84    29   100 0.80 -
scaffold_5671:10999-11613   -            205 261328at2759         -            450   2.4e-05   18.9   2.1   3   4       3.6        34   -1.3   0.0    93   110   133   150   103   175 0.70 -
scaffold_5671:10999-11613   -            205 261328at2759         -            450   2.4e-05   18.9   2.1   4   4     0.062      0.57    4.5   0.1   155   187   169   202   135   205 0.76 -
scaffold_5400:15274-16509   -            412 261328at2759         -            450   2.5e-05   18.9   0.6   1   3      0.74       6.8    0.9   0.3   102   196    32   131    16   138 0.65 -
scaffold_5400:15274-16509   -            412 261328at2759         -            450   2.5e-05   18.9   0.6   2   3   2.7e-06   2.5e-05   18.9   0.6    98   198   152   254   138   261 0.67 -
scaffold_5400:15274-16509   -            412 261328at2759         -            450   2.5e-05   18.9   0.6   3   3       2.2        21   -0.6   0.0   170   189   316   335   302   346 0.65 -
scaffold_4035:15683-16435   -            251 261328at2759         -            450   2.6e-05   18.8   0.4   1   2      0.33         3    2.1   0.0   101   186     1   102     1   108 0.50 -
scaffold_4035:15683-16435   -            251 261328at2759         -            450   2.6e-05   18.8   0.4   2   2   6.1e-05   0.00057   14.4   0.1    19    73   139   211   131   236 0.53 -
scaffold_5777:10299-10793   -            165 261328at2759         -            450   2.9e-05   18.7   0.0   1   2      0.26       2.4    2.4   0.0    94   185    23    36     1    51 0.59 -
scaffold_5777:10299-10793   -            165 261328at2759         -            450   2.9e-05   18.7   0.0   2   2   6.6e-05   0.00061   14.3   0.0   155   185   135   165   131   165 0.96 -
scaffold_6572:10121-10351   -             77 261328at2759         -            450   3.5e-05   18.4   0.0   1   1   4.3e-06     4e-05   18.2   0.0    89   139     5    59     2    71 0.74 -
scaffold_6576:9396-9659     -             88 261328at2759         -            450   3.7e-05   18.3   0.0   1   2     2e-05   0.00019   16.0   0.0   145   196     5    55     3    69 0.82 -
scaffold_6576:9396-9659     -             88 261328at2759         -            450   3.7e-05   18.3   0.0   2   2      0.81       7.5    0.8   0.0   170   186    72    88    54    88 0.56 -
scaffold_4438:15343-15816   -            158 261328at2759         -            450   4.2e-05   18.1   2.8   1   2    0.0019     0.017    9.5   0.3   155   194    23    61    18    71 0.82 -
scaffold_4438:15343-15816   -            158 261328at2759         -            450   4.2e-05   18.1   2.8   2   2    0.0025     0.023    9.1   0.2    59   104    95   147    89   152 0.66 -
scaffold_8882:4980-5207     -             76 261328at2759         -            450   5.9e-05   17.6   0.0   1   2    0.0077     0.071    7.5   0.0   158   190     2    34     1    43 0.62 -
scaffold_8882:4980-5207     -             76 261328at2759         -            450   5.9e-05   17.6   0.0   2   2   0.00018    0.0017   12.9   0.0   132   184    14    76    11    76 0.77 -
scaffold_4157:4551-4805     -             85 261328at2759         -            450   9.3e-05   17.0   0.2   1   2    0.0006    0.0055   11.1   0.0   165   188     2    25     1    43 0.90 -
scaffold_4157:4551-4805     -             85 261328at2759         -            450   9.3e-05   17.0   0.2   2   2     0.049      0.45    4.8   0.1   167   186    59    78    39    84 0.72 -
scaffold_4037:28416-28937   -            174 261328at2759         -            450    0.0001   16.9   0.3   1   1   1.8e-05   0.00017   16.1   0.1   150   205    25    82     3    96 0.74 -
scaffold_4714:25138-25446   -            103 261328at2759         -            450   0.00013   16.5   0.0   1   1   1.6e-05   0.00015   16.3   0.0   133   220     8   100     2   103 0.76 -
scaffold_6044:4110-4757     -            216 261328at2759         -            450   0.00027   15.4   0.1   1   2   0.00016    0.0015   13.0   0.0    64   135     1    80     1    90 0.76 -
scaffold_6044:4110-4757     -            216 261328at2759         -            450   0.00027   15.4   0.1   2   2       1.3        12    0.2   0.0   169   192   141   164   138   213 0.57 -
scaffold_5241:5294-5455     -             54 261328at2759         -            450   0.00029   15.3   0.1   1   1   3.2e-05   0.00029   15.3   0.1   155   195    12    53     5    54 0.67 -
scaffold_10017:158-649      -            164 261328at2759         -            450   0.00031   15.2   0.2   1   1   0.00012    0.0011   13.4   0.2   131   207    65   149    13   164 0.62 -
scaffold_5488:7284-7583     -            100 261328at2759         -            450   0.00038   15.0   0.0   1   2     0.022       0.2    6.0   0.0   132   152    10    30     5    51 0.61 -
scaffold_5488:7284-7583     -            100 261328at2759         -            450   0.00038   15.0   0.0   2   2    0.0085     0.079    7.3   0.0    76   112    56    96    52    99 0.80 -
scaffold_8882:4636-4794     -             53 261328at2759         -            450    0.0005   14.6   0.0   1   1   5.4e-05    0.0005   14.6   0.0   174   209     2    37     1    50 0.76 -
scaffold_4015:22164-22580   -            139 261328at2759         -            450   0.00059   14.3   0.9   1   2      0.16       1.5    3.1   0.1   152   188    54    90    49    99 0.77 -
scaffold_4015:22164-22580   -            139 261328at2759         -            450   0.00059   14.3   0.9   2   2    0.0012     0.011   10.2   0.1    63   107    93   138    89   139 0.60 -
scaffold_5834:3028-4068     -            347 261328at2759         -            450   0.00072   14.0   0.0   1   2      0.59       5.4    1.3   0.0    77   180    18    44    13    56 0.58 -
scaffold_5834:3028-4068     -            347 261328at2759         -            450   0.00072   14.0   0.0   2   2    0.0013     0.012   10.0   0.0   155   189   263   297   248   302 0.81 -
scaffold_3850:58194-58511   -            106 261328at2759         -            450   0.00078   13.9   0.1   1   1   0.00011    0.0011   13.5   0.1   171   197    34    60     1    66 0.81 -
scaffold_6715:2402-2674     -             91 261328at2759         -            450    0.0012   13.4   0.0   1   2   0.00028    0.0026   12.2   0.0   153   188     4    40     1    54 0.54 -
scaffold_6715:2402-2674     -             91 261328at2759         -            450    0.0012   13.4   0.0   2   2       4.2        39   -1.5   0.0   156   180    64    88    59    90 0.80 -
scaffold_3768:18499-18972   -            158 261328at2759         -            450    0.0012   13.3   0.0   1   1    0.0002    0.0019   12.7   0.0   103   152    62   117    58   120 0.74 -
scaffold_7260:10069-10323   -             85 261328at2759         -            450    0.0017   12.8   0.1   1   1   0.00019    0.0017   12.8   0.1   153   187    51    85    23    85 0.90 -
scaffold_3771:45823-45996   -             58 261328at2759         -            450    0.0032   11.9   0.1   1   1   0.00085    0.0079   10.6   0.1   136   187     2    58     1    58 0.57 -
scaffold_3771:45532-45651   -             40 261328at2759         -            450    0.0039   11.6   0.0   1   1   0.00043     0.004   11.6   0.0   153   188     5    39     2    40 0.86 -
scaffold_4481:12576-14548   -            632 261328at2759         -            450    0.0045   11.4   0.0   1   2     0.011     0.098    7.0   0.0   163   197   424   458   366   477 0.84 -
scaffold_4481:12576-14548   -            632 261328at2759         -            450    0.0045   11.4   0.0   2   2      0.39       3.6    1.9   0.0   103   151   513   563   508   567 0.85 -
scaffold_4979:10804-11331   -            176 261328at2759         -            450    0.0046   11.4   0.0   1   2       1.8        17   -0.4   0.0   157   186     1    30     1    38 0.83 -
scaffold_4979:10804-11331   -            176 261328at2759         -            450    0.0046   11.4   0.0   2   2    0.0021     0.019    9.4   0.0    90   186    80   173    55   175 0.75 -
scaffold_3850:56494-56766   -             91 261328at2759         -            450    0.0051   11.2   0.0   1   2     0.013      0.12    6.7   0.0   161   190    16    45     6    55 0.87 -
scaffold_3850:56494-56766   -             91 261328at2759         -            450    0.0051   11.2   0.0   2   2      0.21         2    2.7   0.1   152   179    64    91    61    91 0.93 -
scaffold_5241:5887-6381     -            165 261328at2759         -            450    0.0053   11.2   0.2   1   2    0.0031     0.029    8.8   0.1   166   221    10    68     1    76 0.76 -
scaffold_5241:5887-6381     -            165 261328at2759         -            450    0.0053   11.2   0.2   2   2         1       9.3    0.5   0.0    95   116   108   129    60   145 0.57 -
scaffold_3852:5953-6192     -             80 261328at2759         -            450    0.0056   11.1   0.0   1   1   0.00072    0.0066   10.9   0.0   156   196     1    41     1    47 0.88 -
scaffold_4257:2405-2701     -             99 261328at2759         -            450     0.013    9.9   0.0   1   1    0.0016     0.015    9.7   0.0    25    44    21    40     1    49 0.54 -
scaffold_4180:27686-28435   -            250 261328at2759         -            450     0.017    9.5   1.5   1   2    0.0071     0.066    7.6   0.3   155   188    67   102    62   111 0.84 -
scaffold_4180:27686-28435   -            250 261328at2759         -            450     0.017    9.5   1.5   2   2       1.1        10    0.4   0.0   139   203   158   218   143   248 0.70 -
#
# Program:         hmmsearch
# Version:         3.1b2 (February 2015)
# Pipeline mode:   SEARCH
# Query file:      /Users/aholzer/ownCloud/PhD/Publications/2021 Liavero-Pasquina et al./analysis/TPP_aptamer_search/busco_downloads/lineages/eukaryota_odb10/hmms/261328at2759.hmm
# Target file:     /Users/aholzer/ownCloud/PhD/Publications/2021 Liavero-Pasquina et al./analysis/TPP_aptamer_search/genomes/BUSCO_eukaryota_obd10/Cyclotella_cryptica_Cyccr1/run_eukaryota_odb10/metaeuk_output/rerun_results/Cyccr1_AssemblyScaffolds_Repeatmasked.fna.modified.fas
# Option settings: hmmsearch --domtblout /Users/aholzer/ownCloud/PhD/Publications/2021 Liavero-Pasquina et al./analysis/TPP_aptamer_search/genomes/BUSCO_eukaryota_obd10/Cyclotella_cryptica_Cyccr1/run_eukaryota_odb10/hmmer_output/rerun_results/261328at2759.out --cpu 1 /Users/aholzer/ownCloud/PhD/Publications/2021 Liavero-Pasquina et al./analysis/TPP_aptamer_search/busco_downloads/lineages/eukaryota_odb10/hmms/261328at2759.hmm /Users/aholzer/ownCloud/PhD/Publications/2021 Liavero-Pasquina et al./analysis/TPP_aptamer_search/genomes/BUSCO_eukaryota_obd10/Cyclotella_cryptica_Cyccr1/run_eukaryota_odb10/metaeuk_output/rerun_results/Cyccr1_AssemblyScaffolds_Repeatmasked.fna.modified.fas 
# Current dir:     /Users/aholzer/ownCloud/PhD/Publications/2021 Liavero-Pasquina et al./analysis/TPP_aptamer_search
# Date:            Sun Apr 18 19:24:56 2021
# [ok]
