#                                                                                   --- full sequence --- -------------- this domain -------------   hmm coord   ali coord   env coord
# target name               accession   tlen query name           accession   qlen   E-value  score  bias   #  of  c-Evalue  i-Evalue  score  bias  from    to  from    to  from    to  acc description of target
#       ------------------- ---------- ----- -------------------- ---------- ----- --------- ------ ----- --- --- --------- --------- ------ ----- ----- ----- ----- ----- ----- ----- ---- ---------------------
scaffold_9677:1771-4266     -            803 388820at2759         -            609   6.8e-71  234.8   0.2   1   5   6.5e-11   7.8e-10   33.1   0.0   214   312     7   140     1   146 0.72 -
scaffold_9677:1771-4266     -            803 388820at2759         -            609   6.8e-71  234.8   0.2   2   5   1.5e-12   1.8e-11   38.6   0.0   310   350   178   218   170   223 0.92 -
scaffold_9677:1771-4266     -            803 388820at2759         -            609   6.8e-71  234.8   0.2   3   5   2.5e-28     3e-27   90.6   0.0   348   492   286   467   279   474 0.79 -
scaffold_9677:1771-4266     -            803 388820at2759         -            609   6.8e-71  234.8   0.2   4   5     3e-15   3.6e-14   47.4   0.0   494   542   527   575   516   595 0.89 -
scaffold_9677:1771-4266     -            803 388820at2759         -            609   6.8e-71  234.8   0.2   5   5   0.00035    0.0042   10.9   0.1   544   597   670   740   642   744 0.75 -
scaffold_9677:854-1627      -            258 388820at2759         -            609   1.1e-29   98.7   0.5   1   2   9.1e-06   0.00011   16.1   0.0    85   119    30    71     8    79 0.83 -
scaffold_9677:854-1627      -            258 388820at2759         -            609   1.1e-29   98.7   0.5   2   2   1.6e-24   1.9e-23   78.1   0.1   120   245    93   258    89   258 0.81 -
scaffold_4337:8687-9463     -            259 388820at2759         -            609   1.4e-18   62.0   0.1   1   3   7.2e-07   8.6e-06   19.8   0.0   209   267     1    61     1    66 0.89 -
scaffold_4337:8687-9463     -            259 388820at2759         -            609   1.4e-18   62.0   0.1   2   3   0.00032    0.0039   11.0   0.0   229   268    64   104    58   121 0.79 -
scaffold_4337:8687-9463     -            259 388820at2759         -            609   1.4e-18   62.0   0.1   3   3   1.6e-09   1.9e-08   28.6   0.0   194   267   156   230   139   238 0.90 -
scaffold_4269:4195-5091     -            299 388820at2759         -            609   5.6e-18   60.0   0.4   1   4   1.6e-06   1.9e-05   18.7   0.0   306   393     6    94     2    98 0.91 -
scaffold_4269:4195-5091     -            299 388820at2759         -            609   5.6e-18   60.0   0.4   2   4   7.4e-06   8.8e-05   16.4   0.0   192   264    91   165    86   169 0.86 -
scaffold_4269:4195-5091     -            299 388820at2759         -            609   5.6e-18   60.0   0.4   3   4     1e-06   1.2e-05   19.2   0.0   195   267   138   212   135   215 0.80 -
scaffold_4269:4195-5091     -            299 388820at2759         -            609   5.6e-18   60.0   0.4   4   4   1.5e-07   1.8e-06   22.1   0.0   195   268   181   255   170   281 0.80 -
scaffold_15589:3-842        -            280 388820at2759         -            609   3.8e-17   57.3  12.6   1   3   1.5e-06   1.8e-05   18.7   0.8   196   267     5    73     1    79 0.84 -
scaffold_15589:3-842        -            280 388820at2759         -            609   3.8e-17   57.3  12.6   2   3   1.5e-10   1.8e-09   31.9   4.5   312   463    87   220    81   239 0.88 -
scaffold_15589:3-842        -            280 388820at2759         -            609   3.8e-17   57.3  12.6   3   3      0.58         7    0.3   0.0   437   461   234   259   227   279 0.69 -
scaffold_9365:5464-6303     -            280 388820at2759         -            609   3.8e-17   57.3  12.6   1   3   1.5e-06   1.8e-05   18.7   0.8   196   267     5    73     1    79 0.84 -
scaffold_9365:5464-6303     -            280 388820at2759         -            609   3.8e-17   57.3  12.6   2   3   1.5e-10   1.8e-09   31.9   4.5   312   463    87   220    81   239 0.88 -
scaffold_9365:5464-6303     -            280 388820at2759         -            609   3.8e-17   57.3  12.6   3   3      0.58         7    0.3   0.0   437   461   234   259   227   279 0.69 -
scaffold_3887:40876-41724   -            283 388820at2759         -            609   4.6e-17   57.0   4.8   1   4    0.0007    0.0084    9.9   0.4   418   448     7    38     4    41 0.86 -
scaffold_3887:40876-41724   -            283 388820at2759         -            609   4.6e-17   57.0   4.8   2   4   5.6e-08   6.8e-07   23.4   0.0   373   454    54   142    48   149 0.76 -
scaffold_3887:40876-41724   -            283 388820at2759         -            609   4.6e-17   57.0   4.8   3   4   0.00062    0.0075   10.1   0.0   423   449   156   183   148   188 0.86 -
scaffold_3887:40876-41724   -            283 388820at2759         -            609   4.6e-17   57.0   4.8   4   4   0.00011    0.0013   12.5   0.0   322   377   224   283   204   283 0.78 -
scaffold_3839:14458-15375   -            306 388820at2759         -            609   4.9e-17   56.9   2.7   1   5         2        25   -1.5   0.0   429   445    15    31     3    36 0.49 -
scaffold_3839:14458-15375   -            306 388820at2759         -            609   4.9e-17   56.9   2.7   2   5   7.5e-11   9.1e-10   32.9   0.1   312   379    55   123    51   136 0.90 -
scaffold_3839:14458-15375   -            306 388820at2759         -            609   4.9e-17   56.9   2.7   3   5     0.028      0.34    4.6   0.0   234   267   136   172   133   178 0.81 -
scaffold_3839:14458-15375   -            306 388820at2759         -            609   4.9e-17   56.9   2.7   4   5      0.12       1.4    2.6   0.0   146   188   171   213   169   222 0.70 -
scaffold_3839:14458-15375   -            306 388820at2759         -            609   4.9e-17   56.9   2.7   5   5   4.4e-05   0.00053   13.9   0.1   418   454   226   262   223   266 0.92 -
scaffold_4438:29941-30921   -            327 388820at2759         -            609   8.4e-15   49.5   2.1   1   3   9.2e-08   1.1e-06   22.7   0.0   325   383    27    86     4   109 0.47 -
scaffold_4438:29941-30921   -            327 388820at2759         -            609   8.4e-15   49.5   2.1   2   3   0.00033     0.004   11.0   0.1   422   448   128   154   126   162 0.86 -
scaffold_4438:29941-30921   -            327 388820at2759         -            609   8.4e-15   49.5   2.1   3   3   5.2e-05   0.00062   13.6   0.0   208   265   270   327   257   327 0.88 -
scaffold_13965:391-1245     -            285 388820at2759         -            609   2.1e-14   48.2   1.9   1   3   5.8e-08   6.9e-07   23.4   0.0   196   267     6    77     1    90 0.82 -
scaffold_13965:391-1245     -            285 388820at2759         -            609   2.1e-14   48.2   1.9   2   3   0.00013    0.0016   12.3   0.2   133   220   102   201   100   224 0.62 -
scaffold_13965:391-1245     -            285 388820at2759         -            609   2.1e-14   48.2   1.9   3   3    0.0018     0.022    8.6   0.0   335   382   206   253   202   265 0.81 -
scaffold_4682:15882-16583   -            234 388820at2759         -            609   6.8e-14   46.5   0.2   1   2   4.5e-05   0.00054   13.8   0.0   326   388     3    72     1    78 0.82 -
scaffold_4682:15882-16583   -            234 388820at2759         -            609   6.8e-14   46.5   0.2   2   2   2.7e-08   3.2e-07   24.5   0.0   156   263    76   188    72   192 0.83 -
scaffold_6014:3391-4470     -            360 388820at2759         -            609   4.3e-13   43.9   0.9   1   4   0.00014    0.0017   12.2   0.0   194   269    68   141    62   153 0.84 -
scaffold_6014:3391-4470     -            360 388820at2759         -            609   4.3e-13   43.9   0.9   2   4   0.00029    0.0035   11.1   0.0   225   382   181   225   163   241 0.55 -
scaffold_6014:3391-4470     -            360 388820at2759         -            609   4.3e-13   43.9   0.9   3   4   1.8e-05   0.00021   15.2   0.0   430   482   261   316   259   319 0.78 -
scaffold_6014:3391-4470     -            360 388820at2759         -            609   4.3e-13   43.9   0.9   4   4   0.00018    0.0022   11.8   0.0   312   380   291   359   281   360 0.91 -
scaffold_10311:3359-4009    -            217 388820at2759         -            609     1e-12   42.7   0.0   1   3   1.9e-07   2.3e-06   21.7   0.0   199   267     8    75     1    84 0.84 -
scaffold_10311:3359-4009    -            217 388820at2759         -            609     1e-12   42.7   0.0   2   3   0.00019    0.0022   11.8   0.0   310   380    88   160    76   165 0.84 -
scaffold_10311:3359-4009    -            217 388820at2759         -            609     1e-12   42.7   0.0   3   3      0.01      0.12    6.1   0.0   158   188   174   204   166   214 0.83 -
scaffold_8258:7849-9078     -            305 388820at2759         -            609     3e-11   37.8   0.0   1   2   5.6e-06   6.7e-05   16.8   0.0   104   445    81   170    47   204 0.57 -
scaffold_8258:7849-9078     -            305 388820at2759         -            609     3e-11   37.8   0.0   2   2   1.7e-06   2.1e-05   18.5   0.0   164   265   194   303   183   304 0.69 -
scaffold_6425:7220-7993     -            219 388820at2759         -            609   8.6e-11   36.3   0.1   1   3     0.014      0.17    5.6   0.1   426   449    31    54    12    63 0.76 -
scaffold_6425:7220-7993     -            219 388820at2759         -            609   8.6e-11   36.3   0.1   2   3   1.8e-07   2.1e-06   21.8   0.0   159   266    68   178    60   182 0.81 -
scaffold_6425:7220-7993     -            219 388820at2759         -            609   8.6e-11   36.3   0.1   3   3     9e-07   1.1e-05   19.5   0.0   160   263   103   218    99   219 0.83 -
scaffold_7579:1109-1906     -            266 388820at2759         -            609   1.6e-10   35.4   1.0   1   5       4.9        59   -2.8   0.0   426   444     1    19     1    31 0.78 -
scaffold_7579:1109-1906     -            266 388820at2759         -            609   1.6e-10   35.4   1.0   2   5     0.012      0.15    5.8   0.0   247   266    63    82    44   110 0.62 -
scaffold_7579:1109-1906     -            266 388820at2759         -            609   1.6e-10   35.4   1.0   3   5     6e-05   0.00072   13.4   0.1   208   265   158   215   134   217 0.84 -
scaffold_7579:1109-1906     -            266 388820at2759         -            609   1.6e-10   35.4   1.0   4   5   1.9e-05   0.00023   15.1   0.0   427   469   198   244   196   246 0.77 -
scaffold_7579:1109-1906     -            266 388820at2759         -            609   1.6e-10   35.4   1.0   5   5   0.00048    0.0058   10.4   0.0   419   451   231   264   214   266 0.71 -
scaffold_8882:4127-4561     -            145 388820at2759         -            609   1.8e-09   32.0   0.1   1   3   0.00051    0.0062   10.4   0.1   430   454     1    25     1    33 0.89 -
scaffold_8882:4127-4561     -            145 388820at2759         -            609   1.8e-09   32.0   0.1   2   3   3.8e-06   4.6e-05   17.4   0.0   195   264    30    96    23   107 0.86 -
scaffold_8882:4127-4561     -            145 388820at2759         -            609   1.8e-09   32.0   0.1   3   3      0.22       2.6    1.7   0.0   350   377   118   145   111   145 0.80 -
scaffold_5836:2228-2521     -             98 388820at2759         -            609   3.2e-09   31.1   0.1   1   2    0.0002    0.0024   11.7   0.0   417   454     4    42     2    49 0.88 -
scaffold_5836:2228-2521     -             98 388820at2759         -            609   3.2e-09   31.1   0.1   2   2   2.5e-06     3e-05   18.0   0.0   425   448    55    78    44    81 0.89 -
scaffold_5400:15274-16509   -            412 388820at2759         -            609   3.5e-09   31.0   2.5   1   3   9.7e-08   1.2e-06   22.7   0.1    94   189    24   124    15   163 0.84 -
scaffold_5400:15274-16509   -            412 388820at2759         -            609   3.5e-09   31.0   2.5   2   3      0.23       2.8    1.6   0.3   321   380   189   245   184   259 0.71 -
scaffold_5400:15274-16509   -            412 388820at2759         -            609   3.5e-09   31.0   2.5   3   3     0.021      0.25    5.0   0.0   428   471   317   363   311   386 0.85 -
scaffold_5742:16585-17457   -            291 388820at2759         -            609   4.6e-09   30.6   2.5   1   4       0.6       7.3    0.2   0.0   347   410     8    42     3    64 0.50 -
scaffold_5742:16585-17457   -            291 388820at2759         -            609   4.6e-09   30.6   2.5   2   4    0.0012     0.014    9.2   0.1   322   390    77   151    64   194 0.77 -
scaffold_5742:16585-17457   -            291 388820at2759         -            609   4.6e-09   30.6   2.5   3   4     0.002     0.025    8.4   0.0   204   263   178   236   160   239 0.82 -
scaffold_5742:16585-17457   -            291 388820at2759         -            609   4.6e-09   30.6   2.5   4   4    0.0012     0.014    9.1   0.0   342   379   243   280   241   287 0.90 -
scaffold_6776:2233-3066     -            278 388820at2759         -            609   6.9e-09   30.0   0.1   1   3     0.019      0.23    5.1   0.0   204   248    20    64    13    85 0.87 -
scaffold_6776:2233-3066     -            278 388820at2759         -            609   6.9e-09   30.0   0.1   2   3   2.1e-07   2.5e-06   21.5   0.0   126   191   106   173    87   181 0.82 -
scaffold_6776:2233-3066     -            278 388820at2759         -            609   6.9e-09   30.0   0.1   3   3     0.036      0.44    4.2   0.0   107   149   167   211   167   256 0.82 -
scaffold_14229:1979-2554    -            192 388820at2759         -            609   1.6e-08   28.8   0.2   1   2     0.015      0.18    5.5   0.1   349   378     1    30     1    42 0.65 -
scaffold_14229:1979-2554    -            192 388820at2759         -            609   1.6e-08   28.8   0.2   2   2   2.6e-07   3.1e-06   21.2   0.0   116   167    64   113    57   122 0.84 -
scaffold_14852:1253-1828    -            192 388820at2759         -            609   1.6e-08   28.8   0.2   1   2     0.015      0.18    5.5   0.1   349   378     1    30     1    42 0.65 -
scaffold_14852:1253-1828    -            192 388820at2759         -            609   1.6e-08   28.8   0.2   2   2   2.6e-07   3.1e-06   21.2   0.0   116   167    64   113    57   122 0.84 -
scaffold_9912:5543-6118     -            192 388820at2759         -            609   1.6e-08   28.8   0.2   1   2     0.015      0.18    5.5   0.1   349   378     1    30     1    42 0.65 -
scaffold_9912:5543-6118     -            192 388820at2759         -            609   1.6e-08   28.8   0.2   2   2   2.6e-07   3.1e-06   21.2   0.0   116   167    64   113    57   122 0.84 -
scaffold_4187:29889-31694   -            602 388820at2759         -            609   5.8e-08   27.0   0.3   1   5      0.12       1.5    2.5   0.0   347   390   132   177   127   188 0.76 -
scaffold_4187:29889-31694   -            602 388820at2759         -            609   5.8e-08   27.0   0.3   2   5      0.95        11   -0.4   0.0   342   373   170   201   155   208 0.86 -
scaffold_4187:29889-31694   -            602 388820at2759         -            609   5.8e-08   27.0   0.3   3   5       2.6        31   -1.9   0.0   234   260   287   315   285   327 0.71 -
scaffold_4187:29889-31694   -            602 388820at2759         -            609   5.8e-08   27.0   0.3   4   5     0.005      0.06    7.1   0.1   349   479   344   497   340   510 0.76 -
scaffold_4187:29889-31694   -            602 388820at2759         -            609   5.8e-08   27.0   0.3   5   5   0.00022    0.0027   11.5   0.0   195   269   517   598   512   600 0.81 -
scaffold_11889:2253-3005    -            251 388820at2759         -            609   2.3e-07   25.0   0.3   1   2   3.9e-05   0.00047   14.0   0.0   426   454     4    32     1    36 0.86 -
scaffold_11889:2253-3005    -            251 388820at2759         -            609   2.3e-07   25.0   0.3   2   2    0.0049     0.059    7.1   0.1   191   262   175   249   138   251 0.70 -
scaffold_4267:11775-12092   -            106 388820at2759         -            609   5.4e-07   23.8   0.0   1   1   5.2e-08   6.2e-07   23.6   0.0   408   479    16    89    10    99 0.87 -
scaffold_12568:24-311       -             96 388820at2759         -            609   1.2e-06   22.6   0.0   1   2   2.1e-07   2.6e-06   21.5   0.0   418   457    13    53    10    60 0.87 -
scaffold_12568:24-311       -             96 388820at2759         -            609   1.2e-06   22.6   0.0   2   2       2.8        34   -2.0   0.0   251   263    83    95    75    96 0.51 -
scaffold_3873:18983-19222   -             80 388820at2759         -            609   1.4e-06   22.4   4.1   1   2   0.00026    0.0031   11.3   0.4   426   454     3    31     2    35 0.90 -
scaffold_3873:18983-19222   -             80 388820at2759         -            609   1.4e-06   22.4   4.1   2   2   5.7e-05   0.00068   13.5   0.3   417   450    35    69    26    75 0.84 -
scaffold_10017:158-649      -            164 388820at2759         -            609   1.7e-06   22.1   0.0   1   2       2.5        30   -1.8   0.0   164   190    10    37     7    49 0.74 -
scaffold_10017:158-649      -            164 388820at2759         -            609   1.7e-06   22.1   0.0   2   2   3.1e-07   3.8e-06   21.0   0.0   158   257    53   164    45   164 0.81 -
scaffold_6899:4663-6886     -            701 388820at2759         -            609   3.3e-06   21.2   1.2   1   3   0.00014    0.0017   12.2   0.0   133   192   218   287   212   296 0.75 -
scaffold_6899:4663-6886     -            701 388820at2759         -            609   3.3e-06   21.2   1.2   2   3     0.023      0.27    4.9   0.1   427   447   333   353   318   360 0.81 -
scaffold_6899:4663-6886     -            701 388820at2759         -            609   3.3e-06   21.2   1.2   3   3      0.44       5.3    0.7   0.0   117   147   487   517   483   528 0.91 -
scaffold_3873:18195-18596   -            134 388820at2759         -            609   3.8e-06   21.0   0.0   1   2    0.0056     0.067    6.9   0.0   207   267     5    63     1    71 0.54 -
scaffold_3873:18195-18596   -            134 388820at2759         -            609   3.8e-06   21.0   0.0   2   2   0.00012    0.0015   12.4   0.0   312   348    80   116    73   134 0.46 -
scaffold_10553:4002-4586    -            195 388820at2759         -            609   4.1e-06   20.8   0.3   1   2     0.036      0.43    4.3   0.0   167   444     7    27     2    37 0.62 -
scaffold_10553:4002-4586    -            195 388820at2759         -            609   4.1e-06   20.8   0.3   2   2   5.7e-05   0.00069   13.5   0.1   416   466   125   178   109   194 0.77 -
scaffold_4229:33738-34322   -            195 388820at2759         -            609   4.1e-06   20.8   0.3   1   2     0.036      0.43    4.3   0.0   167   444     7    27     2    37 0.62 -
scaffold_4229:33738-34322   -            195 388820at2759         -            609   4.1e-06   20.8   0.3   2   2   5.7e-05   0.00069   13.5   0.1   416   466   125   178   109   194 0.77 -
scaffold_4037:28416-28937   -            174 388820at2759         -            609   5.9e-06   20.3   0.2   1   2   3.4e-06   4.1e-05   17.5   0.0   190   268    30   110     5   119 0.65 -
scaffold_4037:28416-28937   -            174 388820at2759         -            609   5.9e-06   20.3   0.2   2   2      0.34       4.1    1.0   0.0   156   192   114   150   107   162 0.80 -
scaffold_4277:33579-34142   -            188 388820at2759         -            609   7.9e-06   19.9   0.0   1   2      0.31       3.7    1.2   0.0   431   448    76    93    62   101 0.78 -
scaffold_4277:33579-34142   -            188 388820at2759         -            609   7.9e-06   19.9   0.0   2   2   5.9e-06   7.1e-05   16.8   0.0   226   278   131   184   123   188 0.83 -
scaffold_6940:1952-2590     -            213 388820at2759         -            609     1e-05   19.5   0.1   1   3     0.012      0.14    5.8   0.0   207   265    12    77     1    83 0.71 -
scaffold_6940:1952-2590     -            213 388820at2759         -            609     1e-05   19.5   0.1   2   3   7.1e-06   8.5e-05   16.5   0.0   192   270    47   123    26   127 0.87 -
scaffold_6940:1952-2590     -            213 388820at2759         -            609     1e-05   19.5   0.1   3   3       3.4        41   -2.3   0.0   361   377   195   211   183   213 0.48 -
scaffold_3760:101469-101846 -            126 388820at2759         -            609   1.2e-05   19.3   0.1   1   2   3.5e-06   4.2e-05   17.5   0.0   204   267    20    82     4    90 0.81 -
scaffold_3760:101469-101846 -            126 388820at2759         -            609   1.2e-05   19.3   0.1   2   2     0.002     0.024    8.4   0.0   419   474    54   116    44   125 0.71 -
scaffold_4979:10804-11331   -            176 388820at2759         -            609   1.9e-05   18.6   0.0   1   3     0.006     0.072    6.8   0.0   457   489     6    39     4    48 0.84 -
scaffold_4979:10804-11331   -            176 388820at2759         -            609   1.9e-05   18.6   0.0   2   3       2.2        26   -1.6   0.0   349   379    69   101    66   114 0.71 -
scaffold_4979:10804-11331   -            176 388820at2759         -            609   1.9e-05   18.6   0.0   3   3    0.0015     0.018    8.8   0.0   346   378   141   173   126   175 0.88 -
scaffold_8258:3442-3963     -            174 388820at2759         -            609     2e-05   18.6   0.0   1   1   2.1e-06   2.5e-05   18.2   0.0   326   389    46   111    32   115 0.82 -
scaffold_4015:22164-22580   -            139 388820at2759         -            609   2.1e-05   18.5   1.2   1   2     0.018      0.21    5.3   0.0   161   196     1    36     1    46 0.86 -
scaffold_4015:22164-22580   -            139 388820at2759         -            609   2.1e-05   18.5   1.2   2   2    0.0011     0.013    9.3   0.0   344   377   105   138   101   139 0.93 -
scaffold_6654:5561-6253     -            231 388820at2759         -            609   3.3e-05   17.9   0.0   1   2   0.00027    0.0032   11.3   0.0   192   221     5    35     2    47 0.74 -
scaffold_6654:5561-6253     -            231 388820at2759         -            609   3.3e-05   17.9   0.0   2   2     0.033       0.4    4.4   0.0   160   190   141   171   106   205 0.72 -
scaffold_6677:5359-5829     -            157 388820at2759         -            609   4.8e-05   17.3   0.2   1   3       2.2        26   -1.6   0.0   102   119    21    38    13    41 0.65 -
scaffold_6677:5359-5829     -            157 388820at2759         -            609   4.8e-05   17.3   0.2   2   3    0.0096      0.12    6.1   0.0   225   269    41    84    32    94 0.77 -
scaffold_6677:5359-5829     -            157 388820at2759         -            609   4.8e-05   17.3   0.2   3   3    0.0015     0.018    8.8   0.1   421   454    97   130    88   135 0.88 -
scaffold_4036:18908-19318   -            137 388820at2759         -            609   7.8e-05   16.6   0.0   1   2      0.21       2.5    1.7   0.0   355   379     2    26     1    43 0.67 -
scaffold_4036:18908-19318   -            137 388820at2759         -            609   7.8e-05   16.6   0.0   2   2   7.4e-05   0.00089   13.1   0.0   151   190    59    98    57   136 0.76 -
scaffold_5671:10999-11613   -            205 388820at2759         -            609   8.4e-05   16.5   0.2   1   3      0.39       4.6    0.8   0.0   430   445     2    17     1    52 0.72 -
scaffold_5671:10999-11613   -            205 388820at2759         -            609   8.4e-05   16.5   0.2   2   3     0.099       1.2    2.8   0.0   349   387    52    90    41   152 0.69 -
scaffold_5671:10999-11613   -            205 388820at2759         -            609   8.4e-05   16.5   0.2   3   3    0.0012     0.015    9.1   0.0   345   379   167   202   136   205 0.85 -
scaffold_3852:4263-4523     -             87 388820at2759         -            609   9.3e-05   16.4   0.6   1   1   2.5e-05    0.0003   14.7   0.6   204   266     6    67     3    82 0.60 -
scaffold_7017:11335-11907   -            191 388820at2759         -            609   0.00022   15.2   0.0   1   2    0.0047     0.057    7.2   0.0   345   381     4    38     1    50 0.74 -
scaffold_7017:11335-11907   -            191 388820at2759         -            609   0.00022   15.2   0.0   2   2     0.011      0.13    6.0   0.0   426   451    78   103    74   119 0.88 -
scaffold_4240:8300-8437     -             46 388820at2759         -            609   0.00024   15.0   0.0   1   1   2.1e-05   0.00025   15.0   0.0   426   450    19    43     6    45 0.81 -
scaffold_5546:16205-16711   -            169 388820at2759         -            609   0.00028   14.8   0.2   1   3    0.0034     0.041    7.6   0.0   234   270     3    38     1    46 0.86 -
scaffold_5546:16205-16711   -            169 388820at2759         -            609   0.00028   14.8   0.2   2   3     0.023      0.27    4.9   0.0   361   384    59    82    44    94 0.75 -
scaffold_5546:16205-16711   -            169 388820at2759         -            609   0.00028   14.8   0.2   3   3       6.8        82   -3.3   0.1   431   448   139   156   136   160 0.81 -
scaffold_4161:31685-32431   -            249 388820at2759         -            609    0.0003   14.7   0.0   1   1   4.2e-05    0.0005   13.9   0.0   323   381    51   111    44   120 0.90 -
scaffold_5241:5294-5455     -             54 388820at2759         -            609   0.00031   14.7   0.0   1   1   2.6e-05   0.00031   14.6   0.0   348   381    13    47     5    54 0.68 -
scaffold_8882:4980-5207     -             76 388820at2759         -            609   0.00031   14.6   0.0   1   2    0.0013     0.016    9.0   0.0   351   382     3    34     1    44 0.89 -
scaffold_8882:4980-5207     -             76 388820at2759         -            609   0.00031   14.6   0.0   2   2     0.033      0.39    4.4   0.0   234   261    47    75    38    76 0.60 -
scaffold_6082:2010-2657     -            216 388820at2759         -            609   0.00038   14.4   0.0   1   2       1.5        18   -1.1   0.0   365   378    68    81    45    96 0.65 -
scaffold_6082:2010-2657     -            216 388820at2759         -            609   0.00038   14.4   0.0   2   2   0.00011    0.0013   12.6   0.0   325   382   119   179   117   189 0.87 -
scaffold_3844:18631-18963   -            111 388820at2759         -            609   0.00055   13.8   0.1   1   2      0.13       1.5    2.4   0.0   424   442     4    22     1    30 0.81 -
scaffold_3844:18631-18963   -            111 388820at2759         -            609   0.00055   13.8   0.1   2   2    0.0012     0.014    9.1   0.0   421   453    74   107    66   110 0.82 -
scaffold_10311:2180-2758    -            193 388820at2759         -            609   0.00056   13.8   0.0   1   1   8.9e-05    0.0011   12.9   0.0   192   246   137   191    31   193 0.86 -
scaffold_12830:2438-3525    -            330 388820at2759         -            609   0.00058   13.7   0.0   1   4      0.13       1.6    2.4   0.0   234   263     5    35     2    52 0.73 -
scaffold_12830:2438-3525    -            330 388820at2759         -            609   0.00058   13.7   0.0   2   4      0.19       2.3    1.8   0.0   427   453    62    87    51    96 0.71 -
scaffold_12830:2438-3525    -            330 388820at2759         -            609   0.00058   13.7   0.0   3   4     0.026      0.32    4.7   0.0   326   381   168   224   154   265 0.62 -
scaffold_12830:2438-3525    -            330 388820at2759         -            609   0.00058   13.7   0.0   4   4         2        24   -1.5   0.0   349   382   289   322   284   327 0.84 -
scaffold_12843:2427-3514    -            330 388820at2759         -            609   0.00058   13.7   0.0   1   4      0.13       1.6    2.4   0.0   234   263     5    35     2    52 0.73 -
scaffold_12843:2427-3514    -            330 388820at2759         -            609   0.00058   13.7   0.0   2   4      0.19       2.3    1.8   0.0   427   453    62    87    51    96 0.71 -
scaffold_12843:2427-3514    -            330 388820at2759         -            609   0.00058   13.7   0.0   3   4     0.026      0.32    4.7   0.0   326   381   168   224   154   265 0.62 -
scaffold_12843:2427-3514    -            330 388820at2759         -            609   0.00058   13.7   0.0   4   4         2        24   -1.5   0.0   349   382   289   322   284   327 0.84 -
scaffold_5205:10427-10708   -             94 388820at2759         -            609   0.00063   13.6   0.1   1   1   8.9e-05    0.0011   12.9   0.1   428   454    26    52     4    79 0.67 -
scaffold_3806:48015-48485   -            157 388820at2759         -            609   0.00063   13.6   0.6   1   2    0.0033     0.039    7.7   0.1   349   383     1    36     1    58 0.82 -
scaffold_3806:48015-48485   -            157 388820at2759         -            609   0.00063   13.6   0.6   2   2     0.028      0.33    4.6   0.1   399   445    77   134    50   137 0.59 -
scaffold_6661:7531-8514     -            328 388820at2759         -            609   0.00066   13.6   0.0   1   2     0.024      0.29    4.8   0.0   430   449    34    53    29   102 0.81 -
scaffold_6661:7531-8514     -            328 388820at2759         -            609   0.00066   13.6   0.0   2   2    0.0088      0.11    6.3   0.0   417   445   293   320   284   324 0.91 -
scaffold_4157:4551-4805     -             85 388820at2759         -            609   0.00082   13.3   0.1   1   2    0.0021     0.025    8.3   0.0   427   444     7    24     5    27 0.89 -
scaffold_4157:4551-4805     -             85 388820at2759         -            609   0.00082   13.3   0.1   2   2     0.075       0.9    3.2   0.0   425   447    60    82    51    85 0.81 -
scaffold_3852:4714-4974     -             87 388820at2759         -            609   0.00088   13.1   0.1   1   2   0.00099     0.012    9.4   0.0   427   454    15    42     2    58 0.77 -
scaffold_3852:4714-4974     -             87 388820at2759         -            609   0.00088   13.1   0.1   2   2      0.15       1.8    2.2   0.0   427   442    72    87    66    87 0.71 -
scaffold_4157:4222-4419     -             66 388820at2759         -            609   0.00094   13.0   0.2   1   2      0.77       9.2   -0.1   0.0   431   444     8    21     5    27 0.79 -
scaffold_4157:4222-4419     -             66 388820at2759         -            609   0.00094   13.0   0.2   2   2   0.00026    0.0031   11.3   0.0   345   381    28    64    24    66 0.91 -
scaffold_18052:98-532       -            145 388820at2759         -            609    0.0014   12.4   0.1   1   3      0.19       2.3    1.9   0.0   430   447    20    37     2    61 0.55 -
scaffold_18052:98-532       -            145 388820at2759         -            609    0.0014   12.4   0.1   2   3    0.0026     0.031    8.0   0.0   430   453    71    94    64   102 0.89 -
scaffold_18052:98-532       -            145 388820at2759         -            609    0.0014   12.4   0.1   3   3       3.6        43   -2.3   0.0   430   443   131   144   127   145 0.68 -
scaffold_5694:2614-3150     -            179 388820at2759         -            609    0.0015   12.3   0.2   1   2     0.016      0.19    5.4   0.2   430   463    26    57    23    97 0.61 -
scaffold_5694:2614-3150     -            179 388820at2759         -            609    0.0015   12.3   0.2   2   2     0.026      0.31    4.7   0.0   132   159   115   142   100   166 0.77 -
scaffold_6715:1645-2274     -            210 388820at2759         -            609    0.0021   11.9   0.1   1   2       0.3       3.6    1.2   0.0   365   382    92   109    81   135 0.71 -
scaffold_6715:1645-2274     -            210 388820at2759         -            609    0.0021   11.9   0.1   2   2    0.0046     0.055    7.2   0.0   346   382   172   209   167   210 0.80 -
scaffold_3852:5953-6192     -             80 388820at2759         -            609    0.0031   11.3   0.0   1   2     0.012      0.15    5.8   0.0   349   386     2    39     1    46 0.62 -
scaffold_3852:5953-6192     -             80 388820at2759         -            609    0.0031   11.3   0.0   2   2     0.045      0.54    3.9   0.0   120   147    51    80    48    80 0.75 -
scaffold_8674:7065-7358     -             98 388820at2759         -            609     0.004   11.0   0.0   1   1   0.00034    0.0041   10.9   0.0   430   454    63    87    26    90 0.82 -
scaffold_4714:25138-25446   -            103 388820at2759         -            609    0.0042   10.9   0.0   1   1   0.00037    0.0044   10.8   0.0   168   259     5   102     1   103 0.76 -
scaffold_3771:45532-45651   -             40 388820at2759         -            609    0.0046   10.8   0.0   1   1   0.00038    0.0046   10.8   0.0   234   265     7    38     3    40 0.91 -
#
# Program:         hmmsearch
# Version:         3.1b2 (February 2015)
# Pipeline mode:   SEARCH
# Query file:      /Users/aholzer/ownCloud/PhD/Publications/2021 Liavero-Pasquina et al./analysis/TPP_aptamer_search/busco_downloads/lineages/eukaryota_odb10/hmms/388820at2759.hmm
# Target file:     /Users/aholzer/ownCloud/PhD/Publications/2021 Liavero-Pasquina et al./analysis/TPP_aptamer_search/genomes/BUSCO_eukaryota_obd10/Cyclotella_cryptica_Cyccr1/run_eukaryota_odb10/metaeuk_output/rerun_results/Cyccr1_AssemblyScaffolds_Repeatmasked.fna.modified.fas
# Option settings: hmmsearch --domtblout /Users/aholzer/ownCloud/PhD/Publications/2021 Liavero-Pasquina et al./analysis/TPP_aptamer_search/genomes/BUSCO_eukaryota_obd10/Cyclotella_cryptica_Cyccr1/run_eukaryota_odb10/hmmer_output/rerun_results/388820at2759.out --cpu 1 /Users/aholzer/ownCloud/PhD/Publications/2021 Liavero-Pasquina et al./analysis/TPP_aptamer_search/busco_downloads/lineages/eukaryota_odb10/hmms/388820at2759.hmm /Users/aholzer/ownCloud/PhD/Publications/2021 Liavero-Pasquina et al./analysis/TPP_aptamer_search/genomes/BUSCO_eukaryota_obd10/Cyclotella_cryptica_Cyccr1/run_eukaryota_odb10/metaeuk_output/rerun_results/Cyccr1_AssemblyScaffolds_Repeatmasked.fna.modified.fas 
# Current dir:     /Users/aholzer/ownCloud/PhD/Publications/2021 Liavero-Pasquina et al./analysis/TPP_aptamer_search
# Date:            Sun Apr 18 19:25:04 2021
# [ok]
