#                                                                                       --- full sequence --- -------------- this domain -------------   hmm coord   ali coord   env coord
# target name                   accession   tlen query name           accession   qlen   E-value  score  bias   #  of  c-Evalue  i-Evalue  score  bias  from    to  from    to  from    to  acc description of target
#           ------------------- ---------- ----- -------------------- ---------- ----- --------- ------ ----- --- --- --------- --------- ------ ----- ----- ----- ----- ----- ----- ----- ---- ---------------------
CAACVS010000320_1:39603-40304   -            234 1228942at2759        -            164   1.5e-53  176.8   0.1   1   1   3.1e-53   5.1e-51  168.6   0.1     1   164     6   201     6   201 0.87 -
CAACVS010000351_1:25092-25697   -            202 1228942at2759        -            164   1.7e-09   33.6   0.1   1   1   2.1e-11   3.4e-09   32.6   0.1     4   163    17   196    14   197 0.74 -
CAACVS010000207_1:44525-45121   -            199 1228942at2759        -            164   7.8e-09   31.4   0.1   1   2   3.8e-08   6.3e-06   22.0   0.0     5    63     1    61     1    79 0.87 -
CAACVS010000207_1:44525-45121   -            199 1228942at2759        -            164   7.8e-09   31.4   0.1   2   2   0.00096      0.16    7.6   0.0    97   159   123   192   120   197 0.79 -
CAACVS010000200_1:21579-22214   -            212 1228942at2759        -            164   5.7e-07   25.4   0.2   1   2   1.3e-07   2.1e-05   20.3   0.0     3    58    27    83    25    93 0.91 -
CAACVS010000200_1:21579-22214   -            212 1228942at2759        -            164   5.7e-07   25.4   0.2   2   2      0.02       3.4    3.3   0.0   100   154   139   199   101   209 0.78 -
CAACVS010000203_1:134549-135118 -            190 1228942at2759        -            164   1.4e-06   24.1   0.0   1   1   3.2e-08   5.3e-06   22.2   0.0     5   122     1   136     1   175 0.70 -
CAACVS010000326_1:11146-11892   -            249 1228942at2759        -            164   2.8e-06   23.1   0.2   1   3   1.5e-05    0.0024   13.6   0.2     5    29     9    33     6    45 0.89 -
CAACVS010000326_1:11146-11892   -            249 1228942at2759        -            164   2.8e-06   23.1   0.2   2   3     0.014       2.3    3.9   0.0    43    64    71    92    61   102 0.77 -
CAACVS010000326_1:11146-11892   -            249 1228942at2759        -            164   2.8e-06   23.1   0.2   3   3     0.061        10    1.8   0.0   125   155   185   215   168   224 0.83 -
#
# Program:         hmmsearch
# Version:         3.1b2 (February 2015)
# Pipeline mode:   SEARCH
# Query file:      /Users/aholzer/ownCloud/PhD/Publications/2021 Liavero-Pasquina et al./analysis/TPP_aptamer_search/busco_downloads/lineages/eukaryota_odb10/hmms/1228942at2759.hmm
# Target file:     /Users/aholzer/ownCloud/PhD/Publications/2021 Liavero-Pasquina et al./analysis/TPP_aptamer_search/genomes/BUSCO_eukaryota_obd10/Pseudo-nitzschia_multistriata_ASM90066040v1/run_eukaryota_odb10/metaeuk_output/initial_results/GCA_900660405.1_ASM90066040v1_genomic.fna.modified.fas
# Option settings: hmmsearch --domtblout /Users/aholzer/ownCloud/PhD/Publications/2021 Liavero-Pasquina et al./analysis/TPP_aptamer_search/genomes/BUSCO_eukaryota_obd10/Pseudo-nitzschia_multistriata_ASM90066040v1/run_eukaryota_odb10/hmmer_output/initial_run_results/1228942at2759.out --cpu 1 /Users/aholzer/ownCloud/PhD/Publications/2021 Liavero-Pasquina et al./analysis/TPP_aptamer_search/busco_downloads/lineages/eukaryota_odb10/hmms/1228942at2759.hmm /Users/aholzer/ownCloud/PhD/Publications/2021 Liavero-Pasquina et al./analysis/TPP_aptamer_search/genomes/BUSCO_eukaryota_obd10/Pseudo-nitzschia_multistriata_ASM90066040v1/run_eukaryota_odb10/metaeuk_output/initial_results/GCA_900660405.1_ASM90066040v1_genomic.fna.modified.fas 
# Current dir:     /Users/aholzer/ownCloud/PhD/Publications/2021 Liavero-Pasquina et al./analysis/TPP_aptamer_search
# Date:            Sun Apr 18 04:08:26 2021
# [ok]
