#                                                                                       --- full sequence --- -------------- this domain -------------   hmm coord   ali coord   env coord
# target name                   accession   tlen query name           accession   qlen   E-value  score  bias   #  of  c-Evalue  i-Evalue  score  bias  from    to  from    to  from    to  acc description of target
#           ------------------- ---------- ----- -------------------- ---------- ----- --------- ------ ----- --- --- --------- --------- ------ ----- ----- ----- ----- ----- ----- ----- ---- ---------------------
CAACVS010000385_1:143905-149137 -           1670 1312453at2759        -            678   1.4e-89  297.1  17.0   1   9   2.1e-11   1.9e-10   35.6   0.0    49   100    37    90    32    96 0.88 -
CAACVS010000385_1:143905-149137 -           1670 1312453at2759        -            678   1.4e-89  297.1  17.0   2   9   8.1e-13   7.1e-12   40.3   0.0    97   145   125   175   121   186 0.90 -
CAACVS010000385_1:143905-149137 -           1670 1312453at2759        -            678   1.4e-89  297.1  17.0   3   9     0.017      0.15    6.2   0.1   146   162   238   254   228   257 0.84 -
CAACVS010000385_1:143905-149137 -           1670 1312453at2759        -            678   1.4e-89  297.1  17.0   4   9   1.2e-18   1.1e-17   59.5   0.0   158   250   280   383   276   412 0.78 -
CAACVS010000385_1:143905-149137 -           1670 1312453at2759        -            678   1.4e-89  297.1  17.0   5   9   2.3e-15     2e-14   48.7   1.1   269   362   570   679   549   686 0.85 -
CAACVS010000385_1:143905-149137 -           1670 1312453at2759        -            678   1.4e-89  297.1  17.0   6   9   5.5e-23   4.8e-22   73.9   0.0   362   478   765   886   737   894 0.88 -
CAACVS010000385_1:143905-149137 -           1670 1312453at2759        -            678   1.4e-89  297.1  17.0   7   9   5.8e-07   5.1e-06   21.0   0.0   559   637  1227  1325  1214  1329 0.76 -
CAACVS010000385_1:143905-149137 -           1670 1312453at2759        -            678   1.4e-89  297.1  17.0   8   9   0.00014    0.0012   13.1   0.1   611   673  1363  1435  1350  1440 0.74 -
CAACVS010000385_1:143905-149137 -           1670 1312453at2759        -            678   1.4e-89  297.1  17.0   9   9       1.7        15   -0.4   0.0   565   588  1645  1669  1641  1670 0.73 -
CAACVS010000335_1:301464-302177 -            238 1312453at2759        -            678   1.6e-13   45.7   0.0   1   1   2.4e-14   2.1e-13   45.4   0.0    51   225    52   231    31   235 0.83 -
CAACVS010000265_1:33619-34437   -            273 1312453at2759        -            678   9.3e-13   43.2   0.0   1   1   1.3e-13   1.1e-12   42.9   0.0    58   228    84   266    25   270 0.73 -
CAACVS010000330_1:27927-28914   -            286 1312453at2759        -            678   9.6e-13   43.2   0.0   1   1   2.7e-13   2.4e-12   41.9   0.0    37   229    43   245    12   249 0.73 -
CAACVS010000680_1:5831-6598     -            256 1312453at2759        -            678   2.6e-12   41.8   0.0   1   1   4.3e-13   3.8e-12   41.2   0.0    43   229    48   252     6   255 0.72 -
CAACVS010000640_1:167343-169028 -            398 1312453at2759        -            678   1.1e-11   39.7   0.1   1   2   2.1e-09   1.8e-08   29.1   0.1    79   185   202   306   199   314 0.77 -
CAACVS010000640_1:167343-169028 -            398 1312453at2759        -            678   1.1e-11   39.7   0.1   2   2     0.029      0.25    5.5   0.0   206   233   371   398   357   398 0.86 -
CAACVS010000225_1:113836-114789 -            318 1312453at2759        -            678   2.2e-11   38.7   0.0   1   2   1.1e-10   9.2e-10   33.3   0.0    77   181   116   221    61   231 0.80 -
CAACVS010000225_1:113836-114789 -            318 1312453at2759        -            678   2.2e-11   38.7   0.0   2   2      0.12       1.1    3.4   0.0   207   229   295   317   290   318 0.91 -
CAACVS010000168_1:57118-58011   -            298 1312453at2759        -            678   4.3e-11   37.7   0.8   1   4    0.0093     0.081    7.1   0.0   574   591     4    21     1    30 0.86 -
CAACVS010000168_1:57118-58011   -            298 1312453at2759        -            678   4.3e-11   37.7   0.8   2   4    0.0024     0.021    9.0   0.0   563   594    44    79    32    85 0.77 -
CAACVS010000168_1:57118-58011   -            298 1312453at2759        -            678   4.3e-11   37.7   0.8   3   4   1.2e-05    0.0001   16.6   0.1   573   639   100   169    95   182 0.82 -
CAACVS010000168_1:57118-58011   -            298 1312453at2759        -            678   4.3e-11   37.7   0.8   4   4       1.6        14   -0.3   0.0   574   608   186   220   175   230 0.83 -
CAACVS010000637_1:131556-132413 -            286 1312453at2759        -            678   6.1e-11   37.2   1.4   1   3   0.00017    0.0015   12.8   0.0   563   621     7    70     3    83 0.76 -
CAACVS010000637_1:131556-132413 -            286 1312453at2759        -            678   6.1e-11   37.2   1.4   2   3    0.0073     0.064    7.4   0.1   572   616    82   128    78   163 0.67 -
CAACVS010000637_1:131556-132413 -            286 1312453at2759        -            678   6.1e-11   37.2   1.4   3   3   3.3e-05   0.00029   15.2   0.0   571   647   186   265   139   272 0.80 -
CAACVS010000493_1:2229-3122     -            298 1312453at2759        -            678   1.5e-10   35.9   0.0   1   1   1.3e-10   1.1e-09   33.0   0.0    42   231    53   254    46   257 0.72 -
CAACVS010000001_1:266695-267519 -            275 1312453at2759        -            678   2.1e-10   35.4   0.0   1   1   2.5e-10   2.2e-09   32.1   0.0    81   231   110   273    97   275 0.74 -
CAACVS010000254_1:46782-47714   -            311 1312453at2759        -            678   5.6e-10   34.0   1.5   1   3     0.046       0.4    4.8   0.1   574   618    25    71     5   105 0.68 -
CAACVS010000254_1:46782-47714   -            311 1312453at2759        -            678   5.6e-10   34.0   1.5   2   3   3.6e-06   3.1e-05   18.4   0.0   547   602   122   180   108   198 0.76 -
CAACVS010000254_1:46782-47714   -            311 1312453at2759        -            678   5.6e-10   34.0   1.5   3   3    0.0016     0.014    9.6   0.0   563   592   183   216   174   224 0.75 -
CAACVS010000282_1:55512-56444   -            311 1312453at2759        -            678   5.6e-10   34.0   1.5   1   3     0.046       0.4    4.8   0.1   574   618    25    71     5   105 0.68 -
CAACVS010000282_1:55512-56444   -            311 1312453at2759        -            678   5.6e-10   34.0   1.5   2   3   3.6e-06   3.1e-05   18.4   0.0   547   602   122   180   108   198 0.76 -
CAACVS010000282_1:55512-56444   -            311 1312453at2759        -            678   5.6e-10   34.0   1.5   3   3    0.0016     0.014    9.6   0.0   563   592   183   216   174   224 0.75 -
CAACVS010000149_1:36355-37580   -            264 1312453at2759        -            678   5.8e-10   34.0   0.1   1   2   1.5e-06   1.3e-05   19.6   0.1    35   112    42   124    16   136 0.80 -
CAACVS010000149_1:36355-37580   -            264 1312453at2759        -            678   5.8e-10   34.0   0.1   2   2    0.0002    0.0018   12.6   0.0   163   231   141   217   127   221 0.73 -
CAACVS010000305_1:29686-30414   -            243 1312453at2759        -            678   1.8e-09   32.3   0.0   1   1   3.9e-10   3.4e-09   31.4   0.0    75   189    99   209    93   228 0.80 -
CAACVS010000598_1:5436-6371     -            312 1312453at2759        -            678     2e-09   32.2   0.0   1   1   4.2e-10   3.6e-09   31.4   0.0    67   230    79   250    43   254 0.75 -
CAACVS010000340_1:24534-25785   -            334 1312453at2759        -            678   3.4e-09   31.4   0.3   1   4      0.36       3.2    1.8   0.0   574   648     3    79     1    84 0.86 -
CAACVS010000340_1:24534-25785   -            334 1312453at2759        -            678   3.4e-09   31.4   0.3   2   4     9e-05   0.00079   13.7   0.0   563   617    75   133    69   147 0.69 -
CAACVS010000340_1:24534-25785   -            334 1312453at2759        -            678   3.4e-09   31.4   0.3   3   4      0.19       1.7    2.7   0.1   571   593   195   217   183   244 0.79 -
CAACVS010000340_1:24534-25785   -            334 1312453at2759        -            678   3.4e-09   31.4   0.3   4   4    0.0022      0.02    9.1   0.4   575   649   251   328   244   332 0.67 -
CAACVS010000439_1:344062-344826 -            255 1312453at2759        -            678   3.9e-09   31.2   0.0   1   1   5.8e-10   5.1e-09   30.9   0.0    19   182    20   190     8   213 0.76 -
CAACVS010000324_1:109828-110631 -            268 1312453at2759        -            678   7.1e-09   30.4   0.0   1   1   8.1e-09   7.1e-08   27.1   0.0    42   224    71   259    64   265 0.72 -
CAACVS010000115_1:151087-151524 -            146 1312453at2759        -            678   9.5e-09   30.0   0.0   1   1   2.1e-09   1.8e-08   29.0   0.0    98   233     3   144     1   146 0.75 -
CAACVS010000148_1:14871-15617   -            249 1312453at2759        -            678   9.7e-09   30.0   0.0   1   1   1.4e-09   1.2e-08   29.6   0.0    62   184    85   205    49   228 0.84 -
CAACVS010000111_1:43455-44246   -            264 1312453at2759        -            678   1.4e-08   29.4   0.0   1   1   2.8e-09   2.5e-08   28.6   0.0    37   226    52   253    47   262 0.65 -
CAACVS010000293_1:21713-22612   -            300 1312453at2759        -            678   1.4e-08   29.4   0.0   1   1   2.1e-09   1.8e-08   29.1   0.0    67   231    79   250    44   291 0.77 -
CAACVS010000159_1:115883-116290 -            136 1312453at2759        -            678   2.3e-08   28.7   0.0   1   1   3.6e-09   3.2e-08   28.2   0.0    84   184    30   128    13   131 0.78 -
CAACVS010000007_1:66422-66910   -            163 1312453at2759        -            678   4.4e-08   27.8   0.1   1   2      0.11      0.95    3.5   0.1   572   594    17    39    10    43 0.86 -
CAACVS010000007_1:66422-66910   -            163 1312453at2759        -            678   4.4e-08   27.8   0.1   2   2   2.3e-07     2e-06   22.3   0.0   561   659    45   151    43   153 0.83 -
CAACVS010000440_1:153222-153809 -            196 1312453at2759        -            678   5.9e-08   27.4   0.2   1   3   0.00014    0.0012   13.1   0.1    86   124     9    48     1    57 0.84 -
CAACVS010000440_1:153222-153809 -            196 1312453at2759        -            678   5.9e-08   27.4   0.2   2   3    0.0034      0.03    8.5   0.0   162   179    84   101    81   115 0.88 -
CAACVS010000440_1:153222-153809 -            196 1312453at2759        -            678   5.9e-08   27.4   0.2   3   3      0.22       1.9    2.5   0.0   205   228   172   195   157   196 0.88 -
CAACVS010000292_1:29859-30656   -            266 1312453at2759        -            678   1.1e-07   26.4   0.0   1   1   6.4e-08   5.6e-07   24.1   0.0    60   230    75   260    55   263 0.63 -
CAACVS010000017_1:96494-97153   -            220 1312453at2759        -            678   1.4e-07   26.1   0.0   1   2   6.9e-05   0.00061   14.1   0.0    79   130    57   108    45   113 0.84 -
CAACVS010000017_1:96494-97153   -            220 1312453at2759        -            678   1.4e-07   26.1   0.0   2   2    0.0012     0.011   10.0   0.0   159   185   182   207   181   210 0.89 -
CAACVS010000115_1:151795-152559 -            255 1312453at2759        -            678   1.6e-07   25.9   0.1   1   1   3.7e-08   3.3e-07   24.9   0.1    57   230    68   252    34   254 0.71 -
CAACVS010000096_1:28921-33037   -           1285 1312453at2759        -            678   2.3e-07   25.4   6.5   1   5      0.74       6.5    0.8   0.0   563   591    52    83    26    88 0.73 -
CAACVS010000096_1:28921-33037   -           1285 1312453at2759        -            678   2.3e-07   25.4   6.5   2   5      0.38       3.3    1.8   0.1   574   592   111   129   106   148 0.87 -
CAACVS010000096_1:28921-33037   -           1285 1312453at2759        -            678   2.3e-07   25.4   6.5   3   5    0.0066     0.058    7.6   0.1   574   600   153   179   138   216 0.83 -
CAACVS010000096_1:28921-33037   -           1285 1312453at2759        -            678   2.3e-07   25.4   6.5   4   5    0.0024     0.021    9.0   0.2   573   638   232   302   216   309 0.73 -
CAACVS010000096_1:28921-33037   -           1285 1312453at2759        -            678   2.3e-07   25.4   6.5   5   5     0.069      0.61    4.2   0.0   526   625   499   598   491   613 0.81 -
CAACVS010000132_1:38331-39434   -            368 1312453at2759        -            678   2.4e-07   25.4   8.8   1   5       1.3        12   -0.1   0.0   576   600    18    43     2    75 0.59 -
CAACVS010000132_1:38331-39434   -            368 1312453at2759        -            678   2.4e-07   25.4   8.8   2   5      0.67       5.8    0.9   0.0   574   601    58    85    40    92 0.83 -
CAACVS010000132_1:38331-39434   -            368 1312453at2759        -            678   2.4e-07   25.4   8.8   3   5    0.0025     0.022    9.0   0.7   577   629   125   179   120   194 0.70 -
CAACVS010000132_1:38331-39434   -            368 1312453at2759        -            678   2.4e-07   25.4   8.8   4   5    0.0015     0.013    9.7   0.0   562   589   295   325   274   333 0.83 -
CAACVS010000132_1:38331-39434   -            368 1312453at2759        -            678   2.4e-07   25.4   8.8   5   5     0.029      0.25    5.4   0.1   563   589   338   367   327   368 0.72 -
CAACVS010000572_1:7855-8979     -            375 1312453at2759        -            678   3.9e-07   24.7   0.8   1   3   0.00096    0.0084   10.3   0.0   560   594    20    56     9   115 0.76 -
CAACVS010000572_1:7855-8979     -            375 1312453at2759        -            678   3.9e-07   24.7   0.8   2   3      0.13       1.1    3.3   0.0   575   593   156   174   146   181 0.87 -
CAACVS010000572_1:7855-8979     -            375 1312453at2759        -            678   3.9e-07   24.7   0.8   3   3    0.0044     0.039    8.1   0.1   576   625   321   374   308   375 0.74 -
CAACVS010000225_1:154711-155385 -            225 1312453at2759        -            678   4.1e-07   24.6   1.5   1   3       6.8        60   -2.4   0.1   573   590    26    43    11    45 0.75 -
CAACVS010000225_1:154711-155385 -            225 1312453at2759        -            678   4.1e-07   24.6   1.5   2   3   6.4e-06   5.6e-05   17.5   0.0   543   639    88   192    76   204 0.75 -
CAACVS010000225_1:154711-155385 -            225 1312453at2759        -            678   4.1e-07   24.6   1.5   3   3     0.014      0.12    6.5   0.2   563   590   194   224   190   225 0.76 -
CAACVS010000169_1:22100-22876   -            259 1312453at2759        -            678   4.4e-07   24.5   1.7   1   5      0.12         1    3.4   0.0   573   594    10    31     7    44 0.85 -
CAACVS010000169_1:22100-22876   -            259 1312453at2759        -            678   4.4e-07   24.5   1.7   2   5         1         9    0.3   0.0   573   592    52    71    36    77 0.81 -
CAACVS010000169_1:22100-22876   -            259 1312453at2759        -            678   4.4e-07   24.5   1.7   3   5     0.003     0.027    8.7   0.2   565   595    86   116    71   153 0.67 -
CAACVS010000169_1:22100-22876   -            259 1312453at2759        -            678   4.4e-07   24.5   1.7   4   5      0.02      0.18    5.9   0.0   561   591   162   194   146   205 0.83 -
CAACVS010000169_1:22100-22876   -            259 1312453at2759        -            678   4.4e-07   24.5   1.7   5   5       1.4        12   -0.2   0.0   576   592   229   245   224   253 0.83 -
CAACVS010000584_1:5472-6299     -            276 1312453at2759        -            678   5.7e-07   24.1   0.0   1   1   1.4e-07   1.2e-06   23.0   0.0    80   228   114   276   104   276 0.77 -
CAACVS010000616_1:59653-60474   -            274 1312453at2759        -            678   6.5e-07   23.9   0.0   1   3     5e-06   4.4e-05   17.9   0.0    87   130    71   115    56   122 0.86 -
CAACVS010000616_1:59653-60474   -            274 1312453at2759        -            678   6.5e-07   23.9   0.0   2   3      0.21       1.8    2.6   0.0   162   179   171   188   167   199 0.84 -
CAACVS010000616_1:59653-60474   -            274 1312453at2759        -            678   6.5e-07   23.9   0.0   3   3       2.7        23   -1.1   0.0   204   228   249   273   244   274 0.88 -
CAACVS010000292_1:32401-32937   -            179 1312453at2759        -            678   6.9e-07   23.8   0.0   1   1   1.5e-07   1.3e-06   22.9   0.0    68   228    11   178     9   179 0.74 -
CAACVS010000105_1:33968-34780   -            271 1312453at2759        -            678   7.5e-07   23.7   0.2   1   3     0.033      0.29    5.3   0.0   562   592    96   127    86   141 0.81 -
CAACVS010000105_1:33968-34780   -            271 1312453at2759        -            678   7.5e-07   23.7   0.2   2   3    0.0014     0.012    9.8   0.0   561   592   144   176   129   183 0.78 -
CAACVS010000105_1:33968-34780   -            271 1312453at2759        -            678   7.5e-07   23.7   0.2   3   3     0.026      0.23    5.6   0.0   573   591   217   235   201   257 0.80 -
CAACVS010000679_1:373473-374099 -            209 1312453at2759        -            678   8.3e-07   23.6   0.1   1   1   1.5e-07   1.3e-06   22.9   0.1    81   176   107   208    55   209 0.81 -
CAACVS010000159_1:149075-150125 -            187 1312453at2759        -            678   1.1e-06   23.2   0.7   1   3    0.0049     0.043    8.0   0.1    78   115     2    40     1    46 0.84 -
CAACVS010000159_1:149075-150125 -            187 1312453at2759        -            678   1.1e-06   23.2   0.7   2   3    0.0059     0.052    7.7   0.0   155   178    50    77    43    85 0.74 -
CAACVS010000159_1:149075-150125 -            187 1312453at2759        -            678   1.1e-06   23.2   0.7   3   3     0.043      0.38    4.9   0.0   207   230   162   185   150   187 0.88 -
CAACVS010000160_1:68011-68862   -            284 1312453at2759        -            678   1.2e-06   23.0   0.4   1   3    0.0033     0.029    8.5   0.0   573   599    20    46     4    56 0.85 -
CAACVS010000160_1:68011-68862   -            284 1312453at2759        -            678   1.2e-06   23.0   0.4   2   3     0.078      0.68    4.0   0.1   572   627    90   149    68   155 0.67 -
CAACVS010000160_1:68011-68862   -            284 1312453at2759        -            678   1.2e-06   23.0   0.4   3   3     0.015      0.13    6.4   0.0   571   598   176   203   157   260 0.73 -
CAACVS010000257_1:46855-47703   -            283 1312453at2759        -            678   1.7e-06   22.5   0.0   1   1   4.1e-07   3.6e-06   21.4   0.0    44   116    57   136    37   263 0.84 -
CAACVS010000501_1:9873-10721    -            283 1312453at2759        -            678   1.7e-06   22.5   0.0   1   1   4.1e-07   3.6e-06   21.4   0.0    44   116    57   136    37   263 0.84 -
CAACVS010000091_1:24126-24755   -            210 1312453at2759        -            678     2e-06   22.3   0.0   1   1   3.1e-07   2.8e-06   21.8   0.0    85   173   123   210    99   210 0.71 -
CAACVS010000335_1:457189-457908 -            240 1312453at2759        -            678     2e-06   22.3   0.0   1   2   4.8e-05   0.00042   14.6   0.0    56   117    20    85     8   114 0.82 -
CAACVS010000335_1:457189-457908 -            240 1312453at2759        -            678     2e-06   22.3   0.0   2   2     0.043      0.38    4.9   0.1   204   229   210   235   136   238 0.69 -
CAACVS010000690_1:21267-21626   -            120 1312453at2759        -            678   2.2e-06   22.1   0.6   1   2   0.00025    0.0022   12.2   0.0   575   594     2    21     1    67 0.90 -
CAACVS010000690_1:21267-21626   -            120 1312453at2759        -            678   2.2e-06   22.1   0.6   2   2    0.0022     0.019    9.2   0.1   574   593    92   111    70   119 0.79 -
CAACVS010000248_1:29061-29792   -            244 1312453at2759        -            678   2.2e-06   22.1   0.0   1   1     7e-07   6.1e-06   20.7   0.0    80   233    56   235    53   237 0.73 -
CAACVS010000009_1:46981-47487   -            169 1312453at2759        -            678   2.5e-06   22.0   0.0   1   1   2.2e-06     2e-05   19.0   0.0    78   227     1   158     1   165 0.76 -
CAACVS010000181_1:152594-153417 -            186 1312453at2759        -            678   3.4e-06   21.5   0.0   1   1   1.1e-06   9.9e-06   20.0   0.0    86   179    82   174    64   180 0.80 -
CAACVS010000550_1:40673-41515   -            281 1312453at2759        -            678   4.3e-06   21.2   0.0   1   2   1.4e-06   1.2e-05   19.7   0.0    39   125    51   142    29   200 0.87 -
CAACVS010000550_1:40673-41515   -            281 1312453at2759        -            678   4.3e-06   21.2   0.0   2   2       5.4        48   -2.1   0.0   208   229   257   278   243   280 0.85 -
CAACVS010000578_1:1815-3381     -            472 1312453at2759        -            678   4.4e-06   21.2   4.3   1   3   4.7e-06   4.1e-05   18.0   1.5   574   665   185   286   155   289 0.77 -
CAACVS010000578_1:1815-3381     -            472 1312453at2759        -            678   4.4e-06   21.2   4.3   2   3      0.13       1.1    3.3   0.0   539   590   273   328   269   344 0.69 -
CAACVS010000578_1:1815-3381     -            472 1312453at2759        -            678   4.4e-06   21.2   4.3   3   3       1.6        14   -0.3   0.0   574   593   358   377   340   384 0.75 -
CAACVS010000647_1:87078-87827   -            250 1312453at2759        -            678   4.4e-06   21.2   0.5   1   3       9.2        81   -2.8   0.0   573   589    13    29    10    31 0.89 -
CAACVS010000647_1:87078-87827   -            250 1312453at2759        -            678   4.4e-06   21.2   0.5   2   3    0.0054     0.047    7.9   0.0   566   590    79   103    62   109 0.88 -
CAACVS010000647_1:87078-87827   -            250 1312453at2759        -            678   4.4e-06   21.2   0.5   3   3    0.0013     0.012    9.9   0.1   560   637   147   226   133   238 0.71 -
CAACVS010000051_1:57858-58316   -            153 1312453at2759        -            678     5e-06   21.0   3.8   1   2    0.0025     0.022    9.0   0.2   575   648     6    82     3    88 0.77 -
CAACVS010000051_1:57858-58316   -            153 1312453at2759        -            678     5e-06   21.0   3.8   2   2   7.3e-05   0.00064   14.0   0.9   560   629    75   148    67   151 0.69 -
CAACVS010000002_1:268193-268855 -            221 1312453at2759        -            678   1.1e-05   19.8   0.0   1   1   1.5e-06   1.3e-05   19.6   0.0    91   187    73   171    49   221 0.68 -
CAACVS010000637_1:155573-156364 -            264 1312453at2759        -            678   1.2e-05   19.7   0.0   1   1     2e-06   1.7e-05   19.2   0.0    85   185   128   236   116   255 0.77 -
CAACVS010000444_1:6820-7710     -            297 1312453at2759        -            678   1.2e-05   19.7   0.0   1   1   2.9e-06   2.6e-05   18.6   0.0    82   222   120   262   114   267 0.78 -
CAACVS010000116_1:29826-33072   -            921 1312453at2759        -            678   1.6e-05   19.3   0.1   1   3      0.67       5.9    0.9   0.0   573   596   173   196   161   208 0.83 -
CAACVS010000116_1:29826-33072   -            921 1312453at2759        -            678   1.6e-05   19.3   0.1   2   3      0.06      0.53    4.4   0.0   575   639   430   497   356   510 0.76 -
CAACVS010000116_1:29826-33072   -            921 1312453at2759        -            678   1.6e-05   19.3   0.1   3   3    0.0013     0.011    9.9   0.0   563   609   543   592   521   616 0.76 -
CAACVS010000225_1:329797-330837 -            347 1312453at2759        -            678   1.7e-05   19.3   1.3   1   5       4.2        37   -1.7   0.0   579   599    11    31     8    53 0.79 -
CAACVS010000225_1:329797-330837 -            347 1312453at2759        -            678   1.7e-05   19.3   1.3   2   5      0.76       6.6    0.8   0.0   576   591    68    83    64    86 0.88 -
CAACVS010000225_1:329797-330837 -            347 1312453at2759        -            678   1.7e-05   19.3   1.3   3   5     0.016      0.14    6.3   0.1   573   629   224   241   170   243 0.51 -
CAACVS010000225_1:329797-330837 -            347 1312453at2759        -            678   1.7e-05   19.3   1.3   4   5     0.016      0.14    6.3   0.0   573   593   224   244   210   285 0.82 -
CAACVS010000225_1:329797-330837 -            347 1312453at2759        -            678   1.7e-05   19.3   1.3   5   5     0.041      0.36    4.9   0.0   575   592   328   345   315   347 0.89 -
CAACVS010000440_1:168405-171125 -            907 1312453at2759        -            678   2.1e-05   18.9   6.8   1   4     0.011     0.097    6.8   0.0   575   591    63    79    49    85 0.85 -
CAACVS010000440_1:168405-171125 -            907 1312453at2759        -            678   2.1e-05   18.9   6.8   2   4       3.2        28   -1.3   0.0   574   591   394   411   379   415 0.77 -
CAACVS010000440_1:168405-171125 -            907 1312453at2759        -            678   2.1e-05   18.9   6.8   3   4     0.002     0.017    9.3   0.3   566   655   493   586   485   590 0.61 -
CAACVS010000440_1:168405-171125 -            907 1312453at2759        -            678   2.1e-05   18.9   6.8   4   4     0.015      0.14    6.3   0.1   574   631   546   606   527   616 0.78 -
CAACVS010000330_1:26716-27384   -            223 1312453at2759        -            678   2.4e-05   18.8   0.0   1   1   4.8e-06   4.2e-05   17.9   0.0    53   125    73   155    43   209 0.79 -
CAACVS010000235_1:2124-2513     -            130 1312453at2759        -            678   2.4e-05   18.7   1.6   1   2   6.3e-05   0.00055   14.2   0.4   572   601    21    50     7   107 0.73 -
CAACVS010000235_1:2124-2513     -            130 1312453at2759        -            678   2.4e-05   18.7   1.6   2   2       0.1      0.88    3.7   0.0   574   592   112   130   105   130 0.88 -
CAACVS010000225_1:115650-116597 -            316 1312453at2759        -            678   3.4e-05   18.2   0.0   1   3      0.46         4    1.5   0.0   574   599    21    46     1    89 0.79 -
CAACVS010000225_1:115650-116597 -            316 1312453at2759        -            678   3.4e-05   18.2   0.0   2   3   0.00023     0.002   12.4   0.0   543   629   122   213   101   237 0.71 -
CAACVS010000225_1:115650-116597 -            316 1312453at2759        -            678   3.4e-05   18.2   0.0   3   3      0.23         2    2.4   0.0   576   637   216   278   211   286 0.86 -
CAACVS010000676_1:76220-76936   -            239 1312453at2759        -            678   3.6e-05   18.2   0.0   1   2      0.12         1    3.5   0.0    87   124    41    80    35    87 0.77 -
CAACVS010000676_1:76220-76936   -            239 1312453at2759        -            678   3.6e-05   18.2   0.0   2   2   0.00018    0.0016   12.7   0.0   151   224   159   239   153   239 0.70 -
CAACVS010000114_1:180686-181018 -            111 1312453at2759        -            678   4.7e-05   17.8   0.1   1   1   5.3e-05   0.00047   14.5   0.1    94   188    12   101     2   109 0.66 -
CAACVS010000372_1:26803-27642   -            280 1312453at2759        -            678   4.7e-05   17.8   0.0   1   1     6e-06   5.3e-05   17.6   0.0    97   184   129   220    94   271 0.83 -
CAACVS010000373_1:18011-19331   -            342 1312453at2759        -            678   6.9e-05   17.2   0.1   1   2    0.0071     0.062    7.5   0.0   555   595    41    85    20   121 0.73 -
CAACVS010000373_1:18011-19331   -            342 1312453at2759        -            678   6.9e-05   17.2   0.1   2   2    0.0059     0.052    7.7   0.0   562   614   192   247   147   264 0.75 -
CAACVS010000002_1:57684-58232   -            183 1312453at2759        -            678   0.00011   16.5   0.1   1   2   0.00014    0.0012   13.1   0.0    80   115    21    58    14    63 0.88 -
CAACVS010000002_1:57684-58232   -            183 1312453at2759        -            678   0.00011   16.5   0.1   2   2      0.56       4.9    1.2   0.0   162   180   101   119    92   134 0.86 -
CAACVS010000030_1:66798-67349   -            184 1312453at2759        -            678   0.00012   16.5   0.2   1   1   2.3e-05    0.0002   15.7   0.2    84   128   123   167   119   175 0.87 -
CAACVS010000376_1:138216-139148 -            262 1312453at2759        -            678   0.00014   16.2   2.5   1   2   2.2e-05   0.00019   15.7   0.9    38   115    52   132    32   149 0.85 -
CAACVS010000376_1:138216-139148 -            262 1312453at2759        -            678   0.00014   16.2   2.5   2   2       1.6        14   -0.3   0.0   166   199   181   210   176   259 0.67 -
CAACVS010000671_1:19282-19938   -            219 1312453at2759        -            678   0.00014   16.2   0.0   1   1   2.7e-05   0.00024   15.4   0.0    80   116   103   140    96   161 0.86 -
CAACVS010000106_1:17200-18642   -            481 1312453at2759        -            678   0.00014   16.2   0.0   1   2   8.5e-05   0.00074   13.8   0.0    76   115   197   237   192   248 0.88 -
CAACVS010000106_1:17200-18642   -            481 1312453at2759        -            678   0.00014   16.2   0.0   2   2       1.8        16   -0.5   0.0   163   184   327   348   323   352 0.87 -
CAACVS010000009_1:112038-112700 -            221 1312453at2759        -            678   0.00015   16.1   0.0   1   1   1.9e-05   0.00017   16.0   0.0    89   223    67   216    56   221 0.69 -
CAACVS010000582_1:102588-103022 -            145 1312453at2759        -            678   0.00016   16.0   0.1   1   2   0.00039    0.0034   11.6   0.0   554   596     8    54     3    72 0.80 -
CAACVS010000582_1:102588-103022 -            145 1312453at2759        -            678   0.00016   16.0   0.1   2   2      0.16       1.4    3.0   0.0   575   599    78   102    61   124 0.87 -
CAACVS010000293_1:20462-21232   -            257 1312453at2759        -            678   0.00017   15.9   0.0   1   1   2.2e-05   0.00019   15.8   0.0    67   115   103   152    91   222 0.89 -
CAACVS010000064_1:43548-44444   -            299 1312453at2759        -            678   0.00025   15.4   3.3   1   4       0.6       5.3    1.1   0.1   577   596     2    21     1    42 0.78 -
CAACVS010000064_1:43548-44444   -            299 1312453at2759        -            678   0.00025   15.4   3.3   2   4       5.2        45   -2.0   0.0   575   592    46    63    23    72 0.75 -
CAACVS010000064_1:43548-44444   -            299 1312453at2759        -            678   0.00025   15.4   3.3   3   4       3.3        29   -1.4   0.0   573   591   107   125    85   146 0.74 -
CAACVS010000064_1:43548-44444   -            299 1312453at2759        -            678   0.00025   15.4   3.3   4   4    0.0016     0.014    9.6   0.2   576   612   194   232   161   274 0.62 -
CAACVS010000111_1:21910-23160   -            417 1312453at2759        -            678   0.00029   15.2   0.0   1   2    0.0013     0.011    9.9   0.0    82   124   187   231   176   238 0.81 -
CAACVS010000111_1:21910-23160   -            417 1312453at2759        -            678   0.00029   15.2   0.0   2   2      0.24       2.1    2.4   0.0   164   178   308   322   301   331 0.86 -
CAACVS010000694_1:162098-165192 -            985 1312453at2759        -            678   0.00031   15.0  10.9   1   6     0.055      0.48    4.5   0.0   572   591   215   234   190   243 0.80 -
CAACVS010000694_1:162098-165192 -            985 1312453at2759        -            678   0.00031   15.0  10.9   2   6       3.2        28   -1.3   0.0   576   599   280   303   278   339 0.80 -
CAACVS010000694_1:162098-165192 -            985 1312453at2759        -            678   0.00031   15.0  10.9   3   6      0.76       6.7    0.7   0.0   575   648   527   608   513   612 0.72 -
CAACVS010000694_1:162098-165192 -            985 1312453at2759        -            678   0.00031   15.0  10.9   4   6      0.31       2.7    2.0   0.1   575   612   621   658   614   687 0.78 -
CAACVS010000694_1:162098-165192 -            985 1312453at2759        -            678   0.00031   15.0  10.9   5   6    0.0082     0.072    7.3   0.1   576   628   717   772   706   779 0.64 -
CAACVS010000694_1:162098-165192 -            985 1312453at2759        -            678   0.00031   15.0  10.9   6   6     0.015      0.13    6.4   0.1   563   596   743   779   736   823 0.70 -
CAACVS010000084_1:20479-20928   -            150 1312453at2759        -            678   0.00038   14.8   0.1   1   1   5.6e-05   0.00049   14.4   0.1    68   125    87   145     2   149 0.79 -
CAACVS010000575_1:98127-101773  -            593 1312453at2759        -            678   0.00044   14.5   0.0   1   1   7.5e-05   0.00066   14.0   0.0   576   656    83   165    42   201 0.81 -
CAACVS010000366_1:168487-169464 -            326 1312453at2759        -            678   0.00047   14.5   0.0   1   1   8.9e-05   0.00078   13.7   0.0    82   222    96   239    88   258 0.74 -
CAACVS010000325_1:13958-14554   -            199 1312453at2759        -            678   0.00068   13.9   0.0   1   1    0.0001   0.00089   13.6   0.0    49   114    61   126    47   198 0.82 -
CAACVS010000001_1:539490-539963 -            158 1312453at2759        -            678   0.00076   13.8   3.9   1   3      0.06      0.52    4.4   0.4   577   629     2    57     1    69 0.54 -
CAACVS010000001_1:539490-539963 -            158 1312453at2759        -            678   0.00076   13.8   3.9   2   3       0.3       2.6    2.1   0.1   575   600    42    67    23    86 0.77 -
CAACVS010000001_1:539490-539963 -            158 1312453at2759        -            678   0.00076   13.8   3.9   3   3    0.0017     0.015    9.5   0.2   575   600    94   119    75   128 0.73 -
CAACVS010000126_1:144672-145256 -            195 1312453at2759        -            678   0.00079   13.7   3.2   1   3     0.002     0.018    9.3   0.0   570   625    26    85    16    87 0.79 -
CAACVS010000126_1:144672-145256 -            195 1312453at2759        -            678   0.00079   13.7   3.2   2   3      0.11      0.98    3.5   0.2   574   616    83   127    71   167 0.65 -
CAACVS010000126_1:144672-145256 -            195 1312453at2759        -            678   0.00079   13.7   3.2   3   3      0.24       2.1    2.4   0.3   575   588   182   195   167   195 0.87 -
CAACVS010000215_1:20492-21304   -            271 1312453at2759        -            678   0.00097   13.4   0.8   1   2       6.2        55   -2.3   0.1    13    50     2    39     1    44 0.83 -
CAACVS010000215_1:20492-21304   -            271 1312453at2759        -            678   0.00097   13.4   0.8   2   2   0.00062    0.0054   11.0   0.1    88   187   107   215    88   232 0.68 -
CAACVS010000167_1:38552-38899   -            116 1312453at2759        -            678    0.0012   13.2   0.4   1   2     0.016      0.14    6.3   0.0   583   634    22    76     2    93 0.54 -
CAACVS010000167_1:38552-38899   -            116 1312453at2759        -            678    0.0012   13.2   0.4   2   2     0.016      0.14    6.3   0.1   573   592    96   115    77   116 0.77 -
CAACVS010000359_1:37156-38043   -            296 1312453at2759        -            678    0.0013   13.1   0.0   1   2     0.001    0.0088   10.3   0.1    88   125    83   121    72   126 0.85 -
CAACVS010000359_1:37156-38043   -            296 1312453at2759        -            678    0.0013   13.1   0.0   2   2       1.1       9.3    0.3   0.0   165   229   223   292   216   295 0.74 -
CAACVS010000244_1:27165-29003   -            613 1312453at2759        -            678    0.0013   13.0   0.0   1   2      0.19       1.7    2.7   0.0   574   599   206   231   198   237 0.89 -
CAACVS010000244_1:27165-29003   -            613 1312453at2759        -            678    0.0013   13.0   0.0   2   2    0.0063     0.055    7.6   0.0   574   612   265   303   250   319 0.85 -
CAACVS010000616_1:151593-152573 -            327 1312453at2759        -            678    0.0016   12.7   0.0   1   2     0.097      0.85    3.7   0.0   526   644    87   204    77   239 0.74 -
CAACVS010000616_1:151593-152573 -            327 1312453at2759        -            678    0.0016   12.7   0.0   2   2     0.018      0.16    6.1   0.0   574   590   308   324   248   327 0.70 -
CAACVS010000125_1:80304-80786   -            161 1312453at2759        -            678    0.0019   12.4   0.0   1   1   0.00035    0.0031   11.8   0.0    86   126    53    95    46   108 0.83 -
CAACVS010000690_1:100685-101155 -            157 1312453at2759        -            678    0.0023   12.2   0.0   1   1   0.00035    0.0031   11.8   0.0    83   124   114   156   105   157 0.87 -
CAACVS010000679_1:147969-148735 -            222 1312453at2759        -            678    0.0025   12.1   0.1   1   1    0.0014     0.012    9.8   0.1   100   229    68   218    34   221 0.59 -
CAACVS010000167_1:37544-38170   -            209 1312453at2759        -            678    0.0027   12.0   0.0   1   1   0.00036    0.0032   11.7   0.0   572   596    21    45     2    81 0.71 -
CAACVS010000648_1:77087-77869   -            261 1312453at2759        -            678    0.0028   11.9   0.1   1   1   0.00054    0.0047   11.2   0.0   563   592    32    64    12    94 0.83 -
CAACVS010000081_1:60752-61669   -            306 1312453at2759        -            678     0.003   11.8   0.3   1   4       1.1       9.5    0.2   0.1   577   594    29    46    26    85 0.83 -
CAACVS010000081_1:60752-61669   -            306 1312453at2759        -            678     0.003   11.8   0.3   2   4      0.37       3.2    1.8   0.0   580   642    89   157    70   167 0.68 -
CAACVS010000081_1:60752-61669   -            306 1312453at2759        -            678     0.003   11.8   0.3   3   4       2.5        22   -1.0   0.0   568   592   205   229   188   243 0.86 -
CAACVS010000081_1:60752-61669   -            306 1312453at2759        -            678     0.003   11.8   0.3   4   4     0.049      0.43    4.7   0.0   565   601   251   287   235   301 0.83 -
CAACVS010000126_1:206739-207515 -            259 1312453at2759        -            678    0.0033   11.7   0.0   1   1    0.0008     0.007   10.6   0.0    82   128    98   145    86   213 0.80 -
CAACVS010000148_1:18487-19502   -            229 1312453at2759        -            678    0.0035   11.6   0.0   1   2     0.085      0.75    3.9   0.0    67   109    88   131    55   134 0.81 -
CAACVS010000148_1:18487-19502   -            229 1312453at2759        -            678    0.0035   11.6   0.0   2   2     0.025      0.22    5.7   0.0   204   229   200   225   131   228 0.71 -
CAACVS010000001_1:406375-407234 -            195 1312453at2759        -            678    0.0039   11.4   0.0   1   2    0.0057      0.05    7.8   0.0    98   125    10    37     3    99 0.70 -
CAACVS010000001_1:406375-407234 -            195 1312453at2759        -            678    0.0039   11.4   0.0   2   2      0.48       4.2    1.4   0.0   197   231   134   168   130   173 0.86 -
CAACVS010000440_1:57512-58201   -            230 1312453at2759        -            678     0.004   11.4   0.0   1   1   0.00059    0.0052   11.0   0.0    68   127    73   133    44   137 0.77 -
CAACVS010000005_1:60845-61492   -            216 1312453at2759        -            678    0.0043   11.3   0.0   1   1   0.00072    0.0063   10.7   0.0    56   118    79   145    56   159 0.80 -
CAACVS010000079_1:51842-52900   -            353 1312453at2759        -            678    0.0049   11.1   0.0   1   2     0.014      0.12    6.5   0.0    84   116    59    92    51   113 0.79 -
CAACVS010000079_1:51842-52900   -            353 1312453at2759        -            678    0.0049   11.1   0.0   2   2      0.24       2.1    2.4   0.0   204   229   324   349   317   352 0.89 -
CAACVS010000683_1:118395-119018 -            208 1312453at2759        -            678    0.0066   10.7   0.0   1   1     0.001    0.0088   10.3   0.0    89   137    53   105    48   111 0.86 -
CAACVS010000582_1:20187-20864   -            226 1312453at2759        -            678    0.0085   10.3   0.3   1   1    0.0012     0.011   10.0   0.3   572   654    48   132    34   163 0.76 -
CAACVS010000428_1:78211-78681   -            157 1312453at2759        -            678     0.011   10.0   0.0   1   1    0.0014     0.013    9.8   0.0   571   599    88   116    62   154 0.79 -
CAACVS010000400_1:22756-23331   -            192 1312453at2759        -            678     0.011   10.0   0.1   1   2      0.19       1.7    2.7   0.0    91   114     6    30     2    36 0.80 -
CAACVS010000400_1:22756-23331   -            192 1312453at2759        -            678     0.011   10.0   0.1   2   2     0.044      0.38    4.8   0.0   160   188   111   139    94   192 0.69 -
CAACVS010000531_1:313268-314575 -            436 1312453at2759        -            678     0.013    9.7   0.0   1   2     0.079      0.69    4.0   0.0   575   638   220   288   197   296 0.69 -
CAACVS010000531_1:313268-314575 -            436 1312453at2759        -            678     0.013    9.7   0.0   2   2      0.17       1.5    2.9   0.1   577   598   330   351   323   436 0.64 -
CAACVS010000156_1:68031-69392   -            454 1312453at2759        -            678     0.013    9.7   0.1   1   2         1       9.2    0.3   0.0   515   598   187   275   175   300 0.66 -
CAACVS010000156_1:68031-69392   -            454 1312453at2759        -            678     0.013    9.7   0.1   2   2      0.01     0.089    6.9   0.0   575   611   307   343   290   356 0.82 -
CAACVS010000048_1:354235-354987 -            251 1312453at2759        -            678     0.014    9.6   0.0   1   2    0.0049     0.043    8.0   0.0    77   113    70   108    32   117 0.88 -
CAACVS010000048_1:354235-354987 -            251 1312453at2759        -            678     0.014    9.6   0.0   2   2         4        35   -1.6   0.0   209   229   227   247   222   249 0.86 -
CAACVS010000489_1:209614-210366 -            251 1312453at2759        -            678     0.014    9.6   0.0   1   2    0.0049     0.043    8.0   0.0    77   113    70   108    32   117 0.88 -
CAACVS010000489_1:209614-210366 -            251 1312453at2759        -            678     0.014    9.6   0.0   2   2         4        35   -1.6   0.0   209   229   227   247   222   249 0.86 -
CAACVS010000236_1:187722-188627 -            302 1312453at2759        -            678     0.014    9.6   0.0   1   1    0.0054     0.047    7.8   0.0    94   228   160   296   156   299 0.63 -
CAACVS010000658_1:20944-23355   -            804 1312453at2759        -            678     0.017    9.3   0.3   1   1    0.0076     0.067    7.4   0.0   572   592   151   171   144   176 0.89 -
CAACVS010000555_1:158877-160050 -            360 1312453at2759        -            678     0.023    8.9   1.0   1   2       0.1      0.92    3.6   0.1   542   604   139   204    99   222 0.77 -
CAACVS010000555_1:158877-160050 -            360 1312453at2759        -            678     0.023    8.9   1.0   2   2     0.061      0.53    4.4   0.1   563   622   214   279   210   310 0.71 -
CAACVS010000637_1:75110-75883   -            258 1312453at2759        -            678     0.024    8.8   0.9   1   3     0.056      0.49    4.5   0.0   576   640    90   162    75   174 0.63 -
CAACVS010000637_1:75110-75883   -            258 1312453at2759        -            678     0.024    8.8   0.9   2   3      0.97       8.5    0.4   0.0   572   591   192   211   179   216 0.82 -
CAACVS010000637_1:75110-75883   -            258 1312453at2759        -            678     0.024    8.8   0.9   3   3       1.2        10    0.1   0.0   575   592   240   257   229   258 0.84 -
CAACVS010000289_1:6074-7009     -            312 1312453at2759        -            678     0.033    8.4   2.8   1   4      0.63       5.6    1.0   0.0   570   592    16    38    11    47 0.88 -
CAACVS010000289_1:6074-7009     -            312 1312453at2759        -            678     0.033    8.4   2.8   2   4      0.15       1.4    3.0   0.1   560   590    52    82    39    84 0.70 -
CAACVS010000289_1:6074-7009     -            312 1312453at2759        -            678     0.033    8.4   2.8   3   4       1.1       9.8    0.2   0.0   574   589   126   141   124   145 0.88 -
CAACVS010000289_1:6074-7009     -            312 1312453at2759        -            678     0.033    8.4   2.8   4   4      0.92       8.1    0.5   0.0   575   588   299   312   296   312 0.92 -
CAACVS010000688_1:72120-72887   -            256 1312453at2759        -            678     0.057    7.6   2.6   1   3     0.032      0.28    5.3   0.0   563   592     7    39     3    82 0.72 -
CAACVS010000688_1:72120-72887   -            256 1312453at2759        -            678     0.057    7.6   2.6   2   3      0.55       4.8    1.2   0.0   574   630    63   125    60   154 0.72 -
CAACVS010000688_1:72120-72887   -            256 1312453at2759        -            678     0.057    7.6   2.6   3   3      0.39       3.4    1.7   0.0   576   644   110   182    80   190 0.70 -
#
# Program:         hmmsearch
# Version:         3.1b2 (February 2015)
# Pipeline mode:   SEARCH
# Query file:      /Users/aholzer/ownCloud/PhD/Publications/2021 Liavero-Pasquina et al./analysis/TPP_aptamer_search/busco_downloads/lineages/eukaryota_odb10/hmms/1312453at2759.hmm
# Target file:     /Users/aholzer/ownCloud/PhD/Publications/2021 Liavero-Pasquina et al./analysis/TPP_aptamer_search/genomes/BUSCO_eukaryota_obd10/Pseudo-nitzschia_multistriata_ASM90066040v1/run_eukaryota_odb10/metaeuk_output/initial_results/GCA_900660405.1_ASM90066040v1_genomic.fna.modified.fas
# Option settings: hmmsearch --domtblout /Users/aholzer/ownCloud/PhD/Publications/2021 Liavero-Pasquina et al./analysis/TPP_aptamer_search/genomes/BUSCO_eukaryota_obd10/Pseudo-nitzschia_multistriata_ASM90066040v1/run_eukaryota_odb10/hmmer_output/initial_run_results/1312453at2759.out --cpu 1 /Users/aholzer/ownCloud/PhD/Publications/2021 Liavero-Pasquina et al./analysis/TPP_aptamer_search/busco_downloads/lineages/eukaryota_odb10/hmms/1312453at2759.hmm /Users/aholzer/ownCloud/PhD/Publications/2021 Liavero-Pasquina et al./analysis/TPP_aptamer_search/genomes/BUSCO_eukaryota_obd10/Pseudo-nitzschia_multistriata_ASM90066040v1/run_eukaryota_odb10/metaeuk_output/initial_results/GCA_900660405.1_ASM90066040v1_genomic.fna.modified.fas 
# Current dir:     /Users/aholzer/ownCloud/PhD/Publications/2021 Liavero-Pasquina et al./analysis/TPP_aptamer_search
# Date:            Sun Apr 18 04:08:31 2021
# [ok]
