#                                                                                       --- full sequence --- -------------- this domain -------------   hmm coord   ali coord   env coord
# target name                   accession   tlen query name           accession   qlen   E-value  score  bias   #  of  c-Evalue  i-Evalue  score  bias  from    to  from    to  from    to  acc description of target
#           ------------------- ---------- ----- -------------------- ---------- ----- --------- ------ ----- --- --- --------- --------- ------ ----- ----- ----- ----- ----- ----- ----- ---- ---------------------
CAACVS010000415_1:1229-3190     -            654 1479417at2759        -            177   1.3e-77  255.2   1.2   1   4   2.3e-51   8.8e-50  164.5   0.0     1   165     1   173     1   179 0.92 -
CAACVS010000415_1:1229-3190     -            654 1479417at2759        -            177   1.3e-77  255.2   1.2   2   4   0.00039     0.015   10.7   0.0    77   114   172   209   168   223 0.84 -
CAACVS010000415_1:1229-3190     -            654 1479417at2759        -            177   1.3e-77  255.2   1.2   3   4     5e-05    0.0019   13.6   0.1   121   147   257   283   248   320 0.69 -
CAACVS010000415_1:1229-3190     -            654 1479417at2759        -            177   1.3e-77  255.2   1.2   4   4   3.1e-20   1.2e-18   63.1   0.1    75   171   321   420   313   423 0.86 -
CAACVS010000489_1:44468-45307   -            280 1479417at2759        -            177   7.2e-70  229.9   0.3   1   1   6.7e-71   2.6e-69  228.1   0.3     1   168    13   194    13   217 0.93 -
CAACVS010000007_1:76066-77283   -            406 1479417at2759        -            177   1.3e-38  128.1   0.0   1   4     4e-09   1.5e-07   26.9   0.0     4    79     1    76     1    83 0.86 -
CAACVS010000007_1:76066-77283   -            406 1479417at2759        -            177   1.3e-38  128.1   0.0   2   4   1.3e-11   5.1e-10   35.0   0.0    83   156   128   202   116   218 0.82 -
CAACVS010000007_1:76066-77283   -            406 1479417at2759        -            177   1.3e-38  128.1   0.0   3   4   1.4e-07   5.2e-06   21.9   0.0     2    80   232   310   231   314 0.94 -
CAACVS010000007_1:76066-77283   -            406 1479417at2759        -            177   1.3e-38  128.1   0.0   4   4     7e-13   2.7e-11   39.2   0.0     3    73   337   406   334   406 0.85 -
CAACVS010000032_1:90466-93168   -            901 1479417at2759        -            177   4.2e-38  126.5   0.3   1   6      0.99        38   -0.4   0.0    85   103    10    28     5    50 0.74 -
CAACVS010000032_1:90466-93168   -            901 1479417at2759        -            177   4.2e-38  126.5   0.3   2   6   2.8e-05    0.0011   14.4   0.0   118   166    66   115    54   124 0.82 -
CAACVS010000032_1:90466-93168   -            901 1479417at2759        -            177   4.2e-38  126.5   0.3   3   6   5.7e-12   2.2e-10   36.2   0.0     4    77   335   407   328   416 0.82 -
CAACVS010000032_1:90466-93168   -            901 1479417at2759        -            177   4.2e-38  126.5   0.3   4   6      0.07       2.7    3.3   0.0    43    81   571   609   535   624 0.83 -
CAACVS010000032_1:90466-93168   -            901 1479417at2759        -            177   4.2e-38  126.5   0.3   5   6   2.9e-08   1.1e-06   24.1   0.1     2    83   673   767   672   770 0.77 -
CAACVS010000032_1:90466-93168   -            901 1479417at2759        -            177   4.2e-38  126.5   0.3   6   6   2.2e-12   8.5e-11   37.5   0.0     4    82   785   862   783   866 0.93 -
CAACVS010000439_1:69920-70426   -            169 1479417at2759        -            177   1.8e-25   85.3   0.0   1   2   2.2e-13   8.4e-12   40.8   0.0    15    78     3    66     1    72 0.92 -
CAACVS010000439_1:69920-70426   -            169 1479417at2759        -            177   1.8e-25   85.3   0.0   2   2   5.5e-14   2.1e-12   42.8   0.0     3    79    92   167    90   169 0.94 -
CAACVS010000440_1:133694-134203 -            170 1479417at2759        -            177   9.3e-25   83.0   0.0   1   2   5.1e-13     2e-11   39.6   0.0    84   163     2    80     1    86 0.93 -
CAACVS010000440_1:133694-134203 -            170 1479417at2759        -            177   9.3e-25   83.0   0.0   2   2   1.1e-13   4.3e-12   41.8   0.0     4    79    94   168    91   170 0.95 -
CAACVS010000695_1:45682-46446   -            255 1479417at2759        -            177   2.1e-23   78.6   0.0   1   2   7.4e-10   2.8e-08   29.3   0.0    86   156     1    72     1    89 0.89 -
CAACVS010000695_1:45682-46446   -            255 1479417at2759        -            177   2.1e-23   78.6   0.0   2   2   2.6e-14     1e-12   43.8   0.0     3   152    95   254    93   255 0.82 -
CAACVS010000028_1:116045-116650 -            202 1479417at2759        -            177   1.5e-20   69.3   0.0   1   1   4.7e-22   1.8e-20   69.0   0.0    15   167     3   163     1   170 0.89 -
CAACVS010000114_1:42940-43554   -            205 1479417at2759        -            177   1.9e-20   69.0   0.0   1   2   2.5e-10   9.6e-09   30.8   0.0     2    81     3    81     2    96 0.84 -
CAACVS010000114_1:42940-43554   -            205 1479417at2759        -            177   1.9e-20   69.0   0.0   2   2     5e-12   1.9e-10   36.4   0.0     3    78   127   202   118   205 0.78 -
CAACVS010000506_1:8081-8329     -             83 1479417at2759        -            177   1.3e-16   56.5   0.0   1   1   3.8e-18   1.5e-16   56.3   0.0    79   157     3    83     1    83 0.81 -
CAACVS010000499_1:160388-160999 -            204 1479417at2759        -            177   3.5e-16   55.1   0.0   1   2    0.0005     0.019   10.3   0.0     3    61     1    62     1    82 0.87 -
CAACVS010000499_1:160388-160999 -            204 1479417at2759        -            177   3.5e-16   55.1   0.0   2   2   4.6e-14   1.8e-12   43.0   0.0     2    75   128   201   117   204 0.69 -
CAACVS010000225_1:84149-84727   -            193 1479417at2759        -            177   5.8e-16   54.4   0.0   1   2   4.6e-07   1.8e-05   20.2   0.0     6    78     3    72     1    79 0.55 -
CAACVS010000225_1:84149-84727   -            193 1479417at2759        -            177   5.8e-16   54.4   0.0   2   2   2.9e-10   1.1e-08   30.6   0.0    70   157   102   191    97   193 0.84 -
CAACVS010000406_1:187976-188374 -            133 1479417at2759        -            177   8.3e-16   53.9   0.0   1   1   2.6e-17   9.9e-16   53.6   0.0     2    77    26   101    25   110 0.96 -
CAACVS010000555_1:97028-97531   -            168 1479417at2759        -            177   1.2e-14   50.1   0.0   1   1   2.9e-13   1.1e-11   40.4   0.0    30   130    57   168     2   168 0.80 -
CAACVS010000130_1:58944-59297   -            118 1479417at2759        -            177   1.4e-13   46.6   0.0   1   1   4.4e-15   1.7e-13   46.3   0.0     2    66     2    66     1    83 0.91 -
CAACVS010000470_1:75439-75819   -            127 1479417at2759        -            177   6.4e-13   44.4   0.0   1   1   2.1e-14   7.9e-13   44.2   0.0     3    71    60   127    58   127 0.97 -
CAACVS010000540_1:46460-46933   -            158 1479417at2759        -            177   4.6e-12   41.7   0.0   1   1   1.6e-13   6.3e-12   41.2   0.0     2    78    28   104    27   112 0.96 -
CAACVS010000440_1:133077-133403 -            109 1479417at2759        -            177   3.4e-11   38.8   0.0   1   1   1.1e-12   4.2e-11   38.5   0.0     2    77    11    94    10   103 0.87 -
CAACVS010000035_1:101515-101820 -            102 1479417at2759        -            177   6.3e-11   38.0   0.0   1   1   1.9e-12   7.2e-11   37.8   0.0   101   172     3    73     1    77 0.80 -
CAACVS010000107_1:21448-21771   -            108 1479417at2759        -            177   7.9e-11   37.6   0.0   1   1   2.2e-12   8.5e-11   37.5   0.0    82   148    14    82     1    91 0.87 -
CAACVS010000388_1:11056-11313   -             86 1479417at2759        -            177   8.5e-10   34.3   0.0   1   1   2.7e-11   1.1e-09   34.0   0.0    85   162     2    86     1    86 0.85 -
CAACVS010000231_1:41872-42399   -            176 1479417at2759        -            177   1.6e-06   23.6   0.0   1   1   5.1e-08     2e-06   23.3   0.0    10    73     2    66     1    79 0.85 -
CAACVS010000247_1:121191-121484 -             98 1479417at2759        -            177   1.7e-06   23.5   0.0   1   1   5.8e-08   2.2e-06   23.2   0.0     4    80     5    83     2    88 0.85 -
CAACVS010000171_1:30434-30601   -             56 1479417at2759        -            177   2.3e-05   19.8   0.0   1   1     6e-07   2.3e-05   19.8   0.0     8    59     5    56     1    56 0.91 -
CAACVS010000059_1:153758-154168 -            137 1479417at2759        -            177    0.0011   14.3   0.0   1   2   6.8e-05    0.0026   13.2   0.0   114   167    36    88    25    96 0.82 -
CAACVS010000059_1:153758-154168 -            137 1479417at2759        -            177    0.0011   14.3   0.0   2   2       3.2   1.2e+02   -2.1   0.0     3    20   109   126   108   131 0.84 -
CAACVS010000393_1:4438-6670     -            709 1479417at2759        -            177    0.0039   12.6   0.0   1   1   0.00022    0.0085   11.5   0.0    33    75    81   123    75   133 0.79 -
#
# Program:         hmmsearch
# Version:         3.1b2 (February 2015)
# Pipeline mode:   SEARCH
# Query file:      /Users/aholzer/ownCloud/PhD/Publications/2021 Liavero-Pasquina et al./analysis/TPP_aptamer_search/busco_downloads/lineages/eukaryota_odb10/hmms/1479417at2759.hmm
# Target file:     /Users/aholzer/ownCloud/PhD/Publications/2021 Liavero-Pasquina et al./analysis/TPP_aptamer_search/genomes/BUSCO_eukaryota_obd10/Pseudo-nitzschia_multistriata_ASM90066040v1/run_eukaryota_odb10/metaeuk_output/initial_results/GCA_900660405.1_ASM90066040v1_genomic.fna.modified.fas
# Option settings: hmmsearch --domtblout /Users/aholzer/ownCloud/PhD/Publications/2021 Liavero-Pasquina et al./analysis/TPP_aptamer_search/genomes/BUSCO_eukaryota_obd10/Pseudo-nitzschia_multistriata_ASM90066040v1/run_eukaryota_odb10/hmmer_output/initial_run_results/1479417at2759.out --cpu 1 /Users/aholzer/ownCloud/PhD/Publications/2021 Liavero-Pasquina et al./analysis/TPP_aptamer_search/busco_downloads/lineages/eukaryota_odb10/hmms/1479417at2759.hmm /Users/aholzer/ownCloud/PhD/Publications/2021 Liavero-Pasquina et al./analysis/TPP_aptamer_search/genomes/BUSCO_eukaryota_obd10/Pseudo-nitzschia_multistriata_ASM90066040v1/run_eukaryota_odb10/metaeuk_output/initial_results/GCA_900660405.1_ASM90066040v1_genomic.fna.modified.fas 
# Current dir:     /Users/aholzer/ownCloud/PhD/Publications/2021 Liavero-Pasquina et al./analysis/TPP_aptamer_search
# Date:            Sun Apr 18 04:08:36 2021
# [ok]
