#                                                                                       --- full sequence --- -------------- this domain -------------   hmm coord   ali coord   env coord
# target name                   accession   tlen query name           accession   qlen   E-value  score  bias   #  of  c-Evalue  i-Evalue  score  bias  from    to  from    to  from    to  acc description of target
#           ------------------- ---------- ----- -------------------- ---------- ----- --------- ------ ----- --- --- --------- --------- ------ ----- ----- ----- ----- ----- ----- ----- ---- ---------------------
CAACVS010000244_1:27165-29003   -            613 621827at2759         -            349   7.4e-46  152.6   1.5   1   3      0.35       5.5    1.8   0.0    21    42    92   113    85   139 0.74 -
CAACVS010000244_1:27165-29003   -            613 621827at2759         -            349   7.4e-46  152.6   1.5   2   3   4.5e-28   7.2e-27   90.2   1.2    45   255   152   439   144   451 0.75 -
CAACVS010000244_1:27165-29003   -            613 621827at2759         -            349   7.4e-46  152.6   1.5   3   3   1.7e-16   2.7e-15   52.1   0.0   253   329   483   571   469   585 0.84 -
CAACVS010000168_1:57118-58011   -            298 621827at2759         -            349   1.8e-30  102.0   4.2   1   4      0.03      0.48    5.3   0.0    92   107     6    21     1    30 0.59 -
CAACVS010000168_1:57118-58011   -            298 621827at2759         -            349   1.8e-30  102.0   4.2   2   4   5.2e-18   8.3e-17   57.1   0.1    90   147    59   119    53   123 0.89 -
CAACVS010000168_1:57118-58011   -            298 621827at2759         -            349   1.8e-30  102.0   4.2   3   4   3.8e-07     6e-06   21.4   0.0   111   195   123   216   119   233 0.66 -
CAACVS010000168_1:57118-58011   -            298 621827at2759         -            349   1.8e-30  102.0   4.2   4   4   6.4e-06    0.0001   17.3   0.3    89   143   238   298   231   298 0.86 -
CAACVS010000096_1:28921-33037   -           1285 621827at2759         -            349   2.3e-30  101.7   7.3   1   3   1.5e-08   2.4e-07   26.0   0.1    60   129    25   106    21   109 0.82 -
CAACVS010000096_1:28921-33037   -           1285 621827at2759         -            349   2.3e-30  101.7   7.3   2   3   1.8e-15   2.8e-14   48.8   0.4    91   146   112   170   108   182 0.88 -
CAACVS010000096_1:28921-33037   -           1285 621827at2759         -            349   2.3e-30  101.7   7.3   3   3   1.3e-09   2.1e-08   29.5   0.2    75   149   212   297   202   333 0.80 -
CAACVS010000637_1:131556-132413 -            286 621827at2759         -            349   5.2e-27   90.7   9.6   1   4   1.3e-06   2.1e-05   19.6   0.0    77   137     2    71     1    76 0.60 -
CAACVS010000637_1:131556-132413 -            286 621827at2759         -            349   5.2e-27   90.7   9.6   2   4   1.3e-10     2e-09   32.8   1.4    86   147    80   145    72   172 0.88 -
CAACVS010000637_1:131556-132413 -            286 621827at2759         -            349   5.2e-27   90.7   9.6   3   4   6.7e-13   1.1e-11   40.3   0.4    86   148   185   250   176   255 0.84 -
CAACVS010000637_1:131556-132413 -            286 621827at2759         -            349   5.2e-27   90.7   9.6   4   4   6.5e-07     1e-05   20.6   0.0    90   140   231   285   229   286 0.84 -
CAACVS010000169_1:22100-22876   -            259 621827at2759         -            349   1.7e-25   85.6   4.0   1   3   6.7e-19   1.1e-17   60.0   1.0    90   197    11   131     7   145 0.78 -
CAACVS010000169_1:22100-22876   -            259 621827at2759         -            349   1.7e-25   85.6   4.0   2   3     9e-06   0.00014   16.9   0.1    94   154   141   202   134   205 0.82 -
CAACVS010000169_1:22100-22876   -            259 621827at2759         -            349   1.7e-25   85.6   4.0   3   3     0.016      0.25    6.2   0.0   129   159   227   257   209   259 0.84 -
CAACVS010000132_1:38331-39434   -            368 621827at2759         -            349     1e-23   79.8   7.5   1   5   3.1e-06     5e-05   18.4   0.0    92   145    18    74     7    79 0.82 -
CAACVS010000132_1:38331-39434   -            368 621827at2759         -            349     1e-23   79.8   7.5   2   5   1.3e-09   2.1e-08   29.4   0.3    92   146   124   180   120   185 0.87 -
CAACVS010000132_1:38331-39434   -            368 621827at2759         -            349     1e-23   79.8   7.5   3   5   0.00097     0.015   10.2   0.0    91   137   164   216   162   217 0.83 -
CAACVS010000132_1:38331-39434   -            368 621827at2759         -            349     1e-23   79.8   7.5   4   5   2.2e-08   3.4e-07   25.5   0.0    92   144   269   325   254   326 0.88 -
CAACVS010000132_1:38331-39434   -            368 621827at2759         -            349     1e-23   79.8   7.5   5   5    0.0065       0.1    7.5   0.1    74   106   330   368   326   368 0.61 -
CAACVS010000064_1:43548-44444   -            299 621827at2759         -            349   8.2e-22   73.6   0.1   1   4   5.2e-05   0.00082   14.4   0.0    93   146     2    62     1    64 0.83 -
CAACVS010000064_1:43548-44444   -            299 621827at2759         -            349   8.2e-22   73.6   0.1   2   4   0.00053    0.0084   11.0   0.1   126   148   105   127    85   135 0.71 -
CAACVS010000064_1:43548-44444   -            299 621827at2759         -            349   8.2e-22   73.6   0.1   3   4   2.7e-08   4.3e-07   25.1   0.0    46   119   139   222   133   232 0.72 -
CAACVS010000064_1:43548-44444   -            299 621827at2759         -            349   8.2e-22   73.6   0.1   4   4   3.5e-06   5.6e-05   18.2   0.0    89   143   240   298   225   299 0.84 -
CAACVS010000440_1:168405-171125 -            907 621827at2759         -            349   2.3e-21   72.1  14.1   1   7   0.00035    0.0055   11.6   0.1   127   147    60    80    38    86 0.85 -
CAACVS010000440_1:168405-171125 -            907 621827at2759         -            349   2.3e-21   72.1  14.1   2   7       5.2        83   -2.1   0.1    77   105   145   178   117   180 0.46 -
CAACVS010000440_1:168405-171125 -            907 621827at2759         -            349   2.3e-21   72.1  14.1   3   7   1.8e-05   0.00029   15.9   0.0    92   148   355   413   338   435 0.56 -
CAACVS010000440_1:168405-171125 -            907 621827at2759         -            349   2.3e-21   72.1  14.1   4   7       1.8        29   -0.6   0.0    91   107   452   468   450   472 0.86 -
CAACVS010000440_1:168405-171125 -            907 621827at2759         -            349   2.3e-21   72.1  14.1   5   7   1.4e-07   2.2e-06   22.8   0.1    91   144   505   561   501   564 0.87 -
CAACVS010000440_1:168405-171125 -            907 621827at2759         -            349   2.3e-21   72.1  14.1   6   7     1e-08   1.6e-07   26.5   0.1    72   146   564   649   561   658 0.84 -
CAACVS010000440_1:168405-171125 -            907 621827at2759         -            349   2.3e-21   72.1  14.1   7   7       6.9   1.1e+02   -2.5   0.1   259   279   670   690   667   702 0.86 -
CAACVS010000340_1:24534-25785   -            334 621827at2759         -            349   1.4e-19   66.2   0.6   1   4   0.00033    0.0053   11.7   0.0   129   198     3    84     1    87 0.73 -
CAACVS010000340_1:24534-25785   -            334 621827at2759         -            349   1.4e-19   66.2   0.6   2   4   1.4e-06   2.2e-05   19.5   0.1    89   145    88   146    69   148 0.67 -
CAACVS010000340_1:24534-25785   -            334 621827at2759         -            349   1.4e-19   66.2   0.6   3   4      0.65        10    0.9   0.0    95   117   203   225   188   239 0.66 -
CAACVS010000340_1:24534-25785   -            334 621827at2759         -            349   1.4e-19   66.2   0.6   4   4     2e-09   3.2e-08   28.9   0.3    50   128   243   331   227   334 0.81 -
CAACVS010000116_1:29826-33072   -            921 621827at2759         -            349   1.8e-18   62.6   0.3   1   7      0.26       4.1    2.2   0.0   159   243    36   129    31   140 0.60 -
CAACVS010000116_1:29826-33072   -            921 621827at2759         -            349   1.8e-18   62.6   0.3   2   7     0.028      0.44    5.4   0.0    38    86   155   208   151   214 0.73 -
CAACVS010000116_1:29826-33072   -            921 621827at2759         -            349   1.8e-18   62.6   0.3   3   7       5.3        84   -2.1   0.0   227   252   331   356   325   368 0.84 -
CAACVS010000116_1:29826-33072   -            921 621827at2759         -            349   1.8e-18   62.6   0.3   4   7    0.0054     0.085    7.7   0.0   103   145   400   445   390   451 0.67 -
CAACVS010000116_1:29826-33072   -            921 621827at2759         -            349   1.8e-18   62.6   0.3   5   7   1.1e-05   0.00018   16.5   0.0   189   247   458   522   450   532 0.86 -
CAACVS010000116_1:29826-33072   -            921 621827at2759         -            349   1.8e-18   62.6   0.3   6   7   1.5e-06   2.4e-05   19.4   0.0    75   147   536   617   524   625 0.68 -
CAACVS010000116_1:29826-33072   -            921 621827at2759         -            349   1.8e-18   62.6   0.3   7   7      0.71        11    0.7   0.0    48    75   652   679   645   691 0.82 -
CAACVS010000254_1:46782-47714   -            311 621827at2759         -            349   1.9e-18   62.5   3.9   1   5    0.0014     0.022    9.7   0.1    92   143    27    81     2   102 0.57 -
CAACVS010000254_1:46782-47714   -            311 621827at2759         -            349   1.9e-18   62.5   3.9   2   5   9.1e-11   1.4e-09   33.3   0.5    48   148    58   172    54   174 0.74 -
CAACVS010000254_1:46782-47714   -            311 621827at2759         -            349   1.9e-18   62.5   3.9   3   5   0.00014    0.0022   13.0   0.0   108   151   174   220   172   229 0.87 -
CAACVS010000254_1:46782-47714   -            311 621827at2759         -            349   1.9e-18   62.5   3.9   4   5      0.18       2.9    2.7   0.0    40    73   235   268   220   276 0.81 -
CAACVS010000254_1:46782-47714   -            311 621827at2759         -            349   1.9e-18   62.5   3.9   5   5     0.033      0.52    5.2   0.0   101   143   263   311   252   311 0.71 -
CAACVS010000282_1:55512-56444   -            311 621827at2759         -            349   1.9e-18   62.5   3.9   1   5    0.0014     0.022    9.7   0.1    92   143    27    81     2   102 0.57 -
CAACVS010000282_1:55512-56444   -            311 621827at2759         -            349   1.9e-18   62.5   3.9   2   5   9.1e-11   1.4e-09   33.3   0.5    48   148    58   172    54   174 0.74 -
CAACVS010000282_1:55512-56444   -            311 621827at2759         -            349   1.9e-18   62.5   3.9   3   5   0.00014    0.0022   13.0   0.0   108   151   174   220   172   229 0.87 -
CAACVS010000282_1:55512-56444   -            311 621827at2759         -            349   1.9e-18   62.5   3.9   4   5      0.18       2.9    2.7   0.0    40    73   235   268   220   276 0.81 -
CAACVS010000282_1:55512-56444   -            311 621827at2759         -            349   1.9e-18   62.5   3.9   5   5     0.033      0.52    5.2   0.0   101   143   263   311   252   311 0.71 -
CAACVS010000578_1:1815-3381     -            472 621827at2759         -            349   6.8e-18   60.7   1.1   1   3       1.1        17    0.1   0.0    44    72    88   116    63   183 0.73 -
CAACVS010000578_1:1815-3381     -            472 621827at2759         -            349   6.8e-18   60.7   1.1   2   3   2.4e-17   3.8e-16   54.9   1.2    74   212   162   322   123   325 0.74 -
CAACVS010000578_1:1815-3381     -            472 621827at2759         -            349   6.8e-18   60.7   1.1   3   3      0.22       3.4    2.5   0.0    93   144   315   373   313   379 0.68 -
CAACVS010000225_1:154711-155385 -            225 621827at2759         -            349   1.3e-17   59.7   3.3   1   3      0.13       2.1    3.1   0.0   113   144     8    42     2    44 0.68 -
CAACVS010000225_1:154711-155385 -            225 621827at2759         -            349   1.3e-17   59.7   3.3   2   3   1.2e-11   1.9e-10   36.2   0.5    45   141    70   178    64   179 0.76 -
CAACVS010000225_1:154711-155385 -            225 621827at2759         -            349   1.3e-17   59.7   3.3   3   3   2.1e-07   3.3e-06   22.2   1.3    78   146   149   225   145   225 0.78 -
CAACVS010000160_1:68011-68862   -            284 621827at2759         -            349   1.7e-16   56.1   0.5   1   3   0.00034    0.0054   11.7   0.0   123   147    15    39     2    42 0.86 -
CAACVS010000160_1:68011-68862   -            284 621827at2759         -            349   1.7e-16   56.1   0.5   2   3   3.4e-11   5.4e-10   34.7   0.3    86   183    88   197    70   245 0.74 -
CAACVS010000160_1:68011-68862   -            284 621827at2759         -            349   1.7e-16   56.1   0.5   3   3     0.022      0.35    5.7   0.0    92   123   251   284   241   284 0.88 -
CAACVS010000616_1:151593-152573 -            327 621827at2759         -            349     1e-15   53.6   0.1   1   3   9.4e-08   1.5e-06   23.4   0.0    88   181    32   133    23   143 0.77 -
CAACVS010000616_1:151593-152573 -            327 621827at2759         -            349     1e-15   53.6   0.1   2   3      0.16       2.5    2.9   0.0   138   184   193   238   157   247 0.69 -
CAACVS010000616_1:151593-152573 -            327 621827at2759         -            349     1e-15   53.6   0.1   3   3     1e-07   1.6e-06   23.3   0.0    91   144   268   323   262   326 0.85 -
CAACVS010000694_1:162098-165192 -            985 621827at2759         -            349     1e-15   53.5  14.4   1   7       6.5     1e+02   -2.4   0.1   131   145   104   118    94   120 0.70 -
CAACVS010000694_1:162098-165192 -            985 621827at2759         -            349     1e-15   53.5  14.4   2   7   2.5e-06     4e-05   18.7   0.0    92   151   173   239   157   246 0.79 -
CAACVS010000694_1:162098-165192 -            985 621827at2759         -            349     1e-15   53.5  14.4   3   7      0.74        12    0.7   0.0   130   145   279   294   257   304 0.76 -
CAACVS010000694_1:162098-165192 -            985 621827at2759         -            349     1e-15   53.5  14.4   4   7       7.8   1.2e+02   -2.7   0.0   117   147   513   544   494   564 0.57 -
CAACVS010000694_1:162098-165192 -            985 621827at2759         -            349     1e-15   53.5  14.4   5   7     0.018      0.29    6.0   0.0   116   147   600   638   572   643 0.65 -
CAACVS010000694_1:162098-165192 -            985 621827at2759         -            349     1e-15   53.5  14.4   6   7    0.0086      0.14    7.1   0.3    89   121   714   747   672   752 0.68 -
CAACVS010000694_1:162098-165192 -            985 621827at2759         -            349     1e-15   53.5  14.4   7   7   7.7e-10   1.2e-08   30.2   1.5    54   145   712   815   701   826 0.75 -
CAACVS010000081_1:60752-61669   -            306 621827at2759         -            349   1.2e-15   53.3   0.2   1   4     0.013      0.21    6.4   0.0   131   146    28    43     1    51 0.65 -
CAACVS010000081_1:60752-61669   -            306 621827at2759         -            349   1.2e-15   53.3   0.2   2   4   1.4e-06   2.2e-05   19.5   0.0    48   118    74   157    63   168 0.81 -
CAACVS010000081_1:60752-61669   -            306 621827at2759         -            349   1.2e-15   53.3   0.2   3   4     0.002     0.031    9.2   0.0    93   153   172   238   150   243 0.79 -
CAACVS010000081_1:60752-61669   -            306 621827at2759         -            349   1.2e-15   53.3   0.2   4   4   9.2e-05    0.0015   13.5   0.0   128   164   259   295   255   301 0.88 -
CAACVS010000373_1:18011-19331   -            342 621827at2759         -            349   2.3e-15   52.3   0.0   1   2   1.3e-10   2.1e-09   32.7   0.0    79   176     5   115     3   144 0.85 -
CAACVS010000373_1:18011-19331   -            342 621827at2759         -            349   2.3e-15   52.3   0.0   2   2   4.9e-05   0.00077   14.4   0.0    91   185   166   267   159   329 0.83 -
CAACVS010000225_1:329797-330837 -            347 621827at2759         -            349   2.7e-15   52.1   0.9   1   4       0.2       3.2    2.5   0.0    55    73     4    22     2    32 0.72 -
CAACVS010000225_1:329797-330837 -            347 621827at2759         -            349   2.7e-15   52.1   0.9   2   4     0.037      0.58    5.0   0.0    51    75    60    84    55    95 0.81 -
CAACVS010000225_1:329797-330837 -            347 621827at2759         -            349   2.7e-15   52.1   0.9   3   4   6.8e-10   1.1e-08   30.4   0.0    91   185   183   287   158   323 0.80 -
CAACVS010000225_1:329797-330837 -            347 621827at2759         -            349   2.7e-15   52.1   0.9   4   4    0.0018     0.028    9.3   0.0    92   108   329   345   325   347 0.81 -
CAACVS010000235_1:2124-2513     -            130 621827at2759         -            349   1.5e-14   49.6   1.6   1   1   1.6e-14   2.6e-13   45.6   1.6    90   181    23   128     7   130 0.78 -
CAACVS010000007_1:66422-66910   -            163 621827at2759         -            349   2.5e-14   49.0   0.0   1   2   3.6e-14   5.8e-13   44.5   0.0    85   185    14   121     9   129 0.86 -
CAACVS010000007_1:66422-66910   -            163 621827at2759         -            349   2.5e-14   49.0   0.0   2   2      0.18       2.8    2.7   0.0    48    71   140   163   123   163 0.84 -
CAACVS010000129_1:45573-46718   -            382 621827at2759         -            349   7.8e-14   47.3   0.6   1   1   1.8e-14   2.9e-13   45.4   0.4    42   251   134   376   120   380 0.82 -
CAACVS010000167_1:38552-38899   -            116 621827at2759         -            349   8.2e-14   47.2   0.1   1   1   7.3e-15   1.2e-13   46.8   0.1    62   145    18   113     4   115 0.84 -
CAACVS010000688_1:72120-72887   -            256 621827at2759         -            349   1.4e-13   46.5   4.4   1   2     1e-09   1.7e-08   29.8   1.3    76   181     1   124     1   162 0.86 -
CAACVS010000688_1:72120-72887   -            256 621827at2759         -            349   1.4e-13   46.5   4.4   2   2   1.2e-05   0.00019   16.4   0.1    31    84   170   228   150   256 0.66 -
CAACVS010000051_1:57858-58316   -            153 621827at2759         -            349   1.5e-12   43.1   3.0   1   2   7.5e-06   0.00012   17.1   0.1    93   151     8    69     4    71 0.82 -
CAACVS010000051_1:57858-58316   -            153 621827at2759         -            349   1.5e-12   43.1   3.0   2   2   9.3e-09   1.5e-07   26.7   0.7    75   147    68   150    66   152 0.83 -
CAACVS010000453_1:16133-17122   -            330 621827at2759         -            349   8.6e-12   40.6   0.9   1   4   1.5e-06   2.3e-05   19.4   0.7   101   148    89   137    80   141 0.88 -
CAACVS010000453_1:16133-17122   -            330 621827at2759         -            349   8.6e-12   40.6   0.9   2   4   0.00063      0.01   10.8   0.0    28    75   132   179   130   190 0.87 -
CAACVS010000453_1:16133-17122   -            330 621827at2759         -            349   8.6e-12   40.6   0.9   3   4      0.27       4.3    2.1   0.0   113   149   193   234   187   264 0.71 -
CAACVS010000453_1:16133-17122   -            330 621827at2759         -            349   8.6e-12   40.6   0.9   4   4     0.022      0.36    5.7   0.0   103   145   270   315   255   318 0.79 -
CAACVS010000531_1:313268-314575 -            436 621827at2759         -            349     2e-11   39.4   0.3   1   6      0.66        11    0.9   0.0   105   129    50    74    33    95 0.69 -
CAACVS010000531_1:313268-314575 -            436 621827at2759         -            349     2e-11   39.4   0.3   2   6      0.04      0.64    4.9   0.0   111   171   116   181   110   184 0.69 -
CAACVS010000531_1:313268-314575 -            436 621827at2759         -            349     2e-11   39.4   0.3   3   6   1.9e-05   0.00031   15.8   0.0    92   147   179   237   177   270 0.82 -
CAACVS010000531_1:313268-314575 -            436 621827at2759         -            349     2e-11   39.4   0.3   4   6      0.33       5.2    1.8   0.0    54    75   260   281   252   293 0.82 -
CAACVS010000531_1:313268-314575 -            436 621827at2759         -            349     2e-11   39.4   0.3   5   6    0.0081      0.13    7.2   0.0   128   184   326   393   311   399 0.66 -
CAACVS010000531_1:313268-314575 -            436 621827at2759         -            349     2e-11   39.4   0.3   6   6      0.51       8.1    1.2   0.0    92   105   422   435   417   436 0.79 -
CAACVS010000126_1:144672-145256 -            195 621827at2759         -            349   2.9e-11   38.9   1.6   1   2    0.0052     0.082    7.8   0.0   122   148    23    49     3    55 0.77 -
CAACVS010000126_1:144672-145256 -            195 621827at2759         -            349   2.9e-11   38.9   1.6   2   2   1.8e-08   2.9e-07   25.7   1.5    42   129    68   165    60   195 0.72 -
CAACVS010000001_1:539490-539963 -            158 621827at2759         -            349   5.5e-11   38.0   3.3   1   2   6.4e-09     1e-07   27.2   1.1    92   167     1    80     1    88 0.78 -
CAACVS010000001_1:539490-539963 -            158 621827at2759         -            349   5.5e-11   38.0   3.3   2   2   0.00033    0.0053   11.7   0.1   128   149    92   113    70   125 0.69 -
CAACVS010000572_1:7855-8979     -            375 621827at2759         -            349   1.3e-10   36.7   1.1   1   4   4.1e-05   0.00066   14.7   0.0    89   125    35    74     9    84 0.73 -
CAACVS010000572_1:7855-8979     -            375 621827at2759         -            349   1.3e-10   36.7   1.1   2   4    0.0082      0.13    7.1   0.0    92   117   157   182   116   189 0.69 -
CAACVS010000572_1:7855-8979     -            375 621827at2759         -            349   1.3e-10   36.7   1.1   3   4       6.7   1.1e+02   -2.5   0.0   154   190   220   256   210   272 0.53 -
CAACVS010000572_1:7855-8979     -            375 621827at2759         -            349   1.3e-10   36.7   1.1   4   4   0.00044    0.0069   11.3   0.0   120   147   308   337   298   375 0.54 -
CAACVS010000105_1:33968-34780   -            271 621827at2759         -            349   5.1e-10   34.8   0.0   1   3     0.012      0.18    6.6   0.0   117   144    97   124    92   127 0.85 -
CAACVS010000105_1:33968-34780   -            271 621827at2759         -            349   5.1e-10   34.8   0.0   2   3    0.0079      0.13    7.2   0.0    80   107   148   175   138   180 0.68 -
CAACVS010000105_1:33968-34780   -            271 621827at2759         -            349   5.1e-10   34.8   0.0   3   3   9.3e-06   0.00015   16.8   0.0    89   129   217   257   205   259 0.89 -
CAACVS010000225_1:115650-116597 -            316 621827at2759         -            349   6.5e-10   34.4   0.1   1   4    0.0017     0.027    9.3   0.0   113   144     3    36     1    42 0.83 -
CAACVS010000225_1:115650-116597 -            316 621827at2759         -            349   6.5e-10   34.4   0.1   2   4   5.4e-05   0.00086   14.3   0.0    92   147   115   175    94   196 0.77 -
CAACVS010000225_1:115650-116597 -            316 621827at2759         -            349   6.5e-10   34.4   0.1   3   4       2.1        33   -0.8   0.0   130   147   215   232   181   236 0.79 -
CAACVS010000225_1:115650-116597 -            316 621827at2759         -            349   6.5e-10   34.4   0.1   4   4     0.022      0.34    5.7   0.0   224   265   239   284   210   303 0.59 -
CAACVS010000555_1:158877-160050 -            360 621827at2759         -            349     9e-10   34.0   1.1   1   4     0.008      0.13    7.2   0.1    99   147    54   110    41   112 0.76 -
CAACVS010000555_1:158877-160050 -            360 621827at2759         -            349     9e-10   34.0   1.1   2   4   6.3e-07     1e-05   20.6   0.5    55   146    90   191    65   199 0.63 -
CAACVS010000555_1:158877-160050 -            360 621827at2759         -            349     9e-10   34.0   1.1   3   4      0.17       2.7    2.8   0.0   114   152   211   254   204   292 0.71 -
CAACVS010000555_1:158877-160050 -            360 621827at2759         -            349     9e-10   34.0   1.1   4   4     0.016      0.25    6.2   0.0   109   145   297   335   280   339 0.88 -
CAACVS010000647_1:87078-87827   -            250 621827at2759         -            349     9e-10   34.0   0.0   1   2      0.98        16    0.3   0.0   129   145    87   103    74   108 0.64 -
CAACVS010000647_1:87078-87827   -            250 621827at2759         -            349     9e-10   34.0   0.0   2   2   5.4e-10   8.6e-09   30.7   0.1    91   149   162   222   139   246 0.86 -
CAACVS010000648_1:77087-77869   -            261 621827at2759         -            349   1.8e-09   33.0   0.2   1   2   8.5e-09   1.3e-07   26.8   0.0    59   147     6    64     1    96 0.58 -
CAACVS010000648_1:77087-77869   -            261 621827at2759         -            349   1.8e-09   33.0   0.2   2   2     0.062      0.98    4.2   0.0    49    74   198   223   181   234 0.84 -
CAACVS010000575_1:98127-101773  -            593 621827at2759         -            349   2.1e-09   32.8   0.6   1   3   1.9e-06     3e-05   19.1   0.0    92   149    83   142    64   153 0.84 -
CAACVS010000575_1:98127-101773  -            593 621827at2759         -            349   2.1e-09   32.8   0.6   2   3      0.12       1.9    3.3   0.1    98   153   185   247   166   257 0.66 -
CAACVS010000575_1:98127-101773  -            593 621827at2759         -            349   2.1e-09   32.8   0.6   3   3    0.0084      0.13    7.1   0.0    97   139   272   318   249   321 0.74 -
CAACVS010000690_1:21267-21626   -            120 621827at2759         -            349   4.6e-09   31.6   0.7   1   2    0.0064       0.1    7.5   0.1   130   148     2    20     1    39 0.84 -
CAACVS010000690_1:21267-21626   -            120 621827at2759         -            349   4.6e-09   31.6   0.7   2   2   1.4e-07   2.2e-06   22.9   0.1   100   148    59   111    50   117 0.83 -
CAACVS010000042_1:81424-82014   -            197 621827at2759         -            349   8.8e-09   30.7   0.2   1   3   4.5e-05   0.00071   14.6   0.0   189   251     4    71     1    76 0.80 -
CAACVS010000042_1:81424-82014   -            197 621827at2759         -            349   8.8e-09   30.7   0.2   2   3   0.00028    0.0045   11.9   0.0   109   178    80   150    72   156 0.84 -
CAACVS010000042_1:81424-82014   -            197 621827at2759         -            349   8.8e-09   30.7   0.2   3   3       0.3       4.8    2.0   0.0    66   241   155   190   131   196 0.54 -
CAACVS010000034_1:37480-38418   -            313 621827at2759         -            349   3.2e-08   28.9   0.4   1   4      0.52       8.2    1.2   0.0   229   252     2    25     1    32 0.89 -
CAACVS010000034_1:37480-38418   -            313 621827at2759         -            349   3.2e-08   28.9   0.4   2   4      0.14       2.3    3.0   0.0   221   252    45    79    34    86 0.76 -
CAACVS010000034_1:37480-38418   -            313 621827at2759         -            349   3.2e-08   28.9   0.4   3   4   0.00048    0.0076   11.2   0.0    86   181    62   180    57   190 0.59 -
CAACVS010000034_1:37480-38418   -            313 621827at2759         -            349   3.2e-08   28.9   0.4   4   4    0.0012      0.02    9.8   0.3    97   137   270   313   256   313 0.74 -
CAACVS010000658_1:20944-23355   -            804 621827at2759         -            349   3.7e-08   28.6   0.2   1   4   7.6e-08   1.2e-06   23.7   0.0    56   150    85   174    76   182 0.79 -
CAACVS010000658_1:20944-23355   -            804 621827at2759         -            349   3.7e-08   28.6   0.2   2   4       8.8   1.4e+02   -2.8   0.0   300   325   285   310   282   314 0.86 -
CAACVS010000658_1:20944-23355   -            804 621827at2759         -            349   3.7e-08   28.6   0.2   3   4       7.9   1.3e+02   -2.7   0.0    90   112   318   339   302   381 0.70 -
CAACVS010000658_1:20944-23355   -            804 621827at2759         -            349   3.7e-08   28.6   0.2   4   4       1.5        23   -0.3   0.0    58   101   426   472   423   475 0.80 -
CAACVS010000289_1:6074-7009     -            312 621827at2759         -            349   4.8e-08   28.3   2.0   1   3   0.00017    0.0027   12.6   0.1    92   145    22    82     2    85 0.80 -
CAACVS010000289_1:6074-7009     -            312 621827at2759         -            349   4.8e-08   28.3   2.0   2   3    0.0021     0.034    9.1   0.1   129   143   126   140    97   179 0.79 -
CAACVS010000289_1:6074-7009     -            312 621827at2759         -            349   4.8e-08   28.3   2.0   3   3      0.16       2.6    2.9   0.0    92   104   300   312   283   312 0.67 -
CAACVS010000191_1:46285-48291   -            669 621827at2759         -            349   6.1e-08   27.9   0.1   1   3   7.5e-05    0.0012   13.8   0.0   120   177   306   365   287   379 0.85 -
CAACVS010000191_1:46285-48291   -            669 621827at2759         -            349   6.1e-08   27.9   0.1   2   3     0.028      0.45    5.4   0.0   153   213   500   565   493   567 0.83 -
CAACVS010000191_1:46285-48291   -            669 621827at2759         -            349   6.1e-08   27.9   0.1   3   3     0.019       0.3    5.9   0.1    98   152   562   620   555   625 0.72 -
CAACVS010000582_1:102588-103022 -            145 621827at2759         -            349   2.9e-07   25.7   0.4   1   1   3.4e-08   5.4e-07   24.8   0.3   103   183     1    95     1   103 0.73 -
CAACVS010000046_1:120500-120769 -             90 621827at2759         -            349   6.2e-07   24.6   0.9   1   2   3.5e-06   5.6e-05   18.2   0.2   117   147     2    34     1    37 0.89 -
CAACVS010000046_1:120500-120769 -             90 621827at2759         -            349   6.2e-07   24.6   0.9   2   2     0.023      0.37    5.6   0.0   128   143    73    88    46    90 0.74 -
CAACVS010000006_1:99682-100872  -            397 621827at2759         -            349   1.1e-06   23.8   0.2   1   2    0.0019      0.03    9.2   0.1   116   150    84   119    72   129 0.76 -
CAACVS010000006_1:99682-100872  -            397 621827at2759         -            349   1.1e-06   23.8   0.2   2   2   0.00053    0.0084   11.0   0.0   111   148   252   291   246   298 0.74 -
CAACVS010000146_1:96097-96420   -            108 621827at2759         -            349   1.2e-06   23.7   0.3   1   1   1.4e-07   2.2e-06   22.8   0.3    85   152     9    83     2    98 0.81 -
CAACVS010000156_1:68031-69392   -            454 621827at2759         -            349   1.3e-06   23.6   0.2   1   4       1.1        18    0.1   0.0    90   105    24    39    18    50 0.84 -
CAACVS010000156_1:68031-69392   -            454 621827at2759         -            349   1.3e-06   23.6   0.2   2   4    0.0062     0.098    7.5   0.0   100   147   219   270   212   279 0.85 -
CAACVS010000156_1:68031-69392   -            454 621827at2759         -            349   1.3e-06   23.6   0.2   3   4     0.001     0.016   10.1   0.0   113   145   287   322   270   326 0.79 -
CAACVS010000156_1:68031-69392   -            454 621827at2759         -            349   1.3e-06   23.6   0.2   4   4       1.8        29   -0.6   0.0    58    80   377   399   353   405 0.75 -
CAACVS010000385_1:143905-149137 -           1670 621827at2759         -            349   1.6e-06   23.3   1.8   1   4    0.0028     0.044    8.7   0.0   116   147  1230  1263  1216  1276 0.66 -
CAACVS010000385_1:143905-149137 -           1670 621827at2759         -            349   1.6e-06   23.3   1.8   2   4       0.6       9.4    1.0   0.0   228   257  1398  1427  1362  1444 0.59 -
CAACVS010000385_1:143905-149137 -           1670 621827at2759         -            349   1.6e-06   23.3   1.8   3   4      0.17       2.7    2.8   0.0   128   146  1560  1578  1546  1587 0.77 -
CAACVS010000385_1:143905-149137 -           1670 621827at2759         -            349   1.6e-06   23.3   1.8   4   4      0.02      0.31    5.9   0.0   115   143  1641  1669  1632  1670 0.91 -
CAACVS010000582_1:20187-20864   -            226 621827at2759         -            349   4.3e-06   21.9   0.4   1   2   9.2e-07   1.5e-05   20.1   0.4    76   147    29   109    26   118 0.80 -
CAACVS010000582_1:20187-20864   -            226 621827at2759         -            349   4.3e-06   21.9   0.4   2   2       5.2        82   -2.1   0.0   172   182   149   159   138   172 0.68 -
CAACVS010000007_1:124198-124917 -            240 621827at2759         -            349   1.6e-05   20.0   0.0   1   2       1.9        30   -0.7   0.0   129   147    63    81    35    90 0.76 -
CAACVS010000007_1:124198-124917 -            240 621827at2759         -            349   1.6e-05   20.0   0.0   2   2   5.3e-06   8.5e-05   17.6   0.0    42   148    95   218    89   222 0.78 -
CAACVS010000007_1:67160-67453   -             98 621827at2759         -            349   1.6e-05   19.9   1.3   1   2      0.42       6.7    1.5   0.1    93   119     1    27     1    31 0.75 -
CAACVS010000007_1:67160-67453   -             98 621827at2759         -            349   1.6e-05   19.9   1.3   2   2     5e-06   7.9e-05   17.7   0.2    90   128    54    93    32    95 0.76 -
CAACVS010000335_1:419297-419869 -            191 621827at2759         -            349   1.8e-05   19.8   0.0   1   1   2.5e-06     4e-05   18.7   0.0    92   149     6    70     3    75 0.77 -
CAACVS010000136_1:28743-30864   -            663 621827at2759         -            349   2.5e-05   19.4   4.5   1   3      0.01      0.16    6.8   0.0    92   145   237   294   214   310 0.71 -
CAACVS010000136_1:28743-30864   -            663 621827at2759         -            349   2.5e-05   19.4   4.5   2   3       1.2        19    0.0   0.0   231   258   500   527   482   538 0.81 -
CAACVS010000136_1:28743-30864   -            663 621827at2759         -            349   2.5e-05   19.4   4.5   3   3    0.0035     0.056    8.3   1.5    88   145   592   654   538   663 0.63 -
CAACVS010000637_1:75110-75883   -            258 621827at2759         -            349   6.6e-05   18.0   1.5   1   4       2.8        45   -1.2   0.0    88   109    13    34     8    35 0.78 -
CAACVS010000637_1:75110-75883   -            258 621827at2759         -            349   6.6e-05   18.0   1.5   2   4     0.084       1.3    3.8   0.0    92   147    90   106    74   114 0.63 -
CAACVS010000637_1:75110-75883   -            258 621827at2759         -            349   6.6e-05   18.0   1.5   3   4       4.4        70   -1.8   0.0   128   141   143   156   139   160 0.69 -
CAACVS010000637_1:75110-75883   -            258 621827at2759         -            349   6.6e-05   18.0   1.5   4   4    0.0005    0.0079   11.1   0.1    92   147   196   257   177   258 0.78 -
CAACVS010000331_1:6945-8827     -            555 621827at2759         -            349   0.00036   15.6   1.1   1   3      0.27       4.3    2.1   0.1   130   252   269   320   248   326 0.41 -
CAACVS010000331_1:6945-8827     -            555 621827at2759         -            349   0.00036   15.6   1.1   2   3       2.1        33   -0.8   0.0   223   252   332   361   329   374 0.83 -
CAACVS010000331_1:6945-8827     -            555 621827at2759         -            349   0.00036   15.6   1.1   3   3    0.0037     0.059    8.3   0.0    43   112   381   462   369   469 0.65 -
CAACVS010000163_1:49734-50384   -            217 621827at2759         -            349   0.00041   15.3   0.0   1   2     0.057       0.9    4.4   0.0   126   149    11    34     8    49 0.88 -
CAACVS010000163_1:49734-50384   -            217 621827at2759         -            349   0.00041   15.3   0.0   2   2    0.0024     0.037    8.9   0.0   128   148   169   189   137   215 0.88 -
CAACVS010000167_1:37544-38170   -            209 621827at2759         -            349   0.00093   14.2   0.0   1   2   0.00028    0.0045   11.9   0.0   111   147     3    41     1    52 0.82 -
CAACVS010000167_1:37544-38170   -            209 621827at2759         -            349   0.00093   14.2   0.0   2   2      0.75        12    0.7   0.0   217   253    42    79    39   108 0.77 -
CAACVS010000070_1:4351-4848     -            166 621827at2759         -            349     0.001   14.0   0.0   1   2     0.052      0.82    4.5   0.0   127   149    15    37     1    47 0.70 -
CAACVS010000070_1:4351-4848     -            166 621827at2759         -            349     0.001   14.0   0.0   2   2    0.0048     0.076    7.9   0.0   217   252   103   139    78   156 0.73 -
CAACVS010000679_1:64925-65242   -            106 621827at2759         -            349     0.002   13.1   0.3   1   1   0.00016    0.0025   12.8   0.3   109   145    34    71    19    78 0.77 -
CAACVS010000674_1:10976-14260   -           1095 621827at2759         -            349    0.0036   12.3   0.1   1   3      0.33       5.2    1.8   0.0   221   252   146   177   118   192 0.80 -
CAACVS010000674_1:10976-14260   -           1095 621827at2759         -            349    0.0036   12.3   0.1   2   3       1.5        24   -0.3   0.0    41    74   197   237   190   238 0.68 -
CAACVS010000674_1:10976-14260   -           1095 621827at2759         -            349    0.0036   12.3   0.1   3   3     0.019       0.3    5.9   0.0   130   149   662   681   640   717 0.72 -
CAACVS010000148_1:211066-211815 -            250 621827at2759         -            349    0.0049   11.8   0.0   1   2      0.77        12    0.6   0.0    57    74     6    23     3    34 0.83 -
CAACVS010000148_1:211066-211815 -            250 621827at2759         -            349    0.0049   11.8   0.0   2   2    0.0028     0.044    8.7   0.0   184   252   146   223   140   228 0.81 -
CAACVS010000178_1:19445-19855   -            137 621827at2759         -            349     0.014   10.3   0.2   1   2      0.14       2.2    3.1   0.0   130   155    15    40     5    66 0.72 -
CAACVS010000178_1:19445-19855   -            137 621827at2759         -            349     0.014   10.3   0.2   2   2     0.042      0.67    4.8   0.1    90   108   117   135    45   137 0.75 -
#
# Program:         hmmsearch
# Version:         3.1b2 (February 2015)
# Pipeline mode:   SEARCH
# Query file:      /Users/aholzer/ownCloud/PhD/Publications/2021 Liavero-Pasquina et al./analysis/TPP_aptamer_search/busco_downloads/lineages/eukaryota_odb10/hmms/621827at2759.hmm
# Target file:     /Users/aholzer/ownCloud/PhD/Publications/2021 Liavero-Pasquina et al./analysis/TPP_aptamer_search/genomes/BUSCO_eukaryota_obd10/Pseudo-nitzschia_multistriata_ASM90066040v1/run_eukaryota_odb10/metaeuk_output/initial_results/GCA_900660405.1_ASM90066040v1_genomic.fna.modified.fas
# Option settings: hmmsearch --domtblout /Users/aholzer/ownCloud/PhD/Publications/2021 Liavero-Pasquina et al./analysis/TPP_aptamer_search/genomes/BUSCO_eukaryota_obd10/Pseudo-nitzschia_multistriata_ASM90066040v1/run_eukaryota_odb10/hmmer_output/initial_run_results/621827at2759.out --cpu 1 /Users/aholzer/ownCloud/PhD/Publications/2021 Liavero-Pasquina et al./analysis/TPP_aptamer_search/busco_downloads/lineages/eukaryota_odb10/hmms/621827at2759.hmm /Users/aholzer/ownCloud/PhD/Publications/2021 Liavero-Pasquina et al./analysis/TPP_aptamer_search/genomes/BUSCO_eukaryota_obd10/Pseudo-nitzschia_multistriata_ASM90066040v1/run_eukaryota_odb10/metaeuk_output/initial_results/GCA_900660405.1_ASM90066040v1_genomic.fna.modified.fas 
# Current dir:     /Users/aholzer/ownCloud/PhD/Publications/2021 Liavero-Pasquina et al./analysis/TPP_aptamer_search
# Date:            Sun Apr 18 04:09:00 2021
# [ok]
