#                                                                                       --- full sequence --- -------------- this domain -------------   hmm coord   ali coord   env coord
# target name                   accession   tlen query name           accession   qlen   E-value  score  bias   #  of  c-Evalue  i-Evalue  score  bias  from    to  from    to  from    to  acc description of target
#           ------------------- ---------- ----- -------------------- ---------- ----- --------- ------ ----- --- --- --------- --------- ------ ----- ----- ----- ----- ----- ----- ----- ---- ---------------------
CAACVS010000340_1:24534-25785   -            334 779909at2759         -            227   4.3e-58  192.4   1.0   1   2   1.3e-38     2e-37  124.8   0.0     1   126     3   147     3   159 0.89 -
CAACVS010000340_1:24534-25785   -            334 779909at2759         -            227   4.3e-58  192.4   1.0   2   2   4.2e-17   6.2e-16   54.5   5.4   156   227   238   331   186   331 0.69 -
CAACVS010000132_1:38331-39434   -            368 779909at2759         -            227   1.5e-21   72.8   2.7   1   6    0.0015     0.022   10.1   0.0    64    99     1    36     1    50 0.85 -
CAACVS010000132_1:38331-39434   -            368 779909at2759         -            227   1.5e-21   72.8   2.7   2   6     0.012      0.19    7.1   0.0    47    95    27    74    27    78 0.91 -
CAACVS010000132_1:38331-39434   -            368 779909at2759         -            227   1.5e-21   72.8   2.7   3   6    0.0018     0.026    9.9   0.0    76    98   119   141    90   155 0.75 -
CAACVS010000132_1:38331-39434   -            368 779909at2759         -            227   1.5e-21   72.8   2.7   4   6    0.0011     0.017   10.5   0.0    56    96   141   180   140   183 0.90 -
CAACVS010000132_1:38331-39434   -            368 779909at2759         -            227   1.5e-21   72.8   2.7   5   6    0.0028     0.042    9.2   0.0     3    40   165   207   163   211 0.82 -
CAACVS010000132_1:38331-39434   -            368 779909at2759         -            227   1.5e-21   72.8   2.7   6   6   6.5e-06   9.7e-05   17.9   0.0    49    94   280   325   270   335 0.93 -
CAACVS010000225_1:329797-330837 -            347 779909at2759         -            227   3.4e-21   71.7   0.0   1   5       1.1        16    0.8   0.0    77    96     4    23     2    31 0.80 -
CAACVS010000225_1:329797-330837 -            347 779909at2759         -            227   3.4e-21   71.7   0.0   2   5    0.0028     0.041    9.3   0.0    69    97    56    84    45    96 0.86 -
CAACVS010000225_1:329797-330837 -            347 779909at2759         -            227   3.4e-21   71.7   0.0   3   5   0.00022    0.0033   12.9   0.0    61   106   162   210   154   214 0.78 -
CAACVS010000225_1:329797-330837 -            347 779909at2759         -            227   3.4e-21   71.7   0.0   4   5   1.6e-09   2.4e-08   29.7   0.0    57   127   202   285   199   294 0.77 -
CAACVS010000225_1:329797-330837 -            347 779909at2759         -            227   3.4e-21   71.7   0.0   5   5   8.4e-05    0.0013   14.2   0.0    67    97   315   345   299   347 0.84 -
CAACVS010000169_1:22100-22876   -            259 779909at2759         -            227   1.3e-20   69.7   0.6   1   4   7.3e-05    0.0011   14.4   0.0    70   100     2    32     1    37 0.89 -
CAACVS010000169_1:22100-22876   -            259 779909at2759         -            227   1.3e-20   69.7   0.6   2   4   1.7e-05   0.00026   16.5   0.0    57   110    31    85    28    94 0.81 -
CAACVS010000169_1:22100-22876   -            259 779909at2759         -            227   1.3e-20   69.7   0.6   3   4   3.5e-09   5.2e-08   28.6   0.0     3    97    97   195    95   198 0.79 -
CAACVS010000169_1:22100-22876   -            259 779909at2759         -            227   1.3e-20   69.7   0.6   4   4    0.0083      0.12    7.7   0.0    66    98   214   246   197   252 0.77 -
CAACVS010000168_1:57118-58011   -            298 779909at2759         -            227   7.9e-19   63.9   1.7   1   5      0.25       3.7    2.9   0.0    83    95     8    20     2    25 0.66 -
CAACVS010000168_1:57118-58011   -            298 779909at2759         -            227   7.9e-19   63.9   1.7   2   5     0.011      0.16    7.3   0.0    64    98    43    78    33    81 0.69 -
CAACVS010000168_1:57118-58011   -            298 779909at2759         -            227   7.9e-19   63.9   1.7   3   5   6.9e-12     1e-10   37.4   0.2     3    97    61   161    60   174 0.86 -
CAACVS010000168_1:57118-58011   -            298 779909at2759         -            227   7.9e-19   63.9   1.7   4   5     0.047       0.7    5.2   0.0    69    98   176   205   167   220 0.85 -
CAACVS010000168_1:57118-58011   -            298 779909at2759         -            227   7.9e-19   63.9   1.7   5   5     0.012      0.18    7.1   0.1    46    82   249   285   219   298 0.54 -
CAACVS010000637_1:131556-132413 -            286 779909at2759         -            227   3.3e-18   61.9   0.3   1   3     1e-05   0.00016   17.2   0.0    61    99     3    41     1    65 0.84 -
CAACVS010000637_1:131556-132413 -            286 779909at2759         -            227   3.3e-18   61.9   0.3   2   3   8.1e-06   0.00012   17.5   0.0     3    77    86   169    84   174 0.79 -
CAACVS010000637_1:131556-132413 -            286 779909at2759         -            227   3.3e-18   61.9   0.3   3   3     1e-06   1.5e-05   20.5   0.1    47    98   200   250   198   266 0.89 -
CAACVS010000064_1:43548-44444   -            299 779909at2759         -            227   6.1e-18   61.0   0.7   1   6      0.23       3.4    3.0   0.0     4    29     2    29     1    40 0.77 -
CAACVS010000064_1:43548-44444   -            299 779909at2759         -            227   6.1e-18   61.0   0.7   2   6      0.44       6.6    2.0   0.0     3    17    47    61    45    68 0.61 -
CAACVS010000064_1:43548-44444   -            299 779909at2759         -            227   6.1e-18   61.0   0.7   3   6   0.00025    0.0038   12.6   0.0    61    96    90   125    84   129 0.83 -
CAACVS010000064_1:43548-44444   -            299 779909at2759         -            227   6.1e-18   61.0   0.7   4   6   7.9e-12   1.2e-10   37.2   0.0     3   102   110   215   109   235 0.85 -
CAACVS010000064_1:43548-44444   -            299 779909at2759         -            227   6.1e-18   61.0   0.7   5   6     0.047       0.7    5.2   0.1    78    98   240   260   220   273 0.76 -
CAACVS010000064_1:43548-44444   -            299 779909at2759         -            227   6.1e-18   61.0   0.7   6   6       0.5       7.4    1.9   0.0     3    15   286   298   284   299 0.77 -
CAACVS010000440_1:168405-171125 -            907 779909at2759         -            227   1.2e-17   60.1   6.1   1   6   6.3e-05   0.00094   14.6   0.0    69   103    52    86    35    90 0.87 -
CAACVS010000440_1:168405-171125 -            907 779909at2759         -            227   1.2e-17   60.1   6.1   2   6       5.9        88   -1.6   0.0    84    97   123   136   105   181 0.63 -
CAACVS010000440_1:168405-171125 -            907 779909at2759         -            227   1.2e-17   60.1   6.1   3   6    0.0007      0.01   11.2   0.0    46    97   363   412   310   422 0.79 -
CAACVS010000440_1:168405-171125 -            907 779909at2759         -            227   1.2e-17   60.1   6.1   4   6     0.032      0.48    5.8   0.0    57    99   482   524   476   535 0.83 -
CAACVS010000440_1:168405-171125 -            907 779909at2759         -            227   1.2e-17   60.1   6.1   5   6   1.3e-08     2e-07   26.7   0.4     2   103   505   612   504   623 0.86 -
CAACVS010000440_1:168405-171125 -            907 779909at2759         -            227   1.2e-17   60.1   6.1   6   6   2.1e-07   3.1e-06   22.7   0.1     2   117   547   670   546   677 0.82 -
CAACVS010000225_1:154711-155385 -            225 779909at2759         -            227   5.4e-17   57.9   2.4   1   5     0.042      0.63    5.4   0.0    59    95     6    43     1    47 0.58 -
CAACVS010000225_1:154711-155385 -            225 779909at2759         -            227   5.4e-17   57.9   2.4   2   5   1.6e-05   0.00024   16.6   0.0    63   102    66   105    55   109 0.89 -
CAACVS010000225_1:154711-155385 -            225 779909at2759         -            227   5.4e-17   57.9   2.4   3   5   7.9e-05    0.0012   14.3   0.0    57    98   101   142    99   146 0.92 -
CAACVS010000225_1:154711-155385 -            225 779909at2759         -            227   5.4e-17   57.9   2.4   4   5       2.7        40   -0.5   0.0   167   181   168   182   155   186 0.84 -
CAACVS010000225_1:154711-155385 -            225 779909at2759         -            227   5.4e-17   57.9   2.4   5   5   2.1e-06   3.2e-05   19.5   0.0    56    96   185   225   176   225 0.93 -
CAACVS010000096_1:28921-33037   -           1285 779909at2759         -            227     1e-16   57.0   0.5   1   6   8.2e-05    0.0012   14.2   0.0    59    96    46    83    31    92 0.88 -
CAACVS010000096_1:28921-33037   -           1285 779909at2759         -            227     1e-16   57.0   0.5   2   6    0.0023     0.034    9.5   0.0    64   108    93   140    85   147 0.76 -
CAACVS010000096_1:28921-33037   -           1285 779909at2759         -            227     1e-16   57.0   0.5   3   6   0.00078     0.012   11.0   0.0    48    96   123   170   122   184 0.87 -
CAACVS010000096_1:28921-33037   -           1285 779909at2759         -            227     1e-16   57.0   0.5   4   6    0.0016     0.024   10.0   0.1     3    97   155   251   153   257 0.70 -
CAACVS010000096_1:28921-33037   -           1285 779909at2759         -            227     1e-16   57.0   0.5   5   6   2.4e-05   0.00036   16.0   0.1    57    96   255   294   244   316 0.83 -
CAACVS010000096_1:28921-33037   -           1285 779909at2759         -            227     1e-16   57.0   0.5   6   6       3.4        50   -0.8   0.0    31    88   518   571   506   580 0.78 -
CAACVS010000578_1:1815-3381     -            472 779909at2759         -            227   1.7e-15   53.0   5.3   1   6       1.3        20    0.5   0.0    69    97    91   119    80   158 0.53 -
CAACVS010000578_1:1815-3381     -            472 779909at2759         -            227   1.7e-15   53.0   5.3   2   6      0.08       1.2    4.5   0.0    65   109   129   173   122   176 0.86 -
CAACVS010000578_1:1815-3381     -            472 779909at2759         -            227   1.7e-15   53.0   5.3   3   6   3.7e-06   5.5e-05   18.7   0.1     8    98   150   246   145   252 0.80 -
CAACVS010000578_1:1815-3381     -            472 779909at2759         -            227   1.7e-15   53.0   5.3   4   6   5.2e-08   7.7e-07   24.7   0.1    61    98   251   288   247   291 0.92 -
CAACVS010000578_1:1815-3381     -            472 779909at2759         -            227   1.7e-15   53.0   5.3   5   6   0.00047    0.0071   11.8   0.0    47    96   280   329   279   335 0.84 -
CAACVS010000578_1:1815-3381     -            472 779909at2759         -            227   1.7e-15   53.0   5.3   6   6         1        16    0.8   0.0    69    93   348   372   331   383 0.63 -
CAACVS010000531_1:313268-314575 -            436 779909at2759         -            227   5.8e-15   51.3   0.0   1   4   7.7e-08   1.2e-06   24.1   0.0     4    97   138   237   135   259 0.82 -
CAACVS010000531_1:313268-314575 -            436 779909at2759         -            227   5.8e-15   51.3   0.0   2   4         5        74   -1.4   0.0    77   102   261   286   259   293 0.79 -
CAACVS010000531_1:313268-314575 -            436 779909at2759         -            227   5.8e-15   51.3   0.0   3   4   6.1e-06   9.1e-05   18.0   0.0    40   108   281   357   269   400 0.71 -
CAACVS010000531_1:313268-314575 -            436 779909at2759         -            227   5.8e-15   51.3   0.0   4   4      0.71        11    1.4   0.0    80    94   421   435   379   436 0.64 -
CAACVS010000116_1:29826-33072   -            921 779909at2759         -            227   7.3e-15   51.0   0.1   1   7      0.82        12    1.2   0.0   179   207   109   138    34   152 0.74 -
CAACVS010000116_1:29826-33072   -            921 779909at2759         -            227   7.3e-15   51.0   0.1   2   7    0.0011     0.016   10.6   0.0    61    97   156   192   142   198 0.90 -
CAACVS010000116_1:29826-33072   -            921 779909at2759         -            227   7.3e-15   51.0   0.1   3   7       2.3        34   -0.3   0.0    49    98   356   406   348   410 0.83 -
CAACVS010000116_1:29826-33072   -            921 779909at2759         -            227   7.3e-15   51.0   0.1   4   7     0.017      0.25    6.7   0.0    60    97   410   447   397   454 0.70 -
CAACVS010000116_1:29826-33072   -            921 779909at2759         -            227   7.3e-15   51.0   0.1   5   7      0.36       5.4    2.3   0.0    63   120   456   515   452   521 0.71 -
CAACVS010000116_1:29826-33072   -            921 779909at2759         -            227   7.3e-15   51.0   0.1   6   7   3.8e-06   5.6e-05   18.6   0.0     5   125   475   615   472   625 0.62 -
CAACVS010000116_1:29826-33072   -            921 779909at2759         -            227   7.3e-15   51.0   0.1   7   7      0.99        15    0.9   0.0    68    97   650   679   635   691 0.86 -
CAACVS010000254_1:46782-47714   -            311 779909at2759         -            227   3.4e-14   48.8   1.8   1   3   4.3e-07   6.4e-06   21.7   0.1    61   183     7   130     2   132 0.85 -
CAACVS010000254_1:46782-47714   -            311 779909at2759         -            227   3.4e-14   48.8   1.8   2   3   8.4e-11   1.3e-09   33.8   0.1     3    98   114   217   112   231 0.85 -
CAACVS010000254_1:46782-47714   -            311 779909at2759         -            227   3.4e-14   48.8   1.8   3   3       2.5        38   -0.4   0.0    48    90   264   308   235   311 0.62 -
CAACVS010000282_1:55512-56444   -            311 779909at2759         -            227   3.4e-14   48.8   1.8   1   3   4.3e-07   6.4e-06   21.7   0.1    61   183     7   130     2   132 0.85 -
CAACVS010000282_1:55512-56444   -            311 779909at2759         -            227   3.4e-14   48.8   1.8   2   3   8.4e-11   1.3e-09   33.8   0.1     3    98   114   217   112   231 0.85 -
CAACVS010000282_1:55512-56444   -            311 779909at2759         -            227   3.4e-14   48.8   1.8   3   3       2.5        38   -0.4   0.0    48    90   264   308   235   311 0.62 -
CAACVS010000572_1:7855-8979     -            375 779909at2759         -            227   1.3e-13   46.9   1.4   1   4   7.2e-06   0.00011   17.7   0.0    59   103    17    60    10    76 0.81 -
CAACVS010000572_1:7855-8979     -            375 779909at2759         -            227   1.3e-13   46.9   1.4   2   4   0.00011    0.0016   13.9   0.0    40   101   117   177    98   185 0.79 -
CAACVS010000572_1:7855-8979     -            375 779909at2759         -            227   1.3e-13   46.9   1.4   3   4       2.7        40   -0.5   0.0    27    46   217   236   202   253 0.85 -
CAACVS010000572_1:7855-8979     -            375 779909at2759         -            227   1.3e-13   46.9   1.4   4   4    0.0013      0.02   10.3   0.0    66    97   306   337   300   348 0.87 -
CAACVS010000081_1:60752-61669   -            306 779909at2759         -            227   2.9e-13   45.7   0.1   1   4      0.01      0.15    7.4   0.0    68    97    15    44     3    54 0.83 -
CAACVS010000081_1:60752-61669   -            306 779909at2759         -            227   2.9e-13   45.7   0.1   2   4   1.1e-07   1.6e-06   23.7   0.0    45    97    92   146    55   157 0.82 -
CAACVS010000081_1:60752-61669   -            306 779909at2759         -            227   2.9e-13   45.7   0.1   3   4      0.15       2.3    3.5   0.1    77   101   209   235   181   251 0.78 -
CAACVS010000081_1:60752-61669   -            306 779909at2759         -            227   2.9e-13   45.7   0.1   4   4      0.14         2    3.7   0.0     4    22   263   281   260   304 0.82 -
CAACVS010000129_1:45573-46718   -            382 779909at2759         -            227   1.2e-12   43.8   0.9   1   3    0.0051     0.077    8.4   0.2    59   104   129   175   115   186 0.77 -
CAACVS010000129_1:45573-46718   -            382 779909at2759         -            227   1.2e-12   43.8   0.9   2   3     0.036      0.54    5.6   0.0    49   108   202   264   170   277 0.82 -
CAACVS010000129_1:45573-46718   -            382 779909at2759         -            227   1.2e-12   43.8   0.9   3   3   1.8e-08   2.7e-07   26.2   0.0     6    94   284   379   277   381 0.87 -
CAACVS010000191_1:46285-48291   -            669 779909at2759         -            227   3.5e-12   42.2   0.0   1   5    0.0089      0.13    7.6   0.0    74    97   312   335   303   354 0.85 -
CAACVS010000191_1:46285-48291   -            669 779909at2759         -            227   3.5e-12   42.2   0.0   2   5      0.63       9.4    1.5   0.0    64   118   413   467   404   472 0.83 -
CAACVS010000191_1:46285-48291   -            669 779909at2759         -            227   3.5e-12   42.2   0.0   3   5     0.071       1.1    4.6   0.0    98   129   501   532   455   550 0.86 -
CAACVS010000191_1:46285-48291   -            669 779909at2759         -            227   3.5e-12   42.2   0.0   4   5   1.6e-05   0.00024   16.6   0.0    49    94   567   612   535   617 0.92 -
CAACVS010000191_1:46285-48291   -            669 779909at2759         -            227   3.5e-12   42.2   0.0   5   5     0.076       1.1    4.6   0.0    66    92   639   665   626   668 0.85 -
CAACVS010000156_1:68031-69392   -            454 779909at2759         -            227   3.8e-12   42.1   0.7   1   3      0.19       2.8    3.3   0.0    63    97     7    42     2    55 0.81 -
CAACVS010000156_1:68031-69392   -            454 779909at2759         -            227   3.8e-12   42.1   0.7   2   3   8.8e-10   1.3e-08   30.5   0.0    20    97   189   270   173   281 0.83 -
CAACVS010000156_1:68031-69392   -            454 779909at2759         -            227   3.8e-12   42.1   0.7   3   3      0.17       2.6    3.4   0.0     2    22   307   327   306   339 0.81 -
CAACVS010000453_1:16133-17122   -            330 779909at2759         -            227   7.4e-12   41.1   0.1   1   3      0.81        12    1.2   0.0    63    98    61    97    40   108 0.79 -
CAACVS010000453_1:16133-17122   -            330 779909at2759         -            227   7.4e-12   41.1   0.1   2   3   5.8e-06   8.7e-05   18.0   0.0    42    98   125   180    80   207 0.75 -
CAACVS010000453_1:16133-17122   -            330 779909at2759         -            227   7.4e-12   41.1   0.1   3   3   5.3e-06   7.9e-05   18.1   0.0     3    97   214   317   212   324 0.78 -
CAACVS010000694_1:162098-165192 -            985 779909at2759         -            227   1.9e-11   39.8   5.2   1   6       0.4         6    2.2   0.0    69    96   160   188   148   192 0.77 -
CAACVS010000694_1:162098-165192 -            985 779909at2759         -            227   1.9e-11   39.8   5.2   2   6    0.0083      0.12    7.7   0.0    49   103   184   242   181   253 0.67 -
CAACVS010000694_1:162098-165192 -            985 779909at2759         -            227   1.9e-11   39.8   5.2   3   6       1.5        22    0.3   0.0    81    96   280   295   274   306 0.70 -
CAACVS010000694_1:162098-165192 -            985 779909at2759         -            227   1.9e-11   39.8   5.2   4   6       3.2        48   -0.8   0.1   163   183   522   544   516   551 0.73 -
CAACVS010000694_1:162098-165192 -            985 779909at2759         -            227   1.9e-11   39.8   5.2   5   6       0.2         3    3.1   0.0     3    20   622   639   619   698 0.71 -
CAACVS010000694_1:162098-165192 -            985 779909at2759         -            227   1.9e-11   39.8   5.2   6   6   5.9e-07   8.9e-06   21.3   0.1     1    96   715   816   715   823 0.80 -
CAACVS010000373_1:18011-19331   -            342 779909at2759         -            227   6.1e-11   38.1   0.1   1   5   0.00073     0.011   11.2   0.0    62    96     5    39     2    51 0.92 -
CAACVS010000373_1:18011-19331   -            342 779909at2759         -            227   6.1e-11   38.1   0.1   2   5     0.003     0.045    9.1   0.0   162   182    61    81    46    90 0.87 -
CAACVS010000373_1:18011-19331   -            342 779909at2759         -            227   6.1e-11   38.1   0.1   3   5    0.0042     0.062    8.7   0.0     3    47    66   110    64   122 0.84 -
CAACVS010000373_1:18011-19331   -            342 779909at2759         -            227   6.1e-11   38.1   0.1   4   5     0.093       1.4    4.3   0.0    11    43   175   208   166   211 0.83 -
CAACVS010000373_1:18011-19331   -            342 779909at2759         -            227   6.1e-11   38.1   0.1   5   5     0.088       1.3    4.3   0.0    61    93   286   318   275   336 0.87 -
CAACVS010000225_1:115650-116597 -            316 779909at2759         -            227   8.4e-11   37.7   0.0   1   3   6.3e-06   9.3e-05   17.9   0.0    61    95     3    37     1    54 0.86 -
CAACVS010000225_1:115650-116597 -            316 779909at2759         -            227   8.4e-11   37.7   0.0   2   3    0.0068       0.1    8.0   0.0    51    98   127   176    93   201 0.70 -
CAACVS010000225_1:115650-116597 -            316 779909at2759         -            227   8.4e-11   37.7   0.0   3   3    0.0038     0.057    8.8   0.0    33    96   211   271   160   283 0.75 -
CAACVS010000136_1:28743-30864   -            663 779909at2759         -            227   2.6e-10   36.1   0.1   1   4    0.0085      0.13    7.7   0.0    32    97   225   296   221   306 0.74 -
CAACVS010000136_1:28743-30864   -            663 779909at2759         -            227   2.6e-10   36.1   0.1   2   4   0.00054     0.008   11.6   0.0    62   112   362   412   351   426 0.78 -
CAACVS010000136_1:28743-30864   -            663 779909at2759         -            227   2.6e-10   36.1   0.1   3   4     0.006      0.09    8.1   0.0    31    96   539   611   509   622 0.75 -
CAACVS010000136_1:28743-30864   -            663 779909at2759         -            227   2.6e-10   36.1   0.1   4   4     0.067      0.99    4.7   0.0    67    96   582   611   568   659 0.51 -
CAACVS010000647_1:87078-87827   -            250 779909at2759         -            227   3.6e-10   35.6   0.1   1   4      0.56       8.4    1.7   0.0   191   209    10    30     7    35 0.75 -
CAACVS010000647_1:87078-87827   -            250 779909at2759         -            227   3.6e-10   35.6   0.1   2   4     0.075       1.1    4.6   0.0    76   181    84   103    65   107 0.62 -
CAACVS010000647_1:87078-87827   -            250 779909at2759         -            227   3.6e-10   35.6   0.1   3   4   3.8e-05   0.00057   15.3   0.0    56    98   138   180   135   187 0.88 -
CAACVS010000647_1:87078-87827   -            250 779909at2759         -            227   3.6e-10   35.6   0.1   4   4    0.0035     0.052    8.9   0.1    62   100   186   223   178   238 0.76 -
CAACVS010000007_1:66422-66910   -            163 779909at2759         -            227   5.5e-10   35.0   0.2   1   3     0.051      0.76    5.1   0.0    65   100     3    40     1    51 0.64 -
CAACVS010000007_1:66422-66910   -            163 779909at2759         -            227   5.5e-10   35.0   0.2   2   3   4.3e-08   6.4e-07   25.0   0.0     2   102    20   124    18   132 0.79 -
CAACVS010000007_1:66422-66910   -            163 779909at2759         -            227   5.5e-10   35.0   0.2   3   3   6.2e-05   0.00093   14.7   0.0    84   154    66   144    64   163 0.47 -
CAACVS010000555_1:158877-160050 -            360 779909at2759         -            227   8.1e-10   34.5   0.7   1   3    0.0011     0.017   10.6   0.1     8    97    52   150    46   152 0.74 -
CAACVS010000555_1:158877-160050 -            360 779909at2759         -            227   8.1e-10   34.5   0.7   2   3    0.0001    0.0015   14.0   0.1     5    98    96   193    94   202 0.77 -
CAACVS010000555_1:158877-160050 -            360 779909at2759         -            227   8.1e-10   34.5   0.7   3   3   0.00021    0.0031   12.9   0.0     6    95   236   335   230   343 0.81 -
CAACVS010000385_1:143905-149137 -           1670 779909at2759         -            227   1.1e-09   34.0   0.9   1   4   0.00017    0.0025   13.2   0.0    64   108  1230  1274  1218  1298 0.85 -
CAACVS010000385_1:143905-149137 -           1670 779909at2759         -            227   1.1e-09   34.0   0.9   2   4   0.00034    0.0051   12.2   0.0    13   108  1344  1438  1337  1446 0.77 -
CAACVS010000385_1:143905-149137 -           1670 779909at2759         -            227   1.1e-09   34.0   0.9   3   4      0.19       2.9    3.2   0.0    79    95  1561  1577  1538  1588 0.62 -
CAACVS010000385_1:143905-149137 -           1670 779909at2759         -            227   1.1e-09   34.0   0.9   4   4       7.1   1.1e+02   -1.9   0.0   166   180  1656  1670  1648  1670 0.80 -
CAACVS010000235_1:2124-2513     -            130 779909at2759         -            227   1.6e-09   33.5   0.9   1   3   0.00055    0.0082   11.6   0.1    64    98     7    42     2    47 0.81 -
CAACVS010000235_1:2124-2513     -            130 779909at2759         -            227   1.6e-09   33.5   0.9   2   3   0.00012    0.0017   13.7   0.0    53   112    43   104    41   110 0.82 -
CAACVS010000235_1:2124-2513     -            130 779909at2759         -            227   1.6e-09   33.5   0.9   3   3     0.013       0.2    7.0   0.0    78    96   111   129   100   130 0.87 -
CAACVS010000160_1:68011-68862   -            284 779909at2759         -            227   2.8e-09   32.7   0.0   1   3     0.053      0.79    5.1   0.0    81    98    23    40     4    46 0.85 -
CAACVS010000160_1:68011-68862   -            284 779909at2759         -            227   2.8e-09   32.7   0.0   2   3   0.00042    0.0063   11.9   0.0    59    99    72   112    67   123 0.88 -
CAACVS010000160_1:68011-68862   -            284 779909at2759         -            227   2.8e-09   32.7   0.0   3   3    0.0011     0.016   10.6   0.0    47    99   146   199   135   206 0.83 -
CAACVS010000051_1:57858-58316   -            153 779909at2759         -            227   4.3e-09   32.1   2.3   1   1   4.8e-08   7.1e-07   24.8   2.3     8   125    13   148     5   150 0.59 -
CAACVS010000001_1:539490-539963 -            158 779909at2759         -            227   4.6e-09   32.0   2.2   1   2   1.1e-09   1.7e-08   30.2   1.6     3   108     1   123     1   129 0.74 -
CAACVS010000001_1:539490-539963 -            158 779909at2759         -            227   4.6e-09   32.0   2.2   2   2       7.9   1.2e+02   -2.0   0.0    78    94   141   157   138   158 0.78 -
CAACVS010000688_1:72120-72887   -            256 779909at2759         -            227   5.7e-09   31.7   3.5   1   3   2.1e-05   0.00032   16.2   0.0    61   101     3    43     1    52 0.91 -
CAACVS010000688_1:72120-72887   -            256 779909at2759         -            227   5.7e-09   31.7   3.5   2   3    0.0037     0.056    8.8   0.5    48    96    75   125    61   172 0.78 -
CAACVS010000688_1:72120-72887   -            256 779909at2759         -            227   5.7e-09   31.7   3.5   3   3     0.058      0.86    4.9   0.1    73   100   192   219   172   256 0.85 -
CAACVS010000006_1:99682-100872  -            397 779909at2759         -            227   7.8e-09   31.2   0.0   1   3      0.93        14    1.0   0.0    64    95    15    46     5    55 0.84 -
CAACVS010000006_1:99682-100872  -            397 779909at2759         -            227   7.8e-09   31.2   0.0   2   3      0.01      0.15    7.4   0.0    61   100    78   119    68   128 0.74 -
CAACVS010000006_1:99682-100872  -            397 779909at2759         -            227   7.8e-09   31.2   0.0   3   3   5.8e-06   8.7e-05   18.0   0.0    54   102   247   295   244   304 0.87 -
CAACVS010000616_1:151593-152573 -            327 779909at2759         -            227   1.2e-08   30.7   0.0   1   4    0.0062     0.092    8.1   0.0    62   125    59   133    51   146 0.59 -
CAACVS010000616_1:151593-152573 -            327 779909at2759         -            227   1.2e-08   30.7   0.0   2   4      0.43       6.5    2.1   0.1    97   127   161   191   158   215 0.75 -
CAACVS010000616_1:151593-152573 -            327 779909at2759         -            227   1.2e-08   30.7   0.0   3   4      0.24       3.5    2.9   0.0    71    96   258   283   228   286 0.86 -
CAACVS010000616_1:151593-152573 -            327 779909at2759         -            227   1.2e-08   30.7   0.0   4   4   0.00015    0.0022   13.4   0.0    47    95   277   324   266   327 0.89 -
CAACVS010000289_1:6074-7009     -            312 779909at2759         -            227   1.3e-08   30.5   4.4   1   4     0.022      0.33    6.3   0.2   163   184    18    39    10    47 0.74 -
CAACVS010000289_1:6074-7009     -            312 779909at2759         -            227   1.3e-08   30.5   4.4   2   4   6.4e-05   0.00095   14.6   0.4    59    95    46    82    40    85 0.92 -
CAACVS010000289_1:6074-7009     -            312 779909at2759         -            227   1.3e-08   30.5   4.4   3   4     0.024      0.36    6.2   0.0     2    20   127   145   126   154 0.78 -
CAACVS010000289_1:6074-7009     -            312 779909at2759         -            227   1.3e-08   30.5   4.4   4   4      0.68        10    1.4   0.0    77    93   296   312   278   312 0.69 -
CAACVS010000009_1:96984-97577   -            198 779909at2759         -            227   2.4e-08   29.6   0.1   1   3   0.00013    0.0019   13.6   0.0    67   105    13    52     3    70 0.79 -
CAACVS010000009_1:96984-97577   -            198 779909at2759         -            227   2.4e-08   29.6   0.1   2   3       2.5        38   -0.4   0.0   114   130    99   115    71   123 0.68 -
CAACVS010000009_1:96984-97577   -            198 779909at2759         -            227   2.4e-08   29.6   0.1   3   3   0.00029    0.0043   12.5   0.0    54    94   143   183   137   187 0.86 -
CAACVS010000658_1:20944-23355   -            804 779909at2759         -            227   1.8e-07   26.8   0.2   1   4     0.041      0.61    5.4   0.0    46    88    96   137    92   142 0.85 -
CAACVS010000658_1:20944-23355   -            804 779909at2759         -            227   1.8e-07   26.8   0.2   2   4    0.0023     0.035    9.5   0.0    76   101   150   175   138   188 0.81 -
CAACVS010000658_1:20944-23355   -            804 779909at2759         -            227   1.8e-07   26.8   0.2   3   4       0.6       8.9    1.6   0.0    76    94   262   280   252   298 0.75 -
CAACVS010000658_1:20944-23355   -            804 779909at2759         -            227   1.8e-07   26.8   0.2   4   4      0.12       1.8    3.9   0.0   113   180   321   381   306   385 0.84 -
CAACVS010000582_1:102588-103022 -            145 779909at2759         -            227   1.8e-07   26.8   1.1   1   3     3e-07   4.4e-06   22.2   0.2    49    98     1    51     1    68 0.90 -
CAACVS010000582_1:102588-103022 -            145 779909at2759         -            227   1.8e-07   26.8   1.1   2   3      0.28       4.2    2.7   0.0    64    96    61    94    50   101 0.67 -
CAACVS010000582_1:102588-103022 -            145 779909at2759         -            227   1.8e-07   26.8   1.1   3   3       2.4        36   -0.4   0.0    60    88   114   143   107   145 0.76 -
CAACVS010000126_1:144672-145256 -            195 779909at2759         -            227   5.2e-07   25.3   2.6   1   3     0.021      0.31    6.4   0.0    80    97    31    48    24    80 0.72 -
CAACVS010000126_1:144672-145256 -            195 779909at2759         -            227   5.2e-07   25.3   2.6   2   3    0.0003    0.0045   12.4   0.1     2    43    84   126    53   167 0.72 -
CAACVS010000126_1:144672-145256 -            195 779909at2759         -            227   5.2e-07   25.3   2.6   3   3   5.3e-05   0.00079   14.9   0.8     2    93    84   195    83   195 0.69 -
CAACVS010000167_1:37544-38170   -            209 779909at2759         -            227   9.1e-07   24.5   0.0   1   2   1.7e-07   2.6e-06   23.0   0.0    59    98     3    42     1    50 0.89 -
CAACVS010000167_1:37544-38170   -            209 779909at2759         -            227   9.1e-07   24.5   0.0   2   2       7.5   1.1e+02   -2.0   0.0    66    90    63    87    48    96 0.75 -
CAACVS010000331_1:6945-8827     -            555 779909at2759         -            227   9.8e-07   24.4   0.2   1   3     0.061      0.92    4.9   0.0    98   133   383   419   354   424 0.72 -
CAACVS010000331_1:6945-8827     -            555 779909at2759         -            227   9.8e-07   24.4   0.2   2   3   0.00013    0.0019   13.6   0.0    64   103   425   464   417   475 0.83 -
CAACVS010000331_1:6945-8827     -            555 779909at2759         -            227   9.8e-07   24.4   0.2   3   3      0.52       7.8    1.8   0.0    67   101   475   508   470   527 0.78 -
CAACVS010000244_1:27165-29003   -            613 779909at2759         -            227   1.2e-06   24.1   0.0   1   3       3.3        50   -0.8   0.0    71    97   156   182   151   191 0.85 -
CAACVS010000244_1:27165-29003   -            613 779909at2759         -            227   1.2e-06   24.1   0.0   2   3   0.00048    0.0072   11.7   0.0    51    98   179   225   169   240 0.82 -
CAACVS010000244_1:27165-29003   -            613 779909at2759         -            227   1.2e-06   24.1   0.0   3   3    0.0053     0.078    8.3   0.0     4    20   268   284   265   295 0.81 -
CAACVS010000428_1:78211-78681   -            157 779909at2759         -            227   1.2e-06   24.1   0.0   1   2     2e-05    0.0003   16.2   0.0     3    97     1   109     1   114 0.73 -
CAACVS010000428_1:78211-78681   -            157 779909at2759         -            227   1.2e-06   24.1   0.0   2   2     0.026      0.38    6.1   0.0    54    95   115   156   112   157 0.88 -
CAACVS010000582_1:20187-20864   -            226 779909at2759         -            227   6.1e-06   21.8   0.4   1   3   0.00012    0.0018   13.7   0.0    59   103    29    75    24    91 0.73 -
CAACVS010000582_1:20187-20864   -            226 779909at2759         -            227   6.1e-06   21.8   0.4   2   3      0.17       2.6    3.4   0.1    71    98    83   110    71   120 0.80 -
CAACVS010000582_1:20187-20864   -            226 779909at2759         -            227   6.1e-06   21.8   0.4   3   3      0.47         7    2.0   0.0   116   139   148   170   121   189 0.67 -
CAACVS010000690_1:21267-21626   -            120 779909at2759         -            227   6.5e-06   21.7   0.0   1   1   4.8e-06   7.2e-05   18.3   0.0     4   100     4   113     2   119 0.70 -
CAACVS010000167_1:38552-38899   -            116 779909at2759         -            227   8.4e-06   21.3   0.2   1   3     0.043      0.65    5.3   0.0   100   142     3    46     1    52 0.65 -
CAACVS010000167_1:38552-38899   -            116 779909at2759         -            227   8.4e-06   21.3   0.2   2   3    0.0028     0.043    9.2   0.2    57    97    33    73    23    76 0.79 -
CAACVS010000167_1:38552-38899   -            116 779909at2759         -            227   8.4e-06   21.3   0.2   3   3    0.0079      0.12    7.8   0.0    56    95    74   113    67   115 0.83 -
CAACVS010000674_1:10976-14260   -           1095 779909at2759         -            227   1.4e-05   20.6   0.0   1   2       6.7     1e+02   -1.8   0.0   116   126   227   237   213   244 0.72 -
CAACVS010000674_1:10976-14260   -           1095 779909at2759         -            227   1.4e-05   20.6   0.0   2   2   5.2e-06   7.7e-05   18.2   0.0    60   119   642   702   602   707 0.79 -
CAACVS010000575_1:98127-101773  -            593 779909at2759         -            227   1.5e-05   20.5   1.2   1   3      0.15       2.2    3.6   0.0    81   106    83   109    63   117 0.69 -
CAACVS010000575_1:98127-101773  -            593 779909at2759         -            227   1.5e-05   20.5   1.2   2   3     0.069         1    4.7   0.1    46   122    91   160    88   176 0.74 -
CAACVS010000575_1:98127-101773  -            593 779909at2759         -            227   1.5e-05   20.5   1.2   3   3   0.00084     0.012   11.0   0.0    49    89   278   318   224   322 0.86 -
CAACVS010000637_1:75110-75883   -            258 779909at2759         -            227   1.6e-05   20.4   0.2   1   4       0.2       3.1    3.1   0.1    76    96    12    32     3    38 0.87 -
CAACVS010000637_1:75110-75883   -            258 779909at2759         -            227   1.6e-05   20.4   0.2   2   4     0.036      0.53    5.6   0.0    80    99    89   108    66   115 0.79 -
CAACVS010000637_1:75110-75883   -            258 779909at2759         -            227   1.6e-05   20.4   0.2   3   4      0.31       4.6    2.6   0.0    58    97   172   212   151   225 0.78 -
CAACVS010000637_1:75110-75883   -            258 779909at2759         -            227   1.6e-05   20.4   0.2   4   4      0.13         2    3.8   0.0    81    96   241   256   214   258 0.72 -
CAACVS010000146_1:96097-96420   -            108 779909at2759         -            227   2.3e-05   19.9   0.2   1   2   0.00033     0.005   12.3   0.4    69   105     3    40     1    51 0.80 -
CAACVS010000146_1:96097-96420   -            108 779909at2759         -            227   2.3e-05   19.9   0.2   2   2     0.023      0.34    6.2   0.0    77   100    55    81    38   100 0.57 -
CAACVS010000007_1:67160-67453   -             98 779909at2759         -            227   3.7e-05   19.2   0.2   1   2       2.1        31   -0.2   0.0     6    22     3    19     1    30 0.55 -
CAACVS010000007_1:67160-67453   -             98 779909at2759         -            227   3.7e-05   19.2   0.2   2   2   9.2e-06   0.00014   17.4   0.1   182   226    41    92    33    93 0.82 -
CAACVS010000011_1:134842-135846 -            335 779909at2759         -            227     5e-05   18.8   0.1   1   3      0.12       1.7    3.9   0.0   146   191    40    89    25    96 0.81 -
CAACVS010000011_1:134842-135846 -            335 779909at2759         -            227     5e-05   18.8   0.1   2   3    0.0047     0.069    8.5   0.1    48    88    75   118    73   122 0.74 -
CAACVS010000011_1:134842-135846 -            335 779909at2759         -            227     5e-05   18.8   0.1   3   3      0.14       2.1    3.7   0.0   116   182   262   332   252   335 0.54 -
CAACVS010000070_1:4351-4848     -            166 779909at2759         -            227   7.4e-05   18.2   0.0   1   2    0.0029     0.044    9.2   0.0    64    97     1    35     1    49 0.75 -
CAACVS010000070_1:4351-4848     -            166 779909at2759         -            227   7.4e-05   18.2   0.0   2   2     0.012      0.17    7.2   0.0   109   196   125   157    98   165 0.61 -
CAACVS010000679_1:64925-65242   -            106 779909at2759         -            227   0.00013   17.4   0.1   1   2   2.3e-05   0.00035   16.0   0.0    57    97    33    73    22    80 0.82 -
CAACVS010000679_1:64925-65242   -            106 779909at2759         -            227   0.00013   17.4   0.1   2   2       2.4        35   -0.3   0.0   203   224    73    94    71    97 0.77 -
CAACVS010000506_1:119860-120312 -            151 779909at2759         -            227   0.00021   16.8   0.1   1   3     0.007      0.11    7.9   0.0    65    95     4    34     1    43 0.63 -
CAACVS010000506_1:119860-120312 -            151 779909at2759         -            227   0.00021   16.8   0.1   2   3      0.04      0.59    5.5   0.0    59   106    59   106    49   112 0.81 -
CAACVS010000506_1:119860-120312 -            151 779909at2759         -            227   0.00021   16.8   0.1   3   3       1.9        29   -0.0   0.0    57    92   115   151   108   151 0.81 -
CAACVS010000042_1:81424-82014   -            197 779909at2759         -            227   0.00024   16.6   0.0   1   2     0.084       1.3    4.4   0.0    66   100     5    39     2    57 0.84 -
CAACVS010000042_1:81424-82014   -            197 779909at2759         -            227   0.00024   16.6   0.0   2   2    0.0037     0.055    8.8   0.0    57    96   122   163    84   176 0.78 -
CAACVS010000046_1:120500-120769 -             90 779909at2759         -            227   0.00056   15.4   0.1   1   2    0.0072      0.11    7.9   0.0    66    97     3    34     1    39 0.83 -
CAACVS010000046_1:120500-120769 -             90 779909at2759         -            227   0.00056   15.4   0.1   2   2      0.03      0.45    5.9   0.1    79    94    74    89    45    90 0.58 -
CAACVS010000616_1:139309-140010 -            234 779909at2759         -            227   0.00061   15.2   0.0   1   1     8e-05    0.0012   14.3   0.0    16    95   137   225   129   234 0.63 -
CAACVS010000616_1:140170-140790 -            207 779909at2759         -            227   0.00067   15.1   0.1   1   2       1.3        19    0.6   0.0    69    93    39    63    16   113 0.73 -
CAACVS010000616_1:140170-140790 -            207 779909at2759         -            227   0.00067   15.1   0.1   2   2   0.00051    0.0077   11.6   0.0    31    97   134   203   121   206 0.85 -
CAACVS010000114_1:273830-275723 -            600 779909at2759         -            227   0.00074   15.0   1.4   1   5     0.074       1.1    4.6   0.0    57   103    40    86    31    93 0.86 -
CAACVS010000114_1:273830-275723 -            600 779909at2759         -            227   0.00074   15.0   1.4   2   5       9.9   1.5e+02   -2.4   0.0    62    96   334   368   323   371 0.78 -
CAACVS010000114_1:273830-275723 -            600 779909at2759         -            227   0.00074   15.0   1.4   3   5      0.26       3.9    2.8   0.1   182   206   395   419   389   430 0.78 -
CAACVS010000114_1:273830-275723 -            600 779909at2759         -            227   0.00074   15.0   1.4   4   5       6.4        96   -1.8   0.0    56    97   435   482   431   496 0.64 -
CAACVS010000114_1:273830-275723 -            600 779909at2759         -            227   0.00074   15.0   1.4   5   5       0.2       2.9    3.2   0.0    61    96   488   523   472   532 0.84 -
CAACVS010000105_1:33968-34780   -            271 779909at2759         -            227    0.0014   14.0   0.0   1   4       1.1        17    0.7   0.0    81    97     9    25     3    34 0.85 -
CAACVS010000105_1:33968-34780   -            271 779909at2759         -            227    0.0014   14.0   0.0   2   4       3.3        50   -0.8   0.0    82    94   112   124   103   133 0.61 -
CAACVS010000105_1:33968-34780   -            271 779909at2759         -            227    0.0014   14.0   0.0   3   4      0.11       1.7    4.0   0.0    77    97   156   176   139   187 0.80 -
CAACVS010000105_1:33968-34780   -            271 779909at2759         -            227    0.0014   14.0   0.0   4   4      0.16       2.3    3.5   0.0     4    37   221   254   203   260 0.81 -
CAACVS010000198_1:37679-38227   -            183 779909at2759         -            227    0.0026   13.2   0.0   1   1   0.00038    0.0057   12.1   0.0    19    96    49   125    25   134 0.74 -
CAACVS010000148_1:211066-211815 -            250 779909at2759         -            227    0.0037   12.7   0.0   1   2      0.09       1.3    4.3   0.0   113   130    10    27     3    36 0.79 -
CAACVS010000148_1:211066-211815 -            250 779909at2759         -            227    0.0037   12.7   0.0   2   2     0.064      0.95    4.8   0.0    63   111   149   198   115   246 0.58 -
CAACVS010000648_1:77087-77869   -            261 779909at2759         -            227     0.004   12.6   0.0   1   2    0.0019     0.029    9.8   0.0    57    99    24    66     4    81 0.76 -
CAACVS010000648_1:77087-77869   -            261 779909at2759         -            227     0.004   12.6   0.0   2   2       2.1        31   -0.1   0.0   100   126   198   223   151   230 0.55 -
CAACVS010000335_1:419297-419869 -            191 779909at2759         -            227    0.0042   12.5   0.0   1   2    0.0043     0.064    8.6   0.0    78   108     3    33     1    73 0.87 -
CAACVS010000335_1:419297-419869 -            191 779909at2759         -            227    0.0042   12.5   0.0   2   2      0.71        11    1.4   0.0     2    21    51    70    50    82 0.75 -
#
# Program:         hmmsearch
# Version:         3.1b2 (February 2015)
# Pipeline mode:   SEARCH
# Query file:      /Users/aholzer/ownCloud/PhD/Publications/2021 Liavero-Pasquina et al./analysis/TPP_aptamer_search/busco_downloads/lineages/eukaryota_odb10/hmms/779909at2759.hmm
# Target file:     /Users/aholzer/ownCloud/PhD/Publications/2021 Liavero-Pasquina et al./analysis/TPP_aptamer_search/genomes/BUSCO_eukaryota_obd10/Pseudo-nitzschia_multistriata_ASM90066040v1/run_eukaryota_odb10/metaeuk_output/initial_results/GCA_900660405.1_ASM90066040v1_genomic.fna.modified.fas
# Option settings: hmmsearch --domtblout /Users/aholzer/ownCloud/PhD/Publications/2021 Liavero-Pasquina et al./analysis/TPP_aptamer_search/genomes/BUSCO_eukaryota_obd10/Pseudo-nitzschia_multistriata_ASM90066040v1/run_eukaryota_odb10/hmmer_output/initial_run_results/779909at2759.out --cpu 1 /Users/aholzer/ownCloud/PhD/Publications/2021 Liavero-Pasquina et al./analysis/TPP_aptamer_search/busco_downloads/lineages/eukaryota_odb10/hmms/779909at2759.hmm /Users/aholzer/ownCloud/PhD/Publications/2021 Liavero-Pasquina et al./analysis/TPP_aptamer_search/genomes/BUSCO_eukaryota_obd10/Pseudo-nitzschia_multistriata_ASM90066040v1/run_eukaryota_odb10/metaeuk_output/initial_results/GCA_900660405.1_ASM90066040v1_genomic.fna.modified.fas 
# Current dir:     /Users/aholzer/ownCloud/PhD/Publications/2021 Liavero-Pasquina et al./analysis/TPP_aptamer_search
# Date:            Sun Apr 18 04:09:07 2021
# [ok]
