#                                                                                       --- full sequence --- -------------- this domain -------------   hmm coord   ali coord   env coord
# target name                   accession   tlen query name           accession   qlen   E-value  score  bias   #  of  c-Evalue  i-Evalue  score  bias  from    to  from    to  from    to  acc description of target
#           ------------------- ---------- ----- -------------------- ---------- ----- --------- ------ ----- --- --- --------- --------- ------ ----- ----- ----- ----- ----- ----- ----- ---- ---------------------
CAACVS010000355_1:13789-14871   -            361 905026at2759         -            402   6.1e-47  156.2   8.9   1   3   4.1e-41   3.1e-39  130.8   3.0   159   325    14   193     3   203 0.86 -
CAACVS010000355_1:13789-14871   -            361 905026at2759         -            402   6.1e-47  156.2   8.9   2   3   2.5e-09   1.9e-07   26.1   0.1   334   382   254   305   239   311 0.81 -
CAACVS010000355_1:13789-14871   -            361 905026at2759         -            402   6.1e-47  156.2   8.9   3   3      0.12       9.6    0.8   0.0   379   401   334   361   330   361 0.80 -
CAACVS010000245_1:3193-5220     -            676 905026at2759         -            402   3.3e-20   68.2  17.1   1  12      0.84        65   -2.0   0.0   340   362    20    42    12    49 0.60 -
CAACVS010000245_1:3193-5220     -            676 905026at2759         -            402   3.3e-20   68.2  17.1   2  12    0.0023      0.18    6.5   0.0   335   365   126   156   122   160 0.90 -
CAACVS010000245_1:3193-5220     -            676 905026at2759         -            402   3.3e-20   68.2  17.1   3  12    0.0037      0.28    5.8   0.1   337   366   174   203   168   253 0.81 -
CAACVS010000245_1:3193-5220     -            676 905026at2759         -            402   3.3e-20   68.2  17.1   4  12   0.00028     0.021    9.5   0.0   331   365   258   292   248   298 0.87 -
CAACVS010000245_1:3193-5220     -            676 905026at2759         -            402   3.3e-20   68.2  17.1   5  12   0.00022     0.017    9.8   0.0   332   366   301   335   296   338 0.90 -
CAACVS010000245_1:3193-5220     -            676 905026at2759         -            402   3.3e-20   68.2  17.1   6  12      0.25        19   -0.2   0.0   341   366   355   380   346   385 0.70 -
CAACVS010000245_1:3193-5220     -            676 905026at2759         -            402   3.3e-20   68.2  17.1   7  12    0.0028      0.21    6.2   0.3   328   365   384   421   360   427 0.84 -
CAACVS010000245_1:3193-5220     -            676 905026at2759         -            402   3.3e-20   68.2  17.1   8  12   0.00013      0.01   10.6   0.6   336   389   434   502   427   508 0.59 -
CAACVS010000245_1:3193-5220     -            676 905026at2759         -            402   3.3e-20   68.2  17.1   9  12      0.03       2.3    2.8   0.0   330   367   513   550   509   554 0.88 -
CAACVS010000245_1:3193-5220     -            676 905026at2759         -            402   3.3e-20   68.2  17.1  10  12     0.019       1.4    3.5   0.0   246   282   556   592   553   596 0.81 -
CAACVS010000245_1:3193-5220     -            676 905026at2759         -            402   3.3e-20   68.2  17.1  11  12   0.00073     0.056    8.1   0.0   337   364   604   631   597   645 0.89 -
CAACVS010000245_1:3193-5220     -            676 905026at2759         -            402   3.3e-20   68.2  17.1  12  12      0.36        28   -0.8   0.0   336   360   650   674   640   676 0.60 -
CAACVS010000110_1:79060-81210   -            717 905026at2759         -            402   1.4e-15   52.9  17.9   1   3      0.76        59   -1.8   0.8   181   218   353   390   341   425 0.70 -
CAACVS010000110_1:79060-81210   -            717 905026at2759         -            402   1.4e-15   52.9  17.9   2   3   2.8e-14   2.1e-12   42.4   1.3   215   281   460   527   433   534 0.84 -
CAACVS010000110_1:79060-81210   -            717 905026at2759         -            402   1.4e-15   52.9  17.9   3   3   4.7e-08   3.6e-06   21.9   2.4   210   277   523   591   521   595 0.94 -
CAACVS010000042_1:104305-104979 -            225 905026at2759         -            402   1.3e-14   49.7   0.8   1   2   2.4e-14   1.8e-12   42.6   0.8   165   316    13   172    10   173 0.85 -
CAACVS010000042_1:104305-104979 -            225 905026at2759         -            402   1.3e-14   49.7   0.8   2   2   2.5e-05    0.0019   12.9   0.1   218   280   137   200   134   208 0.89 -
CAACVS010000620_1:143458-144477 -            340 905026at2759         -            402   8.4e-12   40.5   6.0   1   5    0.0033      0.25    6.0   0.0   336   367    21    52    14    56 0.72 -
CAACVS010000620_1:143458-144477 -            340 905026at2759         -            402   8.4e-12   40.5   6.0   2   5    0.0067      0.51    5.0   0.0   332   365   101   134    87   140 0.78 -
CAACVS010000620_1:143458-144477 -            340 905026at2759         -            402   8.4e-12   40.5   6.0   3   5   0.00013      0.01   10.6   0.1   331   368   142   179   135   220 0.88 -
CAACVS010000620_1:143458-144477 -            340 905026at2759         -            402   8.4e-12   40.5   6.0   4   5     0.032       2.4    2.7   0.1   346   364   199   217   184   266 0.55 -
CAACVS010000620_1:143458-144477 -            340 905026at2759         -            402   8.4e-12   40.5   6.0   5   5   3.2e-05    0.0025   12.6   0.2   336   395   272   327   260   334 0.77 -
CAACVS010000272_1:46557-47522   -            322 905026at2759         -            402   1.7e-11   39.5  14.0   1   6     0.012      0.92    4.1   0.2   337   364     2    29     1    34 0.84 -
CAACVS010000272_1:46557-47522   -            322 905026at2759         -            402   1.7e-11   39.5  14.0   2   6    0.0063      0.48    5.0   0.1   335   366    42    73    39    84 0.90 -
CAACVS010000272_1:46557-47522   -            322 905026at2759         -            402   1.7e-11   39.5  14.0   3   6    0.0058      0.45    5.2   0.2   338   367   107   136   100   139 0.83 -
CAACVS010000272_1:46557-47522   -            322 905026at2759         -            402   1.7e-11   39.5  14.0   4   6   0.00015     0.012   10.3   0.0   335   364   146   175   142   178 0.90 -
CAACVS010000272_1:46557-47522   -            322 905026at2759         -            402   1.7e-11   39.5  14.0   5   6   1.9e-06   0.00015   16.6   0.3   212   281   182   260   179   264 0.60 -
CAACVS010000272_1:46557-47522   -            322 905026at2759         -            402   1.7e-11   39.5  14.0   6   6      0.12       9.2    0.8   0.0   335   363   272   301   262   310 0.64 -
CAACVS010000335_1:299264-299677 -            138 905026at2759         -            402   3.8e-11   38.3   0.0   1   2   2.6e-07     2e-05   19.5   0.0   222   280     5    64     3    66 0.95 -
CAACVS010000335_1:299264-299677 -            138 905026at2759         -            402   3.8e-11   38.3   0.0   2   2   3.6e-07   2.8e-05   19.0   0.1   244   283    62   101    60   116 0.89 -
CAACVS010000008_1:76414-77412   -            333 905026at2759         -            402   3.3e-07   25.4   1.7   1   4      0.44        34   -1.0   0.1   337   371    15    49    11    59 0.76 -
CAACVS010000008_1:76414-77412   -            333 905026at2759         -            402   3.3e-07   25.4   1.7   2   4   0.00057     0.044    8.5   0.1   233   275   106   148    95   161 0.64 -
CAACVS010000008_1:76414-77412   -            333 905026at2759         -            402   3.3e-07   25.4   1.7   3   4   2.2e-05    0.0017   13.2   0.0   212   275   188   252   138   261 0.79 -
CAACVS010000008_1:76414-77412   -            333 905026at2759         -            402   3.3e-07   25.4   1.7   4   4      0.18        14    0.3   0.0    93   112   288   307   269   332 0.61 -
CAACVS010000068_1:116629-117588 -            320 905026at2759         -            402   6.7e-07   24.3   3.4   1   4   0.00047     0.036    8.8   0.0   335   365    14    44     5    50 0.88 -
CAACVS010000068_1:116629-117588 -            320 905026at2759         -            402   6.7e-07   24.3   3.4   2   4   0.00014     0.011   10.5   0.4   329   392    56   119    52   132 0.72 -
CAACVS010000068_1:116629-117588 -            320 905026at2759         -            402   6.7e-07   24.3   3.4   3   4      0.33        25   -0.6   0.0   209   244   173   209   148   214 0.75 -
CAACVS010000068_1:116629-117588 -            320 905026at2759         -            402   6.7e-07   24.3   3.4   4   4     0.042       3.2    2.3   0.1    28    91   224   284   214   302 0.68 -
CAACVS010000134_1:49595-50911   -            439 905026at2759         -            402   8.1e-07   24.1   1.2   1   4      0.13        10    0.7   0.0   338   365    44    71     8    86 0.71 -
CAACVS010000134_1:49595-50911   -            439 905026at2759         -            402   8.1e-07   24.1   1.2   2   4   0.00031     0.024    9.4   0.0   238   290   117   169   113   177 0.86 -
CAACVS010000134_1:49595-50911   -            439 905026at2759         -            402   8.1e-07   24.1   1.2   3   4   0.00014     0.011   10.5   0.1   232   283   261   313   257   345 0.88 -
CAACVS010000134_1:49595-50911   -            439 905026at2759         -            402   8.1e-07   24.1   1.2   4   4       3.8   2.9e+02   -4.1   0.0   233   255   366   388   362   391 0.77 -
CAACVS010000225_1:413987-414556 -            190 905026at2759         -            402   1.8e-05   19.6   2.3   1   4   0.00027     0.021    9.5   0.0   334   368    19    53    13    57 0.88 -
CAACVS010000225_1:413987-414556 -            190 905026at2759         -            402   1.8e-05   19.6   2.3   2   4      0.14        10    0.6   0.1   245   276    57    88    52    95 0.69 -
CAACVS010000225_1:413987-414556 -            190 905026at2759         -            402   1.8e-05   19.6   2.3   3   4    0.0096      0.74    4.4   0.0   341   368   110   137    94   141 0.83 -
CAACVS010000225_1:413987-414556 -            190 905026at2759         -            402   1.8e-05   19.6   2.3   4   4     0.053         4    2.0   0.1   341   367   152   178   140   184 0.83 -
CAACVS010000471_1:19532-22633   -           1034 905026at2759         -            402   3.7e-05   18.6   1.6   1   4      0.37        29   -0.8   0.0   234   262   312   340   308   349 0.83 -
CAACVS010000471_1:19532-22633   -           1034 905026at2759         -            402   3.7e-05   18.6   1.6   2   4     0.035       2.7    2.6   0.1   332   383   447   498   409   537 0.68 -
CAACVS010000471_1:19532-22633   -           1034 905026at2759         -            402   3.7e-05   18.6   1.6   3   4       2.2   1.7e+02   -3.3   0.0   233   269   682   718   681   729 0.78 -
CAACVS010000471_1:19532-22633   -           1034 905026at2759         -            402   3.7e-05   18.6   1.6   4   4     3e-05    0.0023   12.7   0.0   185   256   907   976   844   992 0.75 -
CAACVS010000065_1:77458-78810   -            451 905026at2759         -            402   7.3e-05   17.6   0.8   1   3   0.00078      0.06    8.0   0.0   212   276    45   110     3   118 0.80 -
CAACVS010000065_1:77458-78810   -            451 905026at2759         -            402   7.3e-05   17.6   0.8   2   3      0.16        12    0.4   0.0   336   365   119   148   108   164 0.72 -
CAACVS010000065_1:77458-78810   -            451 905026at2759         -            402   7.3e-05   17.6   0.8   3   3    0.0033      0.26    5.9   0.0   227   272   165   211   156   221 0.83 -
#
# Program:         hmmsearch
# Version:         3.1b2 (February 2015)
# Pipeline mode:   SEARCH
# Query file:      /Users/aholzer/ownCloud/PhD/Publications/2021 Liavero-Pasquina et al./analysis/TPP_aptamer_search/busco_downloads/lineages/eukaryota_odb10/hmms/905026at2759.hmm
# Target file:     /Users/aholzer/ownCloud/PhD/Publications/2021 Liavero-Pasquina et al./analysis/TPP_aptamer_search/genomes/BUSCO_eukaryota_obd10/Pseudo-nitzschia_multistriata_ASM90066040v1/run_eukaryota_odb10/metaeuk_output/initial_results/GCA_900660405.1_ASM90066040v1_genomic.fna.modified.fas
# Option settings: hmmsearch --domtblout /Users/aholzer/ownCloud/PhD/Publications/2021 Liavero-Pasquina et al./analysis/TPP_aptamer_search/genomes/BUSCO_eukaryota_obd10/Pseudo-nitzschia_multistriata_ASM90066040v1/run_eukaryota_odb10/hmmer_output/initial_run_results/905026at2759.out --cpu 1 /Users/aholzer/ownCloud/PhD/Publications/2021 Liavero-Pasquina et al./analysis/TPP_aptamer_search/busco_downloads/lineages/eukaryota_odb10/hmms/905026at2759.hmm /Users/aholzer/ownCloud/PhD/Publications/2021 Liavero-Pasquina et al./analysis/TPP_aptamer_search/genomes/BUSCO_eukaryota_obd10/Pseudo-nitzschia_multistriata_ASM90066040v1/run_eukaryota_odb10/metaeuk_output/initial_results/GCA_900660405.1_ASM90066040v1_genomic.fna.modified.fas 
# Current dir:     /Users/aholzer/ownCloud/PhD/Publications/2021 Liavero-Pasquina et al./analysis/TPP_aptamer_search
# Date:            Sun Apr 18 04:09:10 2021
# [ok]
