#                                                                                     --- full sequence --- -------------- this domain -------------   hmm coord   ali coord   env coord
# target name                 accession   tlen query name           accession   qlen   E-value  score  bias   #  of  c-Evalue  i-Evalue  score  bias  from    to  from    to  from    to  acc description of target
#         ------------------- ---------- ----- -------------------- ---------- ----- --------- ------ ----- --- --- --------- --------- ------ ----- ----- ----- ----- ----- ----- ----- ---- ---------------------
scaffold00019:244897-248538   -           1214 388820at2759         -            609  3.4e-111  367.4   7.7   1   7       1.3       8.4   -0.5   0.0     2    39     5    57     4    65 0.49 -
scaffold00019:244897-248538   -           1214 388820at2759         -            609  3.4e-111  367.4   7.7   2   7   7.2e-28   4.6e-27   89.5   0.0    82   189   236   359   213   365 0.83 -
scaffold00019:244897-248538   -           1214 388820at2759         -            609  3.4e-111  367.4   7.7   3   7   2.8e-18   1.8e-17   57.9   0.0   188   312   381   536   378   542 0.77 -
scaffold00019:244897-248538   -           1214 388820at2759         -            609  3.4e-111  367.4   7.7   4   7     4e-14   2.6e-13   44.1   0.0   310   350   574   614   572   642 0.91 -
scaffold00019:244897-248538   -           1214 388820at2759         -            609  3.4e-111  367.4   7.7   5   7   1.6e-35     1e-34  114.8   0.0   343   494   669   847   663   856 0.81 -
scaffold00019:244897-248538   -           1214 388820at2759         -            609  3.4e-111  367.4   7.7   6   7   3.5e-16   2.2e-15   50.9   0.2   493   543   904   954   893   969 0.87 -
scaffold00019:244897-248538   -           1214 388820at2759         -            609  3.4e-111  367.4   7.7   7   7     0.031       0.2    4.9   0.1   568   597  1117  1146  1109  1151 0.87 -
scaffold00001:540388-541539   -            384 388820at2759         -            609   1.6e-22   74.5   0.2   1   4   6.4e-10   4.1e-09   30.3   0.0   194   267    14    89     8    94 0.89 -
scaffold00001:540388-541539   -            384 388820at2759         -            609   1.6e-22   74.5   0.2   2   4   3.5e-07   2.3e-06   21.2   0.0   206   270    71   134    71   148 0.86 -
scaffold00001:540388-541539   -            384 388820at2759         -            609   1.6e-22   74.5   0.2   3   4   1.4e-09     9e-09   29.1   0.0   194   267   178   252   165   262 0.90 -
scaffold00001:540388-541539   -            384 388820at2759         -            609   1.6e-22   74.5   0.2   4   4      0.94       6.1   -0.0   0.0   246   278   272   304   266   307 0.85 -
scaffold00021:388872-425880   -            262 388820at2759         -            609   2.5e-19   64.0   2.2   1   2   7.7e-13   4.9e-12   39.9   0.1   312   379    14    82     5    96 0.87 -
scaffold00021:388872-425880   -            262 388820at2759         -            609   2.5e-19   64.0   2.2   2   2     1e-06   6.5e-06   19.7   0.4   346   456    94   223    88   260 0.70 -
scaffold00047:37774-38679     -            302 388820at2759         -            609   1.3e-18   61.6   8.1   1   4    0.0031      0.02    8.2   0.0   225   267     7    50     1    63 0.64 -
scaffold00047:37774-38679     -            302 388820at2759         -            609   1.3e-18   61.6   8.1   2   4   3.9e-05   0.00025   14.4   0.1   194   266   104   175    95   192 0.83 -
scaffold00047:37774-38679     -            302 388820at2759         -            609   1.3e-18   61.6   8.1   3   4   1.5e-06     1e-05   19.1   0.3   425   461   197   233   188   257 0.75 -
scaffold00047:37774-38679     -            302 388820at2759         -            609   1.3e-18   61.6   8.1   4   4   0.00036    0.0023   11.3   0.0   325   378   246   301   240   302 0.83 -
scaffold00047:37483-38361     -            293 388820at2759         -            609   1.2e-16   55.1   8.2   1   4   0.00021    0.0014   12.0   0.0   210   266     7    62     2    67 0.84 -
scaffold00047:37483-38361     -            293 388820at2759         -            609   1.2e-16   55.1   8.2   2   4   4.7e-10     3e-09   30.7   1.1   149   266    65   188    63   193 0.83 -
scaffold00047:37483-38361     -            293 388820at2759         -            609   1.2e-16   55.1   8.2   3   4     1e-05   6.6e-05   16.4   0.1   313   386   162   236   154   245 0.77 -
scaffold00047:37483-38361     -            293 388820at2759         -            609   1.2e-16   55.1   8.2   4   4   3.9e-05   0.00025   14.5   0.2   194   266   201   272   192   289 0.83 -
scaffold00285:34939-35763     -            275 388820at2759         -            609   1.3e-16   55.1   0.9   1   3   1.3e-05   8.5e-05   16.0   0.1   313   389    31   108    21   127 0.89 -
scaffold00285:34939-35763     -            275 388820at2759         -            609   1.3e-16   55.1   0.9   2   3   1.8e-09   1.1e-08   28.8   0.0   192   267   147   220   144   225 0.93 -
scaffold00285:34939-35763     -            275 388820at2759         -            609   1.3e-16   55.1   0.9   3   3     0.006     0.039    7.2   0.1   194   231   232   270   224   274 0.76 -
scaffold00036:132956-133810   -            285 388820at2759         -            609   4.7e-16   53.2  15.3   1   4    0.0015    0.0097    9.2   0.9   418   458     7    48     4    56 0.79 -
scaffold00036:132956-133810   -            285 388820at2759         -            609   4.7e-16   53.2  15.3   2   4   1.3e-05   8.2e-05   16.1   0.4   208   266    63   120    50   133 0.82 -
scaffold00036:132956-133810   -            285 388820at2759         -            609   4.7e-16   53.2  15.3   3   4   0.00012   0.00079   12.8   0.1   426   448   143   165   131   171 0.88 -
scaffold00036:132956-133810   -            285 388820at2759         -            609   4.7e-16   53.2  15.3   4   4   0.00011   0.00071   13.0   0.2   426   477   227   282   215   285 0.73 -
scaffold00111:79273-80097     -            275 388820at2759         -            609   8.7e-16   52.3   0.0   1   3     7e-09   4.5e-08   26.8   0.0   189   267    47   124    12   130 0.89 -
scaffold00111:79273-80097     -            275 388820at2759         -            609   8.7e-16   52.3   0.0   2   3   4.6e-05    0.0003   14.2   0.0   208   270   150   213   136   216 0.84 -
scaffold00111:79273-80097     -            275 388820at2759         -            609   8.7e-16   52.3   0.0   3   3    0.0014    0.0091    9.3   0.0   340   381   211   252   209   265 0.85 -
scaffold00275:40286-41464     -            393 388820at2759         -            609   1.2e-15   51.9   0.2   1   4    0.0095     0.062    6.6   0.0   233   268    16    52     7    69 0.63 -
scaffold00275:40286-41464     -            393 388820at2759         -            609   1.2e-15   51.9   0.2   2   4   2.4e-06   1.5e-05   18.5   0.0   203   265   122   182    62   204 0.78 -
scaffold00275:40286-41464     -            393 388820at2759         -            609   1.2e-15   51.9   0.2   3   4    0.0018     0.012    9.0   0.0   416   453   277   316   264   323 0.81 -
scaffold00275:40286-41464     -            393 388820at2759         -            609   1.2e-15   51.9   0.2   4   4   0.00019    0.0013   12.1   0.0   423   481   327   393   319   393 0.70 -
scaffold02076:542-1423        -            294 388820at2759         -            609   1.4e-15   51.6   4.8   1   4     0.025      0.16    5.2   0.0   430   473     1    48     1    76 0.79 -
scaffold02076:542-1423        -            294 388820at2759         -            609   1.4e-15   51.6   4.8   2   4   0.00013   0.00085   12.7   0.0   158   190    72   104    54   112 0.74 -
scaffold02076:542-1423        -            294 388820at2759         -            609   1.4e-15   51.6   4.8   3   4   9.3e-09     6e-08   26.4   4.2   309   456    72   242    69   246 0.69 -
scaffold02076:542-1423        -            294 388820at2759         -            609   1.4e-15   51.6   4.8   4   4   6.2e-05    0.0004   13.8   0.1   419   462   246   290   236   294 0.83 -
scaffold00090:121586-122728   -            381 388820at2759         -            609     2e-15   51.1   0.5   1   4   0.00013   0.00082   12.8   0.0   158   266    91   205    83   215 0.83 -
scaffold00090:121586-122728   -            381 388820at2759         -            609     2e-15   51.1   0.5   2   4   6.8e-10   4.4e-09   30.2   0.1   195   273   219   295   213   306 0.85 -
scaffold00090:121586-122728   -            381 388820at2759         -            609     2e-15   51.1   0.5   3   4      0.12      0.79    2.9   0.0   223   264   287   330   285   337 0.61 -
scaffold00090:121586-122728   -            381 388820at2759         -            609     2e-15   51.1   0.5   4   4      0.16         1    2.5   0.0   343   379   341   377   338   380 0.88 -
scaffold00012:493046-493951   -            302 388820at2759         -            609   9.5e-15   48.9  17.3   1   6     2e-06   1.3e-05   18.7   0.6   312   386    23    98     7   107 0.83 -
scaffold00012:493046-493951   -            302 388820at2759         -            609   9.5e-15   48.9  17.3   2   6   3.5e-07   2.2e-06   21.2   0.2   401   464    85   153    85   159 0.85 -
scaffold00012:493046-493951   -            302 388820at2759         -            609   9.5e-15   48.9  17.3   3   6    0.0054     0.035    7.4   0.1   425   451   158   184   152   190 0.89 -
scaffold00012:493046-493951   -            302 388820at2759         -            609   9.5e-15   48.9  17.3   4   6     0.038      0.25    4.6   0.2   426   452   201   227   190   233 0.83 -
scaffold00012:493046-493951   -            302 388820at2759         -            609   9.5e-15   48.9  17.3   5   6    0.0036     0.023    8.0   0.1   425   449   242   266   235   274 0.83 -
scaffold00012:493046-493951   -            302 388820at2759         -            609   9.5e-15   48.9  17.3   6   6      0.26       1.7    1.8   0.0   234   261   271   299   268   302 0.75 -
scaffold00012:187112-187681   -            190 388820at2759         -            609   6.1e-14   46.2   0.9   1   2   0.00073    0.0047   10.3   0.0   349   381    12    44     9    50 0.91 -
scaffold00012:187112-187681   -            190 388820at2759         -            609   6.1e-14   46.2   0.9   2   2   4.5e-10   2.9e-09   30.7   0.5   161   267    64   176    59   189 0.72 -
scaffold00077:132485-133231   -            249 388820at2759         -            609   1.4e-13   45.1   0.6   1   4      0.76       4.9    0.3   0.0   210   239     3    31     1    41 0.67 -
scaffold00077:132485-133231   -            249 388820at2759         -            609   1.4e-13   45.1   0.6   2   4    0.0014    0.0091    9.3   0.0   427   459    56    88    49    95 0.87 -
scaffold00077:132485-133231   -            249 388820at2759         -            609   1.4e-13   45.1   0.6   3   4    0.0083     0.054    6.8   0.0   348   387    96   135    91   140 0.84 -
scaffold00077:132485-133231   -            249 388820at2759         -            609   1.4e-13   45.1   0.6   4   4   3.5e-08   2.2e-07   24.5   0.0   192   272   139   218   130   236 0.85 -
scaffold00365:10016-10477     -            154 388820at2759         -            609   2.3e-13   44.3   2.1   1   3   6.6e-09   4.3e-08   26.9   0.4   413   484    29   104    23   105 0.75 -
scaffold00365:10016-10477     -            154 388820at2759         -            609   2.3e-13   44.3   2.1   2   3    0.0013    0.0085    9.4   0.1   426   453    85   112    75   117 0.82 -
scaffold00365:10016-10477     -            154 388820at2759         -            609   2.3e-13   44.3   2.1   3   3     6e-05   0.00039   13.8   0.0   426   451   127   152   114   154 0.66 -
scaffold00088:55648-56319     -            224 388820at2759         -            609     5e-13   43.2   7.2   1   2     8e-09   5.2e-08   26.6   5.1   309   457     8   179     7   183 0.69 -
scaffold00088:55648-56319     -            224 388820at2759         -            609     5e-13   43.2   7.2   2   2   0.00015   0.00095   12.6   0.1   419   452   182   216   171   223 0.83 -
scaffold00002:788404-789273   -            290 388820at2759         -            609   2.2e-12   41.1   0.3   1   4       2.6        16   -1.5   0.0   426   445     2    21     1    34 0.76 -
scaffold00002:788404-789273   -            290 388820at2759         -            609   2.2e-12   41.1   0.3   2   4   0.00061     0.004   10.5   0.0   161   208    57   104    51   116 0.80 -
scaffold00002:788404-789273   -            290 388820at2759         -            609   2.2e-12   41.1   0.3   3   4   1.8e-05   0.00012   15.5   0.0   196   266   150   220   141   223 0.85 -
scaffold00002:788404-789273   -            290 388820at2759         -            609   2.2e-12   41.1   0.3   4   4   1.1e-07   7.3e-07   22.8   0.0   382   459   192   276   189   283 0.87 -
scaffold00136:41949-42830     -            294 388820at2759         -            609   6.5e-12   39.5   2.7   1   3   1.1e-06   7.1e-06   19.6   0.3   346   475    25   156    21   165 0.75 -
scaffold00136:41949-42830     -            294 388820at2759         -            609   6.5e-12   39.5   2.7   2   3     8e-06   5.1e-05   16.7   0.0   159   266   135   252   128   259 0.78 -
scaffold00136:41949-42830     -            294 388820at2759         -            609   6.5e-12   39.5   2.7   3   3   1.1e-05   7.4e-05   16.2   0.0   156   263   175   293   161   294 0.72 -
scaffold00008:516446-563470   -            248 388820at2759         -            609   8.7e-12   39.1   0.2   1   3   3.2e-06   2.1e-05   18.0   0.0   213   264    10    60     1    83 0.62 -
scaffold00008:516446-563470   -            248 388820at2759         -            609   8.7e-12   39.1   0.2   2   3     0.015     0.094    6.0   0.0   428   455   149   176   144   180 0.86 -
scaffold00008:516446-563470   -            248 388820at2759         -            609   8.7e-12   39.1   0.2   3   3   0.00045    0.0029   10.9   0.0   195   243   183   229   178   237 0.67 -
scaffold00001:972060-972959   -            300 388820at2759         -            609   1.4e-11   38.5   1.0   1   2   4.2e-06   2.7e-05   17.6   0.7   312   445    25   165    13   173 0.81 -
scaffold00001:972060-972959   -            300 388820at2759         -            609   1.4e-11   38.5   1.0   2   2   3.7e-06   2.4e-05   17.8   0.0   159   264   183   299   169   300 0.73 -
scaffold00133:109636-110418   -            261 388820at2759         -            609     2e-11   37.9   1.7   1   3    0.0027     0.018    8.4   0.0   349   387     2    40     1    46 0.89 -
scaffold00133:109636-110418   -            261 388820at2759         -            609     2e-11   37.9   1.7   2   3     0.065      0.42    3.8   0.0   422   446    63    87    56    98 0.81 -
scaffold00133:109636-110418   -            261 388820at2759         -            609     2e-11   37.9   1.7   3   3   2.1e-07   1.3e-06   22.0   0.0   194   271   105   180    99   194 0.91 -
scaffold00077:136913-137416   -            168 388820at2759         -            609   2.7e-11   37.5   0.2   1   2     3e-07     2e-06   21.4   0.1   202   266     7    74     1    85 0.87 -
scaffold00077:136913-137416   -            168 388820at2759         -            609   2.7e-11   37.5   0.2   2   2   4.8e-05   0.00031   14.2   0.0   133   185   110   168    94   168 0.71 -
scaffold03461:606-1622        -            339 388820at2759         -            609   5.1e-11   36.6   4.0   1   3     0.084      0.54    3.4   0.0   241   272    20    50     9    61 0.80 -
scaffold03461:606-1622        -            339 388820at2759         -            609   5.1e-11   36.6   4.0   2   3   1.9e-07   1.2e-06   22.1   0.5   349   485   104   247    97   253 0.76 -
scaffold03461:606-1622        -            339 388820at2759         -            609   5.1e-11   36.6   4.0   3   3    0.0078     0.051    6.8   0.0   193   260   266   334   256   338 0.61 -
scaffold00029:291380-292231   -            284 388820at2759         -            609   1.2e-10   35.3   3.2   1   3    0.0026     0.017    8.4   0.0   416   463     7    55     2    77 0.80 -
scaffold00029:291380-292231   -            284 388820at2759         -            609   1.2e-10   35.3   3.2   2   3   5.8e-05   0.00038   13.9   0.0   203   269   145   212   137   225 0.89 -
scaffold00029:291380-292231   -            284 388820at2759         -            609   1.2e-10   35.3   3.2   3   3      0.98       6.3   -0.1   0.0   419   455   227   264   216   270 0.75 -
scaffold00036:133757-134578   -            274 388820at2759         -            609   1.2e-10   35.3   6.8   1   4   0.00092     0.006    9.9   0.4   207   264     5    61     1    64 0.61 -
scaffold00036:133757-134578   -            274 388820at2759         -            609   1.2e-10   35.3   6.8   2   4    0.0046      0.03    7.6   0.2   429   456    47    74    34    76 0.79 -
scaffold00036:133757-134578   -            274 388820at2759         -            609   1.2e-10   35.3   6.8   3   4   4.2e-05   0.00027   14.4   0.3   425   456    85   116    74   149 0.80 -
scaffold00036:133757-134578   -            274 388820at2759         -            609   1.2e-10   35.3   6.8   4   4    0.0006    0.0039   10.5   0.1   324   389   133   200   130   274 0.75 -
scaffold00053:102987-103784   -            266 388820at2759         -            609   1.3e-10   35.2   1.0   1   3   4.5e-05   0.00029   14.2   0.0   412   454    16    59     1    76 0.71 -
scaffold00053:102987-103784   -            266 388820at2759         -            609   1.3e-10   35.2   1.0   2   3    0.0002    0.0013   12.1   0.0   322   379    75   134    72   139 0.86 -
scaffold00053:102987-103784   -            266 388820at2759         -            609   1.3e-10   35.2   1.0   3   3     0.015       0.1    5.9   0.0   164   220   201   266   192   266 0.62 -
scaffold00013:74111-75010     -            300 388820at2759         -            609   1.5e-10   35.1   4.5   1   3         1       6.5   -0.1   0.0   349   381     4    35     1    47 0.52 -
scaffold00013:74111-75010     -            300 388820at2759         -            609   1.5e-10   35.1   4.5   2   3    0.0019     0.012    8.9   0.1   322   383    60   128    51   150 0.79 -
scaffold00013:74111-75010     -            300 388820at2759         -            609   1.5e-10   35.1   4.5   3   3   1.7e-08   1.1e-07   25.5   0.2   160   263   189   300   182   300 0.78 -
scaffold00041:218180-219088   -            303 388820at2759         -            609   2.6e-10   34.2   0.1   1   2   0.00014   0.00088   12.7   0.0   327   391    19    84    13   103 0.76 -
scaffold00041:218180-219088   -            303 388820at2759         -            609   2.6e-10   34.2   0.1   2   2     1e-06   6.5e-06   19.7   0.0   194   268   225   299   109   303 0.78 -
scaffold00005:840067-840813   -            249 388820at2759         -            609   2.8e-10   34.1   0.5   1   2   3.8e-09   2.4e-08   27.7   0.2   200   270    76   144    39   208 0.79 -
scaffold00005:840067-840813   -            249 388820at2759         -            609   2.8e-10   34.1   0.5   2   2     0.034      0.22    4.8   0.0   419   452   214   248   210   249 0.81 -
scaffold00136:37224-37994     -            257 388820at2759         -            609   7.6e-10   32.7   0.7   1   2   8.4e-05   0.00054   13.4   0.2   362   473     8   118     1   125 0.81 -
scaffold00136:37224-37994     -            257 388820at2759         -            609   7.6e-10   32.7   0.7   2   2   2.1e-06   1.3e-05   18.7   0.0   159   267    99   217    95   231 0.77 -
scaffold00419:36594-37343     -            250 388820at2759         -            609   8.4e-10   32.5   0.9   1   3    0.0086     0.056    6.7   0.1   421   456    25    60    14    69 0.82 -
scaffold00419:36594-37343     -            250 388820at2759         -            609   8.4e-10   32.5   0.9   2   3    0.0025     0.016    8.5   0.0   350   380   121   151    77   163 0.75 -
scaffold00419:36594-37343     -            250 388820at2759         -            609   8.4e-10   32.5   0.9   3   3   4.3e-05   0.00028   14.3   0.0   233   273   179   218   167   230 0.85 -
scaffold00294:11819-12544     -            242 388820at2759         -            609   9.4e-10   32.4   1.0   1   3    0.0082     0.053    6.8   0.1   421   456    25    60    14    69 0.82 -
scaffold00294:11819-12544     -            242 388820at2759         -            609   9.4e-10   32.4   1.0   2   3    0.0025     0.016    8.5   0.1   349   381   120   152    77   164 0.79 -
scaffold00294:11819-12544     -            242 388820at2759         -            609   9.4e-10   32.4   1.0   3   3   3.3e-05   0.00021   14.7   0.0   231   273   177   218   154   227 0.83 -
scaffold01382:568-1236        -            223 388820at2759         -            609   4.4e-09   30.2   1.2   1   3      0.83       5.3    0.2   0.0   362   386     2    26     1    31 0.71 -
scaffold01382:568-1236        -            223 388820at2759         -            609   4.4e-09   30.2   1.2   2   3     2e-06   1.3e-05   18.7   0.1    69   156    48   138    37   145 0.76 -
scaffold01382:568-1236        -            223 388820at2759         -            609   4.4e-09   30.2   1.2   3   3    0.0041     0.026    7.8   0.0   193   260   151   219   140   222 0.61 -
scaffold00045:42745-43218     -            158 388820at2759         -            609   7.2e-09   29.5   0.1   1   1   1.4e-09   8.9e-09   29.2   0.1   134   265    12   156     8   158 0.84 -
scaffold00005:731937-736143   -             96 388820at2759         -            609   9.2e-09   29.1   0.1   1   2     0.006     0.039    7.2   0.0   349   381     4    36     2    47 0.90 -
scaffold00005:731937-736143   -             96 388820at2759         -            609   9.2e-09   29.1   0.1   2   2   7.5e-07   4.9e-06   20.1   0.1   418   448    51    81    47    92 0.90 -
scaffold00369:19512-20006     -            165 388820at2759         -            609   2.1e-08   28.0   0.1   1   1   3.7e-09   2.4e-08   27.7   0.1   195   285    33   128    26   149 0.81 -
scaffold00689:23466-24191     -            242 388820at2759         -            609   3.3e-08   27.3   0.0   1   2    0.0011    0.0074    9.6   0.0   160   256    11   111     8   120 0.66 -
scaffold00689:23466-24191     -            242 388820at2759         -            609   3.3e-08   27.3   0.0   2   2   0.00015   0.00098   12.5   0.0   323   390   159   227   149   233 0.91 -
scaffold00440:1557-2282       -            242 388820at2759         -            609   3.4e-08   27.2   0.0   1   2   0.00054    0.0035   10.7   0.0   159   257    10   112     3   122 0.70 -
scaffold00440:1557-2282       -            242 388820at2759         -            609   3.4e-08   27.2   0.0   2   2   0.00024    0.0016   11.8   0.0   323   389   159   226   149   233 0.91 -
scaffold00012:28261-29070     -            270 388820at2759         -            609     4e-08   27.0   0.2   1   3      0.47         3    1.0   0.0   208   273     1    67     1    85 0.74 -
scaffold00012:28261-29070     -            270 388820at2759         -            609     4e-08   27.0   0.2   2   3   9.5e-07   6.1e-06   19.8   0.0   133   189    89   147    74   156 0.87 -
scaffold00012:28261-29070     -            270 388820at2759         -            609     4e-08   27.0   0.2   3   3     0.088      0.57    3.4   0.0   130   177   168   221   143   234 0.56 -
scaffold00271:48156-48737     -            194 388820at2759         -            609   5.3e-08   26.6   0.2   1   2      0.63       4.1    0.6   0.0   362   385    12    35     7    42 0.84 -
scaffold00271:48156-48737     -            194 388820at2759         -            609   5.3e-08   26.6   0.2   2   2   6.7e-08   4.3e-07   23.6   0.1   134   246    65   193    45   194 0.78 -
scaffold02119:16-525          -            170 388820at2759         -            609     1e-07   25.6   0.0   1   1   1.6e-08     1e-07   25.6   0.0   194   280    82   167     9   170 0.85 -
scaffold00084:89645-90970     -            442 388820at2759         -            609   1.1e-07   25.5   0.6   1   2   1.2e-07     8e-07   22.7   0.1   161   270   139   262   125   275 0.79 -
scaffold00084:89645-90970     -            442 388820at2759         -            609   1.1e-07   25.5   0.6   2   2       1.7        11   -0.9   0.0   429   456   292   318   264   327 0.72 -
scaffold00077:141142-141450   -            103 388820at2759         -            609   1.8e-07   24.8   0.1   1   2   0.00029    0.0019   11.6   0.0   419   454     6    42     2    45 0.79 -
scaffold00077:141142-141450   -            103 388820at2759         -            609   1.8e-07   24.8   0.1   2   2   0.00027    0.0017   11.7   0.0   133   164    69   102    54   103 0.82 -
scaffold00005:466339-467145   -            269 388820at2759         -            609   2.2e-07   24.6   0.2   1   2     0.016       0.1    5.9   0.0   349   384     6    41     2    47 0.81 -
scaffold00005:466339-467145   -            269 388820at2759         -            609   2.2e-07   24.6   0.2   2   2   3.8e-05   0.00025   14.5   0.1   323   421    63   164    51   172 0.79 -
scaffold00002:757405-758037   -            211 388820at2759         -            609   2.3e-07   24.5   1.0   1   2   1.8e-06   1.2e-05   18.8   0.3   158   265    58   171    52   176 0.87 -
scaffold00002:757405-758037   -            211 388820at2759         -            609   2.3e-07   24.5   1.0   2   2     0.074      0.48    3.6   0.0   345   377   179   211   175   211 0.89 -
scaffold00001:690415-691254   -            280 388820at2759         -            609   2.4e-07   24.4   0.1   1   2   4.4e-07   2.8e-06   20.9   0.0   196   266    32   105    24   124 0.80 -
scaffold00001:690415-691254   -            280 388820at2759         -            609   2.4e-07   24.4   0.1   2   2      0.44       2.8    1.1   0.0   166   213   218   269   205   280 0.45 -
scaffold00048:169539-170309   -            257 388820at2759         -            609   2.6e-07   24.3   0.1   1   3   0.00039    0.0025   11.1   0.0   194   224    33    63    27    70 0.91 -
scaffold00048:169539-170309   -            257 388820at2759         -            609   2.6e-07   24.3   0.1   2   3    0.0076     0.049    6.9   0.0   111   155    91   135    72   157 0.86 -
scaffold00048:169539-170309   -            257 388820at2759         -            609   2.6e-07   24.3   0.1   3   3      0.15      0.98    2.6   0.1   155   187   180   215   159   238 0.71 -
scaffold00005:920338-920952   -            205 388820at2759         -            609   2.7e-07   24.3   1.1   1   2    0.0011    0.0073    9.6   0.4   322   455     3   135     1   145 0.64 -
scaffold00005:920338-920952   -            205 388820at2759         -            609   2.7e-07   24.3   1.1   2   2   0.00022    0.0014   12.0   0.1   423   475   145   202   108   205 0.66 -
scaffold00010:229011-229877   -            289 388820at2759         -            609   4.3e-07   23.6   5.3   1   2   5.9e-05   0.00038   13.8   2.5   396   484    22   123    15   137 0.77 -
scaffold00010:229011-229877   -            289 388820at2759         -            609   4.3e-07   23.6   5.3   2   2    0.0019     0.012    8.9   0.0   157   261   172   280   164   287 0.75 -
scaffold00005:735150-735638   -            163 388820at2759         -            609   4.9e-07   23.4   1.2   1   3    0.0021     0.014    8.7   0.5   210   267     3    61     1    84 0.65 -
scaffold00005:735150-735638   -            163 388820at2759         -            609   4.9e-07   23.4   1.2   2   3    0.0032     0.021    8.1   0.2   430   477    45    92    42    99 0.88 -
scaffold00005:735150-735638   -            163 388820at2759         -            609   4.9e-07   23.4   1.2   3   3   0.00014   0.00093   12.6   0.0   203   261    99   158    85   162 0.81 -
scaffold00374:22538-23179     -            214 388820at2759         -            609   5.2e-07   23.3   2.5   1   2   0.00014   0.00088   12.6   0.0   235   269     1    36     1    48 0.79 -
scaffold00374:22538-23179     -            214 388820at2759         -            609   5.2e-07   23.3   2.5   2   2    0.0012    0.0079    9.5   1.2   325   442    71   150    44   210 0.58 -
scaffold00495:7159-12958      -           1427 388820at2759         -            609   6.4e-07   23.0   0.1   1   3       0.2       1.3    2.2   0.1   325   385  1020  1080  1004  1096 0.84 -
scaffold00495:7159-12958      -           1427 388820at2759         -            609   6.4e-07   23.0   0.1   2   3   0.00011   0.00069   13.0   0.0   132   190  1127  1190  1104  1198 0.83 -
scaffold00495:7159-12958      -           1427 388820at2759         -            609   6.4e-07   23.0   0.1   3   3      0.31         2    1.6   0.0   345   387  1298  1340  1292  1347 0.73 -
scaffold00190:8449-14951      -           1426 388820at2759         -            609   7.6e-07   22.8   0.1   1   3      0.12      0.74    3.0   0.1   349   393   987  1031   984  1080 0.46 -
scaffold00190:8449-14951      -           1426 388820at2759         -            609   7.6e-07   22.8   0.1   2   3   0.00011   0.00069   13.0   0.0   132   190  1126  1189  1103  1197 0.83 -
scaffold00190:8449-14951      -           1426 388820at2759         -            609   7.6e-07   22.8   0.1   3   3      0.43       2.7    1.1   0.0   353   387  1305  1339  1292  1346 0.72 -
scaffold00068:88539-89153     -            205 388820at2759         -            609   7.8e-07   22.7   0.1   1   2   1.4e-05   8.9e-05   15.9   0.0   435   483     2    54     1    67 0.72 -
scaffold00068:88539-89153     -            205 388820at2759         -            609   7.8e-07   22.7   0.1   2   2   0.00026    0.0017   11.7   0.0   159   222    26   102    24   113 0.75 -
scaffold00018:223375-223785   -            137 388820at2759         -            609   1.4e-06   21.9   1.0   1   2      0.01     0.065    6.5   0.3   430   446    18    34     9    88 0.81 -
scaffold00018:223375-223785   -            137 388820at2759         -            609   1.4e-06   21.9   1.0   2   2   0.00012   0.00076   12.9   0.0   342   383    94   136    89   137 0.88 -
scaffold00030:186090-186434   -            115 388820at2759         -            609   1.9e-06   21.5   0.2   1   2   2.6e-05   0.00017   15.0   0.0   313   388     4    80     1    88 0.72 -
scaffold00030:186090-186434   -            115 388820at2759         -            609   1.9e-06   21.5   0.2   2   2     0.019      0.12    5.6   0.0   192   220    82   111    77   115 0.65 -
scaffold02654:1-492           -            164 388820at2759         -            609   2.3e-06   21.2   0.0   1   1   3.6e-07   2.3e-06   21.2   0.0   194   268    87   161     4   164 0.80 -
scaffold00068:91653-92699     -            349 388820at2759         -            609   2.4e-06   21.1   0.1   1   3      0.54       3.5    0.8   0.0   409   443    46    82     3    89 0.70 -
scaffold00068:91653-92699     -            349 388820at2759         -            609   2.4e-06   21.1   0.1   2   3         2        13   -1.1   0.0   360   447   116   138   100   156 0.54 -
scaffold00068:91653-92699     -            349 388820at2759         -            609   2.4e-06   21.1   0.1   3   3   8.2e-06   5.3e-05   16.7   0.0   434   483   254   307   230   345 0.58 -
scaffold00169:8001-8429       -            143 388820at2759         -            609   2.4e-06   21.1   0.0   1   1     6e-07   3.9e-06   20.4   0.0   200   264    76   138    16   140 0.76 -
scaffold00466:32965-33393     -            143 388820at2759         -            609   2.4e-06   21.1   0.0   1   1     6e-07   3.9e-06   20.4   0.0   200   264    76   138    16   140 0.76 -
scaffold00017:178892-179428   -            179 388820at2759         -            609   2.6e-06   21.0   0.3   1   2     0.004     0.026    7.8   0.0   349   384     2    38     1    47 0.79 -
scaffold00017:178892-179428   -            179 388820at2759         -            609   2.6e-06   21.0   0.3   2   2   0.00049    0.0032   10.8   0.0   312   385    60   140    56   161 0.78 -
scaffold00013:75515-75973     -            153 388820at2759         -            609   4.2e-06   20.3   0.8   1   2      0.78       5.1    0.2   0.0   171   187     3    19     1    25 0.73 -
scaffold00013:75515-75973     -            153 388820at2759         -            609   4.2e-06   20.3   0.8   2   2     3e-06   1.9e-05   18.1   0.5   411   456    27    72    10    89 0.81 -
scaffold00224:7283-7699       -            139 388820at2759         -            609   4.3e-06   20.3   0.1   1   2   0.00022    0.0014   12.0   0.1   169   257     3    96     1   101 0.57 -
scaffold00224:7283-7699       -            139 388820at2759         -            609   4.3e-06   20.3   0.1   2   2     0.029      0.19    5.0   0.0   430   454   108   132   106   136 0.89 -
scaffold00224:16122-16991     -            290 388820at2759         -            609   4.8e-06   20.1   0.1   1   2   9.1e-05   0.00058   13.2   0.1   161   257     1   102     1   107 0.68 -
scaffold00224:16122-16991     -            290 388820at2759         -            609   4.8e-06   20.1   0.1   2   2     0.049      0.32    4.2   0.0   430   454   114   138   112   163 0.86 -
scaffold00010:322401-324513   -            670 388820at2759         -            609   1.1e-05   19.0   0.1   1   5      0.24       1.5    2.0   0.0   235   268    72   106    53   116 0.66 -
scaffold00010:322401-324513   -            670 388820at2759         -            609   1.1e-05   19.0   0.1   2   5     0.063      0.41    3.9   0.0   347   385   212   250   202   288 0.63 -
scaffold00010:322401-324513   -            670 388820at2759         -            609   1.1e-05   19.0   0.1   3   5         2        13   -1.1   0.0   348   381   357   390   352   422 0.72 -
scaffold00010:322401-324513   -            670 388820at2759         -            609   1.1e-05   19.0   0.1   4   5       2.8        18   -1.6   0.0   314   346   494   526   487   555 0.74 -
scaffold00010:322401-324513   -            670 388820at2759         -            609   1.1e-05   19.0   0.1   5   5     0.013     0.082    6.1   0.0   342   388   574   619   566   626 0.83 -
scaffold00106:95905-97368     -            488 388820at2759         -            609   3.4e-05   17.3   0.7   1   4      0.99       6.4   -0.1   0.0   353   381   228   258   201   288 0.62 -
scaffold00106:95905-97368     -            488 388820at2759         -            609   3.4e-05   17.3   0.7   2   4      0.02      0.13    5.5   0.0   156   191   341   376   231   384 0.66 -
scaffold00106:95905-97368     -            488 388820at2759         -            609   3.4e-05   17.3   0.7   3   4   6.2e-05    0.0004   13.8   0.2    78   192   301   417   268   429 0.74 -
scaffold00106:95905-97368     -            488 388820at2759         -            609   3.4e-05   17.3   0.7   4   4    0.0037     0.024    7.9   0.1   419   476   388   445   383   459 0.87 -
scaffold00017:176759-177520   -            254 388820at2759         -            609   3.8e-05   17.2   0.2   1   3      0.12      0.77    2.9   0.1   418   445    15    44     3    47 0.75 -
scaffold00017:176759-177520   -            254 388820at2759         -            609   3.8e-05   17.2   0.2   2   3    0.0006    0.0039   10.5   0.0   235   450    71   109    61   117 0.54 -
scaffold00017:176759-177520   -            254 388820at2759         -            609   3.8e-05   17.2   0.2   3   3       1.2       7.7   -0.4   0.0   361   383   172   197   129   240 0.65 -
scaffold00002:873819-874442   -            208 388820at2759         -            609   4.1e-05   17.0   0.5   1   2       1.8        12   -1.0   0.0   315   337     2    24     1    76 0.56 -
scaffold00002:873819-874442   -            208 388820at2759         -            609   4.1e-05   17.0   0.5   2   2   1.6e-05    0.0001   15.8   0.2   382   445    96   163    86   186 0.84 -
scaffold00125:87511-88089     -            193 388820at2759         -            609   4.9e-05   16.8   0.0   1   2   0.00063    0.0041   10.5   0.0   234   268    35    70     4    84 0.61 -
scaffold00125:87511-88089     -            193 388820at2759         -            609   4.9e-05   16.8   0.0   2   2     0.049      0.32    4.2   0.0   424   443   174   193   148   193 0.81 -
scaffold00071:67320-67595     -             92 388820at2759         -            609   8.4e-05   16.0   0.0   1   1   1.6e-05    0.0001   15.8   0.0   192   265     7    85     3    89 0.76 -
scaffold00023:200240-201016   -            259 388820at2759         -            609   0.00013   15.4   2.5   1   3         2        13   -1.1   0.0   326   358     3    38     1    43 0.79 -
scaffold00023:200240-201016   -            259 388820at2759         -            609   0.00013   15.4   2.5   2   3    0.0014     0.009    9.3   0.1   193   267    88   163    82   180 0.57 -
scaffold00023:200240-201016   -            259 388820at2759         -            609   0.00013   15.4   2.5   3   3    0.0012    0.0077    9.5   0.5   201   264   140   215   121   243 0.62 -
scaffold00004:69459-70151     -            231 388820at2759         -            609   0.00013   15.4   0.4   1   3      0.13      0.81    2.9   0.2   426   446    16    36     3    39 0.74 -
scaffold00004:69459-70151     -            231 388820at2759         -            609   0.00013   15.4   0.4   2   3    0.0013    0.0081    9.5   0.0   233   267    60    96    50   111 0.63 -
scaffold00004:69459-70151     -            231 388820at2759         -            609   0.00013   15.4   0.4   3   3       2.5        16   -1.4   0.0   360   384   162   189   144   204 0.64 -
scaffold00068:87232-88329     -            366 388820at2759         -            609   0.00017   15.1   0.1   1   4    0.0056     0.036    7.3   0.0   360   385    17    42    11    69 0.77 -
scaffold00068:87232-88329     -            366 388820at2759         -            609   0.00017   15.1   0.1   2   4      0.38       2.5    1.3   0.0   247   264   128   145   102   152 0.56 -
scaffold00068:87232-88329     -            366 388820at2759         -            609   0.00017   15.1   0.1   3   4      0.46         3    1.0   0.0   408   443   228   265   176   272 0.60 -
scaffold00068:87232-88329     -            366 388820at2759         -            609   0.00017   15.1   0.1   4   4       2.2        14   -1.2   0.0   360   447   299   321   283   339 0.54 -
scaffold00009:498818-499453   -            212 388820at2759         -            609   0.00022   14.6   0.0   1   3       1.4       8.7   -0.5   0.0   362   377    37    52     1    72 0.51 -
scaffold00009:498818-499453   -            212 388820at2759         -            609   0.00022   14.6   0.0   2   3    0.0084     0.054    6.7   0.0   231   266    72   108    55   117 0.78 -
scaffold00009:498818-499453   -            212 388820at2759         -            609   0.00022   14.6   0.0   3   3     0.035      0.23    4.7   0.0   203   226   150   173   129   210 0.77 -
scaffold00001:1332354-1333457 -            368 388820at2759         -            609   0.00033   14.1   0.0   1   2    0.0013    0.0086    9.4   0.0   313   381   105   178    95   191 0.73 -
scaffold00001:1332354-1333457 -            368 388820at2759         -            609   0.00033   14.1   0.0   2   2      0.23       1.5    2.0   0.0   384   422   275   315   255   319 0.82 -
scaffold00125:27543-28193     -            217 388820at2759         -            609   0.00033   14.1   1.5   1   2     0.013     0.081    6.2   0.2   428   443     2    17     1    25 0.87 -
scaffold00125:27543-28193     -            217 388820at2759         -            609   0.00033   14.1   1.5   2   2     0.009     0.058    6.6   0.0   120   150    35    65    21    77 0.79 -
scaffold00013:188313-188618   -            102 388820at2759         -            609   0.00038   13.9   0.1   1   2    0.0033     0.021    8.1   0.0   348   383     7    42     4    56 0.83 -
scaffold00013:188313-188618   -            102 388820at2759         -            609   0.00038   13.9   0.1   2   2     0.051      0.33    4.2   0.0   347   378    69   102    58   102 0.77 -
scaffold01752:5209-5484       -             92 388820at2759         -            609   0.00039   13.8   0.3   1   2    0.0015    0.0095    9.2   0.1   417   448     9    41     2    48 0.75 -
scaffold01752:5209-5484       -             92 388820at2759         -            609   0.00039   13.8   0.3   2   2      0.15      0.97    2.6   0.0   348   380    51    86    46    90 0.69 -
scaffold02214:2618-3364       -            249 388820at2759         -            609   0.00046   13.6   0.0   1   2      0.37       2.4    1.3   0.0   175   361    63    98    45   128 0.53 -
scaffold02214:2618-3364       -            249 388820at2759         -            609   0.00046   13.6   0.0   2   2   0.00094    0.0061    9.9   0.0   131   191   145   209   129   214 0.76 -
scaffold01118:3652-4389       -            246 388820at2759         -            609   0.00053   13.4   0.1   1   2    0.0018     0.012    8.9   0.1   420   470    42    93    28   121 0.77 -
scaffold01118:3652-4389       -            246 388820at2759         -            609   0.00053   13.4   0.1   2   2      0.18       1.2    2.3   0.0   134   176   196   241   171   244 0.54 -
scaffold00121:58089-58739     -            217 388820at2759         -            609   0.00058   13.3   0.0   1   3      0.22       1.4    2.0   0.0   240   263    27    51    10    71 0.54 -
scaffold00121:58089-58739     -            217 388820at2759         -            609   0.00058   13.3   0.0   2   3       1.3       8.1   -0.4   0.0   349   385    82   120    74   130 0.73 -
scaffold00121:58089-58739     -            217 388820at2759         -            609   0.00058   13.3   0.0   3   3    0.0041     0.027    7.8   0.0   346   380   138   172   125   186 0.89 -
scaffold00050:262675-263208   -            178 388820at2759         -            609   0.00081   12.8   0.0   1   2      0.11      0.68    3.1   0.0   364   386     8    30     1    39 0.74 -
scaffold00050:262675-263208   -            178 388820at2759         -            609   0.00081   12.8   0.0   2   2    0.0031      0.02    8.2   0.0   417   466    40    89    31   114 0.77 -
scaffold00016:81296-81742     -            149 388820at2759         -            609    0.0012   12.2   0.0   1   2     0.078      0.51    3.5   0.0   207   254     7    53     1    56 0.76 -
scaffold00016:81296-81742     -            149 388820at2759         -            609    0.0012   12.2   0.0   2   2    0.0052     0.034    7.4   0.0   437   475    58    99    48   108 0.76 -
scaffold00034:213638-213877   -             80 388820at2759         -            609    0.0014   12.0   0.8   1   2    0.0048     0.031    7.5   0.2   417   445     3    32     1    41 0.83 -
scaffold00034:213638-213877   -             80 388820at2759         -            609    0.0014   12.0   0.8   2   2     0.067      0.43    3.8   0.0   348   378    43    76    35    79 0.76 -
scaffold00007:537861-538040   -             60 388820at2759         -            609    0.0016   11.8   0.2   1   1   0.00026    0.0017   11.7   0.2   425   471     3    53     2    60 0.59 -
scaffold00004:500169-501011   -            281 388820at2759         -            609    0.0019   11.6   0.1   1   1    0.0022     0.014    8.7   0.1   429   474   229   279    85   281 0.88 -
scaffold00009:620382-620954   -            191 388820at2759         -            609    0.0019   11.5   0.1   1   1     0.039      0.25    4.6   0.0   117   151   154   189   149   191 0.87 -
scaffold00133:50152-50670     -            173 388820at2759         -            609    0.0021   11.4   0.0   1   3      0.67       4.3    0.5   0.0   212   249     1    38     1    62 0.75 -
scaffold00133:50152-50670     -            173 388820at2759         -            609    0.0021   11.4   0.0   2   3       1.5        10   -0.7   0.0   348   381    72   107    66   128 0.68 -
scaffold00133:50152-50670     -            173 388820at2759         -            609    0.0021   11.4   0.0   3   3    0.0048     0.031    7.5   0.0   203   226   137   160   121   170 0.83 -
scaffold01086:2325-2753       -            143 388820at2759         -            609    0.0022   11.4   0.0   1   2     0.066      0.43    3.8   0.0   327   381    15    70     2    91 0.61 -
scaffold01086:2325-2753       -            143 388820at2759         -            609    0.0022   11.4   0.0   2   2     0.018      0.12    5.6   0.0   124   165    88   131    79   138 0.76 -
scaffold00828:13433-13861     -            143 388820at2759         -            609    0.0032   10.8   0.0   1   2      0.12      0.79    2.9   0.0   327   380    15    69     7    91 0.57 -
scaffold00828:13433-13861     -            143 388820at2759         -            609    0.0032   10.8   0.0   2   2     0.018      0.12    5.6   0.0   131   165    96   131    75   139 0.76 -
scaffold00148:3777-4364       -            196 388820at2759         -            609    0.0044   10.3   0.0   1   2     0.019      0.12    5.6   0.0   430   470     2    43     1    83 0.77 -
scaffold00148:3777-4364       -            196 388820at2759         -            609    0.0044   10.3   0.0   2   2      0.13      0.82    2.8   0.0   135   176   147   191   121   194 0.53 -
scaffold00071:49109-49864     -            252 388820at2759         -            609     0.006    9.9   0.1   1   1      0.47         3    1.0   0.0   430   447    63    80    54    84 0.89 -
scaffold00008:449978-450337   -            120 388820at2759         -            609    0.0068    9.7   0.1   1   1     0.002     0.013    8.8   0.1   345   386    23    64     1    75 0.65 -
#
# Program:         hmmsearch
# Version:         3.1b2 (February 2015)
# Pipeline mode:   SEARCH
# Query file:      /Users/aholzer/ownCloud/PhD/Publications/2021 Liavero-Pasquina et al./analysis/TPP_aptamer_search/busco_downloads/lineages/eukaryota_odb10/hmms/388820at2759.hmm
# Target file:     /Users/aholzer/ownCloud/PhD/Publications/2021 Liavero-Pasquina et al./analysis/TPP_aptamer_search/genomes/BUSCO_eukaryota_obd10/Synedra_acus_sac1/run_eukaryota_odb10/metaeuk_output/rerun_results/sac.scaffolds.fna.modified.fas
# Option settings: hmmsearch --domtblout /Users/aholzer/ownCloud/PhD/Publications/2021 Liavero-Pasquina et al./analysis/TPP_aptamer_search/genomes/BUSCO_eukaryota_obd10/Synedra_acus_sac1/run_eukaryota_odb10/hmmer_output/rerun_results/388820at2759.out --cpu 1 /Users/aholzer/ownCloud/PhD/Publications/2021 Liavero-Pasquina et al./analysis/TPP_aptamer_search/busco_downloads/lineages/eukaryota_odb10/hmms/388820at2759.hmm /Users/aholzer/ownCloud/PhD/Publications/2021 Liavero-Pasquina et al./analysis/TPP_aptamer_search/genomes/BUSCO_eukaryota_obd10/Synedra_acus_sac1/run_eukaryota_odb10/metaeuk_output/rerun_results/sac.scaffolds.fna.modified.fas 
# Current dir:     /Users/aholzer/ownCloud/PhD/Publications/2021 Liavero-Pasquina et al./analysis/TPP_aptamer_search
# Date:            Mon Apr 19 09:03:42 2021
# [ok]
