Tmp /Users/aholzer/ownCloud/PhD/Publications/2021 Liavero-Pasquina et al./analysis/TPP_aptamer_search/genomes/BUSCO/Bacillariophyta_sp_ASM1329908v1/run_stramenopiles_odb10/metaeuk_output/tmp folder does not exist or is not a directory.
Create dir /Users/aholzer/ownCloud/PhD/Publications/2021 Liavero-Pasquina et al./analysis/TPP_aptamer_search/genomes/BUSCO/Bacillariophyta_sp_ASM1329908v1/run_stramenopiles_odb10/metaeuk_output/tmp
easy-predict --threads 1 /Users/aholzer/ownCloud/PhD/Publications/2021 Liavero-Pasquina et al./analysis/TPP_aptamer_search/genomes/Bacillariophyta_sp_ASM1329908v1/GCA_013299085.1_ASM1329908v1_genomic.fna /Users/aholzer/ownCloud/PhD/Publications/2021 Liavero-Pasquina et al./analysis/TPP_aptamer_search/busco_downloads/lineages/stramenopiles_odb10/refseq_db.faa /Users/aholzer/ownCloud/PhD/Publications/2021 Liavero-Pasquina et al./analysis/TPP_aptamer_search/genomes/BUSCO/Bacillariophyta_sp_ASM1329908v1/run_stramenopiles_odb10/metaeuk_output/initial_results/GCA_013299085.1_ASM1329908v1_genomic.fna /Users/aholzer/ownCloud/PhD/Publications/2021 Liavero-Pasquina et al./analysis/TPP_aptamer_search/genomes/BUSCO/Bacillariophyta_sp_ASM1329908v1/run_stramenopiles_odb10/metaeuk_output/tmp --max-intron 20000 --max-seq-len 30000 --min-exon-aa 15 --max-overlap 15 --min-intron 5 --overlap 1 

MMseqs Version:                                             	4.a0f584d
Substitution matrix                                         	nucl:nucleotide.out,aa:blosum62.out
Add backtrace                                               	false
Alignment mode                                              	2
Allow wrapped scoring                                       	false
E-value threshold                                           	100
Seq. id. threshold                                          	0
Min alignment length                                        	0
Seq. id. mode                                               	0
Alternative alignments                                      	0
Coverage threshold                                          	0
Coverage mode                                               	0
Max sequence length                                         	30000
Compositional bias                                          	1
Max reject                                                  	2147483647
Max accept                                                  	2147483647
Include identical seq. id.                                  	false
Preload mode                                                	0
Pseudo count a                                              	1
Pseudo count b                                              	1.5
Score bias                                                  	0
Realign hits                                                	false
Realign score bias                                          	-0.2
Realign max seqs                                            	2147483647
Gap open cost                                               	nucl:5,aa:11
Gap extension cost                                          	nucl:2,aa:1
Zdrop                                                       	40
Threads                                                     	1
Compressed                                                  	0
Verbosity                                                   	3
Seed substitution matrix                                    	nucl:nucleotide.out,aa:VTML80.out
Sensitivity                                                 	4
k-mer length                                                	0
k-score                                                     	2147483647
Alphabet size                                               	nucl:5,aa:21
Max results per query                                       	300
Split database                                              	0
Split mode                                                  	2
Split memory limit                                          	0
Diagonal scoring                                            	true
Exact k-mer matching                                        	0
Mask residues                                               	1
Mask lower case residues                                    	0
Minimum diagonal score                                      	15
Spaced k-mers                                               	1
Spaced k-mer pattern                                        	
Local temporary path                                        	
Rescore mode                                                	0
Remove hits by seq. id. and coverage                        	false
Sort results                                                	0
Mask profile                                                	1
Profile E-value threshold                                   	0.001
Global sequence weighting                                   	false
Allow deletions                                             	false
Filter MSA                                                  	1
Maximum seq. id. threshold                                  	0.9
Minimum seq. id.                                            	0
Minimum score per column                                    	-20
Minimum coverage                                            	0
Select N most diverse seqs                                  	1000
Min codons in orf                                           	15
Max codons in length                                        	32734
Max orf gaps                                                	2147483647
Contig start mode                                           	2
Contig end mode                                             	2
Orf start mode                                              	1
Forward frames                                              	1,2,3
Reverse frames                                              	1,2,3
Translation table                                           	1
Translate orf                                               	0
Use all table starts                                        	false
Offset of numeric ids                                       	0
Create lookup                                               	0
Add orf stop                                                	false
Chain overlapping alignments                                	0
Merge query                                                 	1
Search type                                                 	0
Search iterations                                           	1
Start sensitivity                                           	4
Search steps                                                	1
Slice search mode                                           	false
Strand selection                                            	1
LCA search mode                                             	false
Disk space limit                                            	0
MPI runner                                                  	
Force restart with latest tmp                               	false
Remove temporary files                                      	false
maximal combined evalue of an optimal set                   	0.001
minimal length ratio between combined optimal set and target	0.5
Maximal intron length                                       	20000
Minimal intron length                                       	5
Minimal exon length aa                                      	15
Maximal overlap of exons                                    	15
Gap open penalty                                            	-1
Gap extend penalty                                          	-1
allow same-strand overlaps                                  	1
translate codons to AAs                                     	0
write target key instead of accession                       	0
Reverse AA Fragments                                        	0

createdb /Users/aholzer/ownCloud/PhD/Publications/2021 Liavero-Pasquina et al./analysis/TPP_aptamer_search/genomes/Bacillariophyta_sp_ASM1329908v1/GCA_013299085.1_ASM1329908v1_genomic.fna /Users/aholzer/ownCloud/PhD/Publications/2021 Liavero-Pasquina et al./analysis/TPP_aptamer_search/genomes/BUSCO/Bacillariophyta_sp_ASM1329908v1/run_stramenopiles_odb10/metaeuk_output/tmp/5563034539128871664/contigs --dbtype 2 --compressed 0 -v 3 

Converting sequences
[
Time for merging to contigs_h: 0h 0m 0s 18ms
Time for merging to contigs: 0h 0m 0s 139ms
Database type: Nucleotide
Time for processing: 0h 0m 0s 374ms
createdb /Users/aholzer/ownCloud/PhD/Publications/2021 Liavero-Pasquina et al./analysis/TPP_aptamer_search/busco_downloads/lineages/stramenopiles_odb10/refseq_db.faa /Users/aholzer/ownCloud/PhD/Publications/2021 Liavero-Pasquina et al./analysis/TPP_aptamer_search/genomes/BUSCO/Bacillariophyta_sp_ASM1329908v1/run_stramenopiles_odb10/metaeuk_output/tmp/5563034539128871664/targets --dbtype 1 --compressed 0 -v 3 

Converting sequences
[
Time for merging to targets_h: 0h 0m 0s 16ms
Time for merging to targets: 0h 0m 0s 17ms
Database type: Aminoacid
Time for processing: 0h 0m 0s 88ms
Tmp /Users/aholzer/ownCloud/PhD/Publications/2021 Liavero-Pasquina et al./analysis/TPP_aptamer_search/genomes/BUSCO/Bacillariophyta_sp_ASM1329908v1/run_stramenopiles_odb10/metaeuk_output/tmp/5563034539128871664/tmp_predict folder does not exist or is not a directory.
Create dir /Users/aholzer/ownCloud/PhD/Publications/2021 Liavero-Pasquina et al./analysis/TPP_aptamer_search/genomes/BUSCO/Bacillariophyta_sp_ASM1329908v1/run_stramenopiles_odb10/metaeuk_output/tmp/5563034539128871664/tmp_predict
predictexons /Users/aholzer/ownCloud/PhD/Publications/2021 Liavero-Pasquina et al./analysis/TPP_aptamer_search/genomes/BUSCO/Bacillariophyta_sp_ASM1329908v1/run_stramenopiles_odb10/metaeuk_output/tmp/5563034539128871664/contigs /Users/aholzer/ownCloud/PhD/Publications/2021 Liavero-Pasquina et al./analysis/TPP_aptamer_search/genomes/BUSCO/Bacillariophyta_sp_ASM1329908v1/run_stramenopiles_odb10/metaeuk_output/tmp/5563034539128871664/targets /Users/aholzer/ownCloud/PhD/Publications/2021 Liavero-Pasquina et al./analysis/TPP_aptamer_search/genomes/BUSCO/Bacillariophyta_sp_ASM1329908v1/run_stramenopiles_odb10/metaeuk_output/tmp/5563034539128871664/MetaEuk_calls /Users/aholzer/ownCloud/PhD/Publications/2021 Liavero-Pasquina et al./analysis/TPP_aptamer_search/genomes/BUSCO/Bacillariophyta_sp_ASM1329908v1/run_stramenopiles_odb10/metaeuk_output/tmp/5563034539128871664/tmp_predict --sub-mat nucl:nucleotide.out,aa:blosum62.out -a 0 --alignment-mode 2 --wrapped-scoring 0 -e 100 --min-seq-id 0 --min-aln-len 0 --seq-id-mode 0 --alt-ali 0 -c 0 --cov-mode 0 --max-seq-len 30000 --comp-bias-corr 1 --max-rejected 2147483647 --max-accept 2147483647 --add-self-matches 0 --db-load-mode 0 --pca 1 --pcb 1.5 --score-bias 0 --realign 0 --realign-score-bias -0.2 --realign-max-seqs 2147483647 --gap-open nucl:5,aa:11 --gap-extend nucl:2,aa:1 --zdrop 40 --threads 1 --compressed 0 -v 3 --seed-sub-mat nucl:nucleotide.out,aa:VTML80.out -s 4 -k 0 --k-score 2147483647 --alph-size nucl:5,aa:21 --max-seqs 300 --split 0 --split-mode 2 --split-memory-limit 0 --diag-score 1 --exact-kmer-matching 0 --mask 1 --mask-lower-case 0 --min-ungapped-score 15 --spaced-kmer-mode 1 --rescore-mode 0 --filter-hits 0 --sort-results 0 --mask-profile 1 --e-profile 0.001 --wg 0 --allow-deletion 0 --filter-msa 1 --max-seq-id 0.9 --qid 0 --qsc -20 --cov 0 --diff 1000 --min-length 15 --max-length 32734 --max-gaps 2147483647 --contig-start-mode 2 --contig-end-mode 2 --orf-start-mode 1 --forward-frames 1,2,3 --reverse-frames 1,2,3 --translation-table 1 --translate 0 --use-all-table-starts 0 --id-offset 0 --create-lookup 0 --add-orf-stop 0 --chain-alignments 0 --merge-query 1 --search-type 0 --num-iterations 1 --start-sens 4 --sens-steps 1 --slice-search 0 --strand 1 --orf-filter 0 --orf-filter-e 100 --orf-filter-s 2 --lca-search 0 --disk-space-limit 0 --force-reuse 0 --remove-tmp-files 0 --metaeuk-eval 0.001 --metaeuk-tcov 0.5 --max-intron 20000 --min-intron 5 --min-exon-aa 15 --max-overlap 15 --set-gap-open -1 --set-gap-extend -1 --reverse-fragments 0 

extractorfs /Users/aholzer/ownCloud/PhD/Publications/2021 Liavero-Pasquina et al./analysis/TPP_aptamer_search/genomes/BUSCO/Bacillariophyta_sp_ASM1329908v1/run_stramenopiles_odb10/metaeuk_output/tmp/5563034539128871664/contigs /Users/aholzer/ownCloud/PhD/Publications/2021 Liavero-Pasquina et al./analysis/TPP_aptamer_search/genomes/BUSCO/Bacillariophyta_sp_ASM1329908v1/run_stramenopiles_odb10/metaeuk_output/tmp/5563034539128871664/tmp_predict/18142235590645767747/nucl_6f --min-length 15 --max-length 32734 --max-gaps 2147483647 --contig-start-mode 2 --contig-end-mode 2 --orf-start-mode 1 --forward-frames 1,2,3 --reverse-frames 1,2,3 --translation-table 1 --translate 0 --use-all-table-starts 0 --id-offset 0 --create-lookup 0 --threads 1 --compressed 0 -v 3 

[=================================================================] 6.40K 2s 392ms
Time for merging to nucl_6f_h: 0h 0m 0s 330ms
Time for merging to nucl_6f: 0h 0m 0s 328ms
Time for processing: 0h 0m 3s 903ms
translatenucs /Users/aholzer/ownCloud/PhD/Publications/2021 Liavero-Pasquina et al./analysis/TPP_aptamer_search/genomes/BUSCO/Bacillariophyta_sp_ASM1329908v1/run_stramenopiles_odb10/metaeuk_output/tmp/5563034539128871664/tmp_predict/18142235590645767747/nucl_6f /Users/aholzer/ownCloud/PhD/Publications/2021 Liavero-Pasquina et al./analysis/TPP_aptamer_search/genomes/BUSCO/Bacillariophyta_sp_ASM1329908v1/run_stramenopiles_odb10/metaeuk_output/tmp/5563034539128871664/tmp_predict/18142235590645767747/aa_6f --translation-table 1 --add-orf-stop 0 -v 3 --compressed 0 --threads 1 

[=================================================================] 1.48M 1s 177ms
Time for merging to aa_6f: 0h 0m 0s 381ms
Time for processing: 0h 0m 1s 778ms
Tmp /Users/aholzer/ownCloud/PhD/Publications/2021 Liavero-Pasquina et al./analysis/TPP_aptamer_search/genomes/BUSCO/Bacillariophyta_sp_ASM1329908v1/run_stramenopiles_odb10/metaeuk_output/tmp/5563034539128871664/tmp_predict/18142235590645767747/tmp_search folder does not exist or is not a directory.
Create dir /Users/aholzer/ownCloud/PhD/Publications/2021 Liavero-Pasquina et al./analysis/TPP_aptamer_search/genomes/BUSCO/Bacillariophyta_sp_ASM1329908v1/run_stramenopiles_odb10/metaeuk_output/tmp/5563034539128871664/tmp_predict/18142235590645767747/tmp_search
search /Users/aholzer/ownCloud/PhD/Publications/2021 Liavero-Pasquina et al./analysis/TPP_aptamer_search/genomes/BUSCO/Bacillariophyta_sp_ASM1329908v1/run_stramenopiles_odb10/metaeuk_output/tmp/5563034539128871664/tmp_predict/18142235590645767747/aa_6f /Users/aholzer/ownCloud/PhD/Publications/2021 Liavero-Pasquina et al./analysis/TPP_aptamer_search/genomes/BUSCO/Bacillariophyta_sp_ASM1329908v1/run_stramenopiles_odb10/metaeuk_output/tmp/5563034539128871664/targets /Users/aholzer/ownCloud/PhD/Publications/2021 Liavero-Pasquina et al./analysis/TPP_aptamer_search/genomes/BUSCO/Bacillariophyta_sp_ASM1329908v1/run_stramenopiles_odb10/metaeuk_output/tmp/5563034539128871664/tmp_predict/18142235590645767747/search_res /Users/aholzer/ownCloud/PhD/Publications/2021 Liavero-Pasquina et al./analysis/TPP_aptamer_search/genomes/BUSCO/Bacillariophyta_sp_ASM1329908v1/run_stramenopiles_odb10/metaeuk_output/tmp/5563034539128871664/tmp_predict/18142235590645767747/tmp_search --sub-mat nucl:nucleotide.out,aa:blosum62.out -a 0 --alignment-mode 2 --wrapped-scoring 0 -e 100 --min-seq-id 0 --min-aln-len 15 --seq-id-mode 0 --alt-ali 0 -c 0 --cov-mode 0 --max-seq-len 30000 --comp-bias-corr 1 --max-rejected 2147483647 --max-accept 2147483647 --add-self-matches 0 --db-load-mode 0 --pca 1 --pcb 1.5 --score-bias 0 --realign 0 --realign-score-bias -0.2 --realign-max-seqs 2147483647 --gap-open nucl:5,aa:11 --gap-extend nucl:2,aa:1 --zdrop 40 --threads 1 --compressed 0 -v 3 --seed-sub-mat nucl:nucleotide.out,aa:VTML80.out -s 4 -k 0 --k-score 2147483647 --alph-size nucl:5,aa:21 --max-seqs 300 --split 0 --split-mode 2 --split-memory-limit 0 --diag-score 1 --exact-kmer-matching 0 --mask 1 --mask-lower-case 0 --min-ungapped-score 15 --spaced-kmer-mode 1 --rescore-mode 0 --filter-hits 0 --sort-results 0 --mask-profile 1 --e-profile 0.001 --wg 0 --allow-deletion 0 --filter-msa 1 --max-seq-id 0.9 --qid 0 --qsc -20 --cov 0 --diff 1000 --min-length 15 --max-length 32734 --max-gaps 2147483647 --contig-start-mode 2 --contig-end-mode 2 --orf-start-mode 1 --forward-frames 1,2,3 --reverse-frames 1,2,3 --translation-table 1 --translate 0 --use-all-table-starts 0 --id-offset 0 --create-lookup 0 --add-orf-stop 0 --chain-alignments 0 --merge-query 1 --search-type 0 --num-iterations 1 --start-sens 4 --sens-steps 1 --slice-search 0 --strand 1 --orf-filter 0 --orf-filter-e 100 --orf-filter-s 2 --lca-search 0 --disk-space-limit 0 --force-reuse 0 --remove-tmp-files 0 

prefilter /Users/aholzer/ownCloud/PhD/Publications/2021 Liavero-Pasquina et al./analysis/TPP_aptamer_search/genomes/BUSCO/Bacillariophyta_sp_ASM1329908v1/run_stramenopiles_odb10/metaeuk_output/tmp/5563034539128871664/tmp_predict/18142235590645767747/aa_6f /Users/aholzer/ownCloud/PhD/Publications/2021 Liavero-Pasquina et al./analysis/TPP_aptamer_search/genomes/BUSCO/Bacillariophyta_sp_ASM1329908v1/run_stramenopiles_odb10/metaeuk_output/tmp/5563034539128871664/targets /Users/aholzer/ownCloud/PhD/Publications/2021 Liavero-Pasquina et al./analysis/TPP_aptamer_search/genomes/BUSCO/Bacillariophyta_sp_ASM1329908v1/run_stramenopiles_odb10/metaeuk_output/tmp/5563034539128871664/tmp_predict/18142235590645767747/tmp_search/5851967658470861281/pref_0 --sub-mat nucl:nucleotide.out,aa:blosum62.out --seed-sub-mat nucl:nucleotide.out,aa:VTML80.out -k 0 --k-score 2147483647 --alph-size nucl:5,aa:21 --max-seq-len 30000 --max-seqs 300 --split 0 --split-mode 2 --split-memory-limit 0 -c 0 --cov-mode 0 --comp-bias-corr 1 --diag-score 1 --exact-kmer-matching 0 --mask 1 --mask-lower-case 0 --min-ungapped-score 15 --add-self-matches 0 --spaced-kmer-mode 1 --db-load-mode 0 --pca 1 --pcb 1.5 --threads 1 --compressed 0 -v 3 -s 4.0 

Query database size: 1477220 type: Aminoacid
Estimated memory consumption: 981M
Target database size: 1099 type: Aminoacid
Index table k-mer threshold: 127 at k-mer size 6 
Index table: counting k-mers
[=================================================================] 1.10K 0s 158ms
Index table: Masked residues: 9921
Index table: fill
[=================================================================] 1.10K 0s 99ms
Index statistics
Entries:          525773
DB size:          491 MB
Avg k-mer size:   0.008215
Top 10 k-mers
    YIRGAR	31
    RGDPDW	24
    ATGLHL	23
    GKSILL	23
    SKLNDP	21
    AATSTL	18
    SGTAIP	18
    RQMFTQ	18
    LDARDM	15
    ERTLAT	15
Time for index table init: 0h 0m 1s 173ms
Process prefiltering step 1 of 1

k-mer similarity threshold: 127
Starting prefiltering scores calculation (step 1 of 1)
Query db start 1 to 1477220
Target db start 1 to 1099
[=================================================================] 1.48M 4m 7s 650ms

55.518339 k-mers per position
12 DB matches per sequence
0 overflows
0 queries produce too many hits (truncated result)
0 sequences passed prefiltering per query sequence
0 median result list length
1405687 sequences with 0 size result lists
Time for merging to pref_0: 0h 0m 0s 298ms
Time for processing: 0h 4m 12s 424ms
align /Users/aholzer/ownCloud/PhD/Publications/2021 Liavero-Pasquina et al./analysis/TPP_aptamer_search/genomes/BUSCO/Bacillariophyta_sp_ASM1329908v1/run_stramenopiles_odb10/metaeuk_output/tmp/5563034539128871664/tmp_predict/18142235590645767747/aa_6f /Users/aholzer/ownCloud/PhD/Publications/2021 Liavero-Pasquina et al./analysis/TPP_aptamer_search/genomes/BUSCO/Bacillariophyta_sp_ASM1329908v1/run_stramenopiles_odb10/metaeuk_output/tmp/5563034539128871664/targets /Users/aholzer/ownCloud/PhD/Publications/2021 Liavero-Pasquina et al./analysis/TPP_aptamer_search/genomes/BUSCO/Bacillariophyta_sp_ASM1329908v1/run_stramenopiles_odb10/metaeuk_output/tmp/5563034539128871664/tmp_predict/18142235590645767747/tmp_search/5851967658470861281/pref_0 /Users/aholzer/ownCloud/PhD/Publications/2021 Liavero-Pasquina et al./analysis/TPP_aptamer_search/genomes/BUSCO/Bacillariophyta_sp_ASM1329908v1/run_stramenopiles_odb10/metaeuk_output/tmp/5563034539128871664/tmp_predict/18142235590645767747/search_res --sub-mat nucl:nucleotide.out,aa:blosum62.out -a 0 --alignment-mode 2 --wrapped-scoring 0 -e 100 --min-seq-id 0 --min-aln-len 15 --seq-id-mode 0 --alt-ali 0 -c 0 --cov-mode 0 --max-seq-len 30000 --comp-bias-corr 1 --max-rejected 2147483647 --max-accept 2147483647 --add-self-matches 0 --db-load-mode 0 --pca 1 --pcb 1.5 --score-bias 0 --realign 0 --realign-score-bias -0.2 --realign-max-seqs 2147483647 --gap-open nucl:5,aa:11 --gap-extend nucl:2,aa:1 --zdrop 40 --threads 1 --compressed 0 -v 3 

Compute score and coverage
Query database size: 1477220 type: Aminoacid
Target database size: 1099 type: Aminoacid
Calculation of alignments
[=================================================================] 1.48M 7s 219ms
Time for merging to search_res: 0h 0m 0s 317ms
105886 alignments calculated
33455 sequence pairs passed the thresholds (0.315953 of overall calculated)
0.022647 hits per query sequence
Time for processing: 0h 0m 7s 747ms
resultspercontig /Users/aholzer/ownCloud/PhD/Publications/2021 Liavero-Pasquina et al./analysis/TPP_aptamer_search/genomes/BUSCO/Bacillariophyta_sp_ASM1329908v1/run_stramenopiles_odb10/metaeuk_output/tmp/5563034539128871664/contigs /Users/aholzer/ownCloud/PhD/Publications/2021 Liavero-Pasquina et al./analysis/TPP_aptamer_search/genomes/BUSCO/Bacillariophyta_sp_ASM1329908v1/run_stramenopiles_odb10/metaeuk_output/tmp/5563034539128871664/tmp_predict/18142235590645767747/nucl_6f /Users/aholzer/ownCloud/PhD/Publications/2021 Liavero-Pasquina et al./analysis/TPP_aptamer_search/genomes/BUSCO/Bacillariophyta_sp_ASM1329908v1/run_stramenopiles_odb10/metaeuk_output/tmp/5563034539128871664/tmp_predict/18142235590645767747/search_res /Users/aholzer/ownCloud/PhD/Publications/2021 Liavero-Pasquina et al./analysis/TPP_aptamer_search/genomes/BUSCO/Bacillariophyta_sp_ASM1329908v1/run_stramenopiles_odb10/metaeuk_output/tmp/5563034539128871664/tmp_predict/18142235590645767747/search_res_by_contig --threads 1 --compressed 0 -v 3 

Computing ORF lookup
Computing contig offsets
Computing contig lookup
Time for contig lookup: 0h 0m 0s 176ms
[=================================================================] 6.40K 0s 302ms
Time for merging to search_res_by_contig: 0h 0m 0s 2ms
Time for processing: 0h 0m 0s 687ms
collectoptimalset /Users/aholzer/ownCloud/PhD/Publications/2021 Liavero-Pasquina et al./analysis/TPP_aptamer_search/genomes/BUSCO/Bacillariophyta_sp_ASM1329908v1/run_stramenopiles_odb10/metaeuk_output/tmp/5563034539128871664/tmp_predict/18142235590645767747/search_res_by_contig /Users/aholzer/ownCloud/PhD/Publications/2021 Liavero-Pasquina et al./analysis/TPP_aptamer_search/genomes/BUSCO/Bacillariophyta_sp_ASM1329908v1/run_stramenopiles_odb10/metaeuk_output/tmp/5563034539128871664/targets /Users/aholzer/ownCloud/PhD/Publications/2021 Liavero-Pasquina et al./analysis/TPP_aptamer_search/genomes/BUSCO/Bacillariophyta_sp_ASM1329908v1/run_stramenopiles_odb10/metaeuk_output/tmp/5563034539128871664/tmp_predict/18142235590645767747/dp_predictions --metaeuk-eval 0.001 --metaeuk-tcov 0.5 --max-intron 20000 --min-intron 5 --min-exon-aa 15 --max-overlap 15 --set-gap-open -1 --set-gap-extend -1 --score-bias 0 --threads 1 --compressed 0 -v 3 

[=================================================================] 6.40K 0s 27ms
Time for merging to dp_predictions: 0h 0m 0s 2ms
Time for processing: 0h 0m 0s 35ms
mvdb /Users/aholzer/ownCloud/PhD/Publications/2021 Liavero-Pasquina et al./analysis/TPP_aptamer_search/genomes/BUSCO/Bacillariophyta_sp_ASM1329908v1/run_stramenopiles_odb10/metaeuk_output/tmp/5563034539128871664/tmp_predict/18142235590645767747/dp_predictions /Users/aholzer/ownCloud/PhD/Publications/2021 Liavero-Pasquina et al./analysis/TPP_aptamer_search/genomes/BUSCO/Bacillariophyta_sp_ASM1329908v1/run_stramenopiles_odb10/metaeuk_output/tmp/5563034539128871664/MetaEuk_calls 

Time for processing: 0h 0m 0s 3ms
reduceredundancy /Users/aholzer/ownCloud/PhD/Publications/2021 Liavero-Pasquina et al./analysis/TPP_aptamer_search/genomes/BUSCO/Bacillariophyta_sp_ASM1329908v1/run_stramenopiles_odb10/metaeuk_output/tmp/5563034539128871664/MetaEuk_calls /Users/aholzer/ownCloud/PhD/Publications/2021 Liavero-Pasquina et al./analysis/TPP_aptamer_search/genomes/BUSCO/Bacillariophyta_sp_ASM1329908v1/run_stramenopiles_odb10/metaeuk_output/tmp/5563034539128871664/MetaEuk_preds /Users/aholzer/ownCloud/PhD/Publications/2021 Liavero-Pasquina et al./analysis/TPP_aptamer_search/genomes/BUSCO/Bacillariophyta_sp_ASM1329908v1/run_stramenopiles_odb10/metaeuk_output/tmp/5563034539128871664/MetaEuk_preds_clust --overlap 1 --threads 1 --compressed 0 -v 3 

[=================================================================] 6.40K 0s 12ms
Time for merging to MetaEuk_preds_clust: 0h 0m 0s 1ms
Time for merging to MetaEuk_preds: 0h 0m 0s 1ms
Time for processing: 0h 0m 0s 24ms
unitesetstofasta /Users/aholzer/ownCloud/PhD/Publications/2021 Liavero-Pasquina et al./analysis/TPP_aptamer_search/genomes/BUSCO/Bacillariophyta_sp_ASM1329908v1/run_stramenopiles_odb10/metaeuk_output/tmp/5563034539128871664/contigs /Users/aholzer/ownCloud/PhD/Publications/2021 Liavero-Pasquina et al./analysis/TPP_aptamer_search/genomes/BUSCO/Bacillariophyta_sp_ASM1329908v1/run_stramenopiles_odb10/metaeuk_output/tmp/5563034539128871664/targets /Users/aholzer/ownCloud/PhD/Publications/2021 Liavero-Pasquina et al./analysis/TPP_aptamer_search/genomes/BUSCO/Bacillariophyta_sp_ASM1329908v1/run_stramenopiles_odb10/metaeuk_output/tmp/5563034539128871664/MetaEuk_preds /Users/aholzer/ownCloud/PhD/Publications/2021 Liavero-Pasquina et al./analysis/TPP_aptamer_search/genomes/BUSCO/Bacillariophyta_sp_ASM1329908v1/run_stramenopiles_odb10/metaeuk_output/initial_results/GCA_013299085.1_ASM1329908v1_genomic.fna --protein 0 --translation-table 1 --target-key 0 --threads 1 --compressed 0 -v 3 

[=================================================================] 6.40K 0s 10ms
Time for merging to GCA_013299085.1_ASM1329908v1_genomic.fna.fas: 0h 0m 0s 1ms
Time for merging to GCA_013299085.1_ASM1329908v1_genomic.fna.codon.fas: 0h 0m 0s 0ms
Time for merging to GCA_013299085.1_ASM1329908v1_genomic.fna.headersMap.tsv: 0h 0m 0s 0ms
Time for processing: 0h 0m 0s 24ms
easy-predict --threads 1 /Users/aholzer/ownCloud/PhD/Publications/2021 Liavero-Pasquina et al./analysis/TPP_aptamer_search/genomes/Bacillariophyta_sp_ASM1329908v1/GCA_013299085.1_ASM1329908v1_genomic.fna /Users/aholzer/ownCloud/PhD/Publications/2021 Liavero-Pasquina et al./analysis/TPP_aptamer_search/genomes/BUSCO/Bacillariophyta_sp_ASM1329908v1/run_stramenopiles_odb10/metaeuk_output/refseq_db_rerun.faa /Users/aholzer/ownCloud/PhD/Publications/2021 Liavero-Pasquina et al./analysis/TPP_aptamer_search/genomes/BUSCO/Bacillariophyta_sp_ASM1329908v1/run_stramenopiles_odb10/metaeuk_output/rerun_results/GCA_013299085.1_ASM1329908v1_genomic.fna /Users/aholzer/ownCloud/PhD/Publications/2021 Liavero-Pasquina et al./analysis/TPP_aptamer_search/genomes/BUSCO/Bacillariophyta_sp_ASM1329908v1/run_stramenopiles_odb10/metaeuk_output/tmp --max-intron 20000 --max-seq-len 30000 --min-exon-aa 5 --max-overlap 5 --min-intron 1 --overlap 1 -s 6 

MMseqs Version:                                             	4.a0f584d
Substitution matrix                                         	nucl:nucleotide.out,aa:blosum62.out
Add backtrace                                               	false
Alignment mode                                              	2
Allow wrapped scoring                                       	false
E-value threshold                                           	100
Seq. id. threshold                                          	0
Min alignment length                                        	0
Seq. id. mode                                               	0
Alternative alignments                                      	0
Coverage threshold                                          	0
Coverage mode                                               	0
Max sequence length                                         	30000
Compositional bias                                          	1
Max reject                                                  	2147483647
Max accept                                                  	2147483647
Include identical seq. id.                                  	false
Preload mode                                                	0
Pseudo count a                                              	1
Pseudo count b                                              	1.5
Score bias                                                  	0
Realign hits                                                	false
Realign score bias                                          	-0.2
Realign max seqs                                            	2147483647
Gap open cost                                               	nucl:5,aa:11
Gap extension cost                                          	nucl:2,aa:1
Zdrop                                                       	40
Threads                                                     	1
Compressed                                                  	0
Verbosity                                                   	3
Seed substitution matrix                                    	nucl:nucleotide.out,aa:VTML80.out
Sensitivity                                                 	6
k-mer length                                                	0
k-score                                                     	2147483647
Alphabet size                                               	nucl:5,aa:21
Max results per query                                       	300
Split database                                              	0
Split mode                                                  	2
Split memory limit                                          	0
Diagonal scoring                                            	true
Exact k-mer matching                                        	0
Mask residues                                               	1
Mask lower case residues                                    	0
Minimum diagonal score                                      	15
Spaced k-mers                                               	1
Spaced k-mer pattern                                        	
Local temporary path                                        	
Rescore mode                                                	0
Remove hits by seq. id. and coverage                        	false
Sort results                                                	0
Mask profile                                                	1
Profile E-value threshold                                   	0.001
Global sequence weighting                                   	false
Allow deletions                                             	false
Filter MSA                                                  	1
Maximum seq. id. threshold                                  	0.9
Minimum seq. id.                                            	0
Minimum score per column                                    	-20
Minimum coverage                                            	0
Select N most diverse seqs                                  	1000
Min codons in orf                                           	15
Max codons in length                                        	32734
Max orf gaps                                                	2147483647
Contig start mode                                           	2
Contig end mode                                             	2
Orf start mode                                              	1
Forward frames                                              	1,2,3
Reverse frames                                              	1,2,3
Translation table                                           	1
Translate orf                                               	0
Use all table starts                                        	false
Offset of numeric ids                                       	0
Create lookup                                               	0
Add orf stop                                                	false
Chain overlapping alignments                                	0
Merge query                                                 	1
Search type                                                 	0
Search iterations                                           	1
Start sensitivity                                           	4
Search steps                                                	1
Slice search mode                                           	false
Strand selection                                            	1
LCA search mode                                             	false
Disk space limit                                            	0
MPI runner                                                  	
Force restart with latest tmp                               	false
Remove temporary files                                      	false
maximal combined evalue of an optimal set                   	0.001
minimal length ratio between combined optimal set and target	0.5
Maximal intron length                                       	20000
Minimal intron length                                       	1
Minimal exon length aa                                      	5
Maximal overlap of exons                                    	5
Gap open penalty                                            	-1
Gap extend penalty                                          	-1
allow same-strand overlaps                                  	1
translate codons to AAs                                     	0
write target key instead of accession                       	0
Reverse AA Fragments                                        	0

createdb /Users/aholzer/ownCloud/PhD/Publications/2021 Liavero-Pasquina et al./analysis/TPP_aptamer_search/genomes/Bacillariophyta_sp_ASM1329908v1/GCA_013299085.1_ASM1329908v1_genomic.fna /Users/aholzer/ownCloud/PhD/Publications/2021 Liavero-Pasquina et al./analysis/TPP_aptamer_search/genomes/BUSCO/Bacillariophyta_sp_ASM1329908v1/run_stramenopiles_odb10/metaeuk_output/tmp/4249702019011226857/contigs --dbtype 2 --compressed 0 -v 3 

Converting sequences
[
Time for merging to contigs_h: 0h 0m 0s 20ms
Time for merging to contigs: 0h 0m 0s 130ms
Database type: Nucleotide
Time for processing: 0h 0m 0s 381ms
createdb /Users/aholzer/ownCloud/PhD/Publications/2021 Liavero-Pasquina et al./analysis/TPP_aptamer_search/genomes/BUSCO/Bacillariophyta_sp_ASM1329908v1/run_stramenopiles_odb10/metaeuk_output/refseq_db_rerun.faa /Users/aholzer/ownCloud/PhD/Publications/2021 Liavero-Pasquina et al./analysis/TPP_aptamer_search/genomes/BUSCO/Bacillariophyta_sp_ASM1329908v1/run_stramenopiles_odb10/metaeuk_output/tmp/4249702019011226857/targets --dbtype 1 --compressed 0 -v 3 

Converting sequences
[
Time for merging to targets_h: 0h 0m 0s 18ms
Time for merging to targets: 0h 0m 0s 18ms
Database type: Aminoacid
Time for processing: 0h 0m 0s 92ms
Tmp /Users/aholzer/ownCloud/PhD/Publications/2021 Liavero-Pasquina et al./analysis/TPP_aptamer_search/genomes/BUSCO/Bacillariophyta_sp_ASM1329908v1/run_stramenopiles_odb10/metaeuk_output/tmp/4249702019011226857/tmp_predict folder does not exist or is not a directory.
Create dir /Users/aholzer/ownCloud/PhD/Publications/2021 Liavero-Pasquina et al./analysis/TPP_aptamer_search/genomes/BUSCO/Bacillariophyta_sp_ASM1329908v1/run_stramenopiles_odb10/metaeuk_output/tmp/4249702019011226857/tmp_predict
predictexons /Users/aholzer/ownCloud/PhD/Publications/2021 Liavero-Pasquina et al./analysis/TPP_aptamer_search/genomes/BUSCO/Bacillariophyta_sp_ASM1329908v1/run_stramenopiles_odb10/metaeuk_output/tmp/4249702019011226857/contigs /Users/aholzer/ownCloud/PhD/Publications/2021 Liavero-Pasquina et al./analysis/TPP_aptamer_search/genomes/BUSCO/Bacillariophyta_sp_ASM1329908v1/run_stramenopiles_odb10/metaeuk_output/tmp/4249702019011226857/targets /Users/aholzer/ownCloud/PhD/Publications/2021 Liavero-Pasquina et al./analysis/TPP_aptamer_search/genomes/BUSCO/Bacillariophyta_sp_ASM1329908v1/run_stramenopiles_odb10/metaeuk_output/tmp/4249702019011226857/MetaEuk_calls /Users/aholzer/ownCloud/PhD/Publications/2021 Liavero-Pasquina et al./analysis/TPP_aptamer_search/genomes/BUSCO/Bacillariophyta_sp_ASM1329908v1/run_stramenopiles_odb10/metaeuk_output/tmp/4249702019011226857/tmp_predict --sub-mat nucl:nucleotide.out,aa:blosum62.out -a 0 --alignment-mode 2 --wrapped-scoring 0 -e 100 --min-seq-id 0 --min-aln-len 0 --seq-id-mode 0 --alt-ali 0 -c 0 --cov-mode 0 --max-seq-len 30000 --comp-bias-corr 1 --max-rejected 2147483647 --max-accept 2147483647 --add-self-matches 0 --db-load-mode 0 --pca 1 --pcb 1.5 --score-bias 0 --realign 0 --realign-score-bias -0.2 --realign-max-seqs 2147483647 --gap-open nucl:5,aa:11 --gap-extend nucl:2,aa:1 --zdrop 40 --threads 1 --compressed 0 -v 3 --seed-sub-mat nucl:nucleotide.out,aa:VTML80.out -s 6 -k 0 --k-score 2147483647 --alph-size nucl:5,aa:21 --max-seqs 300 --split 0 --split-mode 2 --split-memory-limit 0 --diag-score 1 --exact-kmer-matching 0 --mask 1 --mask-lower-case 0 --min-ungapped-score 15 --spaced-kmer-mode 1 --rescore-mode 0 --filter-hits 0 --sort-results 0 --mask-profile 1 --e-profile 0.001 --wg 0 --allow-deletion 0 --filter-msa 1 --max-seq-id 0.9 --qid 0 --qsc -20 --cov 0 --diff 1000 --min-length 15 --max-length 32734 --max-gaps 2147483647 --contig-start-mode 2 --contig-end-mode 2 --orf-start-mode 1 --forward-frames 1,2,3 --reverse-frames 1,2,3 --translation-table 1 --translate 0 --use-all-table-starts 0 --id-offset 0 --create-lookup 0 --add-orf-stop 0 --chain-alignments 0 --merge-query 1 --search-type 0 --num-iterations 1 --start-sens 4 --sens-steps 1 --slice-search 0 --strand 1 --orf-filter 0 --orf-filter-e 100 --orf-filter-s 2 --lca-search 0 --disk-space-limit 0 --force-reuse 0 --remove-tmp-files 0 --metaeuk-eval 0.001 --metaeuk-tcov 0.5 --max-intron 20000 --min-intron 1 --min-exon-aa 5 --max-overlap 5 --set-gap-open -1 --set-gap-extend -1 --reverse-fragments 0 

extractorfs /Users/aholzer/ownCloud/PhD/Publications/2021 Liavero-Pasquina et al./analysis/TPP_aptamer_search/genomes/BUSCO/Bacillariophyta_sp_ASM1329908v1/run_stramenopiles_odb10/metaeuk_output/tmp/4249702019011226857/contigs /Users/aholzer/ownCloud/PhD/Publications/2021 Liavero-Pasquina et al./analysis/TPP_aptamer_search/genomes/BUSCO/Bacillariophyta_sp_ASM1329908v1/run_stramenopiles_odb10/metaeuk_output/tmp/4249702019011226857/tmp_predict/4109581534763992269/nucl_6f --min-length 15 --max-length 32734 --max-gaps 2147483647 --contig-start-mode 2 --contig-end-mode 2 --orf-start-mode 1 --forward-frames 1,2,3 --reverse-frames 1,2,3 --translation-table 1 --translate 0 --use-all-table-starts 0 --id-offset 0 --create-lookup 0 --threads 1 --compressed 0 -v 3 

[=================================================================] 6.40K 2s 594ms
Time for merging to nucl_6f_h: 0h 0m 0s 344ms
Time for merging to nucl_6f: 0h 0m 0s 335ms
Time for processing: 0h 0m 4s 214ms
translatenucs /Users/aholzer/ownCloud/PhD/Publications/2021 Liavero-Pasquina et al./analysis/TPP_aptamer_search/genomes/BUSCO/Bacillariophyta_sp_ASM1329908v1/run_stramenopiles_odb10/metaeuk_output/tmp/4249702019011226857/tmp_predict/4109581534763992269/nucl_6f /Users/aholzer/ownCloud/PhD/Publications/2021 Liavero-Pasquina et al./analysis/TPP_aptamer_search/genomes/BUSCO/Bacillariophyta_sp_ASM1329908v1/run_stramenopiles_odb10/metaeuk_output/tmp/4249702019011226857/tmp_predict/4109581534763992269/aa_6f --translation-table 1 --add-orf-stop 0 -v 3 --compressed 0 --threads 1 

[=================================================================] 1.48M 1s 161ms
Time for merging to aa_6f: 0h 0m 0s 422ms
Time for processing: 0h 0m 1s 812ms
Tmp /Users/aholzer/ownCloud/PhD/Publications/2021 Liavero-Pasquina et al./analysis/TPP_aptamer_search/genomes/BUSCO/Bacillariophyta_sp_ASM1329908v1/run_stramenopiles_odb10/metaeuk_output/tmp/4249702019011226857/tmp_predict/4109581534763992269/tmp_search folder does not exist or is not a directory.
Create dir /Users/aholzer/ownCloud/PhD/Publications/2021 Liavero-Pasquina et al./analysis/TPP_aptamer_search/genomes/BUSCO/Bacillariophyta_sp_ASM1329908v1/run_stramenopiles_odb10/metaeuk_output/tmp/4249702019011226857/tmp_predict/4109581534763992269/tmp_search
search /Users/aholzer/ownCloud/PhD/Publications/2021 Liavero-Pasquina et al./analysis/TPP_aptamer_search/genomes/BUSCO/Bacillariophyta_sp_ASM1329908v1/run_stramenopiles_odb10/metaeuk_output/tmp/4249702019011226857/tmp_predict/4109581534763992269/aa_6f /Users/aholzer/ownCloud/PhD/Publications/2021 Liavero-Pasquina et al./analysis/TPP_aptamer_search/genomes/BUSCO/Bacillariophyta_sp_ASM1329908v1/run_stramenopiles_odb10/metaeuk_output/tmp/4249702019011226857/targets /Users/aholzer/ownCloud/PhD/Publications/2021 Liavero-Pasquina et al./analysis/TPP_aptamer_search/genomes/BUSCO/Bacillariophyta_sp_ASM1329908v1/run_stramenopiles_odb10/metaeuk_output/tmp/4249702019011226857/tmp_predict/4109581534763992269/search_res /Users/aholzer/ownCloud/PhD/Publications/2021 Liavero-Pasquina et al./analysis/TPP_aptamer_search/genomes/BUSCO/Bacillariophyta_sp_ASM1329908v1/run_stramenopiles_odb10/metaeuk_output/tmp/4249702019011226857/tmp_predict/4109581534763992269/tmp_search --sub-mat nucl:nucleotide.out,aa:blosum62.out -a 0 --alignment-mode 2 --wrapped-scoring 0 -e 100 --min-seq-id 0 --min-aln-len 5 --seq-id-mode 0 --alt-ali 0 -c 0 --cov-mode 0 --max-seq-len 30000 --comp-bias-corr 1 --max-rejected 2147483647 --max-accept 2147483647 --add-self-matches 0 --db-load-mode 0 --pca 1 --pcb 1.5 --score-bias 0 --realign 0 --realign-score-bias -0.2 --realign-max-seqs 2147483647 --gap-open nucl:5,aa:11 --gap-extend nucl:2,aa:1 --zdrop 40 --threads 1 --compressed 0 -v 3 --seed-sub-mat nucl:nucleotide.out,aa:VTML80.out -s 6 -k 0 --k-score 2147483647 --alph-size nucl:5,aa:21 --max-seqs 300 --split 0 --split-mode 2 --split-memory-limit 0 --diag-score 1 --exact-kmer-matching 0 --mask 1 --mask-lower-case 0 --min-ungapped-score 15 --spaced-kmer-mode 1 --rescore-mode 0 --filter-hits 0 --sort-results 0 --mask-profile 1 --e-profile 0.001 --wg 0 --allow-deletion 0 --filter-msa 1 --max-seq-id 0.9 --qid 0 --qsc -20 --cov 0 --diff 1000 --min-length 15 --max-length 32734 --max-gaps 2147483647 --contig-start-mode 2 --contig-end-mode 2 --orf-start-mode 1 --forward-frames 1,2,3 --reverse-frames 1,2,3 --translation-table 1 --translate 0 --use-all-table-starts 0 --id-offset 0 --create-lookup 0 --add-orf-stop 0 --chain-alignments 0 --merge-query 1 --search-type 0 --num-iterations 1 --start-sens 4 --sens-steps 1 --slice-search 0 --strand 1 --orf-filter 0 --orf-filter-e 100 --orf-filter-s 2 --lca-search 0 --disk-space-limit 0 --force-reuse 0 --remove-tmp-files 0 

prefilter /Users/aholzer/ownCloud/PhD/Publications/2021 Liavero-Pasquina et al./analysis/TPP_aptamer_search/genomes/BUSCO/Bacillariophyta_sp_ASM1329908v1/run_stramenopiles_odb10/metaeuk_output/tmp/4249702019011226857/tmp_predict/4109581534763992269/aa_6f /Users/aholzer/ownCloud/PhD/Publications/2021 Liavero-Pasquina et al./analysis/TPP_aptamer_search/genomes/BUSCO/Bacillariophyta_sp_ASM1329908v1/run_stramenopiles_odb10/metaeuk_output/tmp/4249702019011226857/targets /Users/aholzer/ownCloud/PhD/Publications/2021 Liavero-Pasquina et al./analysis/TPP_aptamer_search/genomes/BUSCO/Bacillariophyta_sp_ASM1329908v1/run_stramenopiles_odb10/metaeuk_output/tmp/4249702019011226857/tmp_predict/4109581534763992269/tmp_search/13063147939678001861/pref_0 --sub-mat nucl:nucleotide.out,aa:blosum62.out --seed-sub-mat nucl:nucleotide.out,aa:VTML80.out -k 0 --k-score 2147483647 --alph-size nucl:5,aa:21 --max-seq-len 30000 --max-seqs 300 --split 0 --split-mode 2 --split-memory-limit 0 -c 0 --cov-mode 0 --comp-bias-corr 1 --diag-score 1 --exact-kmer-matching 0 --mask 1 --mask-lower-case 0 --min-ungapped-score 15 --add-self-matches 0 --spaced-kmer-mode 1 --db-load-mode 0 --pca 1 --pcb 1.5 --threads 1 --compressed 0 -v 3 -s 6.0 

Query database size: 1477220 type: Aminoacid
Estimated memory consumption: 978M
Target database size: 110 type: Aminoacid
Index table k-mer threshold: 109 at k-mer size 6 
Index table: counting k-mers
[=================================================================] 110 0s 12ms
Index table: Masked residues: 1069
Index table: fill
[=================================================================] 110 0s 7ms
Index statistics
Entries:          39896
DB size:          488 MB
Avg k-mer size:   0.000623
Top 10 k-mers
    KGLRDA	11
    FVELND	11
    TGEAQG	11
    CNSGGK	11
    DLLVAL	11
    DCGYLL	11
    LVNGQL	11
    ALGDDQ	11
    DTRGEQ	11
    ACTRAV	11
Time for index table init: 0h 0m 0s 960ms
Process prefiltering step 1 of 1

k-mer similarity threshold: 109
Starting prefiltering scores calculation (step 1 of 1)
Query db start 1 to 1477220
Target db start 1 to 110
[=================================================================] 1.48M 15m 54s 454ms

359.361590 k-mers per position
7 DB matches per sequence
0 overflows
0 queries produce too many hits (truncated result)
0 sequences passed prefiltering per query sequence
0 median result list length
1413202 sequences with 0 size result lists
Time for merging to pref_0: 0h 0m 0s 298ms
Time for processing: 0h 15m 59s 121ms
align /Users/aholzer/ownCloud/PhD/Publications/2021 Liavero-Pasquina et al./analysis/TPP_aptamer_search/genomes/BUSCO/Bacillariophyta_sp_ASM1329908v1/run_stramenopiles_odb10/metaeuk_output/tmp/4249702019011226857/tmp_predict/4109581534763992269/aa_6f /Users/aholzer/ownCloud/PhD/Publications/2021 Liavero-Pasquina et al./analysis/TPP_aptamer_search/genomes/BUSCO/Bacillariophyta_sp_ASM1329908v1/run_stramenopiles_odb10/metaeuk_output/tmp/4249702019011226857/targets /Users/aholzer/ownCloud/PhD/Publications/2021 Liavero-Pasquina et al./analysis/TPP_aptamer_search/genomes/BUSCO/Bacillariophyta_sp_ASM1329908v1/run_stramenopiles_odb10/metaeuk_output/tmp/4249702019011226857/tmp_predict/4109581534763992269/tmp_search/13063147939678001861/pref_0 /Users/aholzer/ownCloud/PhD/Publications/2021 Liavero-Pasquina et al./analysis/TPP_aptamer_search/genomes/BUSCO/Bacillariophyta_sp_ASM1329908v1/run_stramenopiles_odb10/metaeuk_output/tmp/4249702019011226857/tmp_predict/4109581534763992269/search_res --sub-mat nucl:nucleotide.out,aa:blosum62.out -a 0 --alignment-mode 2 --wrapped-scoring 0 -e 100 --min-seq-id 0 --min-aln-len 5 --seq-id-mode 0 --alt-ali 0 -c 0 --cov-mode 0 --max-seq-len 30000 --comp-bias-corr 1 --max-rejected 2147483647 --max-accept 2147483647 --add-self-matches 0 --db-load-mode 0 --pca 1 --pcb 1.5 --score-bias 0 --realign 0 --realign-score-bias -0.2 --realign-max-seqs 2147483647 --gap-open nucl:5,aa:11 --gap-extend nucl:2,aa:1 --zdrop 40 --threads 1 --compressed 0 -v 3 

Compute score and coverage
Query database size: 1477220 type: Aminoacid
Target database size: 110 type: Aminoacid
Calculation of alignments
[=================================================================] 1.48M 4s 755ms
Time for merging to search_res: 0h 0m 0s 366ms
90863 alignments calculated
76950 sequence pairs passed the thresholds (0.846879 of overall calculated)
0.052091 hits per query sequence
Time for processing: 0h 0m 5s 346ms
resultspercontig /Users/aholzer/ownCloud/PhD/Publications/2021 Liavero-Pasquina et al./analysis/TPP_aptamer_search/genomes/BUSCO/Bacillariophyta_sp_ASM1329908v1/run_stramenopiles_odb10/metaeuk_output/tmp/4249702019011226857/contigs /Users/aholzer/ownCloud/PhD/Publications/2021 Liavero-Pasquina et al./analysis/TPP_aptamer_search/genomes/BUSCO/Bacillariophyta_sp_ASM1329908v1/run_stramenopiles_odb10/metaeuk_output/tmp/4249702019011226857/tmp_predict/4109581534763992269/nucl_6f /Users/aholzer/ownCloud/PhD/Publications/2021 Liavero-Pasquina et al./analysis/TPP_aptamer_search/genomes/BUSCO/Bacillariophyta_sp_ASM1329908v1/run_stramenopiles_odb10/metaeuk_output/tmp/4249702019011226857/tmp_predict/4109581534763992269/search_res /Users/aholzer/ownCloud/PhD/Publications/2021 Liavero-Pasquina et al./analysis/TPP_aptamer_search/genomes/BUSCO/Bacillariophyta_sp_ASM1329908v1/run_stramenopiles_odb10/metaeuk_output/tmp/4249702019011226857/tmp_predict/4109581534763992269/search_res_by_contig --threads 1 --compressed 0 -v 3 

Computing ORF lookup
Computing contig offsets
Computing contig lookup
Time for contig lookup: 0h 0m 0s 205ms
[=================================================================] 6.40K 0s 396ms
Time for merging to search_res_by_contig: 0h 0m 0s 3ms
Time for processing: 0h 0m 0s 844ms
collectoptimalset /Users/aholzer/ownCloud/PhD/Publications/2021 Liavero-Pasquina et al./analysis/TPP_aptamer_search/genomes/BUSCO/Bacillariophyta_sp_ASM1329908v1/run_stramenopiles_odb10/metaeuk_output/tmp/4249702019011226857/tmp_predict/4109581534763992269/search_res_by_contig /Users/aholzer/ownCloud/PhD/Publications/2021 Liavero-Pasquina et al./analysis/TPP_aptamer_search/genomes/BUSCO/Bacillariophyta_sp_ASM1329908v1/run_stramenopiles_odb10/metaeuk_output/tmp/4249702019011226857/targets /Users/aholzer/ownCloud/PhD/Publications/2021 Liavero-Pasquina et al./analysis/TPP_aptamer_search/genomes/BUSCO/Bacillariophyta_sp_ASM1329908v1/run_stramenopiles_odb10/metaeuk_output/tmp/4249702019011226857/tmp_predict/4109581534763992269/dp_predictions --metaeuk-eval 0.001 --metaeuk-tcov 0.5 --max-intron 20000 --min-intron 1 --min-exon-aa 5 --max-overlap 5 --set-gap-open -1 --set-gap-extend -1 --score-bias 0 --threads 1 --compressed 0 -v 3 

[=================================================================] 6.40K 0s 46ms
Time for merging to dp_predictions: 0h 0m 0s 2ms
Time for processing: 0h 0m 0s 56ms
mvdb /Users/aholzer/ownCloud/PhD/Publications/2021 Liavero-Pasquina et al./analysis/TPP_aptamer_search/genomes/BUSCO/Bacillariophyta_sp_ASM1329908v1/run_stramenopiles_odb10/metaeuk_output/tmp/4249702019011226857/tmp_predict/4109581534763992269/dp_predictions /Users/aholzer/ownCloud/PhD/Publications/2021 Liavero-Pasquina et al./analysis/TPP_aptamer_search/genomes/BUSCO/Bacillariophyta_sp_ASM1329908v1/run_stramenopiles_odb10/metaeuk_output/tmp/4249702019011226857/MetaEuk_calls 

Time for processing: 0h 0m 0s 3ms
reduceredundancy /Users/aholzer/ownCloud/PhD/Publications/2021 Liavero-Pasquina et al./analysis/TPP_aptamer_search/genomes/BUSCO/Bacillariophyta_sp_ASM1329908v1/run_stramenopiles_odb10/metaeuk_output/tmp/4249702019011226857/MetaEuk_calls /Users/aholzer/ownCloud/PhD/Publications/2021 Liavero-Pasquina et al./analysis/TPP_aptamer_search/genomes/BUSCO/Bacillariophyta_sp_ASM1329908v1/run_stramenopiles_odb10/metaeuk_output/tmp/4249702019011226857/MetaEuk_preds /Users/aholzer/ownCloud/PhD/Publications/2021 Liavero-Pasquina et al./analysis/TPP_aptamer_search/genomes/BUSCO/Bacillariophyta_sp_ASM1329908v1/run_stramenopiles_odb10/metaeuk_output/tmp/4249702019011226857/MetaEuk_preds_clust --overlap 1 --threads 1 --compressed 0 -v 3 

[=================================================================] 6.40K 0s 3ms
Time for merging to MetaEuk_preds_clust: 0h 0m 0s 2ms
Time for merging to MetaEuk_preds: 0h 0m 0s 2ms
Time for processing: 0h 0m 0s 15ms
unitesetstofasta /Users/aholzer/ownCloud/PhD/Publications/2021 Liavero-Pasquina et al./analysis/TPP_aptamer_search/genomes/BUSCO/Bacillariophyta_sp_ASM1329908v1/run_stramenopiles_odb10/metaeuk_output/tmp/4249702019011226857/contigs /Users/aholzer/ownCloud/PhD/Publications/2021 Liavero-Pasquina et al./analysis/TPP_aptamer_search/genomes/BUSCO/Bacillariophyta_sp_ASM1329908v1/run_stramenopiles_odb10/metaeuk_output/tmp/4249702019011226857/targets /Users/aholzer/ownCloud/PhD/Publications/2021 Liavero-Pasquina et al./analysis/TPP_aptamer_search/genomes/BUSCO/Bacillariophyta_sp_ASM1329908v1/run_stramenopiles_odb10/metaeuk_output/tmp/4249702019011226857/MetaEuk_preds /Users/aholzer/ownCloud/PhD/Publications/2021 Liavero-Pasquina et al./analysis/TPP_aptamer_search/genomes/BUSCO/Bacillariophyta_sp_ASM1329908v1/run_stramenopiles_odb10/metaeuk_output/rerun_results/GCA_013299085.1_ASM1329908v1_genomic.fna --protein 0 --translation-table 1 --target-key 0 --threads 1 --compressed 0 -v 3 

[=================================================================] 6.40K 0s 1ms
Time for merging to GCA_013299085.1_ASM1329908v1_genomic.fna.fas: 0h 0m 0s 1ms
Time for merging to GCA_013299085.1_ASM1329908v1_genomic.fna.codon.fas: 0h 0m 0s 1ms
Time for merging to GCA_013299085.1_ASM1329908v1_genomic.fna.headersMap.tsv: 0h 0m 0s 1ms
Time for processing: 0h 0m 0s 15ms
