#                                                                                  --- full sequence --- -------------- this domain -------------   hmm coord   ali coord   env coord
# target name              accession   tlen query name           accession   qlen   E-value  score  bias   #  of  c-Evalue  i-Evalue  score  bias  from    to  from    to  from    to  acc description of target
#      ------------------- ---------- ----- -------------------- ---------- ----- --------- ------ ----- --- --- --------- --------- ------ ----- ----- ----- ----- ----- ----- ----- ---- ---------------------
KV784380_1:442182-443949   -            484 8842at33634          -            343  4.5e-179  589.2   7.1   1   2   2.2e-17   2.3e-16   54.2   1.1     1    55    70   132    70   136 0.86 -
KV784380_1:442182-443949   -            484 8842at33634          -            343  4.5e-179  589.2   7.1   2   2  1.1e-164  1.2e-163  538.5   0.6    55   339   159   470   152   478 0.94 -
KV784378_1:269320-271096   -            486 8842at33634          -            343  4.6e-179  589.2   7.1   1   2   2.2e-17   2.3e-16   54.2   1.1     1    55    72   134    72   138 0.86 -
KV784378_1:269320-271096   -            486 8842at33634          -            343  4.6e-179  589.2   7.1   2   2  1.1e-164  1.2e-163  538.5   0.6    55   339   161   472   154   480 0.94 -
KV784373_1:387089-387943   -            285 8842at33634          -            343     4e-93  306.6   0.3   1   1   4.6e-94   4.9e-93  306.3   0.3    74   340     2   281     1   284 0.92 -
KV784417_1:190175-191029   -            285 8842at33634          -            343     4e-93  306.6   0.3   1   1   4.6e-94   4.9e-93  306.3   0.3    74   340     2   281     1   284 0.92 -
KV784371_1:1083220-1084329 -            312 8842at33634          -            343   4.6e-89  293.2   0.3   1   1   4.8e-90   5.1e-89  293.1   0.3    83   337    33   300     1   309 0.88 -
KV784383_1:9903-11012      -            312 8842at33634          -            343   4.6e-89  293.2   0.3   1   1   4.8e-90   5.1e-89  293.1   0.3    83   337    33   300     1   309 0.88 -
KV784353_1:1037898-1039161 -            340 8842at33634          -            343   5.9e-86  283.0   0.3   1   1   6.9e-87   7.3e-86  282.7   0.3    70   338    47   332    15   336 0.90 -
KV784357_1:2698142-2699011 -            290 8842at33634          -            343   1.1e-84  278.8   0.1   1   1   1.2e-85   1.3e-84  278.6   0.1    79   340    11   289     3   290 0.92 -
KV784432_1:65208-66077     -            290 8842at33634          -            343   1.1e-84  278.8   0.1   1   1   1.2e-85   1.3e-84  278.6   0.1    79   340    11   289     3   290 0.92 -
KV784353_1:1033201-1034286 -            314 8842at33634          -            343   8.4e-83  272.6   0.2   1   1   9.8e-84     1e-82  272.4   0.2    74   329    23   287    12   303 0.92 -
KV784448_1:9838-10533      -            232 8842at33634          -            343   1.7e-55  182.8   0.2   1   1     2e-56   2.1e-55  182.6   0.2   114   328     1   223     1   231 0.88 -
KV784382_1:223046-223795   -            250 8842at33634          -            343   2.7e-53  175.6   0.0   1   1   2.9e-54   3.1e-53  175.4   0.0   114   329     1   226     1   238 0.88 -
KV784354_1:2713910-2714671 -            254 8842at33634          -            343   2.4e-50  165.9   0.1   1   1   2.8e-51   2.9e-50  165.7   0.1   114   329     1   226     1   236 0.88 -
KV784361_1:2619882-2620574 -            231 8842at33634          -            343   4.2e-49  161.8   0.0   1   1   4.4e-50   4.7e-49  161.7   0.0   110   327     3   231     1   231 0.91 -
KV784363_1:1175856-1176548 -            231 8842at33634          -            343   4.2e-49  161.8   0.0   1   1   4.4e-50   4.7e-49  161.7   0.0   110   327     3   231     1   231 0.91 -
KV784360_1:1882300-1883022 -            241 8842at33634          -            343   1.9e-48  159.7   0.2   1   1   2.2e-49   2.3e-48  159.4   0.2   106   327     2   235     1   238 0.89 -
KV784396_1:264853-265575   -            241 8842at33634          -            343   1.9e-48  159.7   0.2   1   1   2.2e-49   2.3e-48  159.4   0.2   106   327     2   235     1   238 0.89 -
KV784353_1:2349450-2350130 -            227 8842at33634          -            343     4e-46  152.0   0.1   1   1   4.6e-47   4.8e-46  151.8   0.1   114   323     1   217     1   221 0.87 -
KV784437_1:148260-148907   -            216 8842at33634          -            343   7.5e-45  147.9   0.3   1   1   7.8e-46   8.2e-45  147.7   0.3   140   333     4   208     1   216 0.88 -
KV784361_1:2619078-2619749 -            224 8842at33634          -            343   2.2e-44  146.3   0.0   1   1   2.3e-45   2.5e-44  146.2   0.0   114   327     1   222     1   224 0.88 -
KV784363_1:1175052-1175723 -            224 8842at33634          -            343   2.2e-44  146.3   0.0   1   1   2.3e-45   2.5e-44  146.2   0.0   114   327     1   222     1   224 0.88 -
KV784365_1:1136164-1137204 -            220 8842at33634          -            343   1.2e-42  140.6   0.0   1   1   1.4e-43   1.5e-42  140.3   0.0   140   328     3   196     1   210 0.90 -
KV784395_1:440765-441532   -            256 8842at33634          -            343   4.1e-38  125.7   0.0   1   1   4.9e-39   5.1e-38  125.4   0.0   112   342     2   253     1   254 0.78 -
KV784389_1:395792-396511   -            240 8842at33634          -            343     1e-35  117.8   0.0   1   1   1.3e-36   1.3e-35  117.4   0.0    91   298     2   234     1   238 0.82 -
KV784360_1:1386306-1387025 -            240 8842at33634          -            343   1.2e-35  117.6   0.0   1   1   1.4e-36   1.5e-35  117.3   0.0    91   298     2   234     1   238 0.83 -
KV784359_1:1537389-1538283 -            266 8842at33634          -            343   1.3e-35  117.5   0.0   1   1   2.9e-36     3e-35  116.3   0.0   113   329     7   252     1   265 0.81 -
KV784401_1:70909-71805     -            261 8842at33634          -            343   2.2e-33  110.1   0.4   1   1   7.1e-34   7.5e-33  108.4   0.4   115   336     2   245     1   250 0.76 -
KV784358_1:2570914-2571594 -            227 8842at33634          -            343   1.5e-32  107.4   0.0   1   1   1.9e-33     2e-32  107.0   0.0   114   290     1   189     1   223 0.86 -
KV784358_1:2150988-2151608 -            207 8842at33634          -            343   2.1e-31  103.6   0.0   1   1   2.2e-32   2.3e-31  103.5   0.0   144   328    16   207     1   207 0.83 -
KV784434_1:170509-171216   -            236 8842at33634          -            343   7.1e-31  101.9   0.6   1   1   7.8e-32   8.1e-31  101.7   0.6   117   300     1   199     1   236 0.81 -
KV784401_1:153062-153697   -            212 8842at33634          -            343   1.1e-28   94.7   0.0   1   1   1.2e-29   1.3e-28   94.5   0.0   144   334     2   203     1   211 0.85 -
KV784355_1:1821510-1822271 -            254 8842at33634          -            343   9.1e-26   85.1   0.0   1   1   9.4e-27   9.8e-26   85.0   0.0   114   284     1   178     1   233 0.83 -
KV784363_1:1520938-1521747 -            270 8842at33634          -            343   6.3e-19   62.6   0.0   1   1   1.9e-19     2e-18   61.0   0.0   148   328    36   245    26   253 0.80 -
KV784355_1:3355039-3355905 -            289 8842at33634          -            343   1.5e-18   61.4   0.0   1   1   4.7e-19   4.9e-18   59.7   0.0   148   326    80   287    72   289 0.79 -
KV784391_1:82356-83006     -            217 8842at33634          -            343     2e-17   57.7   0.0   1   1   3.3e-18   3.4e-17   56.9   0.0   148   290     1   148     1   171 0.85 -
KV784356_1:610014-616611   -            229 8842at33634          -            343     3e-05   17.6   0.0   1   1   3.8e-06     4e-05   17.2   0.0   149   284     1   140     1   172 0.68 -
#
# Program:         hmmsearch
# Version:         3.1b2 (February 2015)
# Pipeline mode:   SEARCH
# Query file:      /Users/aholzer/ownCloud/PhD/Publications/2021 Liavero-Pasquina et al./analysis/TPP_aptamer_search/busco_downloads/lineages/stramenopiles_odb10/hmms/8842at33634.hmm
# Target file:     /Users/aholzer/ownCloud/PhD/Publications/2021 Liavero-Pasquina et al./analysis/TPP_aptamer_search/genomes/BUSCO/Fragilariopsis_cylindrus_Fracy1/run_stramenopiles_odb10/metaeuk_output/initial_results/GCA_001750085.1_Fracy1_genomic.fna.modified.fas
# Option settings: hmmsearch --domtblout /Users/aholzer/ownCloud/PhD/Publications/2021 Liavero-Pasquina et al./analysis/TPP_aptamer_search/genomes/BUSCO/Fragilariopsis_cylindrus_Fracy1/run_stramenopiles_odb10/hmmer_output/initial_run_results/8842at33634.out --cpu 1 /Users/aholzer/ownCloud/PhD/Publications/2021 Liavero-Pasquina et al./analysis/TPP_aptamer_search/busco_downloads/lineages/stramenopiles_odb10/hmms/8842at33634.hmm /Users/aholzer/ownCloud/PhD/Publications/2021 Liavero-Pasquina et al./analysis/TPP_aptamer_search/genomes/BUSCO/Fragilariopsis_cylindrus_Fracy1/run_stramenopiles_odb10/metaeuk_output/initial_results/GCA_001750085.1_Fracy1_genomic.fna.modified.fas 
# Current dir:     /Users/aholzer/ownCloud/PhD/Publications/2021 Liavero-Pasquina et al./analysis/TPP_aptamer_search
# Date:            Thu Apr 15 12:01:57 2021
# [ok]
