#                                                                                  --- full sequence --- -------------- this domain -------------   hmm coord   ali coord   env coord
# target name              accession   tlen query name           accession   qlen   E-value  score  bias   #  of  c-Evalue  i-Evalue  score  bias  from    to  from    to  from    to  acc description of target
#      ------------------- ---------- ----- -------------------- ---------- ----- --------- ------ ----- --- --- --------- --------- ------ ----- ----- ----- ----- ----- ----- ----- ---- ---------------------
CM000622_1:79542-80693     -            384 261328at2759         -            450   1.2e-40  134.1   4.0   1   3   7.3e-16   3.5e-15   50.2   1.0    74   207    13   159     5   168 0.83 -
CM000622_1:79542-80693     -            384 261328at2759         -            450   1.2e-40  134.1   4.0   2   3   5.1e-17   2.4e-16   54.0   0.0    58   205   166   319   163   321 0.86 -
CM000622_1:79542-80693     -            384 261328at2759         -            450   1.2e-40  134.1   4.0   3   3   4.3e-11   2.1e-10   34.4   0.1   151   223   307   381   304   384 0.92 -
CM000605_1:515282-516127   -            282 261328at2759         -            450   4.9e-38  125.5   9.5   1   2   9.4e-10   4.5e-09   30.0   0.0   155   206     1    52     1    66 0.94 -
CM000605_1:515282-516127   -            282 261328at2759         -            450   4.9e-38  125.5   9.5   2   2   3.1e-27   1.5e-26   87.6   7.1    55   222    78   276    70   280 0.81 -
CM000609_1:129329-129898   -            190 261328at2759         -            450   6.3e-30   98.8   2.0   1   3   0.00052    0.0025   11.1   0.0   153   187     8    42     3    51 0.64 -
CM000609_1:129329-129898   -            190 261328at2759         -            450   6.3e-30   98.8   2.0   2   3   1.7e-11   8.1e-11   35.8   0.0   148   221    51   125    43   126 0.93 -
CM000609_1:129329-129898   -            190 261328at2759         -            450   6.3e-30   98.8   2.0   3   3   3.8e-18   1.8e-17   57.7   1.9   128   203   111   190   109   190 0.90 -
CM000623_1:396327-397064   -            246 261328at2759         -            450   1.8e-28   93.9   0.1   1   3   7.5e-23   3.6e-22   73.2   0.1    92   197    14   123     8   128 0.92 -
CM000623_1:396327-397064   -            246 261328at2759         -            450   1.8e-28   93.9   0.1   2   3   0.00076    0.0037   10.5   0.0   161   198   130   173   124   187 0.77 -
CM000623_1:396327-397064   -            246 261328at2759         -            450   1.8e-28   93.9   0.1   3   3    0.0076     0.036    7.3   0.0   172   218   190   237   173   245 0.78 -
CM000617_1:111428-115198   -           1257 261328at2759         -            450   9.3e-27   88.3   1.2   1   2   1.6e-14   7.7e-14   45.7   0.0   105   205    13   119     8   124 0.85 -
CM000617_1:111428-115198   -           1257 261328at2759         -            450   9.3e-27   88.3   1.2   2   2   1.6e-11   7.9e-11   35.8   0.6    58   221   129   300   125   307 0.85 -
CP001141_1:785483-786106   -            208 261328at2759         -            450   2.3e-24   80.4  13.6   1   2   2.4e-14   1.1e-13   45.2   2.1    79   197     3   126     1   134 0.85 -
CP001141_1:785483-786106   -            208 261328at2759         -            450   2.3e-24   80.4  13.6   2   2   4.4e-15   2.1e-14   47.6   4.0    58   186    61   208    60   208 0.83 -
CM000609_1:824076-824837   -            254 261328at2759         -            450     4e-24   79.6   8.0   1   4    0.0029     0.014    8.6   0.1   176   204     4    32     1    43 0.87 -
CM000609_1:824076-824837   -            254 261328at2759         -            450     4e-24   79.6   8.0   2   4       0.7       3.4    0.8   0.0   170   187    55    72    33    78 0.71 -
CM000609_1:824076-824837   -            254 261328at2759         -            450     4e-24   79.6   8.0   3   4   4.5e-13   2.2e-12   41.0   0.9   120   204   100   188    90   192 0.86 -
CM000609_1:824076-824837   -            254 261328at2759         -            450     4e-24   79.6   8.0   4   4   9.3e-16   4.5e-15   49.8   1.1   132   222   154   249   151   254 0.88 -
CM000619_1:643367-644509   -            381 261328at2759         -            450     2e-22   74.0   5.0   1   3    0.0028     0.014    8.7   0.0   125   189    92   162    75   179 0.74 -
CM000619_1:643367-644509   -            381 261328at2759         -            450     2e-22   74.0   5.0   2   3   6.9e-19   3.3e-18   60.1   2.5    91   220   184   321   176   323 0.88 -
CM000619_1:643367-644509   -            381 261328at2759         -            450     2e-22   74.0   5.0   3   3      0.01     0.049    6.8   0.0    91   149   311   375   307   378 0.72 -
CM000612_1:659427-660188   -            254 261328at2759         -            450   7.9e-22   72.1   9.8   1   3   5.8e-13   2.8e-12   40.6   0.1   153   289     2   138     1   156 0.85 -
CM000612_1:659427-660188   -            254 261328at2759         -            450   7.9e-22   72.1   9.8   2   3    0.0001   0.00048   13.5   0.3   166   198   170   202   151   211 0.84 -
CM000612_1:659427-660188   -            254 261328at2759         -            450   7.9e-22   72.1   9.8   3   3   1.2e-06   5.9e-06   19.7   1.2   168   207   213   252   205   254 0.92 -
CM000617_1:300556-305313   -            315 261328at2759         -            450   2.8e-21   70.2   1.2   1   3    0.0035     0.017    8.4   0.1   128   191    20    93     5    98 0.76 -
CM000617_1:300556-305313   -            315 261328at2759         -            450   2.8e-21   70.2   1.2   2   3   6.3e-16   3.1e-15   50.4   0.0    73   208   113   255   100   257 0.84 -
CM000617_1:300556-305313   -            315 261328at2759         -            450   2.8e-21   70.2   1.2   3   3     2e-05   9.8e-05   15.7   0.0   153   201   242   290   238   314 0.92 -
CM000610_1:472787-474931   -            715 261328at2759         -            450   3.3e-21   70.0  10.0   1   4       1.4       6.6   -0.2   0.0   149   188   360   400   343   413 0.74 -
CM000610_1:472787-474931   -            715 261328at2759         -            450   3.3e-21   70.0  10.0   2   4   1.5e-07     7e-07   22.8   0.0   130   188   435   496   420   512 0.86 -
CM000610_1:472787-474931   -            715 261328at2759         -            450   3.3e-21   70.0  10.0   3   4   2.3e-10   1.1e-09   32.1   1.6    94   207   480   602   478   608 0.86 -
CM000610_1:472787-474931   -            715 261328at2759         -            450   3.3e-21   70.0  10.0   4   4   1.1e-07   5.3e-07   23.2   0.2    60   115   621   681   619   715 0.53 -
CM000615_1:628035-628832   -            266 261328at2759         -            450   2.8e-17   57.1   1.5   1   3     8e-10   3.9e-09   30.2   0.0   150   197    12    59     2    64 0.88 -
CM000615_1:628035-628832   -            266 261328at2759         -            450   2.8e-17   57.1   1.5   2   3    0.0014    0.0066    9.7   0.1   133   187    75   134    70   144 0.75 -
CM000615_1:628035-628832   -            266 261328at2759         -            450   2.8e-17   57.1   1.5   3   3   6.4e-05   0.00031   14.1   0.0    97   185   165   266   154   266 0.51 -
CM000630_1:51771-52718     -            316 261328at2759         -            450   5.1e-17   56.2   0.3   1   4   6.3e-06     3e-05   17.4   0.1   135   187    10    70     5    75 0.78 -
CM000630_1:51771-52718     -            316 261328at2759         -            450   5.1e-17   56.2   0.3   2   4     0.092      0.44    3.7   0.0   150   187   140   179   103   186 0.78 -
CM000630_1:51771-52718     -            316 261328at2759         -            450   5.1e-17   56.2   0.3   3   4   2.2e-08   1.1e-07   25.5   0.0   127   199   157   234   136   246 0.81 -
CM000630_1:51771-52718     -            316 261328at2759         -            450   5.1e-17   56.2   0.3   4   4    0.0027     0.013    8.7   0.0    94   149   249   314   238   316 0.70 -
CP001142_1:468260-582101   -            210 261328at2759         -            450   4.4e-16   53.1   0.0   1   2   4.5e-07   2.1e-06   21.2   0.0   149   201    47   100    21   104 0.85 -
CP001142_1:468260-582101   -            210 261328at2759         -            450   4.4e-16   53.1   0.0   2   2   1.8e-10   8.6e-10   32.4   0.0    79   184    97   210    93   210 0.83 -
CM000622_1:52555-53674     -            336 261328at2759         -            450   5.2e-16   52.9   0.0   1   3   5.8e-08   2.8e-07   24.1   0.0   154   213     5    64     2    65 0.97 -
CM000622_1:52555-53674     -            336 261328at2759         -            450   5.2e-16   52.9   0.0   2   3   0.00066    0.0032   10.7   0.0   171   198    64    91    63   111 0.82 -
CM000622_1:52555-53674     -            336 261328at2759         -            450   5.2e-16   52.9   0.0   3   3     3e-05   0.00014   15.2   0.0   142   216   171   249   160   264 0.75 -
CM000606_1:832361-962550   -            243 261328at2759         -            450   5.9e-16   52.7   2.7   1   2   3.7e-08   1.8e-07   24.7   1.6    76   186    56   176    14   182 0.67 -
CM000606_1:832361-962550   -            243 261328at2759         -            450   5.9e-16   52.7   2.7   2   2   1.8e-08   8.5e-08   25.8   0.0   137   188   165   220   163   241 0.89 -
CM000605_1:2458201-2458977 -            259 261328at2759         -            450   5.8e-15   49.4   6.2   1   3   0.00038    0.0018   11.5   0.2   165   199     2    37     1    41 0.83 -
CM000605_1:2458201-2458977 -            259 261328at2759         -            450   5.8e-15   49.4   6.2   2   3     2e-07   9.8e-07   22.3   0.1   161   223    53   118    49   123 0.84 -
CM000605_1:2458201-2458977 -            259 261328at2759         -            450   5.8e-15   49.4   6.2   3   3   6.7e-07   3.2e-06   20.6   0.3    57   193   108   257   105   259 0.76 -
CM000605_1:633484-722243   -            273 261328at2759         -            450   6.3e-15   49.3   0.8   1   2   1.1e-12   5.1e-12   39.7   0.1   104   203    14   121     3   130 0.81 -
CM000605_1:633484-722243   -            273 261328at2759         -            450   6.3e-15   49.3   0.8   2   2    0.0035     0.017    8.3   0.1   155   202   175   223   154   245 0.86 -
CM000617_1:653192-654010   -            273 261328at2759         -            450   9.2e-15   48.8   0.0   1   4     0.005     0.024    7.9   0.0   152   190    16    54    12    66 0.88 -
CM000617_1:653192-654010   -            273 261328at2759         -            450   9.2e-15   48.8   0.0   2   4     0.062       0.3    4.3   0.0   131   202    74   152    70   153 0.74 -
CM000617_1:653192-654010   -            273 261328at2759         -            450   9.2e-15   48.8   0.0   3   4      0.32       1.5    1.9   0.0   158   198   156   198   150   204 0.84 -
CM000617_1:653192-654010   -            273 261328at2759         -            450   9.2e-15   48.8   0.0   4   4   3.8e-10   1.8e-09   31.3   0.0   101   186   179   272   167   273 0.78 -
CM000619_1:286143-288407   -            715 261328at2759         -            450   1.7e-14   47.9   7.2   1   4      0.01     0.049    6.8   0.0   154   196   115   157   111   164 0.88 -
CM000619_1:286143-288407   -            715 261328at2759         -            450   1.7e-14   47.9   7.2   2   4   1.5e-06   7.3e-06   19.4   0.4   129   236   276   384   260   446 0.70 -
CM000619_1:286143-288407   -            715 261328at2759         -            450   1.7e-14   47.9   7.2   3   4       1.1       5.4    0.1   0.0     8    40   535   567   528   577 0.87 -
CM000619_1:286143-288407   -            715 261328at2759         -            450   1.7e-14   47.9   7.2   4   4   6.6e-06   3.2e-05   17.4   1.0    84   190   586   709   580   713 0.70 -
CM000622_1:578568-578981   -            138 261328at2759         -            450   2.9e-13   43.8   1.0   1   2   5.8e-08   2.8e-07   24.1   0.2   151   199    14    64    11    74 0.89 -
CM000622_1:578568-578981   -            138 261328at2759         -            450   2.9e-13   43.8   1.0   2   2   4.7e-06   2.3e-05   17.8   0.1   133   187    77   137    74   138 0.72 -
CM000606_1:776464-777186   -            241 261328at2759         -            450   2.9e-13   43.8   1.4   1   3   1.1e-06   5.4e-06   19.9   0.1   126   193    31   114    10   125 0.78 -
CM000606_1:776464-777186   -            241 261328at2759         -            450   2.9e-13   43.8   1.4   2   3   1.9e-06   9.2e-06   19.1   0.0   130   196   139   209   115   215 0.74 -
CM000606_1:776464-777186   -            241 261328at2759         -            450   2.9e-13   43.8   1.4   3   3       1.5       7.4   -0.3   0.0   162   185   218   241   214   241 0.84 -
CM000615_1:475035-475595   -            187 261328at2759         -            450   3.4e-13   43.6   0.4   1   1   1.4e-12   6.7e-12   39.3   0.4    30   196     2   150     1   187 0.50 -
CM000616_1:784787-785587   -            267 261328at2759         -            450   4.3e-13   43.3   0.0   1   3       1.3       6.2   -0.1   0.0    77   118     8    51     3    55 0.72 -
CM000616_1:784787-785587   -            267 261328at2759         -            450   4.3e-13   43.3   0.0   2   3   9.3e-13   4.5e-12   39.9   0.0    76   195    50   178    43   181 0.80 -
CM000616_1:784787-785587   -            267 261328at2759         -            450   4.3e-13   43.3   0.0   3   3       1.6       7.8   -0.4   0.0   261   292   203   234   199   263 0.76 -
CM000616_1:523441-524241   -            267 261328at2759         -            450   4.6e-13   43.2   1.5   1   3   1.5e-07   7.4e-07   22.7   0.0   149   198    23    72     1    76 0.76 -
CM000616_1:523441-524241   -            267 261328at2759         -            450   4.6e-13   43.2   1.5   2   3      0.43       2.1    1.5   0.0   168   200    90   122    83   128 0.93 -
CM000616_1:523441-524241   -            267 261328at2759         -            450   4.6e-13   43.2   1.5   3   3   0.00017    0.0008   12.7   0.3    91   167   156   255   150   267 0.59 -
CM000606_1:963548-963916   -            123 261328at2759         -            450   1.1e-11   38.7   2.3   1   2   5.8e-12   2.8e-11   37.3   0.5   133   206    14    93     3   103 0.83 -
CM000606_1:963548-963916   -            123 261328at2759         -            450   1.1e-11   38.7   2.3   2   2      0.61         3    1.0   0.1   173   186   110   123   106   123 0.65 -
CM000606_1:42436-43278     -            281 261328at2759         -            450   1.9e-11   37.9   1.2   1   4   8.7e-11   4.2e-10   33.4   0.1    97   192     3   108     1   120 0.83 -
CM000606_1:42436-43278     -            281 261328at2759         -            450   1.9e-11   37.9   1.2   2   4       1.2       5.7    0.0   0.0   122   148   149   175   137   202 0.64 -
CM000606_1:42436-43278     -            281 261328at2759         -            450   1.9e-11   37.9   1.2   3   4      0.93       4.5    0.4   0.0    79   116   208   247   183   253 0.79 -
CM000606_1:42436-43278     -            281 261328at2759         -            450   1.9e-11   37.9   1.2   4   4         4        19   -1.7   0.0   158   180   257   278   247   280 0.80 -
CM000605_1:556980-557777   -            266 261328at2759         -            450   4.2e-11   36.7   0.0   1   3    0.0034     0.016    8.4   0.0   165   189     6    30     2    48 0.83 -
CM000605_1:556980-557777   -            266 261328at2759         -            450   4.2e-11   36.7   0.0   2   3   7.2e-09   3.4e-08   27.1   0.0    57   148    13   111    12   115 0.84 -
CM000605_1:556980-557777   -            266 261328at2759         -            450   4.2e-11   36.7   0.0   3   3     0.086      0.42    3.8   0.0   161   196   179   214   154   240 0.60 -
CM000605_1:1198877-1311030 -            618 261328at2759         -            450     1e-10   35.4   4.0   1   2   0.00015   0.00074   12.8   0.1   135   186    42    92    10    96 0.87 -
CM000605_1:1198877-1311030 -            618 261328at2759         -            450     1e-10   35.4   4.0   2   2   2.9e-07   1.4e-06   21.8   0.6   151   228   122   210   119   219 0.74 -
CM000612_1:9345-9692       -            116 261328at2759         -            450   3.9e-10   33.5   0.0   1   1   8.9e-11   4.3e-10   33.4   0.0    91   187    11   113     3   116 0.86 -
CM000610_1:600610-601230   -            207 261328at2759         -            450   7.6e-10   32.6   7.3   1   3     0.061      0.29    4.3   0.1   157   187     3    34     1    38 0.61 -
CM000610_1:600610-601230   -            207 261328at2759         -            450   7.6e-10   32.6   7.3   2   3   8.9e-08   4.3e-07   23.5   0.8   150   211    56   122    49   135 0.78 -
CM000610_1:600610-601230   -            207 261328at2759         -            450   7.6e-10   32.6   7.3   3   3    0.0037     0.018    8.3   0.1   141   191   128   188   117   198 0.72 -
CM000606_1:751043-850806   -            248 261328at2759         -            450   9.9e-10   32.2   5.5   1   2   0.00042     0.002   11.4   0.2   169   197    74   102     3   114 0.83 -
CM000606_1:751043-850806   -            248 261328at2759         -            450   9.9e-10   32.2   5.5   2   2   8.6e-10   4.1e-09   30.1   4.5    94   207    77   206    71   243 0.72 -
CM000609_1:951538-952416   -            293 261328at2759         -            450   1.1e-09   32.0   0.2   1   2   0.00092    0.0044   10.3   0.0   155   189    72   106    41   124 0.89 -
CM000609_1:951538-952416   -            293 261328at2759         -            450   1.1e-09   32.0   0.2   2   2   9.6e-07   4.6e-06   20.1   0.1   134   185   238   293   174   293 0.81 -
CP001142_1:788251-789066   -            272 261328at2759         -            450   1.2e-09   32.0   2.0   1   3     0.065      0.31    4.2   0.0   155   190     3    38     1    43 0.87 -
CP001142_1:788251-789066   -            272 261328at2759         -            450   1.2e-09   32.0   2.0   2   3     6e-07   2.9e-06   20.8   0.1    61   190    82   227    71   246 0.75 -
CP001142_1:788251-789066   -            272 261328at2759         -            450   1.2e-09   32.0   2.0   3   3     0.026      0.13    5.5   0.0    55    74   251   270   233   272 0.57 -
CP001141_1:385384-386127   -            248 261328at2759         -            450   1.3e-09   31.8   0.0   1   1   3.8e-10   1.8e-09   31.3   0.0   140   238    62   163    51   182 0.81 -
CP001142_1:1353119-1353934 -            272 261328at2759         -            450   1.5e-09   31.6   0.3   1   3     0.002    0.0096    9.2   0.0   131   188    28    89    23   108 0.83 -
CP001142_1:1353119-1353934 -            272 261328at2759         -            450   1.5e-09   31.6   0.3   2   3    0.0083      0.04    7.1   0.0    78   148   106   175   101   183 0.82 -
CP001142_1:1353119-1353934 -            272 261328at2759         -            450   1.5e-09   31.6   0.3   3   3   0.00027    0.0013   12.0   0.0   150   199   219   270   216   272 0.80 -
CM000606_1:190842-191651   -            270 261328at2759         -            450     2e-09   31.2   1.6   1   2     0.073      0.35    4.0   0.1   172   186   159   173   133   185 0.78 -
CM000606_1:190842-191651   -            270 261328at2759         -            450     2e-09   31.2   1.6   2   2   1.1e-08   5.2e-08   26.5   0.2   154   222   194   263   188   266 0.91 -
CM000614_1:510472-524773   -            279 261328at2759         -            450   2.1e-09   31.1   0.4   1   3   0.00066    0.0032   10.8   0.0   107   188    51    97    36   113 0.57 -
CM000614_1:510472-524773   -            279 261328at2759         -            450   2.1e-09   31.1   0.4   2   3   6.2e-05    0.0003   14.1   0.0   161   191   156   186   147   197 0.84 -
CM000614_1:510472-524773   -            279 261328at2759         -            450   2.1e-09   31.1   0.4   3   3      0.16      0.76    2.9   0.0   152   185   246   279   242   279 0.92 -
CM000605_1:1500558-1554803 -            294 261328at2759         -            450   2.3e-09   31.0   3.7   1   2   3.6e-06   1.7e-05   18.2   0.1   150   186   174   210   119   236 0.78 -
CM000605_1:1500558-1554803 -            294 261328at2759         -            450   2.3e-09   31.0   3.7   2   2   0.00029    0.0014   11.9   1.0   156   206   237   289   229   292 0.88 -
CM000617_1:167935-168606   -            224 261328at2759         -            450   3.5e-09   30.4   0.2   1   3   0.00066    0.0032   10.7   0.0   156   190    81   117    78   125 0.85 -
CM000617_1:167935-168606   -            224 261328at2759         -            450   3.5e-09   30.4   0.2   2   3    0.0032     0.016    8.5   0.0   155   190   126   161   119   172 0.80 -
CM000617_1:167935-168606   -            224 261328at2759         -            450   3.5e-09   30.4   0.2   3   3    0.0056     0.027    7.7   0.0   155   185   192   224   189   224 0.87 -
CM000610_1:94065-167656    -            170 261328at2759         -            450   3.8e-09   30.3   1.8   1   2   6.4e-05   0.00031   14.1   0.2   149   213    28    93     8   113 0.82 -
CM000610_1:94065-167656    -            170 261328at2759         -            450   3.8e-09   30.3   1.8   2   2   1.6e-05   7.9e-05   16.0   0.1   155   188   133   169   118   170 0.89 -
CM000606_1:831507-831857   -            117 261328at2759         -            450   6.4e-09   29.5   0.6   1   2   6.5e-08   3.1e-07   24.0   0.2   155   207     1    56     1    61 0.83 -
CM000606_1:831507-831857   -            117 261328at2759         -            450   6.4e-09   29.5   0.6   2   2     0.015     0.073    6.3   0.1   158   190    49    83    44    95 0.73 -
CP001142_1:468512-468730   -             73 261328at2759         -            450   1.4e-08   28.4   0.0   1   1   3.2e-09   1.5e-08   28.3   0.0   156   224     1    70     1    73 0.95 -
CM000615_1:604740-605447   -            236 261328at2759         -            450   1.9e-08   28.0   0.0   1   2   3.1e-08   1.5e-07   25.0   0.0   151   197     3    49     1    55 0.93 -
CM000615_1:604740-605447   -            236 261328at2759         -            450   1.9e-08   28.0   0.0   2   2      0.92       4.4    0.4   0.0   172   209   183   220   174   236 0.52 -
CP001142_1:632859-633797   -            313 261328at2759         -            450   2.6e-08   27.5   0.4   1   2   0.00022    0.0011   12.3   0.0   152   192    23    64     2    76 0.78 -
CP001142_1:632859-633797   -            313 261328at2759         -            450   2.6e-08   27.5   0.4   2   2   0.00023    0.0011   12.3   0.1   154   197   180   223   162   252 0.87 -
CM000618_1:663316-663741   -            142 261328at2759         -            450   3.3e-08   27.2   0.5   1   2   7.5e-06   3.6e-05   17.2   0.0   133   189     7    66     3    83 0.76 -
CM000618_1:663316-663741   -            142 261328at2759         -            450   3.3e-08   27.2   0.5   2   2    0.0026     0.012    8.8   0.2   169   205    90   127    70   131 0.77 -
CM000623_1:547169-551944   -           1592 261328at2759         -            450   4.7e-08   26.7   6.8   1   4   8.7e-05   0.00042   13.7   0.1   155   190  1155  1190  1148  1204 0.88 -
CM000623_1:547169-551944   -           1592 261328at2759         -            450   4.7e-08   26.7   6.8   2   4       0.1       0.5    3.5   0.1   264   289  1328  1353  1213  1365 0.68 -
CM000623_1:547169-551944   -           1592 261328at2759         -            450   4.7e-08   26.7   6.8   3   4      0.52       2.5    1.2   0.0   171   189  1485  1503  1461  1515 0.68 -
CM000623_1:547169-551944   -           1592 261328at2759         -            450   4.7e-08   26.7   6.8   4   4    0.0039     0.019    8.2   0.4   157   185  1564  1591  1557  1592 0.79 -
CM000621_1:352825-353388   -            188 261328at2759         -            450   1.5e-07   25.0   0.0   1   1   4.5e-08   2.2e-07   24.5   0.0   132   193    21    87    13    96 0.85 -
DS999280_1:13683-15326     -            548 261328at2759         -            450   1.7e-07   24.8   0.1   1   3   0.00035    0.0017   11.7   0.0    92   193   258   363   247   372 0.81 -
DS999280_1:13683-15326     -            548 261328at2759         -            450   1.7e-07   24.8   0.1   2   3       0.6       2.9    1.0   0.0   165   198   381   414   371   418 0.83 -
DS999280_1:13683-15326     -            548 261328at2759         -            450   1.7e-07   24.8   0.1   3   3    0.0039     0.019    8.2   0.0    80   125   427   473   421   496 0.79 -
CM000606_1:353114-353341   -             76 261328at2759         -            450     2e-07   24.6   1.8   1   2   8.2e-05   0.00039   13.7   0.3   163   196    10    44     1    52 0.70 -
CM000606_1:353114-353341   -             76 261328at2759         -            450     2e-07   24.6   1.8   2   2   0.00077    0.0037   10.5   0.1   166   187    55    76    47    76 0.81 -
CM000612_1:10050-10865     -            272 261328at2759         -            450   2.4e-07   24.3   0.0   1   1   6.6e-08   3.2e-07   23.9   0.0   156   260     1   105     1   117 0.78 -
CM000605_1:1414333-1415076 -            248 261328at2759         -            450     3e-07   24.0   8.9   1   3   1.2e-05   5.9e-05   16.5   0.6   156   189    23    57    10    66 0.84 -
CM000605_1:1414333-1415076 -            248 261328at2759         -            450     3e-07   24.0   8.9   2   3     0.011     0.053    6.7   0.1    71   115    65   111    60   119 0.82 -
CM000605_1:1414333-1415076 -            248 261328at2759         -            450     3e-07   24.0   8.9   3   3     0.051      0.25    4.5   0.3    29    72   137   195   130   199 0.45 -
CM000619_1:447150-447644   -            165 261328at2759         -            450   3.6e-07   23.8   0.0   1   1   1.1e-07   5.2e-07   23.2   0.0   148   241    11   110     1   119 0.76 -
CM000605_1:2437626-2438072 -            149 261328at2759         -            450   3.8e-07   23.7   0.5   1   2    0.0077     0.037    7.2   0.1    58    73    19    34    11    42 0.64 -
CM000605_1:2437626-2438072 -            149 261328at2759         -            450   3.8e-07   23.7   0.5   2   2   4.5e-05   0.00021   14.6   0.0    74   150    55   138    46   147 0.71 -
CM000614_1:789236-789769   -            178 261328at2759         -            450   6.5e-07   22.9   0.1   1   2      0.36       1.7    1.7   0.0   157   180    31    54     1    73 0.86 -
CM000614_1:789236-789769   -            178 261328at2759         -            450   6.5e-07   22.9   0.1   2   2   1.4e-06   6.7e-06   19.6   0.0   153   191   136   175   121   178 0.89 -
CM000629_1:210523-210825   -            101 261328at2759         -            450   6.5e-07   22.9   0.0   1   2   2.8e-06   1.3e-05   18.6   0.0   156   197     1    42     1    55 0.90 -
CM000629_1:210523-210825   -            101 261328at2759         -            450   6.5e-07   22.9   0.0   2   2      0.19      0.92    2.6   0.0    17    50    67    96    55    98 0.72 -
CM000630_1:327312-328145   -            278 261328at2759         -            450   2.9e-06   20.7   0.4   1   2   1.4e-06   6.8e-06   19.6   0.1   167   203     4    40     1    47 0.90 -
CM000630_1:327312-328145   -            278 261328at2759         -            450   2.9e-06   20.7   0.4   2   2         4        19   -1.7   0.0   166   189   241   264   209   277 0.55 -
CM000606_1:1257860-1259686 -            609 261328at2759         -            450   3.1e-06   20.7   0.8   1   3   0.00041     0.002   11.4   0.1   162   190   189   217   151   235 0.89 -
CM000606_1:1257860-1259686 -            609 261328at2759         -            450   3.1e-06   20.7   0.8   2   3      0.18      0.87    2.7   0.0   172   188   257   273   222   285 0.61 -
CM000606_1:1257860-1259686 -            609 261328at2759         -            450   3.1e-06   20.7   0.8   3   3      0.12       0.6    3.3   0.0    65   143   326   423   320   437 0.66 -
CM000624_1:530740-531567   -            276 261328at2759         -            450   3.7e-06   20.4   0.1   1   3      0.98       4.7    0.3   0.0    16    44    14    42     4    57 0.63 -
CM000624_1:530740-531567   -            276 261328at2759         -            450   3.7e-06   20.4   0.1   2   3    0.0077     0.037    7.2   0.1   149   192   102   146    93   158 0.80 -
CM000624_1:530740-531567   -            276 261328at2759         -            450   3.7e-06   20.4   0.1   3   3    0.0023     0.011    9.0   0.0   151   191   205   247   162   270 0.80 -
DS999284_1:24447-24713     -             89 261328at2759         -            450   4.6e-06   20.1   0.0   1   1   3.5e-06   1.7e-05   18.2   0.0   130   188    15    83     2    88 0.64 -
CM000605_1:2315514-2315822 -            103 261328at2759         -            450   7.1e-06   19.5   0.3   1   1   1.9e-06   9.1e-06   19.1   0.3   150   196    48    94     9    99 0.81 -
CM000605_1:214449-218147   -           1233 261328at2759         -            450   8.3e-06   19.3   0.0   1   2       2.6        12   -1.1   0.0   131   151   507   527   505   531 0.81 -
CM000605_1:214449-218147   -           1233 261328at2759         -            450   8.3e-06   19.3   0.0   2   2   2.5e-05   0.00012   15.4   0.0   150   196   803   849   721   859 0.63 -
CM000616_1:366784-453632   -            235 261328at2759         -            450   1.8e-05   18.1   0.1   1   1   7.4e-06   3.6e-05   17.2   0.0    91   150    86   147    81   155 0.82 -
CM000614_1:170164-170640   -            159 261328at2759         -            450     2e-05   18.0   0.8   1   1   1.1e-05   5.2e-05   16.6   0.8    91   193    13   130     3   135 0.66 -
CP001141_1:85731-86249     -            173 261328at2759         -            450   2.1e-05   17.9   2.5   1   2    0.0005    0.0024   11.1   0.1   161   201     9    49     3    61 0.76 -
CP001141_1:85731-86249     -            173 261328at2759         -            450   2.1e-05   17.9   2.5   2   2   9.6e-05   0.00046   13.5   0.2    58   116    21    87    16   134 0.60 -
CP001142_1:469184-469810   -            209 261328at2759         -            450   2.2e-05   17.9   1.3   1   2      0.58       2.8    1.1   0.0   101   173    23   100     8   129 0.54 -
CP001142_1:469184-469810   -            209 261328at2759         -            450   2.2e-05   17.9   1.3   2   2   2.3e-05   0.00011   15.6   0.5   154   203   130   181   125   206 0.79 -
CM000608_1:287714-288514   -            267 261328at2759         -            450     9e-05   15.9   2.9   1   2   3.5e-05   0.00017   15.0   2.1   155   257    21   126    13   140 0.65 -
CM000608_1:287714-288514   -            267 261328at2759         -            450     9e-05   15.9   2.9   2   2       3.1        15   -1.4   0.0    26    49   150   173   143   185 0.72 -
CM000627_1:130773-131474   -            234 261328at2759         -            450   0.00011   15.5   0.3   1   3     0.015     0.072    6.3   0.0   156   190     1    35     1    42 0.90 -
CM000627_1:130773-131474   -            234 261328at2759         -            450   0.00011   15.5   0.3   2   3     0.025      0.12    5.6   0.0   152   191    64   103    40   110 0.76 -
CM000627_1:130773-131474   -            234 261328at2759         -            450   0.00011   15.5   0.3   3   3       1.1       5.5    0.1   0.0    88   145   124   179   120   208 0.68 -
CP001142_1:504617-545392   -            202 261328at2759         -            450   0.00012   15.4   0.9   1   4       6.7        32   -2.4   0.0    27    40     2    15     1    21 0.74 -
CP001142_1:504617-545392   -            202 261328at2759         -            450   0.00012   15.4   0.9   2   4       1.1       5.4    0.1   0.0    90   113    54    79    35    96 0.55 -
CP001142_1:504617-545392   -            202 261328at2759         -            450   0.00012   15.4   0.9   3   4      0.11      0.53    3.4   0.0   155   187   100   132    86   146 0.86 -
CP001142_1:504617-545392   -            202 261328at2759         -            450   0.00012   15.4   0.9   4   4     0.004     0.019    8.2   0.1    97   146   148   199   140   201 0.82 -
CM000610_1:507987-508265   -             93 261328at2759         -            450   0.00024   14.4   0.0   1   1     5e-05   0.00024   14.4   0.0   133   189    24    88     5    93 0.84 -
CM000606_1:1170618-1171565 -            316 261328at2759         -            450   0.00055   13.3   0.0   1   2     0.064      0.31    4.2   0.0    81   132     6    58     3    73 0.80 -
CM000606_1:1170618-1171565 -            316 261328at2759         -            450   0.00055   13.3   0.0   2   2     0.012     0.057    6.6   0.0    78   111   118   154   112   171 0.79 -
CM000606_1:445772-635176   -             92 261328at2759         -            450   0.00078   12.8   0.0   1   1   0.00018   0.00088   12.6   0.0   153   188    58    91    14    92 0.73 -
CM000605_1:793536-895866   -            149 261328at2759         -            450    0.0014   12.0   0.0   1   2     0.012     0.057    6.6   0.0   164   207    28    71    22    76 0.92 -
CM000605_1:793536-895866   -            149 261328at2759         -            450    0.0014   12.0   0.0   2   2     0.085      0.41    3.8   0.0    91   130    76   114    72   139 0.65 -
CM000615_1:161737-162387   -            217 261328at2759         -            450    0.0018   11.6   0.0   1   2     0.025      0.12    5.5   0.0    95   111    73    89    60   102 0.64 -
CM000615_1:161737-162387   -            217 261328at2759         -            450    0.0018   11.6   0.0   2   2     0.072      0.34    4.0   0.0   266   288   174   196   155   205 0.64 -
CM000615_1:574874-575632   -            253 261328at2759         -            450     0.004   10.4   0.0   1   1     0.003     0.015    8.6   0.0    92   190   121   232   112   242 0.68 -
CM000610_1:530318-530704   -            129 261328at2759         -            450    0.0049   10.1   0.0   1   2     0.002    0.0097    9.2   0.0   168   197    41    70    10    80 0.87 -
CM000610_1:530318-530704   -            129 261328at2759         -            450    0.0049   10.1   0.0   2   2         5        24   -2.0   0.0   273   294   100   121    91   125 0.77 -
CM000606_1:1393570-1394325 -            252 261328at2759         -            450      0.01    9.0   3.5   1   2       1.3       6.4   -0.1   0.0   171   206    24    59     5    69 0.62 -
CM000606_1:1393570-1394325 -            252 261328at2759         -            450      0.01    9.0   3.5   2   2    0.0039     0.019    8.2   0.6   164   188    73    97    66   108 0.73 -
#
# Program:         hmmsearch
# Version:         3.1b2 (February 2015)
# Pipeline mode:   SEARCH
# Query file:      /Users/aholzer/ownCloud/PhD/Publications/2021 Liavero-Pasquina et al./analysis/TPP_aptamer_search/busco_downloads/lineages/eukaryota_odb10/hmms/261328at2759.hmm
# Target file:     /Users/aholzer/ownCloud/PhD/Publications/2021 Liavero-Pasquina et al./analysis/TPP_aptamer_search/genomes/BUSCO_eukaryota_obd10/Phaeodactylum_tricornutum_ASM15095v2/run_eukaryota_odb10/metaeuk_output/rerun_results/GCA_000150955.2_ASM15095v2_genomic.fna.modified.fas
# Option settings: hmmsearch --domtblout /Users/aholzer/ownCloud/PhD/Publications/2021 Liavero-Pasquina et al./analysis/TPP_aptamer_search/genomes/BUSCO_eukaryota_obd10/Phaeodactylum_tricornutum_ASM15095v2/run_eukaryota_odb10/hmmer_output/rerun_results/261328at2759.out --cpu 1 /Users/aholzer/ownCloud/PhD/Publications/2021 Liavero-Pasquina et al./analysis/TPP_aptamer_search/busco_downloads/lineages/eukaryota_odb10/hmms/261328at2759.hmm /Users/aholzer/ownCloud/PhD/Publications/2021 Liavero-Pasquina et al./analysis/TPP_aptamer_search/genomes/BUSCO_eukaryota_obd10/Phaeodactylum_tricornutum_ASM15095v2/run_eukaryota_odb10/metaeuk_output/rerun_results/GCA_000150955.2_ASM15095v2_genomic.fna.modified.fas 
# Current dir:     /Users/aholzer/ownCloud/PhD/Publications/2021 Liavero-Pasquina et al./analysis/TPP_aptamer_search
# Date:            Sun Apr 18 14:23:07 2021
# [ok]
