#                                                                                            --- full sequence --- -------------- this domain -------------   hmm coord   ali coord   env coord
# target name                        accession   tlen query name           accession   qlen   E-value  score  bias   #  of  c-Evalue  i-Evalue  score  bias  from    to  from    to  from    to  acc description of target
#                ------------------- ---------- ----- -------------------- ---------- ----- --------- ------ ----- --- --- --------- --------- ------ ----- ----- ----- ----- ----- ----- ----- ---- ---------------------
scaffold86_size624847:513553-515445  -            631 761109at2759         -            377  9.1e-104  343.7  18.8   1   6   0.00051     0.072    8.4   0.0     3    30     6    33     4    47 0.89 -
scaffold86_size624847:513553-515445  -            631 761109at2759         -            377  9.1e-104  343.7  18.8   2   6   0.00026     0.037    9.3   0.0    27    55    65    93    41    97 0.81 -
scaffold86_size624847:513553-515445  -            631 761109at2759         -            377  9.1e-104  343.7  18.8   3   6     0.092        13    0.9   0.0    58    77   124   143   119   150 0.87 -
scaffold86_size624847:513553-515445  -            631 761109at2759         -            377  9.1e-104  343.7  18.8   4   6     0.062       8.7    1.5   0.0    73    92   172   191   166   196 0.85 -
scaffold86_size624847:513553-515445  -            631 761109at2759         -            377  9.1e-104  343.7  18.8   5   6     0.033       4.7    2.4   0.0    93   117   215   242   210   253 0.74 -
scaffold86_size624847:513553-515445  -            631 761109at2759         -            377  9.1e-104  343.7  18.8   6   6   4.3e-99   6.1e-97  321.3   9.3   126   353   304   539   299   548 0.94 -
scaffold18_size1287306:807123-807842 -            240 761109at2759         -            377   1.7e-41  138.8   2.6   1   1   1.5e-43   2.1e-41  138.5   2.6   115   322    21   234     6   239 0.88 -
scaffold18_size1287306:280822-282348 -            509 761109at2759         -            377     5e-11   38.5   0.0   1   2   6.1e-12   8.7e-10   34.4   0.0   127   256   282   415   254   420 0.86 -
scaffold18_size1287306:280822-282348 -            509 761109at2759         -            377     5e-11   38.5   0.0   2   2     0.068       9.6    1.4   0.0   171   226   430   487   425   492 0.83 -
scaffold58_size654149:434527-435573  -            349 761109at2759         -            377   2.7e-09   32.8   1.3   1   2   6.5e-06   0.00091   14.6   0.4   113   184    15    89     4   100 0.83 -
scaffold58_size654149:434527-435573  -            349 761109at2759         -            377   2.7e-09   32.8   1.3   2   2   1.4e-06   0.00019   16.8   0.0   192   288   134   229   117   308 0.68 -
scaffold236_size180277:160028-161557 -            510 761109at2759         -            377   5.3e-08   28.5   4.5   1   4   0.00087      0.12    7.6   0.4   263   325    67   133    59   150 0.78 -
scaffold236_size180277:160028-161557 -            510 761109at2759         -            377   5.3e-08   28.5   4.5   2   4      0.31        44   -0.8   0.0   300   346   146   193   135   205 0.74 -
scaffold236_size180277:160028-161557 -            510 761109at2759         -            377   5.3e-08   28.5   4.5   3   4   2.2e-07   3.1e-05   19.4   0.1   214   356   323   469   296   474 0.88 -
scaffold236_size180277:160028-161557 -            510 761109at2759         -            377   5.3e-08   28.5   4.5   4   4      0.28        39   -0.7   0.0   200   227   479   506   471   509 0.81 -
scaffold243_size230402:114706-116805 -            700 761109at2759         -            377   1.5e-05   20.5   8.3   1   7    0.0011      0.16    7.3   0.0   200   258    50   117     8   119 0.61 -
scaffold243_size230402:114706-116805 -            700 761109at2759         -            377   1.5e-05   20.5   8.3   2   7    0.0062      0.87    4.8   0.0   297   326    90   119    82   130 0.86 -
scaffold243_size230402:114706-116805 -            700 761109at2759         -            377   1.5e-05   20.5   8.3   3   7   0.00013     0.018   10.3   0.0   218   324   118   244    94   271 0.74 -
scaffold243_size230402:114706-116805 -            700 761109at2759         -            377   1.5e-05   20.5   8.3   4   7       1.2   1.7e+02   -2.8   0.1    96   118   391   413   355   436 0.53 -
scaffold243_size230402:114706-116805 -            700 761109at2759         -            377   1.5e-05   20.5   8.3   5   7      0.11        15    0.7   0.0   300   319   524   543   509   571 0.71 -
scaffold243_size230402:114706-116805 -            700 761109at2759         -            377   1.5e-05   20.5   8.3   6   7      0.12        17    0.6   0.0   208   226   617   635   598   640 0.80 -
scaffold243_size230402:114706-116805 -            700 761109at2759         -            377   1.5e-05   20.5   8.3   7   7       2.8   3.9e+02   -3.9   0.0    35    56   652   673   649   675 0.76 -
scaffold57_size959080:342404-342964  -            187 761109at2759         -            377   0.00073   14.9   0.4   1   3   0.00022     0.031    9.6   0.1   301   355     2    56     1    74 0.75 -
scaffold57_size959080:342404-342964  -            187 761109at2759         -            377   0.00073   14.9   0.4   2   3     0.041       5.8    2.1   0.0   273   328    52   109    49   148 0.67 -
scaffold57_size959080:342404-342964  -            187 761109at2759         -            377   0.00073   14.9   0.4   3   3     0.081        11    1.1   0.0   283   321   150   186   143   187 0.84 -
scaffold171_size496807:233803-235095 -            431 761109at2759         -            377    0.0075   11.6   2.8   1   5      0.71     1e+02   -2.0   0.0   298   324    65    91    36    96 0.73 -
scaffold171_size496807:233803-235095 -            431 761109at2759         -            377    0.0075   11.6   2.8   2   5      0.14        20    0.3   0.0   282   325   130   176   118   207 0.70 -
scaffold171_size496807:233803-235095 -            431 761109at2759         -            377    0.0075   11.6   2.8   3   5       0.1        14    0.8   0.0   187   229   179   221   159   258 0.65 -
scaffold171_size496807:233803-235095 -            431 761109at2759         -            377    0.0075   11.6   2.8   4   5    0.0016      0.23    6.7   0.1   196   224   315   343   283   349 0.90 -
scaffold171_size496807:233803-235095 -            431 761109at2759         -            377    0.0075   11.6   2.8   5   5         1   1.4e+02   -2.5   0.0   301   323   405   427   394   430 0.64 -
scaffold205_size192886:122012-122959 -            316 761109at2759         -            377      0.01   11.1   1.7   1   4     0.071        10    1.3   0.3   296   353   108   167   100   193 0.67 -
scaffold205_size192886:122012-122959 -            316 761109at2759         -            377      0.01   11.1   1.7   2   4     0.058       8.1    1.6   0.1   212   273   159   220   146   224 0.55 -
scaffold205_size192886:122012-122959 -            316 761109at2759         -            377      0.01   11.1   1.7   3   4    0.0031      0.44    5.8   0.1   290   355   171   240   164   244 0.72 -
scaffold205_size192886:122012-122959 -            316 761109at2759         -            377      0.01   11.1   1.7   4   4    0.0014       0.2    6.9   0.0   242   269   226   253   223   264 0.91 -
#
# Program:         hmmsearch
# Version:         3.1b2 (February 2015)
# Pipeline mode:   SEARCH
# Query file:      /Users/aholzer/ownCloud/PhD/Publications/2021 Liavero-Pasquina et al./analysis/TPP_aptamer_search/busco_downloads/lineages/eukaryota_odb10/hmms/761109at2759.hmm
# Target file:     /Users/aholzer/ownCloud/PhD/Publications/2021 Liavero-Pasquina et al./analysis/TPP_aptamer_search/genomes/BUSCO_eukaryota_obd10/Cyclotella_cryptica_ASM1318728v1/run_eukaryota_odb10/metaeuk_output/initial_results/Cyclotella_cryptica.fna.modified.fas
# Option settings: hmmsearch --domtblout /Users/aholzer/ownCloud/PhD/Publications/2021 Liavero-Pasquina et al./analysis/TPP_aptamer_search/genomes/BUSCO_eukaryota_obd10/Cyclotella_cryptica_ASM1318728v1/run_eukaryota_odb10/hmmer_output/initial_run_results/761109at2759.out --cpu 1 /Users/aholzer/ownCloud/PhD/Publications/2021 Liavero-Pasquina et al./analysis/TPP_aptamer_search/busco_downloads/lineages/eukaryota_odb10/hmms/761109at2759.hmm /Users/aholzer/ownCloud/PhD/Publications/2021 Liavero-Pasquina et al./analysis/TPP_aptamer_search/genomes/BUSCO_eukaryota_obd10/Cyclotella_cryptica_ASM1318728v1/run_eukaryota_odb10/metaeuk_output/initial_results/Cyclotella_cryptica.fna.modified.fas 
# Current dir:     /Users/aholzer/ownCloud/PhD/Publications/2021 Liavero-Pasquina et al./analysis/TPP_aptamer_search
# Date:            Sun Apr 18 20:29:31 2021
# [ok]
