#                                                                                  --- full sequence --- -------------- this domain -------------   hmm coord   ali coord   env coord
# target name              accession   tlen query name           accession   qlen   E-value  score  bias   #  of  c-Evalue  i-Evalue  score  bias  from    to  from    to  from    to  acc description of target
#      ------------------- ---------- ----- -------------------- ---------- ----- --------- ------ ----- --- --- --------- --------- ------ ----- ----- ----- ----- ----- ----- ----- ---- ---------------------
NKIB01000422_1:18809-27743 -           2901 674160at2759         -           1184   4.2e-95  315.7  31.4   1  10   0.00064      0.81    3.4   0.0    23    92   897   971   881   978 0.71 -
NKIB01000422_1:18809-27743 -           2901 674160at2759         -           1184   4.2e-95  315.7  31.4   2  10   7.6e-15   9.7e-12   39.6   0.0   106   175  1067  1141  1024  1144 0.84 -
NKIB01000422_1:18809-27743 -           2901 674160at2759         -           1184   4.2e-95  315.7  31.4   3  10     0.096   1.2e+02   -3.8   0.1   232   255  1339  1362  1325  1393 0.68 -
NKIB01000422_1:18809-27743 -           2901 674160at2759         -           1184   4.2e-95  315.7  31.4   4  10     0.036        46   -2.4   0.1   310   363  1554  1607  1517  1615 0.56 -
NKIB01000422_1:18809-27743 -           2901 674160at2759         -           1184   4.2e-95  315.7  31.4   5  10   3.8e-15   4.9e-12   40.6   0.1   365   516  1685  1865  1680  1870 0.70 -
NKIB01000422_1:18809-27743 -           2901 674160at2759         -           1184   4.2e-95  315.7  31.4   6  10   9.1e-29   1.2e-25   85.7   0.0   525   722  1915  2155  1912  2165 0.78 -
NKIB01000422_1:18809-27743 -           2901 674160at2759         -           1184   4.2e-95  315.7  31.4   7  10   1.9e-07   0.00025   15.1   0.5   748   816  2305  2389  2299  2398 0.78 -
NKIB01000422_1:18809-27743 -           2901 674160at2759         -           1184   4.2e-95  315.7  31.4   8  10   5.5e-43   7.1e-40  132.8   0.8   818  1007  2420  2621  2412  2634 0.89 -
NKIB01000422_1:18809-27743 -           2901 674160at2759         -           1184   4.2e-95  315.7  31.4   9  10     0.007         9   -0.0   0.0  1012  1039  2672  2699  2650  2707 0.78 -
NKIB01000422_1:18809-27743 -           2901 674160at2759         -           1184   4.2e-95  315.7  31.4  10  10     4e-06    0.0052   10.7   0.4  1119  1168  2851  2901  2775  2901 0.73 -
#
# Program:         hmmsearch
# Version:         3.1b2 (February 2015)
# Pipeline mode:   SEARCH
# Query file:      /Users/aholzer/ownCloud/PhD/Publications/2021 Liavero-Pasquina et al./analysis/TPP_aptamer_search/busco_downloads/lineages/eukaryota_odb10/hmms/674160at2759.hmm
# Target file:     /Users/aholzer/ownCloud/PhD/Publications/2021 Liavero-Pasquina et al./analysis/TPP_aptamer_search/genomes/BUSCO_eukaryota_obd10/Asterionella_formosa_ASM225602v1/run_eukaryota_odb10/metaeuk_output/initial_results/GCA_002256025.1_ASM225602v1_genomic.fna.modified.fas
# Option settings: hmmsearch --domtblout /Users/aholzer/ownCloud/PhD/Publications/2021 Liavero-Pasquina et al./analysis/TPP_aptamer_search/genomes/BUSCO_eukaryota_obd10/Asterionella_formosa_ASM225602v1/run_eukaryota_odb10/hmmer_output/initial_run_results/674160at2759.out --cpu 1 /Users/aholzer/ownCloud/PhD/Publications/2021 Liavero-Pasquina et al./analysis/TPP_aptamer_search/busco_downloads/lineages/eukaryota_odb10/hmms/674160at2759.hmm /Users/aholzer/ownCloud/PhD/Publications/2021 Liavero-Pasquina et al./analysis/TPP_aptamer_search/genomes/BUSCO_eukaryota_obd10/Asterionella_formosa_ASM225602v1/run_eukaryota_odb10/metaeuk_output/initial_results/GCA_002256025.1_ASM225602v1_genomic.fna.modified.fas 
# Current dir:     /Users/aholzer/ownCloud/PhD/Publications/2021 Liavero-Pasquina et al./analysis/TPP_aptamer_search
# Date:            Mon Apr 19 04:24:49 2021
# [ok]
