#                                                                                   --- full sequence --- -------------- this domain -------------   hmm coord   ali coord   env coord
# target name               accession   tlen query name           accession   qlen   E-value  score  bias   #  of  c-Evalue  i-Evalue  score  bias  from    to  from    to  from    to  acc description of target
#       ------------------- ---------- ----- -------------------- ---------- ----- --------- ------ ----- --- --- --------- --------- ------ ----- ----- ----- ----- ----- ----- ----- ---- ---------------------
scaffold_8097:3900-5453     -            518 3834at33634          -            493  1.1e-140  463.5   2.5   1   3   4.6e-21     1e-19   64.4   0.4   123   242    22   182     6   204 0.75 -
scaffold_8097:3900-5453     -            518 3834at33634          -            493  1.1e-140  463.5   2.5   2   3   1.4e-26   3.2e-25   82.6   0.0   239   341   213   343   202   352 0.88 -
scaffold_8097:3900-5453     -            518 3834at33634          -            493  1.1e-140  463.5   2.5   3   3   6.7e-95   1.5e-93  308.0   1.0   338   493   361   517   348   517 0.96 -
scaffold_15589:0-635        -            212 3834at33634          -            493   2.6e-07   23.5   1.6   1   3    0.0079      0.18    4.3   0.0    39    92    17    72     5    77 0.79 -
scaffold_15589:0-635        -            212 3834at33634          -            493   2.6e-07   23.5   1.6   2   3    0.0039     0.087    5.3   0.1    26    69    47    88    36    94 0.74 -
scaffold_15589:0-635        -            212 3834at33634          -            493   2.6e-07   23.5   1.6   3   3   7.4e-07   1.7e-05   17.6   0.3    22   128    84   192    77   200 0.72 -
scaffold_9365:5218-6303     -            362 3834at33634          -            493   7.3e-07   22.1   1.5   1   4     0.011      0.24    3.9   0.0    37    93    96   154    64   161 0.78 -
scaffold_9365:5218-6303     -            362 3834at33634          -            493   7.3e-07   22.1   1.5   2   4    0.0075      0.17    4.4   0.1    26    69   128   169   115   176 0.74 -
scaffold_9365:5218-6303     -            362 3834at33634          -            493   7.3e-07   22.1   1.5   3   4   2.4e-06   5.5e-05   15.9   0.4    22   126   165   271   157   281 0.72 -
scaffold_9365:5218-6303     -            362 3834at33634          -            493   7.3e-07   22.1   1.5   4   4      0.17       3.7   -0.1   0.0    32   109   262   340   244   353 0.77 -
scaffold_3839:14497-15210   -            238 3834at33634          -            493   2.4e-06   20.4   0.0   1   3   4.7e-06   0.00011   14.9   0.0    24    93    39   111    31   133 0.85 -
scaffold_3839:14497-15210   -            238 3834at33634          -            493   2.4e-06   20.4   0.0   2   3      0.03      0.68    2.4   0.0    39    85   143   190   137   215 0.86 -
scaffold_3839:14497-15210   -            238 3834at33634          -            493   2.4e-06   20.4   0.0   3   3      0.12       2.7    0.4   0.0    41    91   187   238   175   238 0.81 -
scaffold_13965:223-1374     -            384 3834at33634          -            493   5.1e-06   19.3   1.0   1   4   0.00022    0.0049    9.4   0.0    34    93    70   132    58   142 0.80 -
scaffold_13965:223-1374     -            384 3834at33634          -            493   5.1e-06   19.3   1.0   2   4      0.12       2.7    0.4   0.0   183   210   157   184   149   198 0.86 -
scaffold_13965:223-1374     -            384 3834at33634          -            493   5.1e-06   19.3   1.0   3   4      0.15       3.5    0.0   0.0    32    87   238   299   217   321 0.68 -
scaffold_13965:223-1374     -            384 3834at33634          -            493   5.1e-06   19.3   1.0   4   4    0.0091       0.2    4.1   0.1    37    67   326   356   315   384 0.88 -
scaffold_12830:2435-3516    -            329 3834at33634          -            493     1e-05   18.3   0.1   1   3      0.54        12   -1.8   0.0    37    67    22    52     8    62 0.77 -
scaffold_12830:2435-3516    -            329 3834at33634          -            493     1e-05   18.3   0.1   2   3   9.6e-05    0.0022   10.6   0.0    37    92    64   126    56   140 0.82 -
scaffold_12830:2435-3516    -            329 3834at33634          -            493     1e-05   18.3   0.1   3   3    0.0064      0.14    4.6   0.0    30   102   159   234   135   254 0.69 -
scaffold_12843:2424-3505    -            329 3834at33634          -            493     1e-05   18.3   0.1   1   3      0.54        12   -1.8   0.0    37    67    22    52     8    62 0.77 -
scaffold_12843:2424-3505    -            329 3834at33634          -            493     1e-05   18.3   0.1   2   3   9.6e-05    0.0022   10.6   0.0    37    92    64   126    56   140 0.82 -
scaffold_12843:2424-3505    -            329 3834at33634          -            493     1e-05   18.3   0.1   3   3    0.0064      0.14    4.6   0.0    30   102   159   234   135   254 0.69 -
scaffold_5836:2207-2572     -            122 3834at33634          -            493   1.2e-05   18.0   0.1   1   2   8.8e-07     2e-05   17.3   0.0    27    85     9    72     4    86 0.82 -
scaffold_5836:2207-2572     -            122 3834at33634          -            493   1.2e-05   18.0   0.1   2   2      0.91        21   -2.5   0.0    38    51   109   122    97   122 0.87 -
scaffold_10311:3326-3847    -            174 3834at33634          -            493   9.8e-05   15.0   0.5   1   3     0.034      0.77    2.2   0.0    39    54    28    43    24    62 0.75 -
scaffold_10311:3326-3847    -            174 3834at33634          -            493   9.8e-05   15.0   0.5   2   3   0.00056     0.013    8.1   0.0    30    85    61   118    47   142 0.71 -
scaffold_10311:3326-3847    -            174 3834at33634          -            493   9.8e-05   15.0   0.5   3   3     0.041      0.93    1.9   0.0    35    52   152   169   145   172 0.84 -
scaffold_8258:7849-8340     -            164 3834at33634          -            493   0.00033   13.3   0.0   1   3   0.00071     0.016    7.7   0.0    38    92    13    76     5    87 0.68 -
scaffold_8258:7849-8340     -            164 3834at33634          -            493   0.00033   13.3   0.0   2   3      0.18         4   -0.2   0.0   181   203   102   124    90   132 0.82 -
scaffold_8258:7849-8340     -            164 3834at33634          -            493   0.00033   13.3   0.0   3   3     0.046         1    1.8   0.0    40    53   149   162   145   164 0.88 -
scaffold_3887:40771-41631   -            287 3834at33634          -            493   0.00086   11.9   0.0   1   4      0.95        21   -2.6   0.0    37    51    53    67    46    70 0.87 -
scaffold_3887:40771-41631   -            287 3834at33634          -            493   0.00086   11.9   0.0   2   4   0.00078     0.018    7.6   0.0    36    94   108   169    97   182 0.84 -
scaffold_3887:40771-41631   -            287 3834at33634          -            493   0.00086   11.9   0.0   3   4      0.13         3    0.2   0.0    37    52   197   212   190   215 0.89 -
scaffold_3887:40771-41631   -            287 3834at33634          -            493   0.00086   11.9   0.0   4   4      0.72        16   -2.2   0.0    35    51   257   273   248   276 0.82 -
scaffold_3760:101355-101984 -            210 3834at33634          -            493    0.0011   11.6   0.0   1   2   0.00025    0.0057    9.2   0.0    36    92    16    76     7    84 0.81 -
scaffold_3760:101355-101984 -            210 3834at33634          -            493    0.0011   11.6   0.0   2   2    0.0032     0.073    5.6   0.0    36   102    59   128    54   149 0.83 -
#
# Program:         hmmsearch
# Version:         3.1b2 (February 2015)
# Pipeline mode:   SEARCH
# Query file:      /Users/aholzer/ownCloud/PhD/Publications/2021 Liavero-Pasquina et al./analysis/TPP_aptamer_search/busco_downloads/lineages/stramenopiles_odb10/hmms/3834at33634.hmm
# Target file:     /Users/aholzer/ownCloud/PhD/Publications/2021 Liavero-Pasquina et al./analysis/TPP_aptamer_search/genomes/BUSCO/Cyclotella_cryptica_Cyccr1/run_stramenopiles_odb10/metaeuk_output/initial_results/Cyccr1_AssemblyScaffolds_Repeatmasked.fna.modified.fas
# Option settings: hmmsearch --domtblout /Users/aholzer/ownCloud/PhD/Publications/2021 Liavero-Pasquina et al./analysis/TPP_aptamer_search/genomes/BUSCO/Cyclotella_cryptica_Cyccr1/run_stramenopiles_odb10/hmmer_output/initial_run_results/3834at33634.out --cpu 1 /Users/aholzer/ownCloud/PhD/Publications/2021 Liavero-Pasquina et al./analysis/TPP_aptamer_search/busco_downloads/lineages/stramenopiles_odb10/hmms/3834at33634.hmm /Users/aholzer/ownCloud/PhD/Publications/2021 Liavero-Pasquina et al./analysis/TPP_aptamer_search/genomes/BUSCO/Cyclotella_cryptica_Cyccr1/run_stramenopiles_odb10/metaeuk_output/initial_results/Cyccr1_AssemblyScaffolds_Repeatmasked.fna.modified.fas 
# Current dir:     /Users/aholzer/ownCloud/PhD/Publications/2021 Liavero-Pasquina et al./analysis/TPP_aptamer_search
# Date:            Fri Apr 16 10:38:00 2021
# [ok]
