#                                                                                     --- full sequence --- -------------- this domain -------------   hmm coord   ali coord   env coord
# target name                 accession   tlen query name           accession   qlen   E-value  score  bias   #  of  c-Evalue  i-Evalue  score  bias  from    to  from    to  from    to  acc description of target
#         ------------------- ---------- ----- -------------------- ---------- ----- --------- ------ ----- --- --- --------- --------- ------ ----- ----- ----- ----- ----- ----- ----- ---- ---------------------
JAAFKC010000017_1:40148-54403 -            474 1014314at2759        -            222   9.3e-34  112.5  13.2   1   7   0.00017    0.0012   14.0   0.1    72   155     7    87     2   102 0.84 -
JAAFKC010000017_1:40148-54403 -            474 1014314at2759        -            222   9.3e-34  112.5  13.2   2   7   0.00011   0.00077   14.6   0.0    65   102   102   142    89   148 0.75 -
JAAFKC010000017_1:40148-54403 -            474 1014314at2759        -            222   9.3e-34  112.5  13.2   3   7   2.7e-07   1.8e-06   23.2   0.1     2    65   106   166   105   174 0.91 -
JAAFKC010000017_1:40148-54403 -            474 1014314at2759        -            222   9.3e-34  112.5  13.2   4   7   2.4e-09   1.7e-08   29.9   0.1     2    64   192   261   191   267 0.87 -
JAAFKC010000017_1:40148-54403 -            474 1014314at2759        -            222   9.3e-34  112.5  13.2   5   7   8.5e-07   5.9e-06   21.6   0.5    12    70   299   365   290   386 0.74 -
JAAFKC010000017_1:40148-54403 -            474 1014314at2759        -            222   9.3e-34  112.5  13.2   6   7   1.1e-06   7.7e-06   21.2   0.3     2    62   331   410   330   410 0.73 -
JAAFKC010000017_1:40148-54403 -            474 1014314at2759        -            222   9.3e-34  112.5  13.2   7   7   3.5e-08   2.4e-07   26.1   0.0   138   200   395   459   388   464 0.89 -
JAAFKC010001154_1:6183-7460   -            426 1014314at2759        -            222   5.6e-30  100.1   7.0   1   5   0.00011   0.00074   14.7   0.0    30    66    64   101    59   108 0.87 -
JAAFKC010001154_1:6183-7460   -            426 1014314at2759        -            222   5.6e-30  100.1   7.0   2   5   3.2e-09   2.2e-08   29.5   0.0     2    64   126   195   125   203 0.87 -
JAAFKC010001154_1:6183-7460   -            426 1014314at2759        -            222   5.6e-30  100.1   7.0   3   5   2.4e-07   1.7e-06   23.3   0.5     6    67   225   293   221   318 0.70 -
JAAFKC010001154_1:6183-7460   -            426 1014314at2759        -            222   5.6e-30  100.1   7.0   4   5     1e-06   6.9e-06   21.3   0.4     2    62   262   341   261   342 0.77 -
JAAFKC010001154_1:6183-7460   -            426 1014314at2759        -            222   5.6e-30  100.1   7.0   5   5   7.6e-09   5.3e-08   28.2   0.1   138   201   326   391   318   407 0.89 -
JAAFKC010003617_1:1469-2737   -            384 1014314at2759        -            222   5.5e-28   93.6   7.6   1   5   5.4e-06   3.8e-05   18.9   0.0   121   184    89   151    78   161 0.86 -
JAAFKC010003617_1:1469-2737   -            384 1014314at2759        -            222   5.5e-28   93.6   7.6   2   5   2.8e-07     2e-06   23.1   0.2   116   174   165   225   162   226 0.88 -
JAAFKC010003617_1:1469-2737   -            384 1014314at2759        -            222   5.5e-28   93.6   7.6   3   5   8.7e-10   6.1e-09   31.3   0.2   129   190   222   282   220   288 0.91 -
JAAFKC010003617_1:1469-2737   -            384 1014314at2759        -            222   5.5e-28   93.6   7.6   4   5   0.00057     0.004   12.3   0.0    30    64   298   333   294   339 0.82 -
JAAFKC010003617_1:1469-2737   -            384 1014314at2759        -            222   5.5e-28   93.6   7.6   5   5     0.012     0.086    7.9   0.1     3    30   352   379   346   384 0.81 -
JAAFKC010000017_1:53357-54466 -            370 1014314at2759        -            222   2.8e-27   91.3   8.9   1   6    0.0044     0.031    9.4   0.0    32   157     7    42     2    58 0.59 -
JAAFKC010000017_1:53357-54466 -            370 1014314at2759        -            222   2.8e-27   91.3   8.9   2   6   1.6e-09   1.1e-08   30.5   0.1     2    64    67   136    66   143 0.87 -
JAAFKC010000017_1:53357-54466 -            370 1014314at2759        -            222   2.8e-27   91.3   8.9   3   6   5.8e-07     4e-06   22.1   0.5    12    70   174   240   165   261 0.74 -
JAAFKC010000017_1:53357-54466 -            370 1014314at2759        -            222   2.8e-27   91.3   8.9   4   6   7.6e-07   5.3e-06   21.7   0.3     2    62   206   285   205   285 0.74 -
JAAFKC010000017_1:53357-54466 -            370 1014314at2759        -            222   2.8e-27   91.3   8.9   5   6   2.3e-08   1.6e-07   26.7   0.0   138   200   270   334   250   337 0.89 -
JAAFKC010000017_1:53357-54466 -            370 1014314at2759        -            222   2.8e-27   91.3   8.9   6   6       1.7        12    1.0   0.0     2    28   342   368   341   370 0.79 -
JAAFKC010001930_1:5144-6253   -            370 1014314at2759        -            222   2.8e-27   91.3   8.9   1   6    0.0044     0.031    9.4   0.0    32   157     7    42     2    58 0.59 -
JAAFKC010001930_1:5144-6253   -            370 1014314at2759        -            222   2.8e-27   91.3   8.9   2   6   1.6e-09   1.1e-08   30.5   0.1     2    64    67   136    66   143 0.87 -
JAAFKC010001930_1:5144-6253   -            370 1014314at2759        -            222   2.8e-27   91.3   8.9   3   6   5.8e-07     4e-06   22.1   0.5    12    70   174   240   165   261 0.74 -
JAAFKC010001930_1:5144-6253   -            370 1014314at2759        -            222   2.8e-27   91.3   8.9   4   6   7.6e-07   5.3e-06   21.7   0.3     2    62   206   285   205   285 0.74 -
JAAFKC010001930_1:5144-6253   -            370 1014314at2759        -            222   2.8e-27   91.3   8.9   5   6   2.3e-08   1.6e-07   26.7   0.0   138   200   270   334   250   337 0.89 -
JAAFKC010001930_1:5144-6253   -            370 1014314at2759        -            222   2.8e-27   91.3   8.9   6   6       1.7        12    1.0   0.0     2    28   342   368   341   370 0.79 -
JAAFKC010002942_1:1562-2710   -            383 1014314at2759        -            222     3e-26   87.9   4.3   1   5   2.1e-05   0.00015   17.0   0.3     3    34    10    41     8    45 0.92 -
JAAFKC010002942_1:1562-2710   -            383 1014314at2759        -            222     3e-26   87.9   4.3   2   5   0.00026    0.0018   13.4   0.0    30    72    60   103    49   112 0.88 -
JAAFKC010002942_1:1562-2710   -            383 1014314at2759        -            222     3e-26   87.9   4.3   3   5   0.00047    0.0033   12.6   0.0    34    68   113   148   106   166 0.83 -
JAAFKC010002942_1:1562-2710   -            383 1014314at2759        -            222     3e-26   87.9   4.3   4   5       1.2       8.1    1.5   0.0   129   144   166   181   154   186 0.80 -
JAAFKC010002942_1:1562-2710   -            383 1014314at2759        -            222     3e-26   87.9   4.3   5   5   1.2e-12   8.2e-12   40.7   0.0   122   194   220   294   214   303 0.85 -
JAAFKC010004941_1:1562-2734   -            391 1014314at2759        -            222   3.4e-26   87.7   4.3   1   5   2.1e-05   0.00015   17.0   0.3     3    34    18    49    16    53 0.92 -
JAAFKC010004941_1:1562-2734   -            391 1014314at2759        -            222   3.4e-26   87.7   4.3   2   5   0.00027    0.0019   13.4   0.0    30    72    68   111    57   120 0.88 -
JAAFKC010004941_1:1562-2734   -            391 1014314at2759        -            222   3.4e-26   87.7   4.3   3   5   0.00048    0.0034   12.5   0.0    34    68   121   156   114   174 0.83 -
JAAFKC010004941_1:1562-2734   -            391 1014314at2759        -            222   3.4e-26   87.7   4.3   4   5       1.2       8.3    1.5   0.0   129   144   174   189   162   194 0.80 -
JAAFKC010004941_1:1562-2734   -            391 1014314at2759        -            222   3.4e-26   87.7   4.3   5   5   1.2e-12   8.5e-12   40.7   0.0   122   194   228   302   222   311 0.85 -
JAAFKC010000129_1:4833-5684   -            284 1014314at2759        -            222   2.4e-25   85.0   7.9   1   4   1.2e-10   8.4e-10   34.1   0.1   119   181    30    93    27   117 0.84 -
JAAFKC010000129_1:4833-5684   -            284 1014314at2759        -            222   2.4e-25   85.0   7.9   2   4   2.3e-07   1.6e-06   23.4   0.9   137   196   119   178    98   201 0.80 -
JAAFKC010000129_1:4833-5684   -            284 1014314at2759        -            222   2.4e-25   85.0   7.9   3   4      0.55       3.9    2.5   0.1    10    53   160   211   156   217 0.68 -
JAAFKC010000129_1:4833-5684   -            284 1014314at2759        -            222   2.4e-25   85.0   7.9   4   4   2.6e-09   1.8e-08   29.8   0.1   135   189   222   278   204   284 0.88 -
JAAFKC010001743_1:3568-4419   -            284 1014314at2759        -            222   2.4e-25   85.0   7.9   1   4   1.2e-10   8.4e-10   34.1   0.1   119   181    30    93    27   117 0.84 -
JAAFKC010001743_1:3568-4419   -            284 1014314at2759        -            222   2.4e-25   85.0   7.9   2   4   2.3e-07   1.6e-06   23.4   0.9   137   196   119   178    98   201 0.80 -
JAAFKC010001743_1:3568-4419   -            284 1014314at2759        -            222   2.4e-25   85.0   7.9   3   4      0.55       3.9    2.5   0.1    10    53   160   211   156   217 0.68 -
JAAFKC010001743_1:3568-4419   -            284 1014314at2759        -            222   2.4e-25   85.0   7.9   4   4   2.6e-09   1.8e-08   29.8   0.1   135   189   222   278   204   284 0.88 -
JAAFKC010001005_1:525-2093    -            523 1014314at2759        -            222   7.1e-23   76.9   4.8   1   6   2.9e-06     2e-05   19.8   0.0   127   156     2    31     1    44 0.93 -
JAAFKC010001005_1:525-2093    -            523 1014314at2759        -            222   7.1e-23   76.9   4.8   2   6   6.7e-07   4.7e-06   21.9   0.1   125   187    48   111    32   124 0.80 -
JAAFKC010001005_1:525-2093    -            523 1014314at2759        -            222   7.1e-23   76.9   4.8   3   6      0.15         1    4.4   0.0    65    84   143   162   139   178 0.83 -
JAAFKC010001005_1:525-2093    -            523 1014314at2759        -            222   7.1e-23   76.9   4.8   4   6    0.0013    0.0094   11.1   0.0   138   197   307   365   289   376 0.84 -
JAAFKC010001005_1:525-2093    -            523 1014314at2759        -            222   7.1e-23   76.9   4.8   5   6       8.1        56   -1.3   0.0    36    63   379   407   372   412 0.64 -
JAAFKC010001005_1:525-2093    -            523 1014314at2759        -            222   7.1e-23   76.9   4.8   6   6   5.5e-05   0.00038   15.6   0.1   130   186   425   485   421   523 0.83 -
JAAFKC010003462_1:1735-2568   -            278 1014314at2759        -            222   1.4e-22   76.0   5.7   1   4   1.1e-05   7.6e-05   17.9   0.1   126   175     4    55     1    69 0.74 -
JAAFKC010003462_1:1735-2568   -            278 1014314at2759        -            222   1.4e-22   76.0   5.7   2   4   6.1e-06   4.2e-05   18.8   0.0   110   175   111   177   107   177 0.88 -
JAAFKC010003462_1:1735-2568   -            278 1014314at2759        -            222   1.4e-22   76.0   5.7   3   4   1.8e-08   1.3e-07   27.0   0.0   120   176   163   220   159   227 0.87 -
JAAFKC010003462_1:1735-2568   -            278 1014314at2759        -            222   1.4e-22   76.0   5.7   4   4   1.1e-05   7.7e-05   17.9   0.1   126   190   212   276   208   278 0.89 -
JAAFKC010005197_1:1059-1892   -            278 1014314at2759        -            222   1.4e-22   76.0   5.7   1   4   1.1e-05   7.6e-05   17.9   0.1   126   175     4    55     1    69 0.74 -
JAAFKC010005197_1:1059-1892   -            278 1014314at2759        -            222   1.4e-22   76.0   5.7   2   4   6.1e-06   4.2e-05   18.8   0.0   110   175   111   177   107   177 0.88 -
JAAFKC010005197_1:1059-1892   -            278 1014314at2759        -            222   1.4e-22   76.0   5.7   3   4   1.8e-08   1.3e-07   27.0   0.0   120   176   163   220   159   227 0.87 -
JAAFKC010005197_1:1059-1892   -            278 1014314at2759        -            222   1.4e-22   76.0   5.7   4   4   1.1e-05   7.7e-05   17.9   0.1   126   190   212   276   208   278 0.89 -
JAAFKC010003307_1:2514-3014   -            167 1014314at2759        -            222   2.2e-22   75.3   0.4   1   3   2.2e-07   1.6e-06   23.5   0.1    31    65     6    40     2    47 0.84 -
JAAFKC010003307_1:2514-3014   -            167 1014314at2759        -            222   2.2e-22   75.3   0.4   2   3   1.8e-11   1.3e-10   36.8   0.1   130   203    54   130    42   138 0.85 -
JAAFKC010003307_1:2514-3014   -            167 1014314at2759        -            222   2.2e-22   75.3   0.4   3   3   0.00074    0.0051   11.9   0.0   127   155   137   165   133   167 0.84 -
JAAFKC010005844_1:137-637     -            167 1014314at2759        -            222   2.2e-22   75.3   0.4   1   3   2.2e-07   1.6e-06   23.5   0.1    31    65     6    40     2    47 0.84 -
JAAFKC010005844_1:137-637     -            167 1014314at2759        -            222   2.2e-22   75.3   0.4   2   3   1.8e-11   1.3e-10   36.8   0.1   130   203    54   130    42   138 0.85 -
JAAFKC010005844_1:137-637     -            167 1014314at2759        -            222   2.2e-22   75.3   0.4   3   3   0.00074    0.0051   11.9   0.0   127   155   137   165   133   167 0.84 -
JAAFKC010000001_1:84539-85429 -            297 1014314at2759        -            222     2e-21   72.2   5.5   1   4   0.00029     0.002   13.3   0.1    10    63     2    70     1    73 0.67 -
JAAFKC010000001_1:84539-85429 -            297 1014314at2759        -            222     2e-21   72.2   5.5   2   4     6e-06   4.2e-05   18.8   0.0   120   166   121   168   110   172 0.81 -
JAAFKC010000001_1:84539-85429 -            297 1014314at2759        -            222     2e-21   72.2   5.5   3   4    0.0011    0.0074   11.4   0.0   126   154   212   240   203   251 0.87 -
JAAFKC010000001_1:84539-85429 -            297 1014314at2759        -            222     2e-21   72.2   5.5   4   4    0.0088     0.061    8.4   0.1   125   153   267   295   256   297 0.71 -
JAAFKC010002408_1:969-1859    -            297 1014314at2759        -            222     2e-21   72.2   5.5   1   4   0.00029     0.002   13.3   0.1    10    63     2    70     1    73 0.67 -
JAAFKC010002408_1:969-1859    -            297 1014314at2759        -            222     2e-21   72.2   5.5   2   4     6e-06   4.2e-05   18.8   0.0   120   166   121   168   110   172 0.81 -
JAAFKC010002408_1:969-1859    -            297 1014314at2759        -            222     2e-21   72.2   5.5   3   4    0.0011    0.0074   11.4   0.0   126   154   212   240   203   251 0.87 -
JAAFKC010002408_1:969-1859    -            297 1014314at2759        -            222     2e-21   72.2   5.5   4   4    0.0088     0.061    8.4   0.1   125   153   267   295   256   297 0.71 -
JAAFKC010002037_1:3167-4099   -            311 1014314at2759        -            222   4.6e-21   71.0   9.1   1   5    0.0063     0.044    8.9   0.1   134   154    14    34     1    49 0.63 -
JAAFKC010002037_1:3167-4099   -            311 1014314at2759        -            222   4.6e-21   71.0   9.1   2   5     0.015      0.11    7.7   0.0   129   153    60    84    45   106 0.70 -
JAAFKC010002037_1:3167-4099   -            311 1014314at2759        -            222   4.6e-21   71.0   9.1   3   5   5.6e-05   0.00039   15.6   0.0   123   164   142   183   128   187 0.80 -
JAAFKC010002037_1:3167-4099   -            311 1014314at2759        -            222   4.6e-21   71.0   9.1   4   5   3.4e-10   2.4e-09   32.7   0.1     2    66   146   219   145   225 0.86 -
JAAFKC010002037_1:3167-4099   -            311 1014314at2759        -            222   4.6e-21   71.0   9.1   5   5   1.4e-06   9.8e-06   20.8   0.6   126   189   230   306   225   311 0.79 -
JAAFKC010000787_1:9296-9865   -            190 1014314at2759        -            222   1.6e-20   69.2   3.1   1   4   6.5e-07   4.5e-06   21.9   0.1   127   154    16    43     6    48 0.85 -
JAAFKC010000787_1:9296-9865   -            190 1014314at2759        -            222   1.6e-20   69.2   3.1   2   4   0.00018    0.0012   14.0   0.0    30    66    58    94    52    99 0.91 -
JAAFKC010000787_1:9296-9865   -            190 1014314at2759        -            222   1.6e-20   69.2   3.1   3   4   3.6e-06   2.5e-05   19.5   0.1   120   172    98   151    94   154 0.87 -
JAAFKC010000787_1:9296-9865   -            190 1014314at2759        -            222   1.6e-20   69.2   3.1   4   4   6.4e-05   0.00044   15.4   0.2   119   165   139   186   136   190 0.65 -
JAAFKC010001224_1:7473-8153   -            227 1014314at2759        -            222   1.9e-20   68.9   6.7   1   5   4.7e-05   0.00032   15.9   0.1    32    65     1    35     1    46 0.82 -
JAAFKC010001224_1:7473-8153   -            227 1014314at2759        -            222   1.9e-20   68.9   6.7   2   5   1.2e-06     8e-06   21.1   0.0    30    68    49    88    35    94 0.85 -
JAAFKC010001224_1:7473-8153   -            227 1014314at2759        -            222   1.9e-20   68.9   6.7   3   5   4.9e-05   0.00034   15.8   0.1    34    68    98   133    92   143 0.85 -
JAAFKC010001224_1:7473-8153   -            227 1014314at2759        -            222   1.9e-20   68.9   6.7   4   5   9.7e-06   6.7e-05   18.1   0.0    24    78   135   190   129   204 0.86 -
JAAFKC010001224_1:7473-8153   -            227 1014314at2759        -            222   1.9e-20   68.9   6.7   5   5       7.6        53   -1.2   0.0   139   153   212   226   197   227 0.74 -
JAAFKC010001005_1:1452-2327   -            292 1014314at2759        -            222   2.5e-20   68.6   0.3   1   3   4.4e-10     3e-09   32.3   0.0    66   156    24   109    22   120 0.88 -
JAAFKC010001005_1:1452-2327   -            292 1014314at2759        -            222   2.5e-20   68.6   0.3   2   3   2.7e-07   1.9e-06   23.2   0.1   125   187   126   189   111   202 0.80 -
JAAFKC010001005_1:1452-2327   -            292 1014314at2759        -            222   2.5e-20   68.6   0.3   3   3     0.071      0.49    5.5   0.0    65    84   221   240   217   257 0.83 -
JAAFKC010000402_1:3917-5578   -            554 1014314at2759        -            222   3.2e-20   68.2   6.1   1   7   0.00014   0.00094   14.4   0.0   127   164     2    39     1    46 0.90 -
JAAFKC010000402_1:3917-5578   -            554 1014314at2759        -            222   3.2e-20   68.2   6.1   2   7     2e-07   1.4e-06   23.6   0.1   127   191    49   114    42   128 0.83 -
JAAFKC010000402_1:3917-5578   -            554 1014314at2759        -            222   3.2e-20   68.2   6.1   3   7      0.48       3.3    2.8   0.0    67    84   140   157   132   171 0.83 -
JAAFKC010000402_1:3917-5578   -            554 1014314at2759        -            222   3.2e-20   68.2   6.1   4   7     0.035      0.24    6.5   0.0   138   192   299   352   280   369 0.74 -
JAAFKC010000402_1:3917-5578   -            554 1014314at2759        -            222   3.2e-20   68.2   6.1   5   7       5.6        39   -0.7   0.0   133   152   378   397   364   402 0.70 -
JAAFKC010000402_1:3917-5578   -            554 1014314at2759        -            222   3.2e-20   68.2   6.1   6   7   0.00015     0.001   14.2   0.3   130   196   416   488   411   505 0.76 -
JAAFKC010000402_1:3917-5578   -            554 1014314at2759        -            222   3.2e-20   68.2   6.1   7   7      0.76       5.3    2.1   0.0    71    96   503   528   494   533 0.74 -
JAAFKC010006176_1:170-841     -            224 1014314at2759        -            222   4.9e-20   67.6   3.4   1   3     3e-07   2.1e-06   23.0   0.3    31    71     2    43     1    50 0.80 -
JAAFKC010006176_1:170-841     -            224 1014314at2759        -            222   4.9e-20   67.6   3.4   2   3   2.5e-06   1.7e-05   20.0   0.0    30    68    48    87    44    96 0.85 -
JAAFKC010006176_1:170-841     -            224 1014314at2759        -            222   4.9e-20   67.6   3.4   3   3   7.2e-05    0.0005   15.3   0.0    21    72   131   183   128   199 0.85 -
JAAFKC010000130_1:2003-2929   -            309 1014314at2759        -            222   1.9e-19   65.7   8.5   1   3   4.3e-06     3e-05   19.2   0.2   126   190     5    71     1    78 0.84 -
JAAFKC010000130_1:2003-2929   -            309 1014314at2759        -            222   1.9e-19   65.7   8.5   2   3    0.0048     0.033    9.3   0.9    36    74   117   156   108   159 0.80 -
JAAFKC010000130_1:2003-2929   -            309 1014314at2759        -            222   1.9e-19   65.7   8.5   3   3   7.1e-11   4.9e-10   34.9   0.2    23   187   149   309   143   309 0.82 -
JAAFKC010002635_1:2551-3477   -            309 1014314at2759        -            222   1.9e-19   65.7   8.5   1   3   4.3e-06     3e-05   19.2   0.2   126   190     5    71     1    78 0.84 -
JAAFKC010002635_1:2551-3477   -            309 1014314at2759        -            222   1.9e-19   65.7   8.5   2   3    0.0048     0.033    9.3   0.9    36    74   117   156   108   159 0.80 -
JAAFKC010002635_1:2551-3477   -            309 1014314at2759        -            222   1.9e-19   65.7   8.5   3   3   7.1e-11   4.9e-10   34.9   0.2    23   187   149   309   143   309 0.82 -
JAAFKC010000267_1:13665-14381 -            239 1014314at2759        -            222     1e-18   63.3   2.8   1   4    0.0007    0.0049   12.0   0.0    15    63     2    59     1    68 0.69 -
JAAFKC010000267_1:13665-14381 -            239 1014314at2759        -            222     1e-18   63.3   2.8   2   4   6.3e-05   0.00044   15.4   0.0    28    67    66   105    61   112 0.81 -
JAAFKC010000267_1:13665-14381 -            239 1014314at2759        -            222     1e-18   63.3   2.8   3   4   0.00015     0.001   14.2   0.0    23    67   142   186   134   192 0.87 -
JAAFKC010000267_1:13665-14381 -            239 1014314at2759        -            222     1e-18   63.3   2.8   4   4   3.7e-06   2.6e-05   19.5   0.1    29    65   192   228   183   234 0.86 -
JAAFKC010000396_1:5318-6082   -            255 1014314at2759        -            222   1.5e-18   62.7   2.9   1   4    0.0016     0.011   10.9   0.0    28    63    22    58     1    63 0.72 -
JAAFKC010000396_1:5318-6082   -            255 1014314at2759        -            222   1.5e-18   62.7   2.9   2   4   6.7e-05   0.00046   15.4   0.0    28    67    65   104    59   111 0.81 -
JAAFKC010000396_1:5318-6082   -            255 1014314at2759        -            222   1.5e-18   62.7   2.9   3   4   0.00016    0.0011   14.1   0.0    23    67   141   185   133   191 0.87 -
JAAFKC010000396_1:5318-6082   -            255 1014314at2759        -            222   1.5e-18   62.7   2.9   4   4   2.8e-06   1.9e-05   19.9   0.1    29    67   191   229   186   253 0.78 -
JAAFKC010003902_1:1146-2213   -            356 1014314at2759        -            222   1.9e-18   62.4   7.6   1   4   0.00017    0.0012   14.1   0.2     2    46     7    62     6    76 0.76 -
JAAFKC010003902_1:1146-2213   -            356 1014314at2759        -            222   1.9e-18   62.4   7.6   2   4     1e-05     7e-05   18.0   0.4    13    61   102   157    97   161 0.77 -
JAAFKC010003902_1:1146-2213   -            356 1014314at2759        -            222   1.9e-18   62.4   7.6   3   4   0.00083    0.0058   11.8   0.1    30   157   127   162   122   189 0.50 -
JAAFKC010003902_1:1146-2213   -            356 1014314at2759        -            222   1.9e-18   62.4   7.6   4   4   1.4e-05   9.8e-05   17.6   0.0   136   200   221   288   206   291 0.79 -
JAAFKC010002515_1:3121-4180   -            317 1014314at2759        -            222   3.6e-18   61.5   0.0   1   4    0.0024     0.017   10.3   0.0   164   201    10    49     6    53 0.84 -
JAAFKC010002515_1:3121-4180   -            317 1014314at2759        -            222   3.6e-18   61.5   0.0   2   4     1e-08   7.1e-08   27.8   0.0   122   186    51   115    46   139 0.84 -
JAAFKC010002515_1:3121-4180   -            317 1014314at2759        -            222   3.6e-18   61.5   0.0   3   4       1.2       8.6    1.4   0.0    38    63   158   183   149   189 0.85 -
JAAFKC010002515_1:3121-4180   -            317 1014314at2759        -            222   3.6e-18   61.5   0.0   4   4   0.00051    0.0036   12.5   0.0    31   150   193   317   190   317 0.67 -
JAAFKC010004901_1:1473-2588   -            372 1014314at2759        -            222   8.9e-18   60.2  12.7   1   6    0.0031     0.021    9.9   0.0   120   153    11    45     7    50 0.88 -
JAAFKC010004901_1:1473-2588   -            372 1014314at2759        -            222   8.9e-18   60.2  12.7   2   6   0.00056    0.0039   12.3   0.3    23    67    83   128    76   137 0.81 -
JAAFKC010004901_1:1473-2588   -            372 1014314at2759        -            222   8.9e-18   60.2  12.7   3   6     0.019      0.13    7.4   0.1   124   161   136   173   132   195 0.64 -
JAAFKC010004901_1:1473-2588   -            372 1014314at2759        -            222   8.9e-18   60.2  12.7   4   6      0.12      0.83    4.7   0.0    51    88   199   238   191   241 0.67 -
JAAFKC010004901_1:1473-2588   -            372 1014314at2759        -            222   8.9e-18   60.2  12.7   5   6    0.0034     0.023    9.8   0.0    30    63   241   274   227   282 0.78 -
JAAFKC010004901_1:1473-2588   -            372 1014314at2759        -            222   8.9e-18   60.2  12.7   6   6     2e-06   1.4e-05   20.3   0.2     5    55   311   370   308   372 0.80 -
JAAFKC010004252_1:925-1425    -            167 1014314at2759        -            222   1.5e-17   59.4   2.8   1   2   9.6e-11   6.7e-10   34.5   0.1     2    66     4    77     3    83 0.86 -
JAAFKC010004252_1:925-1425    -            167 1014314at2759        -            222   1.5e-17   59.4   2.8   2   2   5.7e-07     4e-06   22.1   0.4   126   190    88   163    82   167 0.82 -
JAAFKC010000926_1:4371-5099   -            243 1014314at2759        -            222   8.9e-17   56.9   0.8   1   3   1.3e-05   9.2e-05   17.7   0.0   126   199    10    90     3    95 0.65 -
JAAFKC010000926_1:4371-5099   -            243 1014314at2759        -            222   8.9e-17   56.9   0.8   2   3   2.7e-05   0.00019   16.6   0.1    26    67   103   145    77   153 0.73 -
JAAFKC010000926_1:4371-5099   -            243 1014314at2759        -            222   8.9e-17   56.9   0.8   3   3   3.1e-06   2.1e-05   19.7   0.1   125   190   165   235   153   243 0.81 -
JAAFKC010003149_1:754-1686    -            311 1014314at2759        -            222   1.3e-16   56.4   5.8   1   3   4.5e-05   0.00031   15.9   0.6   120   193    62   132    30   145 0.82 -
JAAFKC010003149_1:754-1686    -            311 1014314at2759        -            222   1.3e-16   56.4   5.8   2   3     3e-10   2.1e-09   32.8   0.1     2    64   152   226   151   264 0.75 -
JAAFKC010003149_1:754-1686    -            311 1014314at2759        -            222   1.3e-16   56.4   5.8   3   3     0.029       0.2    6.7   0.0    29    62   276   308   238   310 0.82 -
JAAFKC010002115_1:581-1636    -            352 1014314at2759        -            222   6.7e-16   54.1   0.0   1   2   3.1e-05   0.00022   16.4   0.1   122   207    89   176    85   182 0.88 -
JAAFKC010002115_1:581-1636    -            352 1014314at2759        -            222   6.7e-16   54.1   0.0   2   2   7.2e-10     5e-09   31.6   0.0    45   189   195   347   175   352 0.77 -
JAAFKC010000026_1:16082-17122 -            347 1014314at2759        -            222     9e-16   53.7   0.8   1   5   2.6e-05   0.00018   16.7   0.1   125   167    52    94    43   106 0.82 -
JAAFKC010000026_1:16082-17122 -            347 1014314at2759        -            222     9e-16   53.7   0.8   2   5    0.0044      0.03    9.4   0.0   124   197    96   174    92   179 0.70 -
JAAFKC010000026_1:16082-17122 -            347 1014314at2759        -            222     9e-16   53.7   0.8   3   5     0.033      0.23    6.6   0.0    27    67   177   217   169   223 0.78 -
JAAFKC010000026_1:16082-17122 -            347 1014314at2759        -            222     9e-16   53.7   0.8   4   5   0.00054    0.0038   12.4   0.1   125   155   227   257   218   265 0.87 -
JAAFKC010000026_1:16082-17122 -            347 1014314at2759        -            222     9e-16   53.7   0.8   5   5      0.15       1.1    4.4   0.0     3    43   292   332   284   341 0.75 -
JAAFKC010005333_1:148-1035    -            296 1014314at2759        -            222   3.9e-15   51.6  10.3   1   5   0.00079    0.0055   11.8   0.2    26    68     4    47     2    56 0.83 -
JAAFKC010005333_1:148-1035    -            296 1014314at2759        -            222   3.9e-15   51.6  10.3   2   5     0.013     0.091    7.9   0.1   124   161    54    91    49   112 0.64 -
JAAFKC010005333_1:148-1035    -            296 1014314at2759        -            222   3.9e-15   51.6  10.3   3   5      0.35       2.5    3.2   0.0    18    67   119   134   108   159 0.59 -
JAAFKC010005333_1:148-1035    -            296 1014314at2759        -            222   3.9e-15   51.6  10.3   4   5    0.0022     0.015   10.4   0.0    30    63   160   193   144   201 0.78 -
JAAFKC010005333_1:148-1035    -            296 1014314at2759        -            222   3.9e-15   51.6  10.3   5   5   8.4e-07   5.8e-06   21.6   0.2     5    57   230   291   226   294 0.81 -
JAAFKC010002053_1:4637-5188   -            184 1014314at2759        -            222   8.1e-15   50.5   0.5   1   2   0.00011   0.00078   14.6   0.1    22    94    16    98     1   104 0.69 -
JAAFKC010002053_1:4637-5188   -            184 1014314at2759        -            222   8.1e-15   50.5   0.5   2   2   2.2e-10   1.5e-09   33.3   0.0   121   187   109   177   104   184 0.89 -
JAAFKC010003920_1:2973-3500   -            176 1014314at2759        -            222   1.3e-14   49.8   1.7   1   3   6.2e-07   4.3e-06   22.0   0.1    28    72    36    81    15    89 0.85 -
JAAFKC010003920_1:2973-3500   -            176 1014314at2759        -            222   1.3e-14   49.8   1.7   2   3   1.6e-05   0.00011   17.4   0.0   125   153    97   125    85   131 0.87 -
JAAFKC010003920_1:2973-3500   -            176 1014314at2759        -            222   1.3e-14   49.8   1.7   3   3    0.0069     0.048    8.8   0.0     2    29   146   174   145   176 0.86 -
JAAFKC010000980_1:5800-6726   -            309 1014314at2759        -            222   1.7e-13   46.2   1.8   1   2   0.00017    0.0012   14.0   0.1   129   187    68   124    43   186 0.51 -
JAAFKC010000980_1:5800-6726   -            309 1014314at2759        -            222   1.7e-13   46.2   1.8   2   2   6.1e-06   4.2e-05   18.8   0.1    30   152   187   306   160   308 0.70 -
JAAFKC010001819_1:2932-3858   -            309 1014314at2759        -            222   1.7e-13   46.2   1.8   1   2   0.00017    0.0012   14.0   0.1   129   187    68   124    43   186 0.51 -
JAAFKC010001819_1:2932-3858   -            309 1014314at2759        -            222   1.7e-13   46.2   1.8   2   2   6.1e-06   4.2e-05   18.8   0.1    30   152   187   306   160   308 0.70 -
JAAFKC010002992_1:438-1484    -            349 1014314at2759        -            222   2.4e-13   45.7   0.7   1   4     0.001     0.007   11.5   0.2   121   186    25    93    21   114 0.78 -
JAAFKC010002992_1:438-1484    -            349 1014314at2759        -            222   2.4e-13   45.7   0.7   2   4      0.27       1.9    3.5   0.0    48    81   153   186   134   200 0.79 -
JAAFKC010002992_1:438-1484    -            349 1014314at2759        -            222   2.4e-13   45.7   0.7   3   4     0.017      0.12    7.5   0.0   130   154   275   299   239   302 0.91 -
JAAFKC010002992_1:438-1484    -            349 1014314at2759        -            222   2.4e-13   45.7   0.7   4   4   9.5e-06   6.6e-05   18.1   0.0   115   152   311   349   305   349 0.85 -
JAAFKC010003538_1:1707-2450   -            248 1014314at2759        -            222   5.4e-13   44.6   0.6   1   4   8.8e-07   6.1e-06   21.5   0.0   127   203     5    81     1    93 0.83 -
JAAFKC010003538_1:1707-2450   -            248 1014314at2759        -            222   5.4e-13   44.6   0.6   2   4    0.0068     0.047    8.8   0.0   117   184   123   195   117   197 0.74 -
JAAFKC010003538_1:1707-2450   -            248 1014314at2759        -            222   5.4e-13   44.6   0.6   3   4      0.51       3.5    2.7   0.0   130   163   183   216   160   224 0.70 -
JAAFKC010003538_1:1707-2450   -            248 1014314at2759        -            222   5.4e-13   44.6   0.6   4   4      0.16       1.1    4.3   0.1     8    60   186   248   181   248 0.51 -
JAAFKC010004525_1:8-502       -            165 1014314at2759        -            222     7e-13   44.2   0.1   1   2   3.1e-12   2.1e-11   39.4   0.1   137   198    44   109    29   114 0.81 -
JAAFKC010004525_1:8-502       -            165 1014314at2759        -            222     7e-13   44.2   0.1   2   2      0.43         3    2.9   0.0    34    52   145   163   130   165 0.87 -
JAAFKC010005312_1:1492-2055   -            188 1014314at2759        -            222   1.1e-12   43.5   2.3   1   3    0.0035     0.024    9.7   0.2    29    69    24    66     1    73 0.77 -
JAAFKC010005312_1:1492-2055   -            188 1014314at2759        -            222   1.1e-12   43.5   2.3   2   3   2.3e-07   1.6e-06   23.4   0.0     3    64    76   143    74   150 0.81 -
JAAFKC010005312_1:1492-2055   -            188 1014314at2759        -            222   1.1e-12   43.5   2.3   3   3     0.019      0.13    7.3   0.0     2    26   163   187   162   188 0.90 -
JAAFKC010005773_1:1131-2012   -            294 1014314at2759        -            222   1.9e-12   42.8   0.4   1   4    0.0062     0.043    8.9   0.0    24    70    20    67     9    76 0.84 -
JAAFKC010005773_1:1131-2012   -            294 1014314at2759        -            222   1.9e-12   42.8   0.4   2   4   1.8e-05   0.00012   17.2   0.0    25    65    69   109    63   118 0.69 -
JAAFKC010005773_1:1131-2012   -            294 1014314at2759        -            222   1.9e-12   42.8   0.4   3   4         3        21    0.1   0.0    24    42   145   163   137   186 0.64 -
JAAFKC010005773_1:1131-2012   -            294 1014314at2759        -            222   1.9e-12   42.8   0.4   4   4   0.00084    0.0058   11.8   0.0   130   191   219   287   194   292 0.78 -
JAAFKC010005854_1:1089-1970   -            294 1014314at2759        -            222   2.6e-12   42.3   1.3   1   4    0.0057     0.039    9.0   0.0    24    70    20    67     3    76 0.84 -
JAAFKC010005854_1:1089-1970   -            294 1014314at2759        -            222   2.6e-12   42.3   1.3   2   4   1.4e-05   9.9e-05   17.6   0.1    25    65    69   109    63   138 0.70 -
JAAFKC010005854_1:1089-1970   -            294 1014314at2759        -            222   2.6e-12   42.3   1.3   3   4       3.3        23    0.0   0.0    24    42   145   163   137   181 0.61 -
JAAFKC010005854_1:1089-1970   -            294 1014314at2759        -            222   2.6e-12   42.3   1.3   4   4   0.00085    0.0059   11.7   0.0   130   191   219   287   197   292 0.78 -
JAAFKC010000933_1:8290-9234   -            315 1014314at2759        -            222   2.7e-12   42.3   1.5   1   4       5.2        36   -0.6   0.0    44    66    28    50    22    58 0.66 -
JAAFKC010000933_1:8290-9234   -            315 1014314at2759        -            222   2.7e-12   42.3   1.5   2   4     0.011     0.076    8.1   0.1   124   183    62   120    30   140 0.79 -
JAAFKC010000933_1:8290-9234   -            315 1014314at2759        -            222   2.7e-12   42.3   1.5   3   4   1.1e-05   7.9e-05   17.9   0.1     2    64   149   231   148   269 0.75 -
JAAFKC010000933_1:8290-9234   -            315 1014314at2759        -            222   2.7e-12   42.3   1.5   4   4     0.026      0.18    6.9   0.0   117   153   277   314   271   315 0.72 -
JAAFKC010002993_1:1594-2520   -            309 1014314at2759        -            222     3e-12   42.2   1.5   1   2   0.00019    0.0013   13.9   0.1   127   187    66   124    45   184 0.68 -
JAAFKC010002993_1:1594-2520   -            309 1014314at2759        -            222     3e-12   42.2   1.5   2   2   1.9e-05   0.00013   17.1   0.1    12   152   160   306   148   308 0.69 -
JAAFKC010005951_1:1461-2057   -            199 1014314at2759        -            222   5.9e-12   41.2   3.8   1   4   0.00056    0.0039   12.3   0.2    34    66    22    55    16    62 0.84 -
JAAFKC010005951_1:1461-2057   -            199 1014314at2759        -            222   5.9e-12   41.2   3.8   2   4   0.00047    0.0033   12.6   0.0    31    66    64   100    55   107 0.86 -
JAAFKC010005951_1:1461-2057   -            199 1014314at2759        -            222   5.9e-12   41.2   3.8   3   4      0.14      0.95    4.5   0.0   127   153   122   148   113   152 0.82 -
JAAFKC010005951_1:1461-2057   -            199 1014314at2759        -            222   5.9e-12   41.2   3.8   4   4    0.0022     0.015   10.4   0.1   122   151   168   198   161   199 0.86 -
JAAFKC010000508_1:9977-10951  -            325 1014314at2759        -            222   1.6e-11   39.7   0.2   1   5   1.9e-05   0.00013   17.2   0.0   125   155    13    43     9    55 0.90 -
JAAFKC010000508_1:9977-10951  -            325 1014314at2759        -            222   1.6e-11   39.7   0.2   2   5       8.9        62   -1.4   0.0    35    48    76    89    68   114 0.62 -
JAAFKC010000508_1:9977-10951  -            325 1014314at2759        -            222   1.6e-11   39.7   0.2   3   5       3.6        25   -0.1   0.0    46    84   149   187   129   200 0.73 -
JAAFKC010000508_1:9977-10951  -            325 1014314at2759        -            222   1.6e-11   39.7   0.2   4   5      0.46       3.2    2.8   0.0     2    62   172   242   171   253 0.59 -
JAAFKC010000508_1:9977-10951  -            325 1014314at2759        -            222   1.6e-11   39.7   0.2   5   5     6e-05   0.00042   15.5   0.0   121   187   252   319   226   324 0.77 -
JAAFKC010000740_1:6595-7569   -            325 1014314at2759        -            222   3.6e-11   38.6   0.0   1   3   8.7e-06   6.1e-05   18.2   0.0   126   160    14    48     6   103 0.77 -
JAAFKC010000740_1:6595-7569   -            325 1014314at2759        -            222   3.6e-11   38.6   0.0   2   3      0.37       2.5    3.1   0.0     2    63   179   250   178   260 0.60 -
JAAFKC010000740_1:6595-7569   -            325 1014314at2759        -            222   3.6e-11   38.6   0.0   3   3   0.00023    0.0016   13.6   0.0   121   186   259   325   233   325 0.75 -
JAAFKC010004724_1:1577-1939   -            121 1014314at2759        -            222   3.9e-11   38.5   1.5   1   3     0.018      0.13    7.4   0.1    50    68    13    31     9    36 0.84 -
JAAFKC010004724_1:1577-1939   -            121 1014314at2759        -            222   3.9e-11   38.5   1.5   2   3   2.3e-06   1.6e-05   20.2   0.0    30    67    36    74    31    78 0.88 -
JAAFKC010004724_1:1577-1939   -            121 1014314at2759        -            222   3.9e-11   38.5   1.5   3   3    0.0041     0.029    9.5   0.0    28    57    91   120    82   121 0.91 -
JAAFKC010004724_1:1103-1432   -            110 1014314at2759        -            222   4.5e-11   38.3   0.5   1   2   0.00011   0.00076   14.7   0.0    31    65    18    53     9    59 0.80 -
JAAFKC010004724_1:1103-1432   -            110 1014314at2759        -            222   4.5e-11   38.3   0.5   2   2   4.7e-07   3.3e-06   22.4   0.1    30    64    71   106    56   109 0.87 -
JAAFKC010005645_1:298-821     -            115 1014314at2759        -            222   4.9e-11   38.2   1.0   1   3   8.1e-05   0.00057   15.1   0.0    24    51    10    37     4    40 0.90 -
JAAFKC010005645_1:298-821     -            115 1014314at2759        -            222   4.9e-11   38.2   1.0   2   3    0.0047     0.033    9.3   0.0    39    68    39    69    37    74 0.85 -
JAAFKC010005645_1:298-821     -            115 1014314at2759        -            222   4.9e-11   38.2   1.0   3   3   0.00053    0.0037   12.4   0.1    27    57    84   114    70   115 0.89 -
JAAFKC010000087_1:22262-27142 -            265 1014314at2759        -            222   7.6e-11   37.5   2.2   1   4    0.0004    0.0028   12.8   0.0   150   187     3    41     1    60 0.59 -
JAAFKC010000087_1:22262-27142 -            265 1014314at2759        -            222   7.6e-11   37.5   2.2   2   4   0.00025    0.0017   13.5   0.3     2    63    23   103    22   110 0.62 -
JAAFKC010000087_1:22262-27142 -            265 1014314at2759        -            222   7.6e-11   37.5   2.2   3   4    0.0025     0.017   10.2   0.1    30    67   189   232   184   235 0.73 -
JAAFKC010000087_1:22262-27142 -            265 1014314at2759        -            222   7.6e-11   37.5   2.2   4   4    0.0045     0.032    9.4   0.0    13    40   212   239   211   251 0.84 -
JAAFKC010001487_1:4023-4556   -            178 1014314at2759        -            222   1.9e-10   36.3   2.2   1   1   3.7e-10   2.6e-09   32.5   2.2     2   155     6   154     5   171 0.82 -
JAAFKC010006165_1:751-1698    -            316 1014314at2759        -            222   2.7e-10   35.7   3.5   1   5         7        49   -1.1   0.0    55    70     2    17     1    42 0.63 -
JAAFKC010006165_1:751-1698    -            316 1014314at2759        -            222   2.7e-10   35.7   3.5   2   5   4.8e-06   3.3e-05   19.1   0.1   126   192    46   117    39   125 0.85 -
JAAFKC010006165_1:751-1698    -            316 1014314at2759        -            222   2.7e-10   35.7   3.5   3   5    0.0085     0.059    8.5   0.0   120   183    86   150    77   157 0.76 -
JAAFKC010006165_1:751-1698    -            316 1014314at2759        -            222   2.7e-10   35.7   3.5   4   5     0.012     0.085    8.0   0.0   136   167   186   217   176   222 0.86 -
JAAFKC010006165_1:751-1698    -            316 1014314at2759        -            222   2.7e-10   35.7   3.5   5   5      0.14      0.96    4.5   0.0   128   154   230   256   227   263 0.56 -
JAAFKC010002845_1:2030-3103   -            358 1014314at2759        -            222   3.8e-10   35.3   0.2   1   4     1e-05   7.2e-05   18.0   0.0   128   158     2    32     1    49 0.83 -
JAAFKC010002845_1:2030-3103   -            358 1014314at2759        -            222   3.8e-10   35.3   0.2   2   4      0.73         5    2.2   0.0     2    61   153   222   152   234 0.57 -
JAAFKC010002845_1:2030-3103   -            358 1014314at2759        -            222   3.8e-10   35.3   0.2   3   4    0.0025     0.018   10.2   0.0   106   188   211   301   206   314 0.78 -
JAAFKC010002845_1:2030-3103   -            358 1014314at2759        -            222   3.8e-10   35.3   0.2   4   4       6.3        44   -0.9   0.0    36    55   337   356   322   358 0.53 -
JAAFKC010000180_1:22052-22849 -            266 1014314at2759        -            222   3.9e-10   35.2   0.1   1   3     0.006     0.042    9.0   0.1     7    63     6    74     1    78 0.55 -
JAAFKC010000180_1:22052-22849 -            266 1014314at2759        -            222   3.9e-10   35.2   0.1   2   3      0.89       6.2    1.9   0.0   128   152   131   155   127   166 0.82 -
JAAFKC010000180_1:22052-22849 -            266 1014314at2759        -            222   3.9e-10   35.2   0.1   3   3   4.6e-06   3.2e-05   19.2   0.0   126   185   178   237   170   255 0.94 -
JAAFKC010000597_1:2912-3484   -            191 1014314at2759        -            222   4.2e-10   35.1   0.3   1   2   0.00016    0.0011   14.1   0.1    31    65    33    67    24    72 0.75 -
JAAFKC010000597_1:2912-3484   -            191 1014314at2759        -            222   4.2e-10   35.1   0.3   2   2   5.9e-06   4.1e-05   18.8   0.0   121   200    93   174    87   180 0.85 -
JAAFKC010000002_1:12090-12764 -            225 1014314at2759        -            222   4.2e-10   35.1   2.0   1   3   3.3e-05   0.00023   16.4   0.6   119   200     6    91     3    94 0.75 -
JAAFKC010000002_1:12090-12764 -            225 1014314at2759        -            222   4.2e-10   35.1   2.0   2   3    0.0049     0.034    9.2   0.0    10    64   103   158    93   166 0.77 -
JAAFKC010000002_1:12090-12764 -            225 1014314at2759        -            222   4.2e-10   35.1   2.0   3   3      0.12      0.81    4.8   0.0     7   157   182   208   177   221 0.53 -
JAAFKC010001038_1:5493-6167   -            225 1014314at2759        -            222   4.2e-10   35.1   2.0   1   3   3.3e-05   0.00023   16.4   0.6   119   200     6    91     3    94 0.75 -
JAAFKC010001038_1:5493-6167   -            225 1014314at2759        -            222   4.2e-10   35.1   2.0   2   3    0.0049     0.034    9.2   0.0    10    64   103   158    93   166 0.77 -
JAAFKC010001038_1:5493-6167   -            225 1014314at2759        -            222   4.2e-10   35.1   2.0   3   3      0.12      0.81    4.8   0.0     7   157   182   208   177   221 0.53 -
JAAFKC010000185_1:14879-15427 -            183 1014314at2759        -            222   4.4e-10   35.0   2.9   1   3      0.14      0.97    4.5   0.0   139   154     4    19     2    21 0.87 -
JAAFKC010000185_1:14879-15427 -            183 1014314at2759        -            222   4.4e-10   35.0   2.9   2   3   6.3e-07   4.3e-06   22.0   0.6     2    68    67   142    66   148 0.72 -
JAAFKC010000185_1:14879-15427 -            183 1014314at2759        -            222   4.4e-10   35.0   2.9   3   3     0.028       0.2    6.8   0.0    29    64   146   182   143   183 0.87 -
JAAFKC010000760_1:4353-4901   -            183 1014314at2759        -            222   4.4e-10   35.0   2.9   1   3      0.14      0.97    4.5   0.0   139   154     4    19     2    21 0.87 -
JAAFKC010000760_1:4353-4901   -            183 1014314at2759        -            222   4.4e-10   35.0   2.9   2   3   6.3e-07   4.3e-06   22.0   0.6     2    68    67   142    66   148 0.72 -
JAAFKC010000760_1:4353-4901   -            183 1014314at2759        -            222   4.4e-10   35.0   2.9   3   3     0.028       0.2    6.8   0.0    29    64   146   182   143   183 0.87 -
JAAFKC010000180_1:16134-16961 -            276 1014314at2759        -            222     5e-10   34.9   0.4   1   3    0.0061     0.042    9.0   0.1     6    64     5    75     1    82 0.67 -
JAAFKC010000180_1:16134-16961 -            276 1014314at2759        -            222     5e-10   34.9   0.4   2   3       1.3       8.8    1.4   0.0   129   152   132   155   127   168 0.84 -
JAAFKC010000180_1:16134-16961 -            276 1014314at2759        -            222     5e-10   34.9   0.4   3   3   2.9e-06     2e-05   19.8   0.0   126   186   178   238   166   260 0.91 -
JAAFKC010000701_1:3151-3561   -            137 1014314at2759        -            222     5e-10   34.9   0.2   1   3   0.00041    0.0028   12.8   0.0    30    65    19    54    11    59 0.88 -
JAAFKC010000701_1:3151-3561   -            137 1014314at2759        -            222     5e-10   34.9   0.2   2   3    0.0019     0.013   10.6   0.0   148   201    46   101    46   104 0.88 -
JAAFKC010000701_1:3151-3561   -            137 1014314at2759        -            222     5e-10   34.9   0.2   3   3   2.9e-05    0.0002   16.5   0.0    30    62   103   135    92   137 0.86 -
JAAFKC010006216_1:967-1557    -            197 1014314at2759        -            222   6.7e-10   34.5   0.1   1   3   9.4e-07   6.6e-06   21.4   0.0   133   186     1    54     1    59 0.81 -
JAAFKC010006216_1:967-1557    -            197 1014314at2759        -            222   6.7e-10   34.5   0.1   2   3   1.2e-05   8.1e-05   17.8   0.1   126   186    35    94    33   102 0.90 -
JAAFKC010006216_1:967-1557    -            197 1014314at2759        -            222   6.7e-10   34.5   0.1   3   3      0.14      0.97    4.5   0.0   133   184    83   147    76   163 0.57 -
JAAFKC010000684_1:7849-8325   -            159 1014314at2759        -            222   7.3e-10   34.3   1.4   1   2   4.8e-07   3.3e-06   22.4   1.0     4    68    15    92    12   101 0.80 -
JAAFKC010000684_1:7849-8325   -            159 1014314at2759        -            222   7.3e-10   34.3   1.4   2   2    0.0082     0.057    8.5   0.0   121   151   126   158   120   159 0.79 -
JAAFKC010000625_1:3210-4079   -            290 1014314at2759        -            222   8.4e-10   34.1  13.8   1   6       6.4        44   -0.9   0.0    14    29    23    38    11    45 0.72 -
JAAFKC010000625_1:3210-4079   -            290 1014314at2759        -            222   8.4e-10   34.1  13.8   2   6     0.024      0.17    7.0   0.0     2    30    57    85    56    93 0.85 -
JAAFKC010000625_1:3210-4079   -            290 1014314at2759        -            222   8.4e-10   34.1  13.8   3   6      0.39       2.7    3.0   0.4    30    64   128   171   106   177 0.60 -
JAAFKC010000625_1:3210-4079   -            290 1014314at2759        -            222   8.4e-10   34.1  13.8   4   6      0.02      0.14    7.2   1.7   142   190   158   206   147   214 0.43 -
JAAFKC010000625_1:3210-4079   -            290 1014314at2759        -            222   8.4e-10   34.1  13.8   5   6     0.013     0.088    7.9   0.1   126   156   183   214   176   229 0.77 -
JAAFKC010000625_1:3210-4079   -            290 1014314at2759        -            222   8.4e-10   34.1  13.8   6   6   1.5e-06   1.1e-05   20.7   0.4    29    65   234   271   225   277 0.90 -
JAAFKC010001659_1:2594-3322   -            243 1014314at2759        -            222   9.2e-10   34.0   1.3   1   3   6.3e-06   4.4e-05   18.7   0.3   127   196     9    82     2    86 0.74 -
JAAFKC010001659_1:2594-3322   -            243 1014314at2759        -            222   9.2e-10   34.0   1.3   2   3    0.0025     0.017   10.2   0.0    29    67    89   128    86   138 0.85 -
JAAFKC010001659_1:2594-3322   -            243 1014314at2759        -            222   9.2e-10   34.0   1.3   3   3       5.7        40   -0.8   0.0    49    65   185   201   176   226 0.64 -
JAAFKC010001684_1:4197-4892   -            232 1014314at2759        -            222     1e-09   33.9   2.5   1   3   0.00036    0.0025   13.0   0.0   150   187     3    41     1    56 0.60 -
JAAFKC010001684_1:4197-4892   -            232 1014314at2759        -            222     1e-09   33.9   2.5   2   3    0.0048     0.033    9.3   0.1   123   155    70   104    59   108 0.57 -
JAAFKC010001684_1:4197-4892   -            232 1014314at2759        -            222     1e-09   33.9   2.5   3   3    0.0041     0.028    9.5   0.0    29    63   188   228   184   232 0.76 -
JAAFKC010001161_1:1089-2006   -            306 1014314at2759        -            222   1.1e-09   33.7   0.4   1   4    0.0032     0.022    9.9   0.0    28    65    95   133    72   142 0.87 -
JAAFKC010001161_1:1089-2006   -            306 1014314at2759        -            222   1.1e-09   33.7   0.4   2   4   3.5e-05   0.00024   16.3   0.2     2    36   151   185   143   193 0.77 -
JAAFKC010001161_1:1089-2006   -            306 1014314at2759        -            222   1.1e-09   33.7   0.4   3   4      0.59       4.1    2.5   0.0    22    60   212   248   203   253 0.78 -
JAAFKC010001161_1:1089-2006   -            306 1014314at2759        -            222   1.1e-09   33.7   0.4   4   4       5.1        36   -0.6   0.0   122   148   280   306   265   306 0.63 -
JAAFKC010000266_1:11355-12233 -            293 1014314at2759        -            222   2.5e-09   32.6   0.3   1   3     5e-05   0.00035   15.8   0.0    27    62    58    93    41   103 0.89 -
JAAFKC010000266_1:11355-12233 -            293 1014314at2759        -            222   2.5e-09   32.6   0.3   2   3      0.15       1.1    4.4   0.0   131   190   187   248   179   256 0.46 -
JAAFKC010000266_1:11355-12233 -            293 1014314at2759        -            222   2.5e-09   32.6   0.3   3   3    0.0013    0.0089   11.2   0.0   131   186   231   286   224   292 0.88 -
JAAFKC010006148_1:1555-1893   -            113 1014314at2759        -            222   2.6e-09   32.5   0.0   1   2    0.0037     0.026    9.7   0.0   130   154    39    63    26    66 0.91 -
JAAFKC010006148_1:1555-1893   -            113 1014314at2759        -            222   2.6e-09   32.5   0.0   2   2   1.4e-06   9.9e-06   20.8   0.0   115   152    75   113    68   113 0.85 -
JAAFKC010000045_1:45050-45379 -            110 1014314at2759        -            222   2.8e-09   32.4   0.1   1   2   1.2e-06   8.5e-06   21.0   0.0    30    64     9    44     5    47 0.85 -
JAAFKC010000045_1:45050-45379 -            110 1014314at2759        -            222   2.8e-09   32.4   0.1   2   2    0.0043      0.03    9.4   0.0    35    66    57    88    52   102 0.83 -
JAAFKC010002489_1:2707-3036   -            110 1014314at2759        -            222   2.8e-09   32.4   0.1   1   2   1.2e-06   8.5e-06   21.0   0.0    30    64     9    44     5    47 0.85 -
JAAFKC010002489_1:2707-3036   -            110 1014314at2759        -            222   2.8e-09   32.4   0.1   2   2    0.0043      0.03    9.4   0.0    35    66    57    88    52   102 0.83 -
JAAFKC010004922_1:2158-2502   -            115 1014314at2759        -            222   3.8e-09   32.0   0.1   1   2    0.0002    0.0014   13.8   0.0   141   199    17    77     1    81 0.71 -
JAAFKC010004922_1:2158-2502   -            115 1014314at2759        -            222   3.8e-09   32.0   0.1   2   2   3.9e-05   0.00027   16.1   0.1    30    62    81   113    72   115 0.90 -
JAAFKC010003400_1:625-1215    -            197 1014314at2759        -            222   3.9e-09   32.0   0.0   1   3    0.0013     0.009   11.2   0.0    70    94    11    35     2    39 0.84 -
JAAFKC010003400_1:625-1215    -            197 1014314at2759        -            222   3.9e-09   32.0   0.0   2   3   3.8e-05   0.00026   16.2   0.0   126   192    96   161    85   169 0.86 -
JAAFKC010003400_1:625-1215    -            197 1014314at2759        -            222   3.9e-09   32.0   0.0   3   3       2.1        14    0.7   0.0   128   144   180   196   169   197 0.64 -
JAAFKC010000363_1:13839-14642 -            268 1014314at2759        -            222   4.3e-09   31.8   6.9   1   3      0.12      0.83    4.7   0.0    32    68   132   169   126   173 0.80 -
JAAFKC010000363_1:13839-14642 -            268 1014314at2759        -            222   4.3e-09   31.8   6.9   2   3   0.00038    0.0026   12.9   0.2    27    68   178   223   168   238 0.79 -
JAAFKC010000363_1:13839-14642 -            268 1014314at2759        -            222   4.3e-09   31.8   6.9   3   3    0.0082     0.057    8.5   0.2     2    26   244   268   243   268 0.89 -
JAAFKC010000092_1:9436-9843   -            136 1014314at2759        -            222   5.8e-09   31.4   0.6   1   3   1.2e-07     8e-07   24.4   0.7   126   202     5    93     3   101 0.77 -
JAAFKC010000092_1:9436-9843   -            136 1014314at2759        -            222   5.8e-09   31.4   0.6   2   3   0.00041    0.0029   12.8   0.1   126   157    57    88    48   127 0.59 -
JAAFKC010000092_1:9436-9843   -            136 1014314at2759        -            222   5.8e-09   31.4   0.6   3   3       0.3       2.1    3.4   0.0    34    58   107   131    97   136 0.85 -
JAAFKC010001513_1:4603-5010   -            136 1014314at2759        -            222   5.8e-09   31.4   0.6   1   3   1.2e-07     8e-07   24.4   0.7   126   202     5    93     3   101 0.77 -
JAAFKC010001513_1:4603-5010   -            136 1014314at2759        -            222   5.8e-09   31.4   0.6   2   3   0.00041    0.0029   12.8   0.1   126   157    57    88    48   127 0.59 -
JAAFKC010001513_1:4603-5010   -            136 1014314at2759        -            222   5.8e-09   31.4   0.6   3   3       0.3       2.1    3.4   0.0    34    58   107   131    97   136 0.85 -
JAAFKC010004335_1:1109-2011   -            301 1014314at2759        -            222   6.3e-09   31.3   7.5   1   3   0.00016    0.0011   14.1   0.8     5    63     4    75     1    80 0.74 -
JAAFKC010004335_1:1109-2011   -            301 1014314at2759        -            222   6.3e-09   31.3   7.5   2   3     0.005     0.035    9.2   0.0   120   157   106   145    91   172 0.83 -
JAAFKC010004335_1:1109-2011   -            301 1014314at2759        -            222   6.3e-09   31.3   7.5   3   3     0.028      0.19    6.8   0.1     5    33   262   290   258   298 0.85 -
JAAFKC010003042_1:3557-4396   -            280 1014314at2759        -            222   8.9e-09   30.8   0.2   1   3   7.5e-05   0.00052   15.2   0.0    28    62    45    79    36   111 0.79 -
JAAFKC010003042_1:3557-4396   -            280 1014314at2759        -            222   8.9e-09   30.8   0.2   2   3     0.068      0.47    5.5   0.0    40    62   218   240   169   244 0.68 -
JAAFKC010003042_1:3557-4396   -            280 1014314at2759        -            222   8.9e-09   30.8   0.2   3   3   0.00042    0.0029   12.8   0.1   132   191   219   278   203   280 0.90 -
JAAFKC010003639_1:913-1560    -            216 1014314at2759        -            222   1.5e-08   30.1   2.9   1   2   8.3e-07   5.8e-06   21.6   1.3     3   155     2   157     1   173 0.77 -
JAAFKC010003639_1:913-1560    -            216 1014314at2759        -            222   1.5e-08   30.1   2.9   2   2      0.61       4.2    2.4   0.0   168   186   190   208   184   216 0.79 -
JAAFKC010002902_1:620-1324    -            235 1014314at2759        -            222   2.2e-08   29.5   0.1   1   3   0.00021    0.0015   13.7   0.1    13    70     1    67     1    72 0.69 -
JAAFKC010002902_1:620-1324    -            235 1014314at2759        -            222   2.2e-08   29.5   0.1   2   3    0.0042     0.029    9.5   0.0    29    68    69   109    64   114 0.87 -
JAAFKC010002902_1:620-1324    -            235 1014314at2759        -            222   2.2e-08   29.5   0.1   3   3      0.55       3.8    2.6   0.0    42    66   155   179   153   192 0.84 -
JAAFKC010004547_1:1110-1502   -            131 1014314at2759        -            222   2.3e-08   29.4   0.2   1   2   6.2e-05   0.00043   15.5   0.0    31    67    11    48     7    56 0.86 -
JAAFKC010004547_1:1110-1502   -            131 1014314at2759        -            222   2.3e-08   29.4   0.2   2   2   0.00043     0.003   12.7   0.1    31    76    62   107    47   129 0.84 -
JAAFKC010000029_1:49710-50324 -            205 1014314at2759        -            222   2.4e-08   29.4   1.8   1   4      0.17       1.2    4.3   0.0    35   154    33    62     9    68 0.59 -
JAAFKC010000029_1:49710-50324 -            205 1014314at2759        -            222   2.4e-08   29.4   1.8   2   4   0.00043     0.003   12.7   0.2    32    66    81   116    76   122 0.86 -
JAAFKC010000029_1:49710-50324 -            205 1014314at2759        -            222   2.4e-08   29.4   1.8   3   4     0.032      0.22    6.6   0.0    31    62   125   160   118   169 0.76 -
JAAFKC010000029_1:49710-50324 -            205 1014314at2759        -            222   2.4e-08   29.4   1.8   4   4      0.53       3.7    2.6   0.0    30    61   172   204   161   205 0.83 -
JAAFKC010000298_1:13872-14486 -            205 1014314at2759        -            222   2.4e-08   29.4   1.8   1   4      0.17       1.2    4.3   0.0    35   154    33    62     9    68 0.59 -
JAAFKC010000298_1:13872-14486 -            205 1014314at2759        -            222   2.4e-08   29.4   1.8   2   4   0.00043     0.003   12.7   0.2    32    66    81   116    76   122 0.86 -
JAAFKC010000298_1:13872-14486 -            205 1014314at2759        -            222   2.4e-08   29.4   1.8   3   4     0.032      0.22    6.6   0.0    31    62   125   160   118   169 0.76 -
JAAFKC010000298_1:13872-14486 -            205 1014314at2759        -            222   2.4e-08   29.4   1.8   4   4      0.53       3.7    2.6   0.0    30    61   172   204   161   205 0.83 -
JAAFKC010000416_1:5093-5644   -            184 1014314at2759        -            222   2.4e-08   29.4   6.2   1   4       3.3        23    0.0   0.0    12    27     4    19     1    28 0.63 -
JAAFKC010000416_1:5093-5644   -            184 1014314at2759        -            222   2.4e-08   29.4   6.2   2   4   8.2e-05   0.00057   15.1   0.0   129   154    67    92    56   116 0.79 -
JAAFKC010000416_1:5093-5644   -            184 1014314at2759        -            222   2.4e-08   29.4   6.2   3   4   0.00027    0.0018   13.4   0.3   135   164   116   145    99   151 0.76 -
JAAFKC010000416_1:5093-5644   -            184 1014314at2759        -            222   2.4e-08   29.4   6.2   4   4       1.3       9.2    1.3   0.1   138   152   169   183   163   184 0.64 -
JAAFKC010000937_1:1342-1893   -            184 1014314at2759        -            222   2.4e-08   29.4   6.2   1   4       3.3        23    0.0   0.0    12    27     4    19     1    28 0.63 -
JAAFKC010000937_1:1342-1893   -            184 1014314at2759        -            222   2.4e-08   29.4   6.2   2   4   8.2e-05   0.00057   15.1   0.0   129   154    67    92    56   116 0.79 -
JAAFKC010000937_1:1342-1893   -            184 1014314at2759        -            222   2.4e-08   29.4   6.2   3   4   0.00027    0.0018   13.4   0.3   135   164   116   145    99   151 0.76 -
JAAFKC010000937_1:1342-1893   -            184 1014314at2759        -            222   2.4e-08   29.4   6.2   4   4       1.3       9.2    1.3   0.1   138   152   169   183   163   184 0.64 -
JAAFKC010001556_1:4238-7471   -           1078 1014314at2759        -            222   2.8e-08   29.2   0.7   1   3       1.1       7.9    1.5   0.1   138   154   245   261   221   263 0.77 -
JAAFKC010001556_1:4238-7471   -           1078 1014314at2759        -            222   2.8e-08   29.2   0.7   2   3    0.0056     0.039    9.1   0.0   115   190   564   642   554   652 0.81 -
JAAFKC010001556_1:4238-7471   -           1078 1014314at2759        -            222   2.8e-08   29.2   0.7   3   3    0.0002    0.0014   13.8   0.0   127   183   667   722   657   726 0.86 -
JAAFKC010001119_1:5530-5859   -            110 1014314at2759        -            222   2.9e-08   29.1   0.4   1   1   1.2e-08   8.6e-08   27.6   0.5     2    92    11   108    10   110 0.88 -
JAAFKC010000416_1:3384-4163   -            260 1014314at2759        -            222   3.6e-08   28.8   2.4   1   3      0.54       3.8    2.6   0.1   138   154    58    74     1    77 0.79 -
JAAFKC010000416_1:3384-4163   -            260 1014314at2759        -            222   3.6e-08   28.8   2.4   2   3     9e-05   0.00063   14.9   1.0    48   187    59   208    30   216 0.74 -
JAAFKC010000416_1:3384-4163   -            260 1014314at2759        -            222   3.6e-08   28.8   2.4   3   3    0.0062     0.043    8.9   0.0     2    27   232   257   230   260 0.78 -
JAAFKC010000402_1:4790-5464   -            225 1014314at2759        -            222   4.5e-08   28.5   1.7   1   3     0.014     0.097    7.8   0.0   138   193     8    62     4    77 0.71 -
JAAFKC010000402_1:4790-5464   -            225 1014314at2759        -            222   4.5e-08   28.5   1.7   2   3       1.7        12    0.9   0.0   133   152    87   106    73   112 0.69 -
JAAFKC010000402_1:4790-5464   -            225 1014314at2759        -            222   4.5e-08   28.5   1.7   3   3     3e-05   0.00021   16.5   0.5   130   206   125   208   118   217 0.77 -
JAAFKC010003097_1:2473-2745   -             91 1014314at2759        -            222   5.2e-08   28.3   0.1   1   2     6e-06   4.2e-05   18.8   0.0    30    64     9    44     5    51 0.85 -
JAAFKC010003097_1:2473-2745   -             91 1014314at2759        -            222   5.2e-08   28.3   0.1   2   2     0.012     0.082    8.0   0.0     2    64    58    86    52    91 0.58 -
JAAFKC010005454_1:819-1052    -             78 1014314at2759        -            222   5.9e-08   28.1   0.2   1   1   9.5e-09   6.6e-08   27.9   0.2    28    84     6    63     3    75 0.86 -
JAAFKC010006080_1:1382-1981   -            200 1014314at2759        -            222   1.8e-07   26.5   0.0   1   2      0.45       3.2    2.8   0.0   129   151    62    84    56    97 0.85 -
JAAFKC010006080_1:1382-1981   -            200 1014314at2759        -            222   1.8e-07   26.5   0.0   2   2   8.1e-07   5.6e-06   21.6   0.0   126   185   108   167    96   189 0.92 -
JAAFKC010001411_1:3145-3648   -            168 1014314at2759        -            222   2.1e-07   26.3   0.2   1   2   4.6e-05   0.00032   15.9   0.0    32    71    71   111    35   115 0.76 -
JAAFKC010001411_1:3145-3648   -            168 1014314at2759        -            222   2.1e-07   26.3   0.2   2   2     0.013     0.094    7.8   0.0     3    23   130   150   128   162 0.75 -
JAAFKC010000017_1:40909-41760 -            284 1014314at2759        -            222   2.2e-07   26.3   0.6   1   4     0.059      0.41    5.7   0.0   129   185     2    60     1    67 0.63 -
JAAFKC010000017_1:40909-41760 -            284 1014314at2759        -            222   2.2e-07   26.3   0.6   2   4      0.51       3.5    2.7   0.1    68    93    43    68    27   110 0.77 -
JAAFKC010000017_1:40909-41760 -            284 1014314at2759        -            222   2.2e-07   26.3   0.6   3   4    0.0045     0.031    9.4   0.0    66    98   134   166   105   180 0.72 -
JAAFKC010000017_1:40909-41760 -            284 1014314at2759        -            222   2.2e-07   26.3   0.6   4   4     0.063      0.44    5.6   0.0   164   215   228   283   197   284 0.70 -
JAAFKC010000482_1:10391-10810 -            140 1014314at2759        -            222   2.2e-07   26.2   0.4   1   2   0.00069    0.0048   12.0   0.1    32    65    17    53     8    59 0.74 -
JAAFKC010000482_1:10391-10810 -            140 1014314at2759        -            222   2.2e-07   26.2   0.4   2   2    0.0005    0.0035   12.5   0.0    31    64    70   103    66   111 0.88 -
JAAFKC010005346_1:2-517       -            172 1014314at2759        -            222     3e-07   25.8   1.6   1   2     5e-06   3.5e-05   19.0   0.1   119   163    55    99    48   108 0.75 -
JAAFKC010005346_1:2-517       -            172 1014314at2759        -            222     3e-07   25.8   1.6   2   2     0.056      0.39    5.8   0.1   135   161   129   155   120   171 0.66 -
JAAFKC010000164_1:2106-2618   -            171 1014314at2759        -            222   4.2e-07   25.3   0.1   1   2     6e-07   4.1e-06   22.1   0.0    29    69    27    68    16    78 0.86 -
JAAFKC010000164_1:2106-2618   -            171 1014314at2759        -            222   4.2e-07   25.3   0.1   2   2         2        14    0.7   0.0   138   162    93   115    78   123 0.65 -
JAAFKC010000043_1:8812-9129   -            106 1014314at2759        -            222   4.2e-07   25.3   0.1   1   2   5.4e-06   3.8e-05   18.9   0.0    32    69    31    69     3    75 0.84 -
JAAFKC010000043_1:8812-9129   -            106 1014314at2759        -            222   4.2e-07   25.3   0.1   2   2      0.15         1    4.4   0.0     4    20    90   106    86   106 0.73 -
JAAFKC010000596_1:7036-7575   -            180 1014314at2759        -            222   7.7e-07   24.5   2.2   1   3      0.18       1.3    4.1   0.0    13    37    16    40    10    45 0.91 -
JAAFKC010000596_1:7036-7575   -            180 1014314at2759        -            222   7.7e-07   24.5   2.2   2   3     6e-05   0.00042   15.5   0.1     2    30    61    89    53   129 0.85 -
JAAFKC010000596_1:7036-7575   -            180 1014314at2759        -            222   7.7e-07   24.5   2.2   3   3      0.31       2.1    3.4   0.0    50    68   151   169   143   173 0.61 -
JAAFKC010001477_1:6876-7415   -            180 1014314at2759        -            222   7.7e-07   24.5   2.2   1   3      0.18       1.3    4.1   0.0    13    37    16    40    10    45 0.91 -
JAAFKC010001477_1:6876-7415   -            180 1014314at2759        -            222   7.7e-07   24.5   2.2   2   3     6e-05   0.00042   15.5   0.1     2    30    61    89    53   129 0.85 -
JAAFKC010001477_1:6876-7415   -            180 1014314at2759        -            222   7.7e-07   24.5   2.2   3   3      0.31       2.1    3.4   0.0    50    68   151   169   143   173 0.61 -
JAAFKC010001829_1:5374-5949   -            192 1014314at2759        -            222   8.9e-07   24.3   1.1   1   2   0.00081    0.0056   11.8   0.2   119   164    57   103    41   163 0.69 -
JAAFKC010001829_1:5374-5949   -            192 1014314at2759        -            222   8.9e-07   24.3   1.1   2   2     0.001     0.007   11.5   0.1    30    60   161   191   120   192 0.74 -
JAAFKC010005735_1:1065-1640   -            192 1014314at2759        -            222   8.9e-07   24.3   1.1   1   2   0.00081    0.0056   11.8   0.2   119   164    57   103    41   163 0.69 -
JAAFKC010005735_1:1065-1640   -            192 1014314at2759        -            222   8.9e-07   24.3   1.1   2   2     0.001     0.007   11.5   0.1    30    60   161   191   120   192 0.74 -
JAAFKC010000357_1:7744-8730   -            329 1014314at2759        -            222   1.1e-06   24.0   3.6   1   6     0.016      0.11    7.6   0.0   130   156     5    31     2    51 0.73 -
JAAFKC010000357_1:7744-8730   -            329 1014314at2759        -            222   1.1e-06   24.0   3.6   2   6       2.2        15    0.6   0.0    45    60    58    73    32    83 0.67 -
JAAFKC010000357_1:7744-8730   -            329 1014314at2759        -            222   1.1e-06   24.0   3.6   3   6      0.38       2.6    3.1   0.1   138   180   118   161   109   178 0.69 -
JAAFKC010000357_1:7744-8730   -            329 1014314at2759        -            222   1.1e-06   24.0   3.6   4   6       3.5        24   -0.1   0.0    48    70   179   201   175   217 0.78 -
JAAFKC010000357_1:7744-8730   -            329 1014314at2759        -            222   1.1e-06   24.0   3.6   5   6      0.51       3.5    2.7   0.1   138   187   226   275   199   296 0.75 -
JAAFKC010000357_1:7744-8730   -            329 1014314at2759        -            222   1.1e-06   24.0   3.6   6   6     0.027      0.18    6.9   0.0    55   150   234   328   226   329 0.63 -
JAAFKC010000741_1:3159-3632   -            158 1014314at2759        -            222   1.1e-06   23.9   0.4   1   2   4.3e-05    0.0003   16.0   0.1   120   158    16    54     5    83 0.71 -
JAAFKC010000741_1:3159-3632   -            158 1014314at2759        -            222   1.1e-06   23.9   0.4   2   2     0.018      0.13    7.4   0.0   112   156    73   119    61   155 0.79 -
JAAFKC010000811_1:2094-2567   -            158 1014314at2759        -            222   1.1e-06   23.9   0.4   1   2   4.3e-05    0.0003   16.0   0.1   120   158    16    54     5    83 0.71 -
JAAFKC010000811_1:2094-2567   -            158 1014314at2759        -            222   1.1e-06   23.9   0.4   2   2     0.018      0.13    7.4   0.0   112   156    73   119    61   155 0.79 -
JAAFKC010000436_1:10433-11212 -            260 1014314at2759        -            222   1.4e-06   23.7   2.3   1   3    0.0053     0.037    9.2   0.1     3    30    39    66    37    78 0.84 -
JAAFKC010000436_1:10433-11212 -            260 1014314at2759        -            222   1.4e-06   23.7   2.3   2   3   0.00065    0.0045   12.1   0.1   125   183    81   143    65   168 0.81 -
JAAFKC010000436_1:10433-11212 -            260 1014314at2759        -            222   1.4e-06   23.7   2.3   3   3       1.7        12    0.9   0.0     6    30   184   208   179   216 0.82 -
JAAFKC010004548_1:8-544       -            179 1014314at2759        -            222   1.7e-06   23.3   1.0   1   3     0.038      0.27    6.3   0.1     5    29    30    54    14    60 0.70 -
JAAFKC010004548_1:8-544       -            179 1014314at2759        -            222   1.7e-06   23.3   1.0   2   3     0.038      0.26    6.3   0.1     5    30    30    55    26    69 0.77 -
JAAFKC010004548_1:8-544       -            179 1014314at2759        -            222   1.7e-06   23.3   1.0   3   3   4.3e-05    0.0003   16.0   0.1   122   163    65   108    54   127 0.84 -
JAAFKC010001494_1:2356-3342   -            329 1014314at2759        -            222     2e-06   23.1   3.4   1   6     0.016      0.11    7.6   0.0   130   156     5    31     2    51 0.73 -
JAAFKC010001494_1:2356-3342   -            329 1014314at2759        -            222     2e-06   23.1   3.4   2   6       2.2        15    0.6   0.0    45    60    58    73    32    83 0.67 -
JAAFKC010001494_1:2356-3342   -            329 1014314at2759        -            222     2e-06   23.1   3.4   3   6      0.38       2.6    3.1   0.1   138   180   118   161   109   178 0.69 -
JAAFKC010001494_1:2356-3342   -            329 1014314at2759        -            222     2e-06   23.1   3.4   4   6       3.5        24   -0.1   0.0    48    70   179   201   175   217 0.78 -
JAAFKC010001494_1:2356-3342   -            329 1014314at2759        -            222     2e-06   23.1   3.4   5   6      0.52       3.6    2.6   0.1   138   187   226   275   201   296 0.75 -
JAAFKC010001494_1:2356-3342   -            329 1014314at2759        -            222     2e-06   23.1   3.4   6   6     0.075      0.52    5.4   0.0    57   150   236   328   229   329 0.59 -
JAAFKC010003540_1:2506-4005   -            500 1014314at2759        -            222   3.2e-06   22.4   4.7   1   3    0.0057      0.04    9.0   0.1   126   174   108   159    95   178 0.62 -
JAAFKC010003540_1:2506-4005   -            500 1014314at2759        -            222   3.2e-06   22.4   4.7   2   3       0.3       2.1    3.4   0.2   117   151   250   287   239   299 0.60 -
JAAFKC010003540_1:2506-4005   -            500 1014314at2759        -            222   3.2e-06   22.4   4.7   3   3    0.0021     0.014   10.5   0.2   116   153   294   332   288   352 0.86 -
JAAFKC010005666_1:905-1702    -            266 1014314at2759        -            222     7e-06   21.3   0.1   1   2    0.0038     0.026    9.6   0.0    37    65   147   175   135   183 0.68 -
JAAFKC010005666_1:905-1702    -            266 1014314at2759        -            222     7e-06   21.3   0.1   2   2    0.0072      0.05    8.7   0.0   125   159   212   246   203   266 0.77 -
JAAFKC010000560_1:3052-3546   -            165 1014314at2759        -            222   8.2e-06   21.1   0.4   1   3     0.041      0.28    6.2   0.0    14    41    27    54     9    67 0.63 -
JAAFKC010000560_1:3052-3546   -            165 1014314at2759        -            222   8.2e-06   21.1   0.4   2   3     0.049      0.34    6.0   0.0     2    42    74   114    73   145 0.80 -
JAAFKC010000560_1:3052-3546   -            165 1014314at2759        -            222   8.2e-06   21.1   0.4   3   3     0.046      0.32    6.1   0.0   132   153   144   165   140   165 0.90 -
JAAFKC010004922_1:1334-1789   -            152 1014314at2759        -            222   9.3e-06   20.9   0.2   1   2   3.7e-05   0.00026   16.2   0.0    30    68     5    43     1    49 0.83 -
JAAFKC010004922_1:1334-1789   -            152 1014314at2759        -            222   9.3e-06   20.9   0.2   2   2      0.75       5.2    2.1   0.0   125   148    51    74    44    77 0.85 -
JAAFKC010001623_1:3067-3843   -            259 1014314at2759        -            222   9.4e-06   20.9   2.5   1   3      0.07      0.48    5.5   0.1     5    29    38    62    22    67 0.70 -
JAAFKC010001623_1:3067-3843   -            259 1014314at2759        -            222   9.4e-06   20.9   2.5   2   3     0.068      0.47    5.5   0.1     5    30    38    63    34    76 0.77 -
JAAFKC010001623_1:3067-3843   -            259 1014314at2759        -            222   9.4e-06   20.9   2.5   3   3   8.2e-05   0.00057   15.1   0.1   122   163    73   116    62   136 0.85 -
JAAFKC010000215_1:3594-3848   -             85 1014314at2759        -            222   1.2e-05   20.6   0.1   1   2      0.76       5.3    2.1   0.0    13    31    21    39     7    54 0.79 -
JAAFKC010000215_1:3594-3848   -             85 1014314at2759        -            222   1.2e-05   20.6   0.1   2   2   1.7e-05   0.00012   17.3   0.0    33    60    57    85    38    85 0.82 -
JAAFKC010002929_1:776-1030    -             85 1014314at2759        -            222   1.2e-05   20.6   0.1   1   2      0.76       5.3    2.1   0.0    13    31    21    39     7    54 0.79 -
JAAFKC010002929_1:776-1030    -             85 1014314at2759        -            222   1.2e-05   20.6   0.1   2   2   1.7e-05   0.00012   17.3   0.0    33    60    57    85    38    85 0.82 -
JAAFKC010003003_1:421-855     -            145 1014314at2759        -            222   1.6e-05   20.1   0.3   1   2   0.00091    0.0063   11.7   0.1   120   193    15   103    10   105 0.63 -
JAAFKC010003003_1:421-855     -            145 1014314at2759        -            222   1.6e-05   20.1   0.3   2   2   0.00035    0.0024   13.0   0.0   126   184    78   142    68   145 0.79 -
JAAFKC010002919_1:3409-3594   -             62 1014314at2759        -            222   1.7e-05   20.1   0.0   1   1     1e-05   7.2e-05   18.0   0.0     2    32    29    59    28    62 0.94 -
JAAFKC010000031_1:34495-35367 -            291 1014314at2759        -            222   2.4e-05   19.6   1.3   1   5       1.6        11    1.0   0.0   134   154    20    40     7    45 0.81 -
JAAFKC010000031_1:34495-35367 -            291 1014314at2759        -            222   2.4e-05   19.6   1.3   2   5       2.3        16    0.5   0.1   125   157    59    90    49   127 0.75 -
JAAFKC010000031_1:34495-35367 -            291 1014314at2759        -            222   2.4e-05   19.6   1.3   3   5       1.1       7.3    1.6   0.0   165   185   148   168   101   170 0.72 -
JAAFKC010000031_1:34495-35367 -            291 1014314at2759        -            222   2.4e-05   19.6   1.3   4   5      0.12      0.84    4.7   0.0   127   148   204   225   201   227 0.91 -
JAAFKC010000031_1:34495-35367 -            291 1014314at2759        -            222   2.4e-05   19.6   1.3   5   5      0.11      0.77    4.8   0.0   150   185   256   291   252   291 0.87 -
JAAFKC010005312_1:1063-1341   -             93 1014314at2759        -            222   2.6e-05   19.5   0.5   1   1   7.1e-05    0.0005   15.3   0.5    29    74    38    83     4    93 0.63 -
JAAFKC010004277_1:1182-2132   -            317 1014314at2759        -            222   3.2e-05   19.2   0.2   1   2       3.5        24   -0.1   0.0    29    67    20    58    14    67 0.82 -
JAAFKC010004277_1:1182-2132   -            317 1014314at2759        -            222   3.2e-05   19.2   0.2   2   2    0.0007    0.0049   12.0   0.0    30    67   121   159   118   169 0.87 -
JAAFKC010000129_1:15423-15779 -            119 1014314at2759        -            222   3.4e-05   19.1   0.1   1   2       1.6        11    1.0   0.0   135   160     6    31     1    46 0.79 -
JAAFKC010000129_1:15423-15779 -            119 1014314at2759        -            222   3.4e-05   19.1   0.1   2   2   2.8e-05   0.00019   16.6   0.0   126   184    48   107    27   112 0.88 -
JAAFKC010001870_1:3085-3441   -            119 1014314at2759        -            222   3.4e-05   19.1   0.1   1   2       1.6        11    1.0   0.0   135   160     6    31     1    46 0.79 -
JAAFKC010001870_1:3085-3441   -            119 1014314at2759        -            222   3.4e-05   19.1   0.1   2   2   2.8e-05   0.00019   16.6   0.0   126   184    48   107    27   112 0.88 -
JAAFKC010002051_1:3786-4142   -            119 1014314at2759        -            222   3.4e-05   19.1   0.1   1   2       1.6        11    1.0   0.0   135   160     6    31     1    46 0.79 -
JAAFKC010002051_1:3786-4142   -            119 1014314at2759        -            222   3.4e-05   19.1   0.1   2   2   2.8e-05   0.00019   16.6   0.0   126   184    48   107    27   112 0.88 -
JAAFKC010006309_1:1251-1817   -            189 1014314at2759        -            222   3.6e-05   19.0   0.4   1   1   0.00032    0.0022   13.1   0.0    30    67    56    94    52   101 0.87 -
JAAFKC010005485_1:1610-2098   -            163 1014314at2759        -            222   4.8e-05   18.6   0.0   1   3    0.0045     0.032    9.4   0.0    34    66    34    67    30    72 0.86 -
JAAFKC010005485_1:1610-2098   -            163 1014314at2759        -            222   4.8e-05   18.6   0.0   2   3       4.4        30   -0.4   0.0   128   152    80   104    72   117 0.80 -
JAAFKC010005485_1:1610-2098   -            163 1014314at2759        -            222   4.8e-05   18.6   0.0   3   3      0.12      0.82    4.7   0.0   161   185   133   157   130   159 0.85 -
JAAFKC010000701_1:2342-2797   -            152 1014314at2759        -            222   4.9e-05   18.6   0.0   1   1   1.6e-05   0.00011   17.4   0.0    30    71     5    45     1    98 0.76 -
JAAFKC010000911_1:22-1245     -            408 1014314at2759        -            222     6e-05   18.3   1.9   1   3     0.019      0.13    7.4   0.0     3    30   198   225   196   233 0.89 -
JAAFKC010000911_1:22-1245     -            408 1014314at2759        -            222     6e-05   18.3   1.9   2   3     0.049      0.34    6.0   0.0   134   154   264   284   261   289 0.85 -
JAAFKC010000911_1:22-1245     -            408 1014314at2759        -            222     6e-05   18.3   1.9   3   3       3.3        23    0.0   0.1    31    61   307   341   303   346 0.81 -
JAAFKC010004041_1:2893-3420   -            176 1014314at2759        -            222   6.4e-05   18.2   0.7   1   3    0.0029      0.02   10.0   0.1   161   193    55    87     1    97 0.65 -
JAAFKC010004041_1:2893-3420   -            176 1014314at2759        -            222   6.4e-05   18.2   0.7   2   3   0.00062    0.0043   12.2   0.0   127   184    63   126    55   129 0.79 -
JAAFKC010004041_1:2893-3420   -            176 1014314at2759        -            222   6.4e-05   18.2   0.7   3   3       5.5        38   -0.7   0.1    51    66   139   154   135   166 0.71 -
JAAFKC010000162_1:11224-12141 -            306 1014314at2759        -            222   6.9e-05   18.1   0.0   1   3       1.4       9.7    1.2   0.0     5   151    45    68    31    84 0.63 -
JAAFKC010000162_1:11224-12141 -            306 1014314at2759        -            222   6.9e-05   18.1   0.0   2   3     0.023      0.16    7.0   0.0    28    68   195   237   187   243 0.80 -
JAAFKC010000162_1:11224-12141 -            306 1014314at2759        -            222   6.9e-05   18.1   0.0   3   3     0.078      0.55    5.3   0.0   128   156   261   289   247   306 0.74 -
JAAFKC010000017_1:41329-41865 -            179 1014314at2759        -            222   7.4e-05   18.0   0.2   1   2     0.014       0.1    7.7   0.0    73    98     1    26     1    45 0.64 -
JAAFKC010000017_1:41329-41865 -            179 1014314at2759        -            222   7.4e-05   18.0   0.2   2   2     0.017      0.12    7.5   0.0   159   215    82   143    56   147 0.70 -
JAAFKC010000440_1:12902-13819 -            306 1014314at2759        -            222    0.0001   17.5   0.0   1   3       1.4       9.7    1.2   0.0     5   151    45    68    31    84 0.63 -
JAAFKC010000440_1:12902-13819 -            306 1014314at2759        -            222    0.0001   17.5   0.0   2   3     0.026      0.18    6.9   0.0    28    67   195   236   187   242 0.80 -
JAAFKC010000440_1:12902-13819 -            306 1014314at2759        -            222    0.0001   17.5   0.0   3   3       0.1       0.7    5.0   0.0   130   156   263   289   247   306 0.76 -
JAAFKC010000238_1:4232-4393   -             54 1014314at2759        -            222    0.0001   17.5   0.1   1   1   1.5e-05    0.0001   17.5   0.1   126   155    14    43     3    53 0.74 -
JAAFKC010002383_1:3648-4103   -            152 1014314at2759        -            222   0.00013   17.1   0.0   1   1   3.1e-05   0.00021   16.5   0.0   120   192    21    96     7   110 0.76 -
JAAFKC010000369_1:9779-11647  -            623 1014314at2759        -            222   0.00021   16.5   2.9   1   4     0.031      0.22    6.6   0.0     3    30   198   225   196   233 0.89 -
JAAFKC010000369_1:9779-11647  -            623 1014314at2759        -            222   0.00021   16.5   2.9   2   4     0.081      0.56    5.3   0.0   134   154   264   284   261   289 0.85 -
JAAFKC010000369_1:9779-11647  -            623 1014314at2759        -            222   0.00021   16.5   2.9   3   4       5.7        40   -0.8   0.1    31    61   307   341   304   346 0.80 -
JAAFKC010000369_1:9779-11647  -            623 1014314at2759        -            222   0.00021   16.5   2.9   4   4       5.5        38   -0.7   0.0     2    27   413   438   408   446 0.84 -
JAAFKC010000143_1:24172-24954 -            261 1014314at2759        -            222    0.0003   16.0   0.8   1   3      0.47       3.3    2.8   0.1   128   154    49    76    17    88 0.66 -
JAAFKC010000143_1:24172-24954 -            261 1014314at2759        -            222    0.0003   16.0   0.8   2   3       0.9       6.2    1.9   0.0   165   185   184   204   137   206 0.72 -
JAAFKC010000143_1:24172-24954 -            261 1014314at2759        -            222    0.0003   16.0   0.8   3   3      0.15         1    4.4   0.0   127   148   240   261   237   261 0.91 -
JAAFKC010002049_1:1738-2295   -            186 1014314at2759        -            222   0.00032   15.9   1.0   1   3     0.014     0.095    7.8   0.1   128   164     6    42     1    47 0.84 -
JAAFKC010002049_1:1738-2295   -            186 1014314at2759        -            222   0.00032   15.9   1.0   2   3     0.058       0.4    5.8   0.0     9    31    74    96    59   118 0.78 -
JAAFKC010002049_1:1738-2295   -            186 1014314at2759        -            222   0.00032   15.9   1.0   3   3       6.2        43   -0.9   0.1   117   146   154   183   150   185 0.69 -
JAAFKC010002411_1:4092-4820   -            243 1014314at2759        -            222   0.00062   14.9   0.2   1   3     0.034      0.23    6.5   0.0   138   156    18    36     9    74 0.71 -
JAAFKC010002411_1:4092-4820   -            243 1014314at2759        -            222   0.00062   14.9   0.2   2   3       4.7        33   -0.5   0.0    34    47   138   151   131   200 0.62 -
JAAFKC010002411_1:4092-4820   -            243 1014314at2759        -            222   0.00062   14.9   0.2   3   3      0.13      0.89    4.6   0.0   138   156   217   235   212   239 0.87 -
JAAFKC010000162_1:12902-14032 -            377 1014314at2759        -            222   0.00066   14.9   0.0   1   1   0.00033    0.0023   13.1   0.0     6    60   311   377   306   377 0.77 -
JAAFKC010000440_1:11011-12141 -            377 1014314at2759        -            222   0.00066   14.9   0.0   1   1   0.00033    0.0023   13.1   0.0     6    60   311   377   306   377 0.77 -
JAAFKC010000119_1:3676-4467   -            264 1014314at2759        -            222   0.00096   14.3   3.9   1   2    0.0095     0.066    8.3   0.5    26    71    88   131    76   153 0.70 -
JAAFKC010000119_1:3676-4467   -            264 1014314at2759        -            222   0.00096   14.3   3.9   2   2      0.36       2.5    3.2   0.0   171   187   242   258   228   261 0.88 -
JAAFKC010001488_1:1813-6819   -           1669 1014314at2759        -            222    0.0012   14.0  12.8   1   5     0.074      0.51    5.4   0.1   160   187  1231  1258  1225  1273 0.53 -
JAAFKC010001488_1:1813-6819   -           1669 1014314at2759        -            222    0.0012   14.0  12.8   2   5      0.64       4.4    2.3   0.3    12    86  1303  1377  1292  1393 0.53 -
JAAFKC010001488_1:1813-6819   -           1669 1014314at2759        -            222    0.0012   14.0  12.8   3   5      0.71       4.9    2.2   0.1   128   162  1405  1439  1400  1453 0.83 -
JAAFKC010001488_1:1813-6819   -           1669 1014314at2759        -            222    0.0012   14.0  12.8   4   5       6.1        42   -0.9   0.0   146   172  1481  1507  1469  1513 0.80 -
JAAFKC010001488_1:1813-6819   -           1669 1014314at2759        -            222    0.0012   14.0  12.8   5   5     0.021      0.14    7.2   0.0   135   154  1560  1579  1547  1591 0.86 -
JAAFKC010000687_1:6749-7114   -            122 1014314at2759        -            222    0.0044   12.2   0.0   1   2     0.016      0.11    7.6   0.0    31    65    28    63    10    73 0.72 -
JAAFKC010000687_1:6749-7114   -            122 1014314at2759        -            222    0.0044   12.2   0.0   2   2      0.51       3.6    2.6   0.0    73    95    93   115    85   117 0.89 -
JAAFKC010001149_1:7269-7622   -            118 1014314at2759        -            222    0.0062   11.7   0.0   1   2    0.0039     0.027    9.6   0.0   122   187    15    82    11    87 0.82 -
JAAFKC010001149_1:7269-7622   -            118 1014314at2759        -            222    0.0062   11.7   0.0   2   2      0.08      0.56    5.3   0.0    36    65    64    93    57    97 0.73 -
JAAFKC010000118_1:8454-9233   -            260 1014314at2759        -            222    0.0074   11.4   3.0   1   3       3.3        23    0.0   0.0   140   174   121   155    93   164 0.85 -
JAAFKC010000118_1:8454-9233   -            260 1014314at2759        -            222    0.0074   11.4   3.0   2   3     0.017      0.12    7.5   0.4   132   182   169   217   148   222 0.73 -
JAAFKC010000118_1:8454-9233   -            260 1014314at2759        -            222    0.0074   11.4   3.0   3   3      0.82       5.7    2.0   0.1    11    33   228   247   220   257 0.77 -
JAAFKC010000693_1:1901-2680   -            260 1014314at2759        -            222    0.0074   11.4   3.0   1   3       3.3        23    0.0   0.0   140   174   121   155    93   164 0.85 -
JAAFKC010000693_1:1901-2680   -            260 1014314at2759        -            222    0.0074   11.4   3.0   2   3     0.017      0.12    7.5   0.4   132   182   169   217   148   222 0.73 -
JAAFKC010000693_1:1901-2680   -            260 1014314at2759        -            222    0.0074   11.4   3.0   3   3      0.82       5.7    2.0   0.1    11    33   228   247   220   257 0.77 -
#
# Program:         hmmsearch
# Version:         3.1b2 (February 2015)
# Pipeline mode:   SEARCH
# Query file:      /Users/aholzer/ownCloud/PhD/Publications/2021 Liavero-Pasquina et al./analysis/TPP_aptamer_search/busco_downloads/lineages/eukaryota_odb10/hmms/1014314at2759.hmm
# Target file:     /Users/aholzer/ownCloud/PhD/Publications/2021 Liavero-Pasquina et al./analysis/TPP_aptamer_search/genomes/BUSCO_eukaryota_obd10/Bacillariophyta_sp_ASM1329908v1/run_eukaryota_odb10/metaeuk_output/rerun_results/GCA_013299085.1_ASM1329908v1_genomic.fna.modified.fas
# Option settings: hmmsearch --domtblout /Users/aholzer/ownCloud/PhD/Publications/2021 Liavero-Pasquina et al./analysis/TPP_aptamer_search/genomes/BUSCO_eukaryota_obd10/Bacillariophyta_sp_ASM1329908v1/run_eukaryota_odb10/hmmer_output/rerun_results/1014314at2759.out --cpu 1 /Users/aholzer/ownCloud/PhD/Publications/2021 Liavero-Pasquina et al./analysis/TPP_aptamer_search/busco_downloads/lineages/eukaryota_odb10/hmms/1014314at2759.hmm /Users/aholzer/ownCloud/PhD/Publications/2021 Liavero-Pasquina et al./analysis/TPP_aptamer_search/genomes/BUSCO_eukaryota_obd10/Bacillariophyta_sp_ASM1329908v1/run_eukaryota_odb10/metaeuk_output/rerun_results/GCA_013299085.1_ASM1329908v1_genomic.fna.modified.fas 
# Current dir:     /Users/aholzer/ownCloud/PhD/Publications/2021 Liavero-Pasquina et al./analysis/TPP_aptamer_search
# Date:            Mon Apr 19 16:45:15 2021
# [ok]
