#                                                                                     --- full sequence --- -------------- this domain -------------   hmm coord   ali coord   env coord
# target name                 accession   tlen query name           accession   qlen   E-value  score  bias   #  of  c-Evalue  i-Evalue  score  bias  from    to  from    to  from    to  acc description of target
#         ------------------- ---------- ----- -------------------- ---------- ----- --------- ------ ----- --- --- --------- --------- ------ ----- ----- ----- ----- ----- ----- ----- ---- ---------------------
JAAFKC010000338_1:14064-15080 -            339 1423847at2759        -            275   1.7e-08   29.9   0.2   1   3      0.91   3.1e+02   -3.8   0.0    16    30    12    26     4    51 0.62 -
JAAFKC010000338_1:14064-15080 -            339 1423847at2759        -            275   1.7e-08   29.9   0.2   2   3    0.0028      0.96    4.5   0.0    62   117    89   147    77   173 0.72 -
JAAFKC010000338_1:14064-15080 -            339 1423847at2759        -            275   1.7e-08   29.9   0.2   3   3   8.6e-09     3e-06   22.6   0.0   150   251   209   323   186   332 0.73 -
JAAFKC010001431_1:1499-2623   -            375 1423847at2759        -            275   0.00066   14.9   1.1   1   3     0.053        18    0.3   0.0     7    32     3    28     1    48 0.84 -
JAAFKC010001431_1:1499-2623   -            375 1423847at2759        -            275   0.00066   14.9   1.1   2   3      0.81   2.8e+02   -3.6   0.0    68    96    89   117    85   124 0.83 -
JAAFKC010001431_1:1499-2623   -            375 1423847at2759        -            275   0.00066   14.9   1.1   3   3   1.3e-05    0.0044   12.2   0.0   194   252   262   319   182   332 0.68 -
JAAFKC010006043_1:758-1882    -            375 1423847at2759        -            275   0.00066   14.9   1.1   1   3     0.053        18    0.3   0.0     7    32     3    28     1    48 0.84 -
JAAFKC010006043_1:758-1882    -            375 1423847at2759        -            275   0.00066   14.9   1.1   2   3      0.81   2.8e+02   -3.6   0.0    68    96    89   117    85   124 0.83 -
JAAFKC010006043_1:758-1882    -            375 1423847at2759        -            275   0.00066   14.9   1.1   3   3   1.3e-05    0.0044   12.2   0.0   194   252   262   319   182   332 0.68 -
#
# Program:         hmmsearch
# Version:         3.1b2 (February 2015)
# Pipeline mode:   SEARCH
# Query file:      /Users/aholzer/ownCloud/PhD/Publications/2021 Liavero-Pasquina et al./analysis/TPP_aptamer_search/busco_downloads/lineages/eukaryota_odb10/hmms/1423847at2759.hmm
# Target file:     /Users/aholzer/ownCloud/PhD/Publications/2021 Liavero-Pasquina et al./analysis/TPP_aptamer_search/genomes/BUSCO_eukaryota_obd10/Bacillariophyta_sp_ASM1329908v1/run_eukaryota_odb10/metaeuk_output/rerun_results/GCA_013299085.1_ASM1329908v1_genomic.fna.modified.fas
# Option settings: hmmsearch --domtblout /Users/aholzer/ownCloud/PhD/Publications/2021 Liavero-Pasquina et al./analysis/TPP_aptamer_search/genomes/BUSCO_eukaryota_obd10/Bacillariophyta_sp_ASM1329908v1/run_eukaryota_odb10/hmmer_output/rerun_results/1423847at2759.out --cpu 1 /Users/aholzer/ownCloud/PhD/Publications/2021 Liavero-Pasquina et al./analysis/TPP_aptamer_search/busco_downloads/lineages/eukaryota_odb10/hmms/1423847at2759.hmm /Users/aholzer/ownCloud/PhD/Publications/2021 Liavero-Pasquina et al./analysis/TPP_aptamer_search/genomes/BUSCO_eukaryota_obd10/Bacillariophyta_sp_ASM1329908v1/run_eukaryota_odb10/metaeuk_output/rerun_results/GCA_013299085.1_ASM1329908v1_genomic.fna.modified.fas 
# Current dir:     /Users/aholzer/ownCloud/PhD/Publications/2021 Liavero-Pasquina et al./analysis/TPP_aptamer_search
# Date:            Mon Apr 19 16:45:36 2021
# [ok]
