#                                                                                --- full sequence --- -------------- this domain -------------   hmm coord   ali coord   env coord
# target name            accession   tlen query name           accession   qlen   E-value  score  bias   #  of  c-Evalue  i-Evalue  score  bias  from    to  from    to  from    to  acc description of target
#    ------------------- ---------- ----- -------------------- ---------- ----- --------- ------ ----- --- --- --------- --------- ------ ----- ----- ----- ----- ----- ----- ----- ---- ---------------------
QAXB01049101_1:465-1550  -            362 1014314at2759        -            222   1.4e-32  108.2   8.3   1   6   0.00095     0.015   10.1   0.0    31    68    11    49     6    61 0.86 -
QAXB01049101_1:465-1550  -            362 1014314at2759        -            222   1.4e-32  108.2   8.3   2   6   1.7e-10   2.6e-09   32.2   0.1     2    63    72   140    71   144 0.87 -
QAXB01049101_1:465-1550  -            362 1014314at2759        -            222   1.4e-32  108.2   8.3   3   6   8.6e-06   0.00013   16.8   0.2     2    59   113   179   112   190 0.58 -
QAXB01049101_1:465-1550  -            362 1014314at2759        -            222   1.4e-32  108.2   8.3   4   6   1.1e-06   1.6e-05   19.7   0.9    13    68   167   230   157   259 0.61 -
QAXB01049101_1:465-1550  -            362 1014314at2759        -            222   1.4e-32  108.2   8.3   5   6   6.2e-13   9.5e-12   40.1   0.0   135   201   259   327   253   331 0.91 -
QAXB01049101_1:465-1550  -            362 1014314at2759        -            222   1.4e-32  108.2   8.3   6   6      0.44       6.7    1.4   0.0     2    29   334   361   333   362 0.77 -
QAXB01025377_1:5-1001    -            289 1014314at2759        -            222   1.2e-30  101.9   0.3   1   3   1.8e-07   2.7e-06   22.3   0.0    30    83     8    60     4   100 0.75 -
QAXB01025377_1:5-1001    -            289 1014314at2759        -            222   1.2e-30  101.9   0.3   2   3       2.9        45   -1.3   0.0    27    65   112   157    87   165 0.62 -
QAXB01025377_1:5-1001    -            289 1014314at2759        -            222   1.2e-30  101.9   0.3   3   3   3.5e-24   5.3e-23   76.9   0.1   120   203   170   256   150   261 0.89 -
QAXB01035484_1:2-763     -            183 1014314at2759        -            222   2.2e-19   65.1   3.2   1   5      0.28       4.2    2.0   0.1    54    70     3    19     1    25 0.79 -
QAXB01035484_1:2-763     -            183 1014314at2759        -            222   2.2e-19   65.1   3.2   2   5   3.5e-12   5.3e-11   37.7   0.1   126   187    27    88    19    95 0.92 -
QAXB01035484_1:2-763     -            183 1014314at2759        -            222   2.2e-19   65.1   3.2   3   5   5.4e-06   8.2e-05   17.4   0.0    31    67    65   101    62   105 0.93 -
QAXB01035484_1:2-763     -            183 1014314at2759        -            222   2.2e-19   65.1   3.2   4   5     1e-05   0.00015   16.6   0.0    29    62   105   139    99   149 0.86 -
QAXB01035484_1:2-763     -            183 1014314at2759        -            222   2.2e-19   65.1   3.2   5   5     0.071       1.1    4.0   0.0     4    26   161   183   158   183 0.76 -
QAXB01033943_1:595-1452  -            286 1014314at2759        -            222   8.9e-18   59.8   1.1   1   6   2.2e-09   3.3e-08   28.6   0.0   135   198    10    75     4    80 0.88 -
QAXB01033943_1:595-1452  -            286 1014314at2759        -            222   8.9e-18   59.8   1.1   2   6   0.00015    0.0023   12.7   0.0   137   197    54   114    53   135 0.80 -
QAXB01033943_1:595-1452  -            286 1014314at2759        -            222   8.9e-18   59.8   1.1   3   6     0.021      0.33    5.7   0.0     8    29   135   156   127   159 0.85 -
QAXB01033943_1:595-1452  -            286 1014314at2759        -            222   8.9e-18   59.8   1.1   4   6      0.66        10    0.8   0.0   118   151   163   196   157   202 0.79 -
QAXB01033943_1:595-1452  -            286 1014314at2759        -            222   8.9e-18   59.8   1.1   5   6     0.034      0.52    5.0   0.0    67    94   216   243   211   247 0.81 -
QAXB01033943_1:595-1452  -            286 1014314at2759        -            222   8.9e-18   59.8   1.1   6   6    0.0028     0.043    8.5   0.0     8    60   224   286   222   286 0.65 -
QAXB01004675_1:53-547    -            165 1014314at2759        -            222   5.8e-17   57.2   0.2   1   2   3.9e-11     6e-10   34.2   0.0   119   174    13    69    10    72 0.93 -
QAXB01004675_1:53-547    -            165 1014314at2759        -            222   5.8e-17   57.2   0.2   2   2   3.5e-07   5.3e-06   21.3   0.1   119   186    91   158    77   164 0.78 -
QAXB01041641_1:803-1393  -            197 1014314at2759        -            222   1.4e-14   49.4   0.6   1   4      0.16       2.5    2.8   0.0    13    32    10    29     1    35 0.77 -
QAXB01041641_1:803-1393  -            197 1014314at2759        -            222   1.4e-14   49.4   0.6   2   4   2.5e-05   0.00039   15.2   0.0    29    70    44    86    41    89 0.86 -
QAXB01041641_1:803-1393  -            197 1014314at2759        -            222   1.4e-14   49.4   0.6   3   4   1.6e-05   0.00024   15.9   0.1    30    67    89   127    83   133 0.84 -
QAXB01041641_1:803-1393  -            197 1014314at2759        -            222   1.4e-14   49.4   0.6   4   4    0.0004    0.0062   11.3   0.0    31    69   140   178   136   187 0.89 -
QAXB01041642_1:808-1398  -            197 1014314at2759        -            222   1.4e-14   49.4   0.6   1   4      0.16       2.5    2.8   0.0    13    32    10    29     1    35 0.77 -
QAXB01041642_1:808-1398  -            197 1014314at2759        -            222   1.4e-14   49.4   0.6   2   4   2.5e-05   0.00039   15.2   0.0    29    70    44    86    41    89 0.86 -
QAXB01041642_1:808-1398  -            197 1014314at2759        -            222   1.4e-14   49.4   0.6   3   4   1.6e-05   0.00024   15.9   0.1    30    67    89   127    83   133 0.84 -
QAXB01041642_1:808-1398  -            197 1014314at2759        -            222   1.4e-14   49.4   0.6   4   4    0.0004    0.0062   11.3   0.0    31    69   140   178   136   187 0.89 -
QAXB01044863_1:141-731   -            197 1014314at2759        -            222   1.4e-14   49.4   0.6   1   4      0.16       2.5    2.8   0.0    13    32    10    29     1    35 0.77 -
QAXB01044863_1:141-731   -            197 1014314at2759        -            222   1.4e-14   49.4   0.6   2   4   2.5e-05   0.00039   15.2   0.0    29    70    44    86    41    89 0.86 -
QAXB01044863_1:141-731   -            197 1014314at2759        -            222   1.4e-14   49.4   0.6   3   4   1.6e-05   0.00024   15.9   0.1    30    67    89   127    83   133 0.84 -
QAXB01044863_1:141-731   -            197 1014314at2759        -            222   1.4e-14   49.4   0.6   4   4    0.0004    0.0062   11.3   0.0    31    69   140   178   136   187 0.89 -
QAXB01038322_1:610-1214  -            168 1014314at2759        -            222   7.4e-14   47.0   0.0   1   3   1.3e-07     2e-06   22.7   0.0   138   187     4    53     1    72 0.91 -
QAXB01038322_1:610-1214  -            168 1014314at2759        -            222   7.4e-14   47.0   0.0   2   3   4.6e-06     7e-05   17.7   0.0   114   163    78   126    54   131 0.78 -
QAXB01038322_1:610-1214  -            168 1014314at2759        -            222   7.4e-14   47.0   0.0   3   3     0.061      0.93    4.2   0.0   126   158   130   162   122   167 0.75 -
QAXB01053752_1:876-1748  -            291 1014314at2759        -            222   1.6e-13   45.9   7.5   1   6     0.057      0.86    4.3   0.0    14    35     1    22     1    32 0.86 -
QAXB01053752_1:876-1748  -            291 1014314at2759        -            222   1.6e-13   45.9   7.5   2   6    0.0001    0.0015   13.3   0.0     1    27    39    65    39    70 0.94 -
QAXB01053752_1:876-1748  -            291 1014314at2759        -            222   1.6e-13   45.9   7.5   3   6      0.86        13    0.4   0.1    29    60    94   132    86   139 0.64 -
QAXB01053752_1:876-1748  -            291 1014314at2759        -            222   1.6e-13   45.9   7.5   4   6   0.00055    0.0084   10.9   0.0     2    32   153   183   152   188 0.76 -
QAXB01053752_1:876-1748  -            291 1014314at2759        -            222   1.6e-13   45.9   7.5   5   6       0.4       6.2    1.5   0.0   123   151   208   240   193   248 0.64 -
QAXB01053752_1:876-1748  -            291 1014314at2759        -            222   1.6e-13   45.9   7.5   6   6   8.8e-05    0.0013   13.5   0.1    32    60   262   291   221   291 0.85 -
QAXB01034028_1:168-671   -            168 1014314at2759        -            222   1.8e-13   45.8   1.1   1   3    0.0012     0.019    9.7   0.1    31    69     2    42     1    48 0.77 -
QAXB01034028_1:168-671   -            168 1014314at2759        -            222   1.8e-13   45.8   1.1   2   3   1.3e-07     2e-06   22.7   0.0     3    64    52   119    50   127 0.80 -
QAXB01034028_1:168-671   -            168 1014314at2759        -            222   1.8e-13   45.8   1.1   3   3   0.00068      0.01   10.6   0.0     2    28   139   165   130   168 0.70 -
QAXB01035533_1:370-1242  -            291 1014314at2759        -            222   2.9e-13   45.1   6.1   1   5     0.038      0.59    4.8   0.0   141   162     3    24     1    30 0.72 -
QAXB01035533_1:370-1242  -            291 1014314at2759        -            222   2.9e-13   45.1   6.1   2   5   2.4e-08   3.7e-07   25.1   0.3     8    73    36   110    32   124 0.79 -
QAXB01035533_1:370-1242  -            291 1014314at2759        -            222   2.9e-13   45.1   6.1   3   5   0.00012    0.0019   13.0   0.2     1    65    71   144    71   148 0.67 -
QAXB01035533_1:370-1242  -            291 1014314at2759        -            222   2.9e-13   45.1   6.1   4   5     0.001     0.015   10.0   0.0    30    91   181   256   175   263 0.60 -
QAXB01035533_1:370-1242  -            291 1014314at2759        -            222   2.9e-13   45.1   6.1   5   5    0.0044     0.066    7.9   0.1     6    46   238   276   233   284 0.69 -
QAXB01009893_1:247-903   -            219 1014314at2759        -            222   7.4e-13   43.7   0.2   1   4     0.091       1.4    3.6   0.0   127   153    13    39     3    61 0.56 -
QAXB01009893_1:247-903   -            219 1014314at2759        -            222   7.4e-13   43.7   0.2   2   4    0.0016     0.025    9.3   0.2     9    78    63   139    54   144 0.66 -
QAXB01009893_1:247-903   -            219 1014314at2759        -            222   7.4e-13   43.7   0.2   3   4   9.9e-05    0.0015   13.3   0.0    31    71   134   175   126   177 0.85 -
QAXB01009893_1:247-903   -            219 1014314at2759        -            222   7.4e-13   43.7   0.2   4   4   6.5e-05   0.00099   13.9   0.0    30    65   177   213   173   218 0.90 -
QAXB01052179_1:1748-2443 -            232 1014314at2759        -            222   2.6e-12   42.0   4.8   1   4   1.1e-05   0.00017   16.4   0.0    10    65     4    64     2    67 0.80 -
QAXB01052179_1:1748-2443 -            232 1014314at2759        -            222   2.6e-12   42.0   4.8   2   4   1.2e-06   1.8e-05   19.6   0.6     7    66    83   153    77   157 0.66 -
QAXB01052179_1:1748-2443 -            232 1014314at2759        -            222   2.6e-12   42.0   4.8   3   4   7.7e-06   0.00012   16.9   0.3   113   173   106   169   104   183 0.73 -
QAXB01052179_1:1748-2443 -            232 1014314at2759        -            222   2.6e-12   42.0   4.8   4   4      0.96        15    0.3   0.0    54    63   209   218   198   231 0.55 -
QAXB01003074_1:1-363     -            121 1014314at2759        -            222   2.9e-11   38.5   2.1   1   2   3.3e-10     5e-09   31.2   0.6     2    66     7    85     6    91 0.82 -
QAXB01003074_1:1-363     -            121 1014314at2759        -            222   2.9e-11   38.5   2.1   2   2     0.016      0.24    6.1   0.0    30    61    91   121    86   121 0.75 -
QAXB01007502_1:257-544   -             96 1014314at2759        -            222   3.4e-11   38.3   0.9   1   2   3.9e-05    0.0006   14.6   0.1    31    62     2    34     1    39 0.90 -
QAXB01007502_1:257-544   -             96 1014314at2759        -            222   3.4e-11   38.3   0.9   2   2   1.2e-07   1.9e-06   22.8   0.1    30    63    61    95    53    96 0.87 -
QAXB01012978_1:455-844   -            130 1014314at2759        -            222   9.4e-11   36.9   0.2   1   2     5e-06   7.7e-05   17.5   0.0    31    65    26    61    20    69 0.89 -
QAXB01012978_1:455-844   -            130 1014314at2759        -            222   9.4e-11   36.9   0.2   2   2   6.5e-06    0.0001   17.2   0.5     2    33    78   109    77   125 0.82 -
QAXB01033345_1:12-515    -            168 1014314at2759        -            222   1.9e-09   32.6   0.0   1   2   6.8e-06    0.0001   17.1   0.0    13    67     2    65     1    72 0.73 -
QAXB01033345_1:12-515    -            168 1014314at2759        -            222   1.9e-09   32.6   0.0   2   2    0.0001    0.0016   13.3   0.0    26    65    70   110    62   138 0.82 -
QAXB01034330_1:44-331    -             96 1014314at2759        -            222   2.6e-09   32.2   0.1   1   2   3.3e-05   0.00051   14.9   0.0   147   201     3    59     1    62 0.88 -
QAXB01034330_1:44-331    -             96 1014314at2759        -            222   2.6e-09   32.2   0.1   2   2   1.1e-05   0.00016   16.5   0.1    30    62    61    93    53    95 0.92 -
QAXB01032927_1:1-898     -            268 1014314at2759        -            222   3.2e-09   31.9   0.0   1   4   0.00028    0.0043   11.8   0.0   141   179     2    39     1    66 0.85 -
QAXB01032927_1:1-898     -            268 1014314at2759        -            222   3.2e-09   31.9   0.0   2   4     0.057      0.88    4.3   0.0    37    66    90   119    74   126 0.79 -
QAXB01032927_1:1-898     -            268 1014314at2759        -            222   3.2e-09   31.9   0.0   3   4     0.011      0.16    6.7   0.0   121   182   124   185   120   210 0.65 -
QAXB01032927_1:1-898     -            268 1014314at2759        -            222   3.2e-09   31.9   0.0   4   4     0.055      0.84    4.3   0.0   131   151   230   250   216   258 0.66 -
QAXB01035219_1:491-1009  -            173 1014314at2759        -            222   6.6e-09   30.8   0.0   1   2    0.0031     0.048    8.4   0.0     3    30    52    79    50    83 0.82 -
QAXB01035219_1:491-1009  -            173 1014314at2759        -            222   6.6e-09   30.8   0.0   2   2   6.8e-07     1e-05   20.4   0.0   119   186    84   152    81   166 0.82 -
QAXB01037894_1:406-717   -            104 1014314at2759        -            222   6.7e-09   30.8   0.2   1   2   0.00067      0.01   10.6   0.0   132   174     1    43     1    44 0.83 -
QAXB01037894_1:406-717   -            104 1014314at2759        -            222   6.7e-09   30.8   0.2   2   2   6.9e-07   1.1e-05   20.4   0.0   120   185    30    97    26   102 0.75 -
QAXB01032525_1:23-529    -            169 1014314at2759        -            222     8e-09   30.6   0.1   1   3      0.02      0.31    5.8   0.0    36    63     1    27     1    53 0.81 -
QAXB01032525_1:23-529    -            169 1014314at2759        -            222     8e-09   30.6   0.1   2   3     0.002      0.03    9.0   0.0   129   173   103   147    88   149 0.89 -
QAXB01032525_1:23-529    -            169 1014314at2759        -            222     8e-09   30.6   0.1   3   3   2.7e-05   0.00042   15.1   0.0   122   152   137   169   132   169 0.81 -
QAXB01043589_1:953-1207  -             85 1014314at2759        -            222   1.7e-08   29.5   0.1   1   2   9.1e-07   1.4e-05   20.0   0.0    30    67     9    47     3    53 0.83 -
QAXB01043589_1:953-1207  -             85 1014314at2759        -            222   1.7e-08   29.5   0.1   2   2    0.0033      0.05    8.3   0.1    28    60    52    85    47    85 0.83 -
QAXB01013864_1:512-775   -             88 1014314at2759        -            222   3.9e-08   28.3   1.2   1   1   3.1e-08   4.7e-07   24.8   1.2     2    66     5    82     4    88 0.79 -
QAXB01034250_1:93-431    -            113 1014314at2759        -            222   4.7e-08   28.0   0.0   1   2   3.8e-05   0.00058   14.7   0.0   119   149     5    37     1    54 0.80 -
QAXB01034250_1:93-431    -            113 1014314at2759        -            222   4.7e-08   28.0   0.0   2   2   0.00038    0.0057   11.4   0.0   120   154    67   102    61   110 0.75 -
QAXB01016965_1:194-415   -             74 1014314at2759        -            222   5.1e-08   27.9   0.2   1   2     9e-06   0.00014   16.7   0.0    30    62     2    34     1    43 0.91 -
QAXB01016965_1:194-415   -             74 1014314at2759        -            222   5.1e-08   27.9   0.2   2   2    0.0013      0.02    9.7   0.0     2    26    50    74    49    74 0.88 -
QAXB01047084_1:343-564   -             74 1014314at2759        -            222   6.8e-08   27.5   0.2   1   2   8.7e-06   0.00013   16.8   0.0    30    62     2    34     1    44 0.91 -
QAXB01047084_1:343-564   -             74 1014314at2759        -            222   6.8e-08   27.5   0.2   2   2    0.0018     0.027    9.2   0.0     2    26    50    74    49    74 0.87 -
QAXB01025105_1:27-392    -            122 1014314at2759        -            222   8.4e-08   27.2   0.1   1   1   6.7e-06    0.0001   17.1   0.1    30   152     2   121     1   122 0.63 -
QAXB01052782_1:1344-1940 -            199 1014314at2759        -            222     1e-07   27.0   0.9   1   3      0.24       3.6    2.2   0.1   172   204    49    81    39    93 0.62 -
QAXB01052782_1:1344-1940 -            199 1014314at2759        -            222     1e-07   27.0   0.9   2   3   0.00039    0.0059   11.4   0.0   135   177    99   141    83   171 0.80 -
QAXB01052782_1:1344-1940 -            199 1014314at2759        -            222     1e-07   27.0   0.9   3   3   0.00097     0.015   10.1   0.0     2    26   174   198   173   199 0.89 -
QAXB01047606_1:3-548     -            182 1014314at2759        -            222   1.5e-07   26.4   0.1   1   1   1.5e-08   2.2e-07   25.8   0.1   130   187     6    62     3    72 0.91 -
QAXB01018910_1:2098-2580 -            161 1014314at2759        -            222     2e-07   26.0   7.0   1   2    0.0036     0.056    8.2   1.6    15    68     2    63     1    70 0.65 -
QAXB01018910_1:2098-2580 -            161 1014314at2759        -            222     2e-07   26.0   7.0   2   2   9.3e-07   1.4e-05   19.9   0.5    29    65    73   110    61   130 0.82 -
QAXB01029884_1:3-416     -            138 1014314at2759        -            222   4.7e-07   24.8   0.0   1   2      0.17       2.6    2.7   0.0    28    61    37    72    24    87 0.64 -
QAXB01029884_1:3-416     -            138 1014314at2759        -            222   4.7e-07   24.8   0.0   2   2     2e-06     3e-05   18.9   0.0     2    41    90   137    89   138 0.69 -
QAXB01035102_1:753-1172  -            140 1014314at2759        -            222     5e-07   24.7   0.0   1   2   3.2e-05   0.00049   14.9   0.0   127   189    18    81    10    94 0.87 -
QAXB01035102_1:753-1172  -            140 1014314at2759        -            222     5e-07   24.7   0.0   2   2    0.0037     0.056    8.2   0.0   113   151   102   140    86   140 0.92 -
QAXB01053375_1:33-560    -            176 1014314at2759        -            222     5e-07   24.7   0.1   1   1   1.2e-07   1.8e-06   22.8   0.1   122   194     3    76     1    85 0.88 -
QAXB01033185_1:1-240     -             80 1014314at2759        -            222   9.2e-07   23.8   0.1   1   1   2.5e-07   3.8e-06   21.8   0.1     2    62    12    80    11    80 0.88 -
QAXB01054818_1:22-270    -             83 1014314at2759        -            222   9.4e-07   23.8   2.8   1   2   5.2e-07   7.9e-06   20.8   1.3   139   187     1    48     1    65 0.87 -
QAXB01054818_1:22-270    -             83 1014314at2759        -            222   9.4e-07   23.8   2.8   2   2     0.097       1.5    3.5   0.0    21    44    57    80    50    82 0.86 -
QAXB01043997_1:708-1727  -            340 1014314at2759        -            222   1.1e-06   23.6   1.5   1   4      0.33         5    1.8   0.0    19    65    52    64    11    78 0.69 -
QAXB01043997_1:708-1727  -            340 1014314at2759        -            222   1.1e-06   23.6   1.5   2   4     0.014      0.21    6.3   0.0    34   154    84   113    76   128 0.62 -
QAXB01043997_1:708-1727  -            340 1014314at2759        -            222   1.1e-06   23.6   1.5   3   4      0.37       5.7    1.6   0.0     4    58   135   197   132   205 0.45 -
QAXB01043997_1:708-1727  -            340 1014314at2759        -            222   1.1e-06   23.6   1.5   4   4   0.00097     0.015   10.1   0.0    35    67   217   249   181   252 0.75 -
QAXB01006679_1:15-287    -             91 1014314at2759        -            222   1.7e-06   23.0   0.5   1   1   8.1e-07   1.2e-05   20.1   0.3    15    67     2    64     1    68 0.72 -
QAXB01028953_1:8-457     -            150 1014314at2759        -            222   3.2e-06   22.0   0.0   1   2   4.6e-06     7e-05   17.7   0.0   128   202     8    89     2   100 0.76 -
QAXB01028953_1:8-457     -            150 1014314at2759        -            222   3.2e-06   22.0   0.0   2   2       1.2        19   -0.1   0.0     5    18    97   110    93   126 0.68 -
QAXB01030069_1:169-357   -             63 1014314at2759        -            222   7.3e-06   20.9   0.0   1   1     5e-07   7.7e-06   20.8   0.0   127   175     9    63     1    63 0.72 -
QAXB01014110_1:23-196    -             58 1014314at2759        -            222   7.5e-06   20.8   0.0   1   1     5e-07   7.7e-06   20.8   0.0    19    62    13    56     4    58 0.87 -
QAXB01054649_1:81-215    -             45 1014314at2759        -            222     1e-05   20.4   0.0   1   1   6.6e-07     1e-05   20.4   0.0     2    29     9    36     2    44 0.71 -
QAXB01025839_1:349-858   -            170 1014314at2759        -            222   3.9e-05   18.5   0.5   1   3    0.0043     0.065    8.0   0.1   125   186     5    71     2    98 0.75 -
QAXB01025839_1:349-858   -            170 1014314at2759        -            222   3.9e-05   18.5   0.5   2   3      0.17       2.6    2.7   0.0   159   190    83   114    43   122 0.65 -
QAXB01025839_1:349-858   -            170 1014314at2759        -            222   3.9e-05   18.5   0.5   3   3     0.014      0.21    6.3   0.0   112   152   121   166   113   169 0.73 -
QAXB01022420_1:2-1432    -            477 1014314at2759        -            222   9.9e-05   17.2   0.1   1   2   6.7e-05     0.001   13.9   0.0     2    31   323   352   322   369 0.77 -
QAXB01022420_1:2-1432    -            477 1014314at2759        -            222   9.9e-05   17.2   0.1   2   2      0.63       9.6    0.9   0.1    25    59   364   400   355   413 0.62 -
QAXB01013538_1:3-353     -            117 1014314at2759        -            222   0.00011   17.0   0.0   1   2   5.7e-05   0.00087   14.1   0.0   149   201     2    55     1    66 0.86 -
QAXB01013538_1:3-353     -            117 1014314at2759        -            222   0.00011   17.0   0.0   2   2      0.61       9.3    0.9   0.0     5    19    64    78    60    94 0.71 -
QAXB01031131_1:1-537     -            179 1014314at2759        -            222    0.0002   16.2   0.2   1   3      0.07       1.1    4.0   0.0   127   154     7    34     4    45 0.87 -
QAXB01031131_1:1-537     -            179 1014314at2759        -            222    0.0002   16.2   0.2   2   3       6.6     1e+02   -2.5   0.0   188   208    39    59    35    61 0.73 -
QAXB01031131_1:1-537     -            179 1014314at2759        -            222    0.0002   16.2   0.2   3   3    0.0017     0.026    9.3   0.0   117   153   139   178   130   179 0.83 -
QAXB01012730_1:17-583    -            189 1014314at2759        -            222    0.0002   16.2   0.1   1   1   2.1e-05   0.00032   15.5   0.1   120   191    96   168    80   179 0.85 -
QAXB01028728_1:0-296     -             99 1014314at2759        -            222   0.00027   15.8   0.0   1   2    0.0011     0.017    9.9   0.0    51    84     6    50     3    53 0.61 -
QAXB01028728_1:0-296     -             99 1014314at2759        -            222   0.00027   15.8   0.0   2   2    0.0052     0.079    7.7   0.0   120   183    28    90    22    98 0.79 -
QAXB01031417_1:1-495     -            165 1014314at2759        -            222   0.00028   15.7   0.0   1   2    0.0016     0.025    9.3   0.0   134   187     1    56     1    73 0.90 -
QAXB01031417_1:1-495     -            165 1014314at2759        -            222   0.00028   15.7   0.0   2   2     0.062      0.95    4.2   0.0     2    27   138   163   132   165 0.87 -
QAXB01000938_1:2-745     -            248 1014314at2759        -            222   0.00029   15.7   0.4   1   2     0.065      0.99    4.1   0.1   130   156     4    30     1    45 0.54 -
QAXB01000938_1:2-745     -            248 1014314at2759        -            222   0.00029   15.7   0.4   2   2    0.0019     0.029    9.1   0.0   120   156    92   129    87   139 0.85 -
QAXB01052754_1:51-428    -            126 1014314at2759        -            222   0.00035   15.4   0.1   1   2   0.00073     0.011   10.5   0.0   129   154    51    76    36    80 0.84 -
QAXB01052754_1:51-428    -            126 1014314at2759        -            222   0.00035   15.4   0.1   2   2      0.21       3.3    2.4   0.0   137   153   110   126   102   126 0.88 -
#
# Program:         hmmsearch
# Version:         3.1b2 (February 2015)
# Pipeline mode:   SEARCH
# Query file:      /Users/aholzer/ownCloud/PhD/Publications/2021 Liavero-Pasquina et al./analysis/TPP_aptamer_search/busco_downloads/lineages/eukaryota_odb10/hmms/1014314at2759.hmm
# Target file:     /Users/aholzer/ownCloud/PhD/Publications/2021 Liavero-Pasquina et al./analysis/TPP_aptamer_search/genomes/BUSCO_eukaryota_obd10/Halamphora_sp_MG8b/run_eukaryota_odb10/metaeuk_output/initial_results/GCA_004335815.1_ASM433581v1_genomic.fna.modified.fas
# Option settings: hmmsearch --domtblout /Users/aholzer/ownCloud/PhD/Publications/2021 Liavero-Pasquina et al./analysis/TPP_aptamer_search/genomes/BUSCO_eukaryota_obd10/Halamphora_sp_MG8b/run_eukaryota_odb10/hmmer_output/initial_run_results/1014314at2759.out --cpu 1 /Users/aholzer/ownCloud/PhD/Publications/2021 Liavero-Pasquina et al./analysis/TPP_aptamer_search/busco_downloads/lineages/eukaryota_odb10/hmms/1014314at2759.hmm /Users/aholzer/ownCloud/PhD/Publications/2021 Liavero-Pasquina et al./analysis/TPP_aptamer_search/genomes/BUSCO_eukaryota_obd10/Halamphora_sp_MG8b/run_eukaryota_odb10/metaeuk_output/initial_results/GCA_004335815.1_ASM433581v1_genomic.fna.modified.fas 
# Current dir:     /Users/aholzer/ownCloud/PhD/Publications/2021 Liavero-Pasquina et al./analysis/TPP_aptamer_search
# Date:            Sun Apr 18 05:28:07 2021
# [ok]
