#                                                                                --- full sequence --- -------------- this domain -------------   hmm coord   ali coord   env coord
# target name            accession   tlen query name           accession   qlen   E-value  score  bias   #  of  c-Evalue  i-Evalue  score  bias  from    to  from    to  from    to  acc description of target
#    ------------------- ---------- ----- -------------------- ---------- ----- --------- ------ ----- --- --- --------- --------- ------ ----- ----- ----- ----- ----- ----- ----- ---- ---------------------
QAXB01041315_1:652-1485  -            175 1355894at2759        -            142   3.4e-58  191.2   0.7   1   1   5.5e-60     4e-58  191.0   0.7     1   142     2   160     2   160 0.93 -
QAXB01041316_1:684-1517  -            175 1355894at2759        -            142   3.4e-58  191.2   0.7   1   1   5.5e-60     4e-58  191.0   0.7     1   142     2   160     2   160 0.93 -
QAXB01043420_1:161-994   -            175 1355894at2759        -            142   3.4e-58  191.2   0.7   1   1   5.5e-60     4e-58  191.0   0.7     1   142     2   160     2   160 0.93 -
QAXB01048895_1:1415-1999 -            159 1355894at2759        -            142   6.9e-25   83.3   4.7   1   2   1.9e-12   1.4e-10   36.9   0.1     7    59    10    63     1    68 0.89 -
QAXB01048895_1:1415-1999 -            159 1355894at2759        -            142   6.9e-25   83.3   4.7   2   2   8.2e-16   5.9e-14   47.8   1.5    59   131    78   159    73   159 0.85 -
QAXB01050182_1:3770-3997 -             76 1355894at2759        -            142     1e-12   43.8   0.0   1   1   1.6e-14   1.2e-12   43.6   0.0    65   132     1    76     1    76 0.84 -
QAXB01011272_1:35-436    -            134 1355894at2759        -            142   3.2e-10   35.7   0.1   1   3   2.7e-08     2e-06   23.4   0.0     4    46     6    48     3    53 0.91 -
QAXB01011272_1:35-436    -            134 1355894at2759        -            142   3.2e-10   35.7   0.1   2   3     0.039       2.9    3.5   0.0    46    59    72    85    66    94 0.86 -
QAXB01011272_1:35-436    -            134 1355894at2759        -            142   3.2e-10   35.7   0.1   3   3    0.0097       0.7    5.5   0.0    61    77   118   134   100   134 0.84 -
QAXB01034372_1:721-948   -             76 1355894at2759        -            142   2.1e-08   29.8   0.0   1   1   3.2e-10   2.3e-08   29.7   0.0    64   117     2    60     1    70 0.83 -
QAXB01034573_1:908-1516  -            166 1355894at2759        -            142   5.3e-08   28.5   0.0   1   1   2.4e-08   1.7e-06   23.6   0.0    20   131    27   163    15   165 0.72 -
QAXB01028678_1:336-665   -            110 1355894at2759        -            142   3.4e-06   22.7   0.2   1   1   5.8e-08   4.2e-06   22.4   0.2    64   127    31   100    11   107 0.84 -
QAXB01051185_1:4794-5135 -            114 1355894at2759        -            142   0.00035   16.2   0.0   1   1   5.4e-06   0.00039   16.0   0.0    63   124    34   101     6   104 0.84 -
QAXB01044609_1:599-865   -             89 1355894at2759        -            142   0.00054   15.5   0.0   1   1   8.5e-06   0.00061   15.4   0.0    63   123    23    89    14    89 0.79 -
#
# Program:         hmmsearch
# Version:         3.1b2 (February 2015)
# Pipeline mode:   SEARCH
# Query file:      /Users/aholzer/ownCloud/PhD/Publications/2021 Liavero-Pasquina et al./analysis/TPP_aptamer_search/busco_downloads/lineages/eukaryota_odb10/hmms/1355894at2759.hmm
# Target file:     /Users/aholzer/ownCloud/PhD/Publications/2021 Liavero-Pasquina et al./analysis/TPP_aptamer_search/genomes/BUSCO_eukaryota_obd10/Halamphora_sp_MG8b/run_eukaryota_odb10/metaeuk_output/initial_results/GCA_004335815.1_ASM433581v1_genomic.fna.modified.fas
# Option settings: hmmsearch --domtblout /Users/aholzer/ownCloud/PhD/Publications/2021 Liavero-Pasquina et al./analysis/TPP_aptamer_search/genomes/BUSCO_eukaryota_obd10/Halamphora_sp_MG8b/run_eukaryota_odb10/hmmer_output/initial_run_results/1355894at2759.out --cpu 1 /Users/aholzer/ownCloud/PhD/Publications/2021 Liavero-Pasquina et al./analysis/TPP_aptamer_search/busco_downloads/lineages/eukaryota_odb10/hmms/1355894at2759.hmm /Users/aholzer/ownCloud/PhD/Publications/2021 Liavero-Pasquina et al./analysis/TPP_aptamer_search/genomes/BUSCO_eukaryota_obd10/Halamphora_sp_MG8b/run_eukaryota_odb10/metaeuk_output/initial_results/GCA_004335815.1_ASM433581v1_genomic.fna.modified.fas 
# Current dir:     /Users/aholzer/ownCloud/PhD/Publications/2021 Liavero-Pasquina et al./analysis/TPP_aptamer_search
# Date:            Sun Apr 18 05:28:18 2021
# [ok]
