#                                                                              --- full sequence --- -------------- this domain -------------   hmm coord   ali coord   env coord
# target name          accession   tlen query name           accession   qlen   E-value  score  bias   #  of  c-Evalue  i-Evalue  score  bias  from    to  from    to  from    to  acc description of target
#  ------------------- ---------- ----- -------------------- ---------- ----- --------- ------ ----- --- --- --------- --------- ------ ----- ----- ----- ----- ----- ----- ----- ---- ---------------------
QAXB01050060_1:38-1705 -            514 855834at2759         -            326   2.4e-34  114.4  28.2   1   5   2.3e-05    0.0093   10.6   0.5    74   133    72   148    69   152 0.74 -
QAXB01050060_1:38-1705 -            514 855834at2759         -            326   2.4e-34  114.4  28.2   2   5   4.7e-17   1.9e-14   49.0   1.8   128   188   190   252   182   261 0.85 -
QAXB01050060_1:38-1705 -            514 855834at2759         -            326   2.4e-34  114.4  28.2   3   5   2.5e-13   9.8e-11   36.8   4.8   193   261   282   364   274   366 0.80 -
QAXB01050060_1:38-1705 -            514 855834at2759         -            326   2.4e-34  114.4  28.2   4   5   5.3e-06    0.0021   12.7   0.0   265   296   391   422   386   442 0.78 -
QAXB01050060_1:38-1705 -            514 855834at2759         -            326   2.4e-34  114.4  28.2   5   5   2.7e-07   0.00011   17.0   0.4   306   326   471   491   468   491 0.91 -
QAXB01050061_1:38-1984 -            607 855834at2759         -            326     6e-34  113.1  27.9   1   5   2.7e-05     0.011   10.4   0.4    74   133   165   241   161   245 0.74 -
QAXB01050061_1:38-1984 -            607 855834at2759         -            326     6e-34  113.1  27.9   2   5   5.9e-17   2.3e-14   48.7   1.8   128   188   283   345   275   354 0.85 -
QAXB01050061_1:38-1984 -            607 855834at2759         -            326     6e-34  113.1  27.9   3   5   2.9e-13   1.1e-10   36.6   4.7   193   261   375   457   367   459 0.80 -
QAXB01050061_1:38-1984 -            607 855834at2759         -            326     6e-34  113.1  27.9   4   5   6.5e-06    0.0026   12.4   0.0   265   296   484   515   479   535 0.78 -
QAXB01050061_1:38-1984 -            607 855834at2759         -            326     6e-34  113.1  27.9   5   5   3.2e-07   0.00013   16.7   0.4   306   326   564   584   561   584 0.91 -
#
# Program:         hmmsearch
# Version:         3.1b2 (February 2015)
# Pipeline mode:   SEARCH
# Query file:      /Users/aholzer/ownCloud/PhD/Publications/2021 Liavero-Pasquina et al./analysis/TPP_aptamer_search/busco_downloads/lineages/eukaryota_odb10/hmms/855834at2759.hmm
# Target file:     /Users/aholzer/ownCloud/PhD/Publications/2021 Liavero-Pasquina et al./analysis/TPP_aptamer_search/genomes/BUSCO_eukaryota_obd10/Halamphora_sp_MG8b/run_eukaryota_odb10/metaeuk_output/initial_results/GCA_004335815.1_ASM433581v1_genomic.fna.modified.fas
# Option settings: hmmsearch --domtblout /Users/aholzer/ownCloud/PhD/Publications/2021 Liavero-Pasquina et al./analysis/TPP_aptamer_search/genomes/BUSCO_eukaryota_obd10/Halamphora_sp_MG8b/run_eukaryota_odb10/hmmer_output/initial_run_results/855834at2759.out --cpu 1 /Users/aholzer/ownCloud/PhD/Publications/2021 Liavero-Pasquina et al./analysis/TPP_aptamer_search/busco_downloads/lineages/eukaryota_odb10/hmms/855834at2759.hmm /Users/aholzer/ownCloud/PhD/Publications/2021 Liavero-Pasquina et al./analysis/TPP_aptamer_search/genomes/BUSCO_eukaryota_obd10/Halamphora_sp_MG8b/run_eukaryota_odb10/metaeuk_output/initial_results/GCA_004335815.1_ASM433581v1_genomic.fna.modified.fas 
# Current dir:     /Users/aholzer/ownCloud/PhD/Publications/2021 Liavero-Pasquina et al./analysis/TPP_aptamer_search
# Date:            Sun Apr 18 05:28:38 2021
# [ok]
