#                                                                                   --- full sequence --- -------------- this domain -------------   hmm coord   ali coord   env coord
# target name               accession   tlen query name           accession   qlen   E-value  score  bias   #  of  c-Evalue  i-Evalue  score  bias  from    to  from    to  from    to  acc description of target
#       ------------------- ---------- ----- -------------------- ---------- ----- --------- ------ ----- --- --- --------- --------- ------ ----- ----- ----- ----- ----- ----- ----- ---- ---------------------
scaffold_4686:2840-4507     -            556 937275at2759         -             94   9.3e-11   37.6   0.1   1   3       3.2   1.6e+02   -1.6   0.0    15    30   177   192   168   212 0.82 -
scaffold_4686:2840-4507     -            556 937275at2759         -             94   9.3e-11   37.6   0.1   2   3   8.8e-09   4.5e-07   25.8   0.0    27    76   214   280   193   288 0.82 -
scaffold_4686:2840-4507     -            556 937275at2759         -             94   9.3e-11   37.6   0.1   3   3    0.0041      0.21    7.7   0.0    75    92   301   318   292   320 0.83 -
scaffold_3873:18189-19231   -            316 937275at2759         -             94   9.6e-06   21.6   1.5   1   5         2     1e+02   -1.0   0.0    48    58     8    18     4    23 0.67 -
scaffold_3873:18189-19231   -            316 937275at2759         -             94   9.6e-06   21.6   1.5   2   5     0.029       1.5    5.0   0.0    74    90    93   109    84   113 0.83 -
scaffold_3873:18189-19231   -            316 937275at2759         -             94   9.6e-06   21.6   1.5   3   5      0.19       9.9    2.3   0.0    74    93   134   153   129   154 0.87 -
scaffold_3873:18189-19231   -            316 937275at2759         -             94   9.6e-06   21.6   1.5   4   5     0.021       1.1    5.3   0.0    73    93   238   258   232   259 0.88 -
scaffold_3873:18189-19231   -            316 937275at2759         -             94   9.6e-06   21.6   1.5   5   5      0.11       5.6    3.1   0.0    73    90   280   297   276   300 0.87 -
scaffold_3887:40882-41724   -            281 937275at2759         -             94   2.5e-05   20.2   2.7   1   5     0.067       3.4    3.8   0.0    75    91    18    34    15    37 0.84 -
scaffold_3887:40882-41724   -            281 937275at2759         -             94   2.5e-05   20.2   2.7   2   5     0.018       0.9    5.6   0.0    75    91    74    90    63    93 0.85 -
scaffold_3887:40882-41724   -            281 937275at2759         -             94   2.5e-05   20.2   2.7   3   5      0.11       5.8    3.0   0.0    73    90   114   131   108   135 0.88 -
scaffold_3887:40882-41724   -            281 937275at2759         -             94   2.5e-05   20.2   2.7   4   5     0.088       4.5    3.4   0.0    75    90   162   177   149   180 0.89 -
scaffold_3887:40882-41724   -            281 937275at2759         -             94   2.5e-05   20.2   2.7   5   5       2.2   1.1e+02   -1.1   0.0    15    31   223   239   215   254 0.75 -
scaffold_4337:8588-9475     -            296 937275at2759         -             94   5.2e-05   19.2   1.0   1   5      0.58        30    0.7   0.0    75    91    33    49    30    52 0.80 -
scaffold_4337:8588-9475     -            296 937275at2759         -             94   5.2e-05   19.2   1.0   2   5     0.035       1.8    4.7   0.0    75    89    78    92    68    97 0.87 -
scaffold_4337:8588-9475     -            296 937275at2759         -             94   5.2e-05   19.2   1.0   3   5      0.05       2.5    4.2   0.0    74    89   119   134    99   138 0.85 -
scaffold_4337:8588-9475     -            296 937275at2759         -             94   5.2e-05   19.2   1.0   4   5       3.1   1.6e+02   -1.6   0.0    75    89   203   217   200   221 0.84 -
scaffold_4337:8588-9475     -            296 937275at2759         -             94   5.2e-05   19.2   1.0   5   5       0.1       5.4    3.1   0.0    74    89   246   261   234   264 0.82 -
scaffold_9365:5452-6213     -            254 937275at2759         -             94   0.00012   18.0  11.6   1   6      0.05       2.6    4.2   0.1    74    89    19    34    13    39 0.87 -
scaffold_9365:5452-6213     -            254 937275at2759         -             94   0.00012   18.0  11.6   2   6     0.028       1.4    5.0   0.1    74    90    60    76    42    80 0.88 -
scaffold_9365:5452-6213     -            254 937275at2759         -             94   0.00012   18.0  11.6   3   6    0.0086      0.44    6.6   0.1    73    91   101   119    81   122 0.75 -
scaffold_9365:5452-6213     -            254 937275at2759         -             94   0.00012   18.0  11.6   4   6      0.13       6.5    2.9   0.1    74    91   143   160   124   163 0.79 -
scaffold_9365:5452-6213     -            254 937275at2759         -             94   0.00012   18.0  11.6   5   6       0.2        10    2.2   0.0    74    89   190   205   180   210 0.79 -
scaffold_9365:5452-6213     -            254 937275at2759         -             94   0.00012   18.0  11.6   6   6       4.7   2.4e+02   -2.1   0.0    77    90   234   246   227   250 0.72 -
scaffold_15589:0-752        -            251 937275at2759         -             94   0.00013   17.9  11.8   1   6     0.051       2.6    4.1   0.1    74    89    16    31    11    36 0.87 -
scaffold_15589:0-752        -            251 937275at2759         -             94   0.00013   17.9  11.8   2   6     0.028       1.4    5.0   0.1    74    90    57    73    39    77 0.88 -
scaffold_15589:0-752        -            251 937275at2759         -             94   0.00013   17.9  11.8   3   6    0.0085      0.43    6.6   0.1    73    91    98   116    78   119 0.75 -
scaffold_15589:0-752        -            251 937275at2759         -             94   0.00013   17.9  11.8   4   6      0.12       6.4    2.9   0.1    74    91   140   157   121   160 0.79 -
scaffold_15589:0-752        -            251 937275at2759         -             94   0.00013   17.9  11.8   5   6       0.2        10    2.3   0.0    74    89   187   202   177   207 0.79 -
scaffold_15589:0-752        -            251 937275at2759         -             94   0.00013   17.9  11.8   6   6       4.6   2.4e+02   -2.1   0.0    77    90   231   243   224   247 0.72 -
scaffold_8057:7543-9264     -            516 937275at2759         -             94   0.00049   16.1   1.6   1   4     0.014      0.74    5.9   0.0    75    91    83    99    77   102 0.88 -
scaffold_8057:7543-9264     -            516 937275at2759         -             94   0.00049   16.1   1.6   2   4       3.5   1.8e+02   -1.7   0.0    75    89   126   140   124   143 0.86 -
scaffold_8057:7543-9264     -            516 937275at2759         -             94   0.00049   16.1   1.6   3   4       2.1   1.1e+02   -1.0   0.1    72    88   221   237   209   240 0.79 -
scaffold_8057:7543-9264     -            516 937275at2759         -             94   0.00049   16.1   1.6   4   4     0.011      0.56    6.3   0.0    64    89   400   425   396   429 0.90 -
scaffold_6572:9786-10897    -            316 937275at2759         -             94   0.00062   15.8   0.0   1   2     0.073       3.7    3.7   0.0    73    90   167   184   163   187 0.88 -
scaffold_6572:9786-10897    -            316 937275at2759         -             94   0.00062   15.8   0.0   2   2    0.0019       0.1    8.7   0.0    73    90   298   315   295   316 0.92 -
scaffold_7579:1109-1765     -            219 937275at2759         -             94   0.00062   15.8   4.0   1   4    0.0031      0.16    8.0   0.1    74    90    19    35     9    38 0.86 -
scaffold_7579:1109-1765     -            219 937275at2759         -             94   0.00062   15.8   4.0   2   4       3.5   1.8e+02   -1.8   0.0    76    87   112   123   110   128 0.85 -
scaffold_7579:1109-1765     -            219 937275at2759         -             94   0.00062   15.8   4.0   3   4    0.0075      0.38    6.8   0.1    70    92   149   171   133   173 0.82 -
scaffold_7579:1109-1765     -            219 937275at2759         -             94   0.00062   15.8   4.0   4   4       1.6        80   -0.6   0.0    78    89   199   210   193   213 0.74 -
scaffold_3760:100938-101969 -            344 937275at2759         -             94   0.00072   15.5   5.2   1   5     0.063       3.2    3.8   0.1    73    91    66    84    55    87 0.83 -
scaffold_3760:100938-101969 -            344 937275at2759         -             94   0.00072   15.5   5.2   2   5    0.0022      0.11    8.5   0.0    73    90   156   173   147   177 0.86 -
scaffold_3760:100938-101969 -            344 937275at2759         -             94   0.00072   15.5   5.2   3   5       7.3   3.7e+02   -2.8   0.0    18    31   181   194   179   201 0.83 -
scaffold_3760:100938-101969 -            344 937275at2759         -             94   0.00072   15.5   5.2   4   5      0.13       6.8    2.8   0.1    75    90   201   216   194   220 0.87 -
scaffold_3760:100938-101969 -            344 937275at2759         -             94   0.00072   15.5   5.2   5   5       5.9     3e+02   -2.5   0.0    65    85   322   342   319   343 0.84 -
scaffold_6014:3391-4470     -            360 937275at2759         -             94    0.0008   15.4   5.2   1   5     0.022       1.1    5.3   0.0    66    89    18    41    13    45 0.85 -
scaffold_6014:3391-4470     -            360 937275at2759         -             94    0.0008   15.4   5.2   2   5      0.04         2    4.5   0.1    72    90   120   138   111   141 0.80 -
scaffold_6014:3391-4470     -            360 937275at2759         -             94    0.0008   15.4   5.2   3   5     0.072       3.7    3.7   0.1    75    91   208   224   203   227 0.87 -
scaffold_6014:3391-4470     -            360 937275at2759         -             94    0.0008   15.4   5.2   4   5       3.8   1.9e+02   -1.8   0.0    77    89   263   275   260   276 0.82 -
scaffold_6014:3391-4470     -            360 937275at2759         -             94    0.0008   15.4   5.2   5   5       4.6   2.4e+02   -2.1   0.0    75    89   303   317   299   318 0.86 -
scaffold_6715:1762-2289     -            176 937275at2759         -             94   0.00094   15.2   0.5   1   3     0.029       1.5    5.0   0.0    73    90    51    68    44    71 0.85 -
scaffold_6715:1762-2289     -            176 937275at2759         -             94   0.00094   15.2   0.5   2   3      0.08       4.1    3.5   0.2    73    89   104   120    97   124 0.83 -
scaffold_6715:1762-2289     -            176 937275at2759         -             94   0.00094   15.2   0.5   3   3      0.11       5.6    3.1   0.0    75    90   153   168   146   172 0.85 -
scaffold_4438:30421-30921   -            167 937275at2759         -             94    0.0012   14.9   1.2   1   3     0.025       1.3    5.1   0.0    72    89    23    40    16    44 0.85 -
scaffold_4438:30421-30921   -            167 937275at2759         -             94    0.0012   14.9   1.2   2   3     0.085       4.4    3.4   0.1    75    89    68    82    49    85 0.89 -
scaffold_4438:30421-30921   -            167 937275at2759         -             94    0.0012   14.9   1.2   3   3     0.094       4.8    3.3   0.0    75    89   136   150   129   164 0.77 -
scaffold_4277:33579-34142   -            188 937275at2759         -             94    0.0029   13.6   0.5   1   2      0.01      0.54    6.3   0.0    74    89    74    89    71    91 0.91 -
scaffold_4277:33579-34142   -            188 937275at2759         -             94    0.0029   13.6   0.5   2   2     0.027       1.4    5.0   0.0    74    89   156   171   149   176 0.88 -
scaffold_5488:6657-7920     -            273 937275at2759         -             94    0.0032   13.5   1.5   1   3      0.19       9.7    2.3   0.1    73    91   101   119    93   121 0.86 -
scaffold_5488:6657-7920     -            273 937275at2759         -             94    0.0032   13.5   1.5   2   3      0.84        43    0.3   0.0    78    90   172   184   162   188 0.77 -
scaffold_5488:6657-7920     -            273 937275at2759         -             94    0.0032   13.5   1.5   3   3    0.0053      0.27    7.3   0.0    74    90   253   269   245   271 0.91 -
scaffold_7017:11338-12009   -            224 937275at2759         -             94    0.0051   12.8   1.7   1   3      0.37        19    1.4   0.0    74    89     6    21     3    24 0.88 -
scaffold_7017:11338-12009   -            224 937275at2759         -             94    0.0051   12.8   1.7   2   3     0.017      0.87    5.7   0.1    74    89    55    70    34    74 0.90 -
scaffold_7017:11338-12009   -            224 937275at2759         -             94    0.0051   12.8   1.7   3   3      0.11       5.6    3.1   0.0    75    90   116   131   111   135 0.86 -
scaffold_6677:5503-5769     -             89 937275at2759         -             94    0.0057   12.7   2.2   1   2      0.12         6    3.0   0.3    74    90    17    33     1    37 0.72 -
scaffold_6677:5503-5769     -             89 937275at2759         -             94    0.0057   12.7   2.2   2   2    0.0021      0.11    8.6   0.1    74    88    57    71    42    77 0.88 -
scaffold_6899:4663-6886     -            701 937275at2759         -             94     0.015   11.3   1.5   1   2      0.16       8.1    2.6   0.0    74    91   267   284   263   287 0.87 -
scaffold_6899:4663-6886     -            701 937275at2759         -             94     0.015   11.3   1.5   2   2    0.0079       0.4    6.7   0.1    69    90   330   351   314   354 0.85 -
scaffold_3839:14458-15339   -            294 937275at2759         -             94     0.017   11.1  16.6   1   5      0.25        13    1.9   0.0    75    90    16    31     8    35 0.86 -
scaffold_3839:14458-15339   -            294 937275at2759         -             94     0.017   11.1  16.6   2   5     0.027       1.4    5.0   1.1    66    90    49    82    44    86 0.65 -
scaffold_3839:14458-15339   -            294 937275at2759         -             94     0.017   11.1  16.6   3   5     0.064       3.3    3.8   1.6    75    89   109   123    96   175 0.62 -
scaffold_3839:14458-15339   -            294 937275at2759         -             94     0.017   11.1  16.6   4   5      0.32        16    1.6   0.0    75    90   198   213   180   215 0.89 -
scaffold_3839:14458-15339   -            294 937275at2759         -             94     0.017   11.1  16.6   5   5       1.7        85   -0.7   0.1    78    90   241   253   236   257 0.81 -
scaffold_6044:4035-4757     -            241 937275at2759         -             94     0.046    9.8   3.7   1   3       8.7   4.5e+02   -3.0   0.0    81    88     1     8     1    10 0.85 -
scaffold_6044:4035-4757     -            241 937275at2759         -             94     0.046    9.8   3.7   2   3     0.039         2    4.5   0.0    65    92    30    57    27    59 0.86 -
scaffold_6044:4035-4757     -            241 937275at2759         -             94     0.046    9.8   3.7   3   3     0.019      0.97    5.5   0.1     7    39   185   216   180   234 0.76 -
scaffold_5671:11011-11688   -            226 937275at2759         -             94     0.062    9.3   4.1   1   4       2.7   1.4e+02   -1.4   0.1    75    88    27    40    24    46 0.84 -
scaffold_5671:11011-11688   -            226 937275at2759         -             94     0.062    9.3   4.1   2   4     0.027       1.4    5.0   0.1    64    90    82   108    79   111 0.88 -
scaffold_5671:11011-11688   -            226 937275at2759         -             94     0.062    9.3   4.1   3   4      0.33        17    1.5   0.0    73    86   158   171   150   175 0.83 -
scaffold_5671:11011-11688   -            226 937275at2759         -             94     0.062    9.3   4.1   4   4      0.44        23    1.1   0.0    74    87   212   225   206   226 0.91 -
scaffold_4682:16020-17630   -            537 937275at2759         -             94       1.5    4.9  11.9   1   7       5.8     3e+02   -2.4   0.0    77    90    77    90    70    91 0.76 -
scaffold_4682:16020-17630   -            537 937275at2759         -             94       1.5    4.9  11.9   2   7       3.4   1.8e+02   -1.7   0.0    79    91   121   133   107   135 0.83 -
scaffold_4682:16020-17630   -            537 937275at2759         -             94       1.5    4.9  11.9   3   7         1        53   -0.1   0.0     7    31   154   179   148   180 0.68 -
scaffold_4682:16020-17630   -            537 937275at2759         -             94       1.5    4.9  11.9   4   7       1.3        67   -0.4   0.0    73    90   306   323   302   326 0.80 -
scaffold_4682:16020-17630   -            537 937275at2759         -             94       1.5    4.9  11.9   5   7     0.057       2.9    4.0   0.0    73    90   396   413   369   416 0.82 -
scaffold_4682:16020-17630   -            537 937275at2759         -             94       1.5    4.9  11.9   6   7      0.24        12    2.0   0.1    73    90   440   457   436   459 0.91 -
scaffold_4682:16020-17630   -            537 937275at2759         -             94       1.5    4.9  11.9   7   7       4.3   2.2e+02   -2.0   0.0    75    87   525   537   515   537 0.81 -
#
# Program:         hmmsearch
# Version:         3.1b2 (February 2015)
# Pipeline mode:   SEARCH
# Query file:      /Users/aholzer/ownCloud/PhD/Publications/2021 Liavero-Pasquina et al./analysis/TPP_aptamer_search/busco_downloads/lineages/eukaryota_odb10/hmms/937275at2759.hmm
# Target file:     /Users/aholzer/ownCloud/PhD/Publications/2021 Liavero-Pasquina et al./analysis/TPP_aptamer_search/genomes/BUSCO_eukaryota_obd10/Cyclotella_cryptica_Cyccr1/run_eukaryota_odb10/metaeuk_output/initial_results/Cyccr1_AssemblyScaffolds_Repeatmasked.fna.modified.fas
# Option settings: hmmsearch --domtblout /Users/aholzer/ownCloud/PhD/Publications/2021 Liavero-Pasquina et al./analysis/TPP_aptamer_search/genomes/BUSCO_eukaryota_obd10/Cyclotella_cryptica_Cyccr1/run_eukaryota_odb10/hmmer_output/initial_run_results/937275at2759.out --cpu 1 /Users/aholzer/ownCloud/PhD/Publications/2021 Liavero-Pasquina et al./analysis/TPP_aptamer_search/busco_downloads/lineages/eukaryota_odb10/hmms/937275at2759.hmm /Users/aholzer/ownCloud/PhD/Publications/2021 Liavero-Pasquina et al./analysis/TPP_aptamer_search/genomes/BUSCO_eukaryota_obd10/Cyclotella_cryptica_Cyccr1/run_eukaryota_odb10/metaeuk_output/initial_results/Cyccr1_AssemblyScaffolds_Repeatmasked.fna.modified.fas 
# Current dir:     /Users/aholzer/ownCloud/PhD/Publications/2021 Liavero-Pasquina et al./analysis/TPP_aptamer_search
# Date:            Sun Apr 18 15:19:28 2021
# [ok]
